[100%] Testing the TCP receiver...
Test project /mnt/i/DIY/CS144/sponge/build
      Start  1: t_wrapping_ints_cmp
 1/24 Test  #1: t_wrapping_ints_cmp ..............   Passed    0.06 sec
      Start  2: t_wrapping_ints_unwrap
 2/24 Test  #2: t_wrapping_ints_unwrap ...........   Passed    0.02 sec
      Start  3: t_wrapping_ints_wrap
 3/24 Test  #3: t_wrapping_ints_wrap .............   Passed    0.03 sec
      Start  4: t_recv_connect
 4/24 Test  #4: t_recv_connect ...................   Passed    0.20 sec
      Start  5: t_recv_transmit
 5/24 Test  #5: t_recv_transmit ..................   Passed    1.85 sec
      Start  6: t_recv_window
 6/24 Test  #6: t_recv_window ....................***Failed    0.25 sec
Test Failure on expectation:
	Expectation: 0 assembled bytes, in total

Failure message:
	The TCPReceiver stream reported `1` bytes written, but there was expected to be `0` bytes written (in total)

List of steps that executed successfully:
	Initialized with (capacity=4)
	Action:      segment arrives Header(flags=S,seqno=23452,ack=0,win=0)
	Action:      segment arrives Header(flags=,seqno=23452,ack=0,win=0) with data "a"

The TCPReceiver stream reported `1` bytes written, but there was expected to be `0` bytes written (in total)

      Start  7: t_recv_reorder
 7/24 Test  #7: t_recv_reorder ...................   Passed    0.29 sec
      Start  8: t_recv_close
 8/24 Test  #8: t_recv_close .....................   Passed    0.25 sec
      Start 15: t_strm_reassem_single
 9/24 Test #15: t_strm_reassem_single ............   Passed    0.13 sec
      Start 16: t_strm_reassem_seq
10/24 Test #16: t_strm_reassem_seq ...............   Passed    0.16 sec
      Start 17: t_strm_reassem_dup
11/24 Test #17: t_strm_reassem_dup ...............   Passed    0.16 sec
      Start 18: t_strm_reassem_holes
12/24 Test #18: t_strm_reassem_holes .............   Passed    0.12 sec
      Start 19: t_strm_reassem_many
13/24 Test #19: t_strm_reassem_many ..............   Passed    5.41 sec
      Start 20: t_strm_reassem_overlapping
14/24 Test #20: t_strm_reassem_overlapping .......   Passed    0.14 sec
      Start 21: t_strm_reassem_win
15/24 Test #21: t_strm_reassem_win ...............   Passed    5.35 sec
      Start 22: t_strm_reassem_cap
16/24 Test #22: t_strm_reassem_cap ...............   Passed    0.71 sec
      Start 23: t_byte_stream_construction
17/24 Test #23: t_byte_stream_construction .......   Passed    0.14 sec
      Start 24: t_byte_stream_one_write
18/24 Test #24: t_byte_stream_one_write ..........   Passed    0.14 sec
      Start 25: t_byte_stream_two_writes
19/24 Test #25: t_byte_stream_two_writes .........   Passed    0.14 sec
      Start 26: t_byte_stream_capacity
20/24 Test #26: t_byte_stream_capacity ...........   Passed    3.76 sec
      Start 27: t_byte_stream_many_writes
21/24 Test #27: t_byte_stream_many_writes ........   Passed    0.19 sec
      Start 50: t_address_dt
22/24 Test #50: t_address_dt .....................   Passed    0.05 sec
      Start 51: t_parser_dt
23/24 Test #51: t_parser_dt ......................   Passed    0.09 sec
      Start 52: t_socket_dt
24/24 Test #52: t_socket_dt ......................   Passed    0.16 sec

96% tests passed, 1 tests failed out of 24

Total Test time (real) =  20.97 sec

The following tests FAILED:
	  6 - t_recv_window (Failed)
CMakeFiles/check_lab2.dir/build.make:57: recipe for target 'CMakeFiles/check_lab2' failed
CMakeFiles/Makefile2:227: recipe for target 'CMakeFiles/check_lab2.dir/all' failed
CMakeFiles/Makefile2:234: recipe for target 'CMakeFiles/check_lab2.dir/rule' failed
Makefile:194: recipe for target 'check_lab2' failed
