[100%] Testing the stream reassembler...
Test project /mnt/i/DIY/CS144/sponge/build
      Start 15: t_strm_reassem_single
 1/16 Test #15: t_strm_reassem_single ............   Passed    0.17 sec
      Start 16: t_strm_reassem_seq
 2/16 Test #16: t_strm_reassem_seq ...............   Passed    0.20 sec
      Start 17: t_strm_reassem_dup
 3/16 Test #17: t_strm_reassem_dup ...............   Passed    0.19 sec
      Start 18: t_strm_reassem_holes
 4/16 Test #18: t_strm_reassem_holes .............***Failed    0.14 sec
Test Failure on expectation:
	Expectation: net bytes assembled = 4

Failure message:
	The reassembler was expected to have `4` total bytes assembled, but there were `0`

List of steps that executed successfully:
	Initialized (capacity = 65000)
	Action:      substring submitted with data "b", index `1`, eof `0`
	Expectation: net bytes assembled = 0
	Expectation: stream_out().buffer_size() returned 0, and stream_out().read(0) returned the string ""
	Expectation: not at EOF
	Action:      substring submitted with data "d", index `3`, eof `0`
	Expectation: net bytes assembled = 0
	Expectation: stream_out().buffer_size() returned 0, and stream_out().read(0) returned the string ""
	Expectation: not at EOF
	Action:      substring submitted with data "abc", index `0`, eof `0`

Exception: The reassembler was expected to have `4` total bytes assembled, but there were `0`

      Start 19: t_strm_reassem_many
 5/16 Test #19: t_strm_reassem_many ..............***Failed    0.12 sec
Exception: test 1 - number of bytes RX is incorrect

      Start 20: t_strm_reassem_overlapping
 6/16 Test #20: t_strm_reassem_overlapping .......   Passed    0.11 sec
      Start 21: t_strm_reassem_win
 7/16 Test #21: t_strm_reassem_win ...............***Failed    0.21 sec
=================================================================
==30340==ERROR: AddressSanitizer: heap-use-after-free on address 0x607000000430 at pc 0x55b3c4e93784 bp 0x7ffcd2c77870 sp 0x7ffcd2c77860
READ of size 8 at 0x607000000430 thread T0
    #0 0x55b3c4e93783 in StreamReassembler::push_substring(std::__cxx11::basic_string<char, std::char_traits<char>, std::allocator<char> > const&, unsigned long, bool) /mnt/i/DIY/CS144/sponge/libsponge/stream_reassembler.cc:94
    #1 0x55b3c4e78a86 in main /mnt/i/DIY/CS144/sponge/tests/fsm_stream_reassembler_win.cc:48
    #2 0x7f42a456cc86 in __libc_start_main (/lib/x86_64-linux-gnu/libc.so.6+0x21c86)
    #3 0x55b3c4e77219 in _start (/mnt/i/DIY/CS144/sponge/build/tests/fsm_stream_reassembler_win+0x77219)

0x607000000430 is located 32 bytes inside of 72-byte region [0x607000000410,0x607000000458)
freed by thread T0 here:
    #0 0x7f42a5ceea50 in operator delete(void*) (/usr/lib/x86_64-linux-gnu/libasan.so.5+0xf0a50)
    #1 0x55b3c4e9bffb in __gnu_cxx::new_allocator<std::_Rb_tree_node<std::pair<unsigned long const, std::__cxx11::basic_string<char, std::char_traits<char>, std::allocator<char> > > > >::deallocate(std::_Rb_tree_node<std::pair<unsigned long const, std::__cxx11::basic_string<char, std::char_traits<char>, std::allocator<char> > > >*, unsigned long) /usr/include/c++/8/ext/new_allocator.h:125
    #2 0x55b3c4e9bffb in std::allocator_traits<std::allocator<std::_Rb_tree_node<std::pair<unsigned long const, std::__cxx11::basic_string<char, std::char_traits<char>, std::allocator<char> > > > > >::deallocate(std::allocator<std::_Rb_tree_node<std::pair<unsigned long const, std::__cxx11::basic_string<char, std::char_traits<char>, std::allocator<char> > > > >&, std::_Rb_tree_node<std::pair<unsigned long const, std::__cxx11::basic_string<char, std::char_traits<char>, std::allocator<char> > > >*, unsigned long) /usr/include/c++/8/bits/alloc_traits.h:462
    #3 0x55b3c4e9bffb in std::_Rb_tree<unsigned long, std::pair<unsigned long const, std::__cxx11::basic_string<char, std::char_traits<char>, std::allocator<char> > >, std::_Select1st<std::pair<unsigned long const, std::__cxx11::basic_string<char, std::char_traits<char>, std::allocator<char> > > >, std::less<unsigned long>, std::allocator<std::pair<unsigned long const, std::__cxx11::basic_string<char, std::char_traits<char>, std::allocator<char> > > > >::_M_put_node(std::_Rb_tree_node<std::pair<unsigned long const, std::__cxx11::basic_string<char, std::char_traits<char>, std::allocator<char> > > >*) /usr/include/c++/8/bits/stl_tree.h:592
    #4 0x55b3c4e9bffb in std::_Rb_tree<unsigned long, std::pair<unsigned long const, std::__cxx11::basic_string<char, std::char_traits<char>, std::allocator<char> > >, std::_Select1st<std::pair<unsigned long const, std::__cxx11::basic_string<char, std::char_traits<char>, std::allocator<char> > > >, std::less<unsigned long>, std::allocator<std::pair<unsigned long const, std::__cxx11::basic_string<char, std::char_traits<char>, std::allocator<char> > > > >::_M_drop_node(std::_Rb_tree_node<std::pair<unsigned long const, std::__cxx11::basic_string<char, std::char_traits<char>, std::allocator<char> > > >*) /usr/include/c++/8/bits/stl_tree.h:659
    #5 0x55b3c4e9bffb in std::_Rb_tree<unsigned long, std::pair<unsigned long const, std::__cxx11::basic_string<char, std::char_traits<char>, std::allocator<char> > >, std::_Select1st<std::pair<unsigned long const, std::__cxx11::basic_string<char, std::char_traits<char>, std::allocator<char> > > >, std::less<unsigned long>, std::allocator<std::pair<unsigned long const, std::__cxx11::basic_string<char, std::char_traits<char>, std::allocator<char> > > > >::_M_erase_aux(std::_Rb_tree_const_iterator<std::pair<unsigned long const, std::__cxx11::basic_string<char, std::char_traits<char>, std::allocator<char> > > >) /usr/include/c++/8/bits/stl_tree.h:2500

previously allocated by thread T0 here:
    #0 0x7f42a5cedba0 in operator new(unsigned long) (/usr/lib/x86_64-linux-gnu/libasan.so.5+0xefba0)
    #1 0x55b3c4e9704b in __gnu_cxx::new_allocator<std::_Rb_tree_node<std::pair<unsigned long const, std::__cxx11::basic_string<char, std::char_traits<char>, std::allocator<char> > > > >::allocate(unsigned long, void const*) /usr/include/c++/8/ext/new_allocator.h:111
    #2 0x55b3c4e9704b in std::allocator_traits<std::allocator<std::_Rb_tree_node<std::pair<unsigned long const, std::__cxx11::basic_string<char, std::char_traits<char>, std::allocator<char> > > > > >::allocate(std::allocator<std::_Rb_tree_node<std::pair<unsigned long const, std::__cxx11::basic_string<char, std::char_traits<char>, std::allocator<char> > > > >&, unsigned long) /usr/include/c++/8/bits/alloc_traits.h:436
    #3 0x55b3c4e9704b in std::_Rb_tree<unsigned long, std::pair<unsigned long const, std::__cxx11::basic_string<char, std::char_traits<char>, std::allocator<char> > >, std::_Select1st<std::pair<unsigned long const, std::__cxx11::basic_string<char, std::char_traits<char>, std::allocator<char> > > >, std::less<unsigned long>, std::allocator<std::pair<unsigned long const, std::__cxx11::basic_string<char, std::char_traits<char>, std::allocator<char> > > > >::_M_get_node() /usr/include/c++/8/bits/stl_tree.h:588
    #4 0x55b3c4e9704b in std::_Rb_tree_node<std::pair<unsigned long const, std::__cxx11::basic_string<char, std::char_traits<char>, std::allocator<char> > > >* std::_Rb_tree<unsigned long, std::pair<unsigned long const, std::__cxx11::basic_string<char, std::char_traits<char>, std::allocator<char> > >, std::_Select1st<std::pair<unsigned long const, std::__cxx11::basic_string<char, std::char_traits<char>, std::allocator<char> > > >, std::less<unsigned long>, std::allocator<std::pair<unsigned long const, std::__cxx11::basic_string<char, std::char_traits<char>, std::allocator<char> > > > >::_M_create_node<std::pair<unsigned long, std::__cxx11::basic_string<char, std::char_traits<char>, std::allocator<char> > > >(std::pair<unsigned long, std::__cxx11::basic_string<char, std::char_traits<char>, std::allocator<char> > >&&) /usr/include/c++/8/bits/stl_tree.h:642
    #5 0x55b3c4e9704b in std::pair<std::_Rb_tree_iterator<std::pair<unsigned long const, std::__cxx11::basic_string<char, std::char_traits<char>, std::allocator<char> > > >, bool> std::_Rb_tree<unsigned long, std::pair<unsigned long const, std::__cxx11::basic_string<char, std::char_traits<char>, std::allocator<char> > >, std::_Select1st<std::pair<unsigned long const, std::__cxx11::basic_string<char, std::char_traits<char>, std::allocator<char> > > >, std::less<unsigned long>, std::allocator<std::pair<unsigned long const, std::__cxx11::basic_string<char, std::char_traits<char>, std::allocator<char> > > > >::_M_emplace_unique<std::pair<unsigned long, std::__cxx11::basic_string<char, std::char_traits<char>, std::allocator<char> > > >(std::pair<unsigned long, std::__cxx11::basic_string<char, std::char_traits<char>, std::allocator<char> > >&&) /usr/include/c++/8/bits/stl_tree.h:2374
    #6 0x7ffcd2c7a98f  ([stack]+0x1e98f)

SUMMARY: AddressSanitizer: heap-use-after-free /mnt/i/DIY/CS144/sponge/libsponge/stream_reassembler.cc:94 in StreamReassembler::push_substring(std::__cxx11::basic_string<char, std::char_traits<char>, std::allocator<char> > const&, unsigned long, bool)
Shadow bytes around the buggy address:
  0x0c0e7fff8030: 00 00 00 00 00 00 00 fa fa fa fa fa fd fd fd fd
  0x0c0e7fff8040: fd fd fd fd fd fa fa fa fa fa 00 00 00 00 00 00
  0x0c0e7fff8050: 00 00 00 fa fa fa fa fa 00 00 00 00 00 00 00 00
  0x0c0e7fff8060: 00 fa fa fa fa fa fd fd fd fd fd fd fd fd fd fa
  0x0c0e7fff8070: fa fa fa fa fd fd fd fd fd fd fd fd fd fa fa fa
=>0x0c0e7fff8080: fa fa fd fd fd fd[fd]fd fd fd fd fa fa fa fa fa
  0x0c0e7fff8090: fd fd fd fd fd fd fd fd fd fa fa fa fa fa 00 00
  0x0c0e7fff80a0: 00 00 00 00 00 00 00 fa fa fa fa fa 00 00 00 00
  0x0c0e7fff80b0: 00 00 00 00 00 fa fa fa fa fa fa fa fa fa fa fa
  0x0c0e7fff80c0: fa fa fa fa fa fa fa fa fa fa fa fa fa fa fa fa
  0x0c0e7fff80d0: fa fa fa fa fa fa fa fa fa fa fa fa fa fa fa fa
Shadow byte legend (one shadow byte represents 8 application bytes):
  Addressable:           00
  Partially addressable: 01 02 03 04 05 06 07 
  Heap left redzone:       fa
  Freed heap region:       fd
  Stack left redzone:      f1
  Stack mid redzone:       f2
  Stack right redzone:     f3
  Stack after return:      f5
  Stack use after scope:   f8
  Global redzone:          f9
  Global init order:       f6
  Poisoned by user:        f7
  Container overflow:      fc
  Array cookie:            ac
  Intra object redzone:    bb
  ASan internal:           fe
  Left alloca redzone:     ca
  Right alloca redzone:    cb
==30340==ABORTING

      Start 22: t_strm_reassem_cap
 8/16 Test #22: t_strm_reassem_cap ...............   Passed    1.23 sec
      Start 23: t_byte_stream_construction
 9/16 Test #23: t_byte_stream_construction .......   Passed    0.15 sec
      Start 24: t_byte_stream_one_write
10/16 Test #24: t_byte_stream_one_write ..........   Passed    0.15 sec
      Start 25: t_byte_stream_two_writes
11/16 Test #25: t_byte_stream_two_writes .........   Passed    0.16 sec
      Start 26: t_byte_stream_capacity
12/16 Test #26: t_byte_stream_capacity ...........   Passed    5.95 sec
      Start 27: t_byte_stream_many_writes
13/16 Test #27: t_byte_stream_many_writes ........   Passed    0.22 sec
      Start 50: t_address_dt
14/16 Test #50: t_address_dt .....................   Passed    0.14 sec
      Start 51: t_parser_dt
15/16 Test #51: t_parser_dt ......................   Passed    0.09 sec
      Start 52: t_socket_dt
16/16 Test #52: t_socket_dt ......................   Passed    0.20 sec

81% tests passed, 3 tests failed out of 16

Total Test time (real) =  10.22 sec

The following tests FAILED:
	 18 - t_strm_reassem_holes (Failed)
	 19 - t_strm_reassem_many (Failed)
	 21 - t_strm_reassem_win (Failed)
Errors while running CTest
CMakeFiles/check_lab1.dir/build.make:57: recipe for target 'CMakeFiles/check_lab1' failed
make[3]: *** [CMakeFiles/check_lab1] Error 8
CMakeFiles/Makefile2:2759: recipe for target 'CMakeFiles/check_lab1.dir/all' failed
make[2]: *** [CMakeFiles/check_lab1.dir/all] Error 2
CMakeFiles/Makefile2:2766: recipe for target 'CMakeFiles/check_lab1.dir/rule' failed
make[1]: *** [CMakeFiles/check_lab1.dir/rule] Error 2
Makefile:1195: recipe for target 'check_lab1' failed
make: *** [check_lab1] Error 2
