[100%] Testing the stream reassembler...
Test project /mnt/i/DIY/CS144/sponge/build
      Start 15: t_strm_reassem_single
 1/16 Test #15: t_strm_reassem_single ............   Passed    0.18 sec
      Start 16: t_strm_reassem_seq
 2/16 Test #16: t_strm_reassem_seq ...............   Passed    0.18 sec
      Start 17: t_strm_reassem_dup
 3/16 Test #17: t_strm_reassem_dup ...............   Passed    0.26 sec
      Start 18: t_strm_reassem_holes
 4/16 Test #18: t_strm_reassem_holes .............   Passed    0.14 sec
      Start 19: t_strm_reassem_many
 5/16 Test #19: t_strm_reassem_many ..............***Failed    0.17 sec
-----after push_string(45129 - 47014)---
45129 - 47013
-------------------------------------------
-----after push_string(32784 - 34503)---
32784 - 34502
45129 - 47013
-------------------------------------------
-----after push_string(10756 - 10772)---
10756 - 10771
32784 - 34502
45129 - 47013
-------------------------------------------
-----after push_string(3791 - 5347)---
3791 - 5346
10756 - 10771
32784 - 34502
45129 - 47013
-------------------------------------------
-----after push_string(95050 - 96229)---
3791 - 5346
10756 - 10771
32784 - 34502
45129 - 47013
95050 - 96228
-------------------------------------------
-----after push_string(5843 - 6927)---
3791 - 5346
5843 - 6926
10756 - 10771
32784 - 34502
45129 - 47013
95050 - 96228
-------------------------------------------
-----after push_string(27814 - 28849)---
3791 - 5346
5843 - 6926
10756 - 10771
27814 - 28848
32784 - 34502
45129 - 47013
95050 - 96228
-------------------------------------------
-----after push_string(71878 - 73396)---
3791 - 5346
5843 - 6926
10756 - 10771
27814 - 28848
32784 - 34502
45129 - 47013
71878 - 73395
95050 - 96228
-------------------------------------------
-----after push_string(75183 - 76061)---
3791 - 5346
5843 - 6926
10756 - 10771
27814 - 28848
32784 - 34502
45129 - 47013
71878 - 73395
75183 - 76060
95050 - 96228
-------------------------------------------
-----after push_string(51634 - 52294)---
3791 - 5346
5843 - 6926
10756 - 10771
27814 - 28848
32784 - 34502
45129 - 47013
51634 - 52293
71878 - 73395
75183 - 76060
95050 - 96228
-------------------------------------------
-----after push_string(23627 - 23731)---
3791 - 5346
5843 - 6926
10756 - 10771
23627 - 23730
27814 - 28848
32784 - 34502
45129 - 47013
51634 - 52293
71878 - 73395
75183 - 76060
95050 - 96228
-------------------------------------------
-----after push_string(105843 - 107675)---
3791 - 5346
5843 - 6926
10756 - 10771
23627 - 23730
27814 - 28848
32784 - 34502
45129 - 47013
51634 - 52293
71878 - 73395
75183 - 76060
95050 - 96228
105843 - 107674
-------------------------------------------
-----after push_string(34503 - 34885)---
3791 - 5346
5843 - 6926
10756 - 10771
23627 - 23730
27814 - 28848
32784 - 34884
45129 - 47013
51634 - 52293
71878 - 73395
75183 - 76060
95050 - 96228
105843 - 107674
-------------------------------------------
-----after push_string(8079 - 9214)---
3791 - 5346
5843 - 6926
8079 - 9213
10756 - 10771
23627 - 23730
27814 - 28848
32784 - 34884
45129 - 47013
51634 - 52293
71878 - 73395
75183 - 76060
95050 - 96228
105843 - 107674
-------------------------------------------
-----after push_string(64118 - 65867)---
3791 - 5346
5843 - 6926
8079 - 9213
10756 - 10771
23627 - 23730
27814 - 28848
32784 - 34884
45129 - 47013
51634 - 52293
64118 - 65866
71878 - 73395
75183 - 76060
95050 - 96228
105843 - 107674
-------------------------------------------
-----after push_string(15631 - 15929)---
3791 - 5346
5843 - 6926
8079 - 9213
10756 - 10771
15631 - 15928
23627 - 23730
27814 - 28848
32784 - 34884
45129 - 47013
51634 - 52293
64118 - 65866
71878 - 73395
75183 - 76060
95050 - 96228
105843 - 107674
-------------------------------------------
-----after push_string(122532 - 122865)---
3791 - 5346
5843 - 6926
8079 - 9213
10756 - 10771
15631 - 15928
23627 - 23730
27814 - 28848
32784 - 34884
45129 - 47013
51634 - 52293
64118 - 65866
71878 - 73395
75183 - 76060
95050 - 96228
105843 - 107674
122532 - 122864
-------------------------------------------
-----after push_string(6927 - 8079)---
3791 - 5346
5843 - 8078
8079 - 9213
10756 - 10771
15631 - 15928
23627 - 23730
27814 - 28848
32784 - 34884
45129 - 47013
51634 - 52293
64118 - 65866
71878 - 73395
75183 - 76060
95050 - 96228
105843 - 107674
122532 - 122864
-------------------------------------------
-----after push_string(103247 - 105137)---
3791 - 5346
5843 - 8078
8079 - 9213
10756 - 10771
15631 - 15928
23627 - 23730
27814 - 28848
32784 - 34884
45129 - 47013
51634 - 52293
64118 - 65866
71878 - 73395
75183 - 76060
95050 - 96228
103247 - 105136
105843 - 107674
122532 - 122864
-------------------------------------------
-----after push_string(100170 - 100710)---
3791 - 5346
5843 - 8078
8079 - 9213
10756 - 10771
15631 - 15928
23627 - 23730
27814 - 28848
32784 - 34884
45129 - 47013
51634 - 52293
64118 - 65866
71878 - 73395
75183 - 76060
95050 - 96228
100170 - 100709
103247 - 105136
105843 - 107674
122532 - 122864
-------------------------------------------
-----after push_string(18417 - 18886)---
3791 - 5346
5843 - 8078
8079 - 9213
10756 - 10771
15631 - 15928
18417 - 18885
23627 - 23730
27814 - 28848
32784 - 34884
45129 - 47013
51634 - 52293
64118 - 65866
71878 - 73395
75183 - 76060
95050 - 96228
100170 - 100709
103247 - 105136
105843 - 107674
122532 - 122864
-------------------------------------------
-----after push_string(113441 - 114242)---
3791 - 5346
5843 - 8078
8079 - 9213
10756 - 10771
15631 - 15928
18417 - 18885
23627 - 23730
27814 - 28848
32784 - 34884
45129 - 47013
51634 - 52293
64118 - 65866
71878 - 73395
75183 - 76060
95050 - 96228
100170 - 100709
103247 - 105136
105843 - 107674
113441 - 114241
122532 - 122864
-------------------------------------------
-----after push_string(116849 - 118557)---
3791 - 5346
5843 - 8078
8079 - 9213
10756 - 10771
15631 - 15928
18417 - 18885
23627 - 23730
27814 - 28848
32784 - 34884
45129 - 47013
51634 - 52293
64118 - 65866
71878 - 73395
75183 - 76060
95050 - 96228
100170 - 100709
103247 - 105136
105843 - 107674
113441 - 114241
116849 - 118556
122532 - 122864
-------------------------------------------
-----after push_string(15929 - 17651)---
3791 - 5346
5843 - 8078
8079 - 9213
10756 - 10771
15631 - 17650
18417 - 18885
23627 - 23730
27814 - 28848
32784 - 34884
45129 - 47013
51634 - 52293
64118 - 65866
71878 - 73395
75183 - 76060
95050 - 96228
100170 - 100709
103247 - 105136
105843 - 107674
113441 - 114241
116849 - 118556
122532 - 122864
-------------------------------------------
-----after push_string(96229 - 97743)---
3791 - 5346
5843 - 8078
8079 - 9213
10756 - 10771
15631 - 17650
18417 - 18885
23627 - 23730
27814 - 28848
32784 - 34884
45129 - 47013
51634 - 52293
64118 - 65866
71878 - 73395
75183 - 76060
95050 - 97742
100170 - 100709
103247 - 105136
105843 - 107674
113441 - 114241
116849 - 118556
122532 - 122864
-------------------------------------------
-----after push_string(13112 - 14046)---
3791 - 5346
5843 - 8078
8079 - 9213
10756 - 10771
13112 - 14045
15631 - 17650
18417 - 18885
23627 - 23730
27814 - 28848
32784 - 34884
45129 - 47013
51634 - 52293
64118 - 65866
71878 - 73395
75183 - 76060
95050 - 97742
100170 - 100709
103247 - 105136
105843 - 107674
113441 - 114241
116849 - 118556
122532 - 122864
-------------------------------------------
-----after push_string(19944 - 21620)---
3791 - 5346
5843 - 8078
8079 - 9213
10756 - 10771
13112 - 14045
15631 - 17650
18417 - 18885
19944 - 21619
23627 - 23730
27814 - 28848
32784 - 34884
45129 - 47013
51634 - 52293
64118 - 65866
71878 - 73395
75183 - 76060
95050 - 97742
100170 - 100709
103247 - 105136
105843 - 107674
113441 - 114241
116849 - 118556
122532 - 122864
-------------------------------------------
-----after push_string(85968 - 87919)---
3791 - 5346
5843 - 8078
8079 - 9213
10756 - 10771
13112 - 14045
15631 - 17650
18417 - 18885
19944 - 21619
23627 - 23730
27814 - 28848
32784 - 34884
45129 - 47013
51634 - 52293
64118 - 65866
71878 - 73395
75183 - 76060
85968 - 87918
95050 - 97742
100170 - 100709
103247 - 105136
105843 - 107674
113441 - 114241
116849 - 118556
122532 - 122864
-------------------------------------------
-----after push_string(52294 - 53483)---
3791 - 5346
5843 - 8078
8079 - 9213
10756 - 10771
13112 - 14045
15631 - 17650
18417 - 18885
19944 - 21619
23627 - 23730
27814 - 28848
32784 - 34884
45129 - 47013
51634 - 53482
64118 - 65866
71878 - 73395
75183 - 76060
85968 - 87918
95050 - 97742
100170 - 100709
103247 - 105136
105843 - 107674
113441 - 114241
116849 - 118556
122532 - 122864
-------------------------------------------
-----after push_string(92622 - 93008)---
3791 - 5346
5843 - 8078
8079 - 9213
10756 - 10771
13112 - 14045
15631 - 17650
18417 - 18885
19944 - 21619
23627 - 23730
27814 - 28848
32784 - 34884
45129 - 47013
51634 - 53482
64118 - 65866
71878 - 73395
75183 - 76060
85968 - 87918
92622 - 93007
95050 - 97742
100170 - 100709
103247 - 105136
105843 - 107674
113441 - 114241
116849 - 118556
122532 - 122864
-------------------------------------------
-----after push_string(38921 - 39491)---
3791 - 5346
5843 - 8078
8079 - 9213
10756 - 10771
13112 - 14045
15631 - 17650
18417 - 18885
19944 - 21619
23627 - 23730
27814 - 28848
32784 - 34884
38921 - 39490
45129 - 47013
51634 - 53482
64118 - 65866
71878 - 73395
75183 - 76060
85968 - 87918
92622 - 93007
95050 - 97742
100170 - 100709
103247 - 105136
105843 - 107674
113441 - 114241
116849 - 118556
122532 - 122864
-------------------------------------------
-----after push_string(73396 - 74216)---
3791 - 5346
5843 - 8078
8079 - 9213
10756 - 10771
13112 - 14045
15631 - 17650
18417 - 18885
19944 - 21619
23627 - 23730
27814 - 28848
32784 - 34884
38921 - 39490
45129 - 47013
51634 - 53482
64118 - 65866
71878 - 74215
75183 - 76060
85968 - 87918
92622 - 93007
95050 - 97742
100170 - 100709
103247 - 105136
105843 - 107674
113441 - 114241
116849 - 118556
122532 - 122864
-------------------------------------------
-----after push_string(97743 - 98835)---
3791 - 5346
5843 - 8078
8079 - 9213
10756 - 10771
13112 - 14045
15631 - 17650
18417 - 18885
19944 - 21619
23627 - 23730
27814 - 28848
32784 - 34884
38921 - 39490
45129 - 47013
51634 - 53482
64118 - 65866
71878 - 74215
75183 - 76060
85968 - 87918
92622 - 93007
95050 - 98834
100170 - 100709
103247 - 105136
105843 - 107674
113441 - 114241
116849 - 118556
122532 - 122864
-------------------------------------------
-----after push_string(101990 - 103247)---
3791 - 5346
5843 - 8078
8079 - 9213
10756 - 10771
13112 - 14045
15631 - 17650
18417 - 18885
19944 - 21619
23627 - 23730
27814 - 28848
32784 - 34884
38921 - 39490
45129 - 47013
51634 - 53482
64118 - 65866
71878 - 74215
75183 - 76060
85968 - 87918
92622 - 93007
95050 - 98834
100170 - 100709
101990 - 103246
105843 - 107674
113441 - 114241
116849 - 118556
122532 - 122864
-------------------------------------------
-----after push_string(42256 - 43257)---
3791 - 5346
5843 - 8078
8079 - 9213
10756 - 10771
13112 - 14045
15631 - 17650
18417 - 18885
19944 - 21619
23627 - 23730
27814 - 28848
32784 - 34884
38921 - 39490
42256 - 43256
45129 - 47013
51634 - 53482
64118 - 65866
71878 - 74215
75183 - 76060
85968 - 87918
92622 - 93007
95050 - 98834
100170 - 100709
101990 - 103246
105843 - 107674
113441 - 114241
116849 - 118556
122532 - 122864
-------------------------------------------
-----after push_string(53762 - 53934)---
3791 - 5346
5843 - 8078
8079 - 9213
10756 - 10771
13112 - 14045
15631 - 17650
18417 - 18885
19944 - 21619
23627 - 23730
27814 - 28848
32784 - 34884
38921 - 39490
42256 - 43256
45129 - 47013
51634 - 53482
53762 - 53933
64118 - 65866
71878 - 74215
75183 - 76060
85968 - 87918
92622 - 93007
95050 - 98834
100170 - 100709
101990 - 103246
105843 - 107674
113441 - 114241
116849 - 118556
122532 - 122864
-------------------------------------------
-----after push_string(1216 - 2524)---
1216 - 2523
3791 - 5346
5843 - 8078
8079 - 9213
10756 - 10771
13112 - 14045
15631 - 17650
18417 - 18885
19944 - 21619
23627 - 23730
27814 - 28848
32784 - 34884
38921 - 39490
42256 - 43256
45129 - 47013
51634 - 53482
53762 - 53933
64118 - 65866
71878 - 74215
75183 - 76060
85968 - 87918
92622 - 93007
95050 - 98834
100170 - 100709
101990 - 103246
105843 - 107674
113441 - 114241
116849 - 118556
122532 - 122864
-------------------------------------------
-----after push_string(90020 - 91047)---
1216 - 2523
3791 - 5346
5843 - 8078
8079 - 9213
10756 - 10771
13112 - 14045
15631 - 17650
18417 - 18885
19944 - 21619
23627 - 23730
27814 - 28848
32784 - 34884
38921 - 39490
42256 - 43256
45129 - 47013
51634 - 53482
53762 - 53933
64118 - 65866
71878 - 74215
75183 - 76060
85968 - 87918
90020 - 91046
92622 - 93007
95050 - 98834
100170 - 100709
101990 - 103246
105843 - 107674
113441 - 114241
116849 - 118556
122532 - 122864
-------------------------------------------
-----after push_string(39491 - 39779)---
1216 - 2523
3791 - 5346
5843 - 8078
8079 - 9213
10756 - 10771
13112 - 14045
15631 - 17650
18417 - 18885
19944 - 21619
23627 - 23730
27814 - 28848
32784 - 34884
38921 - 39778
42256 - 43256
45129 - 47013
51634 - 53482
53762 - 53933
64118 - 65866
71878 - 74215
75183 - 76060
85968 - 87918
90020 - 91046
92622 - 93007
95050 - 98834
100170 - 100709
101990 - 103246
105843 - 107674
113441 - 114241
116849 - 118556
122532 - 122864
-------------------------------------------
-----after push_string(111420 - 111830)---
1216 - 2523
3791 - 5346
5843 - 8078
8079 - 9213
10756 - 10771
13112 - 14045
15631 - 17650
18417 - 18885
19944 - 21619
23627 - 23730
27814 - 28848
32784 - 34884
38921 - 39778
42256 - 43256
45129 - 47013
51634 - 53482
53762 - 53933
64118 - 65866
71878 - 74215
75183 - 76060
85968 - 87918
90020 - 91046
92622 - 93007
95050 - 98834
100170 - 100709
101990 - 103246
105843 - 107674
111420 - 111829
113441 - 114241
116849 - 118556
122532 - 122864
-------------------------------------------
-----after push_string(107675 - 109419)---
1216 - 2523
3791 - 5346
5843 - 8078
8079 - 9213
10756 - 10771
13112 - 14045
15631 - 17650
18417 - 18885
19944 - 21619
23627 - 23730
27814 - 28848
32784 - 34884
38921 - 39778
42256 - 43256
45129 - 47013
51634 - 53482
53762 - 53933
64118 - 65866
71878 - 74215
75183 - 76060
85968 - 87918
90020 - 91046
92622 - 93007
95050 - 98834
100170 - 100709
101990 - 103246
105843 - 109418
111420 - 111829
113441 - 114241
116849 - 118556
122532 - 122864
-------------------------------------------
-----after push_string(53483 - 53762)---
1216 - 2523
3791 - 5346
5843 - 8078
8079 - 9213
10756 - 10771
13112 - 14045
15631 - 17650
18417 - 18885
19944 - 21619
23627 - 23730
27814 - 28848
32784 - 34884
38921 - 39778
42256 - 43256
45129 - 47013
51634 - 53761
53762 - 53933
64118 - 65866
71878 - 74215
75183 - 76060
85968 - 87918
90020 - 91046
92622 - 93007
95050 - 98834
100170 - 100709
101990 - 103246
105843 - 109418
111420 - 111829
113441 - 114241
116849 - 118556
122532 - 122864
-------------------------------------------
-----after push_string(65867 - 66036)---
1216 - 2523
3791 - 5346
5843 - 8078
8079 - 9213
10756 - 10771
13112 - 14045
15631 - 17650
18417 - 18885
19944 - 21619
23627 - 23730
27814 - 28848
32784 - 34884
38921 - 39778
42256 - 43256
45129 - 47013
51634 - 53761
53762 - 53933
64118 - 66035
71878 - 74215
75183 - 76060
85968 - 87918
90020 - 91046
92622 - 93007
95050 - 98834
100170 - 100709
101990 - 103246
105843 - 109418
111420 - 111829
113441 - 114241
116849 - 118556
122532 - 122864
-------------------------------------------
-----after push_string(17651 - 18417)---
1216 - 2523
3791 - 5346
5843 - 8078
8079 - 9213
10756 - 10771
13112 - 14045
15631 - 18416
18417 - 18885
19944 - 21619
23627 - 23730
27814 - 28848
32784 - 34884
38921 - 39778
42256 - 43256
45129 - 47013
51634 - 53761
53762 - 53933
64118 - 66035
71878 - 74215
75183 - 76060
85968 - 87918
90020 - 91046
92622 - 93007
95050 - 98834
100170 - 100709
101990 - 103246
105843 - 109418
111420 - 111829
113441 - 114241
116849 - 118556
122532 - 122864
-------------------------------------------
-----after push_string(74968 - 75183)---
1216 - 2523
3791 - 5346
5843 - 8078
8079 - 9213
10756 - 10771
13112 - 14045
15631 - 18416
18417 - 18885
19944 - 21619
23627 - 23730
27814 - 28848
32784 - 34884
38921 - 39778
42256 - 43256
45129 - 47013
51634 - 53761
53762 - 53933
64118 - 66035
71878 - 74215
74968 - 75182
85968 - 87918
90020 - 91046
92622 - 93007
95050 - 98834
100170 - 100709
101990 - 103246
105843 - 109418
111420 - 111829
113441 - 114241
116849 - 118556
122532 - 122864
-------------------------------------------
-----after push_string(40612 - 41203)---
1216 - 2523
3791 - 5346
5843 - 8078
8079 - 9213
10756 - 10771
13112 - 14045
15631 - 18416
18417 - 18885
19944 - 21619
23627 - 23730
27814 - 28848
32784 - 34884
38921 - 39778
40612 - 41202
42256 - 43256
45129 - 47013
51634 - 53761
53762 - 53933
64118 - 66035
71878 - 74215
74968 - 75182
85968 - 87918
90020 - 91046
92622 - 93007
95050 - 98834
100170 - 100709
101990 - 103246
105843 - 109418
111420 - 111829
113441 - 114241
116849 - 118556
122532 - 122864
-------------------------------------------
-----after push_string(114242 - 114568)---
1216 - 2523
3791 - 5346
5843 - 8078
8079 - 9213
10756 - 10771
13112 - 14045
15631 - 18416
18417 - 18885
19944 - 21619
23627 - 23730
27814 - 28848
32784 - 34884
38921 - 39778
40612 - 41202
42256 - 43256
45129 - 47013
51634 - 53761
53762 - 53933
64118 - 66035
71878 - 74215
74968 - 75182
85968 - 87918
90020 - 91046
92622 - 93007
95050 - 98834
100170 - 100709
101990 - 103246
105843 - 109418
111420 - 111829
113441 - 114567
116849 - 118556
122532 - 122864
-------------------------------------------
-----after push_string(24704 - 25541)---
1216 - 2523
3791 - 5346
5843 - 8078
8079 - 9213
10756 - 10771
13112 - 14045
15631 - 18416
18417 - 18885
19944 - 21619
23627 - 23730
24704 - 25540
27814 - 28848
32784 - 34884
38921 - 39778
40612 - 41202
42256 - 43256
45129 - 47013
51634 - 53761
53762 - 53933
64118 - 66035
71878 - 74215
74968 - 75182
85968 - 87918
90020 - 91046
92622 - 93007
95050 - 98834
100170 - 100709
101990 - 103246
105843 - 109418
111420 - 111829
113441 - 114567
116849 - 118556
122532 - 122864
-------------------------------------------
-----after push_string(114568 - 116190)---
1216 - 2523
3791 - 5346
5843 - 8078
8079 - 9213
10756 - 10771
13112 - 14045
15631 - 18416
18417 - 18885
19944 - 21619
23627 - 23730
24704 - 25540
27814 - 28848
32784 - 34884
38921 - 39778
40612 - 41202
42256 - 43256
45129 - 47013
51634 - 53761
53762 - 53933
64118 - 66035
71878 - 74215
74968 - 75182
85968 - 87918
90020 - 91046
92622 - 93007
95050 - 98834
100170 - 100709
101990 - 103246
105843 - 109418
111420 - 111829
113441 - 116189
116849 - 118556
122532 - 122864
-------------------------------------------
-----after push_string(47014 - 47442)---
1216 - 2523
3791 - 5346
5843 - 8078
8079 - 9213
10756 - 10771
13112 - 14045
15631 - 18416
18417 - 18885
19944 - 21619
23627 - 23730
24704 - 25540
27814 - 28848
32784 - 34884
38921 - 39778
40612 - 41202
42256 - 43256
45129 - 47441
51634 - 53761
53762 - 53933
64118 - 66035
71878 - 74215
74968 - 75182
85968 - 87918
90020 - 91046
92622 - 93007
95050 - 98834
100170 - 100709
101990 - 103246
105843 - 109418
111420 - 111829
113441 - 116189
116849 - 118556
122532 - 122864
-------------------------------------------
-----after push_string(39806 - 40612)---
1216 - 2523
3791 - 5346
5843 - 8078
8079 - 9213
10756 - 10771
13112 - 14045
15631 - 18416
18417 - 18885
19944 - 21619
23627 - 23730
24704 - 25540
27814 - 28848
32784 - 34884
38921 - 39778
39806 - 40611
42256 - 43256
45129 - 47441
51634 - 53761
53762 - 53933
64118 - 66035
71878 - 74215
74968 - 75182
85968 - 87918
90020 - 91046
92622 - 93007
95050 - 98834
100170 - 100709
101990 - 103246
105843 - 109418
111420 - 111829
113441 - 116189
116849 - 118556
122532 - 122864
-------------------------------------------
-----after push_string(93008 - 95050)---
1216 - 2523
3791 - 5346
5843 - 8078
8079 - 9213
10756 - 10771
13112 - 14045
15631 - 18416
18417 - 18885
19944 - 21619
23627 - 23730
24704 - 25540
27814 - 28848
32784 - 34884
38921 - 39778
39806 - 40611
42256 - 43256
45129 - 47441
51634 - 53761
53762 - 53933
64118 - 66035
71878 - 74215
74968 - 75182
85968 - 87918
90020 - 91046
92622 - 95049
95050 - 98834
100170 - 100709
101990 - 103246
105843 - 109418
111420 - 111829
113441 - 116189
116849 - 118556
122532 - 122864
-------------------------------------------
-----after push_string(5593 - 5843)---
1216 - 2523
3791 - 5346
5593 - 5842
8079 - 9213
10756 - 10771
13112 - 14045
15631 - 18416
18417 - 18885
19944 - 21619
23627 - 23730
24704 - 25540
27814 - 28848
32784 - 34884
38921 - 39778
39806 - 40611
42256 - 43256
45129 - 47441
51634 - 53761
53762 - 53933
64118 - 66035
71878 - 74215
74968 - 75182
85968 - 87918
90020 - 91046
92622 - 95049
95050 - 98834
100170 - 100709
101990 - 103246
105843 - 109418
111420 - 111829
113441 - 116189
116849 - 118556
122532 - 122864
-------------------------------------------
-----after push_string(80114 - 80150)---
1216 - 2523
3791 - 5346
5593 - 5842
8079 - 9213
10756 - 10771
13112 - 14045
15631 - 18416
18417 - 18885
19944 - 21619
23627 - 23730
24704 - 25540
27814 - 28848
32784 - 34884
38921 - 39778
39806 - 40611
42256 - 43256
45129 - 47441
51634 - 53761
53762 - 53933
64118 - 66035
71878 - 74215
74968 - 75182
80114 - 80149
85968 - 87918
90020 - 91046
92622 - 95049
95050 - 98834
100170 - 100709
101990 - 103246
105843 - 109418
111420 - 111829
113441 - 116189
116849 - 118556
122532 - 122864
-------------------------------------------
-----after push_string(120526 - 122532)---
1216 - 2523
3791 - 5346
5593 - 5842
8079 - 9213
10756 - 10771
13112 - 14045
15631 - 18416
18417 - 18885
19944 - 21619
23627 - 23730
24704 - 25540
27814 - 28848
32784 - 34884
38921 - 39778
39806 - 40611
42256 - 43256
45129 - 47441
51634 - 53761
53762 - 53933
64118 - 66035
71878 - 74215
74968 - 75182
80114 - 80149
85968 - 87918
90020 - 91046
92622 - 95049
95050 - 98834
100170 - 100709
101990 - 103246
105843 - 109418
111420 - 111829
113441 - 116189
116849 - 118556
120526 - 122531
-------------------------------------------
-----after push_string(39779 - 39806)---
1216 - 2523
3791 - 5346
5593 - 5842
8079 - 9213
10756 - 10771
13112 - 14045
15631 - 18416
18417 - 18885
19944 - 21619
23627 - 23730
24704 - 25540
27814 - 28848
32784 - 34884
38921 - 39805
39806 - 40611
42256 - 43256
45129 - 47441
51634 - 53761
53762 - 53933
64118 - 66035
71878 - 74215
74968 - 75182
80114 - 80149
85968 - 87918
90020 - 91046
92622 - 95049
95050 - 98834
100170 - 100709
101990 - 103246
105843 - 109418
111420 - 111829
113441 - 116189
116849 - 118556
120526 - 122531
-------------------------------------------
-----after push_string(47442 - 49308)---
1216 - 2523
3791 - 5346
5593 - 5842
8079 - 9213
10756 - 10771
13112 - 14045
15631 - 18416
18417 - 18885
19944 - 21619
23627 - 23730
24704 - 25540
27814 - 28848
32784 - 34884
38921 - 39805
39806 - 40611
42256 - 43256
45129 - 49307
51634 - 53761
53762 - 53933
64118 - 66035
71878 - 74215
74968 - 75182
80114 - 80149
85968 - 87918
90020 - 91046
92622 - 95049
95050 - 98834
100170 - 100709
101990 - 103246
105843 - 109418
111420 - 111829
113441 - 116189
116849 - 118556
120526 - 122531
-------------------------------------------
-----after push_string(12438 - 13112)---
1216 - 2523
3791 - 5346
5593 - 5842
8079 - 9213
10756 - 10771
12438 - 13111
15631 - 18416
18417 - 18885
19944 - 21619
23627 - 23730
24704 - 25540
27814 - 28848
32784 - 34884
38921 - 39805
39806 - 40611
42256 - 43256
45129 - 49307
51634 - 53761
53762 - 53933
64118 - 66035
71878 - 74215
74968 - 75182
80114 - 80149
85968 - 87918
90020 - 91046
92622 - 95049
95050 - 98834
100170 - 100709
101990 - 103246
105843 - 109418
111420 - 111829
113441 - 116189
116849 - 118556
120526 - 122531
-------------------------------------------
-----after push_string(31298 - 31529)---
1216 - 2523
3791 - 5346
5593 - 5842
8079 - 9213
10756 - 10771
12438 - 13111
15631 - 18416
18417 - 18885
19944 - 21619
23627 - 23730
24704 - 25540
27814 - 28848
31298 - 31528
32784 - 34884
38921 - 39805
39806 - 40611
42256 - 43256
45129 - 49307
51634 - 53761
53762 - 53933
64118 - 66035
71878 - 74215
74968 - 75182
80114 - 80149
85968 - 87918
90020 - 91046
92622 - 95049
95050 - 98834
100170 - 100709
101990 - 103246
105843 - 109418
111420 - 111829
113441 - 116189
116849 - 118556
120526 - 122531
-------------------------------------------
-----after push_string(105137 - 105843)---
1216 - 2523
3791 - 5346
5593 - 5842
8079 - 9213
10756 - 10771
12438 - 13111
15631 - 18416
18417 - 18885
19944 - 21619
23627 - 23730
24704 - 25540
27814 - 28848
31298 - 31528
32784 - 34884
38921 - 39805
39806 - 40611
42256 - 43256
45129 - 49307
51634 - 53761
53762 - 53933
64118 - 66035
71878 - 74215
74968 - 75182
80114 - 80149
85968 - 87918
90020 - 91046
92622 - 95049
95050 - 98834
100170 - 100709
101990 - 103246
105137 - 105842
111420 - 111829
113441 - 116189
116849 - 118556
120526 - 122531
-------------------------------------------
-----after push_string(76061 - 77833)---
1216 - 2523
3791 - 5346
5593 - 5842
8079 - 9213
10756 - 10771
12438 - 13111
15631 - 18416
18417 - 18885
19944 - 21619
23627 - 23730
24704 - 25540
27814 - 28848
31298 - 31528
32784 - 34884
38921 - 39805
39806 - 40611
42256 - 43256
45129 - 49307
51634 - 53761
53762 - 53933
64118 - 66035
71878 - 74215
74968 - 75182
76061 - 77832
80114 - 80149
85968 - 87918
90020 - 91046
92622 - 95049
95050 - 98834
100170 - 100709
101990 - 103246
105137 - 105842
111420 - 111829
113441 - 116189
116849 - 118556
120526 - 122531
-------------------------------------------
-----after push_string(23731 - 24704)---
1216 - 2523
3791 - 5346
5593 - 5842
8079 - 9213
10756 - 10771
12438 - 13111
15631 - 18416
18417 - 18885
19944 - 21619
23627 - 24703
24704 - 25540
27814 - 28848
31298 - 31528
32784 - 34884
38921 - 39805
39806 - 40611
42256 - 43256
45129 - 49307
51634 - 53761
53762 - 53933
64118 - 66035
71878 - 74215
74968 - 75182
76061 - 77832
80114 - 80149
85968 - 87918
90020 - 91046
92622 - 95049
95050 - 98834
100170 - 100709
101990 - 103246
105137 - 105842
111420 - 111829
113441 - 116189
116849 - 118556
120526 - 122531
-------------------------------------------
-----after push_string(100710 - 101990)---
1216 - 2523
3791 - 5346
5593 - 5842
8079 - 9213
10756 - 10771
12438 - 13111
15631 - 18416
18417 - 18885
19944 - 21619
23627 - 24703
24704 - 25540
27814 - 28848
31298 - 31528
32784 - 34884
38921 - 39805
39806 - 40611
42256 - 43256
45129 - 49307
51634 - 53761
53762 - 53933
64118 - 66035
71878 - 74215
74968 - 75182
76061 - 77832
80114 - 80149
85968 - 87918
90020 - 91046
92622 - 95049
95050 - 98834
100170 - 101989
101990 - 103246
105137 - 105842
111420 - 111829
113441 - 116189
116849 - 118556
120526 - 122531
-------------------------------------------
-----after push_string(116190 - 116849)---
1216 - 2523
3791 - 5346
5593 - 5842
8079 - 9213
10756 - 10771
12438 - 13111
15631 - 18416
18417 - 18885
19944 - 21619
23627 - 24703
24704 - 25540
27814 - 28848
31298 - 31528
32784 - 34884
38921 - 39805
39806 - 40611
42256 - 43256
45129 - 49307
51634 - 53761
53762 - 53933
64118 - 66035
71878 - 74215
74968 - 75182
76061 - 77832
80114 - 80149
85968 - 87918
90020 - 91046
92622 - 95049
95050 - 98834
100170 - 101989
101990 - 103246
105137 - 105842
111420 - 111829
113441 - 116848
116849 - 118556
120526 - 122531
-------------------------------------------
-----after push_string(5347 - 5593)---
1216 - 2523
3791 - 5592
5593 - 5842
8079 - 9213
10756 - 10771
12438 - 13111
15631 - 18416
18417 - 18885
19944 - 21619
23627 - 24703
24704 - 25540
27814 - 28848
31298 - 31528
32784 - 34884
38921 - 39805
39806 - 40611
42256 - 43256
45129 - 49307
51634 - 53761
53762 - 53933
64118 - 66035
71878 - 74215
74968 - 75182
76061 - 77832
80114 - 80149
85968 - 87918
90020 - 91046
92622 - 95049
95050 - 98834
100170 - 101989
101990 - 103246
105137 - 105842
111420 - 111829
113441 - 116848
116849 - 118556
120526 - 122531
-------------------------------------------
-----after push_string(9214 - 10756)---
1216 - 2523
3791 - 5592
5593 - 5842
8079 - 10755
10756 - 10771
12438 - 13111
15631 - 18416
18417 - 18885
19944 - 21619
23627 - 24703
24704 - 25540
27814 - 28848
31298 - 31528
32784 - 34884
38921 - 39805
39806 - 40611
42256 - 43256
45129 - 49307
51634 - 53761
53762 - 53933
64118 - 66035
71878 - 74215
74968 - 75182
76061 - 77832
80114 - 80149
85968 - 87918
90020 - 91046
92622 - 95049
95050 - 98834
100170 - 101989
101990 - 103246
105137 - 105842
111420 - 111829
113441 - 116848
116849 - 118556
120526 - 122531
-------------------------------------------
-----after push_string(66036 - 66737)---
1216 - 2523
3791 - 5592
5593 - 5842
8079 - 10755
10756 - 10771
12438 - 13111
15631 - 18416
18417 - 18885
19944 - 21619
23627 - 24703
24704 - 25540
27814 - 28848
31298 - 31528
32784 - 34884
38921 - 39805
39806 - 40611
42256 - 43256
45129 - 49307
51634 - 53761
53762 - 53933
64118 - 66736
71878 - 74215
74968 - 75182
76061 - 77832
80114 - 80149
85968 - 87918
90020 - 91046
92622 - 95049
95050 - 98834
100170 - 101989
101990 - 103246
105137 - 105842
111420 - 111829
113441 - 116848
116849 - 118556
120526 - 122531
-------------------------------------------
-----after push_string(124352 - 124532)---
1216 - 2523
3791 - 5592
5593 - 5842
8079 - 10755
10756 - 10771
12438 - 13111
15631 - 18416
18417 - 18885
19944 - 21619
23627 - 24703
24704 - 25540
27814 - 28848
31298 - 31528
32784 - 34884
38921 - 39805
39806 - 40611
42256 - 43256
45129 - 49307
51634 - 53761
53762 - 53933
64118 - 66736
71878 - 74215
74968 - 75182
76061 - 77832
80114 - 80149
85968 - 87918
90020 - 91046
92622 - 95049
95050 - 98834
100170 - 101989
101990 - 103246
105137 - 105842
111420 - 111829
113441 - 116848
116849 - 118556
120526 - 122531
124352 - 124531
-------------------------------------------
-----after push_string(34885 - 36642)---
1216 - 2523
3791 - 5592
5593 - 5842
8079 - 10755
10756 - 10771
12438 - 13111
15631 - 18416
18417 - 18885
19944 - 21619
23627 - 24703
24704 - 25540
27814 - 28848
31298 - 31528
32784 - 36641
38921 - 39805
39806 - 40611
42256 - 43256
45129 - 49307
51634 - 53761
53762 - 53933
64118 - 66736
71878 - 74215
74968 - 75182
76061 - 77832
80114 - 80149
85968 - 87918
90020 - 91046
92622 - 95049
95050 - 98834
100170 - 101989
101990 - 103246
105137 - 105842
111420 - 111829
113441 - 116848
116849 - 118556
120526 - 122531
124352 - 124531
-------------------------------------------
-----after push_string(81993 - 82682)---
1216 - 2523
3791 - 5592
5593 - 5842
8079 - 10755
10756 - 10771
12438 - 13111
15631 - 18416
18417 - 18885
19944 - 21619
23627 - 24703
24704 - 25540
27814 - 28848
31298 - 31528
32784 - 36641
38921 - 39805
39806 - 40611
42256 - 43256
45129 - 49307
51634 - 53761
53762 - 53933
64118 - 66736
71878 - 74215
74968 - 75182
76061 - 77832
80114 - 80149
81993 - 82681
85968 - 87918
90020 - 91046
92622 - 95049
95050 - 98834
100170 - 101989
101990 - 103246
105137 - 105842
111420 - 111829
113441 - 116848
116849 - 118556
120526 - 122531
124352 - 124531
-------------------------------------------
-----after push_string(87919 - 88199)---
1216 - 2523
3791 - 5592
5593 - 5842
8079 - 10755
10756 - 10771
12438 - 13111
15631 - 18416
18417 - 18885
19944 - 21619
23627 - 24703
24704 - 25540
27814 - 28848
31298 - 31528
32784 - 36641
38921 - 39805
39806 - 40611
42256 - 43256
45129 - 49307
51634 - 53761
53762 - 53933
64118 - 66736
71878 - 74215
74968 - 75182
76061 - 77832
80114 - 80149
81993 - 82681
85968 - 88198
90020 - 91046
92622 - 95049
95050 - 98834
100170 - 101989
101990 - 103246
105137 - 105842
111420 - 111829
113441 - 116848
116849 - 118556
120526 - 122531
124352 - 124531
-------------------------------------------
-----after push_string(10772 - 10896)---
1216 - 2523
3791 - 5592
5593 - 5842
8079 - 10755
10756 - 10895
12438 - 13111
15631 - 18416
18417 - 18885
19944 - 21619
23627 - 24703
24704 - 25540
27814 - 28848
31298 - 31528
32784 - 36641
38921 - 39805
39806 - 40611
42256 - 43256
45129 - 49307
51634 - 53761
53762 - 53933
64118 - 66736
71878 - 74215
74968 - 75182
76061 - 77832
80114 - 80149
81993 - 82681
85968 - 88198
90020 - 91046
92622 - 95049
95050 - 98834
100170 - 101989
101990 - 103246
105137 - 105842
111420 - 111829
113441 - 116848
116849 - 118556
120526 - 122531
124352 - 124531
-------------------------------------------
-----after push_string(74216 - 74968)---
1216 - 2523
3791 - 5592
5593 - 5842
8079 - 10755
10756 - 10895
12438 - 13111
15631 - 18416
18417 - 18885
19944 - 21619
23627 - 24703
24704 - 25540
27814 - 28848
31298 - 31528
32784 - 36641
38921 - 39805
39806 - 40611
42256 - 43256
45129 - 49307
51634 - 53761
53762 - 53933
64118 - 66736
71878 - 74967
74968 - 75182
76061 - 77832
80114 - 80149
81993 - 82681
85968 - 88198
90020 - 91046
92622 - 95049
95050 - 98834
100170 - 101989
101990 - 103246
105137 - 105842
111420 - 111829
113441 - 116848
116849 - 118556
120526 - 122531
124352 - 124531
-------------------------------------------
-----after push_string(83477 - 84198)---
1216 - 2523
3791 - 5592
5593 - 5842
8079 - 10755
10756 - 10895
12438 - 13111
15631 - 18416
18417 - 18885
19944 - 21619
23627 - 24703
24704 - 25540
27814 - 28848
31298 - 31528
32784 - 36641
38921 - 39805
39806 - 40611
42256 - 43256
45129 - 49307
51634 - 53761
53762 - 53933
64118 - 66736
71878 - 74967
74968 - 75182
76061 - 77832
80114 - 80149
81993 - 82681
83477 - 84197
85968 - 88198
90020 - 91046
92622 - 95049
95050 - 98834
100170 - 101989
101990 - 103246
105137 - 105842
111420 - 111829
113441 - 116848
116849 - 118556
120526 - 122531
124352 - 124531
-------------------------------------------
-----after push_string(60123 - 60935)---
1216 - 2523
3791 - 5592
5593 - 5842
8079 - 10755
10756 - 10895
12438 - 13111
15631 - 18416
18417 - 18885
19944 - 21619
23627 - 24703
24704 - 25540
27814 - 28848
31298 - 31528
32784 - 36641
38921 - 39805
39806 - 40611
42256 - 43256
45129 - 49307
51634 - 53761
53762 - 53933
60123 - 60934
64118 - 66736
71878 - 74967
74968 - 75182
76061 - 77832
80114 - 80149
81993 - 82681
83477 - 84197
85968 - 88198
90020 - 91046
92622 - 95049
95050 - 98834
100170 - 101989
101990 - 103246
105137 - 105842
111420 - 111829
113441 - 116848
116849 - 118556
120526 - 122531
124352 - 124531
-------------------------------------------
-----after push_string(30270 - 30468)---
1216 - 2523
3791 - 5592
5593 - 5842
8079 - 10755
10756 - 10895
12438 - 13111
15631 - 18416
18417 - 18885
19944 - 21619
23627 - 24703
24704 - 25540
27814 - 28848
30270 - 30467
31298 - 31528
32784 - 36641
38921 - 39805
39806 - 40611
42256 - 43256
45129 - 49307
51634 - 53761
53762 - 53933
60123 - 60934
64118 - 66736
71878 - 74967
74968 - 75182
76061 - 77832
80114 - 80149
81993 - 82681
83477 - 84197
85968 - 88198
90020 - 91046
92622 - 95049
95050 - 98834
100170 - 101989
101990 - 103246
105137 - 105842
111420 - 111829
113441 - 116848
116849 - 118556
120526 - 122531
124352 - 124531
-------------------------------------------
-----after push_string(118693 - 119468)---
1216 - 2523
3791 - 5592
5593 - 5842
8079 - 10755
10756 - 10895
12438 - 13111
15631 - 18416
18417 - 18885
19944 - 21619
23627 - 24703
24704 - 25540
27814 - 28848
30270 - 30467
31298 - 31528
32784 - 36641
38921 - 39805
39806 - 40611
42256 - 43256
45129 - 49307
51634 - 53761
53762 - 53933
60123 - 60934
64118 - 66736
71878 - 74967
74968 - 75182
76061 - 77832
80114 - 80149
81993 - 82681
83477 - 84197
85968 - 88198
90020 - 91046
92622 - 95049
95050 - 98834
100170 - 101989
101990 - 103246
105137 - 105842
111420 - 111829
113441 - 116848
116849 - 118556
118693 - 119467
120526 - 122531
124352 - 124531
-------------------------------------------
-----after push_string(30468 - 31298)---
1216 - 2523
3791 - 5592
5593 - 5842
8079 - 10755
10756 - 10895
12438 - 13111
15631 - 18416
18417 - 18885
19944 - 21619
23627 - 24703
24704 - 25540
27814 - 28848
30270 - 31297
31298 - 31528
32784 - 36641
38921 - 39805
39806 - 40611
42256 - 43256
45129 - 49307
51634 - 53761
53762 - 53933
60123 - 60934
64118 - 66736
71878 - 74967
74968 - 75182
76061 - 77832
80114 - 80149
81993 - 82681
83477 - 84197
85968 - 88198
90020 - 91046
92622 - 95049
95050 - 98834
100170 - 101989
101990 - 103246
105137 - 105842
111420 - 111829
113441 - 116848
116849 - 118556
118693 - 119467
120526 - 122531
124352 - 124531
-------------------------------------------
-----after push_string(91484 - 92622)---
1216 - 2523
3791 - 5592
5593 - 5842
8079 - 10755
10756 - 10895
12438 - 13111
15631 - 18416
18417 - 18885
19944 - 21619
23627 - 24703
24704 - 25540
27814 - 28848
30270 - 31297
31298 - 31528
32784 - 36641
38921 - 39805
39806 - 40611
42256 - 43256
45129 - 49307
51634 - 53761
53762 - 53933
60123 - 60934
64118 - 66736
71878 - 74967
74968 - 75182
76061 - 77832
80114 - 80149
81993 - 82681
83477 - 84197
85968 - 88198
90020 - 91046
91484 - 92621
95050 - 98834
100170 - 101989
101990 - 103246
105137 - 105842
111420 - 111829
113441 - 116848
116849 - 118556
118693 - 119467
120526 - 122531
124352 - 124531
-------------------------------------------
-----after push_string(77833 - 78085)---
1216 - 2523
3791 - 5592
5593 - 5842
8079 - 10755
10756 - 10895
12438 - 13111
15631 - 18416
18417 - 18885
19944 - 21619
23627 - 24703
24704 - 25540
27814 - 28848
30270 - 31297
31298 - 31528
32784 - 36641
38921 - 39805
39806 - 40611
42256 - 43256
45129 - 49307
51634 - 53761
53762 - 53933
60123 - 60934
64118 - 66736
71878 - 74967
74968 - 75182
76061 - 78084
80114 - 80149
81993 - 82681
83477 - 84197
85968 - 88198
90020 - 91046
91484 - 92621
95050 - 98834
100170 - 101989
101990 - 103246
105137 - 105842
111420 - 111829
113441 - 116848
116849 - 118556
118693 - 119467
120526 - 122531
124352 - 124531
-------------------------------------------
-----after push_string(109419 - 111420)---
1216 - 2523
3791 - 5592
5593 - 5842
8079 - 10755
10756 - 10895
12438 - 13111
15631 - 18416
18417 - 18885
19944 - 21619
23627 - 24703
24704 - 25540
27814 - 28848
30270 - 31297
31298 - 31528
32784 - 36641
38921 - 39805
39806 - 40611
42256 - 43256
45129 - 49307
51634 - 53761
53762 - 53933
60123 - 60934
64118 - 66736
71878 - 74967
74968 - 75182
76061 - 78084
80114 - 80149
81993 - 82681
83477 - 84197
85968 - 88198
90020 - 91046
91484 - 92621
95050 - 98834
100170 - 101989
101990 - 103246
105137 - 105842
109419 - 111419
113441 - 116848
116849 - 118556
118693 - 119467
120526 - 122531
124352 - 124531
-------------------------------------------
-----after push_string(23416 - 23627)---
1216 - 2523
3791 - 5592
5593 - 5842
8079 - 10755
10756 - 10895
12438 - 13111
15631 - 18416
18417 - 18885
19944 - 21619
23416 - 23626
24704 - 25540
27814 - 28848
30270 - 31297
31298 - 31528
32784 - 36641
38921 - 39805
39806 - 40611
42256 - 43256
45129 - 49307
51634 - 53761
53762 - 53933
60123 - 60934
64118 - 66736
71878 - 74967
74968 - 75182
76061 - 78084
80114 - 80149
81993 - 82681
83477 - 84197
85968 - 88198
90020 - 91046
91484 - 92621
95050 - 98834
100170 - 101989
101990 - 103246
105137 - 105842
109419 - 111419
113441 - 116848
116849 - 118556
118693 - 119467
120526 - 122531
124352 - 124531
-------------------------------------------
-----after push_string(82682 - 83410)---
1216 - 2523
3791 - 5592
5593 - 5842
8079 - 10755
10756 - 10895
12438 - 13111
15631 - 18416
18417 - 18885
19944 - 21619
23416 - 23626
24704 - 25540
27814 - 28848
30270 - 31297
31298 - 31528
32784 - 36641
38921 - 39805
39806 - 40611
42256 - 43256
45129 - 49307
51634 - 53761
53762 - 53933
60123 - 60934
64118 - 66736
71878 - 74967
74968 - 75182
76061 - 78084
80114 - 80149
81993 - 83409
83477 - 84197
85968 - 88198
90020 - 91046
91484 - 92621
95050 - 98834
100170 - 101989
101990 - 103246
105137 - 105842
109419 - 111419
113441 - 116848
116849 - 118556
118693 - 119467
120526 - 122531
124352 - 124531
-------------------------------------------
-----after push_string(84198 - 85968)---
1216 - 2523
3791 - 5592
5593 - 5842
8079 - 10755
10756 - 10895
12438 - 13111
15631 - 18416
18417 - 18885
19944 - 21619
23416 - 23626
24704 - 25540
27814 - 28848
30270 - 31297
31298 - 31528
32784 - 36641
38921 - 39805
39806 - 40611
42256 - 43256
45129 - 49307
51634 - 53761
53762 - 53933
60123 - 60934
64118 - 66736
71878 - 74967
74968 - 75182
76061 - 78084
80114 - 80149
81993 - 83409
83477 - 85967
85968 - 88198
90020 - 91046
91484 - 92621
95050 - 98834
100170 - 101989
101990 - 103246
105137 - 105842
109419 - 111419
113441 - 116848
116849 - 118556
118693 - 119467
120526 - 122531
124352 - 124531
-------------------------------------------
-----after push_string(58733 - 60123)---
1216 - 2523
3791 - 5592
5593 - 5842
8079 - 10755
10756 - 10895
12438 - 13111
15631 - 18416
18417 - 18885
19944 - 21619
23416 - 23626
24704 - 25540
27814 - 28848
30270 - 31297
31298 - 31528
32784 - 36641
38921 - 39805
39806 - 40611
42256 - 43256
45129 - 49307
51634 - 53761
53762 - 53933
58733 - 60122
64118 - 66736
71878 - 74967
74968 - 75182
76061 - 78084
80114 - 80149
81993 - 83409
83477 - 85967
85968 - 88198
90020 - 91046
91484 - 92621
95050 - 98834
100170 - 101989
101990 - 103246
105137 - 105842
109419 - 111419
113441 - 116848
116849 - 118556
118693 - 119467
120526 - 122531
124352 - 124531
-------------------------------------------
-----after push_string(118557 - 118693)---
1216 - 2523
3791 - 5592
5593 - 5842
8079 - 10755
10756 - 10895
12438 - 13111
15631 - 18416
18417 - 18885
19944 - 21619
23416 - 23626
24704 - 25540
27814 - 28848
30270 - 31297
31298 - 31528
32784 - 36641
38921 - 39805
39806 - 40611
42256 - 43256
45129 - 49307
51634 - 53761
53762 - 53933
58733 - 60122
64118 - 66736
71878 - 74967
74968 - 75182
76061 - 78084
80114 - 80149
81993 - 83409
83477 - 85967
85968 - 88198
90020 - 91046
91484 - 92621
95050 - 98834
100170 - 101989
101990 - 103246
105137 - 105842
109419 - 111419
113441 - 116848
116849 - 118692
118693 - 119467
120526 - 122531
124352 - 124531
-------------------------------------------
-----after push_string(0 - 1216)---
3791 - 5592
5593 - 5842
8079 - 10755
10756 - 10895
12438 - 13111
15631 - 18416
18417 - 18885
19944 - 21619
23416 - 23626
24704 - 25540
27814 - 28848
30270 - 31297
31298 - 31528
32784 - 36641
38921 - 39805
39806 - 40611
42256 - 43256
45129 - 49307
51634 - 53761
53762 - 53933
58733 - 60122
64118 - 66736
71878 - 74967
74968 - 75182
76061 - 78084
80114 - 80149
81993 - 83409
83477 - 85967
85968 - 88198
90020 - 91046
91484 - 92621
95050 - 98834
100170 - 101989
101990 - 103246
105137 - 105842
109419 - 111419
113441 - 116848
116849 - 118692
118693 - 119467
120526 - 122531
124352 - 124531
-------------------------------------------
-----after push_string(3293 - 3670)---
3293 - 3669
3791 - 5592
5593 - 5842
8079 - 10755
10756 - 10895
12438 - 13111
15631 - 18416
18417 - 18885
19944 - 21619
23416 - 23626
24704 - 25540
27814 - 28848
30270 - 31297
31298 - 31528
32784 - 36641
38921 - 39805
39806 - 40611
42256 - 43256
45129 - 49307
51634 - 53761
53762 - 53933
58733 - 60122
64118 - 66736
71878 - 74967
74968 - 75182
76061 - 78084
80114 - 80149
81993 - 83409
83477 - 85967
85968 - 88198
90020 - 91046
91484 - 92621
95050 - 98834
100170 - 101989
101990 - 103246
105137 - 105842
109419 - 111419
113441 - 116848
116849 - 118692
118693 - 119467
120526 - 122531
124352 - 124531
-------------------------------------------
-----after push_string(2524 - 3293)---
3791 - 5592
5593 - 5842
8079 - 10755
10756 - 10895
12438 - 13111
15631 - 18416
18417 - 18885
19944 - 21619
23416 - 23626
24704 - 25540
27814 - 28848
30270 - 31297
31298 - 31528
32784 - 36641
38921 - 39805
39806 - 40611
42256 - 43256
45129 - 49307
51634 - 53761
53762 - 53933
58733 - 60122
64118 - 66736
71878 - 74967
74968 - 75182
76061 - 78084
80114 - 80149
81993 - 83409
83477 - 85967
85968 - 88198
90020 - 91046
91484 - 92621
95050 - 98834
100170 - 101989
101990 - 103246
105137 - 105842
109419 - 111419
113441 - 116848
116849 - 118692
118693 - 119467
120526 - 122531
124352 - 124531
-------------------------------------------
-----after push_string(29215 - 30270)---
3791 - 5592
5593 - 5842
8079 - 10755
10756 - 10895
12438 - 13111
15631 - 18416
18417 - 18885
19944 - 21619
23416 - 23626
24704 - 25540
27814 - 28848
29215 - 30269
31298 - 31528
32784 - 36641
38921 - 39805
39806 - 40611
42256 - 43256
45129 - 49307
51634 - 53761
53762 - 53933
58733 - 60122
64118 - 66736
71878 - 74967
74968 - 75182
76061 - 78084
80114 - 80149
81993 - 83409
83477 - 85967
85968 - 88198
90020 - 91046
91484 - 92621
95050 - 98834
100170 - 101989
101990 - 103246
105137 - 105842
109419 - 111419
113441 - 116848
116849 - 118692
118693 - 119467
120526 - 122531
124352 - 124531
-------------------------------------------
-----after push_string(54023 - 54707)---
3791 - 5592
5593 - 5842
8079 - 10755
10756 - 10895
12438 - 13111
15631 - 18416
18417 - 18885
19944 - 21619
23416 - 23626
24704 - 25540
27814 - 28848
29215 - 30269
31298 - 31528
32784 - 36641
38921 - 39805
39806 - 40611
42256 - 43256
45129 - 49307
51634 - 53761
53762 - 53933
54023 - 54706
58733 - 60122
64118 - 66736
71878 - 74967
74968 - 75182
76061 - 78084
80114 - 80149
81993 - 83409
83477 - 85967
85968 - 88198
90020 - 91046
91484 - 92621
95050 - 98834
100170 - 101989
101990 - 103246
105137 - 105842
109419 - 111419
113441 - 116848
116849 - 118692
118693 - 119467
120526 - 122531
124352 - 124531
-------------------------------------------
-----after push_string(99921 - 100170)---
3791 - 5592
5593 - 5842
8079 - 10755
10756 - 10895
12438 - 13111
15631 - 18416
18417 - 18885
19944 - 21619
23416 - 23626
24704 - 25540
27814 - 28848
29215 - 30269
31298 - 31528
32784 - 36641
38921 - 39805
39806 - 40611
42256 - 43256
45129 - 49307
51634 - 53761
53762 - 53933
54023 - 54706
58733 - 60122
64118 - 66736
71878 - 74967
74968 - 75182
76061 - 78084
80114 - 80149
81993 - 83409
83477 - 85967
85968 - 88198
90020 - 91046
91484 - 92621
95050 - 98834
99921 - 100169
101990 - 103246
105137 - 105842
109419 - 111419
113441 - 116848
116849 - 118692
118693 - 119467
120526 - 122531
124352 - 124531
-------------------------------------------
-----after push_string(25828 - 27704)---
3791 - 5592
5593 - 5842
8079 - 10755
10756 - 10895
12438 - 13111
15631 - 18416
18417 - 18885
19944 - 21619
23416 - 23626
24704 - 25540
25828 - 27703
27814 - 28848
29215 - 30269
31298 - 31528
32784 - 36641
38921 - 39805
39806 - 40611
42256 - 43256
45129 - 49307
51634 - 53761
53762 - 53933
54023 - 54706
58733 - 60122
64118 - 66736
71878 - 74967
74968 - 75182
76061 - 78084
80114 - 80149
81993 - 83409
83477 - 85967
85968 - 88198
90020 - 91046
91484 - 92621
95050 - 98834
99921 - 100169
101990 - 103246
105137 - 105842
109419 - 111419
113441 - 116848
116849 - 118692
118693 - 119467
120526 - 122531
124352 - 124531
-------------------------------------------
-----after push_string(83410 - 83477)---
3791 - 5592
5593 - 5842
8079 - 10755
10756 - 10895
12438 - 13111
15631 - 18416
18417 - 18885
19944 - 21619
23416 - 23626
24704 - 25540
25828 - 27703
27814 - 28848
29215 - 30269
31298 - 31528
32784 - 36641
38921 - 39805
39806 - 40611
42256 - 43256
45129 - 49307
51634 - 53761
53762 - 53933
54023 - 54706
58733 - 60122
64118 - 66736
71878 - 74967
74968 - 75182
76061 - 78084
80114 - 80149
81993 - 83476
83477 - 85967
85968 - 88198
90020 - 91046
91484 - 92621
95050 - 98834
99921 - 100169
101990 - 103246
105137 - 105842
109419 - 111419
113441 - 116848
116849 - 118692
118693 - 119467
120526 - 122531
124352 - 124531
-------------------------------------------
-----after push_string(27704 - 27814)---
3791 - 5592
5593 - 5842
8079 - 10755
10756 - 10895
12438 - 13111
15631 - 18416
18417 - 18885
19944 - 21619
23416 - 23626
24704 - 25540
25828 - 27813
27814 - 28848
29215 - 30269
31298 - 31528
32784 - 36641
38921 - 39805
39806 - 40611
42256 - 43256
45129 - 49307
51634 - 53761
53762 - 53933
54023 - 54706
58733 - 60122
64118 - 66736
71878 - 74967
74968 - 75182
76061 - 78084
80114 - 80149
81993 - 83476
83477 - 85967
85968 - 88198
90020 - 91046
91484 - 92621
95050 - 98834
99921 - 100169
101990 - 103246
105137 - 105842
109419 - 111419
113441 - 116848
116849 - 118692
118693 - 119467
120526 - 122531
124352 - 124531
-------------------------------------------
-----after push_string(49308 - 50179)---
3791 - 5592
5593 - 5842
8079 - 10755
10756 - 10895
12438 - 13111
15631 - 18416
18417 - 18885
19944 - 21619
23416 - 23626
24704 - 25540
25828 - 27813
27814 - 28848
29215 - 30269
31298 - 31528
32784 - 36641
38921 - 39805
39806 - 40611
42256 - 43256
45129 - 50178
51634 - 53761
53762 - 53933
54023 - 54706
58733 - 60122
64118 - 66736
71878 - 74967
74968 - 75182
76061 - 78084
80114 - 80149
81993 - 83476
83477 - 85967
85968 - 88198
90020 - 91046
91484 - 92621
95050 - 98834
99921 - 100169
101990 - 103246
105137 - 105842
109419 - 111419
113441 - 116848
116849 - 118692
118693 - 119467
120526 - 122531
124352 - 124531
-------------------------------------------
-----after push_string(10896 - 12438)---
3791 - 5592
5593 - 5842
8079 - 10755
10756 - 12437
12438 - 13111
15631 - 18416
18417 - 18885
19944 - 21619
23416 - 23626
24704 - 25540
25828 - 27813
27814 - 28848
29215 - 30269
31298 - 31528
32784 - 36641
38921 - 39805
39806 - 40611
42256 - 43256
45129 - 50178
51634 - 53761
53762 - 53933
54023 - 54706
58733 - 60122
64118 - 66736
71878 - 74967
74968 - 75182
76061 - 78084
80114 - 80149
81993 - 83476
83477 - 85967
85968 - 88198
90020 - 91046
91484 - 92621
95050 - 98834
99921 - 100169
101990 - 103246
105137 - 105842
109419 - 111419
113441 - 116848
116849 - 118692
118693 - 119467
120526 - 122531
124352 - 124531
-------------------------------------------
-----after push_string(50179 - 51634)---
3791 - 5592
5593 - 5842
8079 - 10755
10756 - 12437
12438 - 13111
15631 - 18416
18417 - 18885
19944 - 21619
23416 - 23626
24704 - 25540
25828 - 27813
27814 - 28848
29215 - 30269
31298 - 31528
32784 - 36641
38921 - 39805
39806 - 40611
42256 - 43256
45129 - 51633
51634 - 53761
53762 - 53933
54023 - 54706
58733 - 60122
64118 - 66736
71878 - 74967
74968 - 75182
76061 - 78084
80114 - 80149
81993 - 83476
83477 - 85967
85968 - 88198
90020 - 91046
91484 - 92621
95050 - 98834
99921 - 100169
101990 - 103246
105137 - 105842
109419 - 111419
113441 - 116848
116849 - 118692
118693 - 119467
120526 - 122531
124352 - 124531
-------------------------------------------
-----after push_string(21620 - 23416)---
3791 - 5592
5593 - 5842
8079 - 10755
10756 - 12437
12438 - 13111
15631 - 18416
18417 - 18885
19944 - 23415
23416 - 23626
24704 - 25540
25828 - 27813
27814 - 28848
29215 - 30269
31298 - 31528
32784 - 36641
38921 - 39805
39806 - 40611
42256 - 43256
45129 - 51633
51634 - 53761
53762 - 53933
54023 - 54706
58733 - 60122
64118 - 66736
71878 - 74967
74968 - 75182
76061 - 78084
80114 - 80149
81993 - 83476
83477 - 85967
85968 - 88198
90020 - 91046
91484 - 92621
95050 - 98834
99921 - 100169
101990 - 103246
105137 - 105842
109419 - 111419
113441 - 116848
116849 - 118692
118693 - 119467
120526 - 122531
124352 - 124531
-------------------------------------------
-----after push_string(69308 - 70749)---
3791 - 5592
5593 - 5842
8079 - 10755
10756 - 12437
12438 - 13111
15631 - 18416
18417 - 18885
19944 - 23415
23416 - 23626
24704 - 25540
25828 - 27813
27814 - 28848
29215 - 30269
31298 - 31528
32784 - 36641
38921 - 39805
39806 - 40611
42256 - 43256
45129 - 51633
51634 - 53761
53762 - 53933
54023 - 54706
58733 - 60122
64118 - 66736
69308 - 70748
71878 - 74967
74968 - 75182
76061 - 78084
80114 - 80149
81993 - 83476
83477 - 85967
85968 - 88198
90020 - 91046
91484 - 92621
95050 - 98834
99921 - 100169
101990 - 103246
105137 - 105842
109419 - 111419
113441 - 116848
116849 - 118692
118693 - 119467
120526 - 122531
124352 - 124531
-------------------------------------------
-----after push_string(43257 - 45129)---
3791 - 5592
5593 - 5842
8079 - 10755
10756 - 12437
12438 - 13111
15631 - 18416
18417 - 18885
19944 - 23415
23416 - 23626
24704 - 25540
25828 - 27813
27814 - 28848
29215 - 30269
31298 - 31528
32784 - 36641
38921 - 39805
39806 - 40611
42256 - 45128
45129 - 51633
51634 - 53761
53762 - 53933
54023 - 54706
58733 - 60122
64118 - 66736
69308 - 70748
71878 - 74967
74968 - 75182
76061 - 78084
80114 - 80149
81993 - 83476
83477 - 85967
85968 - 88198
90020 - 91046
91484 - 92621
95050 - 98834
99921 - 100169
101990 - 103246
105137 - 105842
109419 - 111419
113441 - 116848
116849 - 118692
118693 - 119467
120526 - 122531
124352 - 124531
-------------------------------------------
-----after push_string(31529 - 32784)---
3791 - 5592
5593 - 5842
8079 - 10755
10756 - 12437
12438 - 13111
15631 - 18416
18417 - 18885
19944 - 23415
23416 - 23626
24704 - 25540
25828 - 27813
27814 - 28848
29215 - 30269
31298 - 32783
32784 - 36641
38921 - 39805
39806 - 40611
42256 - 45128
45129 - 51633
51634 - 53761
53762 - 53933
54023 - 54706
58733 - 60122
64118 - 66736
69308 - 70748
71878 - 74967
74968 - 75182
76061 - 78084
80114 - 80149
81993 - 83476
83477 - 85967
85968 - 88198
90020 - 91046
91484 - 92621
95050 - 98834
99921 - 100169
101990 - 103246
105137 - 105842
109419 - 111419
113441 - 116848
116849 - 118692
118693 - 119467
120526 - 122531
124352 - 124531
-------------------------------------------
-----after push_string(55765 - 56738)---
3791 - 5592
5593 - 5842
8079 - 10755
10756 - 12437
12438 - 13111
15631 - 18416
18417 - 18885
19944 - 23415
23416 - 23626
24704 - 25540
25828 - 27813
27814 - 28848
29215 - 30269
31298 - 32783
32784 - 36641
38921 - 39805
39806 - 40611
42256 - 45128
45129 - 51633
51634 - 53761
53762 - 53933
54023 - 54706
55765 - 56737
58733 - 60122
64118 - 66736
69308 - 70748
71878 - 74967
74968 - 75182
76061 - 78084
80114 - 80149
81993 - 83476
83477 - 85967
85968 - 88198
90020 - 91046
91484 - 92621
95050 - 98834
99921 - 100169
101990 - 103246
105137 - 105842
109419 - 111419
113441 - 116848
116849 - 118692
118693 - 119467
120526 - 122531
124352 - 124531
-------------------------------------------
-----after push_string(25541 - 25828)---
3791 - 5592
5593 - 5842
8079 - 10755
10756 - 12437
12438 - 13111
15631 - 18416
18417 - 18885
19944 - 23415
23416 - 23626
24704 - 25827
25828 - 27813
27814 - 28848
29215 - 30269
31298 - 32783
32784 - 36641
38921 - 39805
39806 - 40611
42256 - 45128
45129 - 51633
51634 - 53761
53762 - 53933
54023 - 54706
55765 - 56737
58733 - 60122
64118 - 66736
69308 - 70748
71878 - 74967
74968 - 75182
76061 - 78084
80114 - 80149
81993 - 83476
83477 - 85967
85968 - 88198
90020 - 91046
91484 - 92621
95050 - 98834
99921 - 100169
101990 - 103246
105137 - 105842
109419 - 111419
113441 - 116848
116849 - 118692
118693 - 119467
120526 - 122531
124352 - 124531
-------------------------------------------
-----after push_string(88199 - 90020)---
3791 - 5592
5593 - 5842
8079 - 10755
10756 - 12437
12438 - 13111
15631 - 18416
18417 - 18885
19944 - 23415
23416 - 23626
24704 - 25827
25828 - 27813
27814 - 28848
29215 - 30269
31298 - 32783
32784 - 36641
38921 - 39805
39806 - 40611
42256 - 45128
45129 - 51633
51634 - 53761
53762 - 53933
54023 - 54706
55765 - 56737
58733 - 60122
64118 - 66736
69308 - 70748
71878 - 74967
74968 - 75182
76061 - 78084
80114 - 80149
81993 - 83476
83477 - 85967
85968 - 90019
90020 - 91046
91484 - 92621
95050 - 98834
99921 - 100169
101990 - 103246
105137 - 105842
109419 - 111419
113441 - 116848
116849 - 118692
118693 - 119467
120526 - 122531
124352 - 124531
-------------------------------------------
-----after push_string(80150 - 81993)---
3791 - 5592
5593 - 5842
8079 - 10755
10756 - 12437
12438 - 13111
15631 - 18416
18417 - 18885
19944 - 23415
23416 - 23626
24704 - 25827
25828 - 27813
27814 - 28848
29215 - 30269
31298 - 32783
32784 - 36641
38921 - 39805
39806 - 40611
42256 - 45128
45129 - 51633
51634 - 53761
53762 - 53933
54023 - 54706
55765 - 56737
58733 - 60122
64118 - 66736
69308 - 70748
71878 - 74967
74968 - 75182
76061 - 78084
80114 - 81992
81993 - 83476
83477 - 85967
85968 - 90019
90020 - 91046
91484 - 92621
95050 - 98834
99921 - 100169
101990 - 103246
105137 - 105842
109419 - 111419
113441 - 116848
116849 - 118692
118693 - 119467
120526 - 122531
124352 - 124531
-------------------------------------------
-----after push_string(78085 - 80114)---
3791 - 5592
5593 - 5842
8079 - 10755
10756 - 12437
12438 - 13111
15631 - 18416
18417 - 18885
19944 - 23415
23416 - 23626
24704 - 25827
25828 - 27813
27814 - 28848
29215 - 30269
31298 - 32783
32784 - 36641
38921 - 39805
39806 - 40611
42256 - 45128
45129 - 51633
51634 - 53761
53762 - 53933
54023 - 54706
55765 - 56737
58733 - 60122
64118 - 66736
69308 - 70748
71878 - 74967
74968 - 75182
76061 - 80113
80114 - 81992
81993 - 83476
83477 - 85967
85968 - 90019
90020 - 91046
91484 - 92621
95050 - 98834
99921 - 100169
101990 - 103246
105137 - 105842
109419 - 111419
113441 - 116848
116849 - 118692
118693 - 119467
120526 - 122531
124352 - 124531
-------------------------------------------
-----after push_string(68207 - 69308)---
3791 - 5592
5593 - 5842
8079 - 10755
10756 - 12437
12438 - 13111
15631 - 18416
18417 - 18885
19944 - 23415
23416 - 23626
24704 - 25827
25828 - 27813
27814 - 28848
29215 - 30269
31298 - 32783
32784 - 36641
38921 - 39805
39806 - 40611
42256 - 45128
45129 - 51633
51634 - 53761
53762 - 53933
54023 - 54706
55765 - 56737
58733 - 60122
64118 - 66736
68207 - 69307
71878 - 74967
74968 - 75182
76061 - 80113
80114 - 81992
81993 - 83476
83477 - 85967
85968 - 90019
90020 - 91046
91484 - 92621
95050 - 98834
99921 - 100169
101990 - 103246
105137 - 105842
109419 - 111419
113441 - 116848
116849 - 118692
118693 - 119467
120526 - 122531
124352 - 124531
-------------------------------------------
-----after push_string(111830 - 113441)---
3791 - 5592
5593 - 5842
8079 - 10755
10756 - 12437
12438 - 13111
15631 - 18416
18417 - 18885
19944 - 23415
23416 - 23626
24704 - 25827
25828 - 27813
27814 - 28848
29215 - 30269
31298 - 32783
32784 - 36641
38921 - 39805
39806 - 40611
42256 - 45128
45129 - 51633
51634 - 53761
53762 - 53933
54023 - 54706
55765 - 56737
58733 - 60122
64118 - 66736
68207 - 69307
71878 - 74967
74968 - 75182
76061 - 80113
80114 - 81992
81993 - 83476
83477 - 85967
85968 - 90019
90020 - 91046
91484 - 92621
95050 - 98834
99921 - 100169
101990 - 103246
105137 - 105842
109419 - 111419
111830 - 113440
116849 - 118692
118693 - 119467
120526 - 122531
124352 - 124531
-------------------------------------------
-----after push_string(62481 - 64118)---
3791 - 5592
5593 - 5842
8079 - 10755
10756 - 12437
12438 - 13111
15631 - 18416
18417 - 18885
19944 - 23415
23416 - 23626
24704 - 25827
25828 - 27813
27814 - 28848
29215 - 30269
31298 - 32783
32784 - 36641
38921 - 39805
39806 - 40611
42256 - 45128
45129 - 51633
51634 - 53761
53762 - 53933
54023 - 54706
55765 - 56737
58733 - 60122
62481 - 64117
68207 - 69307
71878 - 74967
74968 - 75182
76061 - 80113
80114 - 81992
81993 - 83476
83477 - 85967
85968 - 90019
90020 - 91046
91484 - 92621
95050 - 98834
99921 - 100169
101990 - 103246
105137 - 105842
109419 - 111419
111830 - 113440
116849 - 118692
118693 - 119467
120526 - 122531
124352 - 124531
-------------------------------------------
-----after push_string(18886 - 19944)---
3791 - 5592
5593 - 5842
8079 - 10755
10756 - 12437
12438 - 13111
15631 - 18416
18417 - 19943
19944 - 23415
23416 - 23626
24704 - 25827
25828 - 27813
27814 - 28848
29215 - 30269
31298 - 32783
32784 - 36641
38921 - 39805
39806 - 40611
42256 - 45128
45129 - 51633
51634 - 53761
53762 - 53933
54023 - 54706
55765 - 56737
58733 - 60122
62481 - 64117
68207 - 69307
71878 - 74967
74968 - 75182
76061 - 80113
80114 - 81992
81993 - 83476
83477 - 85967
85968 - 90019
90020 - 91046
91484 - 92621
95050 - 98834
99921 - 100169
101990 - 103246
105137 - 105842
109419 - 111419
111830 - 113440
116849 - 118692
118693 - 119467
120526 - 122531
124352 - 124531
-------------------------------------------
-----after push_string(54707 - 55765)---
3791 - 5592
5593 - 5842
8079 - 10755
10756 - 12437
12438 - 13111
15631 - 18416
18417 - 19943
19944 - 23415
23416 - 23626
24704 - 25827
25828 - 27813
27814 - 28848
29215 - 30269
31298 - 32783
32784 - 36641
38921 - 39805
39806 - 40611
42256 - 45128
45129 - 51633
51634 - 53761
53762 - 53933
54023 - 55764
55765 - 56737
58733 - 60122
62481 - 64117
68207 - 69307
71878 - 74967
74968 - 75182
76061 - 80113
80114 - 81992
81993 - 83476
83477 - 85967
85968 - 90019
90020 - 91046
91484 - 92621
95050 - 98834
99921 - 100169
101990 - 103246
105137 - 105842
109419 - 111419
111830 - 113440
116849 - 118692
118693 - 119467
120526 - 122531
124352 - 124531
-------------------------------------------
-----after push_string(41203 - 42256)---
3791 - 5592
5593 - 5842
8079 - 10755
10756 - 12437
12438 - 13111
15631 - 18416
18417 - 19943
19944 - 23415
23416 - 23626
24704 - 25827
25828 - 27813
27814 - 28848
29215 - 30269
31298 - 32783
32784 - 36641
38921 - 39805
39806 - 40611
41203 - 42255
45129 - 51633
51634 - 53761
53762 - 53933
54023 - 55764
55765 - 56737
58733 - 60122
62481 - 64117
68207 - 69307
71878 - 74967
74968 - 75182
76061 - 80113
80114 - 81992
81993 - 83476
83477 - 85967
85968 - 90019
90020 - 91046
91484 - 92621
95050 - 98834
99921 - 100169
101990 - 103246
105137 - 105842
109419 - 111419
111830 - 113440
116849 - 118692
118693 - 119467
120526 - 122531
124352 - 124531
-------------------------------------------
-----after push_string(66737 - 68207)---
3791 - 5592
5593 - 5842
8079 - 10755
10756 - 12437
12438 - 13111
15631 - 18416
18417 - 19943
19944 - 23415
23416 - 23626
24704 - 25827
25828 - 27813
27814 - 28848
29215 - 30269
31298 - 32783
32784 - 36641
38921 - 39805
39806 - 40611
41203 - 42255
45129 - 51633
51634 - 53761
53762 - 53933
54023 - 55764
55765 - 56737
58733 - 60122
62481 - 64117
66737 - 68206
71878 - 74967
74968 - 75182
76061 - 80113
80114 - 81992
81993 - 83476
83477 - 85967
85968 - 90019
90020 - 91046
91484 - 92621
95050 - 98834
99921 - 100169
101990 - 103246
105137 - 105842
109419 - 111419
111830 - 113440
116849 - 118692
118693 - 119467
120526 - 122531
124352 - 124531
-------------------------------------------
-----after push_string(3670 - 3791)---
8079 - 10755
10756 - 12437
12438 - 13111
15631 - 18416
18417 - 19943
19944 - 23415
23416 - 23626
24704 - 25827
25828 - 27813
27814 - 28848
29215 - 30269
31298 - 32783
32784 - 36641
38921 - 39805
39806 - 40611
41203 - 42255
45129 - 51633
51634 - 53761
53762 - 53933
54023 - 55764
55765 - 56737
58733 - 60122
62481 - 64117
66737 - 68206
71878 - 74967
74968 - 75182
76061 - 80113
80114 - 81992
81993 - 83476
83477 - 85967
85968 - 90019
90020 - 91046
91484 - 92621
95050 - 98834
99921 - 100169
101990 - 103246
105137 - 105842
109419 - 111419
111830 - 113440
116849 - 118692
118693 - 119467
120526 - 122531
124352 - 124531
-------------------------------------------
-----after push_string(14046 - 15631)---
8079 - 10755
10756 - 12437
12438 - 13111
14046 - 15630
18417 - 19943
19944 - 23415
23416 - 23626
24704 - 25827
25828 - 27813
27814 - 28848
29215 - 30269
31298 - 32783
32784 - 36641
38921 - 39805
39806 - 40611
41203 - 42255
45129 - 51633
51634 - 53761
53762 - 53933
54023 - 55764
55765 - 56737
58733 - 60122
62481 - 64117
66737 - 68206
71878 - 74967
74968 - 75182
76061 - 80113
80114 - 81992
81993 - 83476
83477 - 85967
85968 - 90019
90020 - 91046
91484 - 92621
95050 - 98834
99921 - 100169
101990 - 103246
105137 - 105842
109419 - 111419
111830 - 113440
116849 - 118692
118693 - 119467
120526 - 122531
124352 - 124531
-------------------------------------------
-----after push_string(28849 - 29215)---
8079 - 10755
10756 - 12437
12438 - 13111
14046 - 15630
18417 - 19943
19944 - 23415
23416 - 23626
24704 - 25827
25828 - 27813
27814 - 29214
29215 - 30269
31298 - 32783
32784 - 36641
38921 - 39805
39806 - 40611
41203 - 42255
45129 - 51633
51634 - 53761
53762 - 53933
54023 - 55764
55765 - 56737
58733 - 60122
62481 - 64117
66737 - 68206
71878 - 74967
74968 - 75182
76061 - 80113
80114 - 81992
81993 - 83476
83477 - 85967
85968 - 90019
90020 - 91046
91484 - 92621
95050 - 98834
99921 - 100169
101990 - 103246
105137 - 105842
109419 - 111419
111830 - 113440
116849 - 118692
118693 - 119467
120526 - 122531
124352 - 124531
-------------------------------------------
-----after push_string(91047 - 91484)---
8079 - 10755
10756 - 12437
12438 - 13111
14046 - 15630
18417 - 19943
19944 - 23415
23416 - 23626
24704 - 25827
25828 - 27813
27814 - 29214
29215 - 30269
31298 - 32783
32784 - 36641
38921 - 39805
39806 - 40611
41203 - 42255
45129 - 51633
51634 - 53761
53762 - 53933
54023 - 55764
55765 - 56737
58733 - 60122
62481 - 64117
66737 - 68206
71878 - 74967
74968 - 75182
76061 - 80113
80114 - 81992
81993 - 83476
83477 - 85967
85968 - 90019
90020 - 91483
91484 - 92621
95050 - 98834
99921 - 100169
101990 - 103246
105137 - 105842
109419 - 111419
111830 - 113440
116849 - 118692
118693 - 119467
120526 - 122531
124352 - 124531
-------------------------------------------
-----after push_string(99580 - 99921)---
8079 - 10755
10756 - 12437
12438 - 13111
14046 - 15630
18417 - 19943
19944 - 23415
23416 - 23626
24704 - 25827
25828 - 27813
27814 - 29214
29215 - 30269
31298 - 32783
32784 - 36641
38921 - 39805
39806 - 40611
41203 - 42255
45129 - 51633
51634 - 53761
53762 - 53933
54023 - 55764
55765 - 56737
58733 - 60122
62481 - 64117
66737 - 68206
71878 - 74967
74968 - 75182
76061 - 80113
80114 - 81992
81993 - 83476
83477 - 85967
85968 - 90019
90020 - 91483
91484 - 92621
95050 - 98834
99580 - 99920
101990 - 103246
105137 - 105842
109419 - 111419
111830 - 113440
116849 - 118692
118693 - 119467
120526 - 122531
124352 - 124531
-------------------------------------------
-----after push_string(60935 - 62481)---
8079 - 10755
10756 - 12437
12438 - 13111
14046 - 15630
18417 - 19943
19944 - 23415
23416 - 23626
24704 - 25827
25828 - 27813
27814 - 29214
29215 - 30269
31298 - 32783
32784 - 36641
38921 - 39805
39806 - 40611
41203 - 42255
45129 - 51633
51634 - 53761
53762 - 53933
54023 - 55764
55765 - 56737
58733 - 60122
60935 - 62480
66737 - 68206
71878 - 74967
74968 - 75182
76061 - 80113
80114 - 81992
81993 - 83476
83477 - 85967
85968 - 90019
90020 - 91483
91484 - 92621
95050 - 98834
99580 - 99920
101990 - 103246
105137 - 105842
109419 - 111419
111830 - 113440
116849 - 118692
118693 - 119467
120526 - 122531
124352 - 124531
-------------------------------------------
-----after push_string(53934 - 54023)---
8079 - 10755
10756 - 12437
12438 - 13111
14046 - 15630
18417 - 19943
19944 - 23415
23416 - 23626
24704 - 25827
25828 - 27813
27814 - 29214
29215 - 30269
31298 - 32783
32784 - 36641
38921 - 39805
39806 - 40611
41203 - 42255
45129 - 51633
51634 - 53761
53762 - 54022
54023 - 55764
55765 - 56737
58733 - 60122
60935 - 62480
66737 - 68206
71878 - 74967
74968 - 75182
76061 - 80113
80114 - 81992
81993 - 83476
83477 - 85967
85968 - 90019
90020 - 91483
91484 - 92621
95050 - 98834
99580 - 99920
101990 - 103246
105137 - 105842
109419 - 111419
111830 - 113440
116849 - 118692
118693 - 119467
120526 - 122531
124352 - 124531
-------------------------------------------
-----after push_string(122865 - 124352)---
8079 - 10755
10756 - 12437
12438 - 13111
14046 - 15630
18417 - 19943
19944 - 23415
23416 - 23626
24704 - 25827
25828 - 27813
27814 - 29214
29215 - 30269
31298 - 32783
32784 - 36641
38921 - 39805
39806 - 40611
41203 - 42255
45129 - 51633
51634 - 53761
53762 - 54022
54023 - 55764
55765 - 56737
58733 - 60122
60935 - 62480
66737 - 68206
71878 - 74967
74968 - 75182
76061 - 80113
80114 - 81992
81993 - 83476
83477 - 85967
85968 - 90019
90020 - 91483
91484 - 92621
95050 - 98834
99580 - 99920
101990 - 103246
105137 - 105842
109419 - 111419
111830 - 113440
116849 - 118692
118693 - 119467
120526 - 122531
122865 - 124351
-------------------------------------------
-----after push_string(56738 - 58733)---
8079 - 10755
10756 - 12437
12438 - 13111
14046 - 15630
18417 - 19943
19944 - 23415
23416 - 23626
24704 - 25827
25828 - 27813
27814 - 29214
29215 - 30269
31298 - 32783
32784 - 36641
38921 - 39805
39806 - 40611
41203 - 42255
45129 - 51633
51634 - 53761
53762 - 54022
54023 - 55764
55765 - 58732
58733 - 60122
60935 - 62480
66737 - 68206
71878 - 74967
74968 - 75182
76061 - 80113
80114 - 81992
81993 - 83476
83477 - 85967
85968 - 90019
90020 - 91483
91484 - 92621
95050 - 98834
99580 - 99920
101990 - 103246
105137 - 105842
109419 - 111419
111830 - 113440
116849 - 118692
118693 - 119467
120526 - 122531
122865 - 124351
-------------------------------------------
-----after push_string(70749 - 71878)---
8079 - 10755
10756 - 12437
12438 - 13111
14046 - 15630
18417 - 19943
19944 - 23415
23416 - 23626
24704 - 25827
25828 - 27813
27814 - 29214
29215 - 30269
31298 - 32783
32784 - 36641
38921 - 39805
39806 - 40611
41203 - 42255
45129 - 51633
51634 - 53761
53762 - 54022
54023 - 55764
55765 - 58732
58733 - 60122
60935 - 62480
66737 - 68206
70749 - 71877
74968 - 75182
76061 - 80113
80114 - 81992
81993 - 83476
83477 - 85967
85968 - 90019
90020 - 91483
91484 - 92621
95050 - 98834
99580 - 99920
101990 - 103246
105137 - 105842
109419 - 111419
111830 - 113440
116849 - 118692
118693 - 119467
120526 - 122531
122865 - 124351
-------------------------------------------
-----after push_string(36642 - 37999)---
8079 - 10755
10756 - 12437
12438 - 13111
14046 - 15630
18417 - 19943
19944 - 23415
23416 - 23626
24704 - 25827
25828 - 27813
27814 - 29214
29215 - 30269
31298 - 32783
32784 - 37998
38921 - 39805
39806 - 40611
41203 - 42255
45129 - 51633
51634 - 53761
53762 - 54022
54023 - 55764
55765 - 58732
58733 - 60122
60935 - 62480
66737 - 68206
70749 - 71877
74968 - 75182
76061 - 80113
80114 - 81992
81993 - 83476
83477 - 85967
85968 - 90019
90020 - 91483
91484 - 92621
95050 - 98834
99580 - 99920
101990 - 103246
105137 - 105842
109419 - 111419
111830 - 113440
116849 - 118692
118693 - 119467
120526 - 122531
122865 - 124351
-------------------------------------------
-----after push_string(98835 - 99580)---
8079 - 10755
10756 - 12437
12438 - 13111
14046 - 15630
18417 - 19943
19944 - 23415
23416 - 23626
24704 - 25827
25828 - 27813
27814 - 29214
29215 - 30269
31298 - 32783
32784 - 37998
38921 - 39805
39806 - 40611
41203 - 42255
45129 - 51633
51634 - 53761
53762 - 54022
54023 - 55764
55765 - 58732
58733 - 60122
60935 - 62480
66737 - 68206
70749 - 71877
74968 - 75182
76061 - 80113
80114 - 81992
81993 - 83476
83477 - 85967
85968 - 90019
90020 - 91483
91484 - 92621
95050 - 99579
99580 - 99920
101990 - 103246
105137 - 105842
109419 - 111419
111830 - 113440
116849 - 118692
118693 - 119467
120526 - 122531
122865 - 124351
-------------------------------------------
-----after push_string(37999 - 38921)---
8079 - 10755
10756 - 12437
12438 - 13111
14046 - 15630
18417 - 19943
19944 - 23415
23416 - 23626
24704 - 25827
25828 - 27813
27814 - 29214
29215 - 30269
31298 - 32783
32784 - 38920
38921 - 39805
39806 - 40611
41203 - 42255
45129 - 51633
51634 - 53761
53762 - 54022
54023 - 55764
55765 - 58732
58733 - 60122
60935 - 62480
66737 - 68206
70749 - 71877
74968 - 75182
76061 - 80113
80114 - 81992
81993 - 83476
83477 - 85967
85968 - 90019
90020 - 91483
91484 - 92621
95050 - 99579
99580 - 99920
101990 - 103246
105137 - 105842
109419 - 111419
111830 - 113440
116849 - 118692
118693 - 119467
120526 - 122531
122865 - 124351
-------------------------------------------
-----after push_string(119468 - 120526)---
8079 - 10755
10756 - 12437
12438 - 13111
14046 - 15630
18417 - 19943
19944 - 23415
23416 - 23626
24704 - 25827
25828 - 27813
27814 - 29214
29215 - 30269
31298 - 32783
32784 - 38920
38921 - 39805
39806 - 40611
41203 - 42255
45129 - 51633
51634 - 53761
53762 - 54022
54023 - 55764
55765 - 58732
58733 - 60122
60935 - 62480
66737 - 68206
70749 - 71877
74968 - 75182
76061 - 80113
80114 - 81992
81993 - 83476
83477 - 85967
85968 - 90019
90020 - 91483
91484 - 92621
95050 - 99579
99580 - 99920
101990 - 103246
105137 - 105842
109419 - 111419
111830 - 113440
116849 - 118692
118693 - 120525
120526 - 122531
122865 - 124351
-------------------------------------------
Exception: test 1 - number of bytes RX is incorrect

      Start 20: t_strm_reassem_overlapping
 6/16 Test #20: t_strm_reassem_overlapping .......***Failed    0.17 sec
-----after push_string(0 - 1)---
-------------------------------------------
-----after push_string(0 - 2)---
-------------------------------------------
-----after push_string(0 - 1)---
-------------------------------------------
-----after push_string(0 - 2)---
-------------------------------------------
-----after push_string(1 - 2)---
1 - 1
-------------------------------------------
-----after push_string(0 - 2)---
-------------------------------------------
-----after push_string(1 - 2)---
1 - 1
-------------------------------------------
-----after push_string(1 - 3)---
-------------------------------------------
-----after push_string(2 - 3)---
2 - 2
-------------------------------------------
-----after push_string(1 - 4)---
1 - 3
-------------------------------------------
-----after push_string(1 - 2)---
1 - 1
-------------------------------------------
-----after push_string(3 - 4)---
1 - 1
3 - 3
-------------------------------------------
-----after push_string(1 - 5)---
-------------------------------------------
-----after push_string(2 - 3)---
2 - 2
-------------------------------------------
-----after push_string(1 - 4)---
1 - 3
-------------------------------------------
-----after push_string(0 - 1)---
-------------------------------------------
-----after push_string(1 - 4)---
1 - 3
-------------------------------------------
-----after push_string(2 - 3)---
2 - 4
-------------------------------------------
Test Failure on expectation:
	Expectation: bytes not assembled = 3

Failure message:
	The reassembler was expected to have `3` bytes not assembled, but there were `2`

List of steps that executed successfully:
	Initialized (capacity = 1000)
	Action:      substring submitted with data "bcd", index `1`, eof `0`
	Action:      substring submitted with data "c", index `2`, eof `0`
	Expectation: stream_out().buffer_size() returned 0, and stream_out().read(0) returned the string ""
	Expectation: net bytes assembled = 0

Exception: The reassembler was expected to have `3` bytes not assembled, but there were `2`

      Start 21: t_strm_reassem_win
 7/16 Test #21: t_strm_reassem_win ...............***Failed    0.14 sec
-----after push_string(108515 - 110898)---
108515 - 110897
-------------------------------------------
-----after push_string(31085 - 31340)---
31085 - 31339
108515 - 110897
-------------------------------------------
-----after push_string(120722 - 123031)---
31085 - 31339
108515 - 110897
120722 - 123030
-------------------------------------------
-----after push_string(50805 - 53434)---
31085 - 31339
50805 - 53433
108515 - 110897
120722 - 123030
-------------------------------------------
-----after push_string(94263 - 95776)---
31085 - 31339
50805 - 53433
94263 - 95775
108515 - 110897
120722 - 123030
-------------------------------------------
-----after push_string(64985 - 66295)---
31085 - 31339
50805 - 53433
64985 - 66294
94263 - 95775
108515 - 110897
120722 - 123030
-------------------------------------------
-----after push_string(21939 - 22912)---
21939 - 22911
31085 - 31339
50805 - 53433
64985 - 66294
94263 - 95775
108515 - 110897
120722 - 123030
-------------------------------------------
-----after push_string(101695 - 102373)---
21939 - 22911
31085 - 31339
50805 - 53433
64985 - 66294
94263 - 95775
101695 - 102372
108515 - 110897
120722 - 123030
-------------------------------------------
-----after push_string(15274 - 15957)---
15274 - 15956
21939 - 22911
31085 - 31339
50805 - 53433
64985 - 66294
94263 - 95775
101695 - 102372
108515 - 110897
120722 - 123030
-------------------------------------------
-----after push_string(46020 - 47898)---
15274 - 15956
21939 - 22911
31085 - 31339
46020 - 47897
50805 - 53433
64985 - 66294
94263 - 95775
101695 - 102372
108515 - 110897
120722 - 123030
-------------------------------------------
-----after push_string(8112 - 8636)---
8112 - 8635
15274 - 15956
21939 - 22911
31085 - 31339
46020 - 47897
50805 - 53433
64985 - 66294
94263 - 95775
101695 - 102372
108515 - 110897
120722 - 123030
-------------------------------------------
-----after push_string(81467 - 83344)---
8112 - 8635
15274 - 15956
21939 - 22911
31085 - 31339
46020 - 47897
50805 - 53433
64985 - 66294
81467 - 83343
94263 - 95775
101695 - 102372
108515 - 110897
120722 - 123030
-------------------------------------------
-----after push_string(86519 - 88274)---
8112 - 8635
15274 - 15956
21939 - 22911
31085 - 31339
46020 - 47897
50805 - 53433
64985 - 66294
81467 - 83343
86519 - 88273
94263 - 95775
101695 - 102372
108515 - 110897
120722 - 123030
-------------------------------------------
-----after push_string(110542 - 111619)---
8112 - 8635
15274 - 15956
21939 - 22911
31085 - 31339
46020 - 47897
50805 - 53433
64985 - 66294
81467 - 83343
86519 - 88273
94263 - 95775
101695 - 102372
108515 - 111618
120722 - 123030
-------------------------------------------
-----after push_string(26556 - 28745)---
8112 - 8635
15274 - 15956
21939 - 22911
26556 - 28744
31085 - 31339
46020 - 47897
50805 - 53433
64985 - 66294
81467 - 83343
86519 - 88273
94263 - 95775
101695 - 102372
108515 - 111618
120722 - 123030
-------------------------------------------
-----after push_string(122447 - 124880)---
8112 - 8635
15274 - 15956
21939 - 22911
26556 - 28744
31085 - 31339
46020 - 47897
50805 - 53433
64985 - 66294
81467 - 83343
86519 - 88273
94263 - 95775
101695 - 102372
108515 - 111618
120722 - 124879
-------------------------------------------
-----after push_string(76931 - 79181)---
8112 - 8635
15274 - 15956
21939 - 22911
26556 - 28744
31085 - 31339
46020 - 47897
50805 - 53433
64985 - 66294
76931 - 79180
81467 - 83343
86519 - 88273
94263 - 95775
101695 - 102372
108515 - 111618
120722 - 124879
-------------------------------------------
-----after push_string(100215 - 101940)---
8112 - 8635
15274 - 15956
21939 - 22911
26556 - 28744
31085 - 31339
46020 - 47897
50805 - 53433
64985 - 66294
76931 - 79180
81467 - 83343
86519 - 88273
94263 - 95775
100215 - 102184
108515 - 111618
120722 - 124879
-------------------------------------------
-----after push_string(83221 - 85264)---
8112 - 8635
15274 - 15956
21939 - 22911
26556 - 28744
31085 - 31339
46020 - 47897
50805 - 53433
64985 - 66294
76931 - 79180
81467 - 85263
86519 - 88273
94263 - 95775
100215 - 102184
108515 - 111618
120722 - 124879
-------------------------------------------
-----after push_string(22390 - 23569)---
8112 - 8635
15274 - 15956
21939 - 23568
26556 - 28744
31085 - 31339
46020 - 47897
50805 - 53433
64985 - 66294
76931 - 79180
81467 - 85263
86519 - 88273
94263 - 95775
100215 - 102184
108515 - 111618
120722 - 124879
-------------------------------------------
-----after push_string(36005 - 37351)---
8112 - 8635
15274 - 15956
21939 - 23568
26556 - 28744
31085 - 31339
36005 - 37350
46020 - 47897
50805 - 53433
64985 - 66294
76931 - 79180
81467 - 85263
86519 - 88273
94263 - 95775
100215 - 102184
108515 - 111618
120722 - 124879
-------------------------------------------
-----after push_string(89628 - 91355)---
8112 - 8635
15274 - 15956
21939 - 23568
26556 - 28744
31085 - 31339
36005 - 37350
46020 - 47897
50805 - 53433
64985 - 66294
76931 - 79180
81467 - 85263
86519 - 88273
89628 - 91354
94263 - 95775
100215 - 102184
108515 - 111618
120722 - 124879
-------------------------------------------
-----after push_string(6278 - 8216)---
6278 - 8635
15274 - 15956
21939 - 23568
26556 - 28744
31085 - 31339
36005 - 37350
46020 - 47897
50805 - 53433
64985 - 66294
76931 - 79180
81467 - 85263
86519 - 88273
89628 - 91354
94263 - 95775
100215 - 102184
108515 - 111618
120722 - 124879
-------------------------------------------
-----after push_string(9594 - 10169)---
6278 - 8635
9594 - 10168
15274 - 15956
21939 - 23568
26556 - 28744
31085 - 31339
36005 - 37350
46020 - 47897
50805 - 53433
64985 - 66294
76931 - 79180
81467 - 85263
86519 - 88273
89628 - 91354
94263 - 95775
100215 - 102184
108515 - 111618
120722 - 124879
-------------------------------------------
-----after push_string(243 - 1576)---
243 - 1575
6278 - 8635
9594 - 10168
15274 - 15956
21939 - 23568
26556 - 28744
31085 - 31339
36005 - 37350
46020 - 47897
50805 - 53433
64985 - 66294
76931 - 79180
81467 - 85263
86519 - 88273
89628 - 91354
94263 - 95775
100215 - 102184
108515 - 111618
120722 - 124879
-------------------------------------------
-----after push_string(28311 - 30387)---
243 - 1575
6278 - 8635
9594 - 10168
15274 - 15956
21939 - 23568
26556 - 30386
31085 - 31339
36005 - 37350
46020 - 47897
50805 - 53433
64985 - 66294
76931 - 79180
81467 - 85263
86519 - 88273
89628 - 91354
94263 - 95775
100215 - 102184
108515 - 111618
120722 - 124879
-------------------------------------------
-----after push_string(70412 - 72109)---
243 - 1575
6278 - 8635
9594 - 10168
15274 - 15956
21939 - 23568
26556 - 30386
31085 - 31339
36005 - 37350
46020 - 47897
50805 - 53433
64985 - 66294
70412 - 72108
76931 - 79180
81467 - 85263
86519 - 88273
89628 - 91354
94263 - 95775
100215 - 102184
108515 - 111618
120722 - 124879
-------------------------------------------
-----after push_string(100411 - 100825)---
243 - 1575
6278 - 8635
9594 - 10168
15274 - 15956
21939 - 23568
26556 - 30386
31085 - 31339
36005 - 37350
46020 - 47897
50805 - 53433
64985 - 66294
70412 - 72108
76931 - 79180
81467 - 85263
86519 - 88273
89628 - 91354
94263 - 95775
100411 - 101434
108515 - 111618
120722 - 124879
-------------------------------------------
-----after push_string(104033 - 106290)---
243 - 1575
6278 - 8635
9594 - 10168
15274 - 15956
21939 - 23568
26556 - 30386
31085 - 31339
36005 - 37350
46020 - 47897
50805 - 53433
64985 - 66294
70412 - 72108
76931 - 79180
81467 - 85263
86519 - 88273
89628 - 91354
94263 - 95775
100411 - 101434
104033 - 106289
108515 - 111618
120722 - 124879
-------------------------------------------
-----after push_string(39283 - 41523)---
243 - 1575
6278 - 8635
9594 - 10168
15274 - 15956
21939 - 23568
26556 - 30386
31085 - 31339
36005 - 37350
39283 - 41522
46020 - 47897
50805 - 53433
64985 - 66294
70412 - 72108
76931 - 79180
81467 - 85263
86519 - 88273
89628 - 91354
94263 - 95775
100411 - 101434
104033 - 106289
108515 - 111618
120722 - 124879
-------------------------------------------
-----after push_string(59044 - 59392)---
243 - 1575
6278 - 8635
9594 - 10168
15274 - 15956
21939 - 23568
26556 - 30386
31085 - 31339
36005 - 37350
39283 - 41522
46020 - 47897
50805 - 53433
59044 - 59391
64985 - 66294
70412 - 72108
76931 - 79180
81467 - 85263
86519 - 88273
89628 - 91354
94263 - 95775
100411 - 101434
104033 - 106289
108515 - 111618
120722 - 124879
-------------------------------------------
-----after push_string(75720 - 77473)---
243 - 1575
6278 - 8635
9594 - 10168
15274 - 15956
21939 - 23568
26556 - 30386
31085 - 31339
36005 - 37350
39283 - 41522
46020 - 47897
50805 - 53433
59044 - 59391
64985 - 66294
70412 - 72108
75720 - 78014
81467 - 85263
86519 - 88273
89628 - 91354
94263 - 95775
100411 - 101434
104033 - 106289
108515 - 111618
120722 - 124879
-------------------------------------------
-----after push_string(68230 - 70539)---
243 - 1575
6278 - 8635
9594 - 10168
15274 - 15956
21939 - 23568
26556 - 30386
31085 - 31339
36005 - 37350
39283 - 41522
46020 - 47897
50805 - 53433
59044 - 59391
64985 - 66294
68230 - 70665
75720 - 78014
81467 - 85263
86519 - 88273
89628 - 91354
94263 - 95775
100411 - 101434
104033 - 106289
108515 - 111618
120722 - 124879
-------------------------------------------
-----after push_string(125795 - 126540)---
243 - 1575
6278 - 8635
9594 - 10168
15274 - 15956
21939 - 23568
26556 - 30386
31085 - 31339
36005 - 37350
39283 - 41522
46020 - 47897
50805 - 53433
59044 - 59391
64985 - 66294
68230 - 70665
75720 - 78014
81467 - 85263
86519 - 88273
89628 - 91354
94263 - 95775
100411 - 101434
104033 - 106289
108515 - 111618
120722 - 124879
125795 - 126539
-------------------------------------------
-----after push_string(80025 - 80217)---
243 - 1575
6278 - 8635
9594 - 10168
15274 - 15956
21939 - 23568
26556 - 30386
31085 - 31339
36005 - 37350
39283 - 41522
46020 - 47897
50805 - 53433
59044 - 59391
64985 - 66294
68230 - 70665
75720 - 78014
80025 - 80216
81467 - 85263
86519 - 88273
89628 - 91354
94263 - 95775
100411 - 101434
104033 - 106289
108515 - 111618
120722 - 124879
125795 - 126539
-------------------------------------------
-----after push_string(127870 - 130113)---
243 - 1575
6278 - 8635
9594 - 10168
15274 - 15956
21939 - 23568
26556 - 30386
31085 - 31339
36005 - 37350
39283 - 41522
46020 - 47897
50805 - 53433
59044 - 59391
64985 - 66294
68230 - 70665
75720 - 78014
80025 - 80216
81467 - 85263
86519 - 88273
89628 - 91354
94263 - 95775
100411 - 101434
104033 - 106289
108515 - 111618
120722 - 124879
125795 - 126539
127870 - 130112
-------------------------------------------
-----after push_string(59322 - 61250)---
243 - 1575
6278 - 8635
9594 - 10168
15274 - 15956
21939 - 23568
26556 - 30386
31085 - 31339
36005 - 37350
39283 - 41522
46020 - 47897
50805 - 53433
59044 - 61249
64985 - 66294
68230 - 70665
75720 - 78014
80025 - 80216
81467 - 85263
86519 - 88273
89628 - 91354
94263 - 95775
100411 - 101434
104033 - 106289
108515 - 111618
120722 - 124879
125795 - 126539
127870 - 130112
-------------------------------------------
-----after push_string(18984 - 19297)---
243 - 1575
6278 - 8635
9594 - 10168
15274 - 15956
18984 - 19296
21939 - 23568
26556 - 30386
31085 - 31339
36005 - 37350
39283 - 41522
46020 - 47897
50805 - 53433
59044 - 61249
64985 - 66294
68230 - 70665
75720 - 78014
80025 - 80216
81467 - 85263
86519 - 88273
89628 - 91354
94263 - 95775
100411 - 101434
104033 - 106289
108515 - 111618
120722 - 124879
125795 - 126539
127870 - 130112
-------------------------------------------
-----after push_string(52765 - 54073)---
243 - 1575
6278 - 8635
9594 - 10168
15274 - 15956
18984 - 19296
21939 - 23568
26556 - 30386
31085 - 31339
36005 - 37350
39283 - 41522
46020 - 47897
50805 - 54072
59044 - 61249
64985 - 66294
68230 - 70665
75720 - 78014
80025 - 80216
81467 - 85263
86519 - 88273
89628 - 91354
94263 - 95775
100411 - 101434
104033 - 106289
108515 - 111618
120722 - 124879
125795 - 126539
127870 - 130112
-------------------------------------------
-----after push_string(72275 - 73970)---
243 - 1575
6278 - 8635
9594 - 10168
15274 - 15956
18984 - 19296
21939 - 23568
26556 - 30386
31085 - 31339
36005 - 37350
39283 - 41522
46020 - 47897
50805 - 54072
59044 - 61249
64985 - 66294
68230 - 70665
72275 - 73969
75720 - 78014
80025 - 80216
81467 - 85263
86519 - 88273
89628 - 91354
94263 - 95775
100411 - 101434
104033 - 106289
108515 - 111618
120722 - 124879
125795 - 126539
127870 - 130112
-------------------------------------------
-----after push_string(110688 - 112396)---
243 - 1575
6278 - 8635
9594 - 10168
15274 - 15956
18984 - 19296
21939 - 23568
26556 - 30386
31085 - 31339
36005 - 37350
39283 - 41522
46020 - 47897
50805 - 54072
59044 - 61249
64985 - 66294
68230 - 70665
72275 - 73969
75720 - 78014
80025 - 80216
81467 - 85263
86519 - 88273
89628 - 91354
94263 - 95775
100411 - 101434
104033 - 106289
108515 - 112395
120722 - 124879
125795 - 126539
127870 - 130112
-------------------------------------------
-----after push_string(43486 - 45211)---
243 - 1575
6278 - 8635
9594 - 10168
15274 - 15956
18984 - 19296
21939 - 23568
26556 - 30386
31085 - 31339
36005 - 37350
39283 - 41522
43486 - 45210
46020 - 47897
50805 - 54072
59044 - 61249
64985 - 66294
68230 - 70665
72275 - 73969
75720 - 78014
80025 - 80216
81467 - 85263
86519 - 88273
89628 - 91354
94263 - 95775
100411 - 101434
104033 - 106289
108515 - 112395
120722 - 124879
125795 - 126539
127870 - 130112
-------------------------------------------
Exception: basic_string::substr: __pos (which is 7800) > this->size() (which is 4158)

      Start 22: t_strm_reassem_cap
 8/16 Test #22: t_strm_reassem_cap ...............   Passed    2.33 sec
      Start 23: t_byte_stream_construction
 9/16 Test #23: t_byte_stream_construction .......   Passed    0.15 sec
      Start 24: t_byte_stream_one_write
10/16 Test #24: t_byte_stream_one_write ..........   Passed    0.21 sec
      Start 25: t_byte_stream_two_writes
11/16 Test #25: t_byte_stream_two_writes .........   Passed    0.15 sec
      Start 26: t_byte_stream_capacity
12/16 Test #26: t_byte_stream_capacity ...........   Passed    4.15 sec
      Start 27: t_byte_stream_many_writes
13/16 Test #27: t_byte_stream_many_writes ........   Passed    0.21 sec
      Start 50: t_address_dt
14/16 Test #50: t_address_dt .....................   Passed    0.11 sec
      Start 51: t_parser_dt
15/16 Test #51: t_parser_dt ......................   Passed    0.10 sec
      Start 52: t_socket_dt
16/16 Test #52: t_socket_dt ......................   Passed    0.16 sec

81% tests passed, 3 tests failed out of 16

Total Test time (real) =   9.67 sec

The following tests FAILED:
	 19 - t_strm_reassem_many (Failed)
	 20 - t_strm_reassem_overlapping (Failed)
	 21 - t_strm_reassem_win (Failed)
Errors while running CTest
CMakeFiles/check_lab1.dir/build.make:57: recipe for target 'CMakeFiles/check_lab1' failed
make[3]: *** [CMakeFiles/check_lab1] Error 8
CMakeFiles/Makefile2:2759: recipe for target 'CMakeFiles/check_lab1.dir/all' failed
make[2]: *** [CMakeFiles/check_lab1.dir/all] Error 2
CMakeFiles/Makefile2:2766: recipe for target 'CMakeFiles/check_lab1.dir/rule' failed
make[1]: *** [CMakeFiles/check_lab1.dir/rule] Error 2
Makefile:1195: recipe for target 'check_lab1' failed
make: *** [check_lab1] Error 2
