[100%] Testing the stream reassembler...
Test project /mnt/i/DIY/CS144/sponge/build
      Start 15: t_strm_reassem_single
 1/16 Test #15: t_strm_reassem_single ............   Passed    0.13 sec
      Start 16: t_strm_reassem_seq
 2/16 Test #16: t_strm_reassem_seq ...............   Passed    0.18 sec
      Start 17: t_strm_reassem_dup
 3/16 Test #17: t_strm_reassem_dup ...............   Passed    0.27 sec
      Start 18: t_strm_reassem_holes
 4/16 Test #18: t_strm_reassem_holes .............   Passed    0.17 sec
      Start 19: t_strm_reassem_many
 5/16 Test #19: t_strm_reassem_many ..............***Failed    0.15 sec
-----after push_string(14140 - 14983)---
14140 - 14983
-------------------------------------------
-----after push_string(126892 - 127046)---
14140 - 14983
126892 - 127046
-------------------------------------------
-----after push_string(33004 - 34440)---
14140 - 14983
126892 - 127046
-------------------------------------------
-----after push_string(59468 - 61166)---
14140 - 14983
126892 - 127046
-------------------------------------------
-----after push_string(75860 - 76952)---
14140 - 14983
126892 - 127046
-------------------------------------------
-----after push_string(0 - 630)---
14140 - 14983
126892 - 127046
-------------------------------------------
-----after push_string(113288 - 113682)---
14140 - 14983
126892 - 127046
-------------------------------------------
-----after push_string(96505 - 97225)---
14140 - 14983
126892 - 127046
-------------------------------------------
-----after push_string(29889 - 31420)---
14140 - 14983
126892 - 127046
-------------------------------------------
-----after push_string(34440 - 35563)---
14140 - 14983
126892 - 127046
-------------------------------------------
-----after push_string(81408 - 83062)---
14140 - 14983
126892 - 127046
-------------------------------------------
-----after push_string(3842 - 4036)---
3842 - 4036
14140 - 14983
126892 - 127046
-------------------------------------------
-----after push_string(84813 - 86722)---
3842 - 4036
14140 - 14983
126892 - 127046
-------------------------------------------
-----after push_string(40347 - 40952)---
3842 - 4036
14140 - 14983
126892 - 127046
-------------------------------------------
-----after push_string(121010 - 122969)---
3842 - 4036
14140 - 14983
126892 - 127046
-------------------------------------------
-----after push_string(16640 - 16706)---
3842 - 4036
14140 - 14983
126892 - 127046
-------------------------------------------
-----after push_string(83139 - 84813)---
3842 - 4036
14140 - 14983
126892 - 127046
-------------------------------------------
-----after push_string(76952 - 78544)---
3842 - 4036
14140 - 14983
126892 - 127046
-------------------------------------------
-----after push_string(42831 - 44206)---
3842 - 4036
14140 - 14983
126892 - 127046
-------------------------------------------
-----after push_string(3740 - 3842)---
3740 - 3842
3842 - 4036
14140 - 14983
126892 - 127046
-------------------------------------------
-----after push_string(126236 - 126892)---
3740 - 3842
3842 - 4036
14140 - 14983
126892 - 127046
-------------------------------------------
-----after push_string(38321 - 38595)---
3740 - 3842
3842 - 4036
14140 - 14983
126892 - 127046
-------------------------------------------
-----after push_string(28115 - 28368)---
3740 - 3842
3842 - 4036
14140 - 14983
126892 - 127046
-------------------------------------------
-----after push_string(46679 - 47412)---
3740 - 3842
3842 - 4036
14140 - 14983
126892 - 127046
-------------------------------------------
-----after push_string(95390 - 96505)---
3740 - 3842
3842 - 4036
14140 - 14983
126892 - 127046
-------------------------------------------
-----after push_string(5977 - 7767)---
3740 - 3842
3842 - 4036
14140 - 14983
126892 - 127046
-------------------------------------------
-----after push_string(47412 - 48528)---
3740 - 3842
3842 - 4036
14140 - 14983
126892 - 127046
-------------------------------------------
-----after push_string(38595 - 40347)---
3740 - 3842
3842 - 4036
14140 - 14983
126892 - 127046
-------------------------------------------
-----after push_string(37286 - 37845)---
3740 - 3842
3842 - 4036
14140 - 14983
126892 - 127046
-------------------------------------------
-----after push_string(116989 - 118544)---
3740 - 3842
3842 - 4036
14140 - 14983
126892 - 127046
-------------------------------------------
-----after push_string(119956 - 120346)---
3740 - 3842
3842 - 4036
14140 - 14983
126892 - 127046
-------------------------------------------
-----after push_string(24329 - 25838)---
3740 - 3842
3842 - 4036
14140 - 14983
126892 - 127046
-------------------------------------------
-----after push_string(88894 - 90073)---
3740 - 3842
3842 - 4036
14140 - 14983
126892 - 127046
-------------------------------------------
-----after push_string(140946 - 141636)---
3740 - 3842
3842 - 4036
14140 - 14983
126892 - 127046
140946 - 141636
-------------------------------------------
-----after push_string(64707 - 66635)---
3740 - 3842
3842 - 4036
14140 - 14983
126892 - 127046
140946 - 141636
-------------------------------------------
-----after push_string(138692 - 139929)---
3740 - 3842
3842 - 4036
14140 - 14983
126892 - 127046
140946 - 141636
-------------------------------------------
-----after push_string(15051 - 16640)---
3740 - 3842
3842 - 4036
14140 - 14983
126892 - 127046
140946 - 141636
-------------------------------------------
-----after push_string(127046 - 127951)---
3740 - 3842
3842 - 4036
14140 - 14983
126892 - 127951
140946 - 141636
-------------------------------------------
-----after push_string(31420 - 33004)---
3740 - 3842
3842 - 4036
14140 - 14983
126892 - 127951
140946 - 141636
-------------------------------------------
-----after push_string(37845 - 38321)---
3740 - 3842
3842 - 4036
14140 - 14983
126892 - 127951
140946 - 141636
-------------------------------------------
-----after push_string(114965 - 115954)---
3740 - 3842
3842 - 4036
14140 - 14983
126892 - 127951
140946 - 141636
-------------------------------------------
-----after push_string(55063 - 56309)---
3740 - 3842
3842 - 4036
14140 - 14983
126892 - 127951
140946 - 141636
-------------------------------------------
-----after push_string(56309 - 58089)---
3740 - 3842
3842 - 4036
14140 - 14983
126892 - 127951
140946 - 141636
-------------------------------------------
-----after push_string(37107 - 37286)---
3740 - 3842
3842 - 4036
14140 - 14983
126892 - 127951
140946 - 141636
-------------------------------------------
-----after push_string(130658 - 131956)---
3740 - 3842
3842 - 4036
14140 - 14983
126892 - 127951
140946 - 141636
-------------------------------------------
-----after push_string(86958 - 88894)---
3740 - 3842
3842 - 4036
14140 - 14983
126892 - 127951
140946 - 141636
-------------------------------------------
-----after push_string(27458 - 28115)---
3740 - 3842
3842 - 4036
14140 - 14983
126892 - 127951
140946 - 141636
-------------------------------------------
-----after push_string(78544 - 78748)---
3740 - 3842
3842 - 4036
14140 - 14983
126892 - 127951
140946 - 141636
-------------------------------------------
-----after push_string(51448 - 53375)---
3740 - 3842
3842 - 4036
14140 - 14983
126892 - 127951
140946 - 141636
-------------------------------------------
-----after push_string(66696 - 68517)---
3740 - 3842
3842 - 4036
14140 - 14983
126892 - 127951
140946 - 141636
-------------------------------------------
-----after push_string(73196 - 73890)---
3740 - 3842
3842 - 4036
14140 - 14983
126892 - 127951
140946 - 141636
-------------------------------------------
-----after push_string(14983 - 15051)---
3740 - 3842
3842 - 4036
14140 - 15051
126892 - 127951
140946 - 141636
-------------------------------------------
-----after push_string(58089 - 58755)---
3740 - 3842
3842 - 4036
14140 - 15051
126892 - 127951
140946 - 141636
-------------------------------------------
-----after push_string(80723 - 81408)---
3740 - 3842
3842 - 4036
14140 - 15051
126892 - 127951
140946 - 141636
-------------------------------------------
-----after push_string(135755 - 136193)---
3740 - 3842
3842 - 4036
14140 - 15051
126892 - 127951
140946 - 141636
-------------------------------------------
-----after push_string(25838 - 27458)---
3740 - 3842
3842 - 4036
14140 - 15051
126892 - 127951
140946 - 141636
-------------------------------------------
-----after push_string(19692 - 20041)---
3740 - 3842
3842 - 4036
14140 - 15051
126892 - 127951
140946 - 141636
-------------------------------------------
-----after push_string(97225 - 97890)---
3740 - 3842
3842 - 4036
14140 - 15051
126892 - 127951
140946 - 141636
-------------------------------------------
-----after push_string(97890 - 99820)---
3740 - 3842
3842 - 4036
14140 - 15051
126892 - 127951
140946 - 141636
-------------------------------------------
-----after push_string(12633 - 13558)---
3740 - 3842
3842 - 4036
14140 - 15051
126892 - 127951
140946 - 141636
-------------------------------------------
-----after push_string(4036 - 4954)---
3740 - 3842
3842 - 4954
14140 - 15051
126892 - 127951
140946 - 141636
-------------------------------------------
-----after push_string(16966 - 18711)---
3740 - 3842
3842 - 4954
14140 - 15051
126892 - 127951
140946 - 141636
-------------------------------------------
-----after push_string(107122 - 107387)---
3740 - 3842
3842 - 4954
14140 - 15051
126892 - 127951
140946 - 141636
-------------------------------------------
-----after push_string(21720 - 23025)---
3740 - 3842
3842 - 4954
14140 - 15051
126892 - 127951
140946 - 141636
-------------------------------------------
-----after push_string(23025 - 23335)---
3740 - 3842
3842 - 4954
14140 - 15051
126892 - 127951
140946 - 141636
-------------------------------------------
-----after push_string(58755 - 59149)---
3740 - 3842
3842 - 4954
14140 - 15051
126892 - 127951
140946 - 141636
-------------------------------------------
-----after push_string(23335 - 24329)---
3740 - 3842
3842 - 4954
14140 - 15051
126892 - 127951
140946 - 141636
-------------------------------------------
-----after push_string(2286 - 3740)---
2286 - 3740
3740 - 3842
3842 - 4954
14140 - 15051
126892 - 127951
140946 - 141636
-------------------------------------------
-----after push_string(99820 - 101667)---
2286 - 3740
3740 - 3842
3842 - 4954
14140 - 15051
126892 - 127951
140946 - 141636
-------------------------------------------
-----after push_string(133870 - 135755)---
2286 - 3740
3740 - 3842
3842 - 4954
14140 - 15051
126892 - 127951
140946 - 141636
-------------------------------------------
-----after push_string(48528 - 49694)---
2286 - 3740
3740 - 3842
3842 - 4954
14140 - 15051
126892 - 127951
140946 - 141636
-------------------------------------------
-----after push_string(49694 - 51448)---
2286 - 3740
3740 - 3842
3842 - 4954
14140 - 15051
126892 - 127951
140946 - 141636
-------------------------------------------
-----after push_string(68517 - 70480)---
2286 - 3740
3740 - 3842
3842 - 4954
14140 - 15051
126892 - 127951
140946 - 141636
-------------------------------------------
-----after push_string(78748 - 80723)---
2286 - 3740
3740 - 3842
3842 - 4954
14140 - 15051
126892 - 127951
140946 - 141636
-------------------------------------------
-----after push_string(105247 - 107122)---
2286 - 3740
3740 - 3842
3842 - 4954
14140 - 15051
126892 - 127951
140946 - 141636
-------------------------------------------
-----after push_string(46468 - 46679)---
2286 - 3740
3740 - 3842
3842 - 4954
14140 - 15051
126892 - 127951
140946 - 141636
-------------------------------------------
-----after push_string(107387 - 107756)---
2286 - 3740
3740 - 3842
3842 - 4954
14140 - 15051
126892 - 127951
140946 - 141636
-------------------------------------------
-----after push_string(16706 - 16966)---
2286 - 3740
3740 - 3842
3842 - 4954
14140 - 15051
126892 - 127951
140946 - 141636
-------------------------------------------
-----after push_string(101667 - 103640)---
2286 - 3740
3740 - 3842
3842 - 4954
14140 - 15051
126892 - 127951
140946 - 141636
-------------------------------------------
-----after push_string(139929 - 140946)---
2286 - 3740
3740 - 3842
3842 - 4954
14140 - 15051
126892 - 127951
140946 - 141636
-------------------------------------------
-----after push_string(59149 - 59468)---
2286 - 3740
3740 - 3842
3842 - 4954
14140 - 15051
126892 - 127951
140946 - 141636
-------------------------------------------
-----after push_string(120346 - 121010)---
2286 - 3740
3740 - 3842
3842 - 4954
14140 - 15051
126892 - 127951
140946 - 141636
-------------------------------------------
-----after push_string(91386 - 93199)---
2286 - 3740
3740 - 3842
3842 - 4954
14140 - 15051
126892 - 127951
140946 - 141636
-------------------------------------------
-----after push_string(13558 - 14140)---
2286 - 3740
3740 - 3842
3842 - 4954
14140 - 15051
126892 - 127951
140946 - 141636
-------------------------------------------
-----after push_string(71895 - 73196)---
2286 - 3740
3740 - 3842
3842 - 4954
14140 - 15051
126892 - 127951
140946 - 141636
-------------------------------------------
-----after push_string(9249 - 10945)---
2286 - 3740
3740 - 3842
3842 - 4954
14140 - 15051
126892 - 127951
140946 - 141636
-------------------------------------------
-----after push_string(40952 - 42831)---
2286 - 3740
3740 - 3842
3842 - 4954
14140 - 15051
126892 - 127951
140946 - 141636
-------------------------------------------
-----after push_string(110048 - 111493)---
2286 - 3740
3740 - 3842
3842 - 4954
14140 - 15051
126892 - 127951
140946 - 141636
-------------------------------------------
-----after push_string(53375 - 55063)---
2286 - 3740
3740 - 3842
3842 - 4954
14140 - 15051
126892 - 127951
140946 - 141636
-------------------------------------------
-----after push_string(107756 - 109577)---
2286 - 3740
3740 - 3842
3842 - 4954
14140 - 15051
126892 - 127951
140946 - 141636
-------------------------------------------
-----after push_string(7767 - 8363)---
2286 - 3740
3740 - 3842
3842 - 4954
14140 - 15051
126892 - 127951
140946 - 141636
-------------------------------------------
-----after push_string(70480 - 71895)---
2286 - 3740
3740 - 3842
3842 - 4954
14140 - 15051
126892 - 127951
140946 - 141636
-------------------------------------------
-----after push_string(44206 - 44716)---
2286 - 3740
3740 - 3842
3842 - 4954
14140 - 15051
126892 - 127951
140946 - 141636
-------------------------------------------
-----after push_string(137248 - 138692)---
2286 - 3740
3740 - 3842
3842 - 4954
14140 - 15051
126892 - 127951
140946 - 141636
-------------------------------------------
-----after push_string(93199 - 93664)---
2286 - 3740
3740 - 3842
3842 - 4954
14140 - 15051
126892 - 127951
140946 - 141636
-------------------------------------------
-----after push_string(123046 - 123911)---
2286 - 3740
3740 - 3842
3842 - 4954
14140 - 15051
126892 - 127951
140946 - 141636
-------------------------------------------
-----after push_string(86722 - 86958)---
2286 - 3740
3740 - 3842
3842 - 4954
14140 - 15051
126892 - 127951
140946 - 141636
-------------------------------------------
-----after push_string(127951 - 129917)---
2286 - 3740
3740 - 3842
3842 - 4954
14140 - 15051
126892 - 129917
140946 - 141636
-------------------------------------------
-----after push_string(44716 - 46468)---
2286 - 3740
3740 - 3842
3842 - 4954
14140 - 15051
126892 - 129917
140946 - 141636
-------------------------------------------
-----after push_string(131956 - 133870)---
2286 - 3740
3740 - 3842
3842 - 4954
14140 - 15051
126892 - 129917
140946 - 141636
-------------------------------------------
-----after push_string(8363 - 9249)---
2286 - 3740
3740 - 3842
3842 - 4954
14140 - 15051
126892 - 129917
140946 - 141636
-------------------------------------------
-----after push_string(61166 - 62835)---
2286 - 3740
3740 - 3842
3842 - 4954
14140 - 15051
126892 - 129917
140946 - 141636
-------------------------------------------
-----after push_string(129917 - 130658)---
2286 - 3740
3740 - 3842
3842 - 4954
14140 - 15051
126892 - 130658
140946 - 141636
-------------------------------------------
-----after push_string(125894 - 126236)---
2286 - 3740
3740 - 3842
3842 - 4954
14140 - 15051
126892 - 130658
140946 - 141636
-------------------------------------------
-----after push_string(35563 - 37107)---
2286 - 3740
3740 - 3842
3842 - 4954
14140 - 15051
126892 - 130658
140946 - 141636
-------------------------------------------
-----after push_string(90073 - 91386)---
2286 - 3740
3740 - 3842
3842 - 4954
14140 - 15051
126892 - 130658
140946 - 141636
-------------------------------------------
-----after push_string(18806 - 19692)---
2286 - 3740
3740 - 3842
3842 - 4954
14140 - 15051
126892 - 130658
140946 - 141636
-------------------------------------------
-----after push_string(118544 - 119956)---
2286 - 3740
3740 - 3842
3842 - 4954
14140 - 15051
126892 - 130658
140946 - 141636
-------------------------------------------
-----after push_string(630 - 2286)---
14140 - 15051
126892 - 130658
140946 - 141636
-------------------------------------------
-----after push_string(83062 - 83139)---
14140 - 15051
126892 - 130658
140946 - 141636
-------------------------------------------
-----after push_string(111493 - 113288)---
14140 - 15051
126892 - 130658
140946 - 141636
-------------------------------------------
-----after push_string(103640 - 105247)---
14140 - 15051
126892 - 130658
140946 - 141636
-------------------------------------------
-----after push_string(18711 - 18806)---
14140 - 15051
126892 - 130658
140946 - 141636
-------------------------------------------
-----after push_string(66635 - 66696)---
14140 - 15051
126892 - 130658
140946 - 141636
-------------------------------------------
-----after push_string(20041 - 20301)---
14140 - 15051
126892 - 130658
140946 - 141636
-------------------------------------------
-----after push_string(136193 - 137248)---
14140 - 15051
126892 - 130658
140946 - 141636
-------------------------------------------
-----after push_string(28368 - 29889)---
14140 - 15051
126892 - 130658
140946 - 141636
-------------------------------------------
-----after push_string(10945 - 12633)---
10945 - 12633
14140 - 15051
126892 - 130658
140946 - 141636
-------------------------------------------
-----after push_string(20301 - 21720)---
10945 - 12633
14140 - 15051
126892 - 130658
140946 - 141636
-------------------------------------------
-----after push_string(62835 - 64707)---
10945 - 12633
14140 - 15051
126892 - 130658
140946 - 141636
-------------------------------------------
-----after push_string(123911 - 125894)---
10945 - 12633
14140 - 15051
126892 - 130658
140946 - 141636
-------------------------------------------
-----after push_string(73890 - 75860)---
10945 - 12633
14140 - 15051
126892 - 130658
140946 - 141636
-------------------------------------------
-----after push_string(122969 - 123046)---
10945 - 12633
14140 - 15051
126892 - 130658
140946 - 141636
-------------------------------------------
-----after push_string(113682 - 114965)---
10945 - 12633
14140 - 15051
126892 - 130658
140946 - 141636
-------------------------------------------
-----after push_string(115954 - 116989)---
10945 - 12633
14140 - 15051
126892 - 130658
140946 - 141636
-------------------------------------------
-----after push_string(93664 - 95390)---
10945 - 12633
14140 - 15051
126892 - 130658
140946 - 141636
-------------------------------------------
-----after push_string(109577 - 110048)---
10945 - 12633
14140 - 15051
126892 - 130658
140946 - 141636
-------------------------------------------
-----after push_string(4954 - 5977)---
10945 - 12633
14140 - 15051
126892 - 130658
140946 - 141636
-------------------------------------------
Exception: test 1 - number of bytes RX is incorrect

      Start 20: t_strm_reassem_overlapping
 6/16 Test #20: t_strm_reassem_overlapping .......   Passed    0.20 sec
      Start 21: t_strm_reassem_win
 7/16 Test #21: t_strm_reassem_win ...............***Failed    0.14 sec
-----after push_string(88802 - 90861)---
88802 - 90861
-------------------------------------------
-----after push_string(64463 - 65637)---
64463 - 65637
88802 - 90861
-------------------------------------------
-----after push_string(50928 - 51898)---
50928 - 51898
64463 - 65637
88802 - 90861
-------------------------------------------
-----after push_string(75105 - 75380)---
50928 - 51898
64463 - 65637
88802 - 90861
-------------------------------------------
-----after push_string(79958 - 80960)---
50928 - 51898
64463 - 65637
88802 - 90861
-------------------------------------------
-----after push_string(100607 - 102414)---
50928 - 51898
64463 - 65637
88802 - 90861
100607 - 102414
-------------------------------------------
-----after push_string(71258 - 72939)---
50928 - 51898
64463 - 65637
88802 - 90861
100607 - 102414
-------------------------------------------
-----after push_string(31443 - 32605)---
31443 - 32605
50928 - 51898
64463 - 65637
88802 - 90861
100607 - 102414
-------------------------------------------
-----after push_string(28680 - 29003)---
28680 - 29003
31443 - 32605
50928 - 51898
64463 - 65637
88802 - 90861
100607 - 102414
-------------------------------------------
-----after push_string(5179 - 5370)---
5179 - 5370
28680 - 29003
31443 - 32605
50928 - 51898
64463 - 65637
88802 - 90861
100607 - 102414
-------------------------------------------
-----after push_string(70247 - 70762)---
5179 - 5370
28680 - 29003
31443 - 32605
50928 - 51898
64463 - 65637
88802 - 90861
100607 - 102414
-------------------------------------------
-----after push_string(58534 - 60272)---
5179 - 5370
28680 - 29003
31443 - 32605
50928 - 51898
64463 - 65637
88802 - 90861
100607 - 102414
-------------------------------------------
-----after push_string(52273 - 53502)---
5179 - 5370
28680 - 29003
31443 - 32605
50928 - 51898
64463 - 65637
88802 - 90861
100607 - 102414
-------------------------------------------
-----after push_string(3047 - 3843)---
3047 - 3843
5179 - 5370
28680 - 29003
31443 - 32605
50928 - 51898
64463 - 65637
88802 - 90861
100607 - 102414
-------------------------------------------
-----after push_string(96185 - 98368)---
3047 - 3843
5179 - 5370
28680 - 29003
31443 - 32605
50928 - 51898
64463 - 65637
88802 - 90861
100607 - 102414
-------------------------------------------
-----after push_string(72745 - 73445)---
3047 - 3843
5179 - 5370
28680 - 29003
31443 - 32605
50928 - 51898
64463 - 65637
88802 - 90861
100607 - 102414
-------------------------------------------
-----after push_string(113318 - 114692)---
3047 - 3843
5179 - 5370
28680 - 29003
31443 - 32605
50928 - 51898
64463 - 65637
88802 - 90861
100607 - 102414
113318 - 114692
-------------------------------------------
-----after push_string(94856 - 96672)---
3047 - 3843
5179 - 5370
28680 - 29003
31443 - 32605
50928 - 51898
64463 - 65637
88802 - 90861
100607 - 102414
113318 - 114692
-------------------------------------------
-----after push_string(62356 - 63599)---
3047 - 3843
5179 - 5370
28680 - 29003
31443 - 32605
50928 - 51898
64463 - 65637
88802 - 90861
100607 - 102414
113318 - 114692
-------------------------------------------
-----after push_string(50993 - 52604)---
3047 - 3843
5179 - 5370
28680 - 29003
31443 - 32605
50928 - 52604
64463 - 65637
88802 - 90861
100607 - 102414
113318 - 114692
-------------------------------------------
-----after push_string(23420 - 25538)---
3047 - 3843
5179 - 5370
28680 - 29003
31443 - 32605
50928 - 52604
64463 - 65637
88802 - 90861
100607 - 102414
113318 - 114692
-------------------------------------------
-----after push_string(76413 - 77678)---
3047 - 3843
5179 - 5370
28680 - 29003
31443 - 32605
50928 - 52604
64463 - 65637
88802 - 90861
100607 - 102414
113318 - 114692
-------------------------------------------
-----after push_string(73108 - 73455)---
3047 - 3843
5179 - 5370
28680 - 29003
31443 - 32605
50928 - 52604
64463 - 65637
88802 - 90861
100607 - 102414
113318 - 114692
-------------------------------------------
-----after push_string(4607 - 5267)---
3047 - 3843
5179 - 5370
28680 - 29003
31443 - 32605
50928 - 52604
64463 - 65637
88802 - 90861
100607 - 102414
113318 - 114692
-------------------------------------------
-----after push_string(51069 - 51720)---
3047 - 3843
5179 - 5370
28680 - 29003
31443 - 32605
50928 - 52604
64463 - 65637
88802 - 90861
100607 - 102414
113318 - 114692
-------------------------------------------
-----after push_string(33297 - 34829)---
3047 - 3843
5179 - 5370
28680 - 29003
31443 - 32605
50928 - 52604
64463 - 65637
88802 - 90861
100607 - 102414
113318 - 114692
-------------------------------------------
-----after push_string(408 - 2459)---
408 - 2459
3047 - 3843
5179 - 5370
28680 - 29003
31443 - 32605
50928 - 52604
64463 - 65637
88802 - 90861
100607 - 102414
113318 - 114692
-------------------------------------------
-----after push_string(104976 - 106532)---
408 - 2459
3047 - 3843
5179 - 5370
28680 - 29003
31443 - 32605
50928 - 52604
64463 - 65637
88802 - 90861
100607 - 102414
113318 - 114692
-------------------------------------------
-----after push_string(82672 - 84437)---
408 - 2459
3047 - 3843
5179 - 5370
28680 - 29003
31443 - 32605
50928 - 52604
64463 - 65637
88802 - 90861
100607 - 102414
113318 - 114692
-------------------------------------------
-----after push_string(20701 - 21321)---
408 - 2459
3047 - 3843
5179 - 5370
28680 - 29003
31443 - 32605
50928 - 52604
64463 - 65637
88802 - 90861
100607 - 102414
113318 - 114692
-------------------------------------------
-----after push_string(73112 - 75092)---
408 - 2459
3047 - 3843
5179 - 5370
28680 - 29003
31443 - 32605
50928 - 52604
64463 - 65637
88802 - 90861
100607 - 102414
113318 - 114692
-------------------------------------------
-----after push_string(90552 - 92642)---
408 - 2459
3047 - 3843
5179 - 5370
28680 - 29003
31443 - 32605
50928 - 52604
64463 - 65637
88802 - 92642
100607 - 102414
113318 - 114692
-------------------------------------------
-----after push_string(36110 - 38219)---
408 - 2459
3047 - 3843
5179 - 5370
28680 - 29003
31443 - 32605
50928 - 52604
64463 - 65637
88802 - 92642
100607 - 102414
113318 - 114692
-------------------------------------------
-----after push_string(46940 - 47912)---
408 - 2459
3047 - 3843
5179 - 5370
28680 - 29003
31443 - 32605
50928 - 52604
64463 - 65637
88802 - 92642
100607 - 102414
113318 - 114692
-------------------------------------------
-----after push_string(54218 - 55858)---
408 - 2459
3047 - 3843
5179 - 5370
28680 - 29003
31443 - 32605
50928 - 52604
64463 - 65637
88802 - 92642
100607 - 102414
113318 - 114692
-------------------------------------------
-----after push_string(14548 - 15868)---
408 - 2459
3047 - 3843
5179 - 5370
28680 - 29003
31443 - 32605
50928 - 52604
64463 - 65637
88802 - 92642
100607 - 102414
113318 - 114692
-------------------------------------------
-----after push_string(116141 - 117557)---
408 - 2459
3047 - 3843
5179 - 5370
28680 - 29003
31443 - 32605
50928 - 52604
64463 - 65637
88802 - 92642
100607 - 102414
113318 - 114692
116141 - 117557
-------------------------------------------
-----after push_string(111634 - 113837)---
408 - 2459
3047 - 3843
5179 - 5370
28680 - 29003
31443 - 32605
50928 - 52604
64463 - 65637
88802 - 92642
100607 - 102414
113318 - 114692
116141 - 117557
-------------------------------------------
-----after push_string(76617 - 76784)---
408 - 2459
3047 - 3843
5179 - 5370
28680 - 29003
31443 - 32605
50928 - 52604
64463 - 65637
88802 - 92642
100607 - 102414
113318 - 114692
116141 - 117557
-------------------------------------------
-----after push_string(65558 - 67422)---
408 - 2459
3047 - 3843
5179 - 5370
28680 - 29003
31443 - 32605
50928 - 52604
64463 - 67422
88802 - 92642
100607 - 102414
113318 - 114692
116141 - 117557
-------------------------------------------
-----after push_string(91956 - 93506)---
408 - 2459
3047 - 3843
5179 - 5370
28680 - 29003
31443 - 32605
50928 - 52604
64463 - 67422
88802 - 93506
100607 - 102414
113318 - 114692
116141 - 117557
-------------------------------------------
-----after push_string(82246 - 82822)---
408 - 2459
3047 - 3843
5179 - 5370
28680 - 29003
31443 - 32605
50928 - 52604
64463 - 67422
88802 - 93506
100607 - 102414
113318 - 114692
116141 - 117557
-------------------------------------------
-----after push_string(77155 - 78929)---
408 - 2459
3047 - 3843
5179 - 5370
28680 - 29003
31443 - 32605
50928 - 52604
64463 - 67422
88802 - 93506
100607 - 102414
113318 - 114692
116141 - 117557
-------------------------------------------
-----after push_string(96329 - 96819)---
408 - 2459
3047 - 3843
5179 - 5370
28680 - 29003
31443 - 32605
50928 - 52604
64463 - 67422
88802 - 93506
100607 - 102414
113318 - 114692
116141 - 117557
-------------------------------------------
-----after push_string(32307 - 33010)---
408 - 2459
3047 - 3843
5179 - 5370
28680 - 29003
31443 - 33010
50928 - 52604
64463 - 67422
88802 - 93506
100607 - 102414
113318 - 114692
116141 - 117557
-------------------------------------------
-----after push_string(34634 - 36669)---
408 - 2459
3047 - 3843
5179 - 5370
28680 - 29003
31443 - 33010
50928 - 52604
64463 - 67422
88802 - 93506
100607 - 102414
113318 - 114692
116141 - 117557
-------------------------------------------
-----after push_string(85606 - 87369)---
408 - 2459
3047 - 3843
5179 - 5370
28680 - 29003
31443 - 33010
50928 - 52604
64463 - 67422
88802 - 93506
100607 - 102414
113318 - 114692
116141 - 117557
-------------------------------------------
-----after push_string(45345 - 47567)---
408 - 2459
3047 - 3843
5179 - 5370
28680 - 29003
31443 - 33010
50928 - 52604
64463 - 67422
88802 - 93506
100607 - 102414
113318 - 114692
116141 - 117557
-------------------------------------------
-----after push_string(70603 - 71516)---
408 - 2459
3047 - 3843
5179 - 5370
28680 - 29003
31443 - 33010
50928 - 52604
64463 - 67422
88802 - 93506
100607 - 102414
113318 - 114692
116141 - 117557
-------------------------------------------
-----after push_string(86516 - 88607)---
408 - 2459
3047 - 3843
5179 - 5370
28680 - 29003
31443 - 33010
50928 - 52604
64463 - 67422
88802 - 93506
100607 - 102414
113318 - 114692
116141 - 117557
-------------------------------------------
-----after push_string(74358 - 76758)---
408 - 2459
3047 - 3843
5179 - 5370
28680 - 29003
31443 - 33010
50928 - 52604
64463 - 67422
88802 - 93506
100607 - 102414
113318 - 114692
116141 - 117557
-------------------------------------------
-----after push_string(28738 - 29614)---
408 - 2459
3047 - 3843
5179 - 5370
28680 - 29614
31443 - 33010
50928 - 52604
64463 - 67422
88802 - 93506
100607 - 102414
113318 - 114692
116141 - 117557
-------------------------------------------
-----after push_string(101776 - 102541)---
408 - 2459
3047 - 3843
5179 - 5370
28680 - 29614
31443 - 33010
50928 - 52604
64463 - 67422
88802 - 93506
100607 - 102541
113318 - 114692
116141 - 117557
-------------------------------------------
-----after push_string(29416 - 31932)---
408 - 2459
3047 - 3843
5179 - 5370
28680 - 31932
29416 - 30494
50928 - 52604
64463 - 67422
88802 - 93506
100607 - 102541
113318 - 114692
116141 - 117557
-------------------------------------------
-----after push_string(38356 - 40235)---
408 - 2459
3047 - 3843
5179 - 5370
28680 - 31932
29416 - 30494
50928 - 52604
64463 - 67422
88802 - 93506
100607 - 102541
113318 - 114692
116141 - 117557
-------------------------------------------
-----after push_string(21306 - 22566)---
408 - 2459
3047 - 3843
5179 - 5370
28680 - 31932
29416 - 30494
50928 - 52604
64463 - 67422
88802 - 93506
100607 - 102541
113318 - 114692
116141 - 117557
-------------------------------------------
-----after push_string(56769 - 58096)---
408 - 2459
3047 - 3843
5179 - 5370
28680 - 31932
29416 - 30494
50928 - 52604
64463 - 67422
88802 - 93506
100607 - 102541
113318 - 114692
116141 - 117557
-------------------------------------------
-----after push_string(57411 - 59132)---
408 - 2459
3047 - 3843
5179 - 5370
28680 - 31932
29416 - 30494
50928 - 52604
64463 - 67422
88802 - 93506
100607 - 102541
113318 - 114692
116141 - 117557
-------------------------------------------
-----after push_string(55162 - 57713)---
408 - 2459
3047 - 3843
5179 - 5370
28680 - 31932
29416 - 30494
50928 - 52604
64463 - 67422
88802 - 93506
100607 - 102541
113318 - 114692
116141 - 117557
-------------------------------------------
-----after push_string(74442 - 75187)---
408 - 2459
3047 - 3843
5179 - 5370
28680 - 31932
29416 - 30494
50928 - 52604
64463 - 67422
88802 - 93506
100607 - 102541
113318 - 114692
116141 - 117557
-------------------------------------------
-----after push_string(3705 - 4929)---
408 - 2459
3047 - 4929
5179 - 5370
28680 - 31932
29416 - 30494
50928 - 52604
64463 - 67422
88802 - 93506
100607 - 102541
113318 - 114692
116141 - 117557
-------------------------------------------
-----after push_string(108401 - 110183)---
408 - 2459
3047 - 4929
5179 - 5370
28680 - 31932
29416 - 30494
50928 - 52604
64463 - 67422
88802 - 93506
100607 - 102541
113318 - 114692
116141 - 117557
-------------------------------------------
-----after push_string(67232 - 69275)---
408 - 2459
3047 - 4929
5179 - 5370
28680 - 31932
29416 - 30494
50928 - 52604
64463 - 69275
88802 - 93506
100607 - 102541
113318 - 114692
116141 - 117557
-------------------------------------------
-----after push_string(41721 - 43174)---
408 - 2459
3047 - 4929
5179 - 5370
28680 - 31932
29416 - 30494
50928 - 52604
64463 - 69275
88802 - 93506
100607 - 102541
113318 - 114692
116141 - 117557
-------------------------------------------
-----after push_string(10396 - 12291)---
408 - 2459
3047 - 4929
5179 - 5370
28680 - 31932
29416 - 30494
50928 - 52604
64463 - 69275
88802 - 93506
100607 - 102541
113318 - 114692
116141 - 117557
-------------------------------------------
-----after push_string(11794 - 14272)---
408 - 2459
3047 - 4929
5179 - 5370
28680 - 31932
29416 - 30494
50928 - 52604
64463 - 69275
88802 - 93506
100607 - 102541
113318 - 114692
116141 - 117557
-------------------------------------------
-----after push_string(29438 - 30335)---
408 - 2459
3047 - 4929
5179 - 5370
28680 - 31932
29416 - 30494
50928 - 52604
64463 - 69275
88802 - 93506
100607 - 102541
113318 - 114692
116141 - 117557
-------------------------------------------
-----after push_string(27425 - 28760)---
408 - 2459
3047 - 4929
5179 - 5370
28680 - 31932
29416 - 30494
50928 - 52604
64463 - 69275
88802 - 93506
100607 - 102541
113318 - 114692
116141 - 117557
-------------------------------------------
-----after push_string(23869 - 24123)---
408 - 2459
3047 - 4929
5179 - 5370
28680 - 31932
29416 - 30494
50928 - 52604
64463 - 69275
88802 - 93506
100607 - 102541
113318 - 114692
116141 - 117557
-------------------------------------------
-----after push_string(63064 - 64224)---
408 - 2459
3047 - 4929
5179 - 5370
28680 - 31932
29416 - 30494
50928 - 52604
64463 - 69275
88802 - 93506
100607 - 102541
113318 - 114692
116141 - 117557
-------------------------------------------
-----after push_string(33413 - 34136)---
408 - 2459
3047 - 4929
5179 - 5370
28680 - 31932
29416 - 30494
50928 - 52604
64463 - 69275
88802 - 93506
100607 - 102541
113318 - 114692
116141 - 117557
-------------------------------------------
-----after push_string(53155 - 54651)---
408 - 2459
3047 - 4929
5179 - 5370
28680 - 31932
29416 - 30494
50928 - 52604
64463 - 69275
88802 - 93506
100607 - 102541
113318 - 114692
116141 - 117557
-------------------------------------------
-----after push_string(17785 - 19916)---
408 - 2459
3047 - 4929
5179 - 5370
28680 - 31932
29416 - 30494
50928 - 52604
64463 - 69275
88802 - 93506
100607 - 102541
113318 - 114692
116141 - 117557
-------------------------------------------
-----after push_string(117222 - 117624)---
408 - 2459
3047 - 4929
5179 - 5370
28680 - 31932
29416 - 30494
50928 - 52604
64463 - 69275
88802 - 93506
100607 - 102541
113318 - 114692
116141 - 117624
-------------------------------------------
-----after push_string(114571 - 114928)---
408 - 2459
3047 - 4929
5179 - 5370
28680 - 31932
29416 - 30494
50928 - 52604
64463 - 69275
88802 - 93506
100607 - 102541
113318 - 114928
116141 - 117624
-------------------------------------------
-----after push_string(0 - 1422)---
3047 - 4929
5179 - 5370
28680 - 31932
29416 - 30494
50928 - 52604
64463 - 69275
88802 - 93506
100607 - 102541
113318 - 114928
116141 - 117624
-------------------------------------------
-----after push_string(5095 - 6368)---
3047 - 4929
5179 - 6368
28680 - 31932
29416 - 30494
50928 - 52604
64463 - 69275
88802 - 93506
100607 - 102541
113318 - 114928
116141 - 117624
-------------------------------------------
-----after push_string(92817 - 94232)---
3047 - 4929
5179 - 6368
28680 - 31932
29416 - 30494
50928 - 52604
64463 - 69275
88802 - 94232
100607 - 102541
113318 - 114928
116141 - 117624
-------------------------------------------
-----after push_string(82643 - 82844)---
3047 - 4929
5179 - 6368
28680 - 31932
29416 - 30494
50928 - 52604
64463 - 69275
88802 - 94232
100607 - 102541
113318 - 114928
116141 - 117624
-------------------------------------------
-----after push_string(13506 - 14654)---
3047 - 4929
5179 - 6368
28680 - 31932
29416 - 30494
50928 - 52604
64463 - 69275
88802 - 94232
100607 - 102541
113318 - 114928
116141 - 117624
-------------------------------------------
-----after push_string(15521 - 17235)---
3047 - 4929
5179 - 6368
28680 - 31932
29416 - 30494
50928 - 52604
64463 - 69275
88802 - 94232
100607 - 102541
113318 - 114928
116141 - 117624
-------------------------------------------
-----after push_string(9162 - 10455)---
3047 - 4929
5179 - 6368
28680 - 31932
29416 - 30494
50928 - 52604
64463 - 69275
88802 - 94232
100607 - 102541
113318 - 114928
116141 - 117624
-------------------------------------------
-----after push_string(99805 - 100945)---
3047 - 4929
5179 - 6368
28680 - 31932
29416 - 30494
50928 - 52604
64463 - 69275
88802 - 94232
100607 - 102541
113318 - 114928
116141 - 117624
-------------------------------------------
-----after push_string(85154 - 86018)---
3047 - 4929
5179 - 6368
28680 - 31932
29416 - 30494
50928 - 52604
64463 - 69275
88802 - 94232
100607 - 102541
113318 - 114928
116141 - 117624
-------------------------------------------
-----after push_string(47646 - 49907)---
3047 - 4929
5179 - 6368
28680 - 31932
29416 - 30494
50928 - 52604
64463 - 69275
88802 - 94232
100607 - 102541
113318 - 114928
116141 - 117624
-------------------------------------------
-----after push_string(20971 - 21582)---
3047 - 4929
5179 - 6368
28680 - 31932
29416 - 30494
50928 - 52604
64463 - 69275
88802 - 94232
100607 - 102541
113318 - 114928
116141 - 117624
-------------------------------------------
-----after push_string(78025 - 80897)---
3047 - 4929
5179 - 6368
28680 - 31932
29416 - 30494
50928 - 52604
64463 - 69275
88802 - 94232
100607 - 102541
113318 - 114928
116141 - 117624
-------------------------------------------
-----after push_string(15609 - 15983)---
3047 - 4929
5179 - 6368
28680 - 31932
29416 - 30494
50928 - 52604
64463 - 69275
88802 - 94232
100607 - 102541
113318 - 114928
116141 - 117624
-------------------------------------------
-----after push_string(83470 - 85282)---
3047 - 4929
5179 - 6368
28680 - 31932
29416 - 30494
50928 - 52604
64463 - 69275
88802 - 94232
100607 - 102541
113318 - 114928
116141 - 117624
-------------------------------------------
-----after push_string(63987 - 64769)---
3047 - 4929
5179 - 6368
28680 - 31932
29416 - 30494
50928 - 52604
64463 - 69275
88802 - 94232
100607 - 102541
113318 - 114928
116141 - 117624
-------------------------------------------
-----after push_string(70697 - 71381)---
3047 - 4929
5179 - 6368
28680 - 31932
29416 - 30494
50928 - 52604
64463 - 69275
88802 - 94232
100607 - 102541
113318 - 114928
116141 - 117624
-------------------------------------------
Exception: basic_string::substr: __pos (which is 1455) > this->size() (which is 1411)

      Start 22: t_strm_reassem_cap
 8/16 Test #22: t_strm_reassem_cap ...............   Passed    2.66 sec
      Start 23: t_byte_stream_construction
 9/16 Test #23: t_byte_stream_construction .......   Passed    0.14 sec
      Start 24: t_byte_stream_one_write
10/16 Test #24: t_byte_stream_one_write ..........   Passed    0.12 sec
      Start 25: t_byte_stream_two_writes
11/16 Test #25: t_byte_stream_two_writes .........   Passed    0.13 sec
      Start 26: t_byte_stream_capacity
12/16 Test #26: t_byte_stream_capacity ...........   Passed    3.73 sec
      Start 27: t_byte_stream_many_writes
13/16 Test #27: t_byte_stream_many_writes ........   Passed    0.22 sec
      Start 50: t_address_dt
14/16 Test #50: t_address_dt .....................   Passed    0.05 sec
      Start 51: t_parser_dt
15/16 Test #51: t_parser_dt ......................   Passed    0.09 sec
      Start 52: t_socket_dt
16/16 Test #52: t_socket_dt ......................   Passed    0.15 sec

88% tests passed, 2 tests failed out of 16

Total Test time (real) =   9.51 sec

The following tests FAILED:
	 19 - t_strm_reassem_many (Failed)
	 21 - t_strm_reassem_win (Failed)
Errors while running CTest
CMakeFiles/check_lab1.dir/build.make:57: recipe for target 'CMakeFiles/check_lab1' failed
make[3]: *** [CMakeFiles/check_lab1] Error 8
CMakeFiles/Makefile2:2759: recipe for target 'CMakeFiles/check_lab1.dir/all' failed
make[2]: *** [CMakeFiles/check_lab1.dir/all] Error 2
CMakeFiles/Makefile2:2766: recipe for target 'CMakeFiles/check_lab1.dir/rule' failed
make[1]: *** [CMakeFiles/check_lab1.dir/rule] Error 2
Makefile:1195: recipe for target 'check_lab1' failed
make: *** [check_lab1] Error 2
