[100%] Testing the stream reassembler...
Test project /mnt/i/DIY/CS144/sponge/build
      Start 15: t_strm_reassem_single
 1/16 Test #15: t_strm_reassem_single ............   Passed    0.19 sec
      Start 16: t_strm_reassem_seq
 2/16 Test #16: t_strm_reassem_seq ...............   Passed    0.19 sec
      Start 17: t_strm_reassem_dup
 3/16 Test #17: t_strm_reassem_dup ...............   Passed    0.22 sec
      Start 18: t_strm_reassem_holes
 4/16 Test #18: t_strm_reassem_holes .............***Failed    0.12 sec
-----after push_string(1 - 2)---
1 - 1
-------------------------------------------
-----after push_string(1 - 2)---
1 - 1
-------------------------------------------
-----after push_string(0 - 1)---
-------------------------------------------
-----after push_string(1 - 2)---
1 - 1
-------------------------------------------
-----after push_string(0 - 1)---
-------------------------------------------
-----after push_string(1 - 2)---
1 - 1
-------------------------------------------
-----after push_string(0 - 2)---
-------------------------------------------
-----after push_string(1 - 2)---
1 - 1
-------------------------------------------
-----after push_string(3 - 4)---
1 - 1
3 - 3
-------------------------------------------
-----after push_string(2 - 3)---
1 - 1
3 - 3
-------------------------------------------
-----after push_string(0 - 1)---
3 - 3
-------------------------------------------
Test Failure on expectation:
	Expectation: net bytes assembled = 4

Failure message:
	The reassembler was expected to have `4` total bytes assembled, but there were `2`

List of steps that executed successfully:
	Initialized (capacity = 65000)
	Action:      substring submitted with data "b", index `1`, eof `0`
	Expectation: net bytes assembled = 0
	Expectation: stream_out().buffer_size() returned 0, and stream_out().read(0) returned the string ""
	Expectation: not at EOF
	Action:      substring submitted with data "d", index `3`, eof `0`
	Expectation: net bytes assembled = 0
	Expectation: stream_out().buffer_size() returned 0, and stream_out().read(0) returned the string ""
	Expectation: not at EOF
	Action:      substring submitted with data "c", index `2`, eof `0`
	Expectation: net bytes assembled = 0
	Expectation: stream_out().buffer_size() returned 0, and stream_out().read(0) returned the string ""
	Expectation: not at EOF
	Action:      substring submitted with data "a", index `0`, eof `0`

Exception: The reassembler was expected to have `4` total bytes assembled, but there were `2`

      Start 19: t_strm_reassem_many
 5/16 Test #19: t_strm_reassem_many ..............***Failed    0.16 sec
-----after push_string(124400 - 124430)---
124400 - 124429
-------------------------------------------
-----after push_string(19160 - 19196)---
19160 - 19195
124400 - 124429
-------------------------------------------
-----after push_string(2903 - 3525)---
2903 - 3524
19160 - 19195
124400 - 124429
-------------------------------------------
-----after push_string(124885 - 126631)---
2903 - 3524
19160 - 19195
124400 - 124429
124885 - 126630
-------------------------------------------
-----after push_string(14412 - 14973)---
2903 - 3524
14412 - 14972
19160 - 19195
124400 - 124429
124885 - 126630
-------------------------------------------
-----after push_string(30833 - 32817)---
2903 - 3524
14412 - 14972
19160 - 19195
30833 - 32816
124400 - 124429
124885 - 126630
-------------------------------------------
-----after push_string(130978 - 131922)---
2903 - 3524
14412 - 14972
19160 - 19195
30833 - 32816
124400 - 124429
124885 - 126630
130978 - 131921
-------------------------------------------
-----after push_string(135770 - 137260)---
2903 - 3524
14412 - 14972
19160 - 19195
30833 - 32816
124400 - 124429
124885 - 126630
130978 - 131921
135770 - 137259
-------------------------------------------
-----after push_string(14973 - 15843)---
2903 - 3524
14412 - 14972
19160 - 19195
30833 - 32816
124400 - 124429
124885 - 126630
130978 - 131921
135770 - 137259
-------------------------------------------
-----after push_string(129648 - 130978)---
2903 - 3524
14412 - 14972
19160 - 19195
30833 - 32816
124400 - 124429
124885 - 126630
129648 - 130977
130978 - 131921
135770 - 137259
-------------------------------------------
-----after push_string(58058 - 59543)---
2903 - 3524
14412 - 14972
19160 - 19195
30833 - 32816
58058 - 59542
124400 - 124429
124885 - 126630
129648 - 130977
130978 - 131921
135770 - 137259
-------------------------------------------
-----after push_string(100561 - 101492)---
2903 - 3524
14412 - 14972
19160 - 19195
30833 - 32816
58058 - 59542
100561 - 101491
124400 - 124429
124885 - 126630
129648 - 130977
130978 - 131921
135770 - 137259
-------------------------------------------
-----after push_string(108910 - 110871)---
2903 - 3524
14412 - 14972
19160 - 19195
30833 - 32816
58058 - 59542
100561 - 101491
108910 - 110870
124400 - 124429
124885 - 126630
129648 - 130977
130978 - 131921
135770 - 137259
-------------------------------------------
-----after push_string(44534 - 46169)---
2903 - 3524
14412 - 14972
19160 - 19195
30833 - 32816
44534 - 46168
58058 - 59542
100561 - 101491
108910 - 110870
124400 - 124429
124885 - 126630
129648 - 130977
130978 - 131921
135770 - 137259
-------------------------------------------
-----after push_string(113480 - 115084)---
2903 - 3524
14412 - 14972
19160 - 19195
30833 - 32816
44534 - 46168
58058 - 59542
100561 - 101491
108910 - 110870
113480 - 115083
124400 - 124429
124885 - 126630
129648 - 130977
130978 - 131921
135770 - 137259
-------------------------------------------
-----after push_string(69371 - 70477)---
2903 - 3524
14412 - 14972
19160 - 19195
30833 - 32816
44534 - 46168
58058 - 59542
69371 - 70476
100561 - 101491
108910 - 110870
113480 - 115083
124400 - 124429
124885 - 126630
129648 - 130977
130978 - 131921
135770 - 137259
-------------------------------------------
-----after push_string(115977 - 117455)---
2903 - 3524
14412 - 14972
19160 - 19195
30833 - 32816
44534 - 46168
58058 - 59542
69371 - 70476
100561 - 101491
108910 - 110870
113480 - 115083
115977 - 117454
124400 - 124429
124885 - 126630
129648 - 130977
130978 - 131921
135770 - 137259
-------------------------------------------
-----after push_string(80353 - 81726)---
2903 - 3524
14412 - 14972
19160 - 19195
30833 - 32816
44534 - 46168
58058 - 59542
69371 - 70476
80353 - 81725
100561 - 101491
108910 - 110870
113480 - 115083
115977 - 117454
124400 - 124429
124885 - 126630
129648 - 130977
130978 - 131921
135770 - 137259
-------------------------------------------
-----after push_string(35952 - 37910)---
2903 - 3524
14412 - 14972
19160 - 19195
30833 - 32816
35952 - 37909
44534 - 46168
58058 - 59542
69371 - 70476
80353 - 81725
100561 - 101491
108910 - 110870
113480 - 115083
115977 - 117454
124400 - 124429
124885 - 126630
129648 - 130977
130978 - 131921
135770 - 137259
-------------------------------------------
-----after push_string(106090 - 107004)---
2903 - 3524
14412 - 14972
19160 - 19195
30833 - 32816
35952 - 37909
44534 - 46168
58058 - 59542
69371 - 70476
80353 - 81725
100561 - 101491
106090 - 107003
108910 - 110870
113480 - 115083
115977 - 117454
124400 - 124429
124885 - 126630
129648 - 130977
130978 - 131921
135770 - 137259
-------------------------------------------
-----after push_string(67727 - 69371)---
2903 - 3524
14412 - 14972
19160 - 19195
30833 - 32816
35952 - 37909
44534 - 46168
58058 - 59542
67727 - 69370
69371 - 70476
80353 - 81725
100561 - 101491
106090 - 107003
108910 - 110870
113480 - 115083
115977 - 117454
124400 - 124429
124885 - 126630
129648 - 130977
130978 - 131921
135770 - 137259
-------------------------------------------
-----after push_string(97865 - 99295)---
2903 - 3524
14412 - 14972
19160 - 19195
30833 - 32816
35952 - 37909
44534 - 46168
58058 - 59542
67727 - 69370
69371 - 70476
80353 - 81725
97865 - 99294
100561 - 101491
106090 - 107003
108910 - 110870
113480 - 115083
115977 - 117454
124400 - 124429
124885 - 126630
129648 - 130977
130978 - 131921
135770 - 137259
-------------------------------------------
-----after push_string(128803 - 129075)---
2903 - 3524
14412 - 14972
19160 - 19195
30833 - 32816
35952 - 37909
44534 - 46168
58058 - 59542
67727 - 69370
69371 - 70476
80353 - 81725
97865 - 99294
100561 - 101491
106090 - 107003
108910 - 110870
113480 - 115083
115977 - 117454
124400 - 124429
124885 - 126630
128803 - 129074
129648 - 130977
130978 - 131921
135770 - 137259
-------------------------------------------
-----after push_string(12770 - 14412)---
2903 - 3524
12770 - 14411
14412 - 14972
19160 - 19195
30833 - 32816
35952 - 37909
44534 - 46168
58058 - 59542
67727 - 69370
69371 - 70476
80353 - 81725
97865 - 99294
100561 - 101491
106090 - 107003
108910 - 110870
113480 - 115083
115977 - 117454
124400 - 124429
124885 - 126630
128803 - 129074
129648 - 130977
130978 - 131921
135770 - 137259
-------------------------------------------
-----after push_string(61290 - 62012)---
2903 - 3524
12770 - 14411
14412 - 14972
19160 - 19195
30833 - 32816
35952 - 37909
44534 - 46168
58058 - 59542
61290 - 62011
67727 - 69370
69371 - 70476
80353 - 81725
97865 - 99294
100561 - 101491
106090 - 107003
108910 - 110870
113480 - 115083
115977 - 117454
124400 - 124429
124885 - 126630
128803 - 129074
129648 - 130977
130978 - 131921
135770 - 137259
-------------------------------------------
-----after push_string(119467 - 121484)---
2903 - 3524
12770 - 14411
14412 - 14972
19160 - 19195
30833 - 32816
35952 - 37909
44534 - 46168
58058 - 59542
61290 - 62011
67727 - 69370
69371 - 70476
80353 - 81725
97865 - 99294
100561 - 101491
106090 - 107003
108910 - 110870
113480 - 115083
115977 - 117454
119467 - 121483
124400 - 124429
124885 - 126630
128803 - 129074
129648 - 130977
130978 - 131921
135770 - 137259
-------------------------------------------
-----after push_string(50444 - 51368)---
2903 - 3524
12770 - 14411
14412 - 14972
19160 - 19195
30833 - 32816
35952 - 37909
44534 - 46168
50444 - 51367
58058 - 59542
61290 - 62011
67727 - 69370
69371 - 70476
80353 - 81725
97865 - 99294
100561 - 101491
106090 - 107003
108910 - 110870
113480 - 115083
115977 - 117454
119467 - 121483
124400 - 124429
124885 - 126630
128803 - 129074
129648 - 130977
130978 - 131921
135770 - 137259
-------------------------------------------
-----after push_string(77100 - 78834)---
2903 - 3524
12770 - 14411
14412 - 14972
19160 - 19195
30833 - 32816
35952 - 37909
44534 - 46168
50444 - 51367
58058 - 59542
61290 - 62011
67727 - 69370
69371 - 70476
77100 - 78833
80353 - 81725
97865 - 99294
100561 - 101491
106090 - 107003
108910 - 110870
113480 - 115083
115977 - 117454
119467 - 121483
124400 - 124429
124885 - 126630
128803 - 129074
129648 - 130977
130978 - 131921
135770 - 137259
-------------------------------------------
-----after push_string(72009 - 72391)---
2903 - 3524
12770 - 14411
14412 - 14972
19160 - 19195
30833 - 32816
35952 - 37909
44534 - 46168
50444 - 51367
58058 - 59542
61290 - 62011
67727 - 69370
69371 - 70476
72009 - 72390
77100 - 78833
80353 - 81725
97865 - 99294
100561 - 101491
106090 - 107003
108910 - 110870
113480 - 115083
115977 - 117454
119467 - 121483
124400 - 124429
124885 - 126630
128803 - 129074
129648 - 130977
130978 - 131921
135770 - 137259
-------------------------------------------
-----after push_string(48609 - 50444)---
2903 - 3524
12770 - 14411
14412 - 14972
19160 - 19195
30833 - 32816
35952 - 37909
44534 - 46168
48609 - 50443
50444 - 51367
58058 - 59542
61290 - 62011
67727 - 69370
69371 - 70476
72009 - 72390
77100 - 78833
80353 - 81725
97865 - 99294
100561 - 101491
106090 - 107003
108910 - 110870
113480 - 115083
115977 - 117454
119467 - 121483
124400 - 124429
124885 - 126630
128803 - 129074
129648 - 130977
130978 - 131921
135770 - 137259
-------------------------------------------
-----after push_string(72391 - 72610)---
2903 - 3524
12770 - 14411
14412 - 14972
19160 - 19195
30833 - 32816
35952 - 37909
44534 - 46168
48609 - 50443
50444 - 51367
58058 - 59542
61290 - 62011
67727 - 69370
69371 - 70476
72009 - 72390
77100 - 78833
80353 - 81725
97865 - 99294
100561 - 101491
106090 - 107003
108910 - 110870
113480 - 115083
115977 - 117454
119467 - 121483
124400 - 124429
124885 - 126630
128803 - 129074
129648 - 130977
130978 - 131921
135770 - 137259
-------------------------------------------
-----after push_string(112745 - 113480)---
2903 - 3524
12770 - 14411
14412 - 14972
19160 - 19195
30833 - 32816
35952 - 37909
44534 - 46168
48609 - 50443
50444 - 51367
58058 - 59542
61290 - 62011
67727 - 69370
69371 - 70476
72009 - 72390
77100 - 78833
80353 - 81725
97865 - 99294
100561 - 101491
106090 - 107003
108910 - 110870
112745 - 113479
113480 - 115083
115977 - 117454
119467 - 121483
124400 - 124429
124885 - 126630
128803 - 129074
129648 - 130977
130978 - 131921
135770 - 137259
-------------------------------------------
-----after push_string(102412 - 102845)---
2903 - 3524
12770 - 14411
14412 - 14972
19160 - 19195
30833 - 32816
35952 - 37909
44534 - 46168
48609 - 50443
50444 - 51367
58058 - 59542
61290 - 62011
67727 - 69370
69371 - 70476
72009 - 72390
77100 - 78833
80353 - 81725
97865 - 99294
100561 - 101491
102412 - 102844
106090 - 107003
108910 - 110870
112745 - 113479
113480 - 115083
115977 - 117454
119467 - 121483
124400 - 124429
124885 - 126630
128803 - 129074
129648 - 130977
130978 - 131921
135770 - 137259
-------------------------------------------
-----after push_string(24863 - 26364)---
2903 - 3524
12770 - 14411
14412 - 14972
19160 - 19195
24863 - 26363
30833 - 32816
35952 - 37909
44534 - 46168
48609 - 50443
50444 - 51367
58058 - 59542
61290 - 62011
67727 - 69370
69371 - 70476
72009 - 72390
77100 - 78833
80353 - 81725
97865 - 99294
100561 - 101491
102412 - 102844
106090 - 107003
108910 - 110870
112745 - 113479
113480 - 115083
115977 - 117454
119467 - 121483
124400 - 124429
124885 - 126630
128803 - 129074
129648 - 130977
130978 - 131921
135770 - 137259
-------------------------------------------
-----after push_string(73968 - 74058)---
2903 - 3524
12770 - 14411
14412 - 14972
19160 - 19195
24863 - 26363
30833 - 32816
35952 - 37909
44534 - 46168
48609 - 50443
50444 - 51367
58058 - 59542
61290 - 62011
67727 - 69370
69371 - 70476
72009 - 72390
73968 - 74057
77100 - 78833
80353 - 81725
97865 - 99294
100561 - 101491
102412 - 102844
106090 - 107003
108910 - 110870
112745 - 113479
113480 - 115083
115977 - 117454
119467 - 121483
124400 - 124429
124885 - 126630
128803 - 129074
129648 - 130977
130978 - 131921
135770 - 137259
-------------------------------------------
-----after push_string(137260 - 139121)---
2903 - 3524
12770 - 14411
14412 - 14972
19160 - 19195
24863 - 26363
30833 - 32816
35952 - 37909
44534 - 46168
48609 - 50443
50444 - 51367
58058 - 59542
61290 - 62011
67727 - 69370
69371 - 70476
72009 - 72390
73968 - 74057
77100 - 78833
80353 - 81725
97865 - 99294
100561 - 101491
102412 - 102844
106090 - 107003
108910 - 110870
112745 - 113479
113480 - 115083
115977 - 117454
119467 - 121483
124400 - 124429
124885 - 126630
128803 - 129074
129648 - 130977
130978 - 131921
135770 - 137259
137260 - 139120
-------------------------------------------
-----after push_string(22826 - 24863)---
2903 - 3524
12770 - 14411
14412 - 14972
19160 - 19195
22826 - 24862
24863 - 26363
30833 - 32816
35952 - 37909
44534 - 46168
48609 - 50443
50444 - 51367
58058 - 59542
61290 - 62011
67727 - 69370
69371 - 70476
72009 - 72390
73968 - 74057
77100 - 78833
80353 - 81725
97865 - 99294
100561 - 101491
102412 - 102844
106090 - 107003
108910 - 110870
112745 - 113479
113480 - 115083
115977 - 117454
119467 - 121483
124400 - 124429
124885 - 126630
128803 - 129074
129648 - 130977
130978 - 131921
135770 - 137259
137260 - 139120
-------------------------------------------
-----after push_string(3525 - 5004)---
2903 - 3524
12770 - 14411
14412 - 14972
19160 - 19195
22826 - 24862
24863 - 26363
30833 - 32816
35952 - 37909
44534 - 46168
48609 - 50443
50444 - 51367
58058 - 59542
61290 - 62011
67727 - 69370
69371 - 70476
72009 - 72390
73968 - 74057
77100 - 78833
80353 - 81725
97865 - 99294
100561 - 101491
102412 - 102844
106090 - 107003
108910 - 110870
112745 - 113479
113480 - 115083
115977 - 117454
119467 - 121483
124400 - 124429
124885 - 126630
128803 - 129074
129648 - 130977
130978 - 131921
135770 - 137259
137260 - 139120
-------------------------------------------
-----after push_string(101492 - 101750)---
2903 - 3524
12770 - 14411
14412 - 14972
19160 - 19195
22826 - 24862
24863 - 26363
30833 - 32816
35952 - 37909
44534 - 46168
48609 - 50443
50444 - 51367
58058 - 59542
61290 - 62011
67727 - 69370
69371 - 70476
72009 - 72390
73968 - 74057
77100 - 78833
80353 - 81725
97865 - 99294
100561 - 101491
102412 - 102844
106090 - 107003
108910 - 110870
112745 - 113479
113480 - 115083
115977 - 117454
119467 - 121483
124400 - 124429
124885 - 126630
128803 - 129074
129648 - 130977
130978 - 131921
135770 - 137259
137260 - 139120
-------------------------------------------
-----after push_string(111441 - 112591)---
2903 - 3524
12770 - 14411
14412 - 14972
19160 - 19195
22826 - 24862
24863 - 26363
30833 - 32816
35952 - 37909
44534 - 46168
48609 - 50443
50444 - 51367
58058 - 59542
61290 - 62011
67727 - 69370
69371 - 70476
72009 - 72390
73968 - 74057
77100 - 78833
80353 - 81725
97865 - 99294
100561 - 101491
102412 - 102844
106090 - 107003
108910 - 110870
111441 - 112590
112745 - 113479
113480 - 115083
115977 - 117454
119467 - 121483
124400 - 124429
124885 - 126630
128803 - 129074
129648 - 130977
130978 - 131921
135770 - 137259
137260 - 139120
-------------------------------------------
-----after push_string(15843 - 17157)---
2903 - 3524
12770 - 14411
14412 - 14972
15843 - 17156
19160 - 19195
22826 - 24862
24863 - 26363
30833 - 32816
35952 - 37909
44534 - 46168
48609 - 50443
50444 - 51367
58058 - 59542
61290 - 62011
67727 - 69370
69371 - 70476
72009 - 72390
73968 - 74057
77100 - 78833
80353 - 81725
97865 - 99294
100561 - 101491
102412 - 102844
106090 - 107003
108910 - 110870
111441 - 112590
112745 - 113479
113480 - 115083
115977 - 117454
119467 - 121483
124400 - 124429
124885 - 126630
128803 - 129074
129648 - 130977
130978 - 131921
135770 - 137259
137260 - 139120
-------------------------------------------
-----after push_string(9476 - 9718)---
2903 - 3524
9476 - 9717
12770 - 14411
14412 - 14972
15843 - 17156
19160 - 19195
22826 - 24862
24863 - 26363
30833 - 32816
35952 - 37909
44534 - 46168
48609 - 50443
50444 - 51367
58058 - 59542
61290 - 62011
67727 - 69370
69371 - 70476
72009 - 72390
73968 - 74057
77100 - 78833
80353 - 81725
97865 - 99294
100561 - 101491
102412 - 102844
106090 - 107003
108910 - 110870
111441 - 112590
112745 - 113479
113480 - 115083
115977 - 117454
119467 - 121483
124400 - 124429
124885 - 126630
128803 - 129074
129648 - 130977
130978 - 131921
135770 - 137259
137260 - 139120
-------------------------------------------
-----after push_string(42696 - 42884)---
2903 - 3524
9476 - 9717
12770 - 14411
14412 - 14972
15843 - 17156
19160 - 19195
22826 - 24862
24863 - 26363
30833 - 32816
35952 - 37909
42696 - 42883
44534 - 46168
48609 - 50443
50444 - 51367
58058 - 59542
61290 - 62011
67727 - 69370
69371 - 70476
72009 - 72390
73968 - 74057
77100 - 78833
80353 - 81725
97865 - 99294
100561 - 101491
102412 - 102844
106090 - 107003
108910 - 110870
111441 - 112590
112745 - 113479
113480 - 115083
115977 - 117454
119467 - 121483
124400 - 124429
124885 - 126630
128803 - 129074
129648 - 130977
130978 - 131921
135770 - 137259
137260 - 139120
-------------------------------------------
-----after push_string(93440 - 94585)---
2903 - 3524
9476 - 9717
12770 - 14411
14412 - 14972
15843 - 17156
19160 - 19195
22826 - 24862
24863 - 26363
30833 - 32816
35952 - 37909
42696 - 42883
44534 - 46168
48609 - 50443
50444 - 51367
58058 - 59542
61290 - 62011
67727 - 69370
69371 - 70476
72009 - 72390
73968 - 74057
77100 - 78833
80353 - 81725
93440 - 94584
97865 - 99294
100561 - 101491
102412 - 102844
106090 - 107003
108910 - 110870
111441 - 112590
112745 - 113479
113480 - 115083
115977 - 117454
119467 - 121483
124400 - 124429
124885 - 126630
128803 - 129074
129648 - 130977
130978 - 131921
135770 - 137259
137260 - 139120
-------------------------------------------
-----after push_string(133463 - 134242)---
2903 - 3524
9476 - 9717
12770 - 14411
14412 - 14972
15843 - 17156
19160 - 19195
22826 - 24862
24863 - 26363
30833 - 32816
35952 - 37909
42696 - 42883
44534 - 46168
48609 - 50443
50444 - 51367
58058 - 59542
61290 - 62011
67727 - 69370
69371 - 70476
72009 - 72390
73968 - 74057
77100 - 78833
80353 - 81725
93440 - 94584
97865 - 99294
100561 - 101491
102412 - 102844
106090 - 107003
108910 - 110870
111441 - 112590
112745 - 113479
113480 - 115083
115977 - 117454
119467 - 121483
124400 - 124429
124885 - 126630
128803 - 129074
129648 - 130977
130978 - 131921
133463 - 134241
135770 - 137259
137260 - 139120
-------------------------------------------
-----after push_string(96810 - 97865)---
2903 - 3524
9476 - 9717
12770 - 14411
14412 - 14972
15843 - 17156
19160 - 19195
22826 - 24862
24863 - 26363
30833 - 32816
35952 - 37909
42696 - 42883
44534 - 46168
48609 - 50443
50444 - 51367
58058 - 59542
61290 - 62011
67727 - 69370
69371 - 70476
72009 - 72390
73968 - 74057
77100 - 78833
80353 - 81725
93440 - 94584
96810 - 97864
97865 - 99294
100561 - 101491
102412 - 102844
106090 - 107003
108910 - 110870
111441 - 112590
112745 - 113479
113480 - 115083
115977 - 117454
119467 - 121483
124400 - 124429
124885 - 126630
128803 - 129074
129648 - 130977
130978 - 131921
133463 - 134241
135770 - 137259
137260 - 139120
-------------------------------------------
-----after push_string(110871 - 111441)---
2903 - 3524
9476 - 9717
12770 - 14411
14412 - 14972
15843 - 17156
19160 - 19195
22826 - 24862
24863 - 26363
30833 - 32816
35952 - 37909
42696 - 42883
44534 - 46168
48609 - 50443
50444 - 51367
58058 - 59542
61290 - 62011
67727 - 69370
69371 - 70476
72009 - 72390
73968 - 74057
77100 - 78833
80353 - 81725
93440 - 94584
96810 - 97864
97865 - 99294
100561 - 101491
102412 - 102844
106090 - 107003
108910 - 110870
111441 - 112590
112745 - 113479
113480 - 115083
115977 - 117454
119467 - 121483
124400 - 124429
124885 - 126630
128803 - 129074
129648 - 130977
130978 - 131921
133463 - 134241
135770 - 137259
137260 - 139120
-------------------------------------------
-----after push_string(112591 - 112745)---
2903 - 3524
9476 - 9717
12770 - 14411
14412 - 14972
15843 - 17156
19160 - 19195
22826 - 24862
24863 - 26363
30833 - 32816
35952 - 37909
42696 - 42883
44534 - 46168
48609 - 50443
50444 - 51367
58058 - 59542
61290 - 62011
67727 - 69370
69371 - 70476
72009 - 72390
73968 - 74057
77100 - 78833
80353 - 81725
93440 - 94584
96810 - 97864
97865 - 99294
100561 - 101491
102412 - 102844
106090 - 107003
108910 - 110870
111441 - 112590
112745 - 113479
113480 - 115083
115977 - 117454
119467 - 121483
124400 - 124429
124885 - 126630
128803 - 129074
129648 - 130977
130978 - 131921
133463 - 134241
135770 - 137259
137260 - 139120
-------------------------------------------
-----after push_string(10712 - 10922)---
2903 - 3524
9476 - 9717
10712 - 10921
12770 - 14411
14412 - 14972
15843 - 17156
19160 - 19195
22826 - 24862
24863 - 26363
30833 - 32816
35952 - 37909
42696 - 42883
44534 - 46168
48609 - 50443
50444 - 51367
58058 - 59542
61290 - 62011
67727 - 69370
69371 - 70476
72009 - 72390
73968 - 74057
77100 - 78833
80353 - 81725
93440 - 94584
96810 - 97864
97865 - 99294
100561 - 101491
102412 - 102844
106090 - 107003
108910 - 110870
111441 - 112590
112745 - 113479
113480 - 115083
115977 - 117454
119467 - 121483
124400 - 124429
124885 - 126630
128803 - 129074
129648 - 130977
130978 - 131921
133463 - 134241
135770 - 137259
137260 - 139120
-------------------------------------------
-----after push_string(90714 - 92186)---
2903 - 3524
9476 - 9717
10712 - 10921
12770 - 14411
14412 - 14972
15843 - 17156
19160 - 19195
22826 - 24862
24863 - 26363
30833 - 32816
35952 - 37909
42696 - 42883
44534 - 46168
48609 - 50443
50444 - 51367
58058 - 59542
61290 - 62011
67727 - 69370
69371 - 70476
72009 - 72390
73968 - 74057
77100 - 78833
80353 - 81725
90714 - 92185
93440 - 94584
96810 - 97864
97865 - 99294
100561 - 101491
102412 - 102844
106090 - 107003
108910 - 110870
111441 - 112590
112745 - 113479
113480 - 115083
115977 - 117454
119467 - 121483
124400 - 124429
124885 - 126630
128803 - 129074
129648 - 130977
130978 - 131921
133463 - 134241
135770 - 137259
137260 - 139120
-------------------------------------------
-----after push_string(95868 - 96810)---
2903 - 3524
9476 - 9717
10712 - 10921
12770 - 14411
14412 - 14972
15843 - 17156
19160 - 19195
22826 - 24862
24863 - 26363
30833 - 32816
35952 - 37909
42696 - 42883
44534 - 46168
48609 - 50443
50444 - 51367
58058 - 59542
61290 - 62011
67727 - 69370
69371 - 70476
72009 - 72390
73968 - 74057
77100 - 78833
80353 - 81725
90714 - 92185
93440 - 94584
95868 - 96809
96810 - 97864
97865 - 99294
100561 - 101491
102412 - 102844
106090 - 107003
108910 - 110870
111441 - 112590
112745 - 113479
113480 - 115083
115977 - 117454
119467 - 121483
124400 - 124429
124885 - 126630
128803 - 129074
129648 - 130977
130978 - 131921
133463 - 134241
135770 - 137259
137260 - 139120
-------------------------------------------
-----after push_string(105284 - 106090)---
2903 - 3524
9476 - 9717
10712 - 10921
12770 - 14411
14412 - 14972
15843 - 17156
19160 - 19195
22826 - 24862
24863 - 26363
30833 - 32816
35952 - 37909
42696 - 42883
44534 - 46168
48609 - 50443
50444 - 51367
58058 - 59542
61290 - 62011
67727 - 69370
69371 - 70476
72009 - 72390
73968 - 74057
77100 - 78833
80353 - 81725
90714 - 92185
93440 - 94584
95868 - 96809
96810 - 97864
97865 - 99294
100561 - 101491
102412 - 102844
105284 - 106089
106090 - 107003
108910 - 110870
111441 - 112590
112745 - 113479
113480 - 115083
115977 - 117454
119467 - 121483
124400 - 124429
124885 - 126630
128803 - 129074
129648 - 130977
130978 - 131921
133463 - 134241
135770 - 137259
137260 - 139120
-------------------------------------------
-----after push_string(66608 - 67727)---
2903 - 3524
9476 - 9717
10712 - 10921
12770 - 14411
14412 - 14972
15843 - 17156
19160 - 19195
22826 - 24862
24863 - 26363
30833 - 32816
35952 - 37909
42696 - 42883
44534 - 46168
48609 - 50443
50444 - 51367
58058 - 59542
61290 - 62011
66608 - 67726
67727 - 69370
69371 - 70476
72009 - 72390
73968 - 74057
77100 - 78833
80353 - 81725
90714 - 92185
93440 - 94584
95868 - 96809
96810 - 97864
97865 - 99294
100561 - 101491
102412 - 102844
105284 - 106089
106090 - 107003
108910 - 110870
111441 - 112590
112745 - 113479
113480 - 115083
115977 - 117454
119467 - 121483
124400 - 124429
124885 - 126630
128803 - 129074
129648 - 130977
130978 - 131921
133463 - 134241
135770 - 137259
137260 - 139120
-------------------------------------------
-----after push_string(62012 - 63195)---
2903 - 3524
9476 - 9717
10712 - 10921
12770 - 14411
14412 - 14972
15843 - 17156
19160 - 19195
22826 - 24862
24863 - 26363
30833 - 32816
35952 - 37909
42696 - 42883
44534 - 46168
48609 - 50443
50444 - 51367
58058 - 59542
61290 - 62011
66608 - 67726
67727 - 69370
69371 - 70476
72009 - 72390
73968 - 74057
77100 - 78833
80353 - 81725
90714 - 92185
93440 - 94584
95868 - 96809
96810 - 97864
97865 - 99294
100561 - 101491
102412 - 102844
105284 - 106089
106090 - 107003
108910 - 110870
111441 - 112590
112745 - 113479
113480 - 115083
115977 - 117454
119467 - 121483
124400 - 124429
124885 - 126630
128803 - 129074
129648 - 130977
130978 - 131921
133463 - 134241
135770 - 137259
137260 - 139120
-------------------------------------------
-----after push_string(126631 - 127770)---
2903 - 3524
9476 - 9717
10712 - 10921
12770 - 14411
14412 - 14972
15843 - 17156
19160 - 19195
22826 - 24862
24863 - 26363
30833 - 32816
35952 - 37909
42696 - 42883
44534 - 46168
48609 - 50443
50444 - 51367
58058 - 59542
61290 - 62011
66608 - 67726
67727 - 69370
69371 - 70476
72009 - 72390
73968 - 74057
77100 - 78833
80353 - 81725
90714 - 92185
93440 - 94584
95868 - 96809
96810 - 97864
97865 - 99294
100561 - 101491
102412 - 102844
105284 - 106089
106090 - 107003
108910 - 110870
111441 - 112590
112745 - 113479
113480 - 115083
115977 - 117454
119467 - 121483
124400 - 124429
124885 - 126630
128803 - 129074
129648 - 130977
130978 - 131921
133463 - 134241
135770 - 137259
137260 - 139120
-------------------------------------------
-----after push_string(6542 - 6583)---
2903 - 3524
6542 - 6582
9476 - 9717
10712 - 10921
12770 - 14411
14412 - 14972
15843 - 17156
19160 - 19195
22826 - 24862
24863 - 26363
30833 - 32816
35952 - 37909
42696 - 42883
44534 - 46168
48609 - 50443
50444 - 51367
58058 - 59542
61290 - 62011
66608 - 67726
67727 - 69370
69371 - 70476
72009 - 72390
73968 - 74057
77100 - 78833
80353 - 81725
90714 - 92185
93440 - 94584
95868 - 96809
96810 - 97864
97865 - 99294
100561 - 101491
102412 - 102844
105284 - 106089
106090 - 107003
108910 - 110870
111441 - 112590
112745 - 113479
113480 - 115083
115977 - 117454
119467 - 121483
124400 - 124429
124885 - 126630
128803 - 129074
129648 - 130977
130978 - 131921
133463 - 134241
135770 - 137259
137260 - 139120
-------------------------------------------
-----after push_string(51368 - 52312)---
2903 - 3524
6542 - 6582
9476 - 9717
10712 - 10921
12770 - 14411
14412 - 14972
15843 - 17156
19160 - 19195
22826 - 24862
24863 - 26363
30833 - 32816
35952 - 37909
42696 - 42883
44534 - 46168
48609 - 50443
50444 - 51367
58058 - 59542
61290 - 62011
66608 - 67726
67727 - 69370
69371 - 70476
72009 - 72390
73968 - 74057
77100 - 78833
80353 - 81725
90714 - 92185
93440 - 94584
95868 - 96809
96810 - 97864
97865 - 99294
100561 - 101491
102412 - 102844
105284 - 106089
106090 - 107003
108910 - 110870
111441 - 112590
112745 - 113479
113480 - 115083
115977 - 117454
119467 - 121483
124400 - 124429
124885 - 126630
128803 - 129074
129648 - 130977
130978 - 131921
133463 - 134241
135770 - 137259
137260 - 139120
-------------------------------------------
-----after push_string(81726 - 83075)---
2903 - 3524
6542 - 6582
9476 - 9717
10712 - 10921
12770 - 14411
14412 - 14972
15843 - 17156
19160 - 19195
22826 - 24862
24863 - 26363
30833 - 32816
35952 - 37909
42696 - 42883
44534 - 46168
48609 - 50443
50444 - 51367
58058 - 59542
61290 - 62011
66608 - 67726
67727 - 69370
69371 - 70476
72009 - 72390
73968 - 74057
77100 - 78833
80353 - 81725
90714 - 92185
93440 - 94584
95868 - 96809
96810 - 97864
97865 - 99294
100561 - 101491
102412 - 102844
105284 - 106089
106090 - 107003
108910 - 110870
111441 - 112590
112745 - 113479
113480 - 115083
115977 - 117454
119467 - 121483
124400 - 124429
124885 - 126630
128803 - 129074
129648 - 130977
130978 - 131921
133463 - 134241
135770 - 137259
137260 - 139120
-------------------------------------------
-----after push_string(101750 - 102187)---
2903 - 3524
6542 - 6582
9476 - 9717
10712 - 10921
12770 - 14411
14412 - 14972
15843 - 17156
19160 - 19195
22826 - 24862
24863 - 26363
30833 - 32816
35952 - 37909
42696 - 42883
44534 - 46168
48609 - 50443
50444 - 51367
58058 - 59542
61290 - 62011
66608 - 67726
67727 - 69370
69371 - 70476
72009 - 72390
73968 - 74057
77100 - 78833
80353 - 81725
90714 - 92185
93440 - 94584
95868 - 96809
96810 - 97864
97865 - 99294
100561 - 101491
101750 - 102186
102412 - 102844
105284 - 106089
106090 - 107003
108910 - 110870
111441 - 112590
112745 - 113479
113480 - 115083
115977 - 117454
119467 - 121483
124400 - 124429
124885 - 126630
128803 - 129074
129648 - 130977
130978 - 131921
133463 - 134241
135770 - 137259
137260 - 139120
-------------------------------------------
-----after push_string(6583 - 6701)---
2903 - 3524
6542 - 6582
9476 - 9717
10712 - 10921
12770 - 14411
14412 - 14972
15843 - 17156
19160 - 19195
22826 - 24862
24863 - 26363
30833 - 32816
35952 - 37909
42696 - 42883
44534 - 46168
48609 - 50443
50444 - 51367
58058 - 59542
61290 - 62011
66608 - 67726
67727 - 69370
69371 - 70476
72009 - 72390
73968 - 74057
77100 - 78833
80353 - 81725
90714 - 92185
93440 - 94584
95868 - 96809
96810 - 97864
97865 - 99294
100561 - 101491
101750 - 102186
102412 - 102844
105284 - 106089
106090 - 107003
108910 - 110870
111441 - 112590
112745 - 113479
113480 - 115083
115977 - 117454
119467 - 121483
124400 - 124429
124885 - 126630
128803 - 129074
129648 - 130977
130978 - 131921
133463 - 134241
135770 - 137259
137260 - 139120
-------------------------------------------
-----after push_string(121484 - 123180)---
2903 - 3524
6542 - 6582
9476 - 9717
10712 - 10921
12770 - 14411
14412 - 14972
15843 - 17156
19160 - 19195
22826 - 24862
24863 - 26363
30833 - 32816
35952 - 37909
42696 - 42883
44534 - 46168
48609 - 50443
50444 - 51367
58058 - 59542
61290 - 62011
66608 - 67726
67727 - 69370
69371 - 70476
72009 - 72390
73968 - 74057
77100 - 78833
80353 - 81725
90714 - 92185
93440 - 94584
95868 - 96809
96810 - 97864
97865 - 99294
100561 - 101491
101750 - 102186
102412 - 102844
105284 - 106089
106090 - 107003
108910 - 110870
111441 - 112590
112745 - 113479
113480 - 115083
115977 - 117454
119467 - 121483
124400 - 124429
124885 - 126630
128803 - 129074
129648 - 130977
130978 - 131921
133463 - 134241
135770 - 137259
137260 - 139120
-------------------------------------------
-----after push_string(38914 - 40852)---
2903 - 3524
6542 - 6582
9476 - 9717
10712 - 10921
12770 - 14411
14412 - 14972
15843 - 17156
19160 - 19195
22826 - 24862
24863 - 26363
30833 - 32816
35952 - 37909
38914 - 40851
42696 - 42883
44534 - 46168
48609 - 50443
50444 - 51367
58058 - 59542
61290 - 62011
66608 - 67726
67727 - 69370
69371 - 70476
72009 - 72390
73968 - 74057
77100 - 78833
80353 - 81725
90714 - 92185
93440 - 94584
95868 - 96809
96810 - 97864
97865 - 99294
100561 - 101491
101750 - 102186
102412 - 102844
105284 - 106089
106090 - 107003
108910 - 110870
111441 - 112590
112745 - 113479
113480 - 115083
115977 - 117454
119467 - 121483
124400 - 124429
124885 - 126630
128803 - 129074
129648 - 130977
130978 - 131921
133463 - 134241
135770 - 137259
137260 - 139120
-------------------------------------------
-----after push_string(53483 - 54783)---
2903 - 3524
6542 - 6582
9476 - 9717
10712 - 10921
12770 - 14411
14412 - 14972
15843 - 17156
19160 - 19195
22826 - 24862
24863 - 26363
30833 - 32816
35952 - 37909
38914 - 40851
42696 - 42883
44534 - 46168
48609 - 50443
50444 - 51367
53483 - 54782
58058 - 59542
61290 - 62011
66608 - 67726
67727 - 69370
69371 - 70476
72009 - 72390
73968 - 74057
77100 - 78833
80353 - 81725
90714 - 92185
93440 - 94584
95868 - 96809
96810 - 97864
97865 - 99294
100561 - 101491
101750 - 102186
102412 - 102844
105284 - 106089
106090 - 107003
108910 - 110870
111441 - 112590
112745 - 113479
113480 - 115083
115977 - 117454
119467 - 121483
124400 - 124429
124885 - 126630
128803 - 129074
129648 - 130977
130978 - 131921
133463 - 134241
135770 - 137259
137260 - 139120
-------------------------------------------
-----after push_string(34937 - 35952)---
2903 - 3524
6542 - 6582
9476 - 9717
10712 - 10921
12770 - 14411
14412 - 14972
15843 - 17156
19160 - 19195
22826 - 24862
24863 - 26363
30833 - 32816
34937 - 35951
35952 - 37909
38914 - 40851
42696 - 42883
44534 - 46168
48609 - 50443
50444 - 51367
53483 - 54782
58058 - 59542
61290 - 62011
66608 - 67726
67727 - 69370
69371 - 70476
72009 - 72390
73968 - 74057
77100 - 78833
80353 - 81725
90714 - 92185
93440 - 94584
95868 - 96809
96810 - 97864
97865 - 99294
100561 - 101491
101750 - 102186
102412 - 102844
105284 - 106089
106090 - 107003
108910 - 110870
111441 - 112590
112745 - 113479
113480 - 115083
115977 - 117454
119467 - 121483
124400 - 124429
124885 - 126630
128803 - 129074
129648 - 130977
130978 - 131921
133463 - 134241
135770 - 137259
137260 - 139120
-------------------------------------------
-----after push_string(128529 - 128803)---
2903 - 3524
6542 - 6582
9476 - 9717
10712 - 10921
12770 - 14411
14412 - 14972
15843 - 17156
19160 - 19195
22826 - 24862
24863 - 26363
30833 - 32816
34937 - 35951
35952 - 37909
38914 - 40851
42696 - 42883
44534 - 46168
48609 - 50443
50444 - 51367
53483 - 54782
58058 - 59542
61290 - 62011
66608 - 67726
67727 - 69370
69371 - 70476
72009 - 72390
73968 - 74057
77100 - 78833
80353 - 81725
90714 - 92185
93440 - 94584
95868 - 96809
96810 - 97864
97865 - 99294
100561 - 101491
101750 - 102186
102412 - 102844
105284 - 106089
106090 - 107003
108910 - 110870
111441 - 112590
112745 - 113479
113480 - 115083
115977 - 117454
119467 - 121483
124400 - 124429
124885 - 126630
128529 - 128802
128803 - 129074
129648 - 130977
130978 - 131921
133463 - 134241
135770 - 137259
137260 - 139120
-------------------------------------------
-----after push_string(56597 - 58058)---
2903 - 3524
6542 - 6582
9476 - 9717
10712 - 10921
12770 - 14411
14412 - 14972
15843 - 17156
19160 - 19195
22826 - 24862
24863 - 26363
30833 - 32816
34937 - 35951
35952 - 37909
38914 - 40851
42696 - 42883
44534 - 46168
48609 - 50443
50444 - 51367
53483 - 54782
56597 - 58057
58058 - 59542
61290 - 62011
66608 - 67726
67727 - 69370
69371 - 70476
72009 - 72390
73968 - 74057
77100 - 78833
80353 - 81725
90714 - 92185
93440 - 94584
95868 - 96809
96810 - 97864
97865 - 99294
100561 - 101491
101750 - 102186
102412 - 102844
105284 - 106089
106090 - 107003
108910 - 110870
111441 - 112590
112745 - 113479
113480 - 115083
115977 - 117454
119467 - 121483
124400 - 124429
124885 - 126630
128529 - 128802
128803 - 129074
129648 - 130977
130978 - 131921
133463 - 134241
135770 - 137259
137260 - 139120
-------------------------------------------
-----after push_string(46169 - 47837)---
2903 - 3524
6542 - 6582
9476 - 9717
10712 - 10921
12770 - 14411
14412 - 14972
15843 - 17156
19160 - 19195
22826 - 24862
24863 - 26363
30833 - 32816
34937 - 35951
35952 - 37909
38914 - 40851
42696 - 42883
44534 - 46168
48609 - 50443
50444 - 51367
53483 - 54782
56597 - 58057
58058 - 59542
61290 - 62011
66608 - 67726
67727 - 69370
69371 - 70476
72009 - 72390
73968 - 74057
77100 - 78833
80353 - 81725
90714 - 92185
93440 - 94584
95868 - 96809
96810 - 97864
97865 - 99294
100561 - 101491
101750 - 102186
102412 - 102844
105284 - 106089
106090 - 107003
108910 - 110870
111441 - 112590
112745 - 113479
113480 - 115083
115977 - 117454
119467 - 121483
124400 - 124429
124885 - 126630
128529 - 128802
128803 - 129074
129648 - 130977
130978 - 131921
133463 - 134241
135770 - 137259
137260 - 139120
-------------------------------------------
-----after push_string(117455 - 119467)---
2903 - 3524
6542 - 6582
9476 - 9717
10712 - 10921
12770 - 14411
14412 - 14972
15843 - 17156
19160 - 19195
22826 - 24862
24863 - 26363
30833 - 32816
34937 - 35951
35952 - 37909
38914 - 40851
42696 - 42883
44534 - 46168
48609 - 50443
50444 - 51367
53483 - 54782
56597 - 58057
58058 - 59542
61290 - 62011
66608 - 67726
67727 - 69370
69371 - 70476
72009 - 72390
73968 - 74057
77100 - 78833
80353 - 81725
90714 - 92185
93440 - 94584
95868 - 96809
96810 - 97864
97865 - 99294
100561 - 101491
101750 - 102186
102412 - 102844
105284 - 106089
106090 - 107003
108910 - 110870
111441 - 112590
112745 - 113479
113480 - 115083
115977 - 117454
119467 - 121483
124400 - 124429
124885 - 126630
128529 - 128802
128803 - 129074
129648 - 130977
130978 - 131921
133463 - 134241
135770 - 137259
137260 - 139120
-------------------------------------------
-----after push_string(74560 - 75092)---
2903 - 3524
6542 - 6582
9476 - 9717
10712 - 10921
12770 - 14411
14412 - 14972
15843 - 17156
19160 - 19195
22826 - 24862
24863 - 26363
30833 - 32816
34937 - 35951
35952 - 37909
38914 - 40851
42696 - 42883
44534 - 46168
48609 - 50443
50444 - 51367
53483 - 54782
56597 - 58057
58058 - 59542
61290 - 62011
66608 - 67726
67727 - 69370
69371 - 70476
72009 - 72390
73968 - 74057
74560 - 75091
77100 - 78833
80353 - 81725
90714 - 92185
93440 - 94584
95868 - 96809
96810 - 97864
97865 - 99294
100561 - 101491
101750 - 102186
102412 - 102844
105284 - 106089
106090 - 107003
108910 - 110870
111441 - 112590
112745 - 113479
113480 - 115083
115977 - 117454
119467 - 121483
124400 - 124429
124885 - 126630
128529 - 128802
128803 - 129074
129648 - 130977
130978 - 131921
133463 - 134241
135770 - 137259
137260 - 139120
-------------------------------------------
-----after push_string(6307 - 6542)---
2903 - 3524
6307 - 6541
6542 - 6582
9476 - 9717
10712 - 10921
12770 - 14411
14412 - 14972
15843 - 17156
19160 - 19195
22826 - 24862
24863 - 26363
30833 - 32816
34937 - 35951
35952 - 37909
38914 - 40851
42696 - 42883
44534 - 46168
48609 - 50443
50444 - 51367
53483 - 54782
56597 - 58057
58058 - 59542
61290 - 62011
66608 - 67726
67727 - 69370
69371 - 70476
72009 - 72390
73968 - 74057
74560 - 75091
77100 - 78833
80353 - 81725
90714 - 92185
93440 - 94584
95868 - 96809
96810 - 97864
97865 - 99294
100561 - 101491
101750 - 102186
102412 - 102844
105284 - 106089
106090 - 107003
108910 - 110870
111441 - 112590
112745 - 113479
113480 - 115083
115977 - 117454
119467 - 121483
124400 - 124429
124885 - 126630
128529 - 128802
128803 - 129074
129648 - 130977
130978 - 131921
133463 - 134241
135770 - 137259
137260 - 139120
-------------------------------------------
-----after push_string(52312 - 53483)---
2903 - 3524
6307 - 6541
6542 - 6582
9476 - 9717
10712 - 10921
12770 - 14411
14412 - 14972
15843 - 17156
19160 - 19195
22826 - 24862
24863 - 26363
30833 - 32816
34937 - 35951
35952 - 37909
38914 - 40851
42696 - 42883
44534 - 46168
48609 - 50443
50444 - 51367
52312 - 53482
53483 - 54782
56597 - 58057
58058 - 59542
61290 - 62011
66608 - 67726
67727 - 69370
69371 - 70476
72009 - 72390
73968 - 74057
74560 - 75091
77100 - 78833
80353 - 81725
90714 - 92185
93440 - 94584
95868 - 96809
96810 - 97864
97865 - 99294
100561 - 101491
101750 - 102186
102412 - 102844
105284 - 106089
106090 - 107003
108910 - 110870
111441 - 112590
112745 - 113479
113480 - 115083
115977 - 117454
119467 - 121483
124400 - 124429
124885 - 126630
128529 - 128802
128803 - 129074
129648 - 130977
130978 - 131921
133463 - 134241
135770 - 137259
137260 - 139120
-------------------------------------------
-----after push_string(63195 - 65110)---
2903 - 3524
6307 - 6541
6542 - 6582
9476 - 9717
10712 - 10921
12770 - 14411
14412 - 14972
15843 - 17156
19160 - 19195
22826 - 24862
24863 - 26363
30833 - 32816
34937 - 35951
35952 - 37909
38914 - 40851
42696 - 42883
44534 - 46168
48609 - 50443
50444 - 51367
52312 - 53482
53483 - 54782
56597 - 58057
58058 - 59542
61290 - 62011
63195 - 65109
66608 - 67726
67727 - 69370
69371 - 70476
72009 - 72390
73968 - 74057
74560 - 75091
77100 - 78833
80353 - 81725
90714 - 92185
93440 - 94584
95868 - 96809
96810 - 97864
97865 - 99294
100561 - 101491
101750 - 102186
102412 - 102844
105284 - 106089
106090 - 107003
108910 - 110870
111441 - 112590
112745 - 113479
113480 - 115083
115977 - 117454
119467 - 121483
124400 - 124429
124885 - 126630
128529 - 128802
128803 - 129074
129648 - 130977
130978 - 131921
133463 - 134241
135770 - 137259
137260 - 139120
-------------------------------------------
-----after push_string(37910 - 38914)---
2903 - 3524
6307 - 6541
6542 - 6582
9476 - 9717
10712 - 10921
12770 - 14411
14412 - 14972
15843 - 17156
19160 - 19195
22826 - 24862
24863 - 26363
30833 - 32816
34937 - 35951
35952 - 37909
38914 - 40851
42696 - 42883
44534 - 46168
48609 - 50443
50444 - 51367
52312 - 53482
53483 - 54782
56597 - 58057
58058 - 59542
61290 - 62011
63195 - 65109
66608 - 67726
67727 - 69370
69371 - 70476
72009 - 72390
73968 - 74057
74560 - 75091
77100 - 78833
80353 - 81725
90714 - 92185
93440 - 94584
95868 - 96809
96810 - 97864
97865 - 99294
100561 - 101491
101750 - 102186
102412 - 102844
105284 - 106089
106090 - 107003
108910 - 110870
111441 - 112590
112745 - 113479
113480 - 115083
115977 - 117454
119467 - 121483
124400 - 124429
124885 - 126630
128529 - 128802
128803 - 129074
129648 - 130977
130978 - 131921
133463 - 134241
135770 - 137259
137260 - 139120
-------------------------------------------
-----after push_string(92186 - 93440)---
2903 - 3524
6307 - 6541
6542 - 6582
9476 - 9717
10712 - 10921
12770 - 14411
14412 - 14972
15843 - 17156
19160 - 19195
22826 - 24862
24863 - 26363
30833 - 32816
34937 - 35951
35952 - 37909
38914 - 40851
42696 - 42883
44534 - 46168
48609 - 50443
50444 - 51367
52312 - 53482
53483 - 54782
56597 - 58057
58058 - 59542
61290 - 62011
63195 - 65109
66608 - 67726
67727 - 69370
69371 - 70476
72009 - 72390
73968 - 74057
74560 - 75091
77100 - 78833
80353 - 81725
90714 - 92185
93440 - 94584
95868 - 96809
96810 - 97864
97865 - 99294
100561 - 101491
101750 - 102186
102412 - 102844
105284 - 106089
106090 - 107003
108910 - 110870
111441 - 112590
112745 - 113479
113480 - 115083
115977 - 117454
119467 - 121483
124400 - 124429
124885 - 126630
128529 - 128802
128803 - 129074
129648 - 130977
130978 - 131921
133463 - 134241
135770 - 137259
137260 - 139120
-------------------------------------------
-----after push_string(134242 - 135770)---
2903 - 3524
6307 - 6541
6542 - 6582
9476 - 9717
10712 - 10921
12770 - 14411
14412 - 14972
15843 - 17156
19160 - 19195
22826 - 24862
24863 - 26363
30833 - 32816
34937 - 35951
35952 - 37909
38914 - 40851
42696 - 42883
44534 - 46168
48609 - 50443
50444 - 51367
52312 - 53482
53483 - 54782
56597 - 58057
58058 - 59542
61290 - 62011
63195 - 65109
66608 - 67726
67727 - 69370
69371 - 70476
72009 - 72390
73968 - 74057
74560 - 75091
77100 - 78833
80353 - 81725
90714 - 92185
93440 - 94584
95868 - 96809
96810 - 97864
97865 - 99294
100561 - 101491
101750 - 102186
102412 - 102844
105284 - 106089
106090 - 107003
108910 - 110870
111441 - 112590
112745 - 113479
113480 - 115083
115977 - 117454
119467 - 121483
124400 - 124429
124885 - 126630
128529 - 128802
128803 - 129074
129648 - 130977
130978 - 131921
133463 - 134241
135770 - 137259
137260 - 139120
-------------------------------------------
-----after push_string(75092 - 76554)---
2903 - 3524
6307 - 6541
6542 - 6582
9476 - 9717
10712 - 10921
12770 - 14411
14412 - 14972
15843 - 17156
19160 - 19195
22826 - 24862
24863 - 26363
30833 - 32816
34937 - 35951
35952 - 37909
38914 - 40851
42696 - 42883
44534 - 46168
48609 - 50443
50444 - 51367
52312 - 53482
53483 - 54782
56597 - 58057
58058 - 59542
61290 - 62011
63195 - 65109
66608 - 67726
67727 - 69370
69371 - 70476
72009 - 72390
73968 - 74057
74560 - 75091
77100 - 78833
80353 - 81725
90714 - 92185
93440 - 94584
95868 - 96809
96810 - 97864
97865 - 99294
100561 - 101491
101750 - 102186
102412 - 102844
105284 - 106089
106090 - 107003
108910 - 110870
111441 - 112590
112745 - 113479
113480 - 115083
115977 - 117454
119467 - 121483
124400 - 124429
124885 - 126630
128529 - 128802
128803 - 129074
129648 - 130977
130978 - 131921
133463 - 134241
135770 - 137259
137260 - 139120
-------------------------------------------
-----after push_string(18683 - 19160)---
2903 - 3524
6307 - 6541
6542 - 6582
9476 - 9717
10712 - 10921
12770 - 14411
14412 - 14972
15843 - 17156
18683 - 19159
19160 - 19195
22826 - 24862
24863 - 26363
30833 - 32816
34937 - 35951
35952 - 37909
38914 - 40851
42696 - 42883
44534 - 46168
48609 - 50443
50444 - 51367
52312 - 53482
53483 - 54782
56597 - 58057
58058 - 59542
61290 - 62011
63195 - 65109
66608 - 67726
67727 - 69370
69371 - 70476
72009 - 72390
73968 - 74057
74560 - 75091
77100 - 78833
80353 - 81725
90714 - 92185
93440 - 94584
95868 - 96809
96810 - 97864
97865 - 99294
100561 - 101491
101750 - 102186
102412 - 102844
105284 - 106089
106090 - 107003
108910 - 110870
111441 - 112590
112745 - 113479
113480 - 115083
115977 - 117454
119467 - 121483
124400 - 124429
124885 - 126630
128529 - 128802
128803 - 129074
129648 - 130977
130978 - 131921
133463 - 134241
135770 - 137259
137260 - 139120
-------------------------------------------
-----after push_string(65170 - 66105)---
2903 - 3524
6307 - 6541
6542 - 6582
9476 - 9717
10712 - 10921
12770 - 14411
14412 - 14972
15843 - 17156
18683 - 19159
19160 - 19195
22826 - 24862
24863 - 26363
30833 - 32816
34937 - 35951
35952 - 37909
38914 - 40851
42696 - 42883
44534 - 46168
48609 - 50443
50444 - 51367
52312 - 53482
53483 - 54782
56597 - 58057
58058 - 59542
61290 - 62011
63195 - 65109
65170 - 66104
66608 - 67726
67727 - 69370
69371 - 70476
72009 - 72390
73968 - 74057
74560 - 75091
77100 - 78833
80353 - 81725
90714 - 92185
93440 - 94584
95868 - 96809
96810 - 97864
97865 - 99294
100561 - 101491
101750 - 102186
102412 - 102844
105284 - 106089
106090 - 107003
108910 - 110870
111441 - 112590
112745 - 113479
113480 - 115083
115977 - 117454
119467 - 121483
124400 - 124429
124885 - 126630
128529 - 128802
128803 - 129074
129648 - 130977
130978 - 131921
133463 - 134241
135770 - 137259
137260 - 139120
-------------------------------------------
-----after push_string(42884 - 44534)---
2903 - 3524
6307 - 6541
6542 - 6582
9476 - 9717
10712 - 10921
12770 - 14411
14412 - 14972
15843 - 17156
18683 - 19159
19160 - 19195
22826 - 24862
24863 - 26363
30833 - 32816
34937 - 35951
35952 - 37909
38914 - 40851
42696 - 42883
44534 - 46168
48609 - 50443
50444 - 51367
52312 - 53482
53483 - 54782
56597 - 58057
58058 - 59542
61290 - 62011
63195 - 65109
65170 - 66104
66608 - 67726
67727 - 69370
69371 - 70476
72009 - 72390
73968 - 74057
74560 - 75091
77100 - 78833
80353 - 81725
90714 - 92185
93440 - 94584
95868 - 96809
96810 - 97864
97865 - 99294
100561 - 101491
101750 - 102186
102412 - 102844
105284 - 106089
106090 - 107003
108910 - 110870
111441 - 112590
112745 - 113479
113480 - 115083
115977 - 117454
119467 - 121483
124400 - 124429
124885 - 126630
128529 - 128802
128803 - 129074
129648 - 130977
130978 - 131921
133463 - 134241
135770 - 137259
137260 - 139120
-------------------------------------------
-----after push_string(78834 - 80353)---
2903 - 3524
6307 - 6541
6542 - 6582
9476 - 9717
10712 - 10921
12770 - 14411
14412 - 14972
15843 - 17156
18683 - 19159
19160 - 19195
22826 - 24862
24863 - 26363
30833 - 32816
34937 - 35951
35952 - 37909
38914 - 40851
42696 - 42883
44534 - 46168
48609 - 50443
50444 - 51367
52312 - 53482
53483 - 54782
56597 - 58057
58058 - 59542
61290 - 62011
63195 - 65109
65170 - 66104
66608 - 67726
67727 - 69370
69371 - 70476
72009 - 72390
73968 - 74057
74560 - 75091
77100 - 78833
80353 - 81725
90714 - 92185
93440 - 94584
95868 - 96809
96810 - 97864
97865 - 99294
100561 - 101491
101750 - 102186
102412 - 102844
105284 - 106089
106090 - 107003
108910 - 110870
111441 - 112590
112745 - 113479
113480 - 115083
115977 - 117454
119467 - 121483
124400 - 124429
124885 - 126630
128529 - 128802
128803 - 129074
129648 - 130977
130978 - 131921
133463 - 134241
135770 - 137259
137260 - 139120
-------------------------------------------
-----after push_string(139121 - 140337)---
2903 - 3524
6307 - 6541
6542 - 6582
9476 - 9717
10712 - 10921
12770 - 14411
14412 - 14972
15843 - 17156
18683 - 19159
19160 - 19195
22826 - 24862
24863 - 26363
30833 - 32816
34937 - 35951
35952 - 37909
38914 - 40851
42696 - 42883
44534 - 46168
48609 - 50443
50444 - 51367
52312 - 53482
53483 - 54782
56597 - 58057
58058 - 59542
61290 - 62011
63195 - 65109
65170 - 66104
66608 - 67726
67727 - 69370
69371 - 70476
72009 - 72390
73968 - 74057
74560 - 75091
77100 - 78833
80353 - 81725
90714 - 92185
93440 - 94584
95868 - 96809
96810 - 97864
97865 - 99294
100561 - 101491
101750 - 102186
102412 - 102844
105284 - 106089
106090 - 107003
108910 - 110870
111441 - 112590
112745 - 113479
113480 - 115083
115977 - 117454
119467 - 121483
124400 - 124429
124885 - 126630
128529 - 128802
128803 - 129074
129648 - 130977
130978 - 131921
133463 - 134241
135770 - 137259
137260 - 139120
139121 - 140336
-------------------------------------------
-----after push_string(66105 - 66608)---
2903 - 3524
6307 - 6541
6542 - 6582
9476 - 9717
10712 - 10921
12770 - 14411
14412 - 14972
15843 - 17156
18683 - 19159
19160 - 19195
22826 - 24862
24863 - 26363
30833 - 32816
34937 - 35951
35952 - 37909
38914 - 40851
42696 - 42883
44534 - 46168
48609 - 50443
50444 - 51367
52312 - 53482
53483 - 54782
56597 - 58057
58058 - 59542
61290 - 62011
63195 - 65109
65170 - 66104
66608 - 67726
67727 - 69370
69371 - 70476
72009 - 72390
73968 - 74057
74560 - 75091
77100 - 78833
80353 - 81725
90714 - 92185
93440 - 94584
95868 - 96809
96810 - 97864
97865 - 99294
100561 - 101491
101750 - 102186
102412 - 102844
105284 - 106089
106090 - 107003
108910 - 110870
111441 - 112590
112745 - 113479
113480 - 115083
115977 - 117454
119467 - 121483
124400 - 124429
124885 - 126630
128529 - 128802
128803 - 129074
129648 - 130977
130978 - 131921
133463 - 134241
135770 - 137259
137260 - 139120
139121 - 140336
-------------------------------------------
-----after push_string(89482 - 90714)---
2903 - 3524
6307 - 6541
6542 - 6582
9476 - 9717
10712 - 10921
12770 - 14411
14412 - 14972
15843 - 17156
18683 - 19159
19160 - 19195
22826 - 24862
24863 - 26363
30833 - 32816
34937 - 35951
35952 - 37909
38914 - 40851
42696 - 42883
44534 - 46168
48609 - 50443
50444 - 51367
52312 - 53482
53483 - 54782
56597 - 58057
58058 - 59542
61290 - 62011
63195 - 65109
65170 - 66104
66608 - 67726
67727 - 69370
69371 - 70476
72009 - 72390
73968 - 74057
74560 - 75091
77100 - 78833
80353 - 81725
89482 - 90713
90714 - 92185
93440 - 94584
95868 - 96809
96810 - 97864
97865 - 99294
100561 - 101491
101750 - 102186
102412 - 102844
105284 - 106089
106090 - 107003
108910 - 110870
111441 - 112590
112745 - 113479
113480 - 115083
115977 - 117454
119467 - 121483
124400 - 124429
124885 - 126630
128529 - 128802
128803 - 129074
129648 - 130977
130978 - 131921
133463 - 134241
135770 - 137259
137260 - 139120
139121 - 140336
-------------------------------------------
-----after push_string(104002 - 105284)---
2903 - 3524
6307 - 6541
6542 - 6582
9476 - 9717
10712 - 10921
12770 - 14411
14412 - 14972
15843 - 17156
18683 - 19159
19160 - 19195
22826 - 24862
24863 - 26363
30833 - 32816
34937 - 35951
35952 - 37909
38914 - 40851
42696 - 42883
44534 - 46168
48609 - 50443
50444 - 51367
52312 - 53482
53483 - 54782
56597 - 58057
58058 - 59542
61290 - 62011
63195 - 65109
65170 - 66104
66608 - 67726
67727 - 69370
69371 - 70476
72009 - 72390
73968 - 74057
74560 - 75091
77100 - 78833
80353 - 81725
89482 - 90713
90714 - 92185
93440 - 94584
95868 - 96809
96810 - 97864
97865 - 99294
100561 - 101491
101750 - 102186
102412 - 102844
104002 - 105283
105284 - 106089
106090 - 107003
108910 - 110870
111441 - 112590
112745 - 113479
113480 - 115083
115977 - 117454
119467 - 121483
124400 - 124429
124885 - 126630
128529 - 128802
128803 - 129074
129648 - 130977
130978 - 131921
133463 - 134241
135770 - 137259
137260 - 139120
139121 - 140336
-------------------------------------------
-----after push_string(0 - 930)---
2903 - 3524
6307 - 6541
6542 - 6582
9476 - 9717
10712 - 10921
12770 - 14411
14412 - 14972
15843 - 17156
18683 - 19159
19160 - 19195
22826 - 24862
24863 - 26363
30833 - 32816
34937 - 35951
35952 - 37909
38914 - 40851
42696 - 42883
44534 - 46168
48609 - 50443
50444 - 51367
52312 - 53482
53483 - 54782
56597 - 58057
58058 - 59542
61290 - 62011
63195 - 65109
65170 - 66104
66608 - 67726
67727 - 69370
69371 - 70476
72009 - 72390
73968 - 74057
74560 - 75091
77100 - 78833
80353 - 81725
89482 - 90713
90714 - 92185
93440 - 94584
95868 - 96809
96810 - 97864
97865 - 99294
100561 - 101491
101750 - 102186
102412 - 102844
104002 - 105283
105284 - 106089
106090 - 107003
108910 - 110870
111441 - 112590
112745 - 113479
113480 - 115083
115977 - 117454
119467 - 121483
124400 - 124429
124885 - 126630
128529 - 128802
128803 - 129074
129648 - 130977
130978 - 131921
133463 - 134241
135770 - 137259
137260 - 139120
139121 - 140336
-------------------------------------------
-----after push_string(85075 - 86078)---
2903 - 3524
6307 - 6541
6542 - 6582
9476 - 9717
10712 - 10921
12770 - 14411
14412 - 14972
15843 - 17156
18683 - 19159
19160 - 19195
22826 - 24862
24863 - 26363
30833 - 32816
34937 - 35951
35952 - 37909
38914 - 40851
42696 - 42883
44534 - 46168
48609 - 50443
50444 - 51367
52312 - 53482
53483 - 54782
56597 - 58057
58058 - 59542
61290 - 62011
63195 - 65109
65170 - 66104
66608 - 67726
67727 - 69370
69371 - 70476
72009 - 72390
73968 - 74057
74560 - 75091
77100 - 78833
80353 - 81725
85075 - 86077
89482 - 90713
90714 - 92185
93440 - 94584
95868 - 96809
96810 - 97864
97865 - 99294
100561 - 101491
101750 - 102186
102412 - 102844
104002 - 105283
105284 - 106089
106090 - 107003
108910 - 110870
111441 - 112590
112745 - 113479
113480 - 115083
115977 - 117454
119467 - 121483
124400 - 124429
124885 - 126630
128529 - 128802
128803 - 129074
129648 - 130977
130978 - 131921
133463 - 134241
135770 - 137259
137260 - 139120
139121 - 140336
-------------------------------------------
-----after push_string(19196 - 21139)---
2903 - 3524
6307 - 6541
6542 - 6582
9476 - 9717
10712 - 10921
12770 - 14411
14412 - 14972
15843 - 17156
18683 - 19159
19160 - 19195
22826 - 24862
24863 - 26363
30833 - 32816
34937 - 35951
35952 - 37909
38914 - 40851
42696 - 42883
44534 - 46168
48609 - 50443
50444 - 51367
52312 - 53482
53483 - 54782
56597 - 58057
58058 - 59542
61290 - 62011
63195 - 65109
65170 - 66104
66608 - 67726
67727 - 69370
69371 - 70476
72009 - 72390
73968 - 74057
74560 - 75091
77100 - 78833
80353 - 81725
85075 - 86077
89482 - 90713
90714 - 92185
93440 - 94584
95868 - 96809
96810 - 97864
97865 - 99294
100561 - 101491
101750 - 102186
102412 - 102844
104002 - 105283
105284 - 106089
106090 - 107003
108910 - 110870
111441 - 112590
112745 - 113479
113480 - 115083
115977 - 117454
119467 - 121483
124400 - 124429
124885 - 126630
128529 - 128802
128803 - 129074
129648 - 130977
130978 - 131921
133463 - 134241
135770 - 137259
137260 - 139120
139121 - 140336
-------------------------------------------
-----after push_string(6701 - 7896)---
2903 - 3524
6307 - 6541
6542 - 6582
6701 - 7895
9476 - 9717
10712 - 10921
12770 - 14411
14412 - 14972
15843 - 17156
18683 - 19159
19160 - 19195
22826 - 24862
24863 - 26363
30833 - 32816
34937 - 35951
35952 - 37909
38914 - 40851
42696 - 42883
44534 - 46168
48609 - 50443
50444 - 51367
52312 - 53482
53483 - 54782
56597 - 58057
58058 - 59542
61290 - 62011
63195 - 65109
65170 - 66104
66608 - 67726
67727 - 69370
69371 - 70476
72009 - 72390
73968 - 74057
74560 - 75091
77100 - 78833
80353 - 81725
85075 - 86077
89482 - 90713
90714 - 92185
93440 - 94584
95868 - 96809
96810 - 97864
97865 - 99294
100561 - 101491
101750 - 102186
102412 - 102844
104002 - 105283
105284 - 106089
106090 - 107003
108910 - 110870
111441 - 112590
112745 - 113479
113480 - 115083
115977 - 117454
119467 - 121483
124400 - 124429
124885 - 126630
128529 - 128802
128803 - 129074
129648 - 130977
130978 - 131921
133463 - 134241
135770 - 137259
137260 - 139120
139121 - 140336
-------------------------------------------
-----after push_string(17157 - 18683)---
2903 - 3524
6307 - 6541
6542 - 6582
6701 - 7895
9476 - 9717
10712 - 10921
12770 - 14411
14412 - 14972
15843 - 17156
18683 - 19159
19160 - 19195
22826 - 24862
24863 - 26363
30833 - 32816
34937 - 35951
35952 - 37909
38914 - 40851
42696 - 42883
44534 - 46168
48609 - 50443
50444 - 51367
52312 - 53482
53483 - 54782
56597 - 58057
58058 - 59542
61290 - 62011
63195 - 65109
65170 - 66104
66608 - 67726
67727 - 69370
69371 - 70476
72009 - 72390
73968 - 74057
74560 - 75091
77100 - 78833
80353 - 81725
85075 - 86077
89482 - 90713
90714 - 92185
93440 - 94584
95868 - 96809
96810 - 97864
97865 - 99294
100561 - 101491
101750 - 102186
102412 - 102844
104002 - 105283
105284 - 106089
106090 - 107003
108910 - 110870
111441 - 112590
112745 - 113479
113480 - 115083
115977 - 117454
119467 - 121483
124400 - 124429
124885 - 126630
128529 - 128802
128803 - 129074
129648 - 130977
130978 - 131921
133463 - 134241
135770 - 137259
137260 - 139120
139121 - 140336
-------------------------------------------
-----after push_string(94585 - 95868)---
2903 - 3524
6307 - 6541
6542 - 6582
6701 - 7895
9476 - 9717
10712 - 10921
12770 - 14411
14412 - 14972
15843 - 17156
18683 - 19159
19160 - 19195
22826 - 24862
24863 - 26363
30833 - 32816
34937 - 35951
35952 - 37909
38914 - 40851
42696 - 42883
44534 - 46168
48609 - 50443
50444 - 51367
52312 - 53482
53483 - 54782
56597 - 58057
58058 - 59542
61290 - 62011
63195 - 65109
65170 - 66104
66608 - 67726
67727 - 69370
69371 - 70476
72009 - 72390
73968 - 74057
74560 - 75091
77100 - 78833
80353 - 81725
85075 - 86077
89482 - 90713
90714 - 92185
93440 - 94584
95868 - 96809
96810 - 97864
97865 - 99294
100561 - 101491
101750 - 102186
102412 - 102844
104002 - 105283
105284 - 106089
106090 - 107003
108910 - 110870
111441 - 112590
112745 - 113479
113480 - 115083
115977 - 117454
119467 - 121483
124400 - 124429
124885 - 126630
128529 - 128802
128803 - 129074
129648 - 130977
130978 - 131921
133463 - 134241
135770 - 137259
137260 - 139120
139121 - 140336
-------------------------------------------
-----after push_string(131922 - 133463)---
2903 - 3524
6307 - 6541
6542 - 6582
6701 - 7895
9476 - 9717
10712 - 10921
12770 - 14411
14412 - 14972
15843 - 17156
18683 - 19159
19160 - 19195
22826 - 24862
24863 - 26363
30833 - 32816
34937 - 35951
35952 - 37909
38914 - 40851
42696 - 42883
44534 - 46168
48609 - 50443
50444 - 51367
52312 - 53482
53483 - 54782
56597 - 58057
58058 - 59542
61290 - 62011
63195 - 65109
65170 - 66104
66608 - 67726
67727 - 69370
69371 - 70476
72009 - 72390
73968 - 74057
74560 - 75091
77100 - 78833
80353 - 81725
85075 - 86077
89482 - 90713
90714 - 92185
93440 - 94584
95868 - 96809
96810 - 97864
97865 - 99294
100561 - 101491
101750 - 102186
102412 - 102844
104002 - 105283
105284 - 106089
106090 - 107003
108910 - 110870
111441 - 112590
112745 - 113479
113480 - 115083
115977 - 117454
119467 - 121483
124400 - 124429
124885 - 126630
128529 - 128802
128803 - 129074
129648 - 130977
130978 - 131921
133463 - 134241
135770 - 137259
137260 - 139120
139121 - 140336
-------------------------------------------
-----after push_string(40852 - 42696)---
2903 - 3524
6307 - 6541
6542 - 6582
6701 - 7895
9476 - 9717
10712 - 10921
12770 - 14411
14412 - 14972
15843 - 17156
18683 - 19159
19160 - 19195
22826 - 24862
24863 - 26363
30833 - 32816
34937 - 35951
35952 - 37909
38914 - 40851
42696 - 42883
44534 - 46168
48609 - 50443
50444 - 51367
52312 - 53482
53483 - 54782
56597 - 58057
58058 - 59542
61290 - 62011
63195 - 65109
65170 - 66104
66608 - 67726
67727 - 69370
69371 - 70476
72009 - 72390
73968 - 74057
74560 - 75091
77100 - 78833
80353 - 81725
85075 - 86077
89482 - 90713
90714 - 92185
93440 - 94584
95868 - 96809
96810 - 97864
97865 - 99294
100561 - 101491
101750 - 102186
102412 - 102844
104002 - 105283
105284 - 106089
106090 - 107003
108910 - 110870
111441 - 112590
112745 - 113479
113480 - 115083
115977 - 117454
119467 - 121483
124400 - 124429
124885 - 126630
128529 - 128802
128803 - 129074
129648 - 130977
130978 - 131921
133463 - 134241
135770 - 137259
137260 - 139120
139121 - 140336
-------------------------------------------
-----after push_string(115084 - 115977)---
2903 - 3524
6307 - 6541
6542 - 6582
6701 - 7895
9476 - 9717
10712 - 10921
12770 - 14411
14412 - 14972
15843 - 17156
18683 - 19159
19160 - 19195
22826 - 24862
24863 - 26363
30833 - 32816
34937 - 35951
35952 - 37909
38914 - 40851
42696 - 42883
44534 - 46168
48609 - 50443
50444 - 51367
52312 - 53482
53483 - 54782
56597 - 58057
58058 - 59542
61290 - 62011
63195 - 65109
65170 - 66104
66608 - 67726
67727 - 69370
69371 - 70476
72009 - 72390
73968 - 74057
74560 - 75091
77100 - 78833
80353 - 81725
85075 - 86077
89482 - 90713
90714 - 92185
93440 - 94584
95868 - 96809
96810 - 97864
97865 - 99294
100561 - 101491
101750 - 102186
102412 - 102844
104002 - 105283
105284 - 106089
106090 - 107003
108910 - 110870
111441 - 112590
112745 - 113479
113480 - 115083
115977 - 117454
119467 - 121483
124400 - 124429
124885 - 126630
128529 - 128802
128803 - 129074
129648 - 130977
130978 - 131921
133463 - 134241
135770 - 137259
137260 - 139120
139121 - 140336
-------------------------------------------
-----after push_string(86078 - 87169)---
2903 - 3524
6307 - 6541
6542 - 6582
6701 - 7895
9476 - 9717
10712 - 10921
12770 - 14411
14412 - 14972
15843 - 17156
18683 - 19159
19160 - 19195
22826 - 24862
24863 - 26363
30833 - 32816
34937 - 35951
35952 - 37909
38914 - 40851
42696 - 42883
44534 - 46168
48609 - 50443
50444 - 51367
52312 - 53482
53483 - 54782
56597 - 58057
58058 - 59542
61290 - 62011
63195 - 65109
65170 - 66104
66608 - 67726
67727 - 69370
69371 - 70476
72009 - 72390
73968 - 74057
74560 - 75091
77100 - 78833
80353 - 81725
85075 - 86077
89482 - 90713
90714 - 92185
93440 - 94584
95868 - 96809
96810 - 97864
97865 - 99294
100561 - 101491
101750 - 102186
102412 - 102844
104002 - 105283
105284 - 106089
106090 - 107003
108910 - 110870
111441 - 112590
112745 - 113479
113480 - 115083
115977 - 117454
119467 - 121483
124400 - 124429
124885 - 126630
128529 - 128802
128803 - 129074
129648 - 130977
130978 - 131921
133463 - 134241
135770 - 137259
137260 - 139120
139121 - 140336
-------------------------------------------
-----after push_string(123180 - 124400)---
2903 - 3524
6307 - 6541
6542 - 6582
6701 - 7895
9476 - 9717
10712 - 10921
12770 - 14411
14412 - 14972
15843 - 17156
18683 - 19159
19160 - 19195
22826 - 24862
24863 - 26363
30833 - 32816
34937 - 35951
35952 - 37909
38914 - 40851
42696 - 42883
44534 - 46168
48609 - 50443
50444 - 51367
52312 - 53482
53483 - 54782
56597 - 58057
58058 - 59542
61290 - 62011
63195 - 65109
65170 - 66104
66608 - 67726
67727 - 69370
69371 - 70476
72009 - 72390
73968 - 74057
74560 - 75091
77100 - 78833
80353 - 81725
85075 - 86077
89482 - 90713
90714 - 92185
93440 - 94584
95868 - 96809
96810 - 97864
97865 - 99294
100561 - 101491
101750 - 102186
102412 - 102844
104002 - 105283
105284 - 106089
106090 - 107003
108910 - 110870
111441 - 112590
112745 - 113479
113480 - 115083
115977 - 117454
119467 - 121483
123180 - 124399
124400 - 124429
124885 - 126630
128529 - 128802
128803 - 129074
129648 - 130977
130978 - 131921
133463 - 134241
135770 - 137259
137260 - 139120
139121 - 140336
-------------------------------------------
-----after push_string(10922 - 12398)---
2903 - 3524
6307 - 6541
6542 - 6582
6701 - 7895
9476 - 9717
10712 - 10921
12770 - 14411
14412 - 14972
15843 - 17156
18683 - 19159
19160 - 19195
22826 - 24862
24863 - 26363
30833 - 32816
34937 - 35951
35952 - 37909
38914 - 40851
42696 - 42883
44534 - 46168
48609 - 50443
50444 - 51367
52312 - 53482
53483 - 54782
56597 - 58057
58058 - 59542
61290 - 62011
63195 - 65109
65170 - 66104
66608 - 67726
67727 - 69370
69371 - 70476
72009 - 72390
73968 - 74057
74560 - 75091
77100 - 78833
80353 - 81725
85075 - 86077
89482 - 90713
90714 - 92185
93440 - 94584
95868 - 96809
96810 - 97864
97865 - 99294
100561 - 101491
101750 - 102186
102412 - 102844
104002 - 105283
105284 - 106089
106090 - 107003
108910 - 110870
111441 - 112590
112745 - 113479
113480 - 115083
115977 - 117454
119467 - 121483
123180 - 124399
124400 - 124429
124885 - 126630
128529 - 128802
128803 - 129074
129648 - 130977
130978 - 131921
133463 - 134241
135770 - 137259
137260 - 139120
139121 - 140336
-------------------------------------------
-----after push_string(76554 - 77100)---
2903 - 3524
6307 - 6541
6542 - 6582
6701 - 7895
9476 - 9717
10712 - 10921
12770 - 14411
14412 - 14972
15843 - 17156
18683 - 19159
19160 - 19195
22826 - 24862
24863 - 26363
30833 - 32816
34937 - 35951
35952 - 37909
38914 - 40851
42696 - 42883
44534 - 46168
48609 - 50443
50444 - 51367
52312 - 53482
53483 - 54782
56597 - 58057
58058 - 59542
61290 - 62011
63195 - 65109
65170 - 66104
66608 - 67726
67727 - 69370
69371 - 70476
72009 - 72390
73968 - 74057
74560 - 75091
76554 - 77099
77100 - 78833
80353 - 81725
85075 - 86077
89482 - 90713
90714 - 92185
93440 - 94584
95868 - 96809
96810 - 97864
97865 - 99294
100561 - 101491
101750 - 102186
102412 - 102844
104002 - 105283
105284 - 106089
106090 - 107003
108910 - 110870
111441 - 112590
112745 - 113479
113480 - 115083
115977 - 117454
119467 - 121483
123180 - 124399
124400 - 124429
124885 - 126630
128529 - 128802
128803 - 129074
129648 - 130977
130978 - 131921
133463 - 134241
135770 - 137259
137260 - 139120
139121 - 140336
-------------------------------------------
-----after push_string(34532 - 34937)---
2903 - 3524
6307 - 6541
6542 - 6582
6701 - 7895
9476 - 9717
10712 - 10921
12770 - 14411
14412 - 14972
15843 - 17156
18683 - 19159
19160 - 19195
22826 - 24862
24863 - 26363
30833 - 32816
34532 - 34936
34937 - 35951
35952 - 37909
38914 - 40851
42696 - 42883
44534 - 46168
48609 - 50443
50444 - 51367
52312 - 53482
53483 - 54782
56597 - 58057
58058 - 59542
61290 - 62011
63195 - 65109
65170 - 66104
66608 - 67726
67727 - 69370
69371 - 70476
72009 - 72390
73968 - 74057
74560 - 75091
76554 - 77099
77100 - 78833
80353 - 81725
85075 - 86077
89482 - 90713
90714 - 92185
93440 - 94584
95868 - 96809
96810 - 97864
97865 - 99294
100561 - 101491
101750 - 102186
102412 - 102844
104002 - 105283
105284 - 106089
106090 - 107003
108910 - 110870
111441 - 112590
112745 - 113479
113480 - 115083
115977 - 117454
119467 - 121483
123180 - 124399
124400 - 124429
124885 - 126630
128529 - 128802
128803 - 129074
129648 - 130977
130978 - 131921
133463 - 134241
135770 - 137259
137260 - 139120
139121 - 140336
-------------------------------------------
-----after push_string(7896 - 9476)---
2903 - 3524
6307 - 6541
6542 - 6582
6701 - 7895
9476 - 9717
10712 - 10921
12770 - 14411
14412 - 14972
15843 - 17156
18683 - 19159
19160 - 19195
22826 - 24862
24863 - 26363
30833 - 32816
34532 - 34936
34937 - 35951
35952 - 37909
38914 - 40851
42696 - 42883
44534 - 46168
48609 - 50443
50444 - 51367
52312 - 53482
53483 - 54782
56597 - 58057
58058 - 59542
61290 - 62011
63195 - 65109
65170 - 66104
66608 - 67726
67727 - 69370
69371 - 70476
72009 - 72390
73968 - 74057
74560 - 75091
76554 - 77099
77100 - 78833
80353 - 81725
85075 - 86077
89482 - 90713
90714 - 92185
93440 - 94584
95868 - 96809
96810 - 97864
97865 - 99294
100561 - 101491
101750 - 102186
102412 - 102844
104002 - 105283
105284 - 106089
106090 - 107003
108910 - 110870
111441 - 112590
112745 - 113479
113480 - 115083
115977 - 117454
119467 - 121483
123180 - 124399
124400 - 124429
124885 - 126630
128529 - 128802
128803 - 129074
129648 - 130977
130978 - 131921
133463 - 134241
135770 - 137259
137260 - 139120
139121 - 140336
-------------------------------------------
-----after push_string(83075 - 85075)---
2903 - 3524
6307 - 6541
6542 - 6582
6701 - 7895
9476 - 9717
10712 - 10921
12770 - 14411
14412 - 14972
15843 - 17156
18683 - 19159
19160 - 19195
22826 - 24862
24863 - 26363
30833 - 32816
34532 - 34936
34937 - 35951
35952 - 37909
38914 - 40851
42696 - 42883
44534 - 46168
48609 - 50443
50444 - 51367
52312 - 53482
53483 - 54782
56597 - 58057
58058 - 59542
61290 - 62011
63195 - 65109
65170 - 66104
66608 - 67726
67727 - 69370
69371 - 70476
72009 - 72390
73968 - 74057
74560 - 75091
76554 - 77099
77100 - 78833
80353 - 81725
83075 - 85074
85075 - 86077
89482 - 90713
90714 - 92185
93440 - 94584
95868 - 96809
96810 - 97864
97865 - 99294
100561 - 101491
101750 - 102186
102412 - 102844
104002 - 105283
105284 - 106089
106090 - 107003
108910 - 110870
111441 - 112590
112745 - 113479
113480 - 115083
115977 - 117454
119467 - 121483
123180 - 124399
124400 - 124429
124885 - 126630
128529 - 128802
128803 - 129074
129648 - 130977
130978 - 131921
133463 - 134241
135770 - 137259
137260 - 139120
139121 - 140336
-------------------------------------------
-----after push_string(930 - 2903)---
6307 - 6541
6542 - 6582
6701 - 7895
9476 - 9717
10712 - 10921
12770 - 14411
14412 - 14972
15843 - 17156
18683 - 19159
19160 - 19195
22826 - 24862
24863 - 26363
30833 - 32816
34532 - 34936
34937 - 35951
35952 - 37909
38914 - 40851
42696 - 42883
44534 - 46168
48609 - 50443
50444 - 51367
52312 - 53482
53483 - 54782
56597 - 58057
58058 - 59542
61290 - 62011
63195 - 65109
65170 - 66104
66608 - 67726
67727 - 69370
69371 - 70476
72009 - 72390
73968 - 74057
74560 - 75091
76554 - 77099
77100 - 78833
80353 - 81725
83075 - 85074
85075 - 86077
89482 - 90713
90714 - 92185
93440 - 94584
95868 - 96809
96810 - 97864
97865 - 99294
100561 - 101491
101750 - 102186
102412 - 102844
104002 - 105283
105284 - 106089
106090 - 107003
108910 - 110870
111441 - 112590
112745 - 113479
113480 - 115083
115977 - 117454
119467 - 121483
123180 - 124399
124400 - 124429
124885 - 126630
128529 - 128802
128803 - 129074
129648 - 130977
130978 - 131921
133463 - 134241
135770 - 137259
137260 - 139120
139121 - 140336
-------------------------------------------
-----after push_string(124430 - 124885)---
6307 - 6541
6542 - 6582
6701 - 7895
9476 - 9717
10712 - 10921
12770 - 14411
14412 - 14972
15843 - 17156
18683 - 19159
19160 - 19195
22826 - 24862
24863 - 26363
30833 - 32816
34532 - 34936
34937 - 35951
35952 - 37909
38914 - 40851
42696 - 42883
44534 - 46168
48609 - 50443
50444 - 51367
52312 - 53482
53483 - 54782
56597 - 58057
58058 - 59542
61290 - 62011
63195 - 65109
65170 - 66104
66608 - 67726
67727 - 69370
69371 - 70476
72009 - 72390
73968 - 74057
74560 - 75091
76554 - 77099
77100 - 78833
80353 - 81725
83075 - 85074
85075 - 86077
89482 - 90713
90714 - 92185
93440 - 94584
95868 - 96809
96810 - 97864
97865 - 99294
100561 - 101491
101750 - 102186
102412 - 102844
104002 - 105283
105284 - 106089
106090 - 107003
108910 - 110870
111441 - 112590
112745 - 113479
113480 - 115083
115977 - 117454
119467 - 121483
123180 - 124399
124400 - 124429
124885 - 126630
128529 - 128802
128803 - 129074
129648 - 130977
130978 - 131921
133463 - 134241
135770 - 137259
137260 - 139120
139121 - 140336
-------------------------------------------
-----after push_string(47837 - 48609)---
6307 - 6541
6542 - 6582
6701 - 7895
9476 - 9717
10712 - 10921
12770 - 14411
14412 - 14972
15843 - 17156
18683 - 19159
19160 - 19195
22826 - 24862
24863 - 26363
30833 - 32816
34532 - 34936
34937 - 35951
35952 - 37909
38914 - 40851
42696 - 42883
44534 - 46168
47837 - 48608
48609 - 50443
50444 - 51367
52312 - 53482
53483 - 54782
56597 - 58057
58058 - 59542
61290 - 62011
63195 - 65109
65170 - 66104
66608 - 67726
67727 - 69370
69371 - 70476
72009 - 72390
73968 - 74057
74560 - 75091
76554 - 77099
77100 - 78833
80353 - 81725
83075 - 85074
85075 - 86077
89482 - 90713
90714 - 92185
93440 - 94584
95868 - 96809
96810 - 97864
97865 - 99294
100561 - 101491
101750 - 102186
102412 - 102844
104002 - 105283
105284 - 106089
106090 - 107003
108910 - 110870
111441 - 112590
112745 - 113479
113480 - 115083
115977 - 117454
119467 - 121483
123180 - 124399
124400 - 124429
124885 - 126630
128529 - 128802
128803 - 129074
129648 - 130977
130978 - 131921
133463 - 134241
135770 - 137259
137260 - 139120
139121 - 140336
-------------------------------------------
-----after push_string(70477 - 72009)---
6307 - 6541
6542 - 6582
6701 - 7895
9476 - 9717
10712 - 10921
12770 - 14411
14412 - 14972
15843 - 17156
18683 - 19159
19160 - 19195
22826 - 24862
24863 - 26363
30833 - 32816
34532 - 34936
34937 - 35951
35952 - 37909
38914 - 40851
42696 - 42883
44534 - 46168
47837 - 48608
48609 - 50443
50444 - 51367
52312 - 53482
53483 - 54782
56597 - 58057
58058 - 59542
61290 - 62011
63195 - 65109
65170 - 66104
66608 - 67726
67727 - 69370
69371 - 70476
72009 - 72390
73968 - 74057
74560 - 75091
76554 - 77099
77100 - 78833
80353 - 81725
83075 - 85074
85075 - 86077
89482 - 90713
90714 - 92185
93440 - 94584
95868 - 96809
96810 - 97864
97865 - 99294
100561 - 101491
101750 - 102186
102412 - 102844
104002 - 105283
105284 - 106089
106090 - 107003
108910 - 110870
111441 - 112590
112745 - 113479
113480 - 115083
115977 - 117454
119467 - 121483
123180 - 124399
124400 - 124429
124885 - 126630
128529 - 128802
128803 - 129074
129648 - 130977
130978 - 131921
133463 - 134241
135770 - 137259
137260 - 139120
139121 - 140336
-------------------------------------------
-----after push_string(21139 - 22826)---
6307 - 6541
6542 - 6582
6701 - 7895
9476 - 9717
10712 - 10921
12770 - 14411
14412 - 14972
15843 - 17156
18683 - 19159
19160 - 19195
21139 - 22825
22826 - 24862
24863 - 26363
30833 - 32816
34532 - 34936
34937 - 35951
35952 - 37909
38914 - 40851
42696 - 42883
44534 - 46168
47837 - 48608
48609 - 50443
50444 - 51367
52312 - 53482
53483 - 54782
56597 - 58057
58058 - 59542
61290 - 62011
63195 - 65109
65170 - 66104
66608 - 67726
67727 - 69370
69371 - 70476
72009 - 72390
73968 - 74057
74560 - 75091
76554 - 77099
77100 - 78833
80353 - 81725
83075 - 85074
85075 - 86077
89482 - 90713
90714 - 92185
93440 - 94584
95868 - 96809
96810 - 97864
97865 - 99294
100561 - 101491
101750 - 102186
102412 - 102844
104002 - 105283
105284 - 106089
106090 - 107003
108910 - 110870
111441 - 112590
112745 - 113479
113480 - 115083
115977 - 117454
119467 - 121483
123180 - 124399
124400 - 124429
124885 - 126630
128529 - 128802
128803 - 129074
129648 - 130977
130978 - 131921
133463 - 134241
135770 - 137259
137260 - 139120
139121 - 140336
-------------------------------------------
-----after push_string(107862 - 108910)---
6307 - 6541
6542 - 6582
6701 - 7895
9476 - 9717
10712 - 10921
12770 - 14411
14412 - 14972
15843 - 17156
18683 - 19159
19160 - 19195
21139 - 22825
22826 - 24862
24863 - 26363
30833 - 32816
34532 - 34936
34937 - 35951
35952 - 37909
38914 - 40851
42696 - 42883
44534 - 46168
47837 - 48608
48609 - 50443
50444 - 51367
52312 - 53482
53483 - 54782
56597 - 58057
58058 - 59542
61290 - 62011
63195 - 65109
65170 - 66104
66608 - 67726
67727 - 69370
69371 - 70476
72009 - 72390
73968 - 74057
74560 - 75091
76554 - 77099
77100 - 78833
80353 - 81725
83075 - 85074
85075 - 86077
89482 - 90713
90714 - 92185
93440 - 94584
95868 - 96809
96810 - 97864
97865 - 99294
100561 - 101491
101750 - 102186
102412 - 102844
104002 - 105283
105284 - 106089
106090 - 107003
107862 - 108909
108910 - 110870
111441 - 112590
112745 - 113479
113480 - 115083
115977 - 117454
119467 - 121483
123180 - 124399
124400 - 124429
124885 - 126630
128529 - 128802
128803 - 129074
129648 - 130977
130978 - 131921
133463 - 134241
135770 - 137259
137260 - 139120
139121 - 140336
-------------------------------------------
-----after push_string(59543 - 61290)---
6307 - 6541
6542 - 6582
6701 - 7895
9476 - 9717
10712 - 10921
12770 - 14411
14412 - 14972
15843 - 17156
18683 - 19159
19160 - 19195
21139 - 22825
22826 - 24862
24863 - 26363
30833 - 32816
34532 - 34936
34937 - 35951
35952 - 37909
38914 - 40851
42696 - 42883
44534 - 46168
47837 - 48608
48609 - 50443
50444 - 51367
52312 - 53482
53483 - 54782
56597 - 58057
58058 - 59542
61290 - 62011
63195 - 65109
65170 - 66104
66608 - 67726
67727 - 69370
69371 - 70476
72009 - 72390
73968 - 74057
74560 - 75091
76554 - 77099
77100 - 78833
80353 - 81725
83075 - 85074
85075 - 86077
89482 - 90713
90714 - 92185
93440 - 94584
95868 - 96809
96810 - 97864
97865 - 99294
100561 - 101491
101750 - 102186
102412 - 102844
104002 - 105283
105284 - 106089
106090 - 107003
107862 - 108909
108910 - 110870
111441 - 112590
112745 - 113479
113480 - 115083
115977 - 117454
119467 - 121483
123180 - 124399
124400 - 124429
124885 - 126630
128529 - 128802
128803 - 129074
129648 - 130977
130978 - 131921
133463 - 134241
135770 - 137259
137260 - 139120
139121 - 140336
-------------------------------------------
-----after push_string(127770 - 128529)---
6307 - 6541
6542 - 6582
6701 - 7895
9476 - 9717
10712 - 10921
12770 - 14411
14412 - 14972
15843 - 17156
18683 - 19159
19160 - 19195
21139 - 22825
22826 - 24862
24863 - 26363
30833 - 32816
34532 - 34936
34937 - 35951
35952 - 37909
38914 - 40851
42696 - 42883
44534 - 46168
47837 - 48608
48609 - 50443
50444 - 51367
52312 - 53482
53483 - 54782
56597 - 58057
58058 - 59542
61290 - 62011
63195 - 65109
65170 - 66104
66608 - 67726
67727 - 69370
69371 - 70476
72009 - 72390
73968 - 74057
74560 - 75091
76554 - 77099
77100 - 78833
80353 - 81725
83075 - 85074
85075 - 86077
89482 - 90713
90714 - 92185
93440 - 94584
95868 - 96809
96810 - 97864
97865 - 99294
100561 - 101491
101750 - 102186
102412 - 102844
104002 - 105283
105284 - 106089
106090 - 107003
107862 - 108909
108910 - 110870
111441 - 112590
112745 - 113479
113480 - 115083
115977 - 117454
119467 - 121483
123180 - 124399
124400 - 124429
124885 - 126630
127770 - 128528
128529 - 128802
128803 - 129074
129648 - 130977
130978 - 131921
133463 - 134241
135770 - 137259
137260 - 139120
139121 - 140336
-------------------------------------------
-----after push_string(32817 - 34532)---
6307 - 6541
6542 - 6582
6701 - 7895
9476 - 9717
10712 - 10921
12770 - 14411
14412 - 14972
15843 - 17156
18683 - 19159
19160 - 19195
21139 - 22825
22826 - 24862
24863 - 26363
30833 - 32816
34532 - 34936
34937 - 35951
35952 - 37909
38914 - 40851
42696 - 42883
44534 - 46168
47837 - 48608
48609 - 50443
50444 - 51367
52312 - 53482
53483 - 54782
56597 - 58057
58058 - 59542
61290 - 62011
63195 - 65109
65170 - 66104
66608 - 67726
67727 - 69370
69371 - 70476
72009 - 72390
73968 - 74057
74560 - 75091
76554 - 77099
77100 - 78833
80353 - 81725
83075 - 85074
85075 - 86077
89482 - 90713
90714 - 92185
93440 - 94584
95868 - 96809
96810 - 97864
97865 - 99294
100561 - 101491
101750 - 102186
102412 - 102844
104002 - 105283
105284 - 106089
106090 - 107003
107862 - 108909
108910 - 110870
111441 - 112590
112745 - 113479
113480 - 115083
115977 - 117454
119467 - 121483
123180 - 124399
124400 - 124429
124885 - 126630
127770 - 128528
128529 - 128802
128803 - 129074
129648 - 130977
130978 - 131921
133463 - 134241
135770 - 137259
137260 - 139120
139121 - 140336
-------------------------------------------
-----after push_string(5004 - 6307)---
5004 - 6306
6307 - 6541
6542 - 6582
6701 - 7895
9476 - 9717
10712 - 10921
12770 - 14411
14412 - 14972
15843 - 17156
18683 - 19159
19160 - 19195
21139 - 22825
22826 - 24862
24863 - 26363
30833 - 32816
34532 - 34936
34937 - 35951
35952 - 37909
38914 - 40851
42696 - 42883
44534 - 46168
47837 - 48608
48609 - 50443
50444 - 51367
52312 - 53482
53483 - 54782
56597 - 58057
58058 - 59542
61290 - 62011
63195 - 65109
65170 - 66104
66608 - 67726
67727 - 69370
69371 - 70476
72009 - 72390
73968 - 74057
74560 - 75091
76554 - 77099
77100 - 78833
80353 - 81725
83075 - 85074
85075 - 86077
89482 - 90713
90714 - 92185
93440 - 94584
95868 - 96809
96810 - 97864
97865 - 99294
100561 - 101491
101750 - 102186
102412 - 102844
104002 - 105283
105284 - 106089
106090 - 107003
107862 - 108909
108910 - 110870
111441 - 112590
112745 - 113479
113480 - 115083
115977 - 117454
119467 - 121483
123180 - 124399
124400 - 124429
124885 - 126630
127770 - 128528
128529 - 128802
128803 - 129074
129648 - 130977
130978 - 131921
133463 - 134241
135770 - 137259
137260 - 139120
139121 - 140336
-------------------------------------------
-----after push_string(99295 - 100047)---
5004 - 6306
6307 - 6541
6542 - 6582
6701 - 7895
9476 - 9717
10712 - 10921
12770 - 14411
14412 - 14972
15843 - 17156
18683 - 19159
19160 - 19195
21139 - 22825
22826 - 24862
24863 - 26363
30833 - 32816
34532 - 34936
34937 - 35951
35952 - 37909
38914 - 40851
42696 - 42883
44534 - 46168
47837 - 48608
48609 - 50443
50444 - 51367
52312 - 53482
53483 - 54782
56597 - 58057
58058 - 59542
61290 - 62011
63195 - 65109
65170 - 66104
66608 - 67726
67727 - 69370
69371 - 70476
72009 - 72390
73968 - 74057
74560 - 75091
76554 - 77099
77100 - 78833
80353 - 81725
83075 - 85074
85075 - 86077
89482 - 90713
90714 - 92185
93440 - 94584
95868 - 96809
96810 - 97864
97865 - 99294
100561 - 101491
101750 - 102186
102412 - 102844
104002 - 105283
105284 - 106089
106090 - 107003
107862 - 108909
108910 - 110870
111441 - 112590
112745 - 113479
113480 - 115083
115977 - 117454
119467 - 121483
123180 - 124399
124400 - 124429
124885 - 126630
127770 - 128528
128529 - 128802
128803 - 129074
129648 - 130977
130978 - 131921
133463 - 134241
135770 - 137259
137260 - 139120
139121 - 140336
-------------------------------------------
-----after push_string(107004 - 107862)---
5004 - 6306
6307 - 6541
6542 - 6582
6701 - 7895
9476 - 9717
10712 - 10921
12770 - 14411
14412 - 14972
15843 - 17156
18683 - 19159
19160 - 19195
21139 - 22825
22826 - 24862
24863 - 26363
30833 - 32816
34532 - 34936
34937 - 35951
35952 - 37909
38914 - 40851
42696 - 42883
44534 - 46168
47837 - 48608
48609 - 50443
50444 - 51367
52312 - 53482
53483 - 54782
56597 - 58057
58058 - 59542
61290 - 62011
63195 - 65109
65170 - 66104
66608 - 67726
67727 - 69370
69371 - 70476
72009 - 72390
73968 - 74057
74560 - 75091
76554 - 77099
77100 - 78833
80353 - 81725
83075 - 85074
85075 - 86077
89482 - 90713
90714 - 92185
93440 - 94584
95868 - 96809
96810 - 97864
97865 - 99294
100561 - 101491
101750 - 102186
102412 - 102844
104002 - 105283
105284 - 106089
106090 - 107003
107862 - 108909
108910 - 110870
111441 - 112590
112745 - 113479
113480 - 115083
115977 - 117454
119467 - 121483
123180 - 124399
124400 - 124429
124885 - 126630
127770 - 128528
128529 - 128802
128803 - 129074
129648 - 130977
130978 - 131921
133463 - 134241
135770 - 137259
137260 - 139120
139121 - 140336
-------------------------------------------
-----after push_string(9718 - 10712)---
5004 - 6306
6307 - 6541
6542 - 6582
6701 - 7895
9476 - 9717
10712 - 10921
12770 - 14411
14412 - 14972
15843 - 17156
18683 - 19159
19160 - 19195
21139 - 22825
22826 - 24862
24863 - 26363
30833 - 32816
34532 - 34936
34937 - 35951
35952 - 37909
38914 - 40851
42696 - 42883
44534 - 46168
47837 - 48608
48609 - 50443
50444 - 51367
52312 - 53482
53483 - 54782
56597 - 58057
58058 - 59542
61290 - 62011
63195 - 65109
65170 - 66104
66608 - 67726
67727 - 69370
69371 - 70476
72009 - 72390
73968 - 74057
74560 - 75091
76554 - 77099
77100 - 78833
80353 - 81725
83075 - 85074
85075 - 86077
89482 - 90713
90714 - 92185
93440 - 94584
95868 - 96809
96810 - 97864
97865 - 99294
100561 - 101491
101750 - 102186
102412 - 102844
104002 - 105283
105284 - 106089
106090 - 107003
107862 - 108909
108910 - 110870
111441 - 112590
112745 - 113479
113480 - 115083
115977 - 117454
119467 - 121483
123180 - 124399
124400 - 124429
124885 - 126630
127770 - 128528
128529 - 128802
128803 - 129074
129648 - 130977
130978 - 131921
133463 - 134241
135770 - 137259
137260 - 139120
139121 - 140336
-------------------------------------------
-----after push_string(27901 - 29914)---
5004 - 6306
6307 - 6541
6542 - 6582
6701 - 7895
9476 - 9717
10712 - 10921
12770 - 14411
14412 - 14972
15843 - 17156
18683 - 19159
19160 - 19195
21139 - 22825
22826 - 24862
24863 - 26363
27901 - 29913
30833 - 32816
34532 - 34936
34937 - 35951
35952 - 37909
38914 - 40851
42696 - 42883
44534 - 46168
47837 - 48608
48609 - 50443
50444 - 51367
52312 - 53482
53483 - 54782
56597 - 58057
58058 - 59542
61290 - 62011
63195 - 65109
65170 - 66104
66608 - 67726
67727 - 69370
69371 - 70476
72009 - 72390
73968 - 74057
74560 - 75091
76554 - 77099
77100 - 78833
80353 - 81725
83075 - 85074
85075 - 86077
89482 - 90713
90714 - 92185
93440 - 94584
95868 - 96809
96810 - 97864
97865 - 99294
100561 - 101491
101750 - 102186
102412 - 102844
104002 - 105283
105284 - 106089
106090 - 107003
107862 - 108909
108910 - 110870
111441 - 112590
112745 - 113479
113480 - 115083
115977 - 117454
119467 - 121483
123180 - 124399
124400 - 124429
124885 - 126630
127770 - 128528
128529 - 128802
128803 - 129074
129648 - 130977
130978 - 131921
133463 - 134241
135770 - 137259
137260 - 139120
139121 - 140336
-------------------------------------------
-----after push_string(129075 - 129648)---
5004 - 6306
6307 - 6541
6542 - 6582
6701 - 7895
9476 - 9717
10712 - 10921
12770 - 14411
14412 - 14972
15843 - 17156
18683 - 19159
19160 - 19195
21139 - 22825
22826 - 24862
24863 - 26363
27901 - 29913
30833 - 32816
34532 - 34936
34937 - 35951
35952 - 37909
38914 - 40851
42696 - 42883
44534 - 46168
47837 - 48608
48609 - 50443
50444 - 51367
52312 - 53482
53483 - 54782
56597 - 58057
58058 - 59542
61290 - 62011
63195 - 65109
65170 - 66104
66608 - 67726
67727 - 69370
69371 - 70476
72009 - 72390
73968 - 74057
74560 - 75091
76554 - 77099
77100 - 78833
80353 - 81725
83075 - 85074
85075 - 86077
89482 - 90713
90714 - 92185
93440 - 94584
95868 - 96809
96810 - 97864
97865 - 99294
100561 - 101491
101750 - 102186
102412 - 102844
104002 - 105283
105284 - 106089
106090 - 107003
107862 - 108909
108910 - 110870
111441 - 112590
112745 - 113479
113480 - 115083
115977 - 117454
119467 - 121483
123180 - 124399
124400 - 124429
124885 - 126630
127770 - 128528
128529 - 128802
128803 - 129074
129648 - 130977
130978 - 131921
133463 - 134241
135770 - 137259
137260 - 139120
139121 - 140336
-------------------------------------------
-----after push_string(54783 - 56597)---
5004 - 6306
6307 - 6541
6542 - 6582
6701 - 7895
9476 - 9717
10712 - 10921
12770 - 14411
14412 - 14972
15843 - 17156
18683 - 19159
19160 - 19195
21139 - 22825
22826 - 24862
24863 - 26363
27901 - 29913
30833 - 32816
34532 - 34936
34937 - 35951
35952 - 37909
38914 - 40851
42696 - 42883
44534 - 46168
47837 - 48608
48609 - 50443
50444 - 51367
52312 - 53482
53483 - 54782
56597 - 58057
58058 - 59542
61290 - 62011
63195 - 65109
65170 - 66104
66608 - 67726
67727 - 69370
69371 - 70476
72009 - 72390
73968 - 74057
74560 - 75091
76554 - 77099
77100 - 78833
80353 - 81725
83075 - 85074
85075 - 86077
89482 - 90713
90714 - 92185
93440 - 94584
95868 - 96809
96810 - 97864
97865 - 99294
100561 - 101491
101750 - 102186
102412 - 102844
104002 - 105283
105284 - 106089
106090 - 107003
107862 - 108909
108910 - 110870
111441 - 112590
112745 - 113479
113480 - 115083
115977 - 117454
119467 - 121483
123180 - 124399
124400 - 124429
124885 - 126630
127770 - 128528
128529 - 128802
128803 - 129074
129648 - 130977
130978 - 131921
133463 - 134241
135770 - 137259
137260 - 139120
139121 - 140336
-------------------------------------------
-----after push_string(26364 - 27901)---
5004 - 6306
6307 - 6541
6542 - 6582
6701 - 7895
9476 - 9717
10712 - 10921
12770 - 14411
14412 - 14972
15843 - 17156
18683 - 19159
19160 - 19195
21139 - 22825
22826 - 24862
24863 - 26363
27901 - 29913
30833 - 32816
34532 - 34936
34937 - 35951
35952 - 37909
38914 - 40851
42696 - 42883
44534 - 46168
47837 - 48608
48609 - 50443
50444 - 51367
52312 - 53482
53483 - 54782
56597 - 58057
58058 - 59542
61290 - 62011
63195 - 65109
65170 - 66104
66608 - 67726
67727 - 69370
69371 - 70476
72009 - 72390
73968 - 74057
74560 - 75091
76554 - 77099
77100 - 78833
80353 - 81725
83075 - 85074
85075 - 86077
89482 - 90713
90714 - 92185
93440 - 94584
95868 - 96809
96810 - 97864
97865 - 99294
100561 - 101491
101750 - 102186
102412 - 102844
104002 - 105283
105284 - 106089
106090 - 107003
107862 - 108909
108910 - 110870
111441 - 112590
112745 - 113479
113480 - 115083
115977 - 117454
119467 - 121483
123180 - 124399
124400 - 124429
124885 - 126630
127770 - 128528
128529 - 128802
128803 - 129074
129648 - 130977
130978 - 131921
133463 - 134241
135770 - 137259
137260 - 139120
139121 - 140336
-------------------------------------------
-----after push_string(87169 - 89132)---
5004 - 6306
6307 - 6541
6542 - 6582
6701 - 7895
9476 - 9717
10712 - 10921
12770 - 14411
14412 - 14972
15843 - 17156
18683 - 19159
19160 - 19195
21139 - 22825
22826 - 24862
24863 - 26363
27901 - 29913
30833 - 32816
34532 - 34936
34937 - 35951
35952 - 37909
38914 - 40851
42696 - 42883
44534 - 46168
47837 - 48608
48609 - 50443
50444 - 51367
52312 - 53482
53483 - 54782
56597 - 58057
58058 - 59542
61290 - 62011
63195 - 65109
65170 - 66104
66608 - 67726
67727 - 69370
69371 - 70476
72009 - 72390
73968 - 74057
74560 - 75091
76554 - 77099
77100 - 78833
80353 - 81725
83075 - 85074
85075 - 86077
87169 - 89131
89482 - 90713
90714 - 92185
93440 - 94584
95868 - 96809
96810 - 97864
97865 - 99294
100561 - 101491
101750 - 102186
102412 - 102844
104002 - 105283
105284 - 106089
106090 - 107003
107862 - 108909
108910 - 110870
111441 - 112590
112745 - 113479
113480 - 115083
115977 - 117454
119467 - 121483
123180 - 124399
124400 - 124429
124885 - 126630
127770 - 128528
128529 - 128802
128803 - 129074
129648 - 130977
130978 - 131921
133463 - 134241
135770 - 137259
137260 - 139120
139121 - 140336
-------------------------------------------
-----after push_string(12398 - 12770)---
5004 - 6306
6307 - 6541
6542 - 6582
6701 - 7895
9476 - 9717
10712 - 10921
12398 - 12769
12770 - 14411
14412 - 14972
15843 - 17156
18683 - 19159
19160 - 19195
21139 - 22825
22826 - 24862
24863 - 26363
27901 - 29913
30833 - 32816
34532 - 34936
34937 - 35951
35952 - 37909
38914 - 40851
42696 - 42883
44534 - 46168
47837 - 48608
48609 - 50443
50444 - 51367
52312 - 53482
53483 - 54782
56597 - 58057
58058 - 59542
61290 - 62011
63195 - 65109
65170 - 66104
66608 - 67726
67727 - 69370
69371 - 70476
72009 - 72390
73968 - 74057
74560 - 75091
76554 - 77099
77100 - 78833
80353 - 81725
83075 - 85074
85075 - 86077
87169 - 89131
89482 - 90713
90714 - 92185
93440 - 94584
95868 - 96809
96810 - 97864
97865 - 99294
100561 - 101491
101750 - 102186
102412 - 102844
104002 - 105283
105284 - 106089
106090 - 107003
107862 - 108909
108910 - 110870
111441 - 112590
112745 - 113479
113480 - 115083
115977 - 117454
119467 - 121483
123180 - 124399
124400 - 124429
124885 - 126630
127770 - 128528
128529 - 128802
128803 - 129074
129648 - 130977
130978 - 131921
133463 - 134241
135770 - 137259
137260 - 139120
139121 - 140336
-------------------------------------------
-----after push_string(89132 - 89482)---
5004 - 6306
6307 - 6541
6542 - 6582
6701 - 7895
9476 - 9717
10712 - 10921
12398 - 12769
12770 - 14411
14412 - 14972
15843 - 17156
18683 - 19159
19160 - 19195
21139 - 22825
22826 - 24862
24863 - 26363
27901 - 29913
30833 - 32816
34532 - 34936
34937 - 35951
35952 - 37909
38914 - 40851
42696 - 42883
44534 - 46168
47837 - 48608
48609 - 50443
50444 - 51367
52312 - 53482
53483 - 54782
56597 - 58057
58058 - 59542
61290 - 62011
63195 - 65109
65170 - 66104
66608 - 67726
67727 - 69370
69371 - 70476
72009 - 72390
73968 - 74057
74560 - 75091
76554 - 77099
77100 - 78833
80353 - 81725
83075 - 85074
85075 - 86077
87169 - 89131
89482 - 90713
90714 - 92185
93440 - 94584
95868 - 96809
96810 - 97864
97865 - 99294
100561 - 101491
101750 - 102186
102412 - 102844
104002 - 105283
105284 - 106089
106090 - 107003
107862 - 108909
108910 - 110870
111441 - 112590
112745 - 113479
113480 - 115083
115977 - 117454
119467 - 121483
123180 - 124399
124400 - 124429
124885 - 126630
127770 - 128528
128529 - 128802
128803 - 129074
129648 - 130977
130978 - 131921
133463 - 134241
135770 - 137259
137260 - 139120
139121 - 140336
-------------------------------------------
-----after push_string(74058 - 74560)---
5004 - 6306
6307 - 6541
6542 - 6582
6701 - 7895
9476 - 9717
10712 - 10921
12398 - 12769
12770 - 14411
14412 - 14972
15843 - 17156
18683 - 19159
19160 - 19195
21139 - 22825
22826 - 24862
24863 - 26363
27901 - 29913
30833 - 32816
34532 - 34936
34937 - 35951
35952 - 37909
38914 - 40851
42696 - 42883
44534 - 46168
47837 - 48608
48609 - 50443
50444 - 51367
52312 - 53482
53483 - 54782
56597 - 58057
58058 - 59542
61290 - 62011
63195 - 65109
65170 - 66104
66608 - 67726
67727 - 69370
69371 - 70476
72009 - 72390
73968 - 74057
74560 - 75091
76554 - 77099
77100 - 78833
80353 - 81725
83075 - 85074
85075 - 86077
87169 - 89131
89482 - 90713
90714 - 92185
93440 - 94584
95868 - 96809
96810 - 97864
97865 - 99294
100561 - 101491
101750 - 102186
102412 - 102844
104002 - 105283
105284 - 106089
106090 - 107003
107862 - 108909
108910 - 110870
111441 - 112590
112745 - 113479
113480 - 115083
115977 - 117454
119467 - 121483
123180 - 124399
124400 - 124429
124885 - 126630
127770 - 128528
128529 - 128802
128803 - 129074
129648 - 130977
130978 - 131921
133463 - 134241
135770 - 137259
137260 - 139120
139121 - 140336
-------------------------------------------
-----after push_string(72610 - 73968)---
5004 - 6306
6307 - 6541
6542 - 6582
6701 - 7895
9476 - 9717
10712 - 10921
12398 - 12769
12770 - 14411
14412 - 14972
15843 - 17156
18683 - 19159
19160 - 19195
21139 - 22825
22826 - 24862
24863 - 26363
27901 - 29913
30833 - 32816
34532 - 34936
34937 - 35951
35952 - 37909
38914 - 40851
42696 - 42883
44534 - 46168
47837 - 48608
48609 - 50443
50444 - 51367
52312 - 53482
53483 - 54782
56597 - 58057
58058 - 59542
61290 - 62011
63195 - 65109
65170 - 66104
66608 - 67726
67727 - 69370
69371 - 70476
72009 - 72390
72610 - 73967
73968 - 74057
74560 - 75091
76554 - 77099
77100 - 78833
80353 - 81725
83075 - 85074
85075 - 86077
87169 - 89131
89482 - 90713
90714 - 92185
93440 - 94584
95868 - 96809
96810 - 97864
97865 - 99294
100561 - 101491
101750 - 102186
102412 - 102844
104002 - 105283
105284 - 106089
106090 - 107003
107862 - 108909
108910 - 110870
111441 - 112590
112745 - 113479
113480 - 115083
115977 - 117454
119467 - 121483
123180 - 124399
124400 - 124429
124885 - 126630
127770 - 128528
128529 - 128802
128803 - 129074
129648 - 130977
130978 - 131921
133463 - 134241
135770 - 137259
137260 - 139120
139121 - 140336
-------------------------------------------
-----after push_string(102187 - 102412)---
5004 - 6306
6307 - 6541
6542 - 6582
6701 - 7895
9476 - 9717
10712 - 10921
12398 - 12769
12770 - 14411
14412 - 14972
15843 - 17156
18683 - 19159
19160 - 19195
21139 - 22825
22826 - 24862
24863 - 26363
27901 - 29913
30833 - 32816
34532 - 34936
34937 - 35951
35952 - 37909
38914 - 40851
42696 - 42883
44534 - 46168
47837 - 48608
48609 - 50443
50444 - 51367
52312 - 53482
53483 - 54782
56597 - 58057
58058 - 59542
61290 - 62011
63195 - 65109
65170 - 66104
66608 - 67726
67727 - 69370
69371 - 70476
72009 - 72390
72610 - 73967
73968 - 74057
74560 - 75091
76554 - 77099
77100 - 78833
80353 - 81725
83075 - 85074
85075 - 86077
87169 - 89131
89482 - 90713
90714 - 92185
93440 - 94584
95868 - 96809
96810 - 97864
97865 - 99294
100561 - 101491
101750 - 102186
102412 - 102844
104002 - 105283
105284 - 106089
106090 - 107003
107862 - 108909
108910 - 110870
111441 - 112590
112745 - 113479
113480 - 115083
115977 - 117454
119467 - 121483
123180 - 124399
124400 - 124429
124885 - 126630
127770 - 128528
128529 - 128802
128803 - 129074
129648 - 130977
130978 - 131921
133463 - 134241
135770 - 137259
137260 - 139120
139121 - 140336
-------------------------------------------
-----after push_string(65110 - 65170)---
5004 - 6306
6307 - 6541
6542 - 6582
6701 - 7895
9476 - 9717
10712 - 10921
12398 - 12769
12770 - 14411
14412 - 14972
15843 - 17156
18683 - 19159
19160 - 19195
21139 - 22825
22826 - 24862
24863 - 26363
27901 - 29913
30833 - 32816
34532 - 34936
34937 - 35951
35952 - 37909
38914 - 40851
42696 - 42883
44534 - 46168
47837 - 48608
48609 - 50443
50444 - 51367
52312 - 53482
53483 - 54782
56597 - 58057
58058 - 59542
61290 - 62011
63195 - 65109
65170 - 66104
66608 - 67726
67727 - 69370
69371 - 70476
72009 - 72390
72610 - 73967
73968 - 74057
74560 - 75091
76554 - 77099
77100 - 78833
80353 - 81725
83075 - 85074
85075 - 86077
87169 - 89131
89482 - 90713
90714 - 92185
93440 - 94584
95868 - 96809
96810 - 97864
97865 - 99294
100561 - 101491
101750 - 102186
102412 - 102844
104002 - 105283
105284 - 106089
106090 - 107003
107862 - 108909
108910 - 110870
111441 - 112590
112745 - 113479
113480 - 115083
115977 - 117454
119467 - 121483
123180 - 124399
124400 - 124429
124885 - 126630
127770 - 128528
128529 - 128802
128803 - 129074
129648 - 130977
130978 - 131921
133463 - 134241
135770 - 137259
137260 - 139120
139121 - 140336
-------------------------------------------
-----after push_string(100047 - 100561)---
5004 - 6306
6307 - 6541
6542 - 6582
6701 - 7895
9476 - 9717
10712 - 10921
12398 - 12769
12770 - 14411
14412 - 14972
15843 - 17156
18683 - 19159
19160 - 19195
21139 - 22825
22826 - 24862
24863 - 26363
27901 - 29913
30833 - 32816
34532 - 34936
34937 - 35951
35952 - 37909
38914 - 40851
42696 - 42883
44534 - 46168
47837 - 48608
48609 - 50443
50444 - 51367
52312 - 53482
53483 - 54782
56597 - 58057
58058 - 59542
61290 - 62011
63195 - 65109
65170 - 66104
66608 - 67726
67727 - 69370
69371 - 70476
72009 - 72390
72610 - 73967
73968 - 74057
74560 - 75091
76554 - 77099
77100 - 78833
80353 - 81725
83075 - 85074
85075 - 86077
87169 - 89131
89482 - 90713
90714 - 92185
93440 - 94584
95868 - 96809
96810 - 97864
97865 - 99294
100047 - 100560
100561 - 101491
101750 - 102186
102412 - 102844
104002 - 105283
105284 - 106089
106090 - 107003
107862 - 108909
108910 - 110870
111441 - 112590
112745 - 113479
113480 - 115083
115977 - 117454
119467 - 121483
123180 - 124399
124400 - 124429
124885 - 126630
127770 - 128528
128529 - 128802
128803 - 129074
129648 - 130977
130978 - 131921
133463 - 134241
135770 - 137259
137260 - 139120
139121 - 140336
-------------------------------------------
-----after push_string(29914 - 30833)---
5004 - 6306
6307 - 6541
6542 - 6582
6701 - 7895
9476 - 9717
10712 - 10921
12398 - 12769
12770 - 14411
14412 - 14972
15843 - 17156
18683 - 19159
19160 - 19195
21139 - 22825
22826 - 24862
24863 - 26363
27901 - 29913
30833 - 32816
34532 - 34936
34937 - 35951
35952 - 37909
38914 - 40851
42696 - 42883
44534 - 46168
47837 - 48608
48609 - 50443
50444 - 51367
52312 - 53482
53483 - 54782
56597 - 58057
58058 - 59542
61290 - 62011
63195 - 65109
65170 - 66104
66608 - 67726
67727 - 69370
69371 - 70476
72009 - 72390
72610 - 73967
73968 - 74057
74560 - 75091
76554 - 77099
77100 - 78833
80353 - 81725
83075 - 85074
85075 - 86077
87169 - 89131
89482 - 90713
90714 - 92185
93440 - 94584
95868 - 96809
96810 - 97864
97865 - 99294
100047 - 100560
100561 - 101491
101750 - 102186
102412 - 102844
104002 - 105283
105284 - 106089
106090 - 107003
107862 - 108909
108910 - 110870
111441 - 112590
112745 - 113479
113480 - 115083
115977 - 117454
119467 - 121483
123180 - 124399
124400 - 124429
124885 - 126630
127770 - 128528
128529 - 128802
128803 - 129074
129648 - 130977
130978 - 131921
133463 - 134241
135770 - 137259
137260 - 139120
139121 - 140336
-------------------------------------------
-----after push_string(102845 - 104002)---
5004 - 6306
6307 - 6541
6542 - 6582
6701 - 7895
9476 - 9717
10712 - 10921
12398 - 12769
12770 - 14411
14412 - 14972
15843 - 17156
18683 - 19159
19160 - 19195
21139 - 22825
22826 - 24862
24863 - 26363
27901 - 29913
30833 - 32816
34532 - 34936
34937 - 35951
35952 - 37909
38914 - 40851
42696 - 42883
44534 - 46168
47837 - 48608
48609 - 50443
50444 - 51367
52312 - 53482
53483 - 54782
56597 - 58057
58058 - 59542
61290 - 62011
63195 - 65109
65170 - 66104
66608 - 67726
67727 - 69370
69371 - 70476
72009 - 72390
72610 - 73967
73968 - 74057
74560 - 75091
76554 - 77099
77100 - 78833
80353 - 81725
83075 - 85074
85075 - 86077
87169 - 89131
89482 - 90713
90714 - 92185
93440 - 94584
95868 - 96809
96810 - 97864
97865 - 99294
100047 - 100560
100561 - 101491
101750 - 102186
102412 - 102844
104002 - 105283
105284 - 106089
106090 - 107003
107862 - 108909
108910 - 110870
111441 - 112590
112745 - 113479
113480 - 115083
115977 - 117454
119467 - 121483
123180 - 124399
124400 - 124429
124885 - 126630
127770 - 128528
128529 - 128802
128803 - 129074
129648 - 130977
130978 - 131921
133463 - 134241
135770 - 137259
137260 - 139120
139121 - 140336
-------------------------------------------
-----after push_string(140337 - 140569)---
5004 - 6306
6307 - 6541
6542 - 6582
6701 - 7895
9476 - 9717
10712 - 10921
12398 - 12769
12770 - 14411
14412 - 14972
15843 - 17156
18683 - 19159
19160 - 19195
21139 - 22825
22826 - 24862
24863 - 26363
27901 - 29913
30833 - 32816
34532 - 34936
34937 - 35951
35952 - 37909
38914 - 40851
42696 - 42883
44534 - 46168
47837 - 48608
48609 - 50443
50444 - 51367
52312 - 53482
53483 - 54782
56597 - 58057
58058 - 59542
61290 - 62011
63195 - 65109
65170 - 66104
66608 - 67726
67727 - 69370
69371 - 70476
72009 - 72390
72610 - 73967
73968 - 74057
74560 - 75091
76554 - 77099
77100 - 78833
80353 - 81725
83075 - 85074
85075 - 86077
87169 - 89131
89482 - 90713
90714 - 92185
93440 - 94584
95868 - 96809
96810 - 97864
97865 - 99294
100047 - 100560
100561 - 101491
101750 - 102186
102412 - 102844
104002 - 105283
105284 - 106089
106090 - 107003
107862 - 108909
108910 - 110870
111441 - 112590
112745 - 113479
113480 - 115083
115977 - 117454
119467 - 121483
123180 - 124399
124400 - 124429
124885 - 126630
127770 - 128528
128529 - 128802
128803 - 129074
129648 - 130977
130978 - 131921
133463 - 134241
135770 - 137259
137260 - 139120
139121 - 140336
140337 - 140568
-------------------------------------------
Exception: test 1 - number of bytes RX is incorrect

      Start 20: t_strm_reassem_overlapping
 6/16 Test #20: t_strm_reassem_overlapping .......   Passed    0.15 sec
      Start 21: t_strm_reassem_win
 7/16 Test #21: t_strm_reassem_win ...............***Failed    0.14 sec
-----after push_string(91224 - 93775)---
91224 - 93774
-------------------------------------------
-----after push_string(6145 - 7787)---
6145 - 7786
91224 - 93774
-------------------------------------------
-----after push_string(77860 - 78180)---
6145 - 7786
77860 - 78179
91224 - 93774
-------------------------------------------
-----after push_string(116873 - 118088)---
6145 - 7786
77860 - 78179
91224 - 93774
116873 - 118087
-------------------------------------------
-----after push_string(2282 - 4035)---
2282 - 4034
6145 - 7786
77860 - 78179
91224 - 93774
116873 - 118087
-------------------------------------------
-----after push_string(59131 - 59556)---
2282 - 4034
6145 - 7786
59131 - 59555
77860 - 78179
91224 - 93774
116873 - 118087
-------------------------------------------
-----after push_string(101532 - 102339)---
2282 - 4034
6145 - 7786
59131 - 59555
77860 - 78179
91224 - 93774
101532 - 102338
116873 - 118087
-------------------------------------------
-----after push_string(105439 - 106159)---
2282 - 4034
6145 - 7786
59131 - 59555
77860 - 78179
91224 - 93774
101532 - 102338
105439 - 106158
116873 - 118087
-------------------------------------------
-----after push_string(109500 - 111969)---
2282 - 4034
6145 - 7786
59131 - 59555
77860 - 78179
91224 - 93774
101532 - 102338
105439 - 106158
109500 - 111968
116873 - 118087
-------------------------------------------
-----after push_string(14671 - 15455)---
2282 - 4034
6145 - 7786
14671 - 15454
59131 - 59555
77860 - 78179
91224 - 93774
101532 - 102338
105439 - 106158
109500 - 111968
116873 - 118087
-------------------------------------------
-----after push_string(66827 - 68034)---
2282 - 4034
6145 - 7786
14671 - 15454
59131 - 59555
66827 - 68033
77860 - 78179
91224 - 93774
101532 - 102338
105439 - 106158
109500 - 111968
116873 - 118087
-------------------------------------------
-----after push_string(43364 - 46145)---
2282 - 4034
6145 - 7786
14671 - 15454
43364 - 46144
59131 - 59555
66827 - 68033
77860 - 78179
91224 - 93774
101532 - 102338
105439 - 106158
109500 - 111968
116873 - 118087
-------------------------------------------
-----after push_string(33064 - 34991)---
2282 - 4034
6145 - 7786
14671 - 15454
33064 - 34990
43364 - 46144
59131 - 59555
66827 - 68033
77860 - 78179
91224 - 93774
101532 - 102338
105439 - 106158
109500 - 111968
116873 - 118087
-------------------------------------------
-----after push_string(79571 - 81263)---
2282 - 4034
6145 - 7786
14671 - 15454
33064 - 34990
43364 - 46144
59131 - 59555
66827 - 68033
77860 - 78179
79571 - 81262
91224 - 93774
101532 - 102338
105439 - 106158
109500 - 111968
116873 - 118087
-------------------------------------------
-----after push_string(127084 - 128187)---
2282 - 4034
6145 - 7786
14671 - 15454
33064 - 34990
43364 - 46144
59131 - 59555
66827 - 68033
77860 - 78179
79571 - 81262
91224 - 93774
101532 - 102338
105439 - 106158
109500 - 111968
116873 - 118087
127084 - 128186
-------------------------------------------
-----after push_string(98874 - 101117)---
2282 - 4034
6145 - 7786
14671 - 15454
33064 - 34990
43364 - 46144
59131 - 59555
66827 - 68033
77860 - 78179
79571 - 81262
91224 - 93774
98874 - 101116
101532 - 102338
105439 - 106158
109500 - 111968
116873 - 118087
127084 - 128186
-------------------------------------------
-----after push_string(95925 - 97558)---
2282 - 4034
6145 - 7786
14671 - 15454
33064 - 34990
43364 - 46144
59131 - 59555
66827 - 68033
77860 - 78179
79571 - 81262
91224 - 93774
95925 - 97557
98874 - 101116
101532 - 102338
105439 - 106158
109500 - 111968
116873 - 118087
127084 - 128186
-------------------------------------------
-----after push_string(41890 - 44276)---
2282 - 4034
6145 - 7786
14671 - 15454
33064 - 34990
41890 - 45187
43364 - 46144
59131 - 59555
66827 - 68033
77860 - 78179
79571 - 81262
91224 - 93774
95925 - 97557
98874 - 101116
101532 - 102338
105439 - 106158
109500 - 111968
116873 - 118087
127084 - 128186
-------------------------------------------
-----after push_string(79377 - 80226)---
2282 - 4034
6145 - 7786
14671 - 15454
33064 - 34990
41890 - 45187
43364 - 46144
59131 - 59555
66827 - 68033
77860 - 78179
79377 - 80880
79571 - 81262
91224 - 93774
95925 - 97557
98874 - 101116
101532 - 102338
105439 - 106158
109500 - 111968
116873 - 118087
127084 - 128186
-------------------------------------------
-----after push_string(105415 - 106318)---
2282 - 4034
6145 - 7786
14671 - 15454
33064 - 34990
41890 - 45187
43364 - 46144
59131 - 59555
66827 - 68033
77860 - 78179
79377 - 80880
79571 - 81262
91224 - 93774
95925 - 97557
98874 - 101116
101532 - 102338
105439 - 106317
109500 - 111968
116873 - 118087
127084 - 128186
-------------------------------------------
-----after push_string(83062 - 84005)---
2282 - 4034
6145 - 7786
14671 - 15454
33064 - 34990
41890 - 45187
43364 - 46144
59131 - 59555
66827 - 68033
77860 - 78179
79377 - 80880
79571 - 81262
83062 - 84004
91224 - 93774
95925 - 97557
98874 - 101116
101532 - 102338
105439 - 106317
109500 - 111968
116873 - 118087
127084 - 128186
-------------------------------------------
-----after push_string(125162 - 127145)---
2282 - 4034
6145 - 7786
14671 - 15454
33064 - 34990
41890 - 45187
43364 - 46144
59131 - 59555
66827 - 68033
77860 - 78179
79377 - 80880
79571 - 81262
83062 - 84004
91224 - 93774
95925 - 97557
98874 - 101116
101532 - 102338
105439 - 106317
109500 - 111968
116873 - 118087
125162 - 127205
127084 - 128186
-------------------------------------------
-----after push_string(118814 - 120964)---
2282 - 4034
6145 - 7786
14671 - 15454
33064 - 34990
41890 - 45187
43364 - 46144
59131 - 59555
66827 - 68033
77860 - 78179
79377 - 80880
79571 - 81262
83062 - 84004
91224 - 93774
95925 - 97557
98874 - 101116
101532 - 102338
105439 - 106317
109500 - 111968
116873 - 118087
118814 - 120963
125162 - 127205
127084 - 128186
-------------------------------------------
-----after push_string(0 - 828)---
2282 - 4034
6145 - 7786
14671 - 15454
33064 - 34990
41890 - 45187
43364 - 46144
59131 - 59555
66827 - 68033
77860 - 78179
79377 - 80880
79571 - 81262
83062 - 84004
91224 - 93774
95925 - 97557
98874 - 101116
101532 - 102338
105439 - 106317
109500 - 111968
116873 - 118087
118814 - 120963
125162 - 127205
127084 - 128186
-------------------------------------------
-----after push_string(22270 - 22718)---
2282 - 4034
6145 - 7786
14671 - 15454
22270 - 22717
33064 - 34990
41890 - 45187
43364 - 46144
59131 - 59555
66827 - 68033
77860 - 78179
79377 - 80880
79571 - 81262
83062 - 84004
91224 - 93774
95925 - 97557
98874 - 101116
101532 - 102338
105439 - 106317
109500 - 111968
116873 - 118087
118814 - 120963
125162 - 127205
127084 - 128186
-------------------------------------------
-----after push_string(75416 - 77601)---
2282 - 4034
6145 - 7786
14671 - 15454
22270 - 22717
33064 - 34990
41890 - 45187
43364 - 46144
59131 - 59555
66827 - 68033
75416 - 77600
77860 - 78179
79377 - 80880
79571 - 81262
83062 - 84004
91224 - 93774
95925 - 97557
98874 - 101116
101532 - 102338
105439 - 106317
109500 - 111968
116873 - 118087
118814 - 120963
125162 - 127205
127084 - 128186
-------------------------------------------
-----after push_string(48129 - 50062)---
2282 - 4034
6145 - 7786
14671 - 15454
22270 - 22717
33064 - 34990
41890 - 45187
43364 - 46144
48129 - 50061
59131 - 59555
66827 - 68033
75416 - 77600
77860 - 78179
79377 - 80880
79571 - 81262
83062 - 84004
91224 - 93774
95925 - 97557
98874 - 101116
101532 - 102338
105439 - 106317
109500 - 111968
116873 - 118087
118814 - 120963
125162 - 127205
127084 - 128186
-------------------------------------------
-----after push_string(103131 - 105825)---
2282 - 4034
6145 - 7786
14671 - 15454
22270 - 22717
33064 - 34990
41890 - 45187
43364 - 46144
48129 - 50061
59131 - 59555
66827 - 68033
75416 - 77600
77860 - 78179
79377 - 80880
79571 - 81262
83062 - 84004
91224 - 93774
95925 - 97557
98874 - 101116
101532 - 102338
103131 - 106210
105439 - 106317
109500 - 111968
116873 - 118087
118814 - 120963
125162 - 127205
127084 - 128186
-------------------------------------------
-----after push_string(73129 - 74512)---
2282 - 4034
6145 - 7786
14671 - 15454
22270 - 22717
33064 - 34990
41890 - 45187
43364 - 46144
48129 - 50061
59131 - 59555
66827 - 68033
73129 - 74511
75416 - 77600
77860 - 78179
79377 - 80880
79571 - 81262
83062 - 84004
91224 - 93774
95925 - 97557
98874 - 101116
101532 - 102338
103131 - 106210
105439 - 106317
109500 - 111968
116873 - 118087
118814 - 120963
125162 - 127205
127084 - 128186
-------------------------------------------
Exception: basic_string::substr: __pos (which is 1897) > this->size() (which is 320)

      Start 22: t_strm_reassem_cap
 8/16 Test #22: t_strm_reassem_cap ...............   Passed    2.63 sec
      Start 23: t_byte_stream_construction
 9/16 Test #23: t_byte_stream_construction .......   Passed    0.15 sec
      Start 24: t_byte_stream_one_write
10/16 Test #24: t_byte_stream_one_write ..........   Passed    0.14 sec
      Start 25: t_byte_stream_two_writes
11/16 Test #25: t_byte_stream_two_writes .........   Passed    0.12 sec
      Start 26: t_byte_stream_capacity
12/16 Test #26: t_byte_stream_capacity ...........   Passed    4.07 sec
      Start 27: t_byte_stream_many_writes
13/16 Test #27: t_byte_stream_many_writes ........   Passed    0.22 sec
      Start 50: t_address_dt
14/16 Test #50: t_address_dt .....................   Passed    0.08 sec
      Start 51: t_parser_dt
15/16 Test #51: t_parser_dt ......................   Passed    0.11 sec
      Start 52: t_socket_dt
16/16 Test #52: t_socket_dt ......................   Passed    0.17 sec

81% tests passed, 3 tests failed out of 16

Total Test time (real) =  10.09 sec

The following tests FAILED:
	 18 - t_strm_reassem_holes (Failed)
	 19 - t_strm_reassem_many (Failed)
	 21 - t_strm_reassem_win (Failed)
Errors while running CTest
CMakeFiles/check_lab1.dir/build.make:57: recipe for target 'CMakeFiles/check_lab1' failed
make[3]: *** [CMakeFiles/check_lab1] Error 8
CMakeFiles/Makefile2:2759: recipe for target 'CMakeFiles/check_lab1.dir/all' failed
make[2]: *** [CMakeFiles/check_lab1.dir/all] Error 2
CMakeFiles/Makefile2:2766: recipe for target 'CMakeFiles/check_lab1.dir/rule' failed
make[1]: *** [CMakeFiles/check_lab1.dir/rule] Error 2
Makefile:1195: recipe for target 'check_lab1' failed
make: *** [check_lab1] Error 2
