[100%] Testing the TCP connection...
Test project /home/bc/cs144/sponge/build
        Start   1: t_wrapping_ints_cmp
  1/162 Test   #1: t_wrapping_ints_cmp ..............   Passed    0.00 sec
        Start   2: t_wrapping_ints_unwrap
  2/162 Test   #2: t_wrapping_ints_unwrap ...........   Passed    0.01 sec
        Start   3: t_wrapping_ints_wrap
  3/162 Test   #3: t_wrapping_ints_wrap .............   Passed    0.01 sec
        Start   4: t_wrapping_ints_roundtrip
  4/162 Test   #4: t_wrapping_ints_roundtrip ........   Passed    0.27 sec
        Start   5: t_recv_connect
  5/162 Test   #5: t_recv_connect ...................   Passed    0.01 sec
        Start   6: t_recv_transmit
  6/162 Test   #6: t_recv_transmit ..................   Passed    0.09 sec
        Start   7: t_recv_window
  7/162 Test   #7: t_recv_window ....................   Passed    0.01 sec
        Start   8: t_recv_reorder
  8/162 Test   #8: t_recv_reorder ...................   Passed    0.01 sec
        Start   9: t_recv_close
  9/162 Test   #9: t_recv_close .....................   Passed    0.01 sec
        Start  10: t_recv_special
 10/162 Test  #10: t_recv_special ...................   Passed    0.01 sec
        Start  11: t_send_connect
 11/162 Test  #11: t_send_connect ...................   Passed    0.01 sec
        Start  12: t_send_transmit
 12/162 Test  #12: t_send_transmit ..................   Passed    0.07 sec
        Start  13: t_send_retx
 13/162 Test  #13: t_send_retx ......................   Passed    0.01 sec
        Start  14: t_send_window
 14/162 Test  #14: t_send_window ....................   Passed    0.05 sec
        Start  15: t_send_ack
 15/162 Test  #15: t_send_ack .......................   Passed    0.01 sec
        Start  16: t_send_close
 16/162 Test  #16: t_send_close .....................   Passed    0.01 sec
        Start  17: t_send_extra
 17/162 Test  #17: t_send_extra .....................   Passed    0.01 sec
        Start  18: t_strm_reassem_single
 18/162 Test  #18: t_strm_reassem_single ............   Passed    0.01 sec
        Start  19: t_strm_reassem_seq
 19/162 Test  #19: t_strm_reassem_seq ...............   Passed    0.01 sec
        Start  20: t_strm_reassem_dup
 20/162 Test  #20: t_strm_reassem_dup ...............   Passed    0.01 sec
        Start  21: t_strm_reassem_holes
 21/162 Test  #21: t_strm_reassem_holes .............   Passed    0.01 sec
        Start  22: t_strm_reassem_many
 22/162 Test  #22: t_strm_reassem_many ..............   Passed    0.22 sec
        Start  23: t_strm_reassem_overlapping
 23/162 Test  #23: t_strm_reassem_overlapping .......   Passed    0.01 sec
        Start  24: t_strm_reassem_win
 24/162 Test  #24: t_strm_reassem_win ...............***Failed    0.08 sec
Exception: test 2 - content of RX bytes is incorrect

        Start  25: t_strm_reassem_cap
 25/162 Test  #25: t_strm_reassem_cap ...............   Passed    0.12 sec
        Start  26: t_byte_stream_construction
 26/162 Test  #26: t_byte_stream_construction .......   Passed    0.01 sec
        Start  27: t_byte_stream_one_write
 27/162 Test  #27: t_byte_stream_one_write ..........   Passed    0.01 sec
        Start  28: t_byte_stream_two_writes
 28/162 Test  #28: t_byte_stream_two_writes .........   Passed    0.01 sec
        Start  29: t_byte_stream_capacity
 29/162 Test  #29: t_byte_stream_capacity ...........   Passed    0.59 sec
        Start  30: t_byte_stream_many_writes
 30/162 Test  #30: t_byte_stream_many_writes ........   Passed    0.01 sec
        Start  31: t_webget
 31/162 Test  #31: t_webget .........................   Passed    1.88 sec
        Start  34: t_tcp_parser
 32/162 Test  #34: t_tcp_parser .....................   Passed    0.01 sec
        Start  35: t_ipv4_parser
 33/162 Test  #35: t_ipv4_parser ....................   Passed    0.01 sec
        Start  36: t_active_close
 34/162 Test  #36: t_active_close ...................***Failed    0.01 sec
Test Failure on expectation:
	Expectation: exactly one segment sent with (A=1,R=0,S=0,F=1,ackno=1,seqno=1,)

Failure message:
	The TCP should have produced a segment that existed, but it did not

List of steps that executed successfully:
	Action:      connect
	Expectation: exactly one segment sent with (A=0,R=0,S=1,F=0,seqno=0,payload_size=0,)
	Action:      packet arrives: Header(flags=SA,seqno=0,ack=1,win=137) with no payload
	Expectation: exactly one segment sent with (A=1,R=0,S=0,F=0,ackno=1,payload_size=0,)
	Action:      close

Warning: Unclean shutdown of TCPConnection
The TCP should have produced a segment that existed, but it did not

        Start  37: t_passive_close
 35/162 Test  #37: t_passive_close ..................***Failed    0.01 sec
Test Failure on expectation:
	Expectation: exactly one segment sent with (A=1,R=0,S=0,F=0,ackno=2,)

Failure message:
	The TCP should have produced a segment that existed, but it did not

List of steps that executed successfully:
	Action:      connect
	Expectation: exactly one segment sent with (A=0,R=0,S=1,F=0,seqno=0,payload_size=0,)
	Action:      packet arrives: Header(flags=SA,seqno=0,ack=1,win=137) with no payload
	Expectation: exactly one segment sent with (A=1,R=0,S=0,F=0,ackno=1,payload_size=0,)
	Action:      packet arrives: Header(flags=AF,seqno=1,ack=1,win=137) with no payload

Warning: Unclean shutdown of TCPConnection
The TCP should have produced a segment that existed, but it did not

        Start  38: t_ack_rst
 36/162 Test  #38: t_ack_rst ........................***Failed    0.01 sec
Test 1
Test Failure on expectation:
	Expectation: exactly one segment sent with (A=1,ackno=2147483648,)

Failure message:
	The TCP should have produced a segment that existed, but it did not

List of steps that executed successfully:
	Action:      connect
	Expectation: exactly one segment sent with (A=0,R=0,S=1,F=0,seqno=2147483647,payload_size=0,)
	Action:      packet arrives: Header(flags=SA,seqno=2147483647,ack=2147483648,win=137) with no payload
	Expectation: exactly one segment sent with (A=1,R=0,S=0,F=0,ackno=2147483648,payload_size=0,)
	Action:      packet arrives: Header(flags=A,seqno=2147483648,ack=2147483648,win=137) with no payload
	Expectation: no (more) segments sent
	Action:      packet arrives: Header(flags=A,seqno=2147483648,ack=2147483647,win=137) with no payload
	Expectation: no (more) segments sent
	Action:      packet arrives: Header(flags=A,seqno=2147483647,ack=2147483648,win=137) with 1 data bytes "<1>"
	Expectation: TCP has 0 unassembled bytes

Note:
	test 1 failed: bad ACK

Warning: Unclean shutdown of TCPConnection
The TCP should have produced a segment that existed, but it did not

        Start  39: t_ack_rst_win
 37/162 Test  #39: t_ack_rst_win ....................***Failed    0.01 sec
Test Failure on expectation:
	Expectation: exactly one segment sent with (ackno=2147483648,)

Failure message:
	The TCP should have produced a segment that existed, but it did not

List of steps that executed successfully:
	Action:      connect
	Expectation: exactly one segment sent with (A=0,R=0,S=1,F=0,seqno=2147483647,payload_size=0,)
	Action:      packet arrives: Header(flags=SA,seqno=2147483647,ack=2147483648,win=137) with no payload
	Expectation: exactly one segment sent with (A=1,R=0,S=0,F=0,ackno=2147483648,payload_size=0,)
	Action:      packet arrives: Header(flags=A,seqno=2147483648,ack=2147483648,win=137) with no payload
	Expectation: no (more) segments sent
	Action:      packet arrives: Header(flags=A,seqno=2147483648,ack=2147483647,win=137) with no payload
	Expectation: no (more) segments sent
	Action:      packet arrives: Header(flags=A,seqno=2147483647,ack=2147483648,win=137) with 1 data bytes "<1>"
	Expectation: TCP has 0 unassembled bytes

Note:
	test 1 failed: no ack on early seqno

Warning: Unclean shutdown of TCPConnection
The TCP should have produced a segment that existed, but it did not

        Start  40: t_connect
 38/162 Test  #40: t_connect ........................***Failed    0.01 sec
Warning: Unclean shutdown of TCPConnection
Test Failure on expectation:
	exactly one segment sent with (A=1,S=0,ackno=1596565787,)
Failure message:
	The TCP should have produced a segment that existed, but it did not

List of steps that executed successfully:
	Action:      connect
	Action:      1ms pass
	Expectation: exactly one segment sent with (A=0,S=1,)
	Expectation: TCP in state sender=`stream started but nothing acknowledged`, receiver=`waiting for SYN: ackno is empty`, active=1, linger_after_streams_finish=1
	Action:      packet arrives: Header(flags=S,seqno=1596565786,ack=0,win=137) with no payload
	Action:      1ms pass

Note:
	test 2 failed: bad ACK for SYN

Warning: Unclean shutdown of TCPConnection
The TCP should have produced a segment that existed, but it did not

        Start  41: t_listen
 39/162 Test  #41: t_listen .........................***Failed    0.01 sec
Test Failure on expectation:
	Expectation: TCP in state sender=`waiting for stream to begin (no SYN sent)`, receiver=`waiting for SYN: ackno is empty`, active=1, linger_after_streams_finish=1

Failure message:
	The TCP was in state `sender=`waiting for stream to begin (no SYN sent)`, receiver=`waiting for SYN: ackno is empty`, active=0, linger_after_streams_finish=0`, but it was expected to be in state `sender=`waiting for stream to begin (no SYN sent)`, receiver=`waiting for SYN: ackno is empty`, active=1, linger_after_streams_finish=1`

List of steps that executed successfully:
	Action:      listen

The TCP was in state `sender=`waiting for stream to begin (no SYN sent)`, receiver=`waiting for SYN: ackno is empty`, active=0, linger_after_streams_finish=0`, but it was expected to be in state `sender=`waiting for stream to begin (no SYN sent)`, receiver=`waiting for SYN: ackno is empty`, active=1, linger_after_streams_finish=1`

        Start  42: t_winsize
 40/162 Test  #42: t_winsize ........................***Failed    0.01 sec
Test Failure on expectation:
	exactly one segment sent with (A=1,ackno=1554406501,win=34079,)
Failure message:
	The TCP should have produced a segment that existed, but it did not

List of steps that executed successfully:
	Action:      listen
	Action:      packet arrives: Header(flags=S,seqno=1554406500,ack=0,win=137) with no payload

Note:
	test 1 failed: SYN/ACK invalid

The TCP should have produced a segment that existed, but it did not

        Start  43: t_retx
 41/162 Test  #43: t_retx ...........................***Failed    0.01 sec
  check_segment
Test Failure on expectation:
	Expectation: segment sent with (A=1,payload_size=4,data="asdf",)

Failure message:
	The TCP should have produced a segment that existed, but it did not

List of steps that executed successfully:
	Action:      connect
	Expectation: exactly one segment sent with (A=0,R=0,S=1,F=0,seqno=1536853139,payload_size=0,)
	Action:      packet arrives: Header(flags=SA,seqno=1536853139,ack=1536853140,win=137) with no payload
	Expectation: exactly one segment sent with (A=1,R=0,S=0,F=0,ackno=1536853140,payload_size=0,)
	Action:      write (4 bytes) [61, 73, 64, 66]
	Action:      1ms pass

Warning: Unclean shutdown of TCPConnection
The TCP should have produced a segment that existed, but it did not (in check_segment called from line 36)

        Start  44: t_retx_win
 42/162 Test  #44: t_retx_win .......................***Failed    0.01 sec
Test Failure on expectation:
	Expectation: segment sent

Failure message:
	The TCP should have produces a segment, but did not

List of steps that executed successfully:
	Action:      connect
	Expectation: exactly one segment sent with (A=0,R=0,S=1,F=0,seqno=3206966985,payload_size=0,)
	Action:      packet arrives: Header(flags=SA,seqno=3206966985,ack=3206966986,win=137) with no payload
	Expectation: exactly one segment sent with (A=1,R=0,S=0,F=0,ackno=3206966986,payload_size=0,)
	Action:      write (4 bytes) [61, 73, 64, 66]
	Action:      1ms pass
	Action:      20ms pass
	Action:      write (4 bytes) [71, 77, 65, 72]
	Action:      1ms pass

Note:
	test 2 failed: cannot read after write()s

Warning: Unclean shutdown of TCPConnection
The TCP should have produces a segment, but did not

        Start  45: t_loopback
 43/162 Test  #45: t_loopback .......................***Failed    0.01 sec
Test Failure on expectation:
	Expectation: TCP has 1924 bytes in flight

Failure message:
	The TCP has `bytes_in_flight = 0`, but bytes_in_flight was expected to be `1924`

List of steps that executed successfully:
	Action:      connect
	Expectation: exactly one segment sent with (A=0,R=0,S=1,F=0,seqno=1695588184,payload_size=0,)
	Action:      packet arrives: Header(flags=SA,seqno=1695588184,ack=1695588185,win=137) with no payload
	Expectation: exactly one segment sent with (A=1,R=0,S=0,F=0,ackno=1695588185,payload_size=0,)
	Action:      packet arrives: Header(flags=A,seqno=1695588185,ack=1695588185,win=65000) with no payload
	Action:      write (1924 bytes) [95, 92, ea, 1c, fc, 16, 82, 4d, 1d, 22, 7d, 1b, 4a, ac, 51, 72, ...]
	Action:      1ms pass

Warning: Unclean shutdown of TCPConnection
The TCP has `bytes_in_flight = 0`, but bytes_in_flight was expected to be `1924`

        Start  46: t_loopback_win
 44/162 Test  #46: t_loopback_win ...................***Failed    0.01 sec
Test Failure on expectation:
	Expectation: segment sent

Failure message:
	The TCP should have produces a segment, but did not

List of steps that executed successfully:
	Action:      connect
	Expectation: exactly one segment sent with (A=0,R=0,S=1,F=0,seqno=618738717,payload_size=0,)
	Action:      packet arrives: Header(flags=SA,seqno=618738717,ack=618738718,win=137) with no payload
	Expectation: exactly one segment sent with (A=1,R=0,S=0,F=0,ackno=618738718,payload_size=0,)
	Action:      packet arrives: Header(flags=A,seqno=618738718,ack=618738718,win=65000) with no payload
	Action:      write (6715 bytes) [bc, de, cf, 22, 20, db, 3c, db, 24, c3, ea, 4f, 84, f9, f4, be, ...]
	Action:      1ms pass

Note:
	test 2 failed: cannot read after write()

Warning: Unclean shutdown of TCPConnection
The TCP should have produces a segment, but did not

        Start  47: t_reorder
 45/162 Test  #47: t_reorder ........................***Failed    0.01 sec
Test Failure on expectation:
	segment sent with (A=1,)
Failure message:
	The TCP should have produced a segment that existed, but it did not

List of steps that executed successfully:
	Action:      connect
	Expectation: exactly one segment sent with (A=0,R=0,S=1,F=0,seqno=2985491997,payload_size=0,)
	Action:      packet arrives: Header(flags=SA,seqno=3962207976,ack=2985491998,win=137) with no payload
	Expectation: exactly one segment sent with (A=1,R=0,S=0,F=0,ackno=3962207977,payload_size=0,)
	Action:      packet arrives: Header(flags=A,seqno=3962239152,ack=2985491998,win=137) with 278 data bytes "6<132>S<197>R<244><167><251>w<171><128><176>l<238>R}..."

Note:
	test 1 failed: no ACK for datagram

Warning: Unclean shutdown of TCPConnection
The TCP should have produced a segment that existed, but it did not

        Start  48: t_address_dt
 46/162 Test  #48: t_address_dt .....................   Passed    0.01 sec
        Start  49: t_parser_dt
 47/162 Test  #49: t_parser_dt ......................   Passed    0.01 sec
        Start  50: t_socket_dt
 48/162 Test  #50: t_socket_dt ......................   Passed    0.01 sec
        Start  51: t_udp_client_send
 49/162 Test  #51: t_udp_client_send ................***Failed    0.13 sec
DEBUG: Listening for incoming connection... new connection from 0.0.0.0:0.
DEBUG: Waiting for clean shutdown... DEBUG: TCP connection finished cleanly.
done.
Error in _rt_listen

        Start  52: t_udp_server_send
 50/162 Test  #52: t_udp_server_send ................***Failed    0.12 sec
DEBUG: Listening for incoming connection... new connection from 0.0.0.0:0.
DEBUG: Waiting for clean shutdown... DEBUG: TCP connection finished cleanly.
done.
Error in _rt_listen

        Start  53: t_udp_client_recv
 51/162 Test  #53: t_udp_client_recv ................***Failed    0.13 sec
DEBUG: Listening for incoming connection... new connection from 0.0.0.0:0.
DEBUG: Waiting for clean shutdown... DEBUG: TCP connection finished cleanly.
done.
Error in _rt_listen

        Start  54: t_udp_server_recv
 52/162 Test  #54: t_udp_server_recv ................***Failed    0.14 sec
DEBUG: Listening for incoming connection... new connection from 0.0.0.0:0.
DEBUG: Waiting for clean shutdown... DEBUG: TCP connection finished cleanly.
done.
Error in _rt_listen

        Start  55: t_udp_client_dupl
 53/162 Test  #55: t_udp_client_dupl ................***Failed    0.14 sec
DEBUG: Listening for incoming connection... new connection from 0.0.0.0:0.
DEBUG: Waiting for clean shutdown... DEBUG: TCP connection finished cleanly.
done.
Error in _rt_listen

        Start  56: t_udp_server_dupl
 54/162 Test  #56: t_udp_server_dupl ................***Failed    0.13 sec
DEBUG: Listening for incoming connection... new connection from 0.0.0.0:0.
DEBUG: Waiting for clean shutdown... DEBUG: TCP connection finished cleanly.
done.
Error in _rt_listen

        Start  57: t_ucS_1M_32k
 55/162 Test  #57: t_ucS_1M_32k .....................***Failed    0.15 sec
DEBUG: Listening for incoming connection... new connection from 0.0.0.0:0.
DEBUG: Waiting for clean shutdown... DEBUG: TCP connection finished cleanly.
done.
Error in _rt_listen

        Start  58: t_ucS_128K_8K
 56/162 Test  #58: t_ucS_128K_8K ....................***Failed    0.13 sec
DEBUG: Listening for incoming connection... new connection from 0.0.0.0:0.
DEBUG: Waiting for clean shutdown... DEBUG: TCP connection finished cleanly.
done.
Error in _rt_listen

        Start  59: t_ucS_16_1
 57/162 Test  #59: t_ucS_16_1 .......................***Failed    0.13 sec
DEBUG: Listening for incoming connection... new connection from 0.0.0.0:0.
DEBUG: Waiting for clean shutdown... DEBUG: TCP connection finished cleanly.
done.
Error in _rt_listen

        Start  60: t_ucS_32K_d
 58/162 Test  #60: t_ucS_32K_d ......................***Failed    0.13 sec
DEBUG: Listening for incoming connection... new connection from 0.0.0.0:0.
DEBUG: Waiting for clean shutdown... DEBUG: TCP connection finished cleanly.
done.
Error in _rt_listen

        Start  61: t_ucR_1M_32k
 59/162 Test  #61: t_ucR_1M_32k .....................***Failed    0.14 sec
DEBUG: Listening for incoming connection... new connection from 0.0.0.0:0.
DEBUG: TCP connection finished cleanly.
Error in _rt_listen

        Start  62: t_ucR_128K_8K
 60/162 Test  #62: t_ucR_128K_8K ....................***Failed    0.13 sec
DEBUG: Listening for incoming connection... new connection from 0.0.0.0:0.
DEBUG: TCP connection finished cleanly.
DEBUG: Waiting for clean shutdown... done.
Error in _rt_listen

        Start  63: t_ucR_16_1
 61/162 Test  #63: t_ucR_16_1 .......................***Failed    0.13 sec
DEBUG: Listening for incoming connection... new connection from 0.0.0.0:0.
DEBUG: Waiting for clean shutdown... DEBUG: TCP connection finished cleanly.
done.
Error in _rt_listen

        Start  64: t_ucR_32K_d
 62/162 Test  #64: t_ucR_32K_d ......................***Failed    0.12 sec
DEBUG: Listening for incoming connection... new connection from 0.0.0.0:0.
DEBUG: Waiting for clean shutdown... DEBUG: TCP connection finished cleanly.
done.
Error in _rt_listen

        Start  65: t_ucD_1M_32k
 63/162 Test  #65: t_ucD_1M_32k .....................***Failed    0.14 sec
DEBUG: Listening for incoming connection... new connection from 0.0.0.0:0.
DEBUG: TCP connection finished cleanly.
Error in _rt_listen

        Start  66: t_ucD_128K_8K
 64/162 Test  #66: t_ucD_128K_8K ....................***Failed    0.13 sec
DEBUG: Listening for incoming connection... new connection from 0.0.0.0:0.
DEBUG: TCP connection finished cleanly.
DEBUG: Waiting for clean shutdown... done.
Error in _rt_listen

        Start  67: t_ucD_16_1
 65/162 Test  #67: t_ucD_16_1 .......................***Failed    0.13 sec
DEBUG: Listening for incoming connection... new connection from 0.0.0.0:0.
DEBUG: Waiting for clean shutdown... DEBUG: TCP connection finished cleanly.
done.
Error in _rt_listen

        Start  68: t_ucD_32K_d
 66/162 Test  #68: t_ucD_32K_d ......................***Failed    0.13 sec
DEBUG: Listening for incoming connection... new connection from 0.0.0.0:0.
DEBUG: Waiting for clean shutdown... DEBUG: TCP connection finished cleanly.
done.
Error in _rt_listen

        Start  69: t_usS_1M_32k
 67/162 Test  #69: t_usS_1M_32k .....................***Failed    0.14 sec
DEBUG: Listening for incoming connection... new connection from 0.0.0.0:0.
DEBUG: TCP connection finished cleanly.
Error in _rt_listen

        Start  70: t_usS_128K_8K
 68/162 Test  #70: t_usS_128K_8K ....................***Failed    0.13 sec
DEBUG: Listening for incoming connection... new connection from 0.0.0.0:0.
DEBUG: TCP connection finished cleanly.
DEBUG: Waiting for clean shutdown... done.
Error in _rt_listen

        Start  71: t_usS_16_1
 69/162 Test  #71: t_usS_16_1 .......................***Failed    0.13 sec
DEBUG: Listening for incoming connection... new connection from 0.0.0.0:0.
DEBUG: Waiting for clean shutdown... DEBUG: TCP connection finished cleanly.
done.
Error in _rt_listen

        Start  72: t_usS_32K_d
 70/162 Test  #72: t_usS_32K_d ......................***Failed    0.12 sec
DEBUG: Listening for incoming connection... new connection from 0.0.0.0:0.
DEBUG: Waiting for clean shutdown... DEBUG: TCP connection finished cleanly.
done.
Error in _rt_listen

        Start  73: t_usR_1M_32k
 71/162 Test  #73: t_usR_1M_32k .....................***Failed    0.14 sec
DEBUG: Listening for incoming connection... new connection from 0.0.0.0:0.
DEBUG: Waiting for clean shutdown... DEBUG: TCP connection finished cleanly.
done.
Error in _rt_listen

        Start  74: t_usR_128K_8K
 72/162 Test  #74: t_usR_128K_8K ....................***Failed    0.13 sec
DEBUG: Listening for incoming connection... new connection from 0.0.0.0:0.
DEBUG: Waiting for clean shutdown... DEBUG: TCP connection finished cleanly.
done.
Error in _rt_listen

        Start  75: t_usR_16_1
 73/162 Test  #75: t_usR_16_1 .......................***Failed    0.13 sec
DEBUG: Listening for incoming connection... new connection from 0.0.0.0:0.
DEBUG: Waiting for clean shutdown... DEBUG: TCP connection finished cleanly.
done.
Error in _rt_listen

        Start  76: t_usR_32K_d
 74/162 Test  #76: t_usR_32K_d ......................***Failed    0.12 sec
DEBUG: Listening for incoming connection... new connection from 0.0.0.0:0.
DEBUG: Waiting for clean shutdown... DEBUG: TCP connection finished cleanly.
done.
Error in _rt_listen

        Start  77: t_usD_1M_32k
 75/162 Test  #77: t_usD_1M_32k .....................***Failed    0.14 sec
DEBUG: Listening for incoming connection... new connection from 0.0.0.0:0.
DEBUG: TCP connection finished cleanly.
Error in _rt_listen

        Start  78: t_usD_128K_8K
 76/162 Test  #78: t_usD_128K_8K ....................***Failed    0.13 sec
DEBUG: Listening for incoming connection... new connection from 0.0.0.0:0.
DEBUG: TCP connection finished cleanly.
DEBUG: Waiting for clean shutdown... done.
Error in _rt_listen

        Start  79: t_usD_16_1
 77/162 Test  #79: t_usD_16_1 .......................***Failed    0.13 sec
DEBUG: Listening for incoming connection... new connection from 0.0.0.0:0.
DEBUG: Waiting for clean shutdown... DEBUG: TCP connection finished cleanly.
done.
Error in _rt_listen

        Start  80: t_usD_32K_d
 78/162 Test  #80: t_usD_32K_d ......................***Failed    0.13 sec
DEBUG: Listening for incoming connection... new connection from 0.0.0.0:0.
DEBUG: Waiting for clean shutdown... DEBUG: TCP connection finished cleanly.
done.
Error in _rt_listen

        Start  81: t_ucS_128K_8K_l
 79/162 Test  #81: t_ucS_128K_8K_l ..................***Failed    0.13 sec
DEBUG: Listening for incoming connection... new connection from 0.0.0.0:0.
DEBUG: Waiting for clean shutdown... DEBUG: TCP connection finished cleanly.
done.
Error in _rt_listen

        Start  82: t_ucS_128K_8K_L
 80/162 Test  #82: t_ucS_128K_8K_L ..................***Failed    0.13 sec
DEBUG: Listening for incoming connection... new connection from 0.0.0.0:0.
DEBUG: Waiting for clean shutdown... DEBUG: TCP connection finished cleanly.
done.
Error in _rt_listen

        Start  83: t_ucS_128K_8K_lL
 81/162 Test  #83: t_ucS_128K_8K_lL .................***Failed    0.13 sec
DEBUG: Listening for incoming connection... new connection from 0.0.0.0:0.
DEBUG: Waiting for clean shutdown... DEBUG: TCP connection finished cleanly.
done.
Error in _rt_listen

        Start  84: t_ucR_128K_8K_l
 82/162 Test  #84: t_ucR_128K_8K_l ..................***Failed    0.13 sec
DEBUG: Listening for incoming connection... new connection from 0.0.0.0:0.
DEBUG: TCP connection finished cleanly.
DEBUG: Waiting for clean shutdown... done.
Error in _rt_listen

        Start  85: t_ucR_128K_8K_L
 83/162 Test  #85: t_ucR_128K_8K_L ..................***Failed    0.13 sec
DEBUG: Listening for incoming connection... new connection from 0.0.0.0:0.
DEBUG: TCP connection finished cleanly.
DEBUG: Waiting for clean shutdown... done.
Error in _rt_listen

        Start  86: t_ucR_128K_8K_lL
 84/162 Test  #86: t_ucR_128K_8K_lL .................***Failed    0.13 sec
DEBUG: Listening for incoming connection... new connection from 0.0.0.0:0.
DEBUG: TCP connection finished cleanly.
DEBUG: Waiting for clean shutdown... done.
Error in _rt_listen

        Start  87: t_ucD_128K_8K_l
 85/162 Test  #87: t_ucD_128K_8K_l ..................***Failed    0.13 sec
DEBUG: Listening for incoming connection... new connection from 0.0.0.0:0.
DEBUG: TCP connection finished cleanly.
DEBUG: Waiting for clean shutdown... done.
Error in _rt_listen

        Start  88: t_ucD_128K_8K_L
 86/162 Test  #88: t_ucD_128K_8K_L ..................***Failed    0.13 sec
DEBUG: Listening for incoming connection... new connection from 0.0.0.0:0.
DEBUG: TCP connection finished cleanly.
DEBUG: Waiting for clean shutdown... done.
Error in _rt_listen

        Start  89: t_ucD_128K_8K_lL
 87/162 Test  #89: t_ucD_128K_8K_lL .................***Failed    0.13 sec
DEBUG: Listening for incoming connection... new connection from 0.0.0.0:0.
DEBUG: TCP connection finished cleanly.
DEBUG: Waiting for clean shutdown... done.
Error in _rt_listen

        Start  90: t_usS_128K_8K_l
 88/162 Test  #90: t_usS_128K_8K_l ..................***Failed    0.13 sec
DEBUG: Listening for incoming connection... new connection from 0.0.0.0:0.
DEBUG: TCP connection finished cleanly.
DEBUG: Waiting for clean shutdown... done.
Error in _rt_listen

        Start  91: t_usS_128K_8K_L
 89/162 Test  #91: t_usS_128K_8K_L ..................***Failed    0.13 sec
DEBUG: Listening for incoming connection... new connection from 0.0.0.0:0.
DEBUG: TCP connection finished cleanly.
DEBUG: Waiting for clean shutdown... done.
Error in _rt_listen

        Start  92: t_usS_128K_8K_lL
 90/162 Test  #92: t_usS_128K_8K_lL .................***Failed    0.13 sec
DEBUG: Listening for incoming connection... new connection from 0.0.0.0:0.
DEBUG: TCP connection finished cleanly.
DEBUG: Waiting for clean shutdown... done.
Error in _rt_listen

        Start  93: t_usR_128K_8K_l
 91/162 Test  #93: t_usR_128K_8K_l ..................***Failed    0.13 sec
DEBUG: Listening for incoming connection... new connection from 0.0.0.0:0.
DEBUG: Waiting for clean shutdown... DEBUG: TCP connection finished cleanly.
done.
Error in _rt_listen

        Start  94: t_usR_128K_8K_L
 92/162 Test  #94: t_usR_128K_8K_L ..................***Failed    0.14 sec
DEBUG: Listening for incoming connection... new connection from 0.0.0.0:0.
DEBUG: Waiting for clean shutdown... DEBUG: TCP connection finished cleanly.
done.
Error in _rt_listen

        Start  95: t_usR_128K_8K_lL
 93/162 Test  #95: t_usR_128K_8K_lL .................***Failed    0.17 sec
DEBUG: Listening for incoming connection... new connection from 0.0.0.0:0.
DEBUG: Waiting for clean shutdown... DEBUG: TCP connection finished cleanly.
done.
Error in _rt_listen

        Start  96: t_usD_128K_8K_l
 94/162 Test  #96: t_usD_128K_8K_l ..................***Failed    0.13 sec
DEBUG: Listening for incoming connection... new connection from 0.0.0.0:0.
DEBUG: TCP connection finished cleanly.
DEBUG: Waiting for clean shutdown... done.
Error in _rt_listen

        Start  97: t_usD_128K_8K_L
 95/162 Test  #97: t_usD_128K_8K_L ..................***Failed    0.13 sec
DEBUG: Listening for incoming connection... new connection from 0.0.0.0:0.
DEBUG: TCP connection finished cleanly.
DEBUG: Waiting for clean shutdown... done.
Error in _rt_listen

        Start  98: t_usD_128K_8K_lL
 96/162 Test  #98: t_usD_128K_8K_lL .................***Failed    0.13 sec
DEBUG: Listening for incoming connection... new connection from 0.0.0.0:0.
DEBUG: TCP connection finished cleanly.
DEBUG: Waiting for clean shutdown... done.
Error in _rt_listen

        Start  99: t_ipv4_client_send
 97/162 Test  #99: t_ipv4_client_send ...............***Failed    0.12 sec
DEBUG: Listening for incoming connection... new connection from 0.0.0.0:0.
DEBUG: Waiting for clean shutdown... DEBUG: TCP connection finished cleanly.
done.
Error in _rt_listen

        Start 100: t_ipv4_server_send
 98/162 Test #100: t_ipv4_server_send ...............***Failed    0.12 sec
DEBUG: Listening for incoming connection... new connection from 0.0.0.0:0.
DEBUG: TCP connection finished cleanly.
DEBUG: Waiting for clean shutdown... done.
Error in _rt_listen

        Start 101: t_ipv4_client_recv
 99/162 Test #101: t_ipv4_client_recv ...............***Failed    0.12 sec
DEBUG: Listening for incoming connection... new connection from 0.0.0.0:0.
DEBUG: Waiting for clean shutdown... DEBUG: TCP connection finished cleanly.
done.
Error in _rt_listen

        Start 102: t_ipv4_server_recv
100/162 Test #102: t_ipv4_server_recv ...............***Failed    0.12 sec
DEBUG: Listening for incoming connection... new connection from 0.0.0.0:0.
DEBUG: Waiting for clean shutdown... DEBUG: TCP connection finished cleanly.
done.
Error in _rt_listen

        Start 103: t_ipv4_client_dupl
101/162 Test #103: t_ipv4_client_dupl ...............***Failed    0.12 sec
DEBUG: Listening for incoming connection... new connection from 0.0.0.0:0.
DEBUG: Waiting for clean shutdown... DEBUG: TCP connection finished cleanly.
done.
Error in _rt_listen

        Start 104: t_ipv4_server_dupl
102/162 Test #104: t_ipv4_server_dupl ...............***Failed    0.12 sec
DEBUG: Listening for incoming connection... new connection from 0.0.0.0:0.
DEBUG: Waiting for clean shutdown... DEBUG: TCP connection finished cleanly.
done.
Error in _rt_listen

        Start 105: t_icS_1M_32k
103/162 Test #105: t_icS_1M_32k .....................***Failed    0.15 sec
DEBUG: Listening for incoming connection... new connection from 0.0.0.0:0.
DEBUG: Waiting for clean shutdown... DEBUG: TCP connection finished cleanly.
done.
Error in _rt_listen

        Start 106: t_icS_128K_8K
104/162 Test #106: t_icS_128K_8K ....................***Failed    0.13 sec
DEBUG: Listening for incoming connection... new connection from 0.0.0.0:0.
DEBUG: Waiting for clean shutdown... DEBUG: TCP connection finished cleanly.
done.
Error in _rt_listen

        Start 107: t_icS_16_1
105/162 Test #107: t_icS_16_1 .......................***Failed    0.15 sec
DEBUG: Listening for incoming connection... new connection from 0.0.0.0:0.
DEBUG: Waiting for clean shutdown... DEBUG: TCP connection finished cleanly.
done.
Error in _rt_listen

        Start 108: t_icS_32K_d
106/162 Test #108: t_icS_32K_d ......................***Failed    0.17 sec
DEBUG: Listening for incoming connection... new connection from 0.0.0.0:0.
DEBUG: Waiting for clean shutdown... DEBUG: TCP connection finished cleanly.
done.
Error in _rt_listen

        Start 109: t_icR_1M_32k
107/162 Test #109: t_icR_1M_32k .....................***Failed    0.15 sec
DEBUG: Listening for incoming connection... new connection from 0.0.0.0:0.
DEBUG: TCP connection finished cleanly.
Error in _rt_listen

        Start 110: t_icR_128K_8K
108/162 Test #110: t_icR_128K_8K ....................***Failed    0.13 sec
DEBUG: Listening for incoming connection... new connection from 0.0.0.0:0.
DEBUG: TCP connection finished cleanly.
DEBUG: Waiting for clean shutdown... done.
Error in _rt_listen

        Start 111: t_icR_16_1
109/162 Test #111: t_icR_16_1 .......................***Failed    0.13 sec
DEBUG: Listening for incoming connection... new connection from 0.0.0.0:0.
DEBUG: Waiting for clean shutdown... DEBUG: TCP connection finished cleanly.
done.
Error in _rt_listen

        Start 112: t_icR_32K_d
110/162 Test #112: t_icR_32K_d ......................***Failed    0.13 sec
DEBUG: Listening for incoming connection... new connection from 0.0.0.0:0.
DEBUG: Waiting for clean shutdown... DEBUG: TCP connection finished cleanly.
done.
Error in _rt_listen

        Start 113: t_icD_1M_32k
111/162 Test #113: t_icD_1M_32k .....................***Failed    0.15 sec
DEBUG: Listening for incoming connection... new connection from 0.0.0.0:0.
DEBUG: TCP connection finished cleanly.
Error in _rt_listen

        Start 114: t_icD_128K_8K
112/162 Test #114: t_icD_128K_8K ....................***Failed    0.13 sec
DEBUG: Listening for incoming connection... new connection from 0.0.0.0:0.
DEBUG: TCP connection finished cleanly.
DEBUG: Waiting for clean shutdown... done.
Error in _rt_listen

        Start 115: t_icD_16_1
113/162 Test #115: t_icD_16_1 .......................***Failed    0.14 sec
DEBUG: Listening for incoming connection... new connection from 0.0.0.0:0.
DEBUG: TCP connection finished cleanly.
DEBUG: Waiting for clean shutdown... done.
Error in _rt_listen

        Start 116: t_icD_32K_d
114/162 Test #116: t_icD_32K_d ......................***Failed    0.12 sec
DEBUG: Listening for incoming connection... new connection from 0.0.0.0:0.
DEBUG: Waiting for clean shutdown... DEBUG: TCP connection finished cleanly.
done.
Error in _rt_listen

        Start 117: t_isS_1M_32k
115/162 Test #117: t_isS_1M_32k .....................***Failed    0.14 sec
DEBUG: Listening for incoming connection... new connection from 0.0.0.0:0.
DEBUG: TCP connection finished cleanly.
Error in _rt_listen

        Start 118: t_isS_128K_8K
116/162 Test #118: t_isS_128K_8K ....................***Failed    0.13 sec
DEBUG: Listening for incoming connection... new connection from 0.0.0.0:0.
DEBUG: TCP connection finished cleanly.
DEBUG: Waiting for clean shutdown... done.
Error in _rt_listen

        Start 119: t_isS_16_1
117/162 Test #119: t_isS_16_1 .......................***Failed    0.13 sec
DEBUG: Listening for incoming connection... new connection from 0.0.0.0:0.
DEBUG: Waiting for clean shutdown... DEBUG: TCP connection finished cleanly.
done.
Error in _rt_listen

        Start 120: t_isS_32K_d
118/162 Test #120: t_isS_32K_d ......................***Failed    0.18 sec
DEBUG: Listening for incoming connection... new connection from 0.0.0.0:0.
DEBUG: Waiting for clean shutdown... DEBUG: TCP connection finished cleanly.
done.
Error in _rt_listen

        Start 121: t_isR_1M_32k
119/162 Test #121: t_isR_1M_32k .....................***Failed    0.14 sec
DEBUG: Listening for incoming connection... new connection from 0.0.0.0:0.
DEBUG: Waiting for clean shutdown... DEBUG: TCP connection finished cleanly.
done.
Error in _rt_listen

        Start 122: t_isR_128K_8K
120/162 Test #122: t_isR_128K_8K ....................***Failed    0.13 sec
DEBUG: Listening for incoming connection... new connection from 0.0.0.0:0.
DEBUG: Waiting for clean shutdown... DEBUG: TCP connection finished cleanly.
done.
Error in _rt_listen

        Start 123: t_isR_16_1
121/162 Test #123: t_isR_16_1 .......................***Failed    0.12 sec
DEBUG: Listening for incoming connection... new connection from 0.0.0.0:0.
DEBUG: Waiting for clean shutdown... DEBUG: TCP connection finished cleanly.
done.
Error in _rt_listen

        Start 124: t_isR_32K_d
122/162 Test #124: t_isR_32K_d ......................***Failed    0.12 sec
DEBUG: Listening for incoming connection... new connection from 0.0.0.0:0.
DEBUG: Waiting for clean shutdown... DEBUG: TCP connection finished cleanly.
done.
Error in _rt_listen

        Start 125: t_isD_1M_32k
123/162 Test #125: t_isD_1M_32k .....................***Failed    0.14 sec
DEBUG: Listening for incoming connection... new connection from 0.0.0.0:0.
DEBUG: TCP connection finished cleanly.
Error in _rt_listen

        Start 126: t_isD_128K_8K
124/162 Test #126: t_isD_128K_8K ....................***Failed    0.13 sec
DEBUG: Listening for incoming connection... new connection from 0.0.0.0:0.
DEBUG: TCP connection finished cleanly.
DEBUG: Waiting for clean shutdown... done.
Error in _rt_listen

        Start 127: t_isD_16_1
125/162 Test #127: t_isD_16_1 .......................***Failed    0.13 sec
DEBUG: Listening for incoming connection... new connection from 0.0.0.0:0.
DEBUG: Waiting for clean shutdown... DEBUG: TCP connection finished cleanly.
done.
Error in _rt_listen

        Start 128: t_isD_32K_d
126/162 Test #128: t_isD_32K_d ......................***Failed    0.13 sec
DEBUG: Listening for incoming connection... new connection from 0.0.0.0:0.
DEBUG: Waiting for clean shutdown... DEBUG: TCP connection finished cleanly.
done.
Error in _rt_listen

        Start 129: t_icS_128K_8K_l
127/162 Test #129: t_icS_128K_8K_l ..................***Failed    0.13 sec
DEBUG: Listening for incoming connection... new connection from 0.0.0.0:0.
DEBUG: Waiting for clean shutdown... DEBUG: TCP connection finished cleanly.
done.
Error in _rt_listen

        Start 130: t_icS_128K_8K_L
128/162 Test #130: t_icS_128K_8K_L ..................***Failed    0.13 sec
DEBUG: Listening for incoming connection... new connection from 0.0.0.0:0.
DEBUG: Waiting for clean shutdown... DEBUG: TCP connection finished cleanly.
done.
Error in _rt_listen

        Start 131: t_icS_128K_8K_lL
129/162 Test #131: t_icS_128K_8K_lL .................***Failed    0.13 sec
DEBUG: Listening for incoming connection... new connection from 0.0.0.0:0.
DEBUG: Waiting for clean shutdown... DEBUG: TCP connection finished cleanly.
done.
Error in _rt_listen

        Start 132: t_icR_128K_8K_l
130/162 Test #132: t_icR_128K_8K_l ..................***Failed    0.13 sec
DEBUG: Listening for incoming connection... new connection from 0.0.0.0:0.
DEBUG: TCP connection finished cleanly.
DEBUG: Waiting for clean shutdown... done.
Error in _rt_listen

        Start 133: t_icR_128K_8K_L
131/162 Test #133: t_icR_128K_8K_L ..................***Failed    0.13 sec
DEBUG: Listening for incoming connection... new connection from 0.0.0.0:0.
DEBUG: TCP connection finished cleanly.
DEBUG: Waiting for clean shutdown... done.
Error in _rt_listen

        Start 134: t_icR_128K_8K_lL
132/162 Test #134: t_icR_128K_8K_lL .................***Failed    0.13 sec
DEBUG: Listening for incoming connection... new connection from 0.0.0.0:0.
DEBUG: TCP connection finished cleanly.
DEBUG: Waiting for clean shutdown... done.
Error in _rt_listen

        Start 135: t_icD_128K_8K_l
133/162 Test #135: t_icD_128K_8K_l ..................***Failed    0.13 sec
DEBUG: Listening for incoming connection... new connection from 0.0.0.0:0.
DEBUG: TCP connection finished cleanly.
DEBUG: Waiting for clean shutdown... done.
Error in _rt_listen

        Start 136: t_icD_128K_8K_L
134/162 Test #136: t_icD_128K_8K_L ..................***Failed    0.13 sec
DEBUG: Listening for incoming connection... new connection from 0.0.0.0:0.
DEBUG: TCP connection finished cleanly.
DEBUG: Waiting for clean shutdown... done.
Error in _rt_listen

        Start 137: t_icD_128K_8K_lL
135/162 Test #137: t_icD_128K_8K_lL .................***Failed    0.14 sec
DEBUG: Listening for incoming connection... new connection from 0.0.0.0:0.
DEBUG: TCP connection finished cleanly.
DEBUG: Waiting for clean shutdown... done.
Error in _rt_listen

        Start 138: t_isS_128K_8K_l
136/162 Test #138: t_isS_128K_8K_l ..................***Failed    0.13 sec
DEBUG: Listening for incoming connection... new connection from 0.0.0.0:0.
DEBUG: TCP connection finished cleanly.
DEBUG: Waiting for clean shutdown... done.
Error in _rt_listen

        Start 139: t_isS_128K_8K_L
137/162 Test #139: t_isS_128K_8K_L ..................***Failed    0.13 sec
DEBUG: Listening for incoming connection... new connection from 0.0.0.0:0.
DEBUG: TCP connection finished cleanly.
DEBUG: Waiting for clean shutdown... done.
Error in _rt_listen

        Start 140: t_isS_128K_8K_lL
138/162 Test #140: t_isS_128K_8K_lL .................***Failed    0.13 sec
DEBUG: Listening for incoming connection... new connection from 0.0.0.0:0.
DEBUG: TCP connection finished cleanly.
DEBUG: Waiting for clean shutdown... done.
Error in _rt_listen

        Start 141: t_isR_128K_8K_l
139/162 Test #141: t_isR_128K_8K_l ..................***Failed    0.13 sec
DEBUG: Listening for incoming connection... new connection from 0.0.0.0:0.
DEBUG: Waiting for clean shutdown... DEBUG: TCP connection finished cleanly.
done.
Error in _rt_listen

        Start 142: t_isR_128K_8K_L
140/162 Test #142: t_isR_128K_8K_L ..................***Failed    0.13 sec
DEBUG: Listening for incoming connection... new connection from 0.0.0.0:0.
DEBUG: Waiting for clean shutdown... DEBUG: TCP connection finished cleanly.
done.
Error in _rt_listen

        Start 143: t_isR_128K_8K_lL
141/162 Test #143: t_isR_128K_8K_lL .................***Failed    0.13 sec
DEBUG: Listening for incoming connection... new connection from 0.0.0.0:0.
DEBUG: Waiting for clean shutdown... DEBUG: TCP connection finished cleanly.
done.
Error in _rt_listen

        Start 144: t_isD_128K_8K_l
142/162 Test #144: t_isD_128K_8K_l ..................***Failed    0.13 sec
DEBUG: Listening for incoming connection... new connection from 0.0.0.0:0.
DEBUG: TCP connection finished cleanly.
DEBUG: Waiting for clean shutdown... done.
Error in _rt_listen

        Start 145: t_isD_128K_8K_L
143/162 Test #145: t_isD_128K_8K_L ..................***Failed    0.13 sec
DEBUG: Listening for incoming connection... new connection from 0.0.0.0:0.
DEBUG: TCP connection finished cleanly.
DEBUG: Waiting for clean shutdown... done.
Error in _rt_listen

        Start 146: t_isD_128K_8K_lL
144/162 Test #146: t_isD_128K_8K_lL .................***Failed    0.13 sec
DEBUG: Listening for incoming connection... new connection from 0.0.0.0:0.
DEBUG: TCP connection finished cleanly.
DEBUG: Waiting for clean shutdown... done.
Error in _rt_listen

        Start 147: t_icnS_128K_8K_l
145/162 Test #147: t_icnS_128K_8K_l .................***Failed    0.39 sec
DEBUG: Connecting to 169.254.144.1:1078... done.
Exception in TCPConnection runner thread: TCPConnection::write() accepted less than advertised length
terminate called after throwing an instance of 'std::exception'
  what():  std::exception
/home/bc/cs144/sponge/txrx.sh: line 110: 13038 Aborted                 (core dumped) $3 $4 ${SERVER_PORT} > "$1" < "$2"
Error in _rt_connect

        Start 148: t_icnS_128K_8K_L
146/162 Test #148: t_icnS_128K_8K_L .................***Failed    0.32 sec
DEBUG: Connecting to 169.254.144.1:26778... done.
Exception in TCPConnection runner thread: TCPConnection::write() accepted less than advertised length
terminate called after throwing an instance of 'std::exception'
  what():  std::exception
/home/bc/cs144/sponge/txrx.sh: line 110: 13058 Aborted                 (core dumped) $3 $4 ${SERVER_PORT} > "$1" < "$2"
Error in _rt_connect

        Start 149: t_icnS_128K_8K_lL
147/162 Test #149: t_icnS_128K_8K_lL ................***Failed    1.43 sec
DEBUG: Connecting to 169.254.144.1:18157... done.
Exception in TCPConnection runner thread: TCPConnection::write() accepted less than advertised length
terminate called after throwing an instance of 'std::exception'
  what():  std::exception
/home/bc/cs144/sponge/txrx.sh: line 110: 13078 Aborted                 (core dumped) $3 $4 ${SERVER_PORT} > "$1" < "$2"
Error in _rt_connect

        Start 150: t_icnR_128K_8K_l
148/162 Test #150: t_icnR_128K_8K_l .................***Timeout  10.02 sec
DEBUG: Connecting to 169.254.144.1:21434... done.
DEBUG: Outbound stream to 169.254.144.1:21434 finished (0 bytes still in flight).
DEBUG: Outbound stream to 169.254.144.1:21434 has been fully acknowledged.

        Start 151: t_icnR_128K_8K_L
149/162 Test #151: t_icnR_128K_8K_L .................***Timeout  10.02 sec
DEBUG: Connecting to 169.254.144.1:33493... done.
DEBUG: Outbound stream to 169.254.144.1:33493 finished (0 bytes still in flight).
DEBUG: Outbound stream to 169.254.144.1:33493 has been fully acknowledged.

        Start 152: t_icnR_128K_8K_lL
150/162 Test #152: t_icnR_128K_8K_lL ................***Timeout  10.02 sec
DEBUG: Connecting to 169.254.144.1:29708... done.
DEBUG: Outbound stream to 169.254.144.1:29708 finished (0 bytes still in flight).
DEBUG: Outbound stream to 169.254.144.1:29708 has been fully acknowledged.

        Start 153: t_icnD_128K_8K_l
151/162 Test #153: t_icnD_128K_8K_l .................***Failed    0.43 sec
DEBUG: Connecting to 169.254.144.1:30282... done.
Exception in TCPConnection runner thread: TCPConnection::write() accepted less than advertised length
terminate called after throwing an instance of 'std::exception'
  what():  std::exception
/home/bc/cs144/sponge/txrx.sh: line 110: 13229 Aborted                 (core dumped) $3 $4 ${SERVER_PORT} > "$1" < "$2"
Error in _rt_connect

        Start 154: t_icnD_128K_8K_L
152/162 Test #154: t_icnD_128K_8K_L .................***Failed    0.34 sec
DEBUG: Connecting to 169.254.144.1:32688... done.
Exception in TCPConnection runner thread: TCPConnection::write() accepted less than advertised length
terminate called after throwing an instance of 'std::exception'
  what():  std::exception
/home/bc/cs144/sponge/txrx.sh: line 110: 13258 Aborted                 (core dumped) $3 $4 ${SERVER_PORT} > "$1" < "$2"
Error in _rt_connect

        Start 155: t_icnD_128K_8K_lL
153/162 Test #155: t_icnD_128K_8K_lL ................***Failed    0.33 sec
DEBUG: Connecting to 169.254.144.1:28763... done.
Exception in TCPConnection runner thread: TCPConnection::write() accepted less than advertised length
terminate called after throwing an instance of 'std::exception'
  what():  std::exception
/home/bc/cs144/sponge/txrx.sh: line 110: 13279 Aborted                 (core dumped) $3 $4 ${SERVER_PORT} > "$1" < "$2"
Error in _rt_connect

        Start 156: t_isnS_128K_8K_l
154/162 Test #156: t_isnS_128K_8K_l .................***Failed    0.13 sec
DEBUG: Listening for incoming connection... new connection from 0.0.0.0:0.
DEBUG: TCP connection finished cleanly.
DEBUG: Waiting for clean shutdown... done.
Error in _rt_listen

        Start 157: t_isnS_128K_8K_L
155/162 Test #157: t_isnS_128K_8K_L .................***Failed    0.13 sec
DEBUG: Listening for incoming connection... new connection from 0.0.0.0:0.
DEBUG: TCP connection finished cleanly.
DEBUG: Waiting for clean shutdown... done.
Error in _rt_listen

        Start 158: t_isnS_128K_8K_lL
156/162 Test #158: t_isnS_128K_8K_lL ................***Failed    0.13 sec
DEBUG: Listening for incoming connection... new connection from 0.0.0.0:0.
DEBUG: TCP connection finished cleanly.
DEBUG: Waiting for clean shutdown... done.
Error in _rt_listen

        Start 159: t_isnR_128K_8K_l
157/162 Test #159: t_isnR_128K_8K_l .................***Failed    0.13 sec
DEBUG: Listening for incoming connection... new connection from 0.0.0.0:0.
DEBUG: Waiting for clean shutdown... DEBUG: TCP connection finished cleanly.
done.
Error in _rt_listen

        Start 160: t_isnR_128K_8K_L
158/162 Test #160: t_isnR_128K_8K_L .................***Failed    0.13 sec
DEBUG: Listening for incoming connection... new connection from 0.0.0.0:0.
DEBUG: Waiting for clean shutdown... DEBUG: TCP connection finished cleanly.
done.
Error in _rt_listen

        Start 161: t_isnR_128K_8K_lL
159/162 Test #161: t_isnR_128K_8K_lL ................***Failed    0.13 sec
DEBUG: Listening for incoming connection... new connection from 0.0.0.0:0.
DEBUG: Waiting for clean shutdown... DEBUG: TCP connection finished cleanly.
done.
Error in _rt_listen

        Start 162: t_isnD_128K_8K_l
160/162 Test #162: t_isnD_128K_8K_l .................***Failed    0.13 sec
DEBUG: Listening for incoming connection... new connection from 0.0.0.0:0.
DEBUG: TCP connection finished cleanly.
DEBUG: Waiting for clean shutdown... done.
Error in _rt_listen

        Start 163: t_isnD_128K_8K_L
161/162 Test #163: t_isnD_128K_8K_L .................***Failed    0.14 sec
DEBUG: Listening for incoming connection... new connection from 0.0.0.0:0.
DEBUG: TCP connection finished cleanly.
DEBUG: Waiting for clean shutdown... done.
Error in _rt_listen

        Start 164: t_isnD_128K_8K_lL
162/162 Test #164: t_isnD_128K_8K_lL ................***Failed    0.13 sec
DEBUG: Listening for incoming connection... new connection from 0.0.0.0:0.
DEBUG: TCP connection finished cleanly.
DEBUG: Waiting for clean shutdown... done.
Error in _rt_listen


22% tests passed, 127 tests failed out of 162

Total Test time (real) =  50.95 sec

The following tests FAILED:
	 24 - t_strm_reassem_win (Failed)
	 36 - t_active_close (Failed)
	 37 - t_passive_close (Failed)
	 38 - t_ack_rst (Failed)
	 39 - t_ack_rst_win (Failed)
	 40 - t_connect (Failed)
	 41 - t_listen (Failed)
	 42 - t_winsize (Failed)
	 43 - t_retx (Failed)
	 44 - t_retx_win (Failed)
	 45 - t_loopback (Failed)
	 46 - t_loopback_win (Failed)
	 47 - t_reorder (Failed)
	 51 - t_udp_client_send (Failed)
	 52 - t_udp_server_send (Failed)
	 53 - t_udp_client_recv (Failed)
	 54 - t_udp_server_recv (Failed)
	 55 - t_udp_client_dupl (Failed)
	 56 - t_udp_server_dupl (Failed)
	 57 - t_ucS_1M_32k (Failed)
	 58 - t_ucS_128K_8K (Failed)
	 59 - t_ucS_16_1 (Failed)
	 60 - t_ucS_32K_d (Failed)
	 61 - t_ucR_1M_32k (Failed)
	 62 - t_ucR_128K_8K (Failed)
	 63 - t_ucR_16_1 (Failed)
	 64 - t_ucR_32K_d (Failed)
	 65 - t_ucD_1M_32k (Failed)
	 66 - t_ucD_128K_8K (Failed)
	 67 - t_ucD_16_1 (Failed)
	 68 - t_ucD_32K_d (Failed)
	 69 - t_usS_1M_32k (Failed)
	 70 - t_usS_128K_8K (Failed)
	 71 - t_usS_16_1 (Failed)
	 72 - t_usS_32K_d (Failed)
	 73 - t_usR_1M_32k (Failed)
	 74 - t_usR_128K_8K (Failed)
	 75 - t_usR_16_1 (Failed)
	 76 - t_usR_32K_d (Failed)
	 77 - t_usD_1M_32k (Failed)
	 78 - t_usD_128K_8K (Failed)
	 79 - t_usD_16_1 (Failed)
	 80 - t_usD_32K_d (Failed)
	 81 - t_ucS_128K_8K_l (Failed)
	 82 - t_ucS_128K_8K_L (Failed)
	 83 - t_ucS_128K_8K_lL (Failed)
	 84 - t_ucR_128K_8K_l (Failed)
	 85 - t_ucR_128K_8K_L (Failed)
	 86 - t_ucR_128K_8K_lL (Failed)
	 87 - t_ucD_128K_8K_l (Failed)
	 88 - t_ucD_128K_8K_L (Failed)
	 89 - t_ucD_128K_8K_lL (Failed)
	 90 - t_usS_128K_8K_l (Failed)
	 91 - t_usS_128K_8K_L (Failed)
	 92 - t_usS_128K_8K_lL (Failed)
	 93 - t_usR_128K_8K_l (Failed)
	 94 - t_usR_128K_8K_L (Failed)
	 95 - t_usR_128K_8K_lL (Failed)
	 96 - t_usD_128K_8K_l (Failed)
	 97 - t_usD_128K_8K_L (Failed)
	 98 - t_usD_128K_8K_lL (Failed)
	 99 - t_ipv4_client_send (Failed)
	100 - t_ipv4_server_send (Failed)
	101 - t_ipv4_client_recv (Failed)
	102 - t_ipv4_server_recv (Failed)
	103 - t_ipv4_client_dupl (Failed)
	104 - t_ipv4_server_dupl (Failed)
	105 - t_icS_1M_32k (Failed)
	106 - t_icS_128K_8K (Failed)
	107 - t_icS_16_1 (Failed)
	108 - t_icS_32K_d (Failed)
	109 - t_icR_1M_32k (Failed)
	110 - t_icR_128K_8K (Failed)
	111 - t_icR_16_1 (Failed)
	112 - t_icR_32K_d (Failed)
	113 - t_icD_1M_32k (Failed)
	114 - t_icD_128K_8K (Failed)
	115 - t_icD_16_1 (Failed)
	116 - t_icD_32K_d (Failed)
	117 - t_isS_1M_32k (Failed)
	118 - t_isS_128K_8K (Failed)
	119 - t_isS_16_1 (Failed)
	120 - t_isS_32K_d (Failed)
	121 - t_isR_1M_32k (Failed)
	122 - t_isR_128K_8K (Failed)
	123 - t_isR_16_1 (Failed)
	124 - t_isR_32K_d (Failed)
	125 - t_isD_1M_32k (Failed)
	126 - t_isD_128K_8K (Failed)
	127 - t_isD_16_1 (Failed)
	128 - t_isD_32K_d (Failed)
	129 - t_icS_128K_8K_l (Failed)
	130 - t_icS_128K_8K_L (Failed)
	131 - t_icS_128K_8K_lL (Failed)
	132 - t_icR_128K_8K_l (Failed)
	133 - t_icR_128K_8K_L (Failed)
	134 - t_icR_128K_8K_lL (Failed)
	135 - t_icD_128K_8K_l (Failed)
	136 - t_icD_128K_8K_L (Failed)
	137 - t_icD_128K_8K_lL (Failed)
	138 - t_isS_128K_8K_l (Failed)
	139 - t_isS_128K_8K_L (Failed)
	140 - t_isS_128K_8K_lL (Failed)
	141 - t_isR_128K_8K_l (Failed)
	142 - t_isR_128K_8K_L (Failed)
	143 - t_isR_128K_8K_lL (Failed)
	144 - t_isD_128K_8K_l (Failed)
	145 - t_isD_128K_8K_L (Failed)
	146 - t_isD_128K_8K_lL (Failed)
	147 - t_icnS_128K_8K_l (Failed)
	148 - t_icnS_128K_8K_L (Failed)
	149 - t_icnS_128K_8K_lL (Failed)
	150 - t_icnR_128K_8K_l (Timeout)
	151 - t_icnR_128K_8K_L (Timeout)
	152 - t_icnR_128K_8K_lL (Timeout)
	153 - t_icnD_128K_8K_l (Failed)
	154 - t_icnD_128K_8K_L (Failed)
	155 - t_icnD_128K_8K_lL (Failed)
	156 - t_isnS_128K_8K_l (Failed)
	157 - t_isnS_128K_8K_L (Failed)
	158 - t_isnS_128K_8K_lL (Failed)
	159 - t_isnR_128K_8K_l (Failed)
	160 - t_isnR_128K_8K_L (Failed)
	161 - t_isnR_128K_8K_lL (Failed)
	162 - t_isnD_128K_8K_l (Failed)
	163 - t_isnD_128K_8K_L (Failed)
	164 - t_isnD_128K_8K_lL (Failed)
Errors while running CTest
CMakeFiles/check_lab4.dir/build.make:57: recipe for target 'CMakeFiles/check_lab4' failed
make[3]: *** [CMakeFiles/check_lab4] Error 8
CMakeFiles/Makefile2:227: recipe for target 'CMakeFiles/check_lab4.dir/all' failed
make[2]: *** [CMakeFiles/check_lab4.dir/all] Error 2
CMakeFiles/Makefile2:234: recipe for target 'CMakeFiles/check_lab4.dir/rule' failed
make[1]: *** [CMakeFiles/check_lab4.dir/rule] Error 2
Makefile:194: recipe for target 'check_lab4' failed
make: *** [check_lab4] Error 2
