[100%] Testing the TCP connection...
Test project /home/bc/cs144/sponge/build
        Start   1: t_wrapping_ints_cmp
  1/162 Test   #1: t_wrapping_ints_cmp ..............   Passed    0.00 sec
        Start   2: t_wrapping_ints_unwrap
  2/162 Test   #2: t_wrapping_ints_unwrap ...........   Passed    0.01 sec
        Start   3: t_wrapping_ints_wrap
  3/162 Test   #3: t_wrapping_ints_wrap .............   Passed    0.01 sec
        Start   4: t_wrapping_ints_roundtrip
  4/162 Test   #4: t_wrapping_ints_roundtrip ........   Passed    0.23 sec
        Start   5: t_recv_connect
  5/162 Test   #5: t_recv_connect ...................   Passed    0.01 sec
        Start   6: t_recv_transmit
  6/162 Test   #6: t_recv_transmit ..................   Passed    0.07 sec
        Start   7: t_recv_window
  7/162 Test   #7: t_recv_window ....................   Passed    0.01 sec
        Start   8: t_recv_reorder
  8/162 Test   #8: t_recv_reorder ...................   Passed    0.01 sec
        Start   9: t_recv_close
  9/162 Test   #9: t_recv_close .....................   Passed    0.01 sec
        Start  10: t_recv_special
 10/162 Test  #10: t_recv_special ...................   Passed    0.01 sec
        Start  11: t_send_connect
 11/162 Test  #11: t_send_connect ...................   Passed    0.01 sec
        Start  12: t_send_transmit
 12/162 Test  #12: t_send_transmit ..................   Passed    0.06 sec
        Start  13: t_send_retx
 13/162 Test  #13: t_send_retx ......................   Passed    0.01 sec
        Start  14: t_send_window
 14/162 Test  #14: t_send_window ....................   Passed    0.05 sec
        Start  15: t_send_ack
 15/162 Test  #15: t_send_ack .......................   Passed    0.01 sec
        Start  16: t_send_close
 16/162 Test  #16: t_send_close .....................   Passed    0.01 sec
        Start  17: t_send_extra
 17/162 Test  #17: t_send_extra .....................   Passed    0.01 sec
        Start  18: t_strm_reassem_single
 18/162 Test  #18: t_strm_reassem_single ............   Passed    0.01 sec
        Start  19: t_strm_reassem_seq
 19/162 Test  #19: t_strm_reassem_seq ...............   Passed    0.02 sec
        Start  20: t_strm_reassem_dup
 20/162 Test  #20: t_strm_reassem_dup ...............   Passed    0.04 sec
        Start  21: t_strm_reassem_holes
 21/162 Test  #21: t_strm_reassem_holes .............   Passed    0.01 sec
        Start  22: t_strm_reassem_many
 22/162 Test  #22: t_strm_reassem_many ..............   Passed    0.20 sec
        Start  23: t_strm_reassem_overlapping
 23/162 Test  #23: t_strm_reassem_overlapping .......   Passed    0.01 sec
        Start  24: t_strm_reassem_win
 24/162 Test  #24: t_strm_reassem_win ...............   Passed    0.22 sec
        Start  25: t_strm_reassem_cap
 25/162 Test  #25: t_strm_reassem_cap ...............   Passed    0.12 sec
        Start  26: t_byte_stream_construction
 26/162 Test  #26: t_byte_stream_construction .......   Passed    0.01 sec
        Start  27: t_byte_stream_one_write
 27/162 Test  #27: t_byte_stream_one_write ..........   Passed    0.01 sec
        Start  28: t_byte_stream_two_writes
 28/162 Test  #28: t_byte_stream_two_writes .........   Passed    0.01 sec
        Start  29: t_byte_stream_capacity
 29/162 Test  #29: t_byte_stream_capacity ...........   Passed    0.57 sec
        Start  30: t_byte_stream_many_writes
 30/162 Test  #30: t_byte_stream_many_writes ........   Passed    0.01 sec
        Start  31: t_webget
 31/162 Test  #31: t_webget .........................   Passed    1.05 sec
        Start  34: t_tcp_parser
 32/162 Test  #34: t_tcp_parser .....................   Passed    0.02 sec
        Start  35: t_ipv4_parser
 33/162 Test  #35: t_ipv4_parser ....................   Passed    0.02 sec
        Start  36: t_active_close
 34/162 Test  #36: t_active_close ...................***Failed    0.02 sec
Test Failure on expectation:
	Expectation: exactly one segment sent with (A=1,R=0,S=0,F=1,ackno=1,seqno=1,)

Failure message:
	The TCP should have produced a segment that existed, but it did not

List of steps that executed successfully:
	Action:      connect
	Expectation: exactly one segment sent with (A=0,R=0,S=1,F=0,seqno=0,payload_size=0,)
	Action:      packet arrives: Header(flags=SA,seqno=0,ack=1,win=137) with no payload
	Expectation: exactly one segment sent with (A=1,R=0,S=0,F=0,ackno=1,payload_size=0,)
	Action:      close

Warning: Unclean shutdown of TCPConnection
The TCP should have produced a segment that existed, but it did not

        Start  37: t_passive_close
 35/162 Test  #37: t_passive_close ..................***Failed    0.01 sec
Test Failure on expectation:
	Expectation: exactly one segment sent with (A=1,R=0,S=0,F=0,ackno=2,)

Failure message:
	The TCP should have produced a segment that existed, but it did not

List of steps that executed successfully:
	Action:      connect
	Expectation: exactly one segment sent with (A=0,R=0,S=1,F=0,seqno=0,payload_size=0,)
	Action:      packet arrives: Header(flags=SA,seqno=0,ack=1,win=137) with no payload
	Expectation: exactly one segment sent with (A=1,R=0,S=0,F=0,ackno=1,payload_size=0,)
	Action:      packet arrives: Header(flags=AF,seqno=1,ack=1,win=137) with no payload

Warning: Unclean shutdown of TCPConnection
The TCP should have produced a segment that existed, but it did not

        Start  38: t_ack_rst
 36/162 Test  #38: t_ack_rst ........................***Failed    0.02 sec
Test 1
Test Failure on expectation:
	Expectation: exactly one segment sent with (A=1,ackno=2147483648,)

Failure message:
	The TCP should have produced a segment that existed, but it did not

List of steps that executed successfully:
	Action:      connect
	Expectation: exactly one segment sent with (A=0,R=0,S=1,F=0,seqno=2147483647,payload_size=0,)
	Action:      packet arrives: Header(flags=SA,seqno=2147483647,ack=2147483648,win=137) with no payload
	Expectation: exactly one segment sent with (A=1,R=0,S=0,F=0,ackno=2147483648,payload_size=0,)
	Action:      packet arrives: Header(flags=A,seqno=2147483648,ack=2147483648,win=137) with no payload
	Expectation: no (more) segments sent
	Action:      packet arrives: Header(flags=A,seqno=2147483648,ack=2147483647,win=137) with no payload
	Expectation: no (more) segments sent
	Action:      packet arrives: Header(flags=A,seqno=2147483647,ack=2147483648,win=137) with 1 data bytes "<1>"
	Expectation: TCP has 0 unassembled bytes

Note:
	test 1 failed: bad ACK

Warning: Unclean shutdown of TCPConnection
The TCP should have produced a segment that existed, but it did not

        Start  39: t_ack_rst_win
 37/162 Test  #39: t_ack_rst_win ....................***Failed    0.02 sec
Test Failure on expectation:
	Expectation: exactly one segment sent with (ackno=2147483648,)

Failure message:
	The TCP should have produced a segment that existed, but it did not

List of steps that executed successfully:
	Action:      connect
	Expectation: exactly one segment sent with (A=0,R=0,S=1,F=0,seqno=2147483647,payload_size=0,)
	Action:      packet arrives: Header(flags=SA,seqno=2147483647,ack=2147483648,win=137) with no payload
	Expectation: exactly one segment sent with (A=1,R=0,S=0,F=0,ackno=2147483648,payload_size=0,)
	Action:      packet arrives: Header(flags=A,seqno=2147483648,ack=2147483648,win=137) with no payload
	Expectation: no (more) segments sent
	Action:      packet arrives: Header(flags=A,seqno=2147483648,ack=2147483647,win=137) with no payload
	Expectation: no (more) segments sent
	Action:      packet arrives: Header(flags=A,seqno=2147483647,ack=2147483648,win=137) with 1 data bytes "<1>"
	Expectation: TCP has 0 unassembled bytes

Note:
	test 1 failed: no ack on early seqno

Warning: Unclean shutdown of TCPConnection
The TCP should have produced a segment that existed, but it did not

        Start  40: t_connect
 38/162 Test  #40: t_connect ........................***Failed    0.03 sec
Warning: Unclean shutdown of TCPConnection
Test Failure on expectation:
	exactly one segment sent with (A=1,S=0,ackno=2232416763,)
Failure message:
	The TCP produced a segment with `syn = 1`, but syn was expected to be `0`

List of steps that executed successfully:
	Action:      connect
	Action:      1ms pass
	Expectation: exactly one segment sent with (A=0,S=1,)
	Expectation: TCP in state sender=`stream started but nothing acknowledged`, receiver=`waiting for SYN: ackno is empty`, active=1, linger_after_streams_finish=1
	Action:      packet arrives: Header(flags=S,seqno=2232416762,ack=0,win=137) with no payload
	Action:      1ms pass

Note:
	test 2 failed: bad ACK for SYN

Warning: Unclean shutdown of TCPConnection
The TCP produced a segment with `syn = 1`, but syn was expected to be `0`

        Start  41: t_listen
 39/162 Test  #41: t_listen .........................   Passed    0.01 sec
        Start  42: t_winsize
 40/162 Test  #42: t_winsize ........................***Failed    0.01 sec
Test Failure on expectation:
	Action:      write (55128 bytes with 55128 accepted) [5c, 8d, 30, 64, 79, 82, 96, 51, 76, a3, e8, 48, dc, 3e, 45, f9, ...]

Failure message:
	55128 bytes should have been written but 0 were

List of steps that executed successfully:
	Action:      listen
	Action:      packet arrives: Header(flags=S,seqno=2109830932,ack=0,win=137) with no payload
	Expectation: exactly one segment sent with (A=1,ackno=2109830933,win=21524,)
	Action:      packet arrives: Header(flags=A,seqno=2109830933,ack=4284804655,win=13782) with no payload
	Expectation: no (more) segments sent
	Expectation: TCP in state sender=`stream ongoing`, receiver=`SYN received (ackno exists), and input to stream hasn't ended`, active=1, linger_after_streams_finish=1

Warning: Unclean shutdown of TCPConnection
55128 bytes should have been written but 0 were

        Start  43: t_retx
 41/162 Test  #43: t_retx ...........................***Failed    0.02 sec
  check_segment
Test Failure on expectation:
	Expectation: segment sent with (A=1,payload_size=4,data="asdf",)

Failure message:
	The TCP should have produced a segment that existed, but it did not

List of steps that executed successfully:
	Action:      connect
	Expectation: exactly one segment sent with (A=0,R=0,S=1,F=0,seqno=4265761646,payload_size=0,)
	Action:      packet arrives: Header(flags=SA,seqno=4265761646,ack=4265761647,win=137) with no payload
	Expectation: exactly one segment sent with (A=1,R=0,S=0,F=0,ackno=4265761647,payload_size=0,)
	Action:      write (4 bytes) [61, 73, 64, 66]
	Action:      1ms pass

Warning: Unclean shutdown of TCPConnection
The TCP should have produced a segment that existed, but it did not (in check_segment called from line 36)

        Start  44: t_retx_win
 42/162 Test  #44: t_retx_win .......................***Failed    0.01 sec
Test Failure on expectation:
	Expectation: segment sent

Failure message:
	The TCP should have produces a segment, but did not

List of steps that executed successfully:
	Action:      connect
	Expectation: exactly one segment sent with (A=0,R=0,S=1,F=0,seqno=3836282683,payload_size=0,)
	Action:      packet arrives: Header(flags=SA,seqno=3836282683,ack=3836282684,win=137) with no payload
	Expectation: exactly one segment sent with (A=1,R=0,S=0,F=0,ackno=3836282684,payload_size=0,)
	Action:      write (4 bytes) [61, 73, 64, 66]
	Action:      1ms pass
	Action:      20ms pass
	Action:      write (4 bytes) [71, 77, 65, 72]
	Action:      1ms pass

Note:
	test 2 failed: cannot read after write()s

Warning: Unclean shutdown of TCPConnection
The TCP should have produces a segment, but did not

        Start  45: t_loopback
 43/162 Test  #45: t_loopback .......................***Failed    0.02 sec
Test Failure on expectation:
	Expectation: TCP has 4777 bytes in flight

Failure message:
	The TCP has `bytes_in_flight = 0`, but bytes_in_flight was expected to be `4777`

List of steps that executed successfully:
	Action:      connect
	Expectation: exactly one segment sent with (A=0,R=0,S=1,F=0,seqno=3260702161,payload_size=0,)
	Action:      packet arrives: Header(flags=SA,seqno=3260702161,ack=3260702162,win=137) with no payload
	Expectation: exactly one segment sent with (A=1,R=0,S=0,F=0,ackno=3260702162,payload_size=0,)
	Action:      packet arrives: Header(flags=A,seqno=3260702162,ack=3260702162,win=65000) with no payload
	Action:      write (4777 bytes) [3e, 1, 3c, 63, a8, 9b, 38, de, 5b, ec, b6, 36, b2, 28, 46, 70, ...]
	Action:      1ms pass

Warning: Unclean shutdown of TCPConnection
The TCP has `bytes_in_flight = 0`, but bytes_in_flight was expected to be `4777`

        Start  46: t_loopback_win
 44/162 Test  #46: t_loopback_win ...................***Failed    0.02 sec
Test Failure on expectation:
	Expectation: segment sent

Failure message:
	The TCP should have produces a segment, but did not

List of steps that executed successfully:
	Action:      connect
	Expectation: exactly one segment sent with (A=0,R=0,S=1,F=0,seqno=278467915,payload_size=0,)
	Action:      packet arrives: Header(flags=SA,seqno=278467915,ack=278467916,win=137) with no payload
	Expectation: exactly one segment sent with (A=1,R=0,S=0,F=0,ackno=278467916,payload_size=0,)
	Action:      packet arrives: Header(flags=A,seqno=278467916,ack=278467916,win=65000) with no payload
	Action:      write (567 bytes) [a, dd, 78, 57, 12, 49, 12, 93, 43, 97, d5, 99, de, 95, c2, c3, ...]
	Action:      1ms pass

Note:
	test 2 failed: cannot read after write()

Warning: Unclean shutdown of TCPConnection
The TCP should have produces a segment, but did not

        Start  47: t_reorder
 45/162 Test  #47: t_reorder ........................***Failed    0.01 sec
Test Failure on expectation:
	segment sent with (A=1,)
Failure message:
	The TCP should have produced a segment that existed, but it did not

List of steps that executed successfully:
	Action:      connect
	Expectation: exactly one segment sent with (A=0,R=0,S=1,F=0,seqno=464751726,payload_size=0,)
	Action:      packet arrives: Header(flags=SA,seqno=3188207978,ack=464751727,win=137) with no payload
	Expectation: exactly one segment sent with (A=1,R=0,S=0,F=0,ackno=3188207979,payload_size=0,)
	Action:      packet arrives: Header(flags=A,seqno=3188265966,ack=464751727,win=137) with 761 data bytes "<8><205><129>;|{<198><180><228><10><171>i<22>3G<181>..."

Note:
	test 1 failed: no ACK for datagram

Warning: Unclean shutdown of TCPConnection
The TCP should have produced a segment that existed, but it did not

        Start  48: t_address_dt
 46/162 Test  #48: t_address_dt .....................   Passed    0.02 sec
        Start  49: t_parser_dt
 47/162 Test  #49: t_parser_dt ......................   Passed    0.01 sec
        Start  50: t_socket_dt
 48/162 Test  #50: t_socket_dt ......................   Passed    0.01 sec
        Start  51: t_udp_client_send
 49/162 Test  #51: t_udp_client_send ................***Failed    0.30 sec
DEBUG: Listening for incoming connection... DEBUG: Connecting to 169.254.144.1:1471... done.
Exception in TCPConnection runner thread: TCPConnection::write() accepted less than advertised length
terminate called after throwing an instance of 'std::exception'
  what():  std::exception
/home/bc/cs144/sponge/txrx.sh: line 110:  1973 Aborted                 (core dumped) $3 $4 ${SERVER_PORT} > "$1" < "$2"
Error in _rt_connect

        Start  52: t_udp_server_send
 50/162 Test  #52: t_udp_server_send ................***Timeout  10.00 sec
DEBUG: Listening for incoming connection... DEBUG: Connecting to 169.254.144.1:26847... done.
DEBUG: Outbound stream to 169.254.144.1:26847 finished (0 bytes still in flight).
new connection from 169.254.144.1:37296.
Exception in TCPConnection runner thread: TCPConnection::write() accepted less than advertised length
terminate called after throwing an instance of 'std::exception'
  what():  std::exception

        Start  53: t_udp_client_recv
 51/162 Test  #53: t_udp_client_recv ................***Timeout  10.00 sec
DEBUG: Listening for incoming connection... DEBUG: Connecting to 169.254.144.1:28234... done.
DEBUG: Outbound stream to 169.254.144.1:28234 finished (0 bytes still in flight).
new connection from 169.254.144.1:33956.
Exception in TCPConnection runner thread: TCPConnection::write() accepted less than advertised length
terminate called after throwing an instance of 'std::exception'
  what():  std::exception

        Start  54: t_udp_server_recv
 52/162 Test  #54: t_udp_server_recv ................***Failed    0.30 sec
DEBUG: Listening for incoming connection... DEBUG: Connecting to 169.254.144.1:16953... done.
Exception in TCPConnection runner thread: TCPConnection::write() accepted less than advertised length
terminate called after throwing an instance of 'std::exception'
  what():  std::exception
/home/bc/cs144/sponge/txrx.sh: line 110:  2052 Aborted                 (core dumped) $3 $4 ${SERVER_PORT} > "$1" < "$2"
Error in _rt_connect

        Start  55: t_udp_client_dupl
 53/162 Test  #55: t_udp_client_dupl ................***Failed    0.30 sec
DEBUG: Listening for incoming connection... DEBUG: Connecting to 169.254.144.1:9629... done.
Exception in TCPConnection runner thread: TCPConnection::write() accepted less than advertised length
terminate called after throwing an instance of 'std::exception'
  what():  std::exception
/home/bc/cs144/sponge/txrx.sh: line 110:  2071 Aborted                 (core dumped) $3 $4 ${SERVER_PORT} > "$1" < "$2"
Error in _rt_connect

        Start  56: t_udp_server_dupl
 54/162 Test  #56: t_udp_server_dupl ................***Failed    0.29 sec
DEBUG: Listening for incoming connection... DEBUG: Connecting to 169.254.144.1:22380... done.
Exception in TCPConnection runner thread: TCPConnection::write() accepted less than advertised length
terminate called after throwing an instance of 'std::exception'
  what():  std::exception
/home/bc/cs144/sponge/txrx.sh: line 110:  2090 Aborted                 (core dumped) $3 $4 ${SERVER_PORT} > "$1" < "$2"
Error in _rt_connect

        Start  57: t_ucS_1M_32k
 55/162 Test  #57: t_ucS_1M_32k .....................***Failed    0.32 sec
DEBUG: Listening for incoming connection... DEBUG: Connecting to 169.254.144.1:29816... done.
new connection from 169.254.144.1:33156.
Exception in TCPConnection runner thread: TCPConnection::write() accepted less than advertised length
terminate called after throwing an instance of 'std::exception'
  what():  std::exception
DEBUG: Outbound stream to 169.254.144.1:33156 finished (0 bytes still in flight).
/home/bc/cs144/sponge/txrx.sh: line 110:  2110 Aborted                 (core dumped) $3 $4 ${SERVER_PORT} > "$1" < "$2"
Error in _rt_connect

        Start  58: t_ucS_128K_8K
 56/162 Test  #58: t_ucS_128K_8K ....................***Failed    0.31 sec
DEBUG: Listening for incoming connection... DEBUG: Connecting to 169.254.144.1:16530... done.
Exception in TCPConnection runner thread: TCPConnection::write() accepted less than advertised length
terminate called after throwing an instance of 'std::exception'
  what():  std::exception
/home/bc/cs144/sponge/txrx.sh: line 110:  2131 Aborted                 (core dumped) $3 $4 ${SERVER_PORT} > "$1" < "$2"
Error in _rt_connect

        Start  59: t_ucS_16_1
 57/162 Test  #59: t_ucS_16_1 .......................***Failed    0.33 sec
DEBUG: Listening for incoming connection... DEBUG: Connecting to 169.254.144.1:33506... done.
Exception in TCPConnection runner thread: TCPConnection::write() accepted less than advertised length
terminate called after throwing an instance of 'std::exception'
  what():  std::exception
/home/bc/cs144/sponge/txrx.sh: line 110:  2151 Aborted                 (core dumped) $3 $4 ${SERVER_PORT} > "$1" < "$2"
Error in _rt_connect

        Start  60: t_ucS_32K_d
 58/162 Test  #60: t_ucS_32K_d ......................***Failed    0.32 sec
DEBUG: Listening for incoming connection... DEBUG: Connecting to 169.254.144.1:20081... done.
Exception in TCPConnection runner thread: TCPConnection::write() accepted less than advertised length
terminate called after throwing an instance of 'std::exception'
  what():  std::exception
/home/bc/cs144/sponge/txrx.sh: line 110:  2169 Aborted                 (core dumped) $3 $4 ${SERVER_PORT} > "$1" < "$2"
Error in _rt_connect

        Start  61: t_ucR_1M_32k
 59/162 Test  #61: t_ucR_1M_32k .....................***Timeout  10.00 sec
DEBUG: Listening for incoming connection... DEBUG: Connecting to 169.254.144.1:32253... done.
DEBUG: Outbound stream to 169.254.144.1:32253 finished (0 bytes still in flight).
new connection from 169.254.144.1:56342.
Exception in TCPConnection runner thread: TCPConnection::write() accepted less than advertised length
terminate called after throwing an instance of 'std::exception'
  what():  std::exception

        Start  62: t_ucR_128K_8K
 60/162 Test  #62: t_ucR_128K_8K ....................***Timeout  10.00 sec
DEBUG: Listening for incoming connection... DEBUG: Connecting to 169.254.144.1:25635... done.
DEBUG: Outbound stream to 169.254.144.1:25635 finished (0 bytes still in flight).
new connection from 169.254.144.1:49604.
Exception in TCPConnection runner thread: TCPConnection::write() accepted less than advertised length
terminate called after throwing an instance of 'std::exception'
  what():  std::exception

        Start  63: t_ucR_16_1
 61/162 Test  #63: t_ucR_16_1 .......................***Timeout  10.01 sec
DEBUG: Listening for incoming connection... DEBUG: Connecting to 169.254.144.1:16298... done.
DEBUG: Outbound stream to 169.254.144.1:16298 finished (0 bytes still in flight).
new connection from 169.254.144.1:46879.
Exception in TCPConnection runner thread: TCPConnection::write() accepted less than advertised length
terminate called after throwing an instance of 'std::exception'
  what():  std::exception

        Start  64: t_ucR_32K_d
 62/162 Test  #64: t_ucR_32K_d ......................***Timeout  10.01 sec
DEBUG: Listening for incoming connection... DEBUG: Connecting to 169.254.144.1:26058... done.
DEBUG: Outbound stream to 169.254.144.1:26058 finished (0 bytes still in flight).
new connection from 169.254.144.1:55398.
Exception in TCPConnection runner thread: TCPConnection::write() accepted less than advertised length
terminate called after throwing an instance of 'std::exception'
  what():  std::exception

        Start  65: t_ucD_1M_32k
 63/162 Test  #65: t_ucD_1M_32k .....................***Failed    0.53 sec
DEBUG: Listening for incoming connection... DEBUG: Connecting to 169.254.144.1:9887... done.
new connection from 169.254.144.1:60558.
Exception in TCPConnection runner thread: TCPConnection::write() accepted less than advertised length
terminate called after throwing an instance of 'std::exception'
  what():  std::exception
Exception in TCPConnection runner thread: TCPConnection::write() accepted less than advertised length
terminate called after throwing an instance of 'std::exception'
  what():  std::exception
/home/bc/cs144/sponge/txrx.sh: line 110:  2294 Aborted                 (core dumped) coproc COPROC $3 -l $4 ${SERVER_PORT} > "$1" < "$2"
/home/bc/cs144/sponge/txrx.sh: line 110:  2296 Aborted                 (core dumped) $3 $4 ${SERVER_PORT} > "$1" < "$2"
Error in _rt_connect

        Start  66: t_ucD_128K_8K
 64/162 Test  #66: t_ucD_128K_8K ....................***Failed    0.35 sec
DEBUG: Listening for incoming connection... DEBUG: Connecting to 169.254.144.1:6323... done.
Exception in TCPConnection runner thread: TCPConnection::write() accepted less than advertised length
terminate called after throwing an instance of 'std::exception'
  what():  std::exception
/home/bc/cs144/sponge/txrx.sh: line 110:  2319 Aborted                 (core dumped) $3 $4 ${SERVER_PORT} > "$1" < "$2"
Error in _rt_connect

        Start  67: t_ucD_16_1
 65/162 Test  #67: t_ucD_16_1 .......................***Failed    0.33 sec
DEBUG: Listening for incoming connection... DEBUG: Connecting to 169.254.144.1:30621... done.
Exception in TCPConnection runner thread: TCPConnection::write() accepted less than advertised length
terminate called after throwing an instance of 'std::exception'
  what():  std::exception
/home/bc/cs144/sponge/txrx.sh: line 110:  2340 Aborted                 (core dumped) $3 $4 ${SERVER_PORT} > "$1" < "$2"
Error in _rt_connect

        Start  68: t_ucD_32K_d
 66/162 Test  #68: t_ucD_32K_d ......................***Failed    0.31 sec
DEBUG: Listening for incoming connection... DEBUG: Connecting to 169.254.144.1:22197... done.
Exception in TCPConnection runner thread: TCPConnection::write() accepted less than advertised length
terminate called after throwing an instance of 'std::exception'
  what():  std::exception
/home/bc/cs144/sponge/txrx.sh: line 110:  2359 Aborted                 (core dumped) $3 $4 ${SERVER_PORT} > "$1" < "$2"
Error in _rt_connect

        Start  69: t_usS_1M_32k
 67/162 Test  #69: t_usS_1M_32k .....................***Timeout  10.00 sec
DEBUG: Listening for incoming connection... DEBUG: Connecting to 169.254.144.1:21490... done.
DEBUG: Outbound stream to 169.254.144.1:21490 finished (0 bytes still in flight).
new connection from 169.254.144.1:41924.
Exception in TCPConnection runner thread: TCPConnection::write() accepted less than advertised length
terminate called after throwing an instance of 'std::exception'
  what():  std::exception

        Start  70: t_usS_128K_8K
 68/162 Test  #70: t_usS_128K_8K ....................***Timeout  10.00 sec
DEBUG: Listening for incoming connection... DEBUG: Connecting to 169.254.144.1:9580... done.
DEBUG: Outbound stream to 169.254.144.1:9580 finished (0 bytes still in flight).
new connection from 169.254.144.1:43851.
Exception in TCPConnection runner thread: TCPConnection::write() accepted less than advertised length
terminate called after throwing an instance of 'std::exception'
  what():  std::exception

        Start  71: t_usS_16_1
 69/162 Test  #71: t_usS_16_1 .......................***Timeout  10.00 sec
DEBUG: Listening for incoming connection... DEBUG: Connecting to 169.254.144.1:21629... done.
DEBUG: Outbound stream to 169.254.144.1:21629 finished (0 bytes still in flight).
new connection from 169.254.144.1:40278.
Exception in TCPConnection runner thread: TCPConnection::write() accepted less than advertised length
terminate called after throwing an instance of 'std::exception'
  what():  std::exception

        Start  72: t_usS_32K_d
 70/162 Test  #72: t_usS_32K_d ......................***Timeout  10.00 sec
DEBUG: Listening for incoming connection... DEBUG: Connecting to 169.254.144.1:24656... done.
DEBUG: Outbound stream to 169.254.144.1:24656 finished (0 bytes still in flight).
new connection from 169.254.144.1:34548.
Exception in TCPConnection runner thread: TCPConnection::write() accepted less than advertised length
terminate called after throwing an instance of 'std::exception'
  what():  std::exception

        Start  73: t_usR_1M_32k
 71/162 Test  #73: t_usR_1M_32k .....................***Failed    0.47 sec
DEBUG: Listening for incoming connection... DEBUG: Connecting to 169.254.144.1:26927... done.
new connection from 169.254.144.1:39823.
DEBUG: Outbound stream to 169.254.144.1:39823 finished (0 bytes still in flight).
Exception in TCPConnection runner thread: TCPConnection::write() accepted less than advertised length
terminate called after throwing an instance of 'std::exception'
  what():  std::exception
/home/bc/cs144/sponge/txrx.sh: line 110:  2483 Aborted                 (core dumped) $3 $4 ${SERVER_PORT} > "$1" < "$2"
Error in _rt_connect

        Start  74: t_usR_128K_8K
 72/162 Test  #74: t_usR_128K_8K ....................***Failed    0.58 sec
DEBUG: Listening for incoming connection... DEBUG: Connecting to 169.254.144.1:16739... done.
Exception in TCPConnection runner thread: TCPConnection::write() accepted less than advertised length
terminate called after throwing an instance of 'std::exception'
  what():  std::exception
/home/bc/cs144/sponge/txrx.sh: line 110:  2516 Aborted                 (core dumped) $3 $4 ${SERVER_PORT} > "$1" < "$2"
Error in _rt_connect

        Start  75: t_usR_16_1
 73/162 Test  #75: t_usR_16_1 .......................***Failed    0.54 sec
DEBUG: Listening for incoming connection... DEBUG: Connecting to 169.254.144.1:27261... done.
Exception in TCPConnection runner thread: TCPConnection::write() accepted less than advertised length
terminate called after throwing an instance of 'std::exception'
  what():  std::exception
/home/bc/cs144/sponge/txrx.sh: line 110:  2544 Aborted                 (core dumped) $3 $4 ${SERVER_PORT} > "$1" < "$2"
Error in _rt_connect

        Start  76: t_usR_32K_d
 74/162 Test  #76: t_usR_32K_d ......................***Failed    0.54 sec
DEBUG: Listening for incoming connection... DEBUG: Connecting to 169.254.144.1:4027... done.
Exception in TCPConnection runner thread: TCPConnection::write() accepted less than advertised length
terminate called after throwing an instance of 'std::exception'
  what():  std::exception
/home/bc/cs144/sponge/txrx.sh: line 110:  2566 Aborted                 (core dumped) $3 $4 ${SERVER_PORT} > "$1" < "$2"
Error in _rt_connect

        Start  77: t_usD_1M_32k
 75/162 Test  #77: t_usD_1M_32k .....................***Failed    0.86 sec
DEBUG: Listening for incoming connection... DEBUG: Connecting to 169.254.144.1:15028... done.
new connection from 169.254.144.1:46456.
Exception in TCPConnection runner thread: TCPConnection::write() accepted less than advertised length
terminate called after throwing an instance of 'std::exception'
  what():  std::exception
Exception in TCPConnection runner thread: TCPConnection::write() accepted less than advertised length
terminate called after throwing an instance of 'std::exception'
  what():  std::exception
/home/bc/cs144/sponge/txrx.sh: line 110:  2586 Aborted                 (core dumped) coproc COPROC $3 -l $4 ${SERVER_PORT} > "$1" < "$2"
/home/bc/cs144/sponge/txrx.sh: line 110:  2591 Aborted                 (core dumped) $3 $4 ${SERVER_PORT} > "$1" < "$2"
Error in _rt_connect

        Start  78: t_usD_128K_8K
 76/162 Test  #78: t_usD_128K_8K ....................***Failed    0.71 sec
DEBUG: Listening for incoming connection... DEBUG: Connecting to 169.254.144.1:13190... done.
new connection from 169.254.144.1:48661.
Exception in TCPConnection runner thread: TCPConnection::write() accepted less than advertised length
terminate called after throwing an instance of 'std::exception'
  what():  std::exception
Exception in TCPConnection runner thread: TCPConnection::write() accepted less than advertised length
terminate called after throwing an instance of 'std::exception'
  what():  std::exception
/home/bc/cs144/sponge/txrx.sh: line 110:  2624 Aborted                 (core dumped) $3 $4 ${SERVER_PORT} > "$1" < "$2"
Error in _rt_connect

        Start  79: t_usD_16_1
 77/162 Test  #79: t_usD_16_1 .......................***Failed    0.44 sec
DEBUG: Listening for incoming connection... DEBUG: Connecting to 169.254.144.1:5096... done.
Exception in TCPConnection runner thread: TCPConnection::write() accepted less than advertised length
terminate called after throwing an instance of 'std::exception'
  what():  std::exception
/home/bc/cs144/sponge/txrx.sh: line 110:  2648 Aborted                 (core dumped) $3 $4 ${SERVER_PORT} > "$1" < "$2"
Error in _rt_connect

        Start  80: t_usD_32K_d
 78/162 Test  #80: t_usD_32K_d ......................***Failed    0.56 sec
DEBUG: Listening for incoming connection... DEBUG: Connecting to 169.254.144.1:8493... done.
Exception in TCPConnection runner thread: TCPConnection::write() accepted less than advertised length
terminate called after throwing an instance of 'std::exception'
  what():  std::exception
/home/bc/cs144/sponge/txrx.sh: line 110:  2676 Aborted                 (core dumped) $3 $4 ${SERVER_PORT} > "$1" < "$2"
Error in _rt_connect

        Start  81: t_ucS_128K_8K_l
 79/162 Test  #81: t_ucS_128K_8K_l ..................***Failed    0.57 sec
DEBUG: Listening for incoming connection... DEBUG: Connecting to 169.254.144.1:25760... done.
Exception in TCPConnection runner thread: TCPConnection::write() accepted less than advertised length
terminate called after throwing an instance of 'std::exception'
  what():  std::exception
/home/bc/cs144/sponge/txrx.sh: line 110:  2696 Aborted                 (core dumped) $3 $4 ${SERVER_PORT} > "$1" < "$2"
Error in _rt_connect

        Start  82: t_ucS_128K_8K_L
 80/162 Test  #82: t_ucS_128K_8K_L ..................***Failed    0.60 sec
DEBUG: Listening for incoming connection... DEBUG: Connecting to 169.254.144.1:29786... done.
Exception in TCPConnection runner thread: TCPConnection::write() accepted less than advertised length
terminate called after throwing an instance of 'std::exception'
  what():  std::exception
/home/bc/cs144/sponge/txrx.sh: line 110:  2726 Aborted                 (core dumped) $3 $4 ${SERVER_PORT} > "$1" < "$2"
Error in _rt_connect

        Start  83: t_ucS_128K_8K_lL
 81/162 Test  #83: t_ucS_128K_8K_lL .................***Failed    0.58 sec
DEBUG: Listening for incoming connection... DEBUG: Connecting to 169.254.144.1:19585... done.
Exception in TCPConnection runner thread: TCPConnection::write() accepted less than advertised length
terminate called after throwing an instance of 'std::exception'
  what():  std::exception
/home/bc/cs144/sponge/txrx.sh: line 110:  2746 Aborted                 (core dumped) $3 $4 ${SERVER_PORT} > "$1" < "$2"
Error in _rt_connect

        Start  84: t_ucR_128K_8K_l
 82/162 Test  #84: t_ucR_128K_8K_l ..................***Timeout  10.00 sec
DEBUG: Listening for incoming connection... DEBUG: Connecting to 169.254.144.1:1037... done.
DEBUG: Outbound stream to 169.254.144.1:1037 finished (0 bytes still in flight).
new connection from 169.254.144.1:45141.
Exception in TCPConnection runner thread: TCPConnection::write() accepted less than advertised length
terminate called after throwing an instance of 'std::exception'
  what():  std::exception

        Start  85: t_ucR_128K_8K_L
 83/162 Test  #85: t_ucR_128K_8K_L ..................***Timeout  10.01 sec
DEBUG: Listening for incoming connection... DEBUG: Connecting to 169.254.144.1:8126... done.
DEBUG: Outbound stream to 169.254.144.1:8126 finished (0 bytes still in flight).
new connection from 169.254.144.1:57708.
Exception in TCPConnection runner thread: TCPConnection::write() accepted less than advertised length
terminate called after throwing an instance of 'std::exception'
  what():  std::exception

        Start  86: t_ucR_128K_8K_lL
 84/162 Test  #86: t_ucR_128K_8K_lL .................***Timeout  10.00 sec
DEBUG: Listening for incoming connection... DEBUG: Connecting to 169.254.144.1:4536... done.
DEBUG: Outbound stream to 169.254.144.1:4536 finished (0 bytes still in flight).
new connection from 169.254.144.1:32829.
Exception in TCPConnection runner thread: TCPConnection::write() accepted less than advertised length
terminate called after throwing an instance of 'std::exception'
  what():  std::exception

        Start  87: t_ucD_128K_8K_l
 85/162 Test  #87: t_ucD_128K_8K_l ..................***Failed    0.31 sec
DEBUG: Listening for incoming connection... DEBUG: Connecting to 169.254.144.1:25491... done.
Exception in TCPConnection runner thread: TCPConnection::write() accepted less than advertised length
terminate called after throwing an instance of 'std::exception'
  what():  std::exception
/home/bc/cs144/sponge/txrx.sh: line 110:  2898 Aborted                 (core dumped) $3 $4 ${SERVER_PORT} > "$1" < "$2"
Error in _rt_connect

        Start  88: t_ucD_128K_8K_L
 86/162 Test  #88: t_ucD_128K_8K_L ..................***Failed    0.31 sec
DEBUG: Listening for incoming connection... DEBUG: Connecting to 169.254.144.1:7268... done.
Exception in TCPConnection runner thread: TCPConnection::write() accepted less than advertised length
terminate called after throwing an instance of 'std::exception'
  what():  std::exception
/home/bc/cs144/sponge/txrx.sh: line 110:  2919 Aborted                 (core dumped) $3 $4 ${SERVER_PORT} > "$1" < "$2"
Error in _rt_connect

        Start  89: t_ucD_128K_8K_lL
 87/162 Test  #89: t_ucD_128K_8K_lL .................***Failed    0.44 sec
DEBUG: Listening for incoming connection... DEBUG: Connecting to 169.254.144.1:10371... done.
Exception in TCPConnection runner thread: TCPConnection::write() accepted less than advertised length
terminate called after throwing an instance of 'std::exception'
  what():  std::exception
/home/bc/cs144/sponge/txrx.sh: line 110:  2940 Aborted                 (core dumped) $3 $4 ${SERVER_PORT} > "$1" < "$2"
Error in _rt_connect

        Start  90: t_usS_128K_8K_l
 88/162 Test  #90: t_usS_128K_8K_l ..................***Timeout  10.00 sec
DEBUG: Listening for incoming connection... DEBUG: Connecting to 169.254.144.1:32393... done.
DEBUG: Outbound stream to 169.254.144.1:32393 finished (0 bytes still in flight).
new connection from 169.254.144.1:52517.
Exception in TCPConnection runner thread: TCPConnection::write() accepted less than advertised length
terminate called after throwing an instance of 'std::exception'
  what():  std::exception

        Start  91: t_usS_128K_8K_L
 89/162 Test  #91: t_usS_128K_8K_L ..................***Timeout  10.00 sec
DEBUG: Listening for incoming connection... DEBUG: Connecting to 169.254.144.1:9915... done.
DEBUG: Outbound stream to 169.254.144.1:9915 finished (0 bytes still in flight).
new connection from 169.254.144.1:52453.
Exception in TCPConnection runner thread: TCPConnection::write() accepted less than advertised length
terminate called after throwing an instance of 'std::exception'
  what():  std::exception

        Start  92: t_usS_128K_8K_lL
 90/162 Test  #92: t_usS_128K_8K_lL .................***Timeout  10.01 sec
DEBUG: Listening for incoming connection... DEBUG: Connecting to 169.254.144.1:18160... done.
DEBUG: Outbound stream to 169.254.144.1:18160 finished (0 bytes still in flight).
new connection from 169.254.144.1:56273.
Exception in TCPConnection runner thread: TCPConnection::write() accepted less than advertised length
terminate called after throwing an instance of 'std::exception'
  what():  std::exception

        Start  93: t_usR_128K_8K_l
 91/162 Test  #93: t_usR_128K_8K_l ..................***Failed    0.32 sec
DEBUG: Listening for incoming connection... DEBUG: Connecting to 169.254.144.1:4004... done.
Exception in TCPConnection runner thread: TCPConnection::write() accepted less than advertised length
terminate called after throwing an instance of 'std::exception'
  what():  std::exception
/home/bc/cs144/sponge/txrx.sh: line 110:  3052 Aborted                 (core dumped) $3 $4 ${SERVER_PORT} > "$1" < "$2"
Error in _rt_connect

        Start  94: t_usR_128K_8K_L
 92/162 Test  #94: t_usR_128K_8K_L ..................***Failed    0.32 sec
DEBUG: Listening for incoming connection... DEBUG: Connecting to 169.254.144.1:12122... done.
Exception in TCPConnection runner thread: TCPConnection::write() accepted less than advertised length
terminate called after throwing an instance of 'std::exception'
  what():  std::exception
/home/bc/cs144/sponge/txrx.sh: line 110:  3072 Aborted                 (core dumped) $3 $4 ${SERVER_PORT} > "$1" < "$2"
Error in _rt_connect

        Start  95: t_usR_128K_8K_lL
 93/162 Test  #95: t_usR_128K_8K_lL .................***Timeout  10.01 sec
DEBUG: Listening for incoming connection... DEBUG: Connecting to 169.254.144.1:31082... 

        Start  96: t_usD_128K_8K_l
 94/162 Test  #96: t_usD_128K_8K_l ..................***Failed    0.32 sec
DEBUG: Listening for incoming connection... DEBUG: Connecting to 169.254.144.1:19816... done.
Exception in TCPConnection runner thread: TCPConnection::write() accepted less than advertised length
terminate called after throwing an instance of 'std::exception'
  what():  std::exception
/home/bc/cs144/sponge/txrx.sh: line 110:  3118 Aborted                 (core dumped) $3 $4 ${SERVER_PORT} > "$1" < "$2"
Error in _rt_connect

        Start  97: t_usD_128K_8K_L
 95/162 Test  #97: t_usD_128K_8K_L ..................***Timeout  10.01 sec
DEBUG: Listening for incoming connection... DEBUG: Connecting to 169.254.144.1:18606... 

        Start  98: t_usD_128K_8K_lL
 96/162 Test  #98: t_usD_128K_8K_lL .................***Timeout  10.00 sec
DEBUG: Listening for incoming connection... DEBUG: Connecting to 169.254.144.1:5312... 

        Start  99: t_ipv4_client_send
 97/162 Test  #99: t_ipv4_client_send ...............***Failed    0.32 sec
DEBUG: Listening for incoming connection... DEBUG: Connecting to 169.254.145.9:11465... done.
Exception in TCPConnection runner thread: TCPConnection::write() accepted less than advertised length
terminate called after throwing an instance of 'std::exception'
  what():  std::exception
/home/bc/cs144/sponge/txrx.sh: line 110:  3196 Aborted                 (core dumped) $3 $4 ${SERVER_PORT} > "$1" < "$2"
Error in _rt_connect

        Start 100: t_ipv4_server_send
 98/162 Test #100: t_ipv4_server_send ...............***Timeout  10.01 sec
DEBUG: Listening for incoming connection... DEBUG: Connecting to 169.254.144.9:22028... done.
DEBUG: Outbound stream to 169.254.144.9:22028 finished (0 bytes still in flight).
new connection from 169.254.144.1:23518.
Exception in TCPConnection runner thread: TCPConnection::write() accepted less than advertised length
terminate called after throwing an instance of 'std::exception'
  what():  std::exception

        Start 101: t_ipv4_client_recv
 99/162 Test #101: t_ipv4_client_recv ...............***Timeout  10.01 sec
DEBUG: Listening for incoming connection... DEBUG: Connecting to 169.254.145.9:25683... done.
DEBUG: Outbound stream to 169.254.145.9:25683 finished (0 bytes still in flight).
new connection from 169.254.145.1:13083.
Exception in TCPConnection runner thread: TCPConnection::write() accepted less than advertised length
terminate called after throwing an instance of 'std::exception'
  what():  std::exception

        Start 102: t_ipv4_server_recv
100/162 Test #102: t_ipv4_server_recv ...............***Failed    0.35 sec
DEBUG: Listening for incoming connection... DEBUG: Connecting to 169.254.144.9:25352... done.
Exception in TCPConnection runner thread: TCPConnection::write() accepted less than advertised length
terminate called after throwing an instance of 'std::exception'
  what():  std::exception
/home/bc/cs144/sponge/txrx.sh: line 110:  3327 Aborted                 (core dumped) $3 $4 ${SERVER_PORT} > "$1" < "$2"
Error in _rt_connect

        Start 103: t_ipv4_client_dupl
101/162 Test #103: t_ipv4_client_dupl ...............***Failed    0.29 sec
DEBUG: Listening for incoming connection... DEBUG: Connecting to 169.254.145.9:24181... done.
Exception in TCPConnection runner thread: TCPConnection::write() accepted less than advertised length
terminate called after throwing an instance of 'std::exception'
  what():  std::exception
/home/bc/cs144/sponge/txrx.sh: line 110:  3354 Aborted                 (core dumped) $3 $4 ${SERVER_PORT} > "$1" < "$2"
Error in _rt_connect

        Start 104: t_ipv4_server_dupl
102/162 Test #104: t_ipv4_server_dupl ...............***Failed    0.30 sec
DEBUG: Listening for incoming connection... DEBUG: Connecting to 169.254.144.9:3454... done.
Exception in TCPConnection runner thread: TCPConnection::write() accepted less than advertised length
terminate called after throwing an instance of 'std::exception'
  what():  std::exception
/home/bc/cs144/sponge/txrx.sh: line 110:  3373 Aborted                 (core dumped) $3 $4 ${SERVER_PORT} > "$1" < "$2"
Error in _rt_connect

        Start 105: t_icS_1M_32k
103/162 Test #105: t_icS_1M_32k .....................***Failed    0.36 sec
DEBUG: Listening for incoming connection... DEBUG: Connecting to 169.254.145.9:8008... done.
new connection from 169.254.145.1:48541.
DEBUG: Outbound stream to 169.254.145.1:48541 finished (0 bytes still in flight).
Exception in TCPConnection runner thread: TCPConnection::write() accepted less than advertised length
terminate called after throwing an instance of 'std::exception'
  what():  std::exception
/home/bc/cs144/sponge/txrx.sh: line 110:  3401 Aborted                 (core dumped) $3 $4 ${SERVER_PORT} > "$1" < "$2"
Error in _rt_connect

        Start 106: t_icS_128K_8K
104/162 Test #106: t_icS_128K_8K ....................***Failed    0.30 sec
DEBUG: Listening for incoming connection... DEBUG: Connecting to 169.254.145.9:13027... done.
Exception in TCPConnection runner thread: TCPConnection::write() accepted less than advertised length
terminate called after throwing an instance of 'std::exception'
  what():  std::exception
/home/bc/cs144/sponge/txrx.sh: line 110:  3430 Aborted                 (core dumped) $3 $4 ${SERVER_PORT} > "$1" < "$2"
Error in _rt_connect

        Start 107: t_icS_16_1
105/162 Test #107: t_icS_16_1 .......................***Failed    0.30 sec
DEBUG: Listening for incoming connection... DEBUG: Connecting to 169.254.145.9:27354... done.
Exception in TCPConnection runner thread: TCPConnection::write() accepted less than advertised length
terminate called after throwing an instance of 'std::exception'
  what():  std::exception
/home/bc/cs144/sponge/txrx.sh: line 110:  3450 Aborted                 (core dumped) $3 $4 ${SERVER_PORT} > "$1" < "$2"
Error in _rt_connect

        Start 108: t_icS_32K_d
106/162 Test #108: t_icS_32K_d ......................***Failed    0.31 sec
DEBUG: Listening for incoming connection... DEBUG: Connecting to 169.254.145.9:4683... done.
Exception in TCPConnection runner thread: TCPConnection::write() accepted less than advertised length
terminate called after throwing an instance of 'std::exception'
  what():  std::exception
/home/bc/cs144/sponge/txrx.sh: line 110:  3468 Aborted                 (core dumped) $3 $4 ${SERVER_PORT} > "$1" < "$2"
Error in _rt_connect

        Start 109: t_icR_1M_32k
107/162 Test #109: t_icR_1M_32k .....................***Timeout  10.02 sec
DEBUG: Listening for incoming connection... DEBUG: Connecting to 169.254.145.9:17679... done.
DEBUG: Outbound stream to 169.254.145.9:17679 finished (0 bytes still in flight).
new connection from 169.254.145.1:39087.
Exception in TCPConnection runner thread: TCPConnection::write() accepted less than advertised length
terminate called after throwing an instance of 'std::exception'
  what():  std::exception

        Start 110: t_icR_128K_8K
108/162 Test #110: t_icR_128K_8K ....................***Timeout  10.02 sec
DEBUG: Listening for incoming connection... DEBUG: Connecting to 169.254.145.9:7489... done.
DEBUG: Outbound stream to 169.254.145.9:7489 finished (0 bytes still in flight).
new connection from 169.254.145.1:36852.
Exception in TCPConnection runner thread: TCPConnection::write() accepted less than advertised length
terminate called after throwing an instance of 'std::exception'
  what():  std::exception

        Start 111: t_icR_16_1
109/162 Test #111: t_icR_16_1 .......................***Timeout  10.02 sec
DEBUG: Listening for incoming connection... DEBUG: Connecting to 169.254.145.9:7871... done.
DEBUG: Outbound stream to 169.254.145.9:7871 finished (0 bytes still in flight).
new connection from 169.254.145.1:11942.
Exception in TCPConnection runner thread: TCPConnection::write() accepted less than advertised length
terminate called after throwing an instance of 'std::exception'
  what():  std::exception

        Start 112: t_icR_32K_d
110/162 Test #112: t_icR_32K_d ......................***Timeout  10.01 sec
DEBUG: Listening for incoming connection... DEBUG: Connecting to 169.254.145.9:6907... done.
DEBUG: Outbound stream to 169.254.145.9:6907 finished (0 bytes still in flight).
new connection from 169.254.145.1:31397.
Exception in TCPConnection runner thread: TCPConnection::write() accepted less than advertised length
terminate called after throwing an instance of 'std::exception'
  what():  std::exception

        Start 113: t_icD_1M_32k
111/162 Test #113: t_icD_1M_32k .....................***Failed    0.54 sec
DEBUG: Listening for incoming connection... DEBUG: Connecting to 169.254.145.9:20778... done.
new connection from 169.254.145.1:407.
Exception in TCPConnection runner thread: TCPConnection::write() accepted less than advertised length
terminate called after throwing an instance of 'std::exception'
  what():  std::exception
Exception in TCPConnection runner thread: TCPConnection::write() accepted less than advertised length
terminate called after throwing an instance of 'std::exception'
  what():  std::exception
/home/bc/cs144/sponge/txrx.sh: line 110:  3702 Aborted                 (core dumped) coproc COPROC $3 -l $4 ${SERVER_PORT} > "$1" < "$2"
/home/bc/cs144/sponge/txrx.sh: line 110:  3712 Aborted                 (core dumped) $3 $4 ${SERVER_PORT} > "$1" < "$2"
Error in _rt_connect

        Start 114: t_icD_128K_8K
112/162 Test #114: t_icD_128K_8K ....................***Failed    0.31 sec
DEBUG: Listening for incoming connection... DEBUG: Connecting to 169.254.145.9:16647... done.
Exception in TCPConnection runner thread: TCPConnection::write() accepted less than advertised length
terminate called after throwing an instance of 'std::exception'
  what():  std::exception
/home/bc/cs144/sponge/txrx.sh: line 110:  3744 Aborted                 (core dumped) $3 $4 ${SERVER_PORT} > "$1" < "$2"
Error in _rt_connect

        Start 115: t_icD_16_1
113/162 Test #115: t_icD_16_1 .......................***Failed    0.31 sec
DEBUG: Listening for incoming connection... DEBUG: Connecting to 169.254.145.9:11601... done.
Exception in TCPConnection runner thread: TCPConnection::write() accepted less than advertised length
terminate called after throwing an instance of 'std::exception'
  what():  std::exception
/home/bc/cs144/sponge/txrx.sh: line 110:  3765 Aborted                 (core dumped) $3 $4 ${SERVER_PORT} > "$1" < "$2"
Error in _rt_connect

        Start 116: t_icD_32K_d
114/162 Test #116: t_icD_32K_d ......................***Failed    0.29 sec
DEBUG: Listening for incoming connection... DEBUG: Connecting to 169.254.145.9:23951... done.
Exception in TCPConnection runner thread: TCPConnection::write() accepted less than advertised length
terminate called after throwing an instance of 'std::exception'
  what():  std::exception
/home/bc/cs144/sponge/txrx.sh: line 110:  3784 Aborted                 (core dumped) $3 $4 ${SERVER_PORT} > "$1" < "$2"
Error in _rt_connect

        Start 117: t_isS_1M_32k
115/162 Test #117: t_isS_1M_32k .....................***Timeout  10.01 sec
DEBUG: Listening for incoming connection... DEBUG: Connecting to 169.254.144.9:13510... done.
DEBUG: Outbound stream to 169.254.144.9:13510 finished (0 bytes still in flight).
new connection from 169.254.144.1:10228.
Exception in TCPConnection runner thread: TCPConnection::write() accepted less than advertised length
terminate called after throwing an instance of 'std::exception'
  what():  std::exception

        Start 118: t_isS_128K_8K
116/162 Test #118: t_isS_128K_8K ....................***Timeout  10.01 sec
DEBUG: Listening for incoming connection... DEBUG: Connecting to 169.254.144.9:10602... done.
DEBUG: Outbound stream to 169.254.144.9:10602 finished (0 bytes still in flight).
new connection from 169.254.144.1:49606.
Exception in TCPConnection runner thread: TCPConnection::write() accepted less than advertised length
terminate called after throwing an instance of 'std::exception'
  what():  std::exception

        Start 119: t_isS_16_1
117/162 Test #119: t_isS_16_1 .......................***Timeout  10.02 sec
DEBUG: Listening for incoming connection... DEBUG: Connecting to 169.254.144.9:30046... done.
DEBUG: Outbound stream to 169.254.144.9:30046 finished (0 bytes still in flight).
new connection from 169.254.144.1:17715.
Exception in TCPConnection runner thread: TCPConnection::write() accepted less than advertised length
terminate called after throwing an instance of 'std::exception'
  what():  std::exception

        Start 120: t_isS_32K_d
118/162 Test #120: t_isS_32K_d ......................***Timeout  10.01 sec
DEBUG: Listening for incoming connection... DEBUG: Connecting to 169.254.144.9:22747... done.
DEBUG: Outbound stream to 169.254.144.9:22747 finished (0 bytes still in flight).
new connection from 169.254.144.1:53799.
Exception in TCPConnection runner thread: TCPConnection::write() accepted less than advertised length
terminate called after throwing an instance of 'std::exception'
  what():  std::exception

        Start 121: t_isR_1M_32k
119/162 Test #121: t_isR_1M_32k .....................***Failed    0.54 sec
DEBUG: Listening for incoming connection... DEBUG: Connecting to 169.254.144.9:28558... done.
Exception in TCPConnection runner thread: TCPConnection::write() accepted less than advertised length
terminate called after throwing an instance of 'std::exception'
  what():  std::exception
/home/bc/cs144/sponge/txrx.sh: line 110:  4034 Aborted                 (core dumped) $3 $4 ${SERVER_PORT} > "$1" < "$2"
Error in _rt_connect

        Start 122: t_isR_128K_8K
120/162 Test #122: t_isR_128K_8K ....................***Failed    0.30 sec
DEBUG: Listening for incoming connection... DEBUG: Connecting to 169.254.144.9:20338... done.
Exception in TCPConnection runner thread: TCPConnection::write() accepted less than advertised length
terminate called after throwing an instance of 'std::exception'
  what():  std::exception
/home/bc/cs144/sponge/txrx.sh: line 110:  4062 Aborted                 (core dumped) $3 $4 ${SERVER_PORT} > "$1" < "$2"
Error in _rt_connect

        Start 123: t_isR_16_1
121/162 Test #123: t_isR_16_1 .......................***Failed    0.35 sec
DEBUG: Listening for incoming connection... DEBUG: Connecting to 169.254.144.9:8756... done.
Exception in TCPConnection runner thread: TCPConnection::write() accepted less than advertised length
terminate called after throwing an instance of 'std::exception'
  what():  std::exception
/home/bc/cs144/sponge/txrx.sh: line 110:  4082 Aborted                 (core dumped) $3 $4 ${SERVER_PORT} > "$1" < "$2"
Error in _rt_connect

        Start 124: t_isR_32K_d
122/162 Test #124: t_isR_32K_d ......................***Failed    0.32 sec
DEBUG: Listening for incoming connection... DEBUG: Connecting to 169.254.144.9:14613... done.
Exception in TCPConnection runner thread: TCPConnection::write() accepted less than advertised length
terminate called after throwing an instance of 'std::exception'
  what():  std::exception
/home/bc/cs144/sponge/txrx.sh: line 110:  4100 Aborted                 (core dumped) $3 $4 ${SERVER_PORT} > "$1" < "$2"
Error in _rt_connect

        Start 125: t_isD_1M_32k
123/162 Test #125: t_isD_1M_32k .....................***Failed    0.54 sec
DEBUG: Listening for incoming connection... DEBUG: Connecting to 169.254.144.9:1091... done.
new connection from 169.254.144.1:65300.
Exception in TCPConnection runner thread: TCPConnection::write() accepted less than advertised length
terminate called after throwing an instance of 'std::exception'
  what():  std::exception
Exception in TCPConnection runner thread: TCPConnection::write() accepted less than advertised length
terminate called after throwing an instance of 'std::exception'
  what():  std::exception
/home/bc/cs144/sponge/txrx.sh: line 110:  4121 Aborted                 (core dumped) $3 $4 ${SERVER_PORT} > "$1" < "$2"
Error in _rt_connect

        Start 126: t_isD_128K_8K
124/162 Test #126: t_isD_128K_8K ....................***Failed    0.34 sec
DEBUG: Listening for incoming connection... DEBUG: Connecting to 169.254.144.9:17809... done.
Exception in TCPConnection runner thread: TCPConnection::write() accepted less than advertised length
terminate called after throwing an instance of 'std::exception'
  what():  std::exception
/home/bc/cs144/sponge/txrx.sh: line 110:  4152 Aborted                 (core dumped) $3 $4 ${SERVER_PORT} > "$1" < "$2"
Error in _rt_connect

        Start 127: t_isD_16_1
125/162 Test #127: t_isD_16_1 .......................***Failed    0.33 sec
DEBUG: Listening for incoming connection... DEBUG: Connecting to 169.254.144.9:5086... done.
Exception in TCPConnection runner thread: TCPConnection::write() accepted less than advertised length
terminate called after throwing an instance of 'std::exception'
  what():  std::exception
/home/bc/cs144/sponge/txrx.sh: line 110:  4181 Aborted                 (core dumped) $3 $4 ${SERVER_PORT} > "$1" < "$2"
Error in _rt_connect

        Start 128: t_isD_32K_d
126/162 Test #128: t_isD_32K_d ......................***Failed    0.31 sec
DEBUG: Listening for incoming connection... DEBUG: Connecting to 169.254.144.9:18053... done.
Exception in TCPConnection runner thread: TCPConnection::write() accepted less than advertised length
terminate called after throwing an instance of 'std::exception'
  what():  std::exception
/home/bc/cs144/sponge/txrx.sh: line 110:  4200 Aborted                 (core dumped) $3 $4 ${SERVER_PORT} > "$1" < "$2"
Error in _rt_connect

        Start 129: t_icS_128K_8K_l
127/162 Test #129: t_icS_128K_8K_l ..................***Failed    0.31 sec
DEBUG: Listening for incoming connection... DEBUG: Connecting to 169.254.145.9:24312... done.
Exception in TCPConnection runner thread: TCPConnection::write() accepted less than advertised length
terminate called after throwing an instance of 'std::exception'
  what():  std::exception
/home/bc/cs144/sponge/txrx.sh: line 110:  4220 Aborted                 (core dumped) $3 $4 ${SERVER_PORT} > "$1" < "$2"
Error in _rt_connect

        Start 130: t_icS_128K_8K_L
128/162 Test #130: t_icS_128K_8K_L ..................***Failed    0.31 sec
DEBUG: Listening for incoming connection... DEBUG: Connecting to 169.254.145.9:19608... done.
Exception in TCPConnection runner thread: TCPConnection::write() accepted less than advertised length
terminate called after throwing an instance of 'std::exception'
  what():  std::exception
/home/bc/cs144/sponge/txrx.sh: line 110:  4240 Aborted                 (core dumped) $3 $4 ${SERVER_PORT} > "$1" < "$2"
Error in _rt_connect

        Start 131: t_icS_128K_8K_lL
129/162 Test #131: t_icS_128K_8K_lL .................***Failed    0.31 sec
DEBUG: Listening for incoming connection... DEBUG: Connecting to 169.254.145.9:9474... done.
Exception in TCPConnection runner thread: TCPConnection::write() accepted less than advertised length
terminate called after throwing an instance of 'std::exception'
  what():  std::exception
/home/bc/cs144/sponge/txrx.sh: line 110:  4260 Aborted                 (core dumped) $3 $4 ${SERVER_PORT} > "$1" < "$2"
Error in _rt_connect

        Start 132: t_icR_128K_8K_l
130/162 Test #132: t_icR_128K_8K_l ..................***Timeout  10.02 sec
DEBUG: Listening for incoming connection... DEBUG: Connecting to 169.254.145.9:20948... done.
DEBUG: Outbound stream to 169.254.145.9:20948 finished (0 bytes still in flight).
new connection from 169.254.145.1:3851.
Exception in TCPConnection runner thread: TCPConnection::write() accepted less than advertised length
terminate called after throwing an instance of 'std::exception'
  what():  std::exception

        Start 133: t_icR_128K_8K_L
131/162 Test #133: t_icR_128K_8K_L ..................***Timeout  10.02 sec
DEBUG: Listening for incoming connection... DEBUG: Connecting to 169.254.145.9:30282... done.
DEBUG: Outbound stream to 169.254.145.9:30282 finished (0 bytes still in flight).
new connection from 169.254.145.1:63922.
Exception in TCPConnection runner thread: TCPConnection::write() accepted less than advertised length
terminate called after throwing an instance of 'std::exception'
  what():  std::exception

        Start 134: t_icR_128K_8K_lL
132/162 Test #134: t_icR_128K_8K_lL .................***Timeout  10.01 sec
DEBUG: Listening for incoming connection... DEBUG: Connecting to 169.254.145.9:28799... done.
DEBUG: Outbound stream to 169.254.145.9:28799 finished (0 bytes still in flight).
new connection from 169.254.145.1:12735.
Exception in TCPConnection runner thread: TCPConnection::write() accepted less than advertised length
terminate called after throwing an instance of 'std::exception'
  what():  std::exception

        Start 135: t_icD_128K_8K_l
133/162 Test #135: t_icD_128K_8K_l ..................***Failed    0.31 sec
DEBUG: Listening for incoming connection... DEBUG: Connecting to 169.254.145.9:19416... done.
Exception in TCPConnection runner thread: TCPConnection::write() accepted less than advertised length
terminate called after throwing an instance of 'std::exception'
  what():  std::exception
/home/bc/cs144/sponge/txrx.sh: line 110:  4442 Aborted                 (core dumped) $3 $4 ${SERVER_PORT} > "$1" < "$2"
Error in _rt_connect

        Start 136: t_icD_128K_8K_L
134/162 Test #136: t_icD_128K_8K_L ..................***Failed    0.30 sec
DEBUG: Listening for incoming connection... DEBUG: Connecting to 169.254.145.9:16166... done.
Exception in TCPConnection runner thread: TCPConnection::write() accepted less than advertised length
terminate called after throwing an instance of 'std::exception'
  what():  std::exception
/home/bc/cs144/sponge/txrx.sh: line 110:  4471 Aborted                 (core dumped) $3 $4 ${SERVER_PORT} > "$1" < "$2"
Error in _rt_connect

        Start 137: t_icD_128K_8K_lL
135/162 Test #137: t_icD_128K_8K_lL .................***Failed    0.28 sec
DEBUG: Listening for incoming connection... DEBUG: Connecting to 169.254.145.9:33160... done.
Exception in TCPConnection runner thread: TCPConnection::write() accepted less than advertised length
terminate called after throwing an instance of 'std::exception'
  what():  std::exception
/home/bc/cs144/sponge/txrx.sh: line 110:  4492 Aborted                 (core dumped) $3 $4 ${SERVER_PORT} > "$1" < "$2"
Error in _rt_connect

        Start 138: t_isS_128K_8K_l
136/162 Test #138: t_isS_128K_8K_l ..................***Timeout  10.02 sec
DEBUG: Listening for incoming connection... DEBUG: Connecting to 169.254.144.9:3923... done.
DEBUG: Outbound stream to 169.254.144.9:3923 finished (0 bytes still in flight).

        Start 139: t_isS_128K_8K_L
137/162 Test #139: t_isS_128K_8K_L ..................***Timeout  10.01 sec
DEBUG: Listening for incoming connection... DEBUG: Connecting to 169.254.144.9:9372... done.
DEBUG: Outbound stream to 169.254.144.9:9372 finished (0 bytes still in flight).
new connection from 169.254.144.1:41828.
Exception in TCPConnection runner thread: TCPConnection::write() accepted less than advertised length
terminate called after throwing an instance of 'std::exception'
  what():  std::exception

        Start 140: t_isS_128K_8K_lL
138/162 Test #140: t_isS_128K_8K_lL .................***Timeout  10.02 sec
DEBUG: Listening for incoming connection... DEBUG: Connecting to 169.254.144.9:2568... 

        Start 141: t_isR_128K_8K_l
139/162 Test #141: t_isR_128K_8K_l ..................***Failed    0.29 sec
DEBUG: Listening for incoming connection... DEBUG: Connecting to 169.254.144.9:4867... done.
Exception in TCPConnection runner thread: TCPConnection::write() accepted less than advertised length
terminate called after throwing an instance of 'std::exception'
  what():  std::exception
/home/bc/cs144/sponge/txrx.sh: line 110:  4668 Aborted                 (core dumped) $3 $4 ${SERVER_PORT} > "$1" < "$2"
Error in _rt_connect

        Start 142: t_isR_128K_8K_L
140/162 Test #142: t_isR_128K_8K_L ..................***Failed    0.31 sec
DEBUG: Listening for incoming connection... DEBUG: Connecting to 169.254.144.9:29792... done.
Exception in TCPConnection runner thread: TCPConnection::write() accepted less than advertised length
terminate called after throwing an instance of 'std::exception'
  what():  std::exception
/home/bc/cs144/sponge/txrx.sh: line 110:  4688 Aborted                 (core dumped) $3 $4 ${SERVER_PORT} > "$1" < "$2"
Error in _rt_connect

        Start 143: t_isR_128K_8K_lL
141/162 Test #143: t_isR_128K_8K_lL .................***Failed    0.32 sec
DEBUG: Listening for incoming connection... DEBUG: Connecting to 169.254.144.9:1683... done.
Exception in TCPConnection runner thread: TCPConnection::write() accepted less than advertised length
terminate called after throwing an instance of 'std::exception'
  what():  std::exception
/home/bc/cs144/sponge/txrx.sh: line 110:  4708 Aborted                 (core dumped) $3 $4 ${SERVER_PORT} > "$1" < "$2"
Error in _rt_connect

        Start 144: t_isD_128K_8K_l
142/162 Test #144: t_isD_128K_8K_l ..................***Failed    0.32 sec
DEBUG: Listening for incoming connection... DEBUG: Connecting to 169.254.144.9:23894... done.
Exception in TCPConnection runner thread: TCPConnection::write() accepted less than advertised length
terminate called after throwing an instance of 'std::exception'
  what():  std::exception
/home/bc/cs144/sponge/txrx.sh: line 110:  4737 Aborted                 (core dumped) $3 $4 ${SERVER_PORT} > "$1" < "$2"
Error in _rt_connect

        Start 145: t_isD_128K_8K_L
143/162 Test #145: t_isD_128K_8K_L ..................***Failed    0.32 sec
DEBUG: Listening for incoming connection... DEBUG: Connecting to 169.254.144.9:33660... done.
Exception in TCPConnection runner thread: TCPConnection::write() accepted less than advertised length
terminate called after throwing an instance of 'std::exception'
  what():  std::exception
/home/bc/cs144/sponge/txrx.sh: line 110:  4766 Aborted                 (core dumped) $3 $4 ${SERVER_PORT} > "$1" < "$2"
Error in _rt_connect

        Start 146: t_isD_128K_8K_lL
144/162 Test #146: t_isD_128K_8K_lL .................***Failed    0.35 sec
DEBUG: Listening for incoming connection... DEBUG: Connecting to 169.254.144.9:16413... done.
Exception in TCPConnection runner thread: TCPConnection::write() accepted less than advertised length
terminate called after throwing an instance of 'std::exception'
  what():  std::exception
/home/bc/cs144/sponge/txrx.sh: line 110:  4787 Aborted                 (core dumped) $3 $4 ${SERVER_PORT} > "$1" < "$2"
Error in _rt_connect

        Start 147: t_icnS_128K_8K_l
145/162 Test #147: t_icnS_128K_8K_l .................***Failed    1.55 sec
DEBUG: Connecting to 169.254.144.1:9241... done.
Exception in TCPConnection runner thread: TCPConnection::write() accepted less than advertised length
terminate called after throwing an instance of 'std::exception'
  what():  std::exception
/home/bc/cs144/sponge/txrx.sh: line 110:  4819 Aborted                 (core dumped) $3 $4 ${SERVER_PORT} > "$1" < "$2"
Error in _rt_connect

        Start 148: t_icnS_128K_8K_L
146/162 Test #148: t_icnS_128K_8K_L .................***Failed    0.66 sec
DEBUG: Connecting to 169.254.144.1:24704... done.
Exception in TCPConnection runner thread: TCPConnection::write() accepted less than advertised length
terminate called after throwing an instance of 'std::exception'
  what():  std::exception
/home/bc/cs144/sponge/txrx.sh: line 110:  4867 Aborted                 (core dumped) $3 $4 ${SERVER_PORT} > "$1" < "$2"
Error in _rt_connect

        Start 149: t_icnS_128K_8K_lL
147/162 Test #149: t_icnS_128K_8K_lL ................***Failed    0.63 sec
DEBUG: Connecting to 169.254.144.1:15674... done.
Exception in TCPConnection runner thread: TCPConnection::write() accepted less than advertised length
terminate called after throwing an instance of 'std::exception'
  what():  std::exception
/home/bc/cs144/sponge/txrx.sh: line 110:  4891 Aborted                 (core dumped) $3 $4 ${SERVER_PORT} > "$1" < "$2"
Error in _rt_connect

        Start 150: t_icnR_128K_8K_l
148/162 Test #150: t_icnR_128K_8K_l .................***Timeout  10.02 sec
DEBUG: Connecting to 169.254.144.1:29734... done.
DEBUG: Outbound stream to 169.254.144.1:29734 finished (0 bytes still in flight).
DEBUG: Outbound stream to 169.254.144.1:29734 has been fully acknowledged.

        Start 151: t_icnR_128K_8K_L
149/162 Test #151: t_icnR_128K_8K_L .................***Timeout  10.02 sec
DEBUG: Connecting to 169.254.144.1:27176... done.
DEBUG: Outbound stream to 169.254.144.1:27176 finished (0 bytes still in flight).
DEBUG: Outbound stream to 169.254.144.1:27176 has been fully acknowledged.

        Start 152: t_icnR_128K_8K_lL
150/162 Test #152: t_icnR_128K_8K_lL ................***Timeout  10.02 sec
DEBUG: Connecting to 169.254.144.1:5367... done.
DEBUG: Outbound stream to 169.254.144.1:5367 finished (0 bytes still in flight).
DEBUG: Outbound stream to 169.254.144.1:5367 has been fully acknowledged.

        Start 153: t_icnD_128K_8K_l
151/162 Test #153: t_icnD_128K_8K_l .................***Failed    0.39 sec
DEBUG: Connecting to 169.254.144.1:16532... done.
Exception in TCPConnection runner thread: TCPConnection::write() accepted less than advertised length
terminate called after throwing an instance of 'std::exception'
  what():  std::exception
/home/bc/cs144/sponge/txrx.sh: line 110:  5030 Aborted                 (core dumped) $3 $4 ${SERVER_PORT} > "$1" < "$2"
Error in _rt_connect

        Start 154: t_icnD_128K_8K_L
152/162 Test #154: t_icnD_128K_8K_L .................***Failed    0.36 sec
DEBUG: Connecting to 169.254.144.1:4544... done.
Exception in TCPConnection runner thread: TCPConnection::write() accepted less than advertised length
terminate called after throwing an instance of 'std::exception'
  what():  std::exception
/home/bc/cs144/sponge/txrx.sh: line 110:  5059 Aborted                 (core dumped) $3 $4 ${SERVER_PORT} > "$1" < "$2"
Error in _rt_connect

        Start 155: t_icnD_128K_8K_lL
153/162 Test #155: t_icnD_128K_8K_lL ................***Failed    0.32 sec
DEBUG: Connecting to 169.254.144.1:16383... done.
Exception in TCPConnection runner thread: TCPConnection::write() accepted less than advertised length
terminate called after throwing an instance of 'std::exception'
  what():  std::exception
/home/bc/cs144/sponge/txrx.sh: line 110:  5080 Aborted                 (core dumped) $3 $4 ${SERVER_PORT} > "$1" < "$2"
Error in _rt_connect

        Start 156: t_isnS_128K_8K_l
154/162 Test #156: t_isnS_128K_8K_l .................***Timeout  10.00 sec
DEBUG: Listening for incoming connection... new connection from 169.254.144.1:42968.
Exception in TCPConnection runner thread: TCPConnection::write() accepted less than advertised length
terminate called after throwing an instance of 'std::exception'
  what():  std::exception

        Start 157: t_isnS_128K_8K_L
155/162 Test #157: t_isnS_128K_8K_L .................***Timeout  10.00 sec
DEBUG: Listening for incoming connection... new connection from 169.254.144.1:45126.
Exception in TCPConnection runner thread: TCPConnection::write() accepted less than advertised length
terminate called after throwing an instance of 'std::exception'
  what():  std::exception

        Start 158: t_isnS_128K_8K_lL
156/162 Test #158: t_isnS_128K_8K_lL ................***Timeout  10.00 sec
DEBUG: Listening for incoming connection... new connection from 169.254.144.1:42926.
Exception in TCPConnection runner thread: TCPConnection::write() accepted less than advertised length
terminate called after throwing an instance of 'std::exception'
  what():  std::exception

        Start 159: t_isnR_128K_8K_l
157/162 Test #159: t_isnR_128K_8K_l .................***Timeout  10.02 sec
DEBUG: Listening for incoming connection... new connection from 169.254.144.1:43460.
DEBUG: Outbound stream to 169.254.144.1:43460 finished (0 bytes still in flight).
DEBUG: Outbound stream to 169.254.144.1:43460 has been fully acknowledged.

        Start 160: t_isnR_128K_8K_L
158/162 Test #160: t_isnR_128K_8K_L .................***Timeout  10.02 sec
DEBUG: Listening for incoming connection... new connection from 169.254.144.1:36776.
DEBUG: Outbound stream to 169.254.144.1:36776 finished (0 bytes still in flight).
DEBUG: Outbound stream to 169.254.144.1:36776 has been fully acknowledged.

        Start 161: t_isnR_128K_8K_lL
159/162 Test #161: t_isnR_128K_8K_lL ................***Timeout  10.02 sec
DEBUG: Listening for incoming connection... new connection from 169.254.144.1:55768.
DEBUG: Outbound stream to 169.254.144.1:55768 finished (0 bytes still in flight).
DEBUG: Outbound stream to 169.254.144.1:55768 has been fully acknowledged.

        Start 162: t_isnD_128K_8K_l
160/162 Test #162: t_isnD_128K_8K_l .................***Timeout  10.00 sec
DEBUG: Listening for incoming connection... new connection from 169.254.144.1:44838.
Exception in TCPConnection runner thread: TCPConnection::write() accepted less than advertised length
terminate called after throwing an instance of 'std::exception'
  what():  std::exception

        Start 163: t_isnD_128K_8K_L
161/162 Test #163: t_isnD_128K_8K_L .................***Timeout  10.00 sec
DEBUG: Listening for incoming connection... new connection from 169.254.144.1:44468.
Exception in TCPConnection runner thread: TCPConnection::write() accepted less than advertised length
terminate called after throwing an instance of 'std::exception'
  what():  std::exception

        Start 164: t_isnD_128K_8K_lL
162/162 Test #164: t_isnD_128K_8K_lL ................***Timeout  10.00 sec
DEBUG: Listening for incoming connection... new connection from 169.254.144.1:56668.
Exception in TCPConnection runner thread: TCPConnection::write() accepted less than advertised length
terminate called after throwing an instance of 'std::exception'
  what():  std::exception


23% tests passed, 125 tests failed out of 162

Total Test time (real) = 501.00 sec

The following tests FAILED:
	 36 - t_active_close (Failed)
	 37 - t_passive_close (Failed)
	 38 - t_ack_rst (Failed)
	 39 - t_ack_rst_win (Failed)
	 40 - t_connect (Failed)
	 42 - t_winsize (Failed)
	 43 - t_retx (Failed)
	 44 - t_retx_win (Failed)
	 45 - t_loopback (Failed)
	 46 - t_loopback_win (Failed)
	 47 - t_reorder (Failed)
	 51 - t_udp_client_send (Failed)
	 52 - t_udp_server_send (Timeout)
	 53 - t_udp_client_recv (Timeout)
	 54 - t_udp_server_recv (Failed)
	 55 - t_udp_client_dupl (Failed)
	 56 - t_udp_server_dupl (Failed)
	 57 - t_ucS_1M_32k (Failed)
	 58 - t_ucS_128K_8K (Failed)
	 59 - t_ucS_16_1 (Failed)
	 60 - t_ucS_32K_d (Failed)
	 61 - t_ucR_1M_32k (Timeout)
	 62 - t_ucR_128K_8K (Timeout)
	 63 - t_ucR_16_1 (Timeout)
	 64 - t_ucR_32K_d (Timeout)
	 65 - t_ucD_1M_32k (Failed)
	 66 - t_ucD_128K_8K (Failed)
	 67 - t_ucD_16_1 (Failed)
	 68 - t_ucD_32K_d (Failed)
	 69 - t_usS_1M_32k (Timeout)
	 70 - t_usS_128K_8K (Timeout)
	 71 - t_usS_16_1 (Timeout)
	 72 - t_usS_32K_d (Timeout)
	 73 - t_usR_1M_32k (Failed)
	 74 - t_usR_128K_8K (Failed)
	 75 - t_usR_16_1 (Failed)
	 76 - t_usR_32K_d (Failed)
	 77 - t_usD_1M_32k (Failed)
	 78 - t_usD_128K_8K (Failed)
	 79 - t_usD_16_1 (Failed)
	 80 - t_usD_32K_d (Failed)
	 81 - t_ucS_128K_8K_l (Failed)
	 82 - t_ucS_128K_8K_L (Failed)
	 83 - t_ucS_128K_8K_lL (Failed)
	 84 - t_ucR_128K_8K_l (Timeout)
	 85 - t_ucR_128K_8K_L (Timeout)
	 86 - t_ucR_128K_8K_lL (Timeout)
	 87 - t_ucD_128K_8K_l (Failed)
	 88 - t_ucD_128K_8K_L (Failed)
	 89 - t_ucD_128K_8K_lL (Failed)
	 90 - t_usS_128K_8K_l (Timeout)
	 91 - t_usS_128K_8K_L (Timeout)
	 92 - t_usS_128K_8K_lL (Timeout)
	 93 - t_usR_128K_8K_l (Failed)
	 94 - t_usR_128K_8K_L (Failed)
	 95 - t_usR_128K_8K_lL (Timeout)
	 96 - t_usD_128K_8K_l (Failed)
	 97 - t_usD_128K_8K_L (Timeout)
	 98 - t_usD_128K_8K_lL (Timeout)
	 99 - t_ipv4_client_send (Failed)
	100 - t_ipv4_server_send (Timeout)
	101 - t_ipv4_client_recv (Timeout)
	102 - t_ipv4_server_recv (Failed)
	103 - t_ipv4_client_dupl (Failed)
	104 - t_ipv4_server_dupl (Failed)
	105 - t_icS_1M_32k (Failed)
	106 - t_icS_128K_8K (Failed)
	107 - t_icS_16_1 (Failed)
	108 - t_icS_32K_d (Failed)
	109 - t_icR_1M_32k (Timeout)
	110 - t_icR_128K_8K (Timeout)
	111 - t_icR_16_1 (Timeout)
	112 - t_icR_32K_d (Timeout)
	113 - t_icD_1M_32k (Failed)
	114 - t_icD_128K_8K (Failed)
	115 - t_icD_16_1 (Failed)
	116 - t_icD_32K_d (Failed)
	117 - t_isS_1M_32k (Timeout)
	118 - t_isS_128K_8K (Timeout)
	119 - t_isS_16_1 (Timeout)
	120 - t_isS_32K_d (Timeout)
	121 - t_isR_1M_32k (Failed)
	122 - t_isR_128K_8K (Failed)
	123 - t_isR_16_1 (Failed)
	124 - t_isR_32K_d (Failed)
	125 - t_isD_1M_32k (Failed)
	126 - t_isD_128K_8K (Failed)
	127 - t_isD_16_1 (Failed)
	128 - t_isD_32K_d (Failed)
	129 - t_icS_128K_8K_l (Failed)
	130 - t_icS_128K_8K_L (Failed)
	131 - t_icS_128K_8K_lL (Failed)
	132 - t_icR_128K_8K_l (Timeout)
	133 - t_icR_128K_8K_L (Timeout)
	134 - t_icR_128K_8K_lL (Timeout)
	135 - t_icD_128K_8K_l (Failed)
	136 - t_icD_128K_8K_L (Failed)
	137 - t_icD_128K_8K_lL (Failed)
	138 - t_isS_128K_8K_l (Timeout)
	139 - t_isS_128K_8K_L (Timeout)
	140 - t_isS_128K_8K_lL (Timeout)
	141 - t_isR_128K_8K_l (Failed)
	142 - t_isR_128K_8K_L (Failed)
	143 - t_isR_128K_8K_lL (Failed)
	144 - t_isD_128K_8K_l (Failed)
	145 - t_isD_128K_8K_L (Failed)
	146 - t_isD_128K_8K_lL (Failed)
	147 - t_icnS_128K_8K_l (Failed)
	148 - t_icnS_128K_8K_L (Failed)
	149 - t_icnS_128K_8K_lL (Failed)
	150 - t_icnR_128K_8K_l (Timeout)
	151 - t_icnR_128K_8K_L (Timeout)
	152 - t_icnR_128K_8K_lL (Timeout)
	153 - t_icnD_128K_8K_l (Failed)
	154 - t_icnD_128K_8K_L (Failed)
	155 - t_icnD_128K_8K_lL (Failed)
	156 - t_isnS_128K_8K_l (Timeout)
	157 - t_isnS_128K_8K_L (Timeout)
	158 - t_isnS_128K_8K_lL (Timeout)
	159 - t_isnR_128K_8K_l (Timeout)
	160 - t_isnR_128K_8K_L (Timeout)
	161 - t_isnR_128K_8K_lL (Timeout)
	162 - t_isnD_128K_8K_l (Timeout)
	163 - t_isnD_128K_8K_L (Timeout)
	164 - t_isnD_128K_8K_lL (Timeout)
Errors while running CTest
CMakeFiles/check_lab4.dir/build.make:57: recipe for target 'CMakeFiles/check_lab4' failed
make[3]: *** [CMakeFiles/check_lab4] Error 8
CMakeFiles/Makefile2:227: recipe for target 'CMakeFiles/check_lab4.dir/all' failed
make[2]: *** [CMakeFiles/check_lab4.dir/all] Error 2
CMakeFiles/Makefile2:234: recipe for target 'CMakeFiles/check_lab4.dir/rule' failed
make[1]: *** [CMakeFiles/check_lab4.dir/rule] Error 2
Makefile:194: recipe for target 'check_lab4' failed
make: *** [check_lab4] Error 2
