[100%] Testing the TCP sender...
Test project /root/cs144/sponge/build
      Start  1: t_wrapping_ints_cmp
 1/33 Test  #1: t_wrapping_ints_cmp ..............   Passed    0.02 sec
      Start  2: t_wrapping_ints_unwrap
 2/33 Test  #2: t_wrapping_ints_unwrap ...........   Passed    0.01 sec
      Start  3: t_wrapping_ints_wrap
 3/33 Test  #3: t_wrapping_ints_wrap .............   Passed    0.01 sec
      Start  4: t_wrapping_ints_roundtrip
 4/33 Test  #4: t_wrapping_ints_roundtrip ........   Passed    1.50 sec
      Start  5: t_recv_connect
 5/33 Test  #5: t_recv_connect ...................   Passed    0.01 sec
      Start  6: t_recv_transmit
 6/33 Test  #6: t_recv_transmit ..................   Passed    0.12 sec
      Start  7: t_recv_window
 7/33 Test  #7: t_recv_window ....................   Passed    0.01 sec
      Start  8: t_recv_reorder
 8/33 Test  #8: t_recv_reorder ...................   Passed    0.01 sec
      Start  9: t_recv_close
 9/33 Test  #9: t_recv_close .....................   Passed    0.01 sec
      Start 10: t_recv_special
10/33 Test #10: t_recv_special ...................   Passed    0.01 sec
      Start 11: t_send_connect
11/33 Test #11: t_send_connect ...................***Failed    0.01 sec
Test Failure on expectation:
	Expectation: no (more) segments

Failure message:
	The TCPSender sent a segment, but should not have. Segment info:
	Header(flags=,seqno=670908140,ack=0,win=0) with 8 bytes

List of steps that executed successfully:
	Initialized with (retx-timeout=1000) and called fill_window()
	Expectation: in state `stream started but nothing acknowledged`
	Expectation: segment sent with (A=0,R=0,S=1,F=0,seqno=670908139,payload_size=0,...)
	Expectation: 1 bytes in flight
	Action:      ack 670908140 winsize 137
	Expectation: in state `stream ongoing`
	Expectation: no (more) segments
	Expectation: 0 bytes in flight
	Action:      write bytes: "abcdefgh"
	Action:      1 ms pass
	Expectation: in state `stream ongoing`
	Expectation: segment sent with (seqno=670908140,"abcdefgh",...)
	Expectation: 8 bytes in flight
	Action:      ack 670908148 winsize 137
	Expectation: in state `stream ongoing`

The test "SYN acked, data" failed

      Start 12: t_send_transmit
12/33 Test #12: t_send_transmit ..................   Passed    0.17 sec
      Start 13: t_send_retx
13/33 Test #13: t_send_retx ......................***Failed    0.01 sec
Test Failure on expectation:
	Expectation: no (more) segments

Failure message:
	The TCPSender sent a segment, but should not have. Segment info:
	Header(flags=S,seqno=556384999,ack=0,win=0) with 0 bytes

List of steps that executed successfully:
	Initialized with (retx-timeout=538) and called fill_window()
	Expectation: segment sent with (A=0,R=0,S=1,F=0,seqno=556384999,payload_size=0,...)
	Expectation: no (more) segments
	Expectation: in state `stream started but nothing acknowledged`
	Action:      537 ms pass

The test "Retx SYN twice at the right times, then ack" failed

      Start 14: t_send_window
14/33 Test #14: t_send_window ....................***Timeout  10.00 sec

      Start 15: t_send_ack
15/33 Test #15: t_send_ack .......................   Passed    0.01 sec
      Start 16: t_send_close
16/33 Test #16: t_send_close .....................***Timeout  10.00 sec

      Start 17: t_send_extra
17/33 Test #17: t_send_extra .....................***Failed    0.01 sec
Test Failure on expectation:
	Expectation: no (more) segments

Failure message:
	The TCPSender sent a segment, but should not have. Segment info:
	Header(flags=,seqno=2739036951,ack=0,win=0) with 3 bytes

List of steps that executed successfully:
	Initialized with (retx-timeout=5810) and called fill_window()
	Expectation: segment sent with (A=0,R=0,S=1,F=0,seqno=2739036950,payload_size=0,...)
	Action:      ack 2739036951 winsize 1000
	Expectation: in state `stream ongoing`
	Action:      write bytes: "abc"
	Expectation: segment sent with (seqno=2739036951,payload_size=3,"abc",...)
	Action:      5805 ms pass

The test "If already running, timer stays running when new segment sent" failed

      Start 18: t_strm_reassem_single
18/33 Test #18: t_strm_reassem_single ............   Passed    0.01 sec
      Start 19: t_strm_reassem_seq
19/33 Test #19: t_strm_reassem_seq ...............   Passed    0.01 sec
      Start 20: t_strm_reassem_dup
20/33 Test #20: t_strm_reassem_dup ...............   Passed    0.01 sec
      Start 21: t_strm_reassem_holes
21/33 Test #21: t_strm_reassem_holes .............   Passed    0.01 sec
      Start 22: t_strm_reassem_many
22/33 Test #22: t_strm_reassem_many ..............   Passed    0.61 sec
      Start 23: t_strm_reassem_overlapping
23/33 Test #23: t_strm_reassem_overlapping .......   Passed    0.01 sec
      Start 24: t_strm_reassem_win
24/33 Test #24: t_strm_reassem_win ...............***Failed    0.87 sec
Exception: test 2 - content of RX bytes is incorrect

      Start 25: t_strm_reassem_cap
25/33 Test #25: t_strm_reassem_cap ...............   Passed    0.20 sec
      Start 26: t_byte_stream_construction
26/33 Test #26: t_byte_stream_construction .......   Passed    0.01 sec
      Start 27: t_byte_stream_one_write
27/33 Test #27: t_byte_stream_one_write ..........   Passed    0.01 sec
      Start 28: t_byte_stream_two_writes
28/33 Test #28: t_byte_stream_two_writes .........   Passed    0.01 sec
      Start 29: t_byte_stream_capacity
29/33 Test #29: t_byte_stream_capacity ...........   Passed    1.30 sec
      Start 30: t_byte_stream_many_writes
30/33 Test #30: t_byte_stream_many_writes ........   Passed    0.04 sec
      Start 53: t_address_dt
31/33 Test #53: t_address_dt .....................   Passed    0.01 sec
      Start 54: t_parser_dt
32/33 Test #54: t_parser_dt ......................   Passed    0.01 sec
      Start 55: t_socket_dt
33/33 Test #55: t_socket_dt ......................   Passed    0.02 sec

82% tests passed, 6 tests failed out of 33

Total Test time (real) =  25.03 sec

The following tests FAILED:
	 11 - t_send_connect (Failed)
	 13 - t_send_retx (Failed)
	 14 - t_send_window (Timeout)
	 16 - t_send_close (Timeout)
	 17 - t_send_extra (Failed)
	 24 - t_strm_reassem_win (Failed)
Errors while running CTest
CMakeFiles/check_lab3.dir/build.make:57: recipe for target 'CMakeFiles/check_lab3' failed
make[3]: *** [CMakeFiles/check_lab3] Error 8
CMakeFiles/Makefile2:131: recipe for target 'CMakeFiles/check_lab3.dir/all' failed
make[2]: *** [CMakeFiles/check_lab3.dir/all] Error 2
CMakeFiles/Makefile2:138: recipe for target 'CMakeFiles/check_lab3.dir/rule' failed
make[1]: *** [CMakeFiles/check_lab3.dir/rule] Error 2
Makefile:155: recipe for target 'check_lab3' failed
make: *** [check_lab3] Error 2
