[100%] Testing the TCP sender...
Test project /root/cs144/sponge/build
      Start  1: t_wrapping_ints_cmp
 1/33 Test  #1: t_wrapping_ints_cmp ..............   Passed    0.00 sec
      Start  2: t_wrapping_ints_unwrap
 2/33 Test  #2: t_wrapping_ints_unwrap ...........   Passed    0.00 sec
      Start  3: t_wrapping_ints_wrap
 3/33 Test  #3: t_wrapping_ints_wrap .............   Passed    0.00 sec
      Start  4: t_wrapping_ints_roundtrip
 4/33 Test  #4: t_wrapping_ints_roundtrip ........   Passed    0.84 sec
      Start  5: t_recv_connect
 5/33 Test  #5: t_recv_connect ...................   Passed    0.01 sec
      Start  6: t_recv_transmit
 6/33 Test  #6: t_recv_transmit ..................   Passed    0.14 sec
      Start  7: t_recv_window
 7/33 Test  #7: t_recv_window ....................   Passed    0.01 sec
      Start  8: t_recv_reorder
 8/33 Test  #8: t_recv_reorder ...................   Passed    0.01 sec
      Start  9: t_recv_close
 9/33 Test  #9: t_recv_close .....................   Passed    0.01 sec
      Start 10: t_recv_special
10/33 Test #10: t_recv_special ...................   Passed    0.01 sec
      Start 11: t_send_connect
11/33 Test #11: t_send_connect ...................   Passed    0.01 sec
      Start 12: t_send_transmit
12/33 Test #12: t_send_transmit ..................   Passed    0.16 sec
      Start 13: t_send_retx
13/33 Test #13: t_send_retx ......................   Passed    0.01 sec
      Start 14: t_send_window
14/33 Test #14: t_send_window ....................***Failed    0.12 sec
Test Failure on expectation:
	Expectation: no (more) segments

Failure message:
	The TCPSender sent a segment, but should not have. Segment info:
	Header(flags=F,seqno=4064238490,ack=0,win=0) with 0 bytes

List of steps that executed successfully:
	Initialized with (retx-timeout=1000) and called fill_window()
	Expectation: segment sent with (A=0,R=0,S=1,F=0,seqno=4064238481,payload_size=0,...)
	Action:      ack 4064238482 winsize 7
	Expectation: no (more) segments
	Action:      write bytes: "1234567"
	Action:      close
	Expectation: segment sent with (A=0,R=0,S=0,F=0,"1234567",...)
	Expectation: no (more) segments
	Action:      ack 4064238482 winsize 8
	Expectation: segment sent with (F=1,"",...)

The test "FIN flag occupies space in window (part II)" failed

      Start 15: t_send_ack
15/33 Test #15: t_send_ack .......................   Passed    0.01 sec
      Start 16: t_send_close
16/33 Test #16: t_send_close .....................***Failed    0.01 sec
Test Failure on expectation:
	Expectation: in state `stream finished and fully acknowledged`

Failure message:
	The TCPSender was in state `stream finished (FIN sent) but not fully acknowledged`, but it was expected to be in state `stream finished and fully acknowledged`

List of steps that executed successfully:
	Initialized with (retx-timeout=1000) and called fill_window()
	Expectation: segment sent with (A=0,R=0,S=1,F=0,seqno=551462567,payload_size=0,...)
	Action:      ack 551462568 winsize 137
	Expectation: in state `stream ongoing`
	Action:      close
	Expectation: in state `stream finished (FIN sent) but not fully acknowledged`
	Expectation: segment sent with (F=1,seqno=551462568,...)
	Action:      ack 551462569 winsize 137

The test "FIN acked test" failed

      Start 17: t_send_extra
17/33 Test #17: t_send_extra .....................***Failed    0.01 sec
Test Failure on expectation:
	Expectation: segment sent with (A=0,R=0,S=0,F=0,seqno=2006424757,payload_size=1452,"lzywdslxdyfwbeha...",...)

Failure message:
	The Sender produced a segment with `payload_size = 112`, but payload_size was expected to be `1452`

List of steps that executed successfully:
	Initialized with (retx-timeout=1000) and called fill_window()
	Action:      write bytes: "bndwavfympmxsbik..."
	Expectation: segment sent with (A=0,R=0,S=1,F=0,seqno=2006392812,payload_size=0,...)
	Action:      ack 2006392813 winsize 58816
	Expectation: in state `stream ongoing`
	Expectation: segment sent with (A=0,R=0,S=0,F=0,seqno=2006392813,payload_size=1452,"bndwavfympmxsbik...",...)
	Expectation: segment sent with (A=0,R=0,S=0,F=0,seqno=2006394265,payload_size=1452,"sjyawhnzansstloh...",...)
	Expectation: segment sent with (A=0,R=0,S=0,F=0,seqno=2006395717,payload_size=1452,"gcurpnyuefreqpsm...",...)
	Expectation: segment sent with (A=0,R=0,S=0,F=0,seqno=2006397169,payload_size=1452,"mkpriiryskxrwdte...",...)
	Expectation: segment sent with (A=0,R=0,S=0,F=0,seqno=2006398621,payload_size=1452,"awdkhyfmgdbpamuv...",...)
	Expectation: segment sent with (A=0,R=0,S=0,F=0,seqno=2006400073,payload_size=1452,"ajbgynhfcfiheqby...",...)
	Expectation: segment sent with (A=0,R=0,S=0,F=0,seqno=2006401525,payload_size=1452,"rmfymxkswpboedxh...",...)
	Expectation: segment sent with (A=0,R=0,S=0,F=0,seqno=2006402977,payload_size=1452,"agjnewoxqtupoxtu...",...)
	Expectation: segment sent with (A=0,R=0,S=0,F=0,seqno=2006404429,payload_size=1452,"bhjxonagxvxgqgfh...",...)
	Expectation: segment sent with (A=0,R=0,S=0,F=0,seqno=2006405881,payload_size=1452,"juvucxnwqcvxtpaj...",...)
	Expectation: segment sent with (A=0,R=0,S=0,F=0,seqno=2006407333,payload_size=1452,"iwrrojahgxrjkmpi...",...)
	Expectation: segment sent with (A=0,R=0,S=0,F=0,seqno=2006408785,payload_size=1452,"hugqnupympeehyob...",...)
	Expectation: segment sent with (A=0,R=0,S=0,F=0,seqno=2006410237,payload_size=1452,"wikokmlsvznikywm...",...)
	Expectation: segment sent with (A=0,R=0,S=0,F=0,seqno=2006411689,payload_size=1452,"enoaunrgwcfgupll...",...)
	Expectation: segment sent with (A=0,R=0,S=0,F=0,seqno=2006413141,payload_size=1452,"etxvzoqqgviziayr...",...)
	Expectation: segment sent with (A=0,R=0,S=0,F=0,seqno=2006414593,payload_size=1452,"mhvgmvnmashueebl...",...)
	Expectation: segment sent with (A=0,R=0,S=0,F=0,seqno=2006416045,payload_size=1452,"bgedsctjikelwdrb...",...)
	Expectation: segment sent with (A=0,R=0,S=0,F=0,seqno=2006417497,payload_size=1452,"dabzniexnrwlfpmb...",...)
	Expectation: segment sent with (A=0,R=0,S=0,F=0,seqno=2006418949,payload_size=1452,"ajkexdwrackwoixz...",...)
	Expectation: segment sent with (A=0,R=0,S=0,F=0,seqno=2006420401,payload_size=1452,"pchjbbdbkmptzpiu...",...)
	Expectation: segment sent with (A=0,R=0,S=0,F=0,seqno=2006421853,payload_size=1452,"cmliuzfkjjvlbwqs...",...)
	Expectation: segment sent with (A=0,R=0,S=0,F=0,seqno=2006423305,payload_size=1452,"kqbjwzxogckxczis...",...)

The test "fill_window() correctly fills a big window" failed

      Start 18: t_strm_reassem_single
18/33 Test #18: t_strm_reassem_single ............   Passed    0.01 sec
      Start 19: t_strm_reassem_seq
19/33 Test #19: t_strm_reassem_seq ...............   Passed    0.01 sec
      Start 20: t_strm_reassem_dup
20/33 Test #20: t_strm_reassem_dup ...............   Passed    0.01 sec
      Start 21: t_strm_reassem_holes
21/33 Test #21: t_strm_reassem_holes .............   Passed    0.01 sec
      Start 22: t_strm_reassem_many
22/33 Test #22: t_strm_reassem_many ..............   Passed    0.63 sec
      Start 23: t_strm_reassem_overlapping
23/33 Test #23: t_strm_reassem_overlapping .......   Passed    0.01 sec
      Start 24: t_strm_reassem_win
24/33 Test #24: t_strm_reassem_win ...............***Failed    0.02 sec
Exception: test 2 - content of RX bytes is incorrect

      Start 25: t_strm_reassem_cap
25/33 Test #25: t_strm_reassem_cap ...............   Passed    0.19 sec
      Start 26: t_byte_stream_construction
26/33 Test #26: t_byte_stream_construction .......   Passed    0.01 sec
      Start 27: t_byte_stream_one_write
27/33 Test #27: t_byte_stream_one_write ..........   Passed    0.00 sec
      Start 28: t_byte_stream_two_writes
28/33 Test #28: t_byte_stream_two_writes .........   Passed    0.00 sec
      Start 29: t_byte_stream_capacity
29/33 Test #29: t_byte_stream_capacity ...........   Passed    1.42 sec
      Start 30: t_byte_stream_many_writes
30/33 Test #30: t_byte_stream_many_writes ........   Passed    0.02 sec
      Start 53: t_address_dt
31/33 Test #53: t_address_dt .....................   Passed    0.01 sec
      Start 54: t_parser_dt
32/33 Test #54: t_parser_dt ......................   Passed    0.01 sec
      Start 55: t_socket_dt
33/33 Test #55: t_socket_dt ......................   Passed    0.01 sec

88% tests passed, 4 tests failed out of 33

Total Test time (real) =   3.74 sec

The following tests FAILED:
	 14 - t_send_window (Failed)
	 16 - t_send_close (Failed)
	 17 - t_send_extra (Failed)
	 24 - t_strm_reassem_win (Failed)
Errors while running CTest
CMakeFiles/check_lab3.dir/build.make:57: recipe for target 'CMakeFiles/check_lab3' failed
make[3]: *** [CMakeFiles/check_lab3] Error 8
CMakeFiles/Makefile2:131: recipe for target 'CMakeFiles/check_lab3.dir/all' failed
make[2]: *** [CMakeFiles/check_lab3.dir/all] Error 2
CMakeFiles/Makefile2:138: recipe for target 'CMakeFiles/check_lab3.dir/rule' failed
make[1]: *** [CMakeFiles/check_lab3.dir/rule] Error 2
Makefile:155: recipe for target 'check_lab3' failed
make: *** [check_lab3] Error 2
