[100%] Testing the TCP connection...
Test project /home/elon/cs144/sponge/build
        Start   1: t_wrapping_ints_cmp
  1/159 Test   #1: t_wrapping_ints_cmp ..............   Passed    0.00 sec
        Start   2: t_wrapping_ints_unwrap
  2/159 Test   #2: t_wrapping_ints_unwrap ...........   Passed    0.00 sec
        Start   3: t_wrapping_ints_wrap
  3/159 Test   #3: t_wrapping_ints_wrap .............   Passed    0.00 sec
        Start   4: t_recv_connect
  4/159 Test   #4: t_recv_connect ...................   Passed    0.00 sec
        Start   5: t_recv_transmit
  5/159 Test   #5: t_recv_transmit ..................   Passed    0.25 sec
        Start   6: t_recv_window
  6/159 Test   #6: t_recv_window ....................   Passed    0.00 sec
        Start   7: t_recv_reorder
  7/159 Test   #7: t_recv_reorder ...................   Passed    0.00 sec
        Start   8: t_recv_close
  8/159 Test   #8: t_recv_close .....................   Passed    0.00 sec
        Start   9: t_send_connect
  9/159 Test   #9: t_send_connect ...................   Passed    0.00 sec
        Start  10: t_send_transmit
 10/159 Test  #10: t_send_transmit ..................   Passed    0.26 sec
        Start  11: t_send_retx
 11/159 Test  #11: t_send_retx ......................   Passed    0.01 sec
        Start  12: t_send_window
 12/159 Test  #12: t_send_window ....................   Passed    0.10 sec
        Start  13: t_send_ack
 13/159 Test  #13: t_send_ack .......................   Passed    0.00 sec
        Start  14: t_send_close
 14/159 Test  #14: t_send_close .....................   Passed    0.00 sec
        Start  15: t_strm_reassem_single
 15/159 Test  #15: t_strm_reassem_single ............   Passed    0.00 sec
        Start  16: t_strm_reassem_seq
 16/159 Test  #16: t_strm_reassem_seq ...............   Passed    0.00 sec
        Start  17: t_strm_reassem_dup
 17/159 Test  #17: t_strm_reassem_dup ...............   Passed    0.01 sec
        Start  18: t_strm_reassem_holes
 18/159 Test  #18: t_strm_reassem_holes .............   Passed    0.00 sec
        Start  19: t_strm_reassem_many
 19/159 Test  #19: t_strm_reassem_many ..............   Passed    5.75 sec
        Start  20: t_strm_reassem_overlapping
 20/159 Test  #20: t_strm_reassem_overlapping .......   Passed    0.01 sec
        Start  21: t_strm_reassem_win
 21/159 Test  #21: t_strm_reassem_win ...............   Passed    5.20 sec
        Start  22: t_strm_reassem_cap
 22/159 Test  #22: t_strm_reassem_cap ...............   Passed    0.34 sec
        Start  23: t_byte_stream_construction
 23/159 Test  #23: t_byte_stream_construction .......   Passed    0.00 sec
        Start  24: t_byte_stream_one_write
 24/159 Test  #24: t_byte_stream_one_write ..........   Passed    0.00 sec
        Start  25: t_byte_stream_two_writes
 25/159 Test  #25: t_byte_stream_two_writes .........   Passed    0.01 sec
        Start  26: t_byte_stream_capacity
 26/159 Test  #26: t_byte_stream_capacity ...........   Passed    3.26 sec
        Start  27: t_byte_stream_many_writes
 27/159 Test  #27: t_byte_stream_many_writes ........   Passed    0.02 sec
        Start  28: t_webget
 28/159 Test  #28: t_webget .........................   Passed    0.72 sec
        Start  31: t_tcp_parser
 29/159 Test  #31: t_tcp_parser .....................   Passed    0.01 sec
        Start  32: t_ipv4_parser
 30/159 Test  #32: t_ipv4_parser ....................   Passed    0.02 sec
        Start  33: t_active_close
 31/159 Test  #33: t_active_close ...................***Failed    0.01 sec
Received: 
TCP source port: 0
TCP dest port: 0
TCP seqno: 0
TCP ackno: 1
TCP doff: 5
Flags: urg: false ack: true psh: false rst: false syn: true fin: false
TCP winsize: 89
TCP cksum: 0
TCP uptr: 0

Sent: 
TCP source port: 0
TCP dest port: 0
TCP seqno: 1
TCP ackno: 1
TCP doff: 5
Flags: urg: false ack: true psh: false rst: false syn: false fin: false
TCP winsize: fa00
TCP cksum: 0
TCP uptr: 0

Sent: 
TCP source port: 0
TCP dest port: 0
TCP seqno: 1
TCP ackno: 1
TCP doff: 5
Flags: urg: false ack: true psh: false rst: false syn: false fin: true
TCP winsize: fa00
TCP cksum: 0
TCP uptr: 0

Received: 
TCP source port: 0
TCP dest port: 0
TCP seqno: 1
TCP ackno: 2
TCP doff: 5
Flags: urg: false ack: true psh: false rst: false syn: false fin: true
TCP winsize: 89
TCP cksum: 0
TCP uptr: 0

Sent: 
TCP source port: 0
TCP dest port: 0
TCP seqno: 2
TCP ackno: 2
TCP doff: 5
Flags: urg: false ack: true psh: false rst: false syn: false fin: false
TCP winsize: fa00
TCP cksum: 0
TCP uptr: 0

Sent: 
TCP source port: 0
TCP dest port: 0
TCP seqno: 2
TCP ackno: 2
TCP doff: 5
Flags: urg: false ack: true psh: false rst: false syn: false fin: true
TCP winsize: fa00
TCP cksum: 0
TCP uptr: 0

Received: 
TCP source port: 0
TCP dest port: 0
TCP seqno: 0
TCP ackno: 1
TCP doff: 5
Flags: urg: false ack: true psh: false rst: false syn: true fin: false
TCP winsize: 89
TCP cksum: 0
TCP uptr: 0

Sent: 
TCP source port: 0
TCP dest port: 0
TCP seqno: 1
TCP ackno: 1
TCP doff: 5
Flags: urg: false ack: true psh: false rst: false syn: false fin: false
TCP winsize: fa00
TCP cksum: 0
TCP uptr: 0

Sent: 
TCP source port: 0
TCP dest port: 0
TCP seqno: 1
TCP ackno: 1
TCP doff: 5
Flags: urg: false ack: true psh: false rst: false syn: false fin: true
TCP winsize: fa00
TCP cksum: 0
TCP uptr: 0

Received: 
TCP source port: 0
TCP dest port: 0
TCP seqno: 1
TCP ackno: 1
TCP doff: 5
Flags: urg: false ack: true psh: false rst: false syn: false fin: true
TCP winsize: 89
TCP cksum: 0
TCP uptr: 0

Sent: 
TCP source port: 0
TCP dest port: 0
TCP seqno: 2
TCP ackno: 2
TCP doff: 5
Flags: urg: false ack: true psh: false rst: false syn: false fin: false
TCP winsize: fa00
TCP cksum: 0
TCP uptr: 0

Sent: 
TCP source port: 0
TCP dest port: 0
TCP seqno: 1
TCP ackno: 2
TCP doff: 5
Flags: urg: false ack: true psh: false rst: false syn: false fin: true
TCP winsize: fa00
TCP cksum: 0
TCP uptr: 0

Received: 
TCP source port: 0
TCP dest port: 0
TCP seqno: 2
TCP ackno: 2
TCP doff: 5
Flags: urg: false ack: true psh: false rst: false syn: false fin: false
TCP winsize: 89
TCP cksum: 0
TCP uptr: 0

Sent: 
TCP source port: 0
TCP dest port: 0
TCP seqno: 2
TCP ackno: 2
TCP doff: 5
Flags: urg: false ack: true psh: false rst: false syn: false fin: true
TCP winsize: fa00
TCP cksum: 0
TCP uptr: 0

Received: 
TCP source port: 0
TCP dest port: 0
TCP seqno: 0
TCP ackno: 1
TCP doff: 5
Flags: urg: false ack: true psh: false rst: false syn: true fin: false
TCP winsize: 89
TCP cksum: 0
TCP uptr: 0

Sent: 
TCP source port: 0
TCP dest port: 0
TCP seqno: 1
TCP ackno: 1
TCP doff: 5
Flags: urg: false ack: true psh: false rst: false syn: false fin: false
TCP winsize: fa00
TCP cksum: 0
TCP uptr: 0

Sent: 
TCP source port: 0
TCP dest port: 0
TCP seqno: 1
TCP ackno: 1
TCP doff: 5
Flags: urg: false ack: true psh: false rst: false syn: false fin: true
TCP winsize: fa00
TCP cksum: 0
TCP uptr: 0

Received: 
TCP source port: 0
TCP dest port: 0
TCP seqno: 1
TCP ackno: 2
TCP doff: 5
Flags: urg: false ack: true psh: false rst: false syn: false fin: false
TCP winsize: 89
TCP cksum: 0
TCP uptr: 0

Received: 
TCP source port: 0
TCP dest port: 0
TCP seqno: 1
TCP ackno: 2
TCP doff: 5
Flags: urg: false ack: true psh: false rst: false syn: false fin: true
TCP winsize: 89
TCP cksum: 0
TCP uptr: 0

Sent: 
TCP source port: 0
TCP dest port: 0
TCP seqno: 2
TCP ackno: 2
TCP doff: 5
Flags: urg: false ack: true psh: false rst: false syn: false fin: false
TCP winsize: fa00
TCP cksum: 0
TCP uptr: 0

Received: 
TCP source port: 0
TCP dest port: 0
TCP seqno: 0
TCP ackno: 1
TCP doff: 5
Flags: urg: false ack: true psh: false rst: false syn: true fin: false
TCP winsize: 89
TCP cksum: 0
TCP uptr: 0

Sent: 
TCP source port: 0
TCP dest port: 0
TCP seqno: 1
TCP ackno: 1
TCP doff: 5
Flags: urg: false ack: true psh: false rst: false syn: false fin: false
TCP winsize: fa00
TCP cksum: 0
TCP uptr: 0

Sent: 
TCP source port: 0
TCP dest port: 0
TCP seqno: 1
TCP ackno: 1
TCP doff: 5
Flags: urg: false ack: true psh: false rst: false syn: false fin: true
TCP winsize: fa00
TCP cksum: 0
TCP uptr: 0

Sent: 
TCP source port: 0
TCP dest port: 0
TCP seqno: 1
TCP ackno: 1
TCP doff: 5
Flags: urg: false ack: true psh: false rst: false syn: false fin: true
TCP winsize: fa00
TCP cksum: 0
TCP uptr: 0

Received: 
TCP source port: 0
TCP dest port: 0
TCP seqno: 1
TCP ackno: 2
TCP doff: 5
Flags: urg: false ack: true psh: false rst: false syn: false fin: false
TCP winsize: 89
TCP cksum: 0
TCP uptr: 0

Received: 
TCP source port: 0
TCP dest port: 0
TCP seqno: 1
TCP ackno: 2
TCP doff: 5
Flags: urg: false ack: true psh: false rst: false syn: false fin: true
TCP winsize: 89
TCP cksum: 0
TCP uptr: 0

Sent: 
TCP source port: 0
TCP dest port: 0
TCP seqno: 2
TCP ackno: 2
TCP doff: 5
Flags: urg: false ack: true psh: false rst: false syn: false fin: false
TCP winsize: fa00
TCP cksum: 0
TCP uptr: 0

Received: 
TCP source port: 0
TCP dest port: 0
TCP seqno: 0
TCP ackno: 1
TCP doff: 5
Flags: urg: false ack: true psh: false rst: false syn: true fin: false
TCP winsize: 89
TCP cksum: 0
TCP uptr: 0

Sent: 
TCP source port: 0
TCP dest port: 0
TCP seqno: 1
TCP ackno: 1
TCP doff: 5
Flags: urg: false ack: true psh: false rst: false syn: false fin: false
TCP winsize: fa00
TCP cksum: 0
TCP uptr: 0

Sent: 
TCP source port: 0
TCP dest port: 0
TCP seqno: 1
TCP ackno: 1
TCP doff: 5
Flags: urg: false ack: true psh: false rst: false syn: false fin: true
TCP winsize: fa00
TCP cksum: 0
TCP uptr: 0

Received: 
TCP source port: 0
TCP dest port: 0
TCP seqno: 1
TCP ackno: 2
TCP doff: 5
Flags: urg: false ack: true psh: false rst: false syn: false fin: false
TCP winsize: 89
TCP cksum: 0
TCP uptr: 0

Received: 
TCP source port: 0
TCP dest port: 0
TCP seqno: 1
TCP ackno: 2
TCP doff: 5
Flags: urg: false ack: true psh: false rst: false syn: false fin: true
TCP winsize: 89
TCP cksum: 0
TCP uptr: 0

Sent: 
TCP source port: 0
TCP dest port: 0
TCP seqno: 2
TCP ackno: 2
TCP doff: 5
Flags: urg: false ack: true psh: false rst: false syn: false fin: false
TCP winsize: fa00
TCP cksum: 0
TCP uptr: 0

Sent: 
TCP source port: 0
TCP dest port: 0
TCP seqno: 2
TCP ackno: 2
TCP doff: 5
Flags: urg: false ack: true psh: false rst: false syn: false fin: true
TCP winsize: fa00
TCP cksum: 0
TCP uptr: 0

Received: 
TCP source port: 0
TCP dest port: 0
TCP seqno: 1
TCP ackno: 2
TCP doff: 5
Flags: urg: false ack: true psh: false rst: false syn: false fin: true
TCP winsize: 89
TCP cksum: 0
TCP uptr: 0

Sent: 
TCP source port: 0
TCP dest port: 0
TCP seqno: 2
TCP ackno: 2
TCP doff: 5
Flags: urg: false ack: true psh: false rst: false syn: false fin: false
TCP winsize: fa00
TCP cksum: 0
TCP uptr: 0

Test Failure on expectation:
	Expectation: exactly one segment sent with (A=1,ackno=2,)

Failure message:
	The TCP an extra segment when it should not have

List of steps that executed successfully:
	Action:      connect
	Expectation: exactly one segment sent with (A=0,R=0,S=1,F=0,seqno=0,payload_size=0,)
	Action:      packet arrives: Header(flags=SA,seqno=0,ack=1,win=137) with no payload
	Expectation: exactly one segment sent with (A=1,R=0,S=0,F=0,ackno=1,payload_size=0,)
	Action:      close
	Expectation: exactly one segment sent with (A=1,R=0,S=0,F=1,ackno=1,seqno=1,)
	Action:      packet arrives: Header(flags=A,seqno=1,ack=2,win=137) with no payload
	Expectation: TCP in state sender=`stream finished and fully acknowledged`, receiver=`SYN received (ackno exists), and input to stream hasn't ended`, active=1, linger_after_streams_finish=1
	Action:      5ms pass
	Action:      packet arrives: Header(flags=AF,seqno=1,ack=2,win=137) with no payload
	Expectation: TCP in state sender=`stream finished and fully acknowledged`, receiver=`input to stream has ended`, active=1, linger_after_streams_finish=1
	Expectation: Most recent incoming segment was 0 ms ago
	Action:      1ms pass
	Expectation: Most recent incoming segment was 1 ms ago
	Expectation: exactly one segment sent with (A=1,R=0,S=0,F=0,ackno=2,)
	Action:      9990ms pass
	Expectation: Most recent incoming segment was 9991 ms ago
	Action:      packet arrives: Header(flags=AF,seqno=1,ack=2,win=137) with no payload
	Expectation: Most recent incoming segment was 0 ms ago
	Action:      1ms pass

Note:
	test 5 failed: no ACK for 2nd FIN

Warning: Unclean shutdown of TCPConnection
The TCP an extra segment when it should not have

        Start  34: t_passive_close
 32/159 Test  #34: t_passive_close ..................***Failed    0.00 sec
Received: 
TCP source port: 0
TCP dest port: 0
TCP seqno: 0
TCP ackno: 1
TCP doff: 5
Flags: urg: false ack: true psh: false rst: false syn: true fin: false
TCP winsize: 89
TCP cksum: 0
TCP uptr: 0

Sent: 
TCP source port: 0
TCP dest port: 0
TCP seqno: 1
TCP ackno: 1
TCP doff: 5
Flags: urg: false ack: true psh: false rst: false syn: false fin: false
TCP winsize: fa00
TCP cksum: 0
TCP uptr: 0

Received: 
TCP source port: 0
TCP dest port: 0
TCP seqno: 1
TCP ackno: 1
TCP doff: 5
Flags: urg: false ack: true psh: false rst: false syn: false fin: true
TCP winsize: 89
TCP cksum: 0
TCP uptr: 0

Test Failure on expectation:
	Expectation: exactly one segment sent with (A=1,R=0,S=0,F=0,ackno=2,)

Failure message:
	The TCP should have produced a segment that existed, but it did not

List of steps that executed successfully:
	Action:      connect
	Expectation: exactly one segment sent with (A=0,R=0,S=1,F=0,seqno=0,payload_size=0,)
	Action:      packet arrives: Header(flags=SA,seqno=0,ack=1,win=137) with no payload
	Expectation: exactly one segment sent with (A=1,R=0,S=0,F=0,ackno=1,payload_size=0,)
	Action:      packet arrives: Header(flags=AF,seqno=1,ack=1,win=137) with no payload

Warning: Unclean shutdown of TCPConnection
The TCP should have produced a segment that existed, but it did not

        Start  36: t_ack_rst
 33/159 Test  #36: t_ack_rst ........................***Failed    0.00 sec
Test 1
Received: 
TCP source port: 0
TCP dest port: 0
TCP seqno: 7fffffff
TCP ackno: 80000000
TCP doff: 5
Flags: urg: false ack: true psh: false rst: false syn: true fin: false
TCP winsize: 89
TCP cksum: 0
TCP uptr: 0

Sent: 
TCP source port: 0
TCP dest port: 0
TCP seqno: 80000000
TCP ackno: 80000000
TCP doff: 5
Flags: urg: false ack: true psh: false rst: false syn: false fin: false
TCP winsize: fa00
TCP cksum: 0
TCP uptr: 0

Received: 
TCP source port: 0
TCP dest port: 0
TCP seqno: 80000000
TCP ackno: 80000000
TCP doff: 5
Flags: urg: false ack: true psh: false rst: false syn: false fin: false
TCP winsize: 89
TCP cksum: 0
TCP uptr: 0

Received: 
TCP source port: 0
TCP dest port: 0
TCP seqno: 80000000
TCP ackno: 7fffffff
TCP doff: 5
Flags: urg: false ack: true psh: false rst: false syn: false fin: false
TCP winsize: 89
TCP cksum: 0
TCP uptr: 0

Received: 
TCP source port: 0
TCP dest port: 0
TCP seqno: 7fffffff
TCP ackno: 80000000
TCP doff: 5
Flags: urg: false ack: true psh: false rst: false syn: false fin: false
TCP winsize: 89
TCP cksum: 0
TCP uptr: 0

Test Failure on expectation:
	Expectation: exactly one segment sent with (A=1,ackno=2147483648,)

Failure message:
	The TCP should have produced a segment that existed, but it did not

List of steps that executed successfully:
	Action:      connect
	Expectation: exactly one segment sent with (A=0,R=0,S=1,F=0,seqno=2147483647,payload_size=0,)
	Action:      packet arrives: Header(flags=SA,seqno=2147483647,ack=2147483648,win=137) with no payload
	Expectation: exactly one segment sent with (A=1,R=0,S=0,F=0,ackno=2147483648,payload_size=0,)
	Action:      packet arrives: Header(flags=A,seqno=2147483648,ack=2147483648,win=137) with no payload
	Expectation: no (more) segments sent
	Action:      packet arrives: Header(flags=A,seqno=2147483648,ack=2147483647,win=137) with no payload
	Expectation: no (more) segments sent
	Action:      packet arrives: Header(flags=A,seqno=2147483647,ack=2147483648,win=137) with 1 data bytes "<1>"
	Expectation: TCP has 0 unassembled bytes

Note:
	test 1 failed: bad ACK

Warning: Unclean shutdown of TCPConnection
The TCP should have produced a segment that existed, but it did not

        Start  38: t_ack_rst_win
 34/159 Test  #38: t_ack_rst_win ....................***Failed    0.00 sec
Received: 
TCP source port: 0
TCP dest port: 0
TCP seqno: 7fffffff
TCP ackno: 80000000
TCP doff: 5
Flags: urg: false ack: true psh: false rst: false syn: true fin: false
TCP winsize: 89
TCP cksum: 0
TCP uptr: 0

Sent: 
TCP source port: 0
TCP dest port: 0
TCP seqno: 80000000
TCP ackno: 80000000
TCP doff: 5
Flags: urg: false ack: true psh: false rst: false syn: false fin: false
TCP winsize: fa00
TCP cksum: 0
TCP uptr: 0

Received: 
TCP source port: 0
TCP dest port: 0
TCP seqno: 80000000
TCP ackno: 80000000
TCP doff: 5
Flags: urg: false ack: true psh: false rst: false syn: false fin: false
TCP winsize: 89
TCP cksum: 0
TCP uptr: 0

Received: 
TCP source port: 0
TCP dest port: 0
TCP seqno: 80000000
TCP ackno: 7fffffff
TCP doff: 5
Flags: urg: false ack: true psh: false rst: false syn: false fin: false
TCP winsize: 89
TCP cksum: 0
TCP uptr: 0

Received: 
TCP source port: 0
TCP dest port: 0
TCP seqno: 7fffffff
TCP ackno: 80000000
TCP doff: 5
Flags: urg: false ack: true psh: false rst: false syn: false fin: false
TCP winsize: 89
TCP cksum: 0
TCP uptr: 0

Test Failure on expectation:
	Expectation: exactly one segment sent with (ackno=2147483648,)

Failure message:
	The TCP should have produced a segment that existed, but it did not

List of steps that executed successfully:
	Action:      connect
	Expectation: exactly one segment sent with (A=0,R=0,S=1,F=0,seqno=2147483647,payload_size=0,)
	Action:      packet arrives: Header(flags=SA,seqno=2147483647,ack=2147483648,win=137) with no payload
	Expectation: exactly one segment sent with (A=1,R=0,S=0,F=0,ackno=2147483648,payload_size=0,)
	Action:      packet arrives: Header(flags=A,seqno=2147483648,ack=2147483648,win=137) with no payload
	Expectation: no (more) segments sent
	Action:      packet arrives: Header(flags=A,seqno=2147483648,ack=2147483647,win=137) with no payload
	Expectation: no (more) segments sent
	Action:      packet arrives: Header(flags=A,seqno=2147483647,ack=2147483648,win=137) with 1 data bytes "<1>"
	Expectation: TCP has 0 unassembled bytes

Note:
	test 1 failed: no ack on early seqno

Warning: Unclean shutdown of TCPConnection
The TCP should have produced a segment that existed, but it did not

        Start  40: t_connect
 35/159 Test  #40: t_connect ........................   Passed    0.00 sec
        Start  42: t_listen
 36/159 Test  #42: t_listen .........................   Passed    0.00 sec
        Start  43: t_winsize
 37/159 Test  #43: t_winsize ........................***Failed    0.01 sec
Received: 
TCP source port: 0
TCP dest port: 0
TCP seqno: 3f51e08d
TCP ackno: 0
TCP doff: 5
Flags: urg: false ack: false psh: false rst: false syn: true fin: false
TCP winsize: 89
TCP cksum: 0
TCP uptr: 0

Sent: 
TCP source port: 0
TCP dest port: 0
TCP seqno: 39f2f56d
TCP ackno: 3f51e08e
TCP doff: 5
Flags: urg: false ack: true psh: false rst: false syn: true fin: false
TCP winsize: 57b8
TCP cksum: 0
TCP uptr: 0

Received: 
TCP source port: 0
TCP dest port: 0
TCP seqno: 3f51e08e
TCP ackno: 39f2f56e
TCP doff: 5
Flags: urg: false ack: true psh: false rst: false syn: false fin: false
TCP winsize: 7e07
TCP cksum: 0
TCP uptr: 0

Test Failure on expectation:
	Expectation: segment sent

Failure message:
	The TCP should have produces a segment, but did not

List of steps that executed successfully:
	Action:      listen
	Action:      packet arrives: Header(flags=S,seqno=1062330509,ack=0,win=137) with no payload
	Expectation: exactly one segment sent with (A=1,ackno=1062330510,win=22456,)
	Action:      packet arrives: Header(flags=A,seqno=1062330510,ack=972223854,win=32263) with no payload
	Expectation: no (more) segments sent
	Expectation: TCP in state sender=`stream ongoing`, receiver=`SYN received (ackno exists), and input to stream hasn't ended`, active=1, linger_after_streams_finish=1
	Action:      write (129052 bytes with 129052 accepted) [cd, 91, 58, 73, 7c, 1b, 5d, 4b, f0, 4b, bb, a0, 16, 48, 93, 62, ...]
	Action:      1ms pass

Note:
	test 1 failed: nothing sent after write()

Warning: Unclean shutdown of TCPConnection
The TCP should have produces a segment, but did not

        Start  45: t_retx
 38/159 Test  #45: t_retx ...........................***Failed    0.00 sec
Received: 
TCP source port: 0
TCP dest port: 0
TCP seqno: 5a25592d
TCP ackno: 5a25592e
TCP doff: 5
Flags: urg: false ack: true psh: false rst: false syn: true fin: false
TCP winsize: 89
TCP cksum: 0
TCP uptr: 0

Sent: 
TCP source port: 0
TCP dest port: 0
TCP seqno: 5a25592e
TCP ackno: 5a25592e
TCP doff: 5
Flags: urg: false ack: true psh: false rst: false syn: false fin: false
TCP winsize: fde8
TCP cksum: 0
TCP uptr: 0

  check_segment
Test Failure on expectation:
	Expectation: segment sent with (A=1,payload_size=4,data="asdf",)

Failure message:
	The TCP should have produced a segment that existed, but it did not

List of steps that executed successfully:
	Action:      connect
	Expectation: exactly one segment sent with (A=0,R=0,S=1,F=0,seqno=1512397101,payload_size=0,)
	Action:      packet arrives: Header(flags=SA,seqno=1512397101,ack=1512397102,win=137) with no payload
	Expectation: exactly one segment sent with (A=1,R=0,S=0,F=0,ackno=1512397102,payload_size=0,)
	Action:      write (4 bytes) [61, 73, 64, 66]
	Action:      1ms pass

Warning: Unclean shutdown of TCPConnection
The TCP should have produced a segment that existed, but it did not (in check_segment called from line 36)

        Start  46: t_retx_win
 39/159 Test  #46: t_retx_win .......................***Failed    0.00 sec
Received: 
TCP source port: 0
TCP dest port: 0
TCP seqno: 344e7dea
TCP ackno: 344e7deb
TCP doff: 5
Flags: urg: false ack: true psh: false rst: false syn: true fin: false
TCP winsize: 89
TCP cksum: 0
TCP uptr: 0

Sent: 
TCP source port: 0
TCP dest port: 0
TCP seqno: 344e7deb
TCP ackno: 344e7deb
TCP doff: 5
Flags: urg: false ack: true psh: false rst: false syn: false fin: false
TCP winsize: fde8
TCP cksum: 0
TCP uptr: 0

Test Failure on expectation:
	Expectation: segment sent

Failure message:
	The TCP should have produces a segment, but did not

List of steps that executed successfully:
	Action:      connect
	Expectation: exactly one segment sent with (A=0,R=0,S=1,F=0,seqno=877559274,payload_size=0,)
	Action:      packet arrives: Header(flags=SA,seqno=877559274,ack=877559275,win=137) with no payload
	Expectation: exactly one segment sent with (A=1,R=0,S=0,F=0,ackno=877559275,payload_size=0,)
	Action:      write (4 bytes) [61, 73, 64, 66]
	Action:      1ms pass
	Action:      20ms pass
	Action:      write (4 bytes) [71, 77, 65, 72]
	Action:      1ms pass

Note:
	test 2 failed: cannot read after write()s

Warning: Unclean shutdown of TCPConnection
The TCP should have produces a segment, but did not

        Start  47: t_loopback
 40/159 Test  #47: t_loopback .......................***Failed    0.01 sec
Received: 
TCP source port: 0
TCP dest port: 0
TCP seqno: 4cd034f
TCP ackno: 4cd0350
TCP doff: 5
Flags: urg: false ack: true psh: false rst: false syn: true fin: false
TCP winsize: 89
TCP cksum: 0
TCP uptr: 0

Sent: 
TCP source port: 0
TCP dest port: 0
TCP seqno: 4cd0350
TCP ackno: 4cd0350
TCP doff: 5
Flags: urg: false ack: true psh: false rst: false syn: false fin: false
TCP winsize: fde8
TCP cksum: 0
TCP uptr: 0

Received: 
TCP source port: 0
TCP dest port: 0
TCP seqno: 4cd0350
TCP ackno: 4cd0350
TCP doff: 5
Flags: urg: false ack: true psh: false rst: false syn: false fin: false
TCP winsize: fde8
TCP cksum: 0
TCP uptr: 0

Test Failure on expectation:
	Expectation: TCP has 7987 bytes in flight

Failure message:
	The TCP has `bytes_in_flight = 0`, but bytes_in_flight was expected to be `7987`

List of steps that executed successfully:
	Action:      connect
	Expectation: exactly one segment sent with (A=0,R=0,S=1,F=0,seqno=80544591,payload_size=0,)
	Action:      packet arrives: Header(flags=SA,seqno=80544591,ack=80544592,win=137) with no payload
	Expectation: exactly one segment sent with (A=1,R=0,S=0,F=0,ackno=80544592,payload_size=0,)
	Action:      packet arrives: Header(flags=A,seqno=80544592,ack=80544592,win=65000) with no payload
	Action:      write (7987 bytes) [7d, 39, 0, 11, da, 3e, 21, d6, 7c, 1b, 1c, ad, 9, 10, f7, 97, ...]
	Action:      1ms pass

Warning: Unclean shutdown of TCPConnection
The TCP has `bytes_in_flight = 0`, but bytes_in_flight was expected to be `7987`

        Start  48: t_loopback_win
 41/159 Test  #48: t_loopback_win ...................***Failed    0.01 sec
Received: 
TCP source port: 0
TCP dest port: 0
TCP seqno: a3479d85
TCP ackno: a3479d86
TCP doff: 5
Flags: urg: false ack: true psh: false rst: false syn: true fin: false
TCP winsize: 89
TCP cksum: 0
TCP uptr: 0

Sent: 
TCP source port: 0
TCP dest port: 0
TCP seqno: a3479d86
TCP ackno: a3479d86
TCP doff: 5
Flags: urg: false ack: true psh: false rst: false syn: false fin: false
TCP winsize: fde8
TCP cksum: 0
TCP uptr: 0

Received: 
TCP source port: 0
TCP dest port: 0
TCP seqno: a3479d86
TCP ackno: a3479d86
TCP doff: 5
Flags: urg: false ack: true psh: false rst: false syn: false fin: false
TCP winsize: fde8
TCP cksum: 0
TCP uptr: 0

Test Failure on expectation:
	Expectation: segment sent

Failure message:
	The TCP should have produces a segment, but did not

List of steps that executed successfully:
	Action:      connect
	Expectation: exactly one segment sent with (A=0,R=0,S=1,F=0,seqno=2739379589,payload_size=0,)
	Action:      packet arrives: Header(flags=SA,seqno=2739379589,ack=2739379590,win=137) with no payload
	Expectation: exactly one segment sent with (A=1,R=0,S=0,F=0,ackno=2739379590,payload_size=0,)
	Action:      packet arrives: Header(flags=A,seqno=2739379590,ack=2739379590,win=65000) with no payload
	Action:      write (2894 bytes) [8b, 5e, a3, 1d, 1b, 64, b9, 1c, 51, 97, b3, c8, 65, db, 39, 9, ...]
	Action:      1ms pass

Note:
	test 2 failed: cannot read after write()

Warning: Unclean shutdown of TCPConnection
The TCP should have produces a segment, but did not

        Start  49: t_reorder
 42/159 Test  #49: t_reorder ........................***Failed    0.01 sec
Received: 
TCP source port: 0
TCP dest port: 0
TCP seqno: 4a522863
TCP ackno: ac8ea838
TCP doff: 5
Flags: urg: false ack: true psh: false rst: false syn: true fin: false
TCP winsize: 89
TCP cksum: 0
TCP uptr: 0

Sent: 
TCP source port: 0
TCP dest port: 0
TCP seqno: ac8ea838
TCP ackno: 4a522864
TCP doff: 5
Flags: urg: false ack: true psh: false rst: false syn: false fin: false
TCP winsize: fde8
TCP cksum: 0
TCP uptr: 0

Received: 
TCP source port: 0
TCP dest port: 0
TCP seqno: 4a52c8f4
TCP ackno: ac8ea838
TCP doff: 5
Flags: urg: false ack: true psh: false rst: false syn: false fin: false
TCP winsize: 89
TCP cksum: 0
TCP uptr: 0

Test Failure on expectation:
	segment sent with (A=1,)
Failure message:
	The TCP should have produced a segment that existed, but it did not

List of steps that executed successfully:
	Action:      connect
	Expectation: exactly one segment sent with (A=0,R=0,S=1,F=0,seqno=2895030327,payload_size=0,)
	Action:      packet arrives: Header(flags=SA,seqno=1246898275,ack=2895030328,win=137) with no payload
	Expectation: exactly one segment sent with (A=1,R=0,S=0,F=0,ackno=1246898276,payload_size=0,)
	Action:      packet arrives: Header(flags=A,seqno=1246939380,ack=2895030328,win=137) with 967 data bytes "<243><225><160>L<18><247><251><206><156><131><0><213><230><163><23><173>..."

Note:
	test 1 failed: no ACK for datagram

Warning: Unclean shutdown of TCPConnection
The TCP should have produced a segment that existed, but it did not

        Start  50: t_address_dt
 43/159 Test  #50: t_address_dt .....................   Passed    0.00 sec
        Start  51: t_parser_dt
 44/159 Test  #51: t_parser_dt ......................   Passed    0.00 sec
        Start  52: t_socket_dt
 45/159 Test  #52: t_socket_dt ......................   Passed    0.01 sec
        Start  53: t_udp_client_send
 46/159 Test  #53: t_udp_client_send ................***Failed    0.26 sec
DEBUG: Listening for incoming connection... DEBUG: Connecting to 169.254.144.1:16569... done.
new connection from 169.254.144.1:48921.
DEBUG: Outbound stream to 169.254.144.1:16569 finished (33 bytes still in flight).
DEBUG: Outbound stream to 169.254.144.1:48921 finished (1 byte still in flight).
DEBUG: Waiting for clean shutdown... DEBUG: Inbound stream from 169.254.144.1:48921 finished cleanly.
DEBUG: Outbound stream to 169.254.144.1:16569 has been fully acknowledged.
DEBUG: Waiting for clean shutdown... DEBUG: Inbound stream from 169.254.144.1:16569 finished cleanly.
DEBUG: Waiting for lingering segments (e.g. retransmissions of FIN) from peer...
DEBUG: Outbound stream to 169.254.144.1:48921 has been fully acknowledged.
DEBUG: TCP connection finished cleanly.
done.
DEBUG: TCP connection finished cleanly.
done.
ERROR: e3dcc349c71f43bad18eb8c7086fa22214760aa745f96047f72bbd28fa741b31 neq adab95a03917f2b97c2158e5a5f4c36dd61fe213f6f3980b119fe6a397ef6354 or 

        Start  54: t_udp_server_send
 47/159 Test  #54: t_udp_server_send ................***Timeout  10.02 sec
DEBUG: Listening for incoming connection... DEBUG: Connecting to 169.254.144.1:31587... done.
DEBUG: Outbound stream to 169.254.144.1:31587 finished (1 byte still in flight).
new connection from 169.254.144.1:49374.
DEBUG: Outbound stream to 169.254.144.1:49374 finished (33 bytes still in flight).
DEBUG: Waiting for clean shutdown... DEBUG: Inbound stream from 169.254.144.1:49374 finished cleanly.
DEBUG: Outbound stream to 169.254.144.1:31587 has been fully acknowledged.
DEBUG: Inbound stream from 169.254.144.1:31587 finished cleanly.
DEBUG: Waiting for lingering segments (e.g. retransmissions of FIN) from peer...
DEBUG: Waiting for clean shutdown... DEBUG: Outbound stream to 169.254.144.1:49374 has been fully acknowledged.

        Start  55: t_udp_client_recv
 48/159 Test  #55: t_udp_client_recv ................***Timeout  10.02 sec
DEBUG: Listening for incoming connection... DEBUG: Connecting to 169.254.144.1:27300... done.
DEBUG: Outbound stream to 169.254.144.1:27300 finished (1 byte still in flight).
new connection from 169.254.144.1:42022.
DEBUG: Outbound stream to 169.254.144.1:42022 finished (33 bytes still in flight).
DEBUG: Waiting for clean shutdown... DEBUG: Inbound stream from 169.254.144.1:42022 finished cleanly.
DEBUG: Outbound stream to 169.254.144.1:27300 has been fully acknowledged.
DEBUG: Inbound stream from 169.254.144.1:27300 finished cleanly.
DEBUG: Waiting for lingering segments (e.g. retransmissions of FIN) from peer...
DEBUG: Waiting for clean shutdown... DEBUG: Outbound stream to 169.254.144.1:42022 has been fully acknowledged.

        Start  56: t_udp_server_recv
 49/159 Test  #56: t_udp_server_recv ................***Failed    0.26 sec
DEBUG: Listening for incoming connection... DEBUG: Connecting to 169.254.144.1:9513... done.
new connection from 169.254.144.1:50011.
DEBUG: Outbound stream to 169.254.144.1:9513 finished (33 bytes still in flight).
DEBUG: Outbound stream to 169.254.144.1:50011 finished (1 byte still in flight).
DEBUG: Waiting for clean shutdown... DEBUG: Inbound stream from 169.254.144.1:50011 finished cleanly.
DEBUG: Outbound stream to 169.254.144.1:9513 has been fully acknowledged.
DEBUG: Waiting for clean shutdown... DEBUG: Inbound stream from 169.254.144.1:9513 finished cleanly.
DEBUG: Waiting for lingering segments (e.g. retransmissions of FIN) from peer...
DEBUG: Outbound stream to 169.254.144.1:50011 has been fully acknowledged.
DEBUG: TCP connection finished cleanly.
done.
DEBUG: TCP connection finished cleanly.
done.
ERROR: a3d0c1c0a222428ed6b6d94ec9f60503a92d9f2b932ecce07fc0f9b8823f2cd4 neq d12bf3ef946ba3ab07dcbf7f1854d78620067b2749a3ddf01555d8b4dc5ca3c9 or 

        Start  57: t_udp_client_dupl
 50/159 Test  #57: t_udp_client_dupl ................***Failed    0.25 sec
DEBUG: Listening for incoming connection... DEBUG: Connecting to 169.254.144.1:9241... done.
new connection from 169.254.144.1:53610.
DEBUG: Outbound stream to 169.254.144.1:9241 finished (33 bytes still in flight).
DEBUG: Outbound stream to 169.254.144.1:53610 finished (33 bytes still in flight).
DEBUG: Waiting for clean shutdown... DEBUG: Inbound stream from 169.254.144.1:53610 finished cleanly.
DEBUG: Outbound stream to 169.254.144.1:9241 has been fully acknowledged.
DEBUG: Waiting for clean shutdown... DEBUG: Inbound stream from 169.254.144.1:9241 finished cleanly.
DEBUG: Waiting for lingering segments (e.g. retransmissions of FIN) from peer...
DEBUG: Outbound stream to 169.254.144.1:53610 has been fully acknowledged.
DEBUG: TCP connection finished cleanly.
done.
DEBUG: TCP connection finished cleanly.
done.
ERROR: 0b57a6c0ba5421134b4ef916b855af1140883639bac4ea374abb9d78788a07e6 neq d45c998ea65bce60974fd4b6b8a4bea3b31fd43b1e0a407db7be20794b3a42f6 or 9d4db2cc40b6c370d84e24e10bd001b8aa9a1ceddbab1c6318f3bb56209db8f4

        Start  58: t_udp_server_dupl
 51/159 Test  #58: t_udp_server_dupl ................***Failed    0.25 sec
DEBUG: Listening for incoming connection... DEBUG: Connecting to 169.254.144.1:23879... done.
new connection from 169.254.144.1:37070.
DEBUG: Outbound stream to 169.254.144.1:23879 finished (33 bytes still in flight).
DEBUG: Outbound stream to 169.254.144.1:37070 finished (33 bytes still in flight).
DEBUG: Waiting for clean shutdown... DEBUG: Inbound stream from 169.254.144.1:37070 finished cleanly.
DEBUG: Outbound stream to 169.254.144.1:23879 has been fully acknowledged.
DEBUG: Waiting for clean shutdown... DEBUG: Inbound stream from 169.254.144.1:23879 finished cleanly.
DEBUG: Waiting for lingering segments (e.g. retransmissions of FIN) from peer...
DEBUG: Outbound stream to 169.254.144.1:37070 has been fully acknowledged.
DEBUG: TCP connection finished cleanly.
done.
DEBUG: TCP connection finished cleanly.
done.
ERROR: 09240f4642ef740e384553be7a03dfdb2d734c62a1f20ba9f589b170a82829a9 neq 5e55619e74d9b49b847f9129eeb6e18a5302abad2cd3f7e75737515e6cb4a900 or de3a445080c26488f481e809ef2fb48240d39eeaca661b62d9ae2dd67d326d7f

        Start  59: t_ucS_1M_32k
 52/159 Test  #59: t_ucS_1M_32k .....................***Timeout  10.02 sec
DEBUG: Listening for incoming connection... DEBUG: Connecting to 169.254.144.1:4909... done.
new connection from 169.254.144.1:56830.
DEBUG: Outbound stream to 169.254.144.1:56830 finished (1 byte still in flight).
DEBUG: Inbound stream from 169.254.144.1:4909 finished cleanly.
DEBUG: Outbound stream to 169.254.144.1:56830 has been fully acknowledged.

        Start  60: t_ucS_128K_8K
 53/159 Test  #60: t_ucS_128K_8K ....................***Failed    0.51 sec
DEBUG: Listening for incoming connection... DEBUG: Connecting to 169.254.144.1:18765... done.
new connection from 169.254.144.1:48954.
DEBUG: Outbound stream to 169.254.144.1:48954 finished (1 byte still in flight).
DEBUG: Inbound stream from 169.254.144.1:18765 finished cleanly.
DEBUG: Outbound stream to 169.254.144.1:48954 has been fully acknowledged.
DEBUG: Waiting for clean shutdown... DEBUG: Outbound stream to 169.254.144.1:18765 finished (90112 bytes still in flight).
DEBUG: TCP connection finished cleanly.
done.
DEBUG: Waiting for clean shutdown... DEBUG: TCP connection finished cleanly.
done.
ERROR: fdf51406dcf0703371a50a9f7b4836f01ea526d0f9fdfeecbdb83f2b370f2705 neq bb302c88a769b15c8fbfa1e858fcc0d17950b45df351f347d8fb32794a2d4a58 or 

        Start  61: t_ucS_16_1
 54/159 Test  #61: t_ucS_16_1 .......................***Failed    0.25 sec
DEBUG: Listening for incoming connection... DEBUG: Connecting to 169.254.144.1:1294... done.
new connection from 169.254.144.1:49284.
DEBUG: Outbound stream to 169.254.144.1:1294 finished (1 byte still in flight).
DEBUG: Outbound stream to 169.254.144.1:49284 finished (1 byte still in flight).
DEBUG: Waiting for clean shutdown... DEBUG: Inbound stream from 169.254.144.1:49284 finished cleanly.
DEBUG: Waiting for clean shutdown... DEBUG: Inbound stream from 169.254.144.1:1294 finished cleanly.
DEBUG: Outbound stream to 169.254.144.1:49284 has been fully acknowledged.
DEBUG: TCP connection finished cleanly.
done.
DEBUG: TCP connection finished cleanly.
done.
ERROR: 54a45d3db88d6ece6c3249a70535c509666e850c3dbcd12174ad0e819d83ae02 neq 86a0a873ceafadde5755891dbdef43ed6909498e5534f3bea4068d2ef0ca32cc or 

        Start  62: t_ucS_32K_d
 55/159 Test  #62: t_ucS_32K_d ......................***Timeout  10.01 sec
DEBUG: Listening for incoming connection... DEBUG: Connecting to 169.254.144.1:10552... done.
new connection from 169.254.144.1:45851.
DEBUG: Outbound stream to 169.254.144.1:45851 finished (1 byte still in flight).
DEBUG: Inbound stream from 169.254.144.1:10552 finished cleanly.
DEBUG: Outbound stream to 169.254.144.1:10552 finished (1001 bytes still in flight).
DEBUG: Outbound stream to 169.254.144.1:45851 has been fully acknowledged.
DEBUG: Inbound stream from 169.254.144.1:45851 finished cleanly.
DEBUG: Waiting for lingering segments (e.g. retransmissions of FIN) from peer...
DEBUG: Waiting for clean shutdown... DEBUG: Waiting for clean shutdown... DEBUG: Outbound stream to 169.254.144.1:10552 has been fully acknowledged.

        Start  63: t_ucR_1M_32k
 56/159 Test  #63: t_ucR_1M_32k .....................***Timeout  10.01 sec
DEBUG: Listening for incoming connection... DEBUG: Connecting to 169.254.144.1:7856... done.
DEBUG: Outbound stream to 169.254.144.1:7856 finished (1 byte still in flight).
new connection from 169.254.144.1:54462.
DEBUG: Inbound stream from 169.254.144.1:54462 finished cleanly.
DEBUG: Waiting for clean shutdown... DEBUG: TCP connection finished cleanly.
done.

        Start  64: t_ucR_128K_8K
 57/159 Test  #64: t_ucR_128K_8K ....................***Timeout  10.02 sec
DEBUG: Listening for incoming connection... DEBUG: Connecting to 169.254.144.1:17743... done.
DEBUG: Outbound stream to 169.254.144.1:17743 finished (1 byte still in flight).
new connection from 169.254.144.1:47159.
DEBUG: Inbound stream from 169.254.144.1:47159 finished cleanly.
DEBUG: Outbound stream to 169.254.144.1:17743 has been fully acknowledged.
DEBUG: Waiting for clean shutdown... 

        Start  65: t_ucR_16_1
 58/159 Test  #65: t_ucR_16_1 .......................***Timeout  10.03 sec
DEBUG: Listening for incoming connection... DEBUG: Connecting to 169.254.144.1:9105... done.
DEBUG: Outbound stream to 169.254.144.1:9105 finished (1 byte still in flight).
new connection from 169.254.144.1:56940.
DEBUG: Outbound stream to 169.254.144.1:56940 finished (1 byte still in flight).
DEBUG: Waiting for clean shutdown... DEBUG: Inbound stream from 169.254.144.1:56940 finished cleanly.
DEBUG: Outbound stream to 169.254.144.1:9105 has been fully acknowledged.
DEBUG: Inbound stream from 169.254.144.1:9105 finished cleanly.
DEBUG: Waiting for lingering segments (e.g. retransmissions of FIN) from peer...
DEBUG: Waiting for clean shutdown... 

        Start  66: t_ucR_32K_d
 59/159 Test  #66: t_ucR_32K_d ......................***Timeout  10.02 sec
DEBUG: Listening for incoming connection... DEBUG: Connecting to 169.254.144.1:16434... done.
DEBUG: Outbound stream to 169.254.144.1:16434 finished (1 byte still in flight).
new connection from 169.254.144.1:45858.
DEBUG: Inbound stream from 169.254.144.1:45858 finished cleanly.
DEBUG: Outbound stream to 169.254.144.1:45858 finished (1001 bytes still in flight).
DEBUG: Outbound stream to 169.254.144.1:16434 has been fully acknowledged.
DEBUG: Inbound stream from 169.254.144.1:16434 finished cleanly.
DEBUG: Waiting for lingering segments (e.g. retransmissions of FIN) from peer...
DEBUG: Waiting for clean shutdown... DEBUG: Waiting for clean shutdown... DEBUG: Outbound stream to 169.254.144.1:45858 has been fully acknowledged.

        Start  67: t_ucD_1M_32k
 60/159 Test  #67: t_ucD_1M_32k .....................***Timeout  10.01 sec
DEBUG: Listening for incoming connection... DEBUG: Connecting to 169.254.144.1:14026... done.
new connection from 169.254.144.1:45870.

        Start  68: t_ucD_128K_8K
 61/159 Test  #68: t_ucD_128K_8K ....................***Timeout  10.02 sec
DEBUG: Listening for incoming connection... DEBUG: Connecting to 169.254.144.1:11132... done.
new connection from 169.254.144.1:51187.

        Start  69: t_ucD_16_1
 62/159 Test  #69: t_ucD_16_1 .......................***Failed    0.46 sec
DEBUG: Listening for incoming connection... DEBUG: Connecting to 169.254.144.1:7496... done.
new connection from 169.254.144.1:38152.
DEBUG: Outbound stream to 169.254.144.1:7496 finished (1 byte still in flight).
DEBUG: Outbound stream to 169.254.144.1:38152 finished (1 byte still in flight).
DEBUG: Waiting for clean shutdown... DEBUG: Inbound stream from 169.254.144.1:38152 finished cleanly.
DEBUG: Waiting for clean shutdown... DEBUG: Inbound stream from 169.254.144.1:7496 finished cleanly.
DEBUG: TCP connection finished cleanly.
done.
DEBUG: TCP connection finished cleanly.
done.
ERROR: 5ea6ed5b13313c14152b8a136b1f4c6cc497f81bb245251ec5d62f6bab5f5d6b neq fae6787d23a503955cfc2eefa025d752d5f3200d1bdf3150e5772ee9a1d23ddf or 1552065d592579f7f2a182e43ef385daacaaae83d1129b643b9e2eddf393a99b

        Start  70: t_ucD_32K_d
 63/159 Test  #70: t_ucD_32K_d ......................***Failed    0.33 sec
DEBUG: Listening for incoming connection... DEBUG: Connecting to 169.254.144.1:8607... done.
new connection from 169.254.144.1:56419.
DEBUG: Outbound stream to 169.254.144.1:56419 finished (1001 bytes still in flight).
DEBUG: Inbound stream from 169.254.144.1:8607 finished cleanly.
DEBUG: Outbound stream to 169.254.144.1:56419 has been fully acknowledged.
DEBUG: Outbound stream to 169.254.144.1:8607 finished (1001 bytes still in flight).
DEBUG: Inbound stream from 169.254.144.1:56419 finished cleanly.
DEBUG: Outbound stream to 169.254.144.1:8607 has been fully acknowledged.
DEBUG: TCP connection finished cleanly.
DEBUG: Waiting for clean shutdown... DEBUG: Waiting for clean shutdown... done.
DEBUG: TCP connection finished cleanly.
done.
ERROR: 8b2417f0c0748787da0e000789c888c2f0c09420107b8e421c0e3e57c3501ce7 neq 746b456837cf4c84338ddabcdd8e67ac9bcb7e6943fb3be647bfee7acfaf8dcb or d24a8a4f60d03625a91cba0eebbe330313d1eb0a1e38597c5df35f77436abd78

        Start  71: t_usS_1M_32k
 64/159 Test  #71: t_usS_1M_32k .....................***Timeout  10.01 sec
DEBUG: Listening for incoming connection... DEBUG: Connecting to 169.254.144.1:33406... done.
DEBUG: Outbound stream to 169.254.144.1:33406 finished (1 byte still in flight).
new connection from 169.254.144.1:59207.
DEBUG: Inbound stream from 169.254.144.1:59207 finished cleanly.
DEBUG: Waiting for clean shutdown... DEBUG: TCP connection finished cleanly.
done.

        Start  72: t_usS_128K_8K
 65/159 Test  #72: t_usS_128K_8K ....................***Failed    0.53 sec
DEBUG: Listening for incoming connection... DEBUG: Connecting to 169.254.144.1:9712... done.
DEBUG: Outbound stream to 169.254.144.1:9712 finished (1 byte still in flight).
new connection from 169.254.144.1:49928.
DEBUG: Inbound stream from 169.254.144.1:49928 finished cleanly.
DEBUG: Outbound stream to 169.254.144.1:9712 has been fully acknowledged.
DEBUG: Waiting for clean shutdown... DEBUG: Outbound stream to 169.254.144.1:49928 finished (106496 bytes still in flight).
DEBUG: TCP connection finished cleanly.
done.
DEBUG: Waiting for clean shutdown... DEBUG: TCP connection finished cleanly.
done.
ERROR: ba7597dc2219f7cd197933014dc03d2050c5e63821aed6de97186a14c92dbf60 neq 806a90736c4e3d3ad474f5dc81cf1c47b7ca524af5447489e7ff88703b1c8703 or 

        Start  73: t_usS_16_1
 66/159 Test  #73: t_usS_16_1 .......................***Timeout  10.02 sec
DEBUG: Listening for incoming connection... DEBUG: Connecting to 169.254.144.1:3406... done.
DEBUG: Outbound stream to 169.254.144.1:3406 finished (1 byte still in flight).
new connection from 169.254.144.1:37963.
DEBUG: Outbound stream to 169.254.144.1:37963 finished (1 byte still in flight).
DEBUG: Waiting for clean shutdown... DEBUG: Inbound stream from 169.254.144.1:37963 finished cleanly.
DEBUG: Outbound stream to 169.254.144.1:3406 has been fully acknowledged.
DEBUG: Inbound stream from 169.254.144.1:3406 finished cleanly.
DEBUG: Waiting for lingering segments (e.g. retransmissions of FIN) from peer...
DEBUG: Waiting for clean shutdown... 

        Start  74: t_usS_32K_d
 67/159 Test  #74: t_usS_32K_d ......................***Timeout  10.02 sec
DEBUG: Listening for incoming connection... DEBUG: Connecting to 169.254.144.1:2523... done.
DEBUG: Outbound stream to 169.254.144.1:2523 finished (1 byte still in flight).
new connection from 169.254.144.1:49959.
DEBUG: Inbound stream from 169.254.144.1:49959 finished cleanly.
DEBUG: Outbound stream to 169.254.144.1:49959 finished (1001 bytes still in flight).
DEBUG: Outbound stream to 169.254.144.1:2523 has been fully acknowledged.
DEBUG: Inbound stream from 169.254.144.1:2523 finished cleanly.
DEBUG: Waiting for lingering segments (e.g. retransmissions of FIN) from peer...
DEBUG: Waiting for clean shutdown... DEBUG: Waiting for clean shutdown... DEBUG: Outbound stream to 169.254.144.1:49959 has been fully acknowledged.

        Start  75: t_usR_1M_32k
 68/159 Test  #75: t_usR_1M_32k .....................***Timeout  10.01 sec
DEBUG: Listening for incoming connection... DEBUG: Connecting to 169.254.144.1:30478... done.
new connection from 169.254.144.1:50718.
DEBUG: Outbound stream to 169.254.144.1:50718 finished (1 byte still in flight).
DEBUG: Inbound stream from 169.254.144.1:30478 finished cleanly.
DEBUG: Outbound stream to 169.254.144.1:50718 has been fully acknowledged.

        Start  76: t_usR_128K_8K
 69/159 Test  #76: t_usR_128K_8K ....................***Timeout  10.03 sec
DEBUG: Listening for incoming connection... DEBUG: Connecting to 169.254.144.1:2103... done.
new connection from 169.254.144.1:41184.
DEBUG: Outbound stream to 169.254.144.1:41184 finished (1 byte still in flight).
DEBUG: Inbound stream from 169.254.144.1:2103 finished cleanly.
DEBUG: Outbound stream to 169.254.144.1:41184 has been fully acknowledged.
DEBUG: Waiting for clean shutdown... 

        Start  77: t_usR_16_1
 70/159 Test  #77: t_usR_16_1 .......................***Failed    0.27 sec
DEBUG: Listening for incoming connection... DEBUG: Connecting to 169.254.144.1:13275... done.
new connection from 169.254.144.1:55111.
DEBUG: Outbound stream to 169.254.144.1:13275 finished (1 byte still in flight).
DEBUG: Outbound stream to 169.254.144.1:55111 finished (1 byte still in flight).
DEBUG: Inbound stream from 169.254.144.1:55111 finished cleanly.
DEBUG: Waiting for clean shutdown... DEBUG: Inbound stream from 169.254.144.1:13275 finished cleanly.
DEBUG: Waiting for clean shutdown... DEBUG: Outbound stream to 169.254.144.1:55111 has been fully acknowledged.
DEBUG: TCP connection finished cleanly.
done.
DEBUG: TCP connection finished cleanly.
done.
ERROR: 4cf69ffab3cfd62cbc2153c691059142dd6252a61b9ddf956145d8cdda02c64b neq 6de31eacb6c285eaa24d3ff340030e7207e71cb42ed4ddf003651ea09908da9c or 

        Start  78: t_usR_32K_d
 71/159 Test  #78: t_usR_32K_d ......................***Timeout  10.03 sec
DEBUG: Listening for incoming connection... DEBUG: Connecting to 169.254.144.1:4063... done.
new connection from 169.254.144.1:57419.
DEBUG: Outbound stream to 169.254.144.1:57419 finished (1 byte still in flight).
DEBUG: Inbound stream from 169.254.144.1:4063 finished cleanly.
DEBUG: Outbound stream to 169.254.144.1:4063 finished (1001 bytes still in flight).
DEBUG: Outbound stream to 169.254.144.1:57419 has been fully acknowledged.
DEBUG: Inbound stream from 169.254.144.1:57419 finished cleanly.
DEBUG: Waiting for lingering segments (e.g. retransmissions of FIN) from peer...
DEBUG: Waiting for clean shutdown... DEBUG: Waiting for clean shutdown... DEBUG: Outbound stream to 169.254.144.1:4063 has been fully acknowledged.

        Start  79: t_usD_1M_32k
 72/159 Test  #79: t_usD_1M_32k .....................***Timeout  10.02 sec
DEBUG: Listening for incoming connection... DEBUG: Connecting to 169.254.144.1:27414... done.
new connection from 169.254.144.1:51069.

        Start  80: t_usD_128K_8K
 73/159 Test  #80: t_usD_128K_8K ....................***Timeout  10.01 sec
DEBUG: Listening for incoming connection... DEBUG: Connecting to 169.254.144.1:9308... done.
new connection from 169.254.144.1:37664.

        Start  81: t_usD_16_1
 74/159 Test  #81: t_usD_16_1 .......................***Failed    0.38 sec
DEBUG: Listening for incoming connection... DEBUG: Connecting to 169.254.144.1:24924... done.
new connection from 169.254.144.1:36016.
DEBUG: Outbound stream to 169.254.144.1:24924 finished (1 byte still in flight).
DEBUG: Outbound stream to 169.254.144.1:36016 finished (1 byte still in flight).
DEBUG: Waiting for clean shutdown... DEBUG: Inbound stream from 169.254.144.1:36016 finished cleanly.
DEBUG: Waiting for clean shutdown... DEBUG: Inbound stream from 169.254.144.1:24924 finished cleanly.
DEBUG: TCP connection finished cleanly.
done.
DEBUG: TCP connection finished cleanly.
done.
ERROR: 6bac7d2fd70b495931140325f67f2a681d44746c11642a238d426dec0915cb40 neq 7792d16f91ac230e779c465829e0aa8cc5234aa12119c488a7ba77c0b3860fe6 or ed16fee24853abbbcad291fd52fbcc3656bb11d059b3532cd86798a33c5fae99

        Start  82: t_usD_32K_d
 75/159 Test  #82: t_usD_32K_d ......................***Failed    0.37 sec
DEBUG: Listening for incoming connection... DEBUG: Connecting to 169.254.144.1:9684... done.
new connection from 169.254.144.1:55437.
DEBUG: Outbound stream to 169.254.144.1:9684 finished (1001 bytes still in flight).
DEBUG: Inbound stream from DEBUG: Waiting for clean shutdown... 169.254.144.1:55437 finished cleanly.
DEBUG: Outbound stream to 169.254.144.1:9684 has been fully acknowledged.
DEBUG: Outbound stream to 169.254.144.1:55437 finished (32769 bytes still in flight).
DEBUG: Waiting for clean shutdown... DEBUG: Inbound stream from 169.254.144.1:9684 finished cleanly.
DEBUG: Outbound stream to 169.254.144.1:55437 has been fully acknowledged.
DEBUG: TCP connection finished cleanly.
done.
DEBUG: TCP connection finished cleanly.
done.
ERROR: 40733a852ee6b46237c81af55a6ec3b6940eb1b88590ed48a6c98f7f7560b5e7 neq 67eb74a6487de9de57d4b78f91f9c8821f0bd6de9d4734c4c57769cbac734f0c or 0e6846aede07023d254115bc96e7b4362ce75ff38eefab7106383ecf4eb23a73

        Start  83: t_ucS_128K_8K_l
 76/159 Test  #83: t_ucS_128K_8K_l ..................***Failed    0.52 sec
DEBUG: Listening for incoming connection... DEBUG: Connecting to 169.254.144.1:10840... done.
new connection from 169.254.144.1:37340.
DEBUG: Outbound stream to 169.254.144.1:37340 finished (1 byte still in flight).
DEBUG: Inbound stream from 169.254.144.1:10840 finished cleanly.
DEBUG: Waiting for clean shutdown... DEBUG: Outbound stream to 169.254.144.1:37340 has been fully acknowledged.
DEBUG: Outbound stream to 169.254.144.1:10840 finished (90112 bytes still in flight).
DEBUG: TCP connection finished cleanly.
done.
DEBUG: Waiting for clean shutdown... DEBUG: TCP connection finished cleanly.
done.
ERROR: d8a6b6a99635fdb870ff96bd8464dbca0a2012868ff7a6c983e15736ff59896c neq 08ac3106cc49404e9c7adca5bfd23371e8af17f2ba6e6510ff6b550e99f076dc or 

        Start  84: t_ucS_128K_8K_L
 77/159 Test  #84: t_ucS_128K_8K_L ..................***Timeout  10.04 sec
DEBUG: Listening for incoming connection... DEBUG: Connecting to 169.254.144.1:17389... done.
new connection from 169.254.144.1:44349.
DEBUG: Outbound stream to 169.254.144.1:44349 finished (1 byte still in flight).
DEBUG: Inbound stream from 169.254.144.1:17389 finished cleanly.
DEBUG: Outbound stream to 169.254.144.1:44349 has been fully acknowledged.
DEBUG: Waiting for clean shutdown... DEBUG: Outbound stream to 169.254.144.1:17389 finished (90112 bytes still in flight).

        Start  85: t_ucS_128K_8K_lL
 78/159 Test  #85: t_ucS_128K_8K_lL .................***Timeout  10.03 sec
DEBUG: Listening for incoming connection... DEBUG: Connecting to 169.254.144.1:28689... done.
new connection from 169.254.144.1:56701.
DEBUG: Outbound stream to 169.254.144.1:56701 finished (1 byte still in flight).
DEBUG: Inbound stream from 169.254.144.1:28689 finished cleanly.
DEBUG: Outbound stream to 169.254.144.1:56701 has been fully acknowledged.
DEBUG: Waiting for clean shutdown... 

        Start  86: t_ucR_128K_8K_l
 79/159 Test  #86: t_ucR_128K_8K_l ..................***Timeout  10.02 sec
DEBUG: Listening for incoming connection... DEBUG: Connecting to 169.254.144.1:14872... done.
DEBUG: Outbound stream to 169.254.144.1:14872 finished (1 byte still in flight).
new connection from 169.254.144.1:35211.
DEBUG: Inbound stream from 169.254.144.1:35211 finished cleanly.
DEBUG: Outbound stream to 169.254.144.1:14872 has been fully acknowledged.
DEBUG: Waiting for clean shutdown... 

        Start  87: t_ucR_128K_8K_L
 80/159 Test  #87: t_ucR_128K_8K_L ..................***Timeout  10.02 sec
DEBUG: Listening for incoming connection... DEBUG: Connecting to 169.254.144.1:17973... done.
DEBUG: Outbound stream to 169.254.144.1:17973 finished (1 byte still in flight).
new connection from 169.254.144.1:48312.
DEBUG: Inbound stream from 169.254.144.1:48312 finished cleanly.
DEBUG: Outbound stream to 169.254.144.1:17973 has been fully acknowledged.
DEBUG: Waiting for clean shutdown... 

        Start  88: t_ucR_128K_8K_lL
 81/159 Test  #88: t_ucR_128K_8K_lL .................***Timeout  10.01 sec
DEBUG: Listening for incoming connection... DEBUG: Connecting to 169.254.144.1:14996... done.
DEBUG: Outbound stream to 169.254.144.1:14996 finished (1 byte still in flight).
new connection from 169.254.144.1:34490.
DEBUG: Inbound stream from 169.254.144.1:34490 finished cleanly.
DEBUG: Outbound stream to 169.254.144.1:14996 has been fully acknowledged.
DEBUG: Waiting for clean shutdown... 

        Start  89: t_ucD_128K_8K_l
 82/159 Test  #89: t_ucD_128K_8K_l ..................***Timeout  10.01 sec
DEBUG: Listening for incoming connection... DEBUG: Connecting to 169.254.144.1:6126... done.
new connection from 169.254.144.1:43760.

        Start  90: t_ucD_128K_8K_L
 83/159 Test  #90: t_ucD_128K_8K_L ..................***Timeout  10.02 sec
DEBUG: Listening for incoming connection... DEBUG: Connecting to 169.254.144.1:28093... done.

        Start  91: t_ucD_128K_8K_lL
 84/159 Test  #91: t_ucD_128K_8K_lL .................***Timeout  10.01 sec
DEBUG: Listening for incoming connection... DEBUG: Connecting to 169.254.144.1:12086... done.

        Start  92: t_usS_128K_8K_l
 85/159 Test  #92: t_usS_128K_8K_l ..................***Timeout  10.02 sec
DEBUG: Listening for incoming connection... DEBUG: Connecting to 169.254.144.1:11433... done.
DEBUG: Outbound stream to 169.254.144.1:11433 finished (1 byte still in flight).
new connection from 169.254.144.1:43845.
DEBUG: Inbound stream from 169.254.144.1:43845 finished cleanly.
DEBUG: Outbound stream to 169.254.144.1:11433 has been fully acknowledged.
DEBUG: Waiting for clean shutdown... 

        Start  93: t_usS_128K_8K_L
 86/159 Test  #93: t_usS_128K_8K_L ..................***Timeout  10.02 sec
DEBUG: Listening for incoming connection... DEBUG: Connecting to 169.254.144.1:20752... done.
DEBUG: Outbound stream to 169.254.144.1:20752 finished (1 byte still in flight).
new connection from 169.254.144.1:44080.
DEBUG: Inbound stream from 169.254.144.1:44080 finished cleanly.
DEBUG: Outbound stream to 169.254.144.1:20752 has been fully acknowledged.
DEBUG: Waiting for clean shutdown... 

        Start  94: t_usS_128K_8K_lL
 87/159 Test  #94: t_usS_128K_8K_lL .................***Timeout  10.02 sec
DEBUG: Listening for incoming connection... DEBUG: Connecting to 169.254.144.1:25041... done.
DEBUG: Outbound stream to 169.254.144.1:25041 finished (1 byte still in flight).
new connection from 169.254.144.1:35243.
DEBUG: Inbound stream from 169.254.144.1:35243 finished cleanly.
DEBUG: Outbound stream to 169.254.144.1:25041 has been fully acknowledged.
DEBUG: Waiting for clean shutdown... 

        Start  95: t_usR_128K_8K_l
 88/159 Test  #95: t_usR_128K_8K_l ..................***Timeout  10.02 sec
DEBUG: Listening for incoming connection... DEBUG: Connecting to 169.254.144.1:18799... done.
new connection from 169.254.144.1:33668.
DEBUG: Outbound stream to 169.254.144.1:33668 finished (1 byte still in flight).
DEBUG: Inbound stream from 169.254.144.1:18799 finished cleanly.
DEBUG: Outbound stream to 169.254.144.1:33668 has been fully acknowledged.
DEBUG: Waiting for clean shutdown... 

        Start  96: t_usR_128K_8K_L
 89/159 Test  #96: t_usR_128K_8K_L ..................***Timeout  10.03 sec
DEBUG: Listening for incoming connection... DEBUG: Connecting to 169.254.144.1:10629... done.
new connection from 169.254.144.1:56357.
DEBUG: Outbound stream to 169.254.144.1:56357 finished (1 byte still in flight).
DEBUG: Inbound stream from 169.254.144.1:10629 finished cleanly.
DEBUG: Outbound stream to 169.254.144.1:56357 has been fully acknowledged.
DEBUG: Waiting for clean shutdown... 

        Start  97: t_usR_128K_8K_lL
 90/159 Test  #97: t_usR_128K_8K_lL .................***Timeout  10.02 sec
DEBUG: Listening for incoming connection... DEBUG: Connecting to 169.254.144.1:6215... done.
new connection from 169.254.144.1:52486.
DEBUG: Outbound stream to 169.254.144.1:52486 finished (1 byte still in flight).
DEBUG: Inbound stream from 169.254.144.1:6215 finished cleanly.
DEBUG: Waiting for clean shutdown... DEBUG: Outbound stream to 169.254.144.1:52486 has been fully acknowledged.
DEBUG: Outbound stream to 169.254.144.1:6215 finished (81920 bytes still in flight).

        Start  98: t_usD_128K_8K_l
 91/159 Test  #98: t_usD_128K_8K_l ..................***Timeout  10.02 sec
DEBUG: Listening for incoming connection... DEBUG: Connecting to 169.254.144.1:3416... done.
new connection from 169.254.144.1:60156.

        Start  99: t_usD_128K_8K_L
 92/159 Test  #99: t_usD_128K_8K_L ..................***Timeout  10.04 sec
DEBUG: Listening for incoming connection... DEBUG: Connecting to 169.254.144.1:28668... done.
new connection from 169.254.144.1:58732.

        Start 100: t_usD_128K_8K_lL
 93/159 Test #100: t_usD_128K_8K_lL .................***Timeout  10.02 sec
DEBUG: Listening for incoming connection... DEBUG: Connecting to 169.254.144.1:6871... done.
new connection from 169.254.144.1:57176.

        Start 101: t_ipv4_client_send
 94/159 Test #101: t_ipv4_client_send ...............***Failed    0.26 sec
DEBUG: Listening for incoming connection... DEBUG: Connecting to 169.254.145.9:11638... done.
new connection from 169.254.145.1:58025.
DEBUG: Outbound stream to 169.254.145.9:11638 finished (33 bytes still in flight).
DEBUG: Outbound stream to 169.254.145.1:58025 finished (1 byte still in flight).
DEBUG: Waiting for clean shutdown... DEBUG: Inbound stream from 169.254.145.1:58025 finished cleanly.
DEBUG: Outbound stream to 169.254.145.9:11638 has been fully acknowledged.
DEBUG: Waiting for clean shutdown... DEBUG: Inbound stream from 169.254.145.9:11638 finished cleanly.
DEBUG: Waiting for lingering segments (e.g. retransmissions of FIN) from peer...
DEBUG: Outbound stream to 169.254.145.1:58025 has been fully acknowledged.
DEBUG: TCP connection finished cleanly.
done.
DEBUG: TCP connection finished cleanly.
done.
ERROR: efa785b19b0c89289dea4d160f6aede2570b6372102e59a80b1c2963d998c623 neq 24ab265f9f25c674e3b1a0213a15df82a5a246989f59a64c48a2db6d3f9e5ede or 

        Start 102: t_ipv4_server_send
 95/159 Test #102: t_ipv4_server_send ...............***Timeout  10.03 sec
DEBUG: Listening for incoming connection... DEBUG: Connecting to 169.254.144.9:26814... done.
DEBUG: Outbound stream to 169.254.144.9:26814 finished (1 byte still in flight).
new connection from 169.254.144.1:64928.
DEBUG: Outbound stream to 169.254.144.1:64928 finished (33 bytes still in flight).
DEBUG: Waiting for clean shutdown... DEBUG: Inbound stream from 169.254.144.1:64928 finished cleanly.
DEBUG: Outbound stream to 169.254.144.9:26814 has been fully acknowledged.
DEBUG: Waiting for clean shutdown... DEBUG: Inbound stream from 169.254.144.9:26814 finished cleanly.
DEBUG: Waiting for lingering segments (e.g. retransmissions of FIN) from peer...
DEBUG: Outbound stream to 169.254.144.1:64928 has been fully acknowledged.

        Start 103: t_ipv4_client_recv
 96/159 Test #103: t_ipv4_client_recv ...............***Timeout  10.03 sec
DEBUG: Listening for incoming connection... DEBUG: Connecting to 169.254.145.9:13301... done.
DEBUG: Outbound stream to 169.254.145.9:13301 finished (1 byte still in flight).
new connection from 169.254.145.1:60673.
DEBUG: Outbound stream to 169.254.145.1:60673 finished (33 bytes still in flight).
DEBUG: Waiting for clean shutdown... DEBUG: Inbound stream from 169.254.145.1:60673 finished cleanly.
DEBUG: Outbound stream to 169.254.145.9:13301 has been fully acknowledged.
DEBUG: Waiting for clean shutdown... DEBUG: Inbound stream from 169.254.145.9:13301 finished cleanly.
DEBUG: Waiting for lingering segments (e.g. retransmissions of FIN) from peer...
DEBUG: Outbound stream to 169.254.145.1:60673 has been fully acknowledged.

        Start 104: t_ipv4_server_recv
 97/159 Test #104: t_ipv4_server_recv ...............***Failed    0.28 sec
DEBUG: Listening for incoming connection... DEBUG: Connecting to 169.254.144.9:32090... done.
new connection from 169.254.144.1:35033.
DEBUG: Outbound stream to 169.254.144.9:32090 finished (33 bytes still in flight).
DEBUG: Outbound stream to 169.254.144.1:35033 finished (1 byte still in flight).
DEBUG: Waiting for clean shutdown... DEBUG: Inbound stream from 169.254.144.1:35033 finished cleanly.
DEBUG: Outbound stream to 169.254.144.9:32090 has been fully acknowledged.
DEBUG: Waiting for clean shutdown... DEBUG: Inbound stream from 169.254.144.9:32090 finished cleanly.
DEBUG: Waiting for lingering segments (e.g. retransmissions of FIN) from peer...
DEBUG: Outbound stream to 169.254.144.1:35033 has been fully acknowledged.
DEBUG: TCP connection finished cleanly.
done.
DEBUG: TCP connection finished cleanly.
done.
ERROR: 06345246eddf359ac09ab5f5a3981cc2738dcced2bfc5750266bef3ba3a52fa3 neq 7f1c136cd8d6610e2058d6231f25bb9022aec7af30835cb000d4073ef5934a3e or 

        Start 105: t_ipv4_client_dupl
 98/159 Test #105: t_ipv4_client_dupl ...............***Failed    0.32 sec
DEBUG: Listening for incoming connection... DEBUG: Connecting to 169.254.145.9:5040... done.
new connection from 169.254.145.1:27764.
DEBUG: Outbound stream to 169.254.145.9:5040 finished (33 bytes still in flight).
DEBUG: Outbound stream to 169.254.145.1:27764 finished (33 bytes still in flight).
DEBUG: Waiting for clean shutdown... DEBUG: Inbound stream from 169.254.145.1:27764 finished cleanly.
DEBUG: Outbound stream to 169.254.145.9:5040 has been fully acknowledged.
DEBUG: Waiting for clean shutdown... DEBUG: Inbound stream from 169.254.145.9:5040 finished cleanly.
DEBUG: Waiting for lingering segments (e.g. retransmissions of FIN) from peer...
DEBUG: Outbound stream to 169.254.145.1:27764 has been fully acknowledged.
DEBUG: TCP connection finished cleanly.
done.
DEBUG: TCP connection finished cleanly.
done.
ERROR: 809d5d899a1c69b8fda2e3c2e52310d59f1b33d6841becb63fffd7b6a375bd3f neq a1a7b61593eb29c6d13cf708281d060a97b2b8dec8a86f3eab69c48012b0bbea or da3955298033ba8ad73b49073783bd4e17a9750527598995a4f9135cc94264b7

        Start 106: t_ipv4_server_dupl
 99/159 Test #106: t_ipv4_server_dupl ...............***Failed    0.40 sec
DEBUG: Listening for incoming connection... DEBUG: Connecting to 169.254.144.9:12251... done.
new connection from 169.254.144.1:6910.
DEBUG: Outbound stream to 169.254.144.9:12251 finished (33 bytes still in flight).
DEBUG: Outbound stream to 169.254.144.1:6910 finished (33 bytes still in flight).
DEBUG: Waiting for clean shutdown... DEBUG: Inbound stream from 169.254.144.1:6910 finished cleanly.
DEBUG: Outbound stream to 169.254.144.9:12251 has been fully acknowledged.
DEBUG: Waiting for clean shutdown... DEBUG: Inbound stream from 169.254.144.9:12251 finished cleanly.
DEBUG: Waiting for lingering segments (e.g. retransmissions of FIN) from peer...
DEBUG: Outbound stream to 169.254.144.1:6910 has been fully acknowledged.
DEBUG: TCP connection finished cleanly.
done.
DEBUG: TCP connection finished cleanly.
done.
ERROR: b2aae37f1871b1c6b2b0e004a08abac96f38974b8d7c6c3509ed3b45ab4de034 neq 2e34746e437561ad5e3a56c51dbb1a60d21adeea5666a0f32596cfc3343329fd or 33aacb1f71970227a7670acb18f6cd78407609c1696e60cf0b3f0b79c03ecf30

        Start 107: t_icS_1M_32k
100/159 Test #107: t_icS_1M_32k .....................***Timeout  10.02 sec
DEBUG: Listening for incoming connection... DEBUG: Connecting to 169.254.145.9:20580... done.
new connection from 169.254.145.1:64343.
DEBUG: Outbound stream to 169.254.145.1:64343 finished (1 byte still in flight).
DEBUG: Inbound stream from 169.254.145.9:20580 finished cleanly.
DEBUG: Waiting for clean shutdown... DEBUG: TCP connection finished cleanly.
done.

        Start 108: t_icS_128K_8K
101/159 Test #108: t_icS_128K_8K ....................***Failed    0.66 sec
DEBUG: Listening for incoming connection... DEBUG: Connecting to 169.254.145.9:22502... done.
new connection from 169.254.145.1:34080.
DEBUG: Outbound stream to 169.254.145.1:34080 finished (1 byte still in flight).
DEBUG: Inbound stream from 169.254.145.9:22502 finished cleanly.
DEBUG: Outbound stream to 169.254.145.1:34080 has been fully acknowledged.
DEBUG: Waiting for clean shutdown... DEBUG: Outbound stream to 169.254.145.9:22502 finished (90112 bytes still in flight).
DEBUG: Waiting for clean shutdown... DEBUG: TCP connection finished cleanly.
done.
DEBUG: TCP connection finished cleanly.
done.
ERROR: 2a3de5d5208451d1988c59bc6232068004c6674f155ca6ad7c85f6a2fc63faef neq 30e20fb99439928127114fbc462faeb47f3457e3309c9113178ceb6852329333 or 

        Start 109: t_icS_16_1
102/159 Test #109: t_icS_16_1 .......................***Failed    0.27 sec
DEBUG: Listening for incoming connection... DEBUG: Connecting to 169.254.145.9:5050... done.
new connection from 169.254.145.1:17017.
DEBUG: Outbound stream to 169.254.145.9:5050 finished (1 byte still in flight).
DEBUG: Outbound stream to 169.254.145.1:17017 finished (1 byte still in flight).
DEBUG: Waiting for clean shutdown... DEBUG: Inbound stream from 169.254.145.1:17017 finished cleanly.
DEBUG: Waiting for clean shutdown... DEBUG: Inbound stream from 169.254.145.9:5050 finished cleanly.
DEBUG: Outbound stream to 169.254.145.1:17017 has been fully acknowledged.
DEBUG: TCP connection finished cleanly.
done.
DEBUG: TCP connection finished cleanly.
done.
ERROR: 3168e9564df2b65f06f85ec7b808dae0ca82bbce2ea4f88d2bf34aca77aa3104 neq 5bdcc52ee1b8f1857f1ef46ec8fe7c6fabc93148035f51bbf49a73a4a4f84854 or 

        Start 110: t_icS_32K_d
103/159 Test #110: t_icS_32K_d ......................***Timeout  10.03 sec
DEBUG: Listening for incoming connection... DEBUG: Connecting to 169.254.145.9:5536... done.
new connection from 169.254.145.1:38541.
DEBUG: Outbound stream to 169.254.145.1:38541 finished (1 byte still in flight).
DEBUG: Inbound stream from 169.254.145.9:5536 finished cleanly.
DEBUG: Outbound stream to 169.254.145.1:38541 has been fully acknowledged.
DEBUG: Outbound stream to DEBUG: Waiting for clean shutdown... 169.254.145.9:5536 finished (32769 bytes still in flight).
DEBUG: Waiting for clean shutdown... DEBUG: Inbound stream from 169.254.145.1:38541 finished cleanly.
DEBUG: Waiting for lingering segments (e.g. retransmissions of FIN) from peer...
DEBUG: Outbound stream to 169.254.145.9:5536 has been fully acknowledged.

        Start 111: t_icR_1M_32k
104/159 Test #111: t_icR_1M_32k .....................***Failed    0.65 sec
DEBUG: Listening for incoming connection... DEBUG: Connecting to 169.254.145.9:1075... done.
DEBUG: Outbound stream to 169.254.145.9:1075 finished (1 byte still in flight).
new connection from 169.254.145.1:55339.
DEBUG: Inbound stream from 169.254.145.1:55339 finished cleanly.
DEBUG: Waiting for clean shutdown... DEBUG: TCP connection finished cleanly.
done.
DEBUG: Waiting for clean shutdown... DEBUG: Outbound stream to 169.254.145.1:55339 finished (1048577 bytes still in flight).
DEBUG: TCP connection finished uncleanlydone.
ERROR: 5b5d1eab14af5958f3ddb0ff15ebf14c7c4b765e30f46ad077e7d4105740723a neq 431476c25ab71d5ab506ad1249e5ddbd57bab5a4aac2e00390e97ec831ab3ce9 or 

        Start 112: t_icR_128K_8K
105/159 Test #112: t_icR_128K_8K ....................***Timeout  10.02 sec
DEBUG: Listening for incoming connection... DEBUG: Connecting to 169.254.145.9:31399... done.
DEBUG: Outbound stream to 169.254.145.9:31399 finished (1 byte still in flight).
new connection from 169.254.145.1:24905.
DEBUG: Inbound stream from 169.254.145.1:24905 finished cleanly.
DEBUG: Outbound stream to 169.254.145.9:31399 has been fully acknowledged.
DEBUG: Waiting for clean shutdown... DEBUG: Outbound stream to 169.254.145.1:24905 finished (81920 bytes still in flight).
DEBUG: TCP connection finished uncleanlydone.

        Start 113: t_icR_16_1
106/159 Test #113: t_icR_16_1 .......................***Timeout  10.03 sec
DEBUG: Listening for incoming connection... DEBUG: Connecting to 169.254.145.9:29444... done.
DEBUG: Outbound stream to 169.254.145.9:29444 finished (1 byte still in flight).
new connection from 169.254.145.1:48759.
DEBUG: Outbound stream to 169.254.145.1:48759 finished (1 byte still in flight).
DEBUG: Waiting for clean shutdown... DEBUG: Inbound stream from 169.254.145.1:48759 finished cleanly.
DEBUG: Outbound stream to 169.254.145.9:29444 has been fully acknowledged.
DEBUG: Waiting for clean shutdown... DEBUG: Inbound stream from 169.254.145.9:29444 finished cleanly.
DEBUG: Waiting for lingering segments (e.g. retransmissions of FIN) from peer...

        Start 114: t_icR_32K_d
107/159 Test #114: t_icR_32K_d ......................***Timeout  10.03 sec
DEBUG: Listening for incoming connection... DEBUG: Connecting to 169.254.145.9:8946... done.
DEBUG: Outbound stream to 169.254.145.9:8946 finished (1 byte still in flight).
new connection from 169.254.145.1:61417.
DEBUG: Inbound stream from 169.254.145.1:61417 finished cleanly.
DEBUG: Outbound stream to 169.254.145.1:61417 finished (1001 bytes still in flight).
DEBUG: Outbound stream to 169.254.145.9:8946 has been fully acknowledged.
DEBUG: Waiting for clean shutdown... DEBUG: Inbound stream from 169.254.145.9:8946 finished cleanly.
DEBUG: Waiting for lingering segments (e.g. retransmissions of FIN) from peer...
DEBUG: Outbound stream to DEBUG: Waiting for clean shutdown... 169.254.145.1:61417 has been fully acknowledged.

        Start 115: t_icD_1M_32k
108/159 Test #115: t_icD_1M_32k .....................***Timeout  10.03 sec
DEBUG: Listening for incoming connection... DEBUG: Connecting to 169.254.145.9:23323... done.
new connection from 169.254.145.1:53079.

        Start 116: t_icD_128K_8K
109/159 Test #116: t_icD_128K_8K ....................***Timeout  10.03 sec
DEBUG: Listening for incoming connection... DEBUG: Connecting to 169.254.145.9:2270... done.
new connection from 169.254.145.1:55476.

        Start 117: t_icD_16_1
110/159 Test #117: t_icD_16_1 .......................***Failed    0.50 sec
DEBUG: Listening for incoming connection... DEBUG: Connecting to 169.254.145.9:3338... done.
new connection from 169.254.145.1:60408.
DEBUG: Outbound stream to 169.254.145.9:3338 finished (1 byte still in flight).
DEBUG: Outbound stream to 169.254.145.1:60408 finished (1 byte still in flight).
DEBUG: Waiting for clean shutdown... DEBUG: Inbound stream from 169.254.145.1:60408 finished cleanly.
DEBUG: Waiting for clean shutdown... DEBUG: Inbound stream from 169.254.145.9:3338 finished cleanly.
DEBUG: TCP connection finished cleanly.
done.
DEBUG: TCP connection finished cleanly.
done.
ERROR: 0a07eaf33f9628cdf18a4cadbe9ab5445bfaa3f963a36a11ddc5bc390cb6a32c neq fa8efa14a8b298cd286a4546e1b120b2ce7aa5569acc133ff75675937b49c78f or eeb67680ac34dad8803608c605e1ecdf8a8171e06778809839813704ea981f0e

        Start 118: t_icD_32K_d
111/159 Test #118: t_icD_32K_d ......................***Failed    0.29 sec
DEBUG: Listening for incoming connection... DEBUG: Connecting to 169.254.145.9:21137... done.
new connection from 169.254.145.1:33042.
DEBUG: Outbound stream to 169.254.145.9:21137 finished (1001 bytes still in flight).
DEBUG: Inbound stream from 169.254.145.1:33042 finished cleanly.
DEBUG: Outbound stream to 169.254.145.9:21137 has been fully acknowledged.
DEBUG: Waiting for clean shutdown... DEBUG: Outbound stream to 169.254.145.1:33042 finished (1001 bytes still in flight).
DEBUG: Inbound stream from 169.254.145.9:21137 finished cleanly.
DEBUG: Waiting for clean shutdown... DEBUG: Outbound stream to 169.254.145.1:33042 has been fully acknowledged.
DEBUG: TCP connection finished cleanly.
done.
DEBUG: TCP connection finished cleanly.
done.
ERROR: 58e0ab45c9aeabbe07b9ebf3ab0eac9dfaf985a59af9824e9e701d619379ce38 neq 0a91229513a7e8c3fb34fdb66265a9201cf13bac86ed5c72543b9cb08953fe20 or ef58d315ce11c5ad9a1b7d6b5fe073504d17bbe1d361b7403cbbacc05d079661

        Start 119: t_isS_1M_32k
112/159 Test #119: t_isS_1M_32k .....................***Failed    0.83 sec
DEBUG: Listening for incoming connection... DEBUG: Connecting to 169.254.144.9:33319... done.
DEBUG: Outbound stream to 169.254.144.9:33319 finished (1 byte still in flight).
new connection from 169.254.144.1:39611.
DEBUG: Inbound stream from 169.254.144.1:39611 finished cleanly.
DEBUG: Waiting for clean shutdown... DEBUG: TCP connection finished cleanly.
done.
DEBUG: Waiting for clean shutdown... Exception in TCPConnection runner thread: TCPConnection::write() accepted less than advertised length
terminate called after throwing an instance of 'std::exception'
  what():  std::exception
/home/elon/cs144/sponge/txrx.sh: line 228: 10074 Aborted                 (core dumped) coproc COPROC $3 -l $4 ${SERVER_PORT} > "$1" < "$2"
ERROR: 2baa44fff50caef8e3168643cf1db59c295d83cb38606ec0d48a73a5617e65d0 neq 0b19f68a5cc7982cd80b9540acb495dc31bc2e35fdd6e9cccd2d86a32bfdd97c or 

        Start 120: t_isS_128K_8K
113/159 Test #120: t_isS_128K_8K ....................***Timeout  10.03 sec
DEBUG: Listening for incoming connection... DEBUG: Connecting to 169.254.144.9:8584... done.
DEBUG: Outbound stream to 169.254.144.9:8584 finished (1 byte still in flight).
new connection from 169.254.144.1:27305.
DEBUG: Inbound stream from 169.254.144.1:27305 finished cleanly.
DEBUG: Outbound stream to 169.254.144.9:8584 has been fully acknowledged.
DEBUG: Waiting for clean shutdown... DEBUG: Outbound stream to 169.254.144.1:27305 finished (90112 bytes still in flight).
DEBUG: TCP connection finished uncleanlydone.

        Start 121: t_isS_16_1
114/159 Test #121: t_isS_16_1 .......................***Timeout  10.04 sec
DEBUG: Listening for incoming connection... DEBUG: Connecting to 169.254.144.9:13739... done.
DEBUG: Outbound stream to 169.254.144.9:13739 finished (1 byte still in flight).
new connection from 169.254.144.1:60944.
DEBUG: Outbound stream to 169.254.144.1:60944 finished (1 byte still in flight).
DEBUG: Waiting for clean shutdown... DEBUG: Inbound stream from 169.254.144.1:60944 finished cleanly.
DEBUG: Outbound stream to 169.254.144.9:13739 has been fully acknowledged.
DEBUG: Waiting for clean shutdown... DEBUG: Inbound stream from 169.254.144.9:13739 finished cleanly.
DEBUG: Waiting for lingering segments (e.g. retransmissions of FIN) from peer...

        Start 122: t_isS_32K_d
115/159 Test #122: t_isS_32K_d ......................***Timeout  10.03 sec
DEBUG: Listening for incoming connection... DEBUG: Connecting to 169.254.144.9:12537... done.
DEBUG: Outbound stream to 169.254.144.9:12537 finished (1 byte still in flight).
new connection from 169.254.144.1:9843.
DEBUG: Inbound stream from 169.254.144.1:9843 finished cleanly.
DEBUG: Outbound stream to 169.254.144.1:9843 finished (1001 bytes still in flight).
DEBUG: Outbound stream to 169.254.144.9:12537 has been fully acknowledged.
DEBUG: Waiting for clean shutdown... DEBUG: Waiting for clean shutdown... DEBUG: Inbound stream from 169.254.144.9:12537 finished cleanly.
DEBUG: Waiting for lingering segments (e.g. retransmissions of FIN) from peer...
DEBUG: Outbound stream to 169.254.144.1:9843 has been fully acknowledged.

        Start 123: t_isR_1M_32k
116/159 Test #123: t_isR_1M_32k .....................***Failed    0.75 sec
DEBUG: Listening for incoming connection... DEBUG: Connecting to 169.254.144.9:27962... done.
new connection from 169.254.144.1:46223.
DEBUG: Outbound stream to 169.254.144.1:46223 finished (1 byte still in flight).
DEBUG: Inbound stream from 169.254.144.9:27962 finished cleanly.
DEBUG: Waiting for clean shutdown... DEBUG: TCP connection finished cleanly.
done.
DEBUG: Waiting for clean shutdown... DEBUG: Outbound stream to 169.254.144.9:27962 finished (1048577 bytes still in flight).
DEBUG: TCP connection finished cleanly.
done.
ERROR: 75623561724ecdefa4c34026ad7711b559cb21960f5d89e71722c23b328a61ef neq 1ad362c88549a7580a41439793d4ecd196bee7666a510e38ffc882047f00d7a7 or 

        Start 124: t_isR_128K_8K
117/159 Test #124: t_isR_128K_8K ....................***Failed    0.62 sec
DEBUG: Listening for incoming connection... DEBUG: Connecting to 169.254.144.9:3591... done.
new connection from 169.254.144.1:32485.
DEBUG: Outbound stream to 169.254.144.1:32485 finished (1 byte still in flight).
DEBUG: Inbound stream from 169.254.144.9:3591 finished cleanly.
DEBUG: Outbound stream to 169.254.144.1:32485 has been fully acknowledged.
DEBUG: Outbound stream to DEBUG: Waiting for clean shutdown... 169.254.144.9:3591 finished (90112 bytes still in flight).
DEBUG: Waiting for clean shutdown... DEBUG: TCP connection finished cleanly.
done.
DEBUG: TCP connection finished cleanly.
done.
ERROR: 8a86385afee3c600c0b2160c6398e396593157d30b407da7d4809565b11c8672 neq 1d9a2e744a6563693827014846e9ca0d6602e1cc229e76a18d61fd6ee14b344e or 

        Start 125: t_isR_16_1
118/159 Test #125: t_isR_16_1 .......................***Failed    0.25 sec
DEBUG: Listening for incoming connection... DEBUG: Connecting to 169.254.144.9:32807... done.
new connection from 169.254.144.1:26574.
DEBUG: Outbound stream to 169.254.144.9:32807 finished (1 byte still in flight).
DEBUG: Outbound stream to 169.254.144.1:26574 finished (1 byte still in flight).
DEBUG: Waiting for clean shutdown... DEBUG: Inbound stream from 169.254.144.1:26574 finished cleanly.
DEBUG: Waiting for clean shutdown... DEBUG: Inbound stream from 169.254.144.9:32807 finished cleanly.
DEBUG: Outbound stream to 169.254.144.1:26574 has been fully acknowledged.
DEBUG: TCP connection finished cleanly.
done.
DEBUG: TCP connection finished cleanly.
done.
ERROR: 24dc7aaf7d819662117c6c24b854e164578c64503c0c9250b2ad528fd01d46de neq 4987f34b014cd3376776a075f05fc0774bd836af27b51ef8107ac7bf0f232584 or 

        Start 126: t_isR_32K_d
119/159 Test #126: t_isR_32K_d ......................***Timeout  10.06 sec
DEBUG: Listening for incoming connection... DEBUG: Connecting to 169.254.144.9:26348... done.
new connection from 169.254.144.1:31239.
DEBUG: Outbound stream to 169.254.144.1:31239 finished (1 byte still in flight).
DEBUG: Inbound stream from 169.254.144.9:26348 finished cleanly.
DEBUG: Outbound stream to 169.254.144.9:26348 finished (1001 bytes still in flight).
DEBUG: Outbound stream to 169.254.144.1:31239 has been fully acknowledged.
DEBUG: Waiting for clean shutdown... DEBUG: Inbound stream from 169.254.144.1:31239 finished cleanly.
DEBUG: Waiting for lingering segments (e.g. retransmissions of FIN) from peer...
DEBUG: Waiting for clean shutdown... DEBUG: Outbound stream to 169.254.144.9:26348 has been fully acknowledged.

        Start 127: t_isD_1M_32k
120/159 Test #127: t_isD_1M_32k .....................***Timeout  10.02 sec
DEBUG: Listening for incoming connection... DEBUG: Connecting to 169.254.144.9:15006... done.
new connection from 169.254.144.1:15385.

        Start 128: t_isD_128K_8K
121/159 Test #128: t_isD_128K_8K ....................***Timeout  10.02 sec
DEBUG: Listening for incoming connection... DEBUG: Connecting to 169.254.144.9:30449... done.
new connection from 169.254.144.1:34805.

        Start 129: t_isD_16_1
122/159 Test #129: t_isD_16_1 .......................***Failed    0.45 sec
DEBUG: Listening for incoming connection... DEBUG: Connecting to 169.254.144.9:7482... done.
new connection from 169.254.144.1:43005.
DEBUG: Outbound stream to 169.254.144.9:7482 finished (1 byte still in flight).
DEBUG: Outbound stream to 169.254.144.1:43005 finished (1 byte still in flight).
DEBUG: Waiting for clean shutdown... DEBUG: Inbound stream from 169.254.144.1:43005 finished cleanly.
DEBUG: Waiting for clean shutdown... DEBUG: Inbound stream from 169.254.144.9:7482 finished cleanly.
DEBUG: TCP connection finished cleanly.
done.
DEBUG: TCP connection finished cleanly.
done.
ERROR: 543e8abf71f21bb9733a39f5bf1eb8d5dfb3e8f456c39164bce476e82ec3664c neq 415e330ad5e8310a7999091d5f0ade681805cb16e49c12f05303e1fb04a13666 or 52d104f8ee4bbd5e73bff5f99934220bd12b3e6ef38dfd87e7611411d36ea374

        Start 130: t_isD_32K_d
123/159 Test #130: t_isD_32K_d ......................***Failed    0.43 sec
DEBUG: Listening for incoming connection... DEBUG: Connecting to 169.254.144.9:24530... done.
new connection from 169.254.144.1:22940.
DEBUG: Outbound stream to 169.254.144.9:24530 finished (1001 bytes still in flight).
DEBUG: Outbound stream to 169.254.144.1:22940 finished (32769 bytes still in flight).
DEBUG: Waiting for clean shutdown... DEBUG: Inbound stream from 169.254.144.1:22940 finished cleanly.
DEBUG: Outbound stream to 169.254.144.9:24530 has been fully acknowledged.
DEBUG: Inbound stream from 169.254.144.9:24530 finished cleanly.
DEBUG: Waiting for clean shutdown... DEBUG: Outbound stream to 169.254.144.1:22940 has been fully acknowledged.
DEBUG: TCP connection finished cleanly.
done.
DEBUG: TCP connection finished cleanly.
done.
ERROR: 2eddaca68a878562e742e9400059cc398a464971a3823c5b40acc5eaea682c01 neq bcf7e9a94ce023a5d44944cc30c3f252ce352f79a38af8e975537317b9ac9969 or ea4c3c37756ea58d7c0479011ec97fede65a963866d3dbed3719a7b9af5591c2

        Start 131: t_icS_128K_8K_l
124/159 Test #131: t_icS_128K_8K_l ..................***Failed    0.60 sec
DEBUG: Listening for incoming connection... DEBUG: Connecting to 169.254.145.9:18666... done.
new connection from 169.254.145.1:37423.
DEBUG: Outbound stream to 169.254.145.1:37423 finished (1 byte still in flight).
DEBUG: Inbound stream from 169.254.145.9:18666 finished cleanly.
DEBUG: Outbound stream to 169.254.145.1:37423 has been fully acknowledged.
DEBUG: Waiting for clean shutdown... DEBUG: Outbound stream to 169.254.145.9:18666 finished (90112 bytes still in flight).
DEBUG: Waiting for clean shutdown... DEBUG: TCP connection finished cleanly.
done.
DEBUG: TCP connection finished cleanly.
done.
ERROR: b6a801daccd396320b2c525b76868809e6045828a842af1ba5361a5b008e53ae neq 9ec34ce3ab24d2c4031d99c0b97321b3734d1e45cba9b7ecdc3dfcd33e4d8b0c or 

        Start 132: t_icS_128K_8K_L
125/159 Test #132: t_icS_128K_8K_L ..................***Timeout  10.04 sec
DEBUG: Listening for incoming connection... DEBUG: Connecting to 169.254.145.9:8030... done.
new connection from 169.254.145.1:18131.
DEBUG: Outbound stream to 169.254.145.1:18131 finished (1 byte still in flight).
DEBUG: Inbound stream from 169.254.145.9:8030 finished cleanly.
DEBUG: Outbound stream to 169.254.145.1:18131 has been fully acknowledged.
DEBUG: Waiting for clean shutdown... 

        Start 133: t_icS_128K_8K_lL
126/159 Test #133: t_icS_128K_8K_lL .................***Failed    0.63 sec
DEBUG: Listening for incoming connection... DEBUG: Connecting to 169.254.145.9:7617... done.
new connection from 169.254.145.1:20869.
DEBUG: Outbound stream to 169.254.145.1:20869 finished (1 byte still in flight).
DEBUG: Inbound stream from 169.254.145.9:7617 finished cleanly.
DEBUG: Outbound stream to 169.254.145.1:20869 has been fully acknowledged.
DEBUG: Waiting for clean shutdown... DEBUG: Outbound stream to 169.254.145.9:7617 finished (90112 bytes still in flight).
DEBUG: Waiting for clean shutdown... DEBUG: TCP connection finished cleanly.
done.
DEBUG: TCP connection finished cleanly.
done.
ERROR: 2ca3a55420c5c94d31b050c506e195a2f00a2ac7cf2f2287d9ff75980b8679c2 neq 2fdaf0a5041b76c88d73c7aab74d804e1bf44780a28fd8ae7bcaaae3f4b288c6 or 

        Start 134: t_icR_128K_8K_l
127/159 Test #134: t_icR_128K_8K_l ..................***Timeout  10.02 sec
DEBUG: Listening for incoming connection... DEBUG: Connecting to 169.254.145.9:3863... done.
DEBUG: Outbound stream to 169.254.145.9:3863 finished (1 byte still in flight).
new connection from 169.254.145.1:13548.
DEBUG: Inbound stream from 169.254.145.1:13548 finished cleanly.
DEBUG: Outbound stream to 169.254.145.9:3863 has been fully acknowledged.
DEBUG: Waiting for clean shutdown... DEBUG: Outbound stream to 169.254.145.1:13548 finished (90112 bytes still in flight).
DEBUG: TCP connection finished uncleanlydone.

        Start 135: t_icR_128K_8K_L
128/159 Test #135: t_icR_128K_8K_L ..................***Timeout  10.03 sec
DEBUG: Listening for incoming connection... DEBUG: Connecting to 169.254.145.9:6564... done.
DEBUG: Outbound stream to 169.254.145.9:6564 finished (1 byte still in flight).
new connection from 169.254.145.1:2729.
DEBUG: Inbound stream from 169.254.145.1:2729 finished cleanly.
DEBUG: Outbound stream to 169.254.145.9:6564 has been fully acknowledged.
DEBUG: Waiting for clean shutdown... 

        Start 136: t_icR_128K_8K_lL
129/159 Test #136: t_icR_128K_8K_lL .................***Timeout  10.02 sec
DEBUG: Listening for incoming connection... DEBUG: Connecting to 169.254.145.9:25825... done.
DEBUG: Outbound stream to 169.254.145.9:25825 finished (1 byte still in flight).
new connection from 169.254.145.1:4601.
DEBUG: Inbound stream from 169.254.145.1:4601 finished cleanly.
DEBUG: Outbound stream to 169.254.145.9:25825 has been fully acknowledged.
DEBUG: Waiting for clean shutdown... DEBUG: Outbound stream to 169.254.145.1:4601 finished (90112 bytes still in flight).
DEBUG: TCP connection finished uncleanlydone.

        Start 137: t_icD_128K_8K_l
130/159 Test #137: t_icD_128K_8K_l ..................***Timeout  10.02 sec
DEBUG: Listening for incoming connection... DEBUG: Connecting to 169.254.145.9:22374... done.
new connection from 169.254.145.1:17627.

        Start 138: t_icD_128K_8K_L
131/159 Test #138: t_icD_128K_8K_L ..................***Timeout  10.02 sec
DEBUG: Listening for incoming connection... DEBUG: Connecting to 169.254.145.9:6897... done.

        Start 139: t_icD_128K_8K_lL
132/159 Test #139: t_icD_128K_8K_lL .................***Timeout  10.02 sec
DEBUG: Listening for incoming connection... DEBUG: Connecting to 169.254.145.9:20748... 

        Start 140: t_isS_128K_8K_l
133/159 Test #140: t_isS_128K_8K_l ..................***Timeout  10.03 sec
DEBUG: Listening for incoming connection... DEBUG: Connecting to 169.254.144.9:5009... done.
DEBUG: Outbound stream to 169.254.144.9:5009 finished (1 byte still in flight).
new connection from 169.254.144.1:27574.
DEBUG: Inbound stream from 169.254.144.1:27574 finished cleanly.
DEBUG: Outbound stream to 169.254.144.9:5009 has been fully acknowledged.
DEBUG: Waiting for clean shutdown... 

        Start 141: t_isS_128K_8K_L
134/159 Test #141: t_isS_128K_8K_L ..................***Timeout  10.03 sec
DEBUG: Listening for incoming connection... DEBUG: Connecting to 169.254.144.9:22843... 

        Start 142: t_isS_128K_8K_lL
135/159 Test #142: t_isS_128K_8K_lL .................***Timeout  10.02 sec
DEBUG: Listening for incoming connection... DEBUG: Connecting to 169.254.144.9:21850... done.
DEBUG: Outbound stream to 169.254.144.9:21850 finished (1 byte still in flight).
new connection from 169.254.144.1:7025.
DEBUG: Inbound stream from 169.254.144.1:7025 finished cleanly.
DEBUG: Outbound stream to 169.254.144.9:21850 has been fully acknowledged.
DEBUG: Waiting for clean shutdown... DEBUG: Outbound stream to 169.254.144.1:7025 finished (90112 bytes still in flight).
DEBUG: TCP connection finished uncleanlydone.

        Start 143: t_isR_128K_8K_l
136/159 Test #143: t_isR_128K_8K_l ..................***Failed    0.54 sec
DEBUG: Listening for incoming connection... DEBUG: Connecting to 169.254.144.9:17682... done.
new connection from 169.254.144.1:2886.
DEBUG: Outbound stream to 169.254.144.1:2886 finished (1 byte still in flight).
DEBUG: Inbound stream from 169.254.144.9:17682 finished cleanly.
DEBUG: Outbound stream to DEBUG: Waiting for clean shutdown... 169.254.144.1:2886 has been fully acknowledged.
DEBUG: Outbound stream to 169.254.144.9:17682 finished (90112 bytes still in flight).
DEBUG: TCP connection finished cleanly.
done.
DEBUG: Waiting for clean shutdown... DEBUG: TCP connection finished cleanly.
done.
ERROR: ef59b6b6f94b10b2d741bcf39e3e4addfa2baea3ff3f5b2be4a35449692a4aaa neq 1c614d829c7b6979c3c136961f79f2bda517e421fee8c077c82077120dec66c5 or 

        Start 144: t_isR_128K_8K_L
137/159 Test #144: t_isR_128K_8K_L ..................***Timeout  10.03 sec
DEBUG: Listening for incoming connection... DEBUG: Connecting to 169.254.144.9:16634... 

        Start 145: t_isR_128K_8K_lL
138/159 Test #145: t_isR_128K_8K_lL .................***Failed    0.64 sec
DEBUG: Listening for incoming connection... DEBUG: Connecting to 169.254.144.9:20596... done.
new connection from 169.254.144.1:57652.
DEBUG: Outbound stream to 169.254.144.1:57652 finished (1 byte still in flight).
DEBUG: Inbound stream from 169.254.144.9:20596 finished cleanly.
DEBUG: Outbound stream to 169.254.144.1:57652 has been fully acknowledged.
DEBUG: Waiting for clean shutdown... DEBUG: Outbound stream to 169.254.144.9:20596 finished (81920 bytes still in flight).
DEBUG: Waiting for clean shutdown... DEBUG: TCP connection finished cleanly.
done.
DEBUG: TCP connection finished cleanly.
done.
ERROR: 3398751467d7b19b1154d2c3e087aaf932c401bdadce8fd35bf62f0274a8a585 neq 19939a456cc398d230ef6629a4321960f66186952366f0bce41f8fcdbd86ecfd or 

        Start 146: t_isD_128K_8K_l
139/159 Test #146: t_isD_128K_8K_l ..................***Timeout  10.02 sec
DEBUG: Listening for incoming connection... DEBUG: Connecting to 169.254.144.9:20737... done.
new connection from 169.254.144.1:21647.

        Start 147: t_isD_128K_8K_L
140/159 Test #147: t_isD_128K_8K_L ..................***Timeout  10.03 sec
DEBUG: Listening for incoming connection... DEBUG: Connecting to 169.254.144.9:22515... 

        Start 148: t_isD_128K_8K_lL
141/159 Test #148: t_isD_128K_8K_lL .................***Timeout  10.03 sec
DEBUG: Listening for incoming connection... DEBUG: Connecting to 169.254.144.9:12626... done.

        Start 149: t_icnS_128K_8K_l
142/159 Test #149: t_icnS_128K_8K_l .................***Timeout  10.02 sec
DEBUG: Connecting to 169.254.144.1:25778... done.
DEBUG: Inbound stream from 169.254.144.1:25778 finished cleanly.
DEBUG: Waiting for clean shutdown... DEBUG: Outbound stream to 169.254.144.1:25778 finished (129001 bytes still in flight).
DEBUG: Outbound stream to 169.254.144.1:25778 has been fully acknowledged.

        Start 150: t_icnS_128K_8K_L
143/159 Test #150: t_icnS_128K_8K_L .................***Timeout  10.03 sec
DEBUG: Connecting to 169.254.144.1:2270... done.
DEBUG: Inbound stream from 169.254.144.1:2270 finished cleanly.
DEBUG: Waiting for clean shutdown... DEBUG: Outbound stream to 169.254.144.1:2270 finished (131073 bytes still in flight).

        Start 151: t_icnS_128K_8K_lL
144/159 Test #151: t_icnS_128K_8K_lL ................***Timeout  10.02 sec
DEBUG: Connecting to 169.254.144.1:21069... done.
DEBUG: Inbound stream from 169.254.144.1:21069 finished cleanly.
DEBUG: Waiting for clean shutdown... DEBUG: Outbound stream to 169.254.144.1:21069 finished (131073 bytes still in flight).

        Start 152: t_icnR_128K_8K_l
145/159 Test #152: t_icnR_128K_8K_l .................***Timeout  10.01 sec
DEBUG: Connecting to 169.254.144.1:7023... done.
DEBUG: Outbound stream to 169.254.144.1:7023 finished (1 byte still in flight).
DEBUG: Outbound stream to 169.254.144.1:7023 has been fully acknowledged.

        Start 153: t_icnR_128K_8K_L
146/159 Test #153: t_icnR_128K_8K_L .................***Timeout  10.02 sec
DEBUG: Connecting to 169.254.144.1:22248... 

        Start 154: t_icnR_128K_8K_lL
147/159 Test #154: t_icnR_128K_8K_lL ................***Timeout  10.01 sec
DEBUG: Connecting to 169.254.144.1:2500... done.
DEBUG: Outbound stream to 169.254.144.1:2500 finished (1 byte still in flight).
DEBUG: Outbound stream to 169.254.144.1:2500 has been fully acknowledged.

        Start 155: t_icnD_128K_8K_l
148/159 Test #155: t_icnD_128K_8K_l .................***Timeout  10.02 sec
DEBUG: Connecting to 169.254.144.1:4728... done.
DEBUG: Outbound stream to 169.254.144.1:4728 finished (131073 bytes still in flight).
DEBUG: Outbound stream to 169.254.144.1:4728 has been fully acknowledged.

        Start 156: t_icnD_128K_8K_L
149/159 Test #156: t_icnD_128K_8K_L .................***Timeout  10.02 sec
DEBUG: Connecting to 169.254.144.1:33195... done.
DEBUG: Outbound stream to 169.254.144.1:33195 finished (131073 bytes still in flight).

        Start 157: t_icnD_128K_8K_lL
150/159 Test #157: t_icnD_128K_8K_lL ................***Timeout  10.02 sec
DEBUG: Connecting to 169.254.144.1:14902... done.
DEBUG: Outbound stream to 169.254.144.1:14902 finished (131073 bytes still in flight).

        Start 158: t_isnS_128K_8K_l
151/159 Test #158: t_isnS_128K_8K_l .................***Timeout  10.02 sec
DEBUG: Listening for incoming connection... new connection from 169.254.144.1:33512.
DEBUG: Inbound stream from 169.254.144.1:33512 finished cleanly.
DEBUG: Waiting for clean shutdown... DEBUG: Outbound stream to 169.254.144.1:33512 finished (131073 bytes still in flight).
DEBUG: Outbound stream to 169.254.144.1:33512 has been fully acknowledged.

        Start 159: t_isnS_128K_8K_L
152/159 Test #159: t_isnS_128K_8K_L .................***Timeout  10.02 sec
DEBUG: Listening for incoming connection... 

        Start 160: t_isnS_128K_8K_lL
153/159 Test #160: t_isnS_128K_8K_lL ................***Timeout  10.04 sec
DEBUG: Listening for incoming connection... new connection from 169.254.144.1:54948.
DEBUG: Inbound stream from 169.254.144.1:54948 finished cleanly.
DEBUG: Waiting for clean shutdown... DEBUG: Outbound stream to 169.254.144.1:54948 finished (131073 bytes still in flight).

        Start 161: t_isnR_128K_8K_l
154/159 Test #161: t_isnR_128K_8K_l .................***Timeout  10.02 sec
DEBUG: Listening for incoming connection... new connection from 169.254.144.1:59112.
DEBUG: Outbound stream to 169.254.144.1:59112 finished (1 byte still in flight).
DEBUG: Outbound stream to 169.254.144.1:59112 has been fully acknowledged.

        Start 162: t_isnR_128K_8K_L
155/159 Test #162: t_isnR_128K_8K_L .................***Timeout  10.02 sec
DEBUG: Listening for incoming connection... new connection from 169.254.144.1:39726.
DEBUG: Outbound stream to 169.254.144.1:39726 finished (1 byte still in flight).
DEBUG: Outbound stream to 169.254.144.1:39726 has been fully acknowledged.

        Start 163: t_isnR_128K_8K_lL
156/159 Test #163: t_isnR_128K_8K_lL ................***Timeout  10.02 sec
DEBUG: Listening for incoming connection... new connection from 169.254.144.1:34378.
DEBUG: Outbound stream to 169.254.144.1:34378 finished (1 byte still in flight).
DEBUG: Outbound stream to 169.254.144.1:34378 has been fully acknowledged.

        Start 164: t_isnD_128K_8K_l
157/159 Test #164: t_isnD_128K_8K_l .................***Timeout  10.03 sec
DEBUG: Listening for incoming connection... new connection from 169.254.144.1:40720.
DEBUG: Outbound stream to 169.254.144.1:40720 finished (131073 bytes still in flight).
DEBUG: Outbound stream to 169.254.144.1:40720 has been fully acknowledged.

        Start 165: t_isnD_128K_8K_L
158/159 Test #165: t_isnD_128K_8K_L .................***Timeout  10.02 sec
DEBUG: Listening for incoming connection... new connection from 169.254.144.1:59810.
DEBUG: Outbound stream to 169.254.144.1:59810 finished (131073 bytes still in flight).

        Start 166: t_isnD_128K_8K_lL
159/159 Test #166: t_isnD_128K_8K_lL ................***Timeout  10.02 sec
DEBUG: Listening for incoming connection... new connection from 169.254.144.1:35684.
DEBUG: Outbound stream to 169.254.144.1:35684 finished (129001 bytes still in flight).


22% tests passed, 124 tests failed out of 159

Total Test time (real) = 852.49 sec

The following tests FAILED:
	 33 - t_active_close (Failed)
	 34 - t_passive_close (Failed)
	 36 - t_ack_rst (Failed)
	 38 - t_ack_rst_win (Failed)
	 43 - t_winsize (Failed)
	 45 - t_retx (Failed)
	 46 - t_retx_win (Failed)
	 47 - t_loopback (Failed)
	 48 - t_loopback_win (Failed)
	 49 - t_reorder (Failed)
	 53 - t_udp_client_send (Failed)
	 54 - t_udp_server_send (Timeout)
	 55 - t_udp_client_recv (Timeout)
	 56 - t_udp_server_recv (Failed)
	 57 - t_udp_client_dupl (Failed)
	 58 - t_udp_server_dupl (Failed)
	 59 - t_ucS_1M_32k (Timeout)
	 60 - t_ucS_128K_8K (Failed)
	 61 - t_ucS_16_1 (Failed)
	 62 - t_ucS_32K_d (Timeout)
	 63 - t_ucR_1M_32k (Timeout)
	 64 - t_ucR_128K_8K (Timeout)
	 65 - t_ucR_16_1 (Timeout)
	 66 - t_ucR_32K_d (Timeout)
	 67 - t_ucD_1M_32k (Timeout)
	 68 - t_ucD_128K_8K (Timeout)
	 69 - t_ucD_16_1 (Failed)
	 70 - t_ucD_32K_d (Failed)
	 71 - t_usS_1M_32k (Timeout)
	 72 - t_usS_128K_8K (Failed)
	 73 - t_usS_16_1 (Timeout)
	 74 - t_usS_32K_d (Timeout)
	 75 - t_usR_1M_32k (Timeout)
	 76 - t_usR_128K_8K (Timeout)
	 77 - t_usR_16_1 (Failed)
	 78 - t_usR_32K_d (Timeout)
	 79 - t_usD_1M_32k (Timeout)
	 80 - t_usD_128K_8K (Timeout)
	 81 - t_usD_16_1 (Failed)
	 82 - t_usD_32K_d (Failed)
	 83 - t_ucS_128K_8K_l (Failed)
	 84 - t_ucS_128K_8K_L (Timeout)
	 85 - t_ucS_128K_8K_lL (Timeout)
	 86 - t_ucR_128K_8K_l (Timeout)
	 87 - t_ucR_128K_8K_L (Timeout)
	 88 - t_ucR_128K_8K_lL (Timeout)
	 89 - t_ucD_128K_8K_l (Timeout)
	 90 - t_ucD_128K_8K_L (Timeout)
	 91 - t_ucD_128K_8K_lL (Timeout)
	 92 - t_usS_128K_8K_l (Timeout)
	 93 - t_usS_128K_8K_L (Timeout)
	 94 - t_usS_128K_8K_lL (Timeout)
	 95 - t_usR_128K_8K_l (Timeout)
	 96 - t_usR_128K_8K_L (Timeout)
	 97 - t_usR_128K_8K_lL (Timeout)
	 98 - t_usD_128K_8K_l (Timeout)
	 99 - t_usD_128K_8K_L (Timeout)
	100 - t_usD_128K_8K_lL (Timeout)
	101 - t_ipv4_client_send (Failed)
	102 - t_ipv4_server_send (Timeout)
	103 - t_ipv4_client_recv (Timeout)
	104 - t_ipv4_server_recv (Failed)
	105 - t_ipv4_client_dupl (Failed)
	106 - t_ipv4_server_dupl (Failed)
	107 - t_icS_1M_32k (Timeout)
	108 - t_icS_128K_8K (Failed)
	109 - t_icS_16_1 (Failed)
	110 - t_icS_32K_d (Timeout)
	111 - t_icR_1M_32k (Failed)
	112 - t_icR_128K_8K (Timeout)
	113 - t_icR_16_1 (Timeout)
	114 - t_icR_32K_d (Timeout)
	115 - t_icD_1M_32k (Timeout)
	116 - t_icD_128K_8K (Timeout)
	117 - t_icD_16_1 (Failed)
	118 - t_icD_32K_d (Failed)
	119 - t_isS_1M_32k (Failed)
	120 - t_isS_128K_8K (Timeout)
	121 - t_isS_16_1 (Timeout)
	122 - t_isS_32K_d (Timeout)
	123 - t_isR_1M_32k (Failed)
	124 - t_isR_128K_8K (Failed)
	125 - t_isR_16_1 (Failed)
	126 - t_isR_32K_d (Timeout)
	127 - t_isD_1M_32k (Timeout)
	128 - t_isD_128K_8K (Timeout)
	129 - t_isD_16_1 (Failed)
	130 - t_isD_32K_d (Failed)
	131 - t_icS_128K_8K_l (Failed)
	132 - t_icS_128K_8K_L (Timeout)
	133 - t_icS_128K_8K_lL (Failed)
	134 - t_icR_128K_8K_l (Timeout)
	135 - t_icR_128K_8K_L (Timeout)
	136 - t_icR_128K_8K_lL (Timeout)
	137 - t_icD_128K_8K_l (Timeout)
	138 - t_icD_128K_8K_L (Timeout)
	139 - t_icD_128K_8K_lL (Timeout)
	140 - t_isS_128K_8K_l (Timeout)
	141 - t_isS_128K_8K_L (Timeout)
	142 - t_isS_128K_8K_lL (Timeout)
	143 - t_isR_128K_8K_l (Failed)
	144 - t_isR_128K_8K_L (Timeout)
	145 - t_isR_128K_8K_lL (Failed)
	146 - t_isD_128K_8K_l (Timeout)
	147 - t_isD_128K_8K_L (Timeout)
	148 - t_isD_128K_8K_lL (Timeout)
	149 - t_icnS_128K_8K_l (Timeout)
	150 - t_icnS_128K_8K_L (Timeout)
	151 - t_icnS_128K_8K_lL (Timeout)
	152 - t_icnR_128K_8K_l (Timeout)
	153 - t_icnR_128K_8K_L (Timeout)
	154 - t_icnR_128K_8K_lL (Timeout)
	155 - t_icnD_128K_8K_l (Timeout)
	156 - t_icnD_128K_8K_L (Timeout)
	157 - t_icnD_128K_8K_lL (Timeout)
	158 - t_isnS_128K_8K_l (Timeout)
	159 - t_isnS_128K_8K_L (Timeout)
	160 - t_isnS_128K_8K_lL (Timeout)
	161 - t_isnR_128K_8K_l (Timeout)
	162 - t_isnR_128K_8K_L (Timeout)
	163 - t_isnR_128K_8K_lL (Timeout)
	164 - t_isnD_128K_8K_l (Timeout)
	165 - t_isnD_128K_8K_L (Timeout)
	166 - t_isnD_128K_8K_lL (Timeout)
Errors while running CTest
CMakeFiles/check_lab4.dir/build.make:57: recipe for target 'CMakeFiles/check_lab4' failed
make[3]: *** [CMakeFiles/check_lab4] Error 8
CMakeFiles/Makefile2:131: recipe for target 'CMakeFiles/check_lab4.dir/all' failed
make[2]: *** [CMakeFiles/check_lab4.dir/all] Error 2
CMakeFiles/Makefile2:138: recipe for target 'CMakeFiles/check_lab4.dir/rule' failed
make[1]: *** [CMakeFiles/check_lab4.dir/rule] Error 2
Makefile:155: recipe for target 'check_lab4' failed
make: *** [check_lab4] Error 2
