[100%] Testing the TCP connection...
Test project /home/elon/cs144/sponge/build
        Start   1: t_wrapping_ints_cmp
  1/159 Test   #1: t_wrapping_ints_cmp ..............   Passed    0.00 sec
        Start   2: t_wrapping_ints_unwrap
  2/159 Test   #2: t_wrapping_ints_unwrap ...........   Passed    0.00 sec
        Start   3: t_wrapping_ints_wrap
  3/159 Test   #3: t_wrapping_ints_wrap .............   Passed    0.00 sec
        Start   4: t_recv_connect
  4/159 Test   #4: t_recv_connect ...................   Passed    0.00 sec
        Start   5: t_recv_transmit
  5/159 Test   #5: t_recv_transmit ..................   Passed    0.23 sec
        Start   6: t_recv_window
  6/159 Test   #6: t_recv_window ....................   Passed    0.00 sec
        Start   7: t_recv_reorder
  7/159 Test   #7: t_recv_reorder ...................   Passed    0.00 sec
        Start   8: t_recv_close
  8/159 Test   #8: t_recv_close .....................   Passed    0.00 sec
        Start   9: t_send_connect
  9/159 Test   #9: t_send_connect ...................   Passed    0.00 sec
        Start  10: t_send_transmit
 10/159 Test  #10: t_send_transmit ..................   Passed    0.21 sec
        Start  11: t_send_retx
 11/159 Test  #11: t_send_retx ......................   Passed    0.00 sec
        Start  12: t_send_window
 12/159 Test  #12: t_send_window ....................   Passed    0.11 sec
        Start  13: t_send_ack
 13/159 Test  #13: t_send_ack .......................   Passed    0.00 sec
        Start  14: t_send_close
 14/159 Test  #14: t_send_close .....................   Passed    0.00 sec
        Start  15: t_strm_reassem_single
 15/159 Test  #15: t_strm_reassem_single ............   Passed    0.00 sec
        Start  16: t_strm_reassem_seq
 16/159 Test  #16: t_strm_reassem_seq ...............   Passed    0.00 sec
        Start  17: t_strm_reassem_dup
 17/159 Test  #17: t_strm_reassem_dup ...............   Passed    0.01 sec
        Start  18: t_strm_reassem_holes
 18/159 Test  #18: t_strm_reassem_holes .............   Passed    0.00 sec
        Start  19: t_strm_reassem_many
 19/159 Test  #19: t_strm_reassem_many ..............   Passed    5.76 sec
        Start  20: t_strm_reassem_overlapping
 20/159 Test  #20: t_strm_reassem_overlapping .......   Passed    0.01 sec
        Start  21: t_strm_reassem_win
 21/159 Test  #21: t_strm_reassem_win ...............   Passed    5.23 sec
        Start  22: t_strm_reassem_cap
 22/159 Test  #22: t_strm_reassem_cap ...............   Passed    0.37 sec
        Start  23: t_byte_stream_construction
 23/159 Test  #23: t_byte_stream_construction .......   Passed    0.00 sec
        Start  24: t_byte_stream_one_write
 24/159 Test  #24: t_byte_stream_one_write ..........   Passed    0.00 sec
        Start  25: t_byte_stream_two_writes
 25/159 Test  #25: t_byte_stream_two_writes .........   Passed    0.00 sec
        Start  26: t_byte_stream_capacity
 26/159 Test  #26: t_byte_stream_capacity ...........   Passed    3.15 sec
        Start  27: t_byte_stream_many_writes
 27/159 Test  #27: t_byte_stream_many_writes ........   Passed    0.03 sec
        Start  28: t_webget
 28/159 Test  #28: t_webget .........................   Passed    0.72 sec
        Start  31: t_tcp_parser
 29/159 Test  #31: t_tcp_parser .....................   Passed    0.01 sec
        Start  32: t_ipv4_parser
 30/159 Test  #32: t_ipv4_parser ....................   Passed    0.02 sec
        Start  33: t_active_close
 31/159 Test  #33: t_active_close ...................   Passed    0.01 sec
        Start  34: t_passive_close
 32/159 Test  #34: t_passive_close ..................***Failed    0.00 sec
Received: 
TCP source port: 0
TCP dest port: 0
TCP seqno: 0
TCP ackno: 1
TCP doff: 5
Flags: urg: false ack: true psh: false rst: false syn: true fin: false
TCP winsize: 89
TCP cksum: 0
TCP uptr: 0

Sent: 
TCP source port: 0
TCP dest port: 0
TCP seqno: 1
TCP ackno: 1
TCP doff: 5
Flags: urg: false ack: true psh: false rst: false syn: false fin: false
TCP winsize: fa00
TCP cksum: 0
TCP uptr: 0

Received: 
TCP source port: 0
TCP dest port: 0
TCP seqno: 1
TCP ackno: 1
TCP doff: 5
Flags: urg: false ack: true psh: false rst: false syn: false fin: true
TCP winsize: 89
TCP cksum: 0
TCP uptr: 0

Sent: 
TCP source port: 0
TCP dest port: 0
TCP seqno: 1
TCP ackno: 2
TCP doff: 5
Flags: urg: false ack: true psh: false rst: false syn: false fin: false
TCP winsize: fa00
TCP cksum: 0
TCP uptr: 0

Sent: 
TCP source port: 0
TCP dest port: 0
TCP seqno: 1
TCP ackno: 2
TCP doff: 5
Flags: urg: false ack: true psh: false rst: false syn: false fin: true
TCP winsize: fa00
TCP cksum: 0
TCP uptr: 0

Sent: 
TCP source port: 0
TCP dest port: 0
TCP seqno: 1
TCP ackno: 2
TCP doff: 5
Flags: urg: false ack: true psh: false rst: false syn: false fin: true
TCP winsize: fa00
TCP cksum: 0
TCP uptr: 0

Received: 
TCP source port: 0
TCP dest port: 0
TCP seqno: 2
TCP ackno: 2
TCP doff: 5
Flags: urg: false ack: true psh: false rst: false syn: false fin: false
TCP winsize: 89
TCP cksum: 0
TCP uptr: 0

Received: 
TCP source port: 0
TCP dest port: 0
TCP seqno: 0
TCP ackno: 1
TCP doff: 5
Flags: urg: false ack: true psh: false rst: false syn: true fin: false
TCP winsize: 89
TCP cksum: 0
TCP uptr: 0

Sent: 
TCP source port: 0
TCP dest port: 0
TCP seqno: 1
TCP ackno: 1
TCP doff: 5
Flags: urg: false ack: true psh: false rst: false syn: false fin: false
TCP winsize: fa00
TCP cksum: 0
TCP uptr: 0

Received: 
TCP source port: 0
TCP dest port: 0
TCP seqno: 1
TCP ackno: 1
TCP doff: 5
Flags: urg: false ack: true psh: false rst: false syn: false fin: true
TCP winsize: 89
TCP cksum: 0
TCP uptr: 0

Sent: 
TCP source port: 0
TCP dest port: 0
TCP seqno: 1
TCP ackno: 2
TCP doff: 5
Flags: urg: false ack: true psh: false rst: false syn: false fin: false
TCP winsize: fa00
TCP cksum: 0
TCP uptr: 0

Sent: 
TCP source port: 0
TCP dest port: 0
TCP seqno: 1
TCP ackno: 2
TCP doff: 5
Flags: urg: false ack: true psh: false rst: false syn: false fin: true
TCP winsize: fa00
TCP cksum: 0
TCP uptr: 0

Sent: 
TCP source port: 0
TCP dest port: 0
TCP seqno: 1
TCP ackno: 2
TCP doff: 5
Flags: urg: false ack: true psh: false rst: false syn: false fin: true
TCP winsize: fa00
TCP cksum: 0
TCP uptr: 0

Received: 
TCP source port: 0
TCP dest port: 0
TCP seqno: 2
TCP ackno: 0
TCP doff: 5
Flags: urg: false ack: true psh: false rst: false syn: false fin: false
TCP winsize: 89
TCP cksum: 0
TCP uptr: 0

Received: 
TCP source port: 0
TCP dest port: 0
TCP seqno: 2
TCP ackno: 2
TCP doff: 5
Flags: urg: false ack: true psh: false rst: false syn: false fin: false
TCP winsize: 89
TCP cksum: 0
TCP uptr: 0

Received: 
TCP source port: 0
TCP dest port: 0
TCP seqno: 0
TCP ackno: 1
TCP doff: 5
Flags: urg: false ack: true psh: false rst: false syn: true fin: false
TCP winsize: 89
TCP cksum: 0
TCP uptr: 0

Sent: 
TCP source port: 0
TCP dest port: 0
TCP seqno: 1
TCP ackno: 1
TCP doff: 5
Flags: urg: false ack: true psh: false rst: false syn: false fin: false
TCP winsize: fa00
TCP cksum: 0
TCP uptr: 0

Sent: 
TCP source port: 0
TCP dest port: 0
TCP seqno: 1
TCP ackno: 1
TCP doff: 5
Flags: urg: false ack: true psh: false rst: false syn: false fin: true
TCP winsize: fa00
TCP cksum: 0
TCP uptr: 0

Received: 
TCP source port: 0
TCP dest port: 0
TCP seqno: 1
TCP ackno: 0
TCP doff: 5
Flags: urg: false ack: true psh: false rst: false syn: false fin: true
TCP winsize: 89
TCP cksum: 0
TCP uptr: 0

Sent: 
TCP source port: 0
TCP dest port: 0
TCP seqno: 1
TCP ackno: 2
TCP doff: 5
Flags: urg: false ack: true psh: false rst: false syn: false fin: false
TCP winsize: fa00
TCP cksum: 0
TCP uptr: 0

Test Failure on expectation:
	Expectation: exactly one segment sent with (A=1,ackno=2,)

Failure message:
	The TCP produced a segment with `ackno = 1`, but ackno was expected to be `2`

List of steps that executed successfully:
	Action:      connect
	Expectation: exactly one segment sent with (A=0,R=0,S=1,F=0,seqno=0,payload_size=0,)
	Action:      packet arrives: Header(flags=SA,seqno=0,ack=1,win=137) with no payload
	Expectation: exactly one segment sent with (A=1,R=0,S=0,F=0,ackno=1,payload_size=0,)
	Action:      4000ms pass
	Expectation: TCP in state sender=`stream ongoing`, receiver=`SYN received (ackno exists), and input to stream hasn't ended`, active=1, linger_after_streams_finish=1
	Action:      packet arrives: Header(flags=AF,seqno=1,ack=0,win=137) with no payload
	Action:      1ms pass

Note:
	test 3 failed: bad seg, no ACK, or wrong ackno

Warning: Unclean shutdown of TCPConnection
The TCP produced a segment with `ackno = 1`, but ackno was expected to be `2`

        Start  36: t_ack_rst
 33/159 Test  #36: t_ack_rst ........................   Passed    0.00 sec
        Start  38: t_ack_rst_win
 34/159 Test  #38: t_ack_rst_win ....................   Passed    0.00 sec
        Start  40: t_connect
 35/159 Test  #40: t_connect ........................***Failed    0.00 sec
Received: 
TCP source port: 0
TCP dest port: 0
TCP seqno: 26c3c7dd
TCP ackno: 5bf814b
TCP doff: 5
Flags: urg: false ack: true psh: false rst: false syn: true fin: false
TCP winsize: 89
TCP cksum: 0
TCP uptr: 0

Sent: 
TCP source port: 0
TCP dest port: 0
TCP seqno: 5bf814b
TCP ackno: 26c3c7de
TCP doff: 5
Flags: urg: false ack: true psh: false rst: false syn: false fin: false
TCP winsize: fa00
TCP cksum: 0
TCP uptr: 0

Sent: 
TCP source port: 0
TCP dest port: 0
TCP seqno: 5bf814b
TCP ackno: 26c3c7de
TCP doff: 5
Flags: urg: false ack: true psh: false rst: false syn: false fin: true
TCP winsize: fa00
TCP cksum: 0
TCP uptr: 0

Test Failure on expectation:
	Expectation: exactly one segment sent with (A=1,S=0,ackno=650364894,)

Failure message:
	The TCP an extra segment when it should not have

List of steps that executed successfully:
	Action:      connect
	Action:      1ms pass
	Expectation: exactly one segment sent with (A=0,S=1,)
	Expectation: TCP in state sender=`stream started but nothing acknowledged`, receiver=`waiting for SYN: ackno is empty`, active=1, linger_after_streams_finish=1
	Action:      packet arrives: Header(flags=SA,seqno=650364893,ack=96436555,win=137) with no payload
	Action:      1ms pass
	Expectation: TCP in state sender=`stream ongoing`, receiver=`SYN received (ackno exists), and input to stream hasn't ended`, active=1, linger_after_streams_finish=1

Warning: Unclean shutdown of TCPConnection
The TCP an extra segment when it should not have

        Start  42: t_listen
 36/159 Test  #42: t_listen .........................***Failed    0.00 sec
Received: 
TCP source port: 0
TCP dest port: 0
TCP seqno: 0
TCP ackno: 0
TCP doff: 5
Flags: urg: false ack: false psh: false rst: false syn: true fin: false
TCP winsize: 89
TCP cksum: 0
TCP uptr: 0

Sent: 
TCP source port: 0
TCP dest port: 0
TCP seqno: c8b48fa5
TCP ackno: 1
TCP doff: 5
Flags: urg: false ack: true psh: false rst: false syn: true fin: false
TCP winsize: fa00
TCP cksum: 0
TCP uptr: 0

Received: 
TCP source port: 0
TCP dest port: 0
TCP seqno: 1
TCP ackno: c8b48fa6
TCP doff: 5
Flags: urg: false ack: true psh: false rst: false syn: false fin: false
TCP winsize: 89
TCP cksum: 0
TCP uptr: 0

Sent: 
TCP source port: 0
TCP dest port: 0
TCP seqno: c8b48fa6
TCP ackno: 1
TCP doff: 5
Flags: urg: false ack: true psh: false rst: false syn: false fin: true
TCP winsize: fa00
TCP cksum: 0
TCP uptr: 0

Test Failure on expectation:
	Expectation: no (more) segments sent

Failure message:
	The TCP produced a segment when it should not have

List of steps that executed successfully:
	Action:      listen
	Expectation: TCP in state sender=`waiting for stream to begin (no SYN sent)`, receiver=`waiting for SYN: ackno is empty`, active=1, linger_after_streams_finish=1
	Action:      1ms pass
	Expectation: TCP in state sender=`waiting for stream to begin (no SYN sent)`, receiver=`waiting for SYN: ackno is empty`, active=1, linger_after_streams_finish=1
	Action:      packet arrives: Header(flags=S,seqno=0,ack=0,win=137) with no payload
	Action:      1ms pass
	Expectation: exactly one segment sent with (A=1,S=1,ackno=1,)
	Expectation: TCP in state sender=`stream started but nothing acknowledged`, receiver=`SYN received (ackno exists), and input to stream hasn't ended`, active=1, linger_after_streams_finish=1
	Action:      packet arrives: Header(flags=A,seqno=1,ack=3367276454,win=137) with no payload
	Action:      1ms pass

Note:
	test 1 failed: no need to ACK an ACK

Warning: Unclean shutdown of TCPConnection
The TCP produced a segment when it should not have

        Start  43: t_winsize
 37/159 Test  #43: t_winsize ........................   Passed    0.46 sec
        Start  45: t_retx
 38/159 Test  #45: t_retx ...........................***Failed    0.00 sec
Received: 
TCP source port: 0
TCP dest port: 0
TCP seqno: 438c5555
TCP ackno: 438c5556
TCP doff: 5
Flags: urg: false ack: true psh: false rst: false syn: true fin: false
TCP winsize: 89
TCP cksum: 0
TCP uptr: 0

Sent: 
TCP source port: 0
TCP dest port: 0
TCP seqno: 438c5556
TCP ackno: 438c5556
TCP doff: 5
Flags: urg: false ack: true psh: false rst: false syn: false fin: false
TCP winsize: fde8
TCP cksum: 0
TCP uptr: 0

Sent: 
TCP source port: 0
TCP dest port: 0
TCP seqno: 438c5556
TCP ackno: 438c5556
TCP doff: 5
Flags: urg: false ack: true psh: false rst: false syn: false fin: true
TCP winsize: fde8
TCP cksum: 0
TCP uptr: 0

  check_segment
Sent: 
TCP source port: 0
TCP dest port: 0
TCP seqno: 438c555a
TCP ackno: 438c5556
TCP doff: 5
Flags: urg: false ack: true psh: false rst: false syn: false fin: true
TCP winsize: fde8
TCP cksum: 0
TCP uptr: 0

Test Failure on expectation:
	Expectation: no (more) segments sent

Failure message:
	The TCP produced a segment when it should not have

List of steps that executed successfully:
	Action:      connect
	Expectation: exactly one segment sent with (A=0,R=0,S=1,F=0,seqno=1133270357,payload_size=0,)
	Action:      packet arrives: Header(flags=SA,seqno=1133270357,ack=1133270358,win=137) with no payload
	Expectation: exactly one segment sent with (A=1,R=0,S=0,F=0,ackno=1133270358,payload_size=0,)
	Action:      write (4 bytes) [61, 73, 64, 66]
	Action:      1ms pass
	Expectation: segment sent with (A=1,payload_size=4,data="asdf",)
	Expectation: no (more) segments sent
	Action:      998ms pass

Note:
	test 1 failed: re-tx too fast

Warning: Unclean shutdown of TCPConnection
The TCP produced a segment when it should not have

        Start  46: t_retx_win
 39/159 Test  #46: t_retx_win .......................***Failed    0.00 sec
Received: 
TCP source port: 0
TCP dest port: 0
TCP seqno: bba6b665
TCP ackno: bba6b666
TCP doff: 5
Flags: urg: false ack: true psh: false rst: false syn: true fin: false
TCP winsize: 89
TCP cksum: 0
TCP uptr: 0

Sent: 
TCP source port: 0
TCP dest port: 0
TCP seqno: bba6b666
TCP ackno: bba6b666
TCP doff: 5
Flags: urg: false ack: true psh: false rst: false syn: false fin: false
TCP winsize: fde8
TCP cksum: 0
TCP uptr: 0

Sent: 
TCP source port: 0
TCP dest port: 0
TCP seqno: bba6b666
TCP ackno: bba6b666
TCP doff: 5
Flags: urg: false ack: true psh: false rst: false syn: false fin: true
TCP winsize: fde8
TCP cksum: 0
TCP uptr: 0

Sent: 
TCP source port: 0
TCP dest port: 0
TCP seqno: bba6b66a
TCP ackno: bba6b666
TCP doff: 5
Flags: urg: false ack: true psh: false rst: false syn: false fin: true
TCP winsize: fde8
TCP cksum: 0
TCP uptr: 0

Sent: 
TCP source port: 0
TCP dest port: 0
TCP seqno: bba6b66a
TCP ackno: bba6b666
TCP doff: 5
Flags: urg: false ack: true psh: false rst: false syn: false fin: true
TCP winsize: fde8
TCP cksum: 0
TCP uptr: 0

  check_segment
  check_segment
Test Failure on expectation:
	Expectation: segment sent with (A=1,payload_size=4,data="qwer",)

Failure message:
	The TCP produced a segment with `payload_size = 0`, but payload_size was expected to be `4`

List of steps that executed successfully:
	Action:      connect
	Expectation: exactly one segment sent with (A=0,R=0,S=1,F=0,seqno=3148265061,payload_size=0,)
	Action:      packet arrives: Header(flags=SA,seqno=3148265061,ack=3148265062,win=137) with no payload
	Expectation: exactly one segment sent with (A=1,R=0,S=0,F=0,ackno=3148265062,payload_size=0,)
	Action:      write (4 bytes) [61, 73, 64, 66]
	Action:      1ms pass
	Action:      20ms pass
	Action:      write (4 bytes) [71, 77, 65, 72]
	Action:      1ms pass
	Expectation: segment sent
	Expectation: segment sent with (A=1,payload_size=4,data="asdf",)

Warning: Unclean shutdown of TCPConnection
The TCP produced a segment with `payload_size = 0`, but payload_size was expected to be `4` (in check_segment called from line 35)

        Start  47: t_loopback
 40/159 Test  #47: t_loopback .......................***Failed    0.01 sec
Received: 
TCP source port: 0
TCP dest port: 0
TCP seqno: 19946b26
TCP ackno: 19946b27
TCP doff: 5
Flags: urg: false ack: true psh: false rst: false syn: true fin: false
TCP winsize: 89
TCP cksum: 0
TCP uptr: 0

Sent: 
TCP source port: 0
TCP dest port: 0
TCP seqno: 19946b27
TCP ackno: 19946b27
TCP doff: 5
Flags: urg: false ack: true psh: false rst: false syn: false fin: false
TCP winsize: fde8
TCP cksum: 0
TCP uptr: 0

Received: 
TCP source port: 0
TCP dest port: 0
TCP seqno: 19946b27
TCP ackno: 19946b27
TCP doff: 5
Flags: urg: false ack: true psh: false rst: false syn: false fin: false
TCP winsize: fde8
TCP cksum: 0
TCP uptr: 0

Sent: 
TCP source port: 0
TCP dest port: 0
TCP seqno: 19946b27
TCP ackno: 19946b27
TCP doff: 5
Flags: urg: false ack: true psh: false rst: false syn: false fin: true
TCP winsize: fde8
TCP cksum: 0
TCP uptr: 0

Test Failure on expectation:
	Expectation: TCP has 7684 bytes in flight

Failure message:
	The TCP has `bytes_in_flight = 137`, but bytes_in_flight was expected to be `7684`

List of steps that executed successfully:
	Action:      connect
	Expectation: exactly one segment sent with (A=0,R=0,S=1,F=0,seqno=429157158,payload_size=0,)
	Action:      packet arrives: Header(flags=SA,seqno=429157158,ack=429157159,win=137) with no payload
	Expectation: exactly one segment sent with (A=1,R=0,S=0,F=0,ackno=429157159,payload_size=0,)
	Action:      packet arrives: Header(flags=A,seqno=429157159,ack=429157159,win=65000) with no payload
	Action:      write (7684 bytes) [fb, 1f, 33, a7, 16, a0, bf, 5d, 93, f3, 6d, 31, b8, 5f, 96, 29, ...]
	Action:      1ms pass

Warning: Unclean shutdown of TCPConnection
The TCP has `bytes_in_flight = 137`, but bytes_in_flight was expected to be `7684`

        Start  48: t_loopback_win
 41/159 Test  #48: t_loopback_win ...................***Failed    0.02 sec
Received: 
TCP source port: 0
TCP dest port: 0
TCP seqno: 5d726e75
TCP ackno: 5d726e76
TCP doff: 5
Flags: urg: false ack: true psh: false rst: false syn: true fin: false
TCP winsize: 89
TCP cksum: 0
TCP uptr: 0

Sent: 
TCP source port: 0
TCP dest port: 0
TCP seqno: 5d726e76
TCP ackno: 5d726e76
TCP doff: 5
Flags: urg: false ack: true psh: false rst: false syn: false fin: false
TCP winsize: fde8
TCP cksum: 0
TCP uptr: 0

Received: 
TCP source port: 0
TCP dest port: 0
TCP seqno: 5d726e76
TCP ackno: 5d726e76
TCP doff: 5
Flags: urg: false ack: true psh: false rst: false syn: false fin: false
TCP winsize: fde8
TCP cksum: 0
TCP uptr: 0

Sent: 
TCP source port: 0
TCP dest port: 0
TCP seqno: 5d726e76
TCP ackno: 5d726e76
TCP doff: 5
Flags: urg: false ack: true psh: false rst: false syn: false fin: true
TCP winsize: fde8
TCP cksum: 0
TCP uptr: 0

Sent: 
TCP source port: 0
TCP dest port: 0
TCP seqno: 5d726eff
TCP ackno: 5d726e76
TCP doff: 5
Flags: urg: false ack: true psh: false rst: false syn: false fin: true
TCP winsize: fde8
TCP cksum: 0
TCP uptr: 0

Sent: 
TCP source port: 0
TCP dest port: 0
TCP seqno: 5d726eff
TCP ackno: 5d726e76
TCP doff: 5
Flags: urg: false ack: true psh: false rst: false syn: false fin: true
TCP winsize: fde8
TCP cksum: 0
TCP uptr: 0

Sent: 
TCP source port: 0
TCP dest port: 0
TCP seqno: 5d726eff
TCP ackno: 5d726e76
TCP doff: 5
Flags: urg: false ack: true psh: false rst: false syn: false fin: true
TCP winsize: fde8
TCP cksum: 0
TCP uptr: 0

Sent: 
TCP source port: 0
TCP dest port: 0
TCP seqno: 5d726eff
TCP ackno: 5d726e76
TCP doff: 5
Flags: urg: false ack: true psh: false rst: false syn: false fin: true
TCP winsize: fde8
TCP cksum: 0
TCP uptr: 0

Sent: 
TCP source port: 0
TCP dest port: 0
TCP seqno: 5d726eff
TCP ackno: 5d726e76
TCP doff: 5
Flags: urg: false ack: true psh: false rst: false syn: false fin: true
TCP winsize: fde8
TCP cksum: 0
TCP uptr: 0

Sent: 
TCP source port: 0
TCP dest port: 0
TCP seqno: 5d726eff
TCP ackno: 5d726e76
TCP doff: 5
Flags: urg: false ack: true psh: false rst: false syn: false fin: true
TCP winsize: fde8
TCP cksum: 0
TCP uptr: 0

Sent: 
TCP source port: 0
TCP dest port: 0
TCP seqno: 5d726eff
TCP ackno: 5d726e76
TCP doff: 5
Flags: urg: false ack: true psh: false rst: false syn: false fin: true
TCP winsize: fde8
TCP cksum: 0
TCP uptr: 0

Sent: 
TCP source port: 0
TCP dest port: 0
TCP seqno: 5d726eff
TCP ackno: 5d726e76
TCP doff: 5
Flags: urg: false ack: true psh: false rst: false syn: false fin: true
TCP winsize: fde8
TCP cksum: 0
TCP uptr: 0

Sent: 
TCP source port: 0
TCP dest port: 0
TCP seqno: 5d726eff
TCP ackno: 5d726e76
TCP doff: 5
Flags: urg: false ack: true psh: false rst: false syn: false fin: true
TCP winsize: fde8
TCP cksum: 0
TCP uptr: 0

Sent: 
TCP source port: 0
TCP dest port: 0
TCP seqno: 5d726eff
TCP ackno: 5d726e76
TCP doff: 5
Flags: urg: false ack: true psh: false rst: false syn: false fin: true
TCP winsize: fde8
TCP cksum: 0
TCP uptr: 0

Sent: 
TCP source port: 0
TCP dest port: 0
TCP seqno: 5d726eff
TCP ackno: 5d726e76
TCP doff: 5
Flags: urg: false ack: true psh: false rst: false syn: false fin: true
TCP winsize: fde8
TCP cksum: 0
TCP uptr: 0

Sent: 
TCP source port: 0
TCP dest port: 0
TCP seqno: 5d726eff
TCP ackno: 5d726e76
TCP doff: 5
Flags: urg: false ack: true psh: false rst: false syn: false fin: true
TCP winsize: fde8
TCP cksum: 0
TCP uptr: 0

Received: 
TCP source port: 0
TCP dest port: 0
TCP seqno: 5d726eff
TCP ackno: 5d726e76
TCP doff: 5
Flags: urg: false ack: true psh: false rst: false syn: false fin: true
TCP winsize: fde8
TCP cksum: 0
TCP uptr: 0

Sent: 
TCP source port: 0
TCP dest port: 0
TCP seqno: 5d726eff
TCP ackno: 5d726e76
TCP doff: 5
Flags: urg: false ack: true psh: false rst: false syn: false fin: false
TCP winsize: fde8
TCP cksum: 0
TCP uptr: 0

Sent: 
TCP source port: 0
TCP dest port: 0
TCP seqno: 5d7272e7
TCP ackno: 5d726e76
TCP doff: 5
Flags: urg: false ack: true psh: false rst: false syn: false fin: false
TCP winsize: fde8
TCP cksum: 0
TCP uptr: 0

Sent: 
TCP source port: 0
TCP dest port: 0
TCP seqno: 5d7276cf
TCP ackno: 5d726e76
TCP doff: 5
Flags: urg: false ack: true psh: false rst: false syn: false fin: false
TCP winsize: fde8
TCP cksum: 0
TCP uptr: 0

Sent: 
TCP source port: 0
TCP dest port: 0
TCP seqno: 5d727ab7
TCP ackno: 5d726e76
TCP doff: 5
Flags: urg: false ack: true psh: false rst: false syn: false fin: false
TCP winsize: fde8
TCP cksum: 0
TCP uptr: 0

Sent: 
TCP source port: 0
TCP dest port: 0
TCP seqno: 5d727e9f
TCP ackno: 5d726e76
TCP doff: 5
Flags: urg: false ack: true psh: false rst: false syn: false fin: false
TCP winsize: fde8
TCP cksum: 0
TCP uptr: 0

Sent: 
TCP source port: 0
TCP dest port: 0
TCP seqno: 5d728287
TCP ackno: 5d726e76
TCP doff: 5
Flags: urg: false ack: true psh: false rst: false syn: false fin: false
TCP winsize: fde8
TCP cksum: 0
TCP uptr: 0

Sent: 
TCP source port: 0
TCP dest port: 0
TCP seqno: 5d72866f
TCP ackno: 5d726e76
TCP doff: 5
Flags: urg: false ack: true psh: false rst: false syn: false fin: false
TCP winsize: fde8
TCP cksum: 0
TCP uptr: 0

Sent: 
TCP source port: 0
TCP dest port: 0
TCP seqno: 5d728a57
TCP ackno: 5d726e76
TCP doff: 5
Flags: urg: false ack: true psh: false rst: false syn: false fin: false
TCP winsize: fde8
TCP cksum: 0
TCP uptr: 0

Sent: 
TCP source port: 0
TCP dest port: 0
TCP seqno: 5d728e3f
TCP ackno: 5d726e76
TCP doff: 5
Flags: urg: false ack: true psh: false rst: false syn: false fin: false
TCP winsize: fde8
TCP cksum: 0
TCP uptr: 0

Sent: 
TCP source port: 0
TCP dest port: 0
TCP seqno: 5d729227
TCP ackno: 5d726e76
TCP doff: 5
Flags: urg: false ack: true psh: false rst: false syn: false fin: false
TCP winsize: fde8
TCP cksum: 0
TCP uptr: 0

Sent: 
TCP source port: 0
TCP dest port: 0
TCP seqno: 5d72960f
TCP ackno: 5d726e76
TCP doff: 5
Flags: urg: false ack: true psh: false rst: false syn: false fin: false
TCP winsize: fde8
TCP cksum: 0
TCP uptr: 0

Sent: 
TCP source port: 0
TCP dest port: 0
TCP seqno: 5d7299f7
TCP ackno: 5d726e76
TCP doff: 5
Flags: urg: false ack: true psh: false rst: false syn: false fin: false
TCP winsize: fde8
TCP cksum: 0
TCP uptr: 0

Sent: 
TCP source port: 0
TCP dest port: 0
TCP seqno: 5d729ddf
TCP ackno: 5d726e76
TCP doff: 5
Flags: urg: false ack: true psh: false rst: false syn: false fin: false
TCP winsize: fde8
TCP cksum: 0
TCP uptr: 0

Sent: 
TCP source port: 0
TCP dest port: 0
TCP seqno: 5d72a1c7
TCP ackno: 5d726e76
TCP doff: 5
Flags: urg: false ack: true psh: false rst: false syn: false fin: false
TCP winsize: fde8
TCP cksum: 0
TCP uptr: 0

Sent: 
TCP source port: 0
TCP dest port: 0
TCP seqno: 5d72a5af
TCP ackno: 5d726e76
TCP doff: 5
Flags: urg: false ack: true psh: false rst: false syn: false fin: false
TCP winsize: fde8
TCP cksum: 0
TCP uptr: 0

Sent: 
TCP source port: 0
TCP dest port: 0
TCP seqno: 5d72a997
TCP ackno: 5d726e76
TCP doff: 5
Flags: urg: false ack: true psh: false rst: false syn: false fin: false
TCP winsize: fde8
TCP cksum: 0
TCP uptr: 0

Sent: 
TCP source port: 0
TCP dest port: 0
TCP seqno: 5d72ad7f
TCP ackno: 5d726e76
TCP doff: 5
Flags: urg: false ack: true psh: false rst: false syn: false fin: false
TCP winsize: fde8
TCP cksum: 0
TCP uptr: 0

Sent: 
TCP source port: 0
TCP dest port: 0
TCP seqno: 5d72b167
TCP ackno: 5d726e76
TCP doff: 5
Flags: urg: false ack: true psh: false rst: false syn: false fin: false
TCP winsize: fde8
TCP cksum: 0
TCP uptr: 0

Sent: 
TCP source port: 0
TCP dest port: 0
TCP seqno: 5d72b54f
TCP ackno: 5d726e76
TCP doff: 5
Flags: urg: false ack: true psh: false rst: false syn: false fin: false
TCP winsize: fde8
TCP cksum: 0
TCP uptr: 0

Sent: 
TCP source port: 0
TCP dest port: 0
TCP seqno: 5d72b937
TCP ackno: 5d726e76
TCP doff: 5
Flags: urg: false ack: true psh: false rst: false syn: false fin: false
TCP winsize: fde8
TCP cksum: 0
TCP uptr: 0

Sent: 
TCP source port: 0
TCP dest port: 0
TCP seqno: 5d72bd1f
TCP ackno: 5d726e76
TCP doff: 5
Flags: urg: false ack: true psh: false rst: false syn: false fin: false
TCP winsize: fde8
TCP cksum: 0
TCP uptr: 0

Sent: 
TCP source port: 0
TCP dest port: 0
TCP seqno: 5d72c107
TCP ackno: 5d726e76
TCP doff: 5
Flags: urg: false ack: true psh: false rst: false syn: false fin: false
TCP winsize: fde8
TCP cksum: 0
TCP uptr: 0

Sent: 
TCP source port: 0
TCP dest port: 0
TCP seqno: 5d72c4ef
TCP ackno: 5d726e76
TCP doff: 5
Flags: urg: false ack: true psh: false rst: false syn: false fin: false
TCP winsize: fde8
TCP cksum: 0
TCP uptr: 0

Sent: 
TCP source port: 0
TCP dest port: 0
TCP seqno: 5d72c8d7
TCP ackno: 5d726e76
TCP doff: 5
Flags: urg: false ack: true psh: false rst: false syn: false fin: false
TCP winsize: fde8
TCP cksum: 0
TCP uptr: 0

Sent: 
TCP source port: 0
TCP dest port: 0
TCP seqno: 5d72ccbf
TCP ackno: 5d726e76
TCP doff: 5
Flags: urg: false ack: true psh: false rst: false syn: false fin: false
TCP winsize: fde8
TCP cksum: 0
TCP uptr: 0

Sent: 
TCP source port: 0
TCP dest port: 0
TCP seqno: 5d72d0a7
TCP ackno: 5d726e76
TCP doff: 5
Flags: urg: false ack: true psh: false rst: false syn: false fin: false
TCP winsize: fde8
TCP cksum: 0
TCP uptr: 0

Sent: 
TCP source port: 0
TCP dest port: 0
TCP seqno: 5d72d48f
TCP ackno: 5d726e76
TCP doff: 5
Flags: urg: false ack: true psh: false rst: false syn: false fin: false
TCP winsize: fde8
TCP cksum: 0
TCP uptr: 0

Sent: 
TCP source port: 0
TCP dest port: 0
TCP seqno: 5d72d877
TCP ackno: 5d726e76
TCP doff: 5
Flags: urg: false ack: true psh: false rst: false syn: false fin: false
TCP winsize: fde8
TCP cksum: 0
TCP uptr: 0

Sent: 
TCP source port: 0
TCP dest port: 0
TCP seqno: 5d72dc5f
TCP ackno: 5d726e76
TCP doff: 5
Flags: urg: false ack: true psh: false rst: false syn: false fin: false
TCP winsize: fde8
TCP cksum: 0
TCP uptr: 0

Sent: 
TCP source port: 0
TCP dest port: 0
TCP seqno: 5d72e047
TCP ackno: 5d726e76
TCP doff: 5
Flags: urg: false ack: true psh: false rst: false syn: false fin: false
TCP winsize: fde8
TCP cksum: 0
TCP uptr: 0

Sent: 
TCP source port: 0
TCP dest port: 0
TCP seqno: 5d72e42f
TCP ackno: 5d726e76
TCP doff: 5
Flags: urg: false ack: true psh: false rst: false syn: false fin: false
TCP winsize: fde8
TCP cksum: 0
TCP uptr: 0

Sent: 
TCP source port: 0
TCP dest port: 0
TCP seqno: 5d72e817
TCP ackno: 5d726e76
TCP doff: 5
Flags: urg: false ack: true psh: false rst: false syn: false fin: false
TCP winsize: fde8
TCP cksum: 0
TCP uptr: 0

Sent: 
TCP source port: 0
TCP dest port: 0
TCP seqno: 5d72ebff
TCP ackno: 5d726e76
TCP doff: 5
Flags: urg: false ack: true psh: false rst: false syn: false fin: false
TCP winsize: fde8
TCP cksum: 0
TCP uptr: 0

Sent: 
TCP source port: 0
TCP dest port: 0
TCP seqno: 5d72efe7
TCP ackno: 5d726e76
TCP doff: 5
Flags: urg: false ack: true psh: false rst: false syn: false fin: false
TCP winsize: fde8
TCP cksum: 0
TCP uptr: 0

Sent: 
TCP source port: 0
TCP dest port: 0
TCP seqno: 5d72f3cf
TCP ackno: 5d726e76
TCP doff: 5
Flags: urg: false ack: true psh: false rst: false syn: false fin: false
TCP winsize: fde8
TCP cksum: 0
TCP uptr: 0

Sent: 
TCP source port: 0
TCP dest port: 0
TCP seqno: 5d72f7b7
TCP ackno: 5d726e76
TCP doff: 5
Flags: urg: false ack: true psh: false rst: false syn: false fin: false
TCP winsize: fde8
TCP cksum: 0
TCP uptr: 0

Sent: 
TCP source port: 0
TCP dest port: 0
TCP seqno: 5d72fb9f
TCP ackno: 5d726e76
TCP doff: 5
Flags: urg: false ack: true psh: false rst: false syn: false fin: false
TCP winsize: fde8
TCP cksum: 0
TCP uptr: 0

Sent: 
TCP source port: 0
TCP dest port: 0
TCP seqno: 5d72ff87
TCP ackno: 5d726e76
TCP doff: 5
Flags: urg: false ack: true psh: false rst: false syn: false fin: false
TCP winsize: fde8
TCP cksum: 0
TCP uptr: 0

Sent: 
TCP source port: 0
TCP dest port: 0
TCP seqno: 5d73036f
TCP ackno: 5d726e76
TCP doff: 5
Flags: urg: false ack: true psh: false rst: false syn: false fin: false
TCP winsize: fde8
TCP cksum: 0
TCP uptr: 0

Sent: 
TCP source port: 0
TCP dest port: 0
TCP seqno: 5d730757
TCP ackno: 5d726e76
TCP doff: 5
Flags: urg: false ack: true psh: false rst: false syn: false fin: false
TCP winsize: fde8
TCP cksum: 0
TCP uptr: 0

Sent: 
TCP source port: 0
TCP dest port: 0
TCP seqno: 5d730b3f
TCP ackno: 5d726e76
TCP doff: 5
Flags: urg: false ack: true psh: false rst: false syn: false fin: false
TCP winsize: fde8
TCP cksum: 0
TCP uptr: 0

Sent: 
TCP source port: 0
TCP dest port: 0
TCP seqno: 5d730f27
TCP ackno: 5d726e76
TCP doff: 5
Flags: urg: false ack: true psh: false rst: false syn: false fin: false
TCP winsize: fde8
TCP cksum: 0
TCP uptr: 0

Sent: 
TCP source port: 0
TCP dest port: 0
TCP seqno: 5d73130f
TCP ackno: 5d726e76
TCP doff: 5
Flags: urg: false ack: true psh: false rst: false syn: false fin: false
TCP winsize: fde8
TCP cksum: 0
TCP uptr: 0

Sent: 
TCP source port: 0
TCP dest port: 0
TCP seqno: 5d7316f7
TCP ackno: 5d726e76
TCP doff: 5
Flags: urg: false ack: true psh: false rst: false syn: false fin: false
TCP winsize: fde8
TCP cksum: 0
TCP uptr: 0

Sent: 
TCP source port: 0
TCP dest port: 0
TCP seqno: 5d731adf
TCP ackno: 5d726e76
TCP doff: 5
Flags: urg: false ack: true psh: false rst: false syn: false fin: false
TCP winsize: fde8
TCP cksum: 0
TCP uptr: 0

Sent: 
TCP source port: 0
TCP dest port: 0
TCP seqno: 5d731ec7
TCP ackno: 5d726e76
TCP doff: 5
Flags: urg: false ack: true psh: false rst: false syn: false fin: false
TCP winsize: fde8
TCP cksum: 0
TCP uptr: 0

Sent: 
TCP source port: 0
TCP dest port: 0
TCP seqno: 5d7322af
TCP ackno: 5d726e76
TCP doff: 5
Flags: urg: false ack: true psh: false rst: false syn: false fin: false
TCP winsize: fde8
TCP cksum: 0
TCP uptr: 0

Sent: 
TCP source port: 0
TCP dest port: 0
TCP seqno: 5d732697
TCP ackno: 5d726e76
TCP doff: 5
Flags: urg: false ack: true psh: false rst: false syn: false fin: false
TCP winsize: fde8
TCP cksum: 0
TCP uptr: 0

Sent: 
TCP source port: 0
TCP dest port: 0
TCP seqno: 5d732a7f
TCP ackno: 5d726e76
TCP doff: 5
Flags: urg: false ack: true psh: false rst: false syn: false fin: false
TCP winsize: fde8
TCP cksum: 0
TCP uptr: 0

Sent: 
TCP source port: 0
TCP dest port: 0
TCP seqno: 5d732e67
TCP ackno: 5d726e76
TCP doff: 5
Flags: urg: false ack: true psh: false rst: false syn: false fin: false
TCP winsize: fde8
TCP cksum: 0
TCP uptr: 0

Sent: 
TCP source port: 0
TCP dest port: 0
TCP seqno: 5d73324f
TCP ackno: 5d726e76
TCP doff: 5
Flags: urg: false ack: true psh: false rst: false syn: false fin: false
TCP winsize: fde8
TCP cksum: 0
TCP uptr: 0

Sent: 
TCP source port: 0
TCP dest port: 0
TCP seqno: 5d733637
TCP ackno: 5d726e76
TCP doff: 5
Flags: urg: false ack: true psh: false rst: false syn: false fin: false
TCP winsize: fde8
TCP cksum: 0
TCP uptr: 0

Sent: 
TCP source port: 0
TCP dest port: 0
TCP seqno: 5d733a1f
TCP ackno: 5d726e76
TCP doff: 5
Flags: urg: false ack: true psh: false rst: false syn: false fin: false
TCP winsize: fde8
TCP cksum: 0
TCP uptr: 0

Sent: 
TCP source port: 0
TCP dest port: 0
TCP seqno: 5d733e07
TCP ackno: 5d726e76
TCP doff: 5
Flags: urg: false ack: true psh: false rst: false syn: false fin: false
TCP winsize: fde8
TCP cksum: 0
TCP uptr: 0

Sent: 
TCP source port: 0
TCP dest port: 0
TCP seqno: 5d7341ef
TCP ackno: 5d726e76
TCP doff: 5
Flags: urg: false ack: true psh: false rst: false syn: false fin: false
TCP winsize: fde8
TCP cksum: 0
TCP uptr: 0

Sent: 
TCP source port: 0
TCP dest port: 0
TCP seqno: 5d7345d7
TCP ackno: 5d726e76
TCP doff: 5
Flags: urg: false ack: true psh: false rst: false syn: false fin: false
TCP winsize: fde8
TCP cksum: 0
TCP uptr: 0

Sent: 
TCP source port: 0
TCP dest port: 0
TCP seqno: 5d7349bf
TCP ackno: 5d726e76
TCP doff: 5
Flags: urg: false ack: true psh: false rst: false syn: false fin: false
TCP winsize: fde8
TCP cksum: 0
TCP uptr: 0

Sent: 
TCP source port: 0
TCP dest port: 0
TCP seqno: 5d734da7
TCP ackno: 5d726e76
TCP doff: 5
Flags: urg: false ack: true psh: false rst: false syn: false fin: false
TCP winsize: fde8
TCP cksum: 0
TCP uptr: 0

Sent: 
TCP source port: 0
TCP dest port: 0
TCP seqno: 5d73518f
TCP ackno: 5d726e76
TCP doff: 5
Flags: urg: false ack: true psh: false rst: false syn: false fin: false
TCP winsize: fde8
TCP cksum: 0
TCP uptr: 0

Sent: 
TCP source port: 0
TCP dest port: 0
TCP seqno: 5d735577
TCP ackno: 5d726e76
TCP doff: 5
Flags: urg: false ack: true psh: false rst: false syn: false fin: false
TCP winsize: fde8
TCP cksum: 0
TCP uptr: 0

Sent: 
TCP source port: 0
TCP dest port: 0
TCP seqno: 5d73595f
TCP ackno: 5d726e76
TCP doff: 5
Flags: urg: false ack: true psh: false rst: false syn: false fin: false
TCP winsize: fde8
TCP cksum: 0
TCP uptr: 0

Sent: 
TCP source port: 0
TCP dest port: 0
TCP seqno: 5d735d47
TCP ackno: 5d726e76
TCP doff: 5
Flags: urg: false ack: true psh: false rst: false syn: false fin: false
TCP winsize: fde8
TCP cksum: 0
TCP uptr: 0

Sent: 
TCP source port: 0
TCP dest port: 0
TCP seqno: 5d73612f
TCP ackno: 5d726e76
TCP doff: 5
Flags: urg: false ack: true psh: false rst: false syn: false fin: false
TCP winsize: fde8
TCP cksum: 0
TCP uptr: 0

Sent: 
TCP source port: 0
TCP dest port: 0
TCP seqno: 5d736517
TCP ackno: 5d726e76
TCP doff: 5
Flags: urg: false ack: true psh: false rst: false syn: false fin: false
TCP winsize: fde8
TCP cksum: 0
TCP uptr: 0

Test Failure on expectation:
	exactly one segment sent with (A=1,)
Failure message:
	The TCP an extra segment when it should not have

List of steps that executed successfully:
	Action:      connect
	Expectation: exactly one segment sent with (A=0,R=0,S=1,F=0,seqno=1567780469,payload_size=0,)
	Action:      packet arrives: Header(flags=SA,seqno=1567780469,ack=1567780470,win=137) with no payload
	Expectation: exactly one segment sent with (A=1,R=0,S=0,F=0,ackno=1567780470,payload_size=0,)
	Action:      packet arrives: Header(flags=A,seqno=1567780470,ack=1567780470,win=65000) with no payload
	Action:      write (6529 bytes) [c, 8d, f, c2, cc, 53, a4, 6b, 72, 72, 70, 2e, 92, ca, 9a, d8, ...]
	Action:      1ms pass
	Expectation: segment sent
	Expectation: segment sent with ()
	Action:      write (2178 bytes) [97, 40, 9, 92, 4d, ff, 7, e2, 5a, ff, d1, fc, 5b, da, 13, d5, ...]
	Action:      1ms pass
	Expectation: segment sent
	Expectation: segment sent with ()
	Action:      write (6151 bytes) [1b, 8e, e2, ed, f8, f9, 4c, 33, 6, 9d, 35, aa, 22, 95, 69, 6, ...]
	Action:      1ms pass
	Expectation: segment sent
	Expectation: segment sent with ()
	Action:      write (5795 bytes) [1b, 61, 14, d2, 36, c7, 72, 8a, d0, 89, a9, e7, f8, 62, 75, e, ...]
	Action:      1ms pass
	Expectation: segment sent
	Expectation: segment sent with ()
	Action:      write (3070 bytes) [96, 37, cf, fb, 88, b, a8, 21, 4a, cd, f7, ba, 85, 30, 6e, bb, ...]
	Action:      1ms pass
	Expectation: segment sent
	Expectation: segment sent with ()
	Action:      write (806 bytes) [4d, 4, f3, d3, 17, f2, b8, 1d, 5f, 93, a4, 6c, 90, 8c, 15, 2d, ...]
	Action:      1ms pass
	Expectation: segment sent
	Expectation: segment sent with ()
	Action:      write (5605 bytes) [1, cb, 47, 91, eb, ad, 46, 6d, f2, f7, 13, 81, 46, 74, 68, 50, ...]
	Action:      1ms pass
	Expectation: segment sent
	Expectation: segment sent with ()
	Action:      write (8170 bytes) [ef, 8d, f8, 9b, 72, 21, cb, 98, ff, 5e, 54, 3c, b6, 63, 94, f3, ...]
	Action:      1ms pass
	Expectation: segment sent
	Expectation: segment sent with ()
	Action:      write (6642 bytes) [b6, 11, 39, a1, 7c, c4, 7d, e4, 41, ad, c6, 3d, a, 21, cf, 85, ...]
	Action:      1ms pass
	Expectation: segment sent
	Expectation: segment sent with ()
	Action:      write (5828 bytes) [6, 27, 0, 3d, 1f, 4, cb, 54, 70, 84, f3, e7, 68, 6, cf, d8, ...]
	Action:      1ms pass
	Expectation: segment sent
	Expectation: segment sent with ()
	Action:      write (7739 bytes) [69, c5, b4, d7, 3, 2b, 1a, 20, ce, f5, d, 60, dd, 36, 63, 8c, ...]
	Action:      1ms pass
	Expectation: segment sent
	Expectation: segment sent with ()
	Action:      write (2658 bytes) [9f, be, 6f, bd, 7a, c4, c, b3, 92, f9, 43, 29, 9, aa, 3a, 6a, ...]
	Action:      1ms pass
	Expectation: segment sent
	Expectation: segment sent with ()
	Action:      write (3829 bytes) [a5, 57, 67, b5, 84, 10, 1d, 71, f5, b3, 59, 62, 8c, fc, ec, d2, ...]
	Action:      1ms pass
	Expectation: segment sent
	Expectation: segment sent with ()
	Action:      packet arrives: Header(flags=AF,seqno=1567780607,ack=1567780470,win=65000) with no payload
	Action:      1ms pass

Note:
	test 2 failed: no ACK after rcvd

Warning: Unclean shutdown of TCPConnection
The TCP an extra segment when it should not have

        Start  49: t_reorder
 42/159 Test  #49: t_reorder ........................   Passed    6.13 sec
        Start  50: t_address_dt
 43/159 Test  #50: t_address_dt .....................   Passed    0.01 sec
        Start  51: t_parser_dt
 44/159 Test  #51: t_parser_dt ......................   Passed    0.00 sec
        Start  52: t_socket_dt
 45/159 Test  #52: t_socket_dt ......................   Passed    0.01 sec
        Start  53: t_udp_client_send
 46/159 Test  #53: t_udp_client_send ................***Failed    0.25 sec
DEBUG: Listening for incoming connection... DEBUG: Connecting to 169.254.144.1:26187... done.
new connection from 169.254.144.1:49869.
DEBUG: Outbound stream to 169.254.144.1:26187 finished (33 bytes still in flight).
DEBUG: Outbound stream to 169.254.144.1:49869 finished (1 byte still in flight).
DEBUG: Waiting for clean shutdown... DEBUG: Inbound stream from 169.254.144.1:26187 finished cleanly.
DEBUG: Waiting for clean shutdown... DEBUG: Inbound stream from 169.254.144.1:49869 finished cleanly.
DEBUG: Outbound stream to 169.254.144.1:49869 has been fully acknowledged.
DEBUG: TCP connection finished cleanly.
done.
DEBUG: TCP connection finished cleanly.
done.
ERROR: 1425ad856b9fb67802166db99287066c97479f01e023a243cccb73cd4ad22e0b neq b4ffc68f49059b2c5dba1b838b9397d3be5b70dc6b7e54ba9cf7ed4f3d18090c or 

        Start  54: t_udp_server_send
 47/159 Test  #54: t_udp_server_send ................***Failed    0.38 sec
DEBUG: Listening for incoming connection... DEBUG: Connecting to 169.254.144.1:16443... done.
DEBUG: Outbound stream to 169.254.144.1:16443 finished (1 byte still in flight).
new connection from 169.254.144.1:46757.
DEBUG: Waiting for clean shutdown... DEBUG: Inbound stream from 169.254.144.1:16443 finished cleanly.
DEBUG: Outbound stream to 169.254.144.1:46757 finished (33 bytes still in flight).
DEBUG: Waiting for clean shutdown... DEBUG: Inbound stream from 169.254.144.1:46757 finished cleanly.
DEBUG: Outbound stream to 169.254.144.1:16443 has been fully acknowledged.
DEBUG: TCP connection finished cleanly.
done.
DEBUG: TCP connection finished cleanly.
done.
ERROR: e37e7b3f0d0074be02ac000cb3db682965b5f9afece714dcfd5384a41857dce3 neq a1e4d4f0d8d092d1667b2f189dee6329a61cc31857d7c8ad9931ea34225ae0b3 or 

        Start  55: t_udp_client_recv
 48/159 Test  #55: t_udp_client_recv ................***Failed    0.37 sec
DEBUG: Listening for incoming connection... DEBUG: Connecting to 169.254.144.1:30817... done.
DEBUG: Outbound stream to 169.254.144.1:30817 finished (1 byte still in flight).
new connection from 169.254.144.1:36956.
DEBUG: Waiting for clean shutdown... DEBUG: Inbound stream from 169.254.144.1:30817 finished cleanly.
DEBUG: Outbound stream to 169.254.144.1:36956 finished (33 bytes still in flight).
DEBUG: Waiting for clean shutdown... DEBUG: Inbound stream from 169.254.144.1:36956 finished cleanly.
DEBUG: Outbound stream to 169.254.144.1:30817 has been fully acknowledged.
DEBUG: TCP connection finished cleanly.
done.
DEBUG: TCP connection finished cleanly.
done.
ERROR: d8b3a524feca27c0ac24f518616bf4fc3adb07e8c39d3e8350b595ca6edf2a08 neq d2ae2aa0b20b18af5a4af084d5fa901870bc5a69607753ce72bd7889c096368e or 

        Start  56: t_udp_server_recv
 49/159 Test  #56: t_udp_server_recv ................***Failed    0.25 sec
DEBUG: Listening for incoming connection... DEBUG: Connecting to 169.254.144.1:21453... done.
new connection from 169.254.144.1:53050.
DEBUG: Outbound stream to 169.254.144.1:21453 finished (33 bytes still in flight).
DEBUG: Outbound stream to 169.254.144.1:53050 finished (1 byte still in flight).
DEBUG: Waiting for clean shutdown... DEBUG: Inbound stream from 169.254.144.1:21453 finished cleanly.
DEBUG: Waiting for clean shutdown... DEBUG: Inbound stream from 169.254.144.1:53050 finished cleanly.
DEBUG: Outbound stream to 169.254.144.1:53050 has been fully acknowledged.
DEBUG: TCP connection finished cleanly.
done.
DEBUG: TCP connection finished cleanly.
done.
ERROR: c5c46f87071dabec2dc1b28fd5597b9c193c6bd753180e5d1763d3103c5166ff neq 7484f2efcc9290c8b6129204d8015a47068b323ef0bb6d2a3caa0551e666ed6b or 

        Start  57: t_udp_client_dupl
 50/159 Test  #57: t_udp_client_dupl ................***Failed    0.39 sec
DEBUG: Listening for incoming connection... DEBUG: Connecting to 169.254.144.1:4572... done.
new connection from 169.254.144.1:40350.
DEBUG: Outbound stream to 169.254.144.1:4572 finished (33 bytes still in flight).
DEBUG: Waiting for clean shutdown... DEBUG: Inbound stream from 169.254.144.1:4572 finished cleanly.
DEBUG: Outbound stream to 169.254.144.1:40350 finished (33 bytes still in flight).
DEBUG: Waiting for clean shutdown... DEBUG: Inbound stream from 169.254.144.1:40350 finished cleanly.
DEBUG: TCP connection finished cleanly.
done.
DEBUG: TCP connection finished cleanly.
done.
ERROR: 53b7ddf3df3113fb21ea2e42985ee3f946cd1d960efa73fb5b5dd1daf1650ab8 neq 47b78eb5cc1b69e16b7810cd7dad6751f2ed489eef15879a774215a806fdb0f5 or 3c1a7a895905fa7e7b3333401eadc3dfe9dc74a5f7b5b0a34400da9d41567205

        Start  58: t_udp_server_dupl
 51/159 Test  #58: t_udp_server_dupl ................***Failed    0.38 sec
DEBUG: Listening for incoming connection... DEBUG: Connecting to 169.254.144.1:12733... done.
new connection from 169.254.144.1:46056.
DEBUG: Outbound stream to 169.254.144.1:12733 finished (33 bytes still in flight).
DEBUG: Waiting for clean shutdown... DEBUG: Inbound stream from 169.254.144.1:12733 finished cleanly.
DEBUG: Outbound stream to 169.254.144.1:46056 finished (33 bytes still in flight).
DEBUG: Waiting for clean shutdown... DEBUG: Inbound stream from 169.254.144.1:46056 finished cleanly.
DEBUG: TCP connection finished cleanly.
done.
DEBUG: TCP connection finished cleanly.
done.
ERROR: d4ac64f420fea0d142b8efa1ef9e3c8bfb67aac60bf95a073612987a34dcc140 neq 9dd86a701ffd55c8d60aee532758a3bd7e70ec01265a4159b4facfc49cfc9d9a or 29ef655087fe005e089546d1e194bdf4849b12f1067a7f9f9a445622fc058f9d

        Start  59: t_ucS_1M_32k
 52/159 Test  #59: t_ucS_1M_32k .....................***Timeout  10.01 sec
DEBUG: Listening for incoming connection... DEBUG: Connecting to 169.254.144.1:15777... done.
new connection from 169.254.144.1:49581.
DEBUG: Outbound stream to 169.254.144.1:49581 finished (1 byte still in flight).
DEBUG: Waiting for clean shutdown... DEBUG: Inbound stream from 169.254.144.1:49581 finished cleanly.
DEBUG: Inbound stream from 169.254.144.1:15777 finished cleanly.
DEBUG: Outbound stream to 169.254.144.1:49581 has been fully acknowledged.
DEBUG: TCP connection finished cleanly.
done.

        Start  60: t_ucS_128K_8K
 53/159 Test  #60: t_ucS_128K_8K ....................***Timeout  10.02 sec
DEBUG: Listening for incoming connection... DEBUG: Connecting to 169.254.144.1:23536... done.
new connection from 169.254.144.1:43514.
DEBUG: Outbound stream to 169.254.144.1:43514 finished (1 byte still in flight).
DEBUG: Waiting for clean shutdown... DEBUG: Inbound stream from 169.254.144.1:43514 finished cleanly.
DEBUG: Inbound stream from 169.254.144.1:23536 finished cleanly.
DEBUG: Outbound stream to 169.254.144.1:43514 has been fully acknowledged.
DEBUG: TCP connection finished cleanly.
done.
DEBUG: Waiting for clean shutdown... 

        Start  61: t_ucS_16_1
 54/159 Test  #61: t_ucS_16_1 .......................***Failed    0.27 sec
DEBUG: Listening for incoming connection... DEBUG: Connecting to 169.254.144.1:27650... done.
new connection from 169.254.144.1:60372.
DEBUG: Outbound stream to 169.254.144.1:27650 finished (1 byte still in flight).
DEBUG: Outbound stream to 169.254.144.1:60372 finished (1 byte still in flight).
DEBUG: Waiting for clean shutdown... DEBUG: Inbound stream from 169.254.144.1:27650 finished cleanly.
DEBUG: Waiting for clean shutdown... DEBUG: Inbound stream from 169.254.144.1:60372 finished cleanly.
DEBUG: Outbound stream to 169.254.144.1:60372 has been fully acknowledged.
DEBUG: TCP connection finished cleanly.
done.
DEBUG: TCP connection finished cleanly.
done.
ERROR: 03671e9a7c0eecc1b8d0df529bc3a791ad21a1a1be5cec402c8bdf378155df85 neq ffb8c686160e30ad052c789eb9a0453ef9bd3e9918ee6b0117899dac046557fd or 

        Start  62: t_ucS_32K_d
 55/159 Test  #62: t_ucS_32K_d ......................***Failed    0.26 sec
DEBUG: Listening for incoming connection... DEBUG: Connecting to 169.254.144.1:20807... done.
new connection from 169.254.144.1:35571.
DEBUG: Outbound stream to 169.254.144.1:35571 finished (1 byte still in flight).
DEBUG: Waiting for clean shutdown... DEBUG: Inbound stream from 169.254.144.1:35571 finished cleanly.
DEBUG: Inbound stream from 169.254.144.1:20807 finished cleanly.
DEBUG: Waiting for clean shutdown... DEBUG: Outbound stream to 169.254.144.1:35571 has been fully acknowledged.
DEBUG: TCP connection finished cleanly.
done.
DEBUG: Outbound stream to 169.254.144.1:20807 finished (1001 bytes still in flight).
DEBUG: TCP connection finished cleanly.
done.
ERROR: fc58bd315eec70fa5f9becae0e2fb902493069ba9fc0ae48e2933a8acf0436a0 neq f60e5a93660ba4ccfa467e21d29ce6cdb3e28fbf24929bd68f9eb8b51364aa03 or 

        Start  63: t_ucR_1M_32k
 56/159 Test  #63: t_ucR_1M_32k .....................***Failed    1.49 sec
DEBUG: Listening for incoming connection... DEBUG: Connecting to 169.254.144.1:3253... done.
DEBUG: Outbound stream to 169.254.144.1:3253 finished (1 byte still in flight).
new connection from 169.254.144.1:48219.
DEBUG: Waiting for clean shutdown... DEBUG: Inbound stream from 169.254.144.1:3253 finished cleanly.
DEBUG: Inbound stream from 169.254.144.1:48219 finished cleanly.
DEBUG: Outbound stream to 169.254.144.1:3253 has been fully acknowledged.
DEBUG: Waiting for clean shutdown... DEBUG: Outbound stream to 169.254.144.1:48219 finished (1048577 bytes still in flight).
DEBUG: TCP connection finished cleanly.
done.
DEBUG: TCP connection finished cleanly.
done.
ERROR: 7d7b4a48c5fe7e8da67fe11d804f6ecd568f4399eda7822bd394e8f299c9ce67 neq 06ff465c9ffc2d57a0c610b3adcde51d5833c99cf705ef1a6c48d993fbacd492 or 

        Start  64: t_ucR_128K_8K
 57/159 Test  #64: t_ucR_128K_8K ....................***Timeout  10.02 sec
DEBUG: Listening for incoming connection... DEBUG: Connecting to 169.254.144.1:25711... done.
DEBUG: Outbound stream to 169.254.144.1:25711 finished (1 byte still in flight).
new connection from 169.254.144.1:37472.
DEBUG: Waiting for clean shutdown... DEBUG: Inbound stream from 169.254.144.1:25711 finished cleanly.
DEBUG: Inbound stream from DEBUG: Outbound stream to 169.254.144.1:37472 finished cleanly.
169.254.144.1:25711 has been fully acknowledged.
DEBUG: Waiting for clean shutdown... 

        Start  65: t_ucR_16_1
 58/159 Test  #65: t_ucR_16_1 .......................***Failed    0.26 sec
DEBUG: Listening for incoming connection... DEBUG: Connecting to 169.254.144.1:4575... done.
DEBUG: Outbound stream to 169.254.144.1:4575 finished (1 byte still in flight).
new connection from 169.254.144.1:49209.
DEBUG: Waiting for clean shutdown... DEBUG: Inbound stream from 169.254.144.1:4575 finished cleanly.
DEBUG: Outbound stream to 169.254.144.1:49209 finished (1 byte still in flight).
DEBUG: Waiting for clean shutdown... DEBUG: Inbound stream from 169.254.144.1:49209 finished cleanly.
DEBUG: Outbound stream to 169.254.144.1:49209 has been fully acknowledged.
DEBUG: TCP connection finished cleanly.
done.
DEBUG: Outbound stream to 169.254.144.1:4575 has been fully acknowledged.
DEBUG: TCP connection finished cleanly.
done.
ERROR: 6961eea3390bd65cba68b60541e792b1cf8d9fad3a3032955c186274813b5ce0 neq 21e50113ef042af00db23d30b4e12cf7614c7636ba9fd0bc1abada8a2f6789fe or 

        Start  66: t_ucR_32K_d
 59/159 Test  #66: t_ucR_32K_d ......................***Failed    0.40 sec
DEBUG: Listening for incoming connection... DEBUG: Connecting to 169.254.144.1:6917... done.
DEBUG: Outbound stream to 169.254.144.1:6917 finished (1 byte still in flight).
new connection from 169.254.144.1:39276.
DEBUG: Waiting for clean shutdown... DEBUG: Inbound stream from 169.254.144.1:6917 finished cleanly.
DEBUG: Inbound stream from 169.254.144.1:39276 finished cleanly.
DEBUG: Outbound stream to 169.254.144.1:6917 has been fully acknowledged.
DEBUG: Outbound stream to 169.254.144.1:39276 finished (1001 bytes still in flight).
DEBUG: Waiting for clean shutdown... DEBUG: TCP connection finished cleanly.
done.
DEBUG: TCP connection finished cleanly.
done.
ERROR: 4354fbad07675d585ea62065f35c16f3f891fd894d40434d0bb70bd63e52ec02 neq 270eef331e08d0fbc19c3c09f4c5ef9a27d35af7a402e4057e37b41a1e996c6a or 

        Start  67: t_ucD_1M_32k
 60/159 Test  #67: t_ucD_1M_32k .....................***Timeout  10.01 sec
DEBUG: Listening for incoming connection... DEBUG: Connecting to 169.254.144.1:32743... done.
new connection from 169.254.144.1:51496.
DEBUG: Inbound stream from 169.254.144.1:51496 finished cleanly.
DEBUG: Inbound stream from 169.254.144.1:32743 finished cleanly.

        Start  68: t_ucD_128K_8K
 61/159 Test  #68: t_ucD_128K_8K ....................***Timeout  10.02 sec
DEBUG: Listening for incoming connection... DEBUG: Connecting to 169.254.144.1:32993... done.
new connection from 169.254.144.1:52037.
DEBUG: Inbound stream from 169.254.144.1:52037 finished cleanly.
DEBUG: Inbound stream from 169.254.144.1:32993 finished cleanly.
DEBUG: Waiting for clean shutdown... DEBUG: Waiting for clean shutdown... 

        Start  69: t_ucD_16_1
 62/159 Test  #69: t_ucD_16_1 .......................***Failed    0.27 sec
DEBUG: Listening for incoming connection... DEBUG: Connecting to 169.254.144.1:22285... done.
new connection from 169.254.144.1:45275.
DEBUG: Outbound stream to 169.254.144.1:22285 finished (1 byte still in flight).
DEBUG: Waiting for clean shutdown... DEBUG: Inbound stream from 169.254.144.1:22285 finished cleanly.
DEBUG: Outbound stream to 169.254.144.1:45275 finished (1 byte still in flight).
DEBUG: Waiting for clean shutdown... DEBUG: Inbound stream from 169.254.144.1:45275 finished cleanly.
DEBUG: Outbound stream to 169.254.144.1:45275 has been fully acknowledged.
DEBUG: TCP connection finished cleanly.
done.
DEBUG: TCP connection finished cleanly.
done.
ERROR: 86bc7171ead97846982748c87b7d750e3e750e4ca33e2c3a01886f8fe81c2007 neq c9f13cb18afd7b7321413a303ea542641a543722797c798b26bc12d126f8b960 or e9c0da43e71dfe530c13e55c03afbd23e7574b12c14019ce41610b64a9353fc9

        Start  70: t_ucD_32K_d
 63/159 Test  #70: t_ucD_32K_d ......................***Failed    0.41 sec
DEBUG: Listening for incoming connection... DEBUG: Connecting to 169.254.144.1:11423... done.
new connection from 169.254.144.1:32794.
DEBUG: Inbound stream from 169.254.144.1:32794 finished cleanly.
DEBUG: Waiting for clean shutdown... DEBUG: Outbound stream to 169.254.144.1:11423 finished (1001 bytes still in flight).
DEBUG: Inbound stream from 169.254.144.1:11423 finished cleanly.
DEBUG: Waiting for clean shutdown... DEBUG: Outbound stream to 169.254.144.1:32794 finished (32769 bytes still in flight).
DEBUG: TCP connection finished cleanly.
done.
DEBUG: TCP connection finished cleanly.
done.
ERROR: c1e9aadda13e5a054014b0b91e6b05ac46496fc6e10576237c22abff503c940d neq ab5accf1872e32b197ba2285e31c925b147bc739600469b55bde54c5e89bd504 or bf2ed8dbaf5b25bafbe1f18bc7195c56f30cba0a5f9929ec184808e8d5aea085

        Start  71: t_usS_1M_32k
 64/159 Test  #71: t_usS_1M_32k .....................***Timeout  10.03 sec
DEBUG: Listening for incoming connection... DEBUG: Connecting to 169.254.144.1:19403... done.
DEBUG: Outbound stream to 169.254.144.1:19403 finished (1 byte still in flight).
new connection from 169.254.144.1:49826.
DEBUG: Waiting for clean shutdown... DEBUG: Inbound stream from 169.254.144.1:19403 finished cleanly.
DEBUG: Inbound stream from 169.254.144.1:49826 finished cleanly.
DEBUG: Outbound stream to 169.254.144.1:19403 has been fully acknowledged.

        Start  72: t_usS_128K_8K
 65/159 Test  #72: t_usS_128K_8K ....................***Timeout  10.02 sec
DEBUG: Listening for incoming connection... DEBUG: Connecting to 169.254.144.1:31424... done.
DEBUG: Outbound stream to 169.254.144.1:31424 finished (1 byte still in flight).
new connection from 169.254.144.1:36500.
DEBUG: Waiting for clean shutdown... DEBUG: Inbound stream from 169.254.144.1:31424 finished cleanly.
DEBUG: Inbound stream from 169.254.144.1:36500 finished cleanly.
DEBUG: Outbound stream to 169.254.144.1:31424 has been fully acknowledged.
DEBUG: Waiting for clean shutdown... 

        Start  73: t_usS_16_1
 66/159 Test  #73: t_usS_16_1 .......................***Failed    0.28 sec
DEBUG: Listening for incoming connection... DEBUG: Connecting to 169.254.144.1:22494... done.
DEBUG: Outbound stream to 169.254.144.1:22494 finished (1 byte still in flight).
new connection from 169.254.144.1:47848.
DEBUG: Waiting for clean shutdown... DEBUG: Inbound stream from 169.254.144.1:22494 finished cleanly.
DEBUG: Outbound stream to 169.254.144.1:47848 finished (1 byte still in flight).
DEBUG: Waiting for clean shutdown... DEBUG: Inbound stream from 169.254.144.1:47848 finished cleanly.
DEBUG: Outbound stream to 169.254.144.1:47848 has been fully acknowledged.
DEBUG: TCP connection finished cleanly.
done.
DEBUG: Outbound stream to 169.254.144.1:22494 has been fully acknowledged.
DEBUG: TCP connection finished cleanly.
done.
ERROR: df05641a8f95d352a1610d274ba340cc422c7363e2617e60de827523c7fcb8ac neq 7d1998c74cf9df9548f4b6ad9a6ed8d8c97e9fb07a7fd161c45b86b4f9d66812 or 

        Start  74: t_usS_32K_d
 67/159 Test  #74: t_usS_32K_d ......................***Failed    0.40 sec
DEBUG: Listening for incoming connection... DEBUG: Connecting to 169.254.144.1:24528... done.
DEBUG: Outbound stream to 169.254.144.1:24528 finished (1 byte still in flight).
new connection from 169.254.144.1:35718.
DEBUG: Inbound stream from 169.254.144.1:24528 finished cleanly.
DEBUG: Waiting for clean shutdown... DEBUG: Outbound stream to 169.254.144.1:24528 has been fully acknowledged.
DEBUG: Inbound stream from 169.254.144.1:35718 finished cleanly.
DEBUG: Outbound stream to 169.254.144.1:35718 finished (32769 bytes still in flight).
DEBUG: Waiting for clean shutdown... DEBUG: TCP connection finished cleanly.
done.
DEBUG: TCP connection finished cleanly.
done.
ERROR: 9f5385046a88269845b9770f02bf5074e0b3cf20b7b67756877b54572e59d609 neq 6307fc08c63c6ab747450d2499700611527818df0fba558e1a1592f1f025e78f or 

        Start  75: t_usR_1M_32k
 68/159 Test  #75: t_usR_1M_32k .....................***Timeout  10.01 sec
DEBUG: Listening for incoming connection... DEBUG: Connecting to 169.254.144.1:15360... done.
new connection from 169.254.144.1:60408.
DEBUG: Outbound stream to 169.254.144.1:60408 finished (1 byte still in flight).
DEBUG: Waiting for clean shutdown... DEBUG: Inbound stream from 169.254.144.1:60408 finished cleanly.
DEBUG: Inbound stream from 169.254.144.1:15360 finished cleanly.
DEBUG: Outbound stream to 169.254.144.1:60408 has been fully acknowledged.
DEBUG: TCP connection finished cleanly.
done.

        Start  76: t_usR_128K_8K
 69/159 Test  #76: t_usR_128K_8K ....................***Timeout  10.01 sec
DEBUG: Listening for incoming connection... DEBUG: Connecting to 169.254.144.1:30578... done.
new connection from 169.254.144.1:36311.
DEBUG: Outbound stream to 169.254.144.1:36311 finished (1 byte still in flight).
DEBUG: Waiting for clean shutdown... DEBUG: Inbound stream from 169.254.144.1:36311 finished cleanly.
DEBUG: Inbound stream from 169.254.144.1:30578 finished cleanly.
DEBUG: Outbound stream to 169.254.144.1:36311 has been fully acknowledged.
DEBUG: TCP connection finished cleanly.
done.
DEBUG: Waiting for clean shutdown... 

        Start  77: t_usR_16_1
 70/159 Test  #77: t_usR_16_1 .......................***Failed    0.27 sec
DEBUG: Listening for incoming connection... DEBUG: Connecting to 169.254.144.1:13469... done.
new connection from 169.254.144.1:42284.
DEBUG: Outbound stream to 169.254.144.1:13469 finished (1 byte still in flight).
DEBUG: Outbound stream to 169.254.144.1:42284 finished (1 byte still in flight).
DEBUG: Inbound stream from 169.254.144.1:13469 finished cleanly.
DEBUG: Waiting for clean shutdown... DEBUG: Waiting for clean shutdown... DEBUG: Inbound stream from 169.254.144.1:42284 finished cleanly.
DEBUG: Outbound stream to 169.254.144.1:42284 has been fully acknowledged.
DEBUG: TCP connection finished cleanly.
done.
DEBUG: TCP connection finished cleanly.
done.
ERROR: bcdad00deb9b5a38f7f39a0b8c714902cbbded92fcba7611d0d66e5e6c4bb60a neq e5c8915f7ab346a0f8c633d9782876a8610f85b3aa9f61aa4bb4f23502b33882 or 

        Start  78: t_usR_32K_d
 71/159 Test  #78: t_usR_32K_d ......................***Failed    0.26 sec
DEBUG: Listening for incoming connection... DEBUG: Connecting to 169.254.144.1:15134... done.
new connection from 169.254.144.1:50792.
DEBUG: Outbound stream to 169.254.144.1:50792 finished (1 byte still in flight).
DEBUG: Waiting for clean shutdown... DEBUG: Inbound stream from 169.254.144.1:50792 finished cleanly.
DEBUG: Inbound stream from 169.254.144.1:15134 finished cleanly.
DEBUG: Waiting for clean shutdown... DEBUG: Outbound stream to 169.254.144.1:50792 has been fully acknowledged.
DEBUG: TCP connection finished cleanly.
done.
DEBUG: Outbound stream to 169.254.144.1:15134 finished (1001 bytes still in flight).
DEBUG: TCP connection finished cleanly.
done.
ERROR: ad1c12a3a3555521efb37d77a9aaa5a6f0c27ecf6ba4390850b9c8b420c99d65 neq 4c515276d43ff65600a389fade05ae8240c040212540987d83f141fb9ff20bba or 

        Start  79: t_usD_1M_32k
 72/159 Test  #79: t_usD_1M_32k .....................***Timeout  10.01 sec
DEBUG: Listening for incoming connection... DEBUG: Connecting to 169.254.144.1:14964... done.
new connection from 169.254.144.1:40881.
DEBUG: Inbound stream from 169.254.144.1:40881 finished cleanly.
DEBUG: Inbound stream from 169.254.144.1:14964 finished cleanly.

        Start  80: t_usD_128K_8K
 73/159 Test  #80: t_usD_128K_8K ....................***Timeout  10.02 sec
DEBUG: Listening for incoming connection... DEBUG: Connecting to 169.254.144.1:28066... done.
new connection from 169.254.144.1:53900.
DEBUG: Inbound stream from 169.254.144.1:53900 finished cleanly.
DEBUG: Inbound stream from 169.254.144.1:28066 finished cleanly.
DEBUG: Waiting for clean shutdown... DEBUG: Waiting for clean shutdown... 

        Start  81: t_usD_16_1
 74/159 Test  #81: t_usD_16_1 .......................***Failed    0.27 sec
DEBUG: Listening for incoming connection... DEBUG: Connecting to 169.254.144.1:24424... done.
new connection from 169.254.144.1:52746.
DEBUG: Outbound stream to 169.254.144.1:24424 finished (1 byte still in flight).
DEBUG: Inbound stream from 169.254.144.1:24424 finished cleanly.
DEBUG: Waiting for clean shutdown... DEBUG: Outbound stream to 169.254.144.1:52746 finished (1 byte still in flight).
DEBUG: Waiting for clean shutdown... DEBUG: Inbound stream from 169.254.144.1:52746 finished cleanly.
DEBUG: Outbound stream to 169.254.144.1:52746 has been fully acknowledged.
DEBUG: TCP connection finished cleanly.
done.
DEBUG: TCP connection finished cleanly.
done.
ERROR: e0501d182636aa79ca145d8061a5e032fb33e95d5cdbc7ac12c17c77b00475f3 neq 06b2fe0c5dd1d61f749376388e660aadca61b357f2083d424370cfbbd1c72cb5 or ef4210808f100b8efa66291d4d49750422361399b89bd01f665d8d1ebc0dbc91

        Start  82: t_usD_32K_d
 75/159 Test  #82: t_usD_32K_d ......................***Failed    0.41 sec
DEBUG: Listening for incoming connection... DEBUG: Connecting to 169.254.144.1:28982... done.
new connection from 169.254.144.1:43022.
DEBUG: Inbound stream from 169.254.144.1:43022 finished cleanly.
DEBUG: Waiting for clean shutdown... DEBUG: Inbound stream from 169.254.144.1:28982 finished cleanly.
DEBUG: Waiting for clean shutdown... DEBUG: Outbound stream to 169.254.144.1:28982 finished (1001 bytes still in flight).
DEBUG: Outbound stream to 169.254.144.1:43022 finished (32769 bytes still in flight).
DEBUG: TCP connection finished cleanly.
done.
DEBUG: TCP connection finished cleanly.
done.
ERROR: eccd7e651d66a68ed08cfdc847644901bce97bb1874b725d7d1c4a57db387189 neq dd0bba0753ce95e58a24f47ddd8149a05d085ca557c9379b54befcd17ccdbecc or ae63f9afe8502a77339f84040d80c8b1cf7e09b4815acef1f29f0d1f96087262

        Start  83: t_ucS_128K_8K_l
 76/159 Test  #83: t_ucS_128K_8K_l ..................***Timeout  10.02 sec
DEBUG: Listening for incoming connection... DEBUG: Connecting to 169.254.144.1:3761... done.
new connection from 169.254.144.1:41232.
DEBUG: Outbound stream to 169.254.144.1:41232 finished (1 byte still in flight).
DEBUG: Waiting for clean shutdown... DEBUG: Inbound stream from 169.254.144.1:41232 finished cleanly.
DEBUG: Inbound stream from 169.254.144.1:3761 finished cleanly.
DEBUG: Outbound stream to 169.254.144.1:41232 has been fully acknowledged.
DEBUG: TCP connection finished cleanly.
done.
DEBUG: Waiting for clean shutdown... 

        Start  84: t_ucS_128K_8K_L
 77/159 Test  #84: t_ucS_128K_8K_L ..................***Timeout  10.02 sec
DEBUG: Listening for incoming connection... DEBUG: Connecting to 169.254.144.1:20470... done.
new connection from 169.254.144.1:56010.
DEBUG: Outbound stream to 169.254.144.1:56010 finished (1 byte still in flight).
DEBUG: Waiting for clean shutdown... DEBUG: Inbound stream from 169.254.144.1:56010DEBUG: Inbound stream from  finished cleanly.
DEBUG: Outbound stream to 169.254.144.1:20470 finished cleanly.
169.254.144.1:56010 has been fully acknowledged.
DEBUG: TCP connection finished cleanly.
done.
DEBUG: Waiting for clean shutdown... 

        Start  85: t_ucS_128K_8K_lL
 78/159 Test  #85: t_ucS_128K_8K_lL .................***Timeout  10.01 sec
DEBUG: Listening for incoming connection... DEBUG: Connecting to 169.254.144.1:7822... 

        Start  86: t_ucR_128K_8K_l
 79/159 Test  #86: t_ucR_128K_8K_l ..................***Failed    0.48 sec
DEBUG: Listening for incoming connection... DEBUG: Connecting to 169.254.144.1:24604... done.
DEBUG: Outbound stream to 169.254.144.1:24604 finished (1 byte still in flight).
new connection from 169.254.144.1:52510.
DEBUG: Waiting for clean shutdown... DEBUG: Inbound stream from 169.254.144.1:24604 finished cleanly.
DEBUG: Inbound stream from 169.254.144.1:52510 finished cleanly.
DEBUG: Outbound stream to 169.254.144.1:24604 has been fully acknowledged.
DEBUG: Waiting for clean shutdown... DEBUG: Outbound stream to 169.254.144.1:52510 finished (90112 bytes still in flight).
DEBUG: TCP connection finished cleanly.
done.
DEBUG: TCP connection finished cleanly.
done.
ERROR: 3aef800dd6b48999b23712a06e37f158c9c10aff2940e4500423b1f535c1221d neq be7d5f2a2d444f8b751b1e6bf880ebf0258b4485edea89cde9240ef0dc2edb86 or 

        Start  87: t_ucR_128K_8K_L
 80/159 Test  #87: t_ucR_128K_8K_L ..................***Timeout  10.02 sec
DEBUG: Listening for incoming connection... DEBUG: Connecting to 169.254.144.1:2276... done.
DEBUG: Outbound stream to 169.254.144.1:2276 finished (1 byte still in flight).
new connection from 169.254.144.1:58419.
DEBUG: Waiting for clean shutdown... DEBUG: Inbound stream from 169.254.144.1:2276 finished cleanly.
DEBUG: Inbound stream from 169.254.144.1:58419 finished cleanly.
DEBUG: Outbound stream to 169.254.144.1:2276 has been fully acknowledged.
DEBUG: Waiting for clean shutdown... 

        Start  88: t_ucR_128K_8K_lL
 81/159 Test  #88: t_ucR_128K_8K_lL .................***Timeout  10.03 sec
DEBUG: Listening for incoming connection... DEBUG: Connecting to 169.254.144.1:8890... done.
DEBUG: Outbound stream to 169.254.144.1:8890 finished (1 byte still in flight).
new connection from 169.254.144.1:33498.
DEBUG: Waiting for clean shutdown... DEBUG: Inbound stream from 169.254.144.1:8890 finished cleanly.

        Start  89: t_ucD_128K_8K_l
 82/159 Test  #89: t_ucD_128K_8K_l ..................***Timeout  10.02 sec
DEBUG: Listening for incoming connection... DEBUG: Connecting to 169.254.144.1:10431... done.
new connection from 169.254.144.1:51071.
DEBUG: Inbound stream from 169.254.144.1:51071 finished cleanly.
DEBUG: Inbound stream from 169.254.144.1:10431 finished cleanly.
DEBUG: Waiting for clean shutdown... DEBUG: Waiting for clean shutdown... 

        Start  90: t_ucD_128K_8K_L
 83/159 Test  #90: t_ucD_128K_8K_L ..................***Timeout  10.02 sec
DEBUG: Listening for incoming connection... DEBUG: Connecting to 169.254.144.1:15346... done.
new connection from 169.254.144.1:58424.
DEBUG: Inbound stream from 169.254.144.1:58424 finished cleanly.
DEBUG: Waiting for clean shutdown... 

        Start  91: t_ucD_128K_8K_lL
 84/159 Test  #91: t_ucD_128K_8K_lL .................***Timeout  10.03 sec
DEBUG: Listening for incoming connection... DEBUG: Connecting to 169.254.144.1:15757... done.
new connection from 169.254.144.1:60253.
DEBUG: Inbound stream from 169.254.144.1:60253 finished cleanly.
DEBUG: Inbound stream from 169.254.144.1:15757 finished cleanly.
DEBUG: Waiting for clean shutdown... DEBUG: Waiting for clean shutdown... 

        Start  92: t_usS_128K_8K_l
 85/159 Test  #92: t_usS_128K_8K_l ..................***Timeout  10.01 sec
DEBUG: Listening for incoming connection... DEBUG: Connecting to 169.254.144.1:30977... 

        Start  93: t_usS_128K_8K_L
 86/159 Test  #93: t_usS_128K_8K_L ..................***Failed    0.49 sec
DEBUG: Listening for incoming connection... DEBUG: Connecting to 169.254.144.1:16191... done.
DEBUG: Outbound stream to 169.254.144.1:16191 finished (1 byte still in flight).
new connection from 169.254.144.1:59055.
DEBUG: Waiting for clean shutdown... DEBUG: Inbound stream from 169.254.144.1:16191 finished cleanly.
DEBUG: Inbound stream from DEBUG: Outbound stream to 169.254.144.1:16191 has been fully acknowledged.
169.254.144.1:59055 finished cleanly.
DEBUG: Waiting for clean shutdown... DEBUG: Outbound stream to 169.254.144.1:59055 finished (90112 bytes still in flight).
DEBUG: TCP connection finished cleanly.
done.
DEBUG: TCP connection finished cleanly.
done.
ERROR: 3d03aab0d0ff572048441118d075a78bb4d995912b3cdccb0b3c94ec2a27d41a neq 13f996add91743673865d452a1815d44ec4c697b315de61ec6446c6c30327719 or 

        Start  94: t_usS_128K_8K_lL
 87/159 Test  #94: t_usS_128K_8K_lL .................***Failed    0.49 sec
DEBUG: Listening for incoming connection... DEBUG: Connecting to 169.254.144.1:20207... done.
DEBUG: Outbound stream to 169.254.144.1:20207 finished (1 byte still in flight).
new connection from 169.254.144.1:58867.
DEBUG: Waiting for clean shutdown... DEBUG: Inbound stream from 169.254.144.1:20207 finished cleanly.
DEBUG: Inbound stream from 169.254.144.1:58867 finished cleanly.
DEBUG: Outbound stream to 169.254.144.1:20207 has been fully acknowledged.
DEBUG: Waiting for clean shutdown... DEBUG: Outbound stream to 169.254.144.1:58867 finished (90112 bytes still in flight).
DEBUG: TCP connection finished cleanly.
done.
DEBUG: TCP connection finished cleanly.
done.
ERROR: 401f5ff29502a56fd38bbb38a8f1d9490a94d66c17ae17bf6f7d1bdb616081b8 neq 5919c7bcaadc7a3162ea024651f013edf263ff80cc818a24a598f529ccd666c4 or 

        Start  95: t_usR_128K_8K_l
 88/159 Test  #95: t_usR_128K_8K_l ..................***Timeout  10.02 sec
DEBUG: Listening for incoming connection... DEBUG: Connecting to 169.254.144.1:5500... done.
new connection from 169.254.144.1:44088.
DEBUG: Outbound stream to 169.254.144.1:44088 finished (1 byte still in flight).
DEBUG: Waiting for clean shutdown... DEBUG: Inbound stream from 169.254.144.1:44088 finished cleanly.
DEBUG: Inbound stream from 169.254.144.1:5500 finished cleanly.
DEBUG: Outbound stream to 169.254.144.1:44088 has been fully acknowledged.
DEBUG: TCP connection finished cleanly.
done.
DEBUG: Waiting for clean shutdown... 

        Start  96: t_usR_128K_8K_L
 89/159 Test  #96: t_usR_128K_8K_L ..................***Timeout  10.01 sec
DEBUG: Listening for incoming connection... DEBUG: Connecting to 169.254.144.1:20069... done.
new connection from 169.254.144.1:35703.
DEBUG: Outbound stream to 169.254.144.1:35703 finished (1 byte still in flight).
DEBUG: Waiting for clean shutdown... DEBUG: Inbound stream from 169.254.144.1:35703 finished cleanly.
DEBUG: Inbound stream from 169.254.144.1:20069 finished cleanly.
DEBUG: Outbound stream to 169.254.144.1:35703 has been fully acknowledged.
DEBUG: TCP connection finished cleanly.
done.
DEBUG: Waiting for clean shutdown... 

        Start  97: t_usR_128K_8K_lL
 90/159 Test  #97: t_usR_128K_8K_lL .................***Timeout  10.01 sec
DEBUG: Listening for incoming connection... DEBUG: Connecting to 169.254.144.1:7572... done.
new connection from 169.254.144.1:40270.
DEBUG: Outbound stream to 169.254.144.1:40270 finished (1 byte still in flight).
DEBUG: Waiting for clean shutdown... DEBUG: Inbound stream from 169.254.144.1:40270 finished cleanly.
DEBUG: Inbound stream from 169.254.144.1:7572 finished cleanly.
DEBUG: Outbound stream to 169.254.144.1:40270 has been fully acknowledged.
DEBUG: TCP connection finished cleanly.
done.
DEBUG: Waiting for clean shutdown... 

        Start  98: t_usD_128K_8K_l
 91/159 Test  #98: t_usD_128K_8K_l ..................***Timeout  10.02 sec
DEBUG: Listening for incoming connection... DEBUG: Connecting to 169.254.144.1:29759... done.
new connection from 169.254.144.1:60806.
DEBUG: Inbound stream from 169.254.144.1:60806 finished cleanly.
DEBUG: Inbound stream from 169.254.144.1:29759 finished cleanly.
DEBUG: Waiting for clean shutdown... DEBUG: Waiting for clean shutdown... 

        Start  99: t_usD_128K_8K_L
 92/159 Test  #99: t_usD_128K_8K_L ..................***Timeout  10.03 sec
DEBUG: Listening for incoming connection... DEBUG: Connecting to 169.254.144.1:23867... done.
new connection from 169.254.144.1:54719.
DEBUG: Inbound stream from 169.254.144.1:54719 finished cleanly.
DEBUG: Inbound stream from 169.254.144.1:23867 finished cleanly.
DEBUG: Waiting for clean shutdown... DEBUG: Waiting for clean shutdown... 

        Start 100: t_usD_128K_8K_lL
 93/159 Test #100: t_usD_128K_8K_lL .................***Timeout  10.02 sec
DEBUG: Listening for incoming connection... DEBUG: Connecting to 169.254.144.1:11354... done.
new connection from 169.254.144.1:59282.
DEBUG: Inbound stream from 169.254.144.1:59282 finished cleanly.
DEBUG: Inbound stream from 169.254.144.1:11354 finished cleanly.
DEBUG: Waiting for clean shutdown... DEBUG: Waiting for clean shutdown... 

        Start 101: t_ipv4_client_send
 94/159 Test #101: t_ipv4_client_send ...............***Failed    0.27 sec
DEBUG: Listening for incoming connection... DEBUG: Connecting to 169.254.145.9:16499... done.
new connection from 169.254.145.1:63740.
DEBUG: Outbound stream to 169.254.145.9:16499 finished (33 bytes still in flight).
DEBUG: Outbound stream to 169.254.145.1:63740 finished (1 byte still in flight).
DEBUG: Waiting for clean shutdown... DEBUG: Inbound stream from 169.254.145.9:16499 finished cleanly.
DEBUG: Waiting for clean shutdown... DEBUG: Inbound stream from 169.254.145.1:63740 finished cleanly.
DEBUG: Outbound stream to 169.254.145.1:63740 has been fully acknowledged.
DEBUG: TCP connection finished cleanly.
done.
DEBUG: TCP connection finished cleanly.
done.
ERROR: 4f219478103bdcf22bab8a1c9b5bd28ec7be1b98bc6a9a258db6b12c09148fea neq e3adcd5d154377a7be8d718733b3ffc300429938a13f50eea5f12f2e686eadd0 or 

        Start 102: t_ipv4_server_send
 95/159 Test #102: t_ipv4_server_send ...............***Failed    0.41 sec
DEBUG: Listening for incoming connection... DEBUG: Connecting to 169.254.144.9:12695... done.
DEBUG: Outbound stream to 169.254.144.9:12695 finished (1 byte still in flight).
new connection from 169.254.144.1:58422.
DEBUG: Waiting for clean shutdown... DEBUG: Inbound stream from 169.254.144.9:12695 finished cleanly.
DEBUG: Outbound stream to 169.254.144.1:58422 finished (33 bytes still in flight).
DEBUG: Waiting for clean shutdown... DEBUG: Inbound stream from 169.254.144.1:58422 finished cleanly.
DEBUG: Outbound stream to 169.254.144.9:12695 has been fully acknowledged.
DEBUG: TCP connection finished cleanly.
done.
DEBUG: TCP connection finished cleanly.
done.
ERROR: 075675f13c8a3526245807505e3b6c22ab21590993142cfd9d658383796725fd neq de9f483fbc0e6cf32f9344c858759cc5ad458262f783cb783886f79e8cdaf5f5 or 

        Start 103: t_ipv4_client_recv
 96/159 Test #103: t_ipv4_client_recv ...............***Failed    0.40 sec
DEBUG: Listening for incoming connection... DEBUG: Connecting to 169.254.145.9:3926... done.
DEBUG: Outbound stream to 169.254.145.9:3926 finished (1 byte still in flight).
new connection from 169.254.145.1:34937.
DEBUG: Waiting for clean shutdown... DEBUG: Inbound stream from 169.254.145.9:3926 finished cleanly.
DEBUG: Outbound stream to 169.254.145.1:34937 finished (33 bytes still in flight).
DEBUG: Waiting for clean shutdown... DEBUG: Inbound stream from 169.254.145.1:34937 finished cleanly.
DEBUG: Outbound stream to 169.254.145.9:3926 has been fully acknowledged.
DEBUG: TCP connection finished cleanly.
done.
DEBUG: TCP connection finished cleanly.
done.
ERROR: 66a68868672139ed070ebca0d264753c43587ab7e5a0d08ad00b36ae0ac8a25f neq e56f917056602dbeb376612638a90b88da1096944e045025e8474720dae54a46 or 

        Start 104: t_ipv4_server_recv
 97/159 Test #104: t_ipv4_server_recv ...............***Failed    0.27 sec
DEBUG: Listening for incoming connection... DEBUG: Connecting to 169.254.144.9:1793... done.
new connection from 169.254.144.1:11443.
DEBUG: Outbound stream to 169.254.144.9:1793 finished (33 bytes still in flight).
DEBUG: Outbound stream to 169.254.144.1:11443 finished (1 byte still in flight).
DEBUG: Waiting for clean shutdown... DEBUG: Inbound stream from 169.254.144.9:1793 finished cleanly.
DEBUG: Waiting for clean shutdown... DEBUG: Inbound stream from 169.254.144.1:11443 finished cleanly.
DEBUG: Outbound stream to 169.254.144.1:11443 has been fully acknowledged.
DEBUG: TCP connection finished cleanly.
done.
DEBUG: TCP connection finished cleanly.
done.
ERROR: d4027c2306510e8037257b232fee99c092c60827e84c2e62b92f5e758f364735 neq 61b6482664ed1f88941185ed5882731f348fa2f0f4b8809b66953897961668bd or 

        Start 105: t_ipv4_client_dupl
 98/159 Test #105: t_ipv4_client_dupl ...............***Failed    0.41 sec
DEBUG: Listening for incoming connection... DEBUG: Connecting to 169.254.145.9:1375... done.
new connection from 169.254.145.1:31657.
DEBUG: Outbound stream to 169.254.145.9:1375 finished (33 bytes still in flight).
DEBUG: Waiting for clean shutdown... DEBUG: Inbound stream from 169.254.145.9:1375 finished cleanly.
DEBUG: Outbound stream to 169.254.145.1:31657 finished (33 bytes still in flight).
DEBUG: Waiting for clean shutdown... DEBUG: Inbound stream from 169.254.145.1:31657 finished cleanly.
DEBUG: TCP connection finished cleanly.
done.
DEBUG: TCP connection finished cleanly.
done.
ERROR: b5bbb129d8fe03223646181473c8498ae3e55023627dc6d1e4b7bd5e61b4e6c4 neq cff93148660c281144c80cd6634f7d6a8475b5b5c669334dd4a26557c3a38d16 or c87dab4e108accdd219128fe616623a0f657cf1c8e91e40de31658c76e50da63

        Start 106: t_ipv4_server_dupl
 99/159 Test #106: t_ipv4_server_dupl ...............***Failed    0.41 sec
DEBUG: Listening for incoming connection... DEBUG: Connecting to 169.254.144.9:15218... done.
new connection from 169.254.144.1:30992.
DEBUG: Outbound stream to 169.254.144.9:15218 finished (33 bytes still in flight).
DEBUG: Waiting for clean shutdown... DEBUG: Inbound stream from 169.254.144.9:15218 finished cleanly.
DEBUG: Outbound stream to 169.254.144.1:30992 finished (33 bytes still in flight).
DEBUG: Waiting for clean shutdown... DEBUG: Inbound stream from 169.254.144.1:30992 finished cleanly.
DEBUG: TCP connection finished cleanly.
done.
DEBUG: TCP connection finished cleanly.
done.
ERROR: 6a3432abb5f77f5cec9f12233e8ea7d5588d87ff08abd4f31ac9fc41c0d06331 neq cff234967aa7796d5b5d6c61254871ddaca5783e11f1f24e8476f580af9defd2 or 387b2960470739c0b23ee8aee5de575b38e4e7ee16113bf964f1b903994e4027

        Start 107: t_icS_1M_32k
100/159 Test #107: t_icS_1M_32k .....................***Timeout  10.02 sec
DEBUG: Listening for incoming connection... DEBUG: Connecting to 169.254.145.9:19247... done.
new connection from 169.254.145.1:22230.
DEBUG: Outbound stream to 169.254.145.1:22230 finished (1 byte still in flight).
DEBUG: Waiting for clean shutdown... DEBUG: Inbound stream from DEBUG: Inbound stream from 169.254.145.1:22230 finished cleanly.
169.254.145.9:19247 finished cleanly.
DEBUG: Outbound stream to 169.254.145.1:22230 has been fully acknowledged.
DEBUG: TCP connection finished cleanly.
done.

        Start 108: t_icS_128K_8K
101/159 Test #108: t_icS_128K_8K ....................***Timeout  10.02 sec
DEBUG: Listening for incoming connection... DEBUG: Connecting to 169.254.145.9:31157... done.
new connection from 169.254.145.1:29099.
DEBUG: Outbound stream to 169.254.145.1:29099 finished (1 byte still in flight).
DEBUG: Waiting for clean shutdown... DEBUG: Inbound stream from DEBUG: Inbound stream from 169.254.145.1:29099 finished cleanly.
169.254.145.9:31157 finished cleanly.
DEBUG: Outbound stream to 169.254.145.1:29099 has been fully acknowledged.
DEBUG: TCP connection finished cleanly.
done.
DEBUG: Waiting for clean shutdown... 

        Start 109: t_icS_16_1
102/159 Test #109: t_icS_16_1 .......................***Failed    0.28 sec
DEBUG: Listening for incoming connection... DEBUG: Connecting to 169.254.145.9:25226... done.
new connection from 169.254.145.1:59228.
DEBUG: Outbound stream to 169.254.145.9:25226 finished (1 byte still in flight).
DEBUG: Outbound stream to 169.254.145.1:59228 finished (1 byte still in flight).
DEBUG: Waiting for clean shutdown... DEBUG: Inbound stream from 169.254.145.9:25226 finished cleanly.
DEBUG: Waiting for clean shutdown... DEBUG: Inbound stream from 169.254.145.1:59228 finished cleanly.
DEBUG: Outbound stream to 169.254.145.1:59228 has been fully acknowledged.
DEBUG: TCP connection finished cleanly.
done.
DEBUG: TCP connection finished cleanly.
done.
ERROR: e5eccd3cab69ab0451eda58cd1568eb5dfef3b0dec04b4fe28a0d94948481b1e neq c94414f606775093e2e9ef02dd9125b4b8f41c15300eb88051c4d1099d3db4d3 or 

        Start 110: t_icS_32K_d
103/159 Test #110: t_icS_32K_d ......................***Failed    0.27 sec
DEBUG: Listening for incoming connection... DEBUG: Connecting to 169.254.145.9:2268... done.
new connection from 169.254.145.1:48370.
DEBUG: Outbound stream to 169.254.145.1:48370 finished (1 byte still in flight).
DEBUG: Waiting for clean shutdown... DEBUG: Outbound stream to DEBUG: Inbound stream from 169.254.145.1:48370 finished cleanly.
169.254.145.9:2268 finished (1001 bytes still in flight).
DEBUG: Waiting for clean shutdown... DEBUG: Inbound stream from 169.254.145.9:2268 finished cleanly.
DEBUG: Outbound stream to 169.254.145.1:48370 has been fully acknowledged.
DEBUG: TCP connection finished cleanly.
done.
DEBUG: TCP connection finished cleanly.
done.
ERROR: 4fdf3284bccfad6b24e8e7662a2a771cde40e0d019c7b78ba527ac1dddb7bef3 neq 7f8dea5d5c329708200c524ffaa56accd4567e7868ce25d3f4c37a1d46b582ec or 

        Start 111: t_icR_1M_32k
104/159 Test #111: t_icR_1M_32k .....................***Failed    0.49 sec
DEBUG: Listening for incoming connection... DEBUG: Connecting to 169.254.145.9:20699... done.
DEBUG: Outbound stream to 169.254.145.9:20699 finished (1 byte still in flight).
new connection from 169.254.145.1:62858.
DEBUG: Waiting for clean shutdown... DEBUG: Inbound stream from 169.254.145.9:20699 finished cleanly.
DEBUG: Inbound stream from DEBUG: Outbound stream to 169.254.145.9:20699 has been fully acknowledged.
169.254.145.1:62858 finished cleanly.
DEBUG: TCP connection finished uncleanlyDEBUG: TCP connection finished cleanly.
done.
ERROR: 247ab6bd5c967eefe2040d5e4f014269b9a3761fc8d06341dbe2bc9fae6bcbfc neq 46cc9c7da851b67da85d8578e07a024abbe2277a0ea26e5a559611701b9484c2 or 

        Start 112: t_icR_128K_8K
105/159 Test #112: t_icR_128K_8K ....................***Failed    0.33 sec
DEBUG: Listening for incoming connection... DEBUG: Connecting to 169.254.145.9:5336... done.
DEBUG: Outbound stream to 169.254.145.9:5336 finished (1 byte still in flight).
new connection from 169.254.145.1:63104.
DEBUG: Waiting for clean shutdown... DEBUG: Inbound stream from 169.254.145.9:5336 finished cleanly.
DEBUG: Inbound stream from DEBUG: Outbound stream to 169.254.145.9:5336 has been fully acknowledged.
169.254.145.1:63104 finished cleanly.
DEBUG: TCP connection finished uncleanlyDEBUG: TCP connection finished cleanly.
done.
ERROR: c57c36fb7344faba85c0c33c6db4137c2094ed1ebc17c1c0614f94179c0ea693 neq aea82903bd26a583e5d4b66667ff3220fd9bf5d002e4509a292c5ac87167512d or 

        Start 113: t_icR_16_1
106/159 Test #113: t_icR_16_1 .......................***Failed    0.26 sec
DEBUG: Listening for incoming connection... DEBUG: Connecting to 169.254.145.9:21583... done.
DEBUG: Outbound stream to 169.254.145.9:21583 finished (1 byte still in flight).
new connection from 169.254.145.1:11790.
DEBUG: Waiting for clean shutdown... DEBUG: Inbound stream from 169.254.145.9:21583 finished cleanly.
DEBUG: Outbound stream to 169.254.145.1:11790 finished (1 byte still in flight).
DEBUG: Waiting for clean shutdown... DEBUG: Inbound stream from 169.254.145.1:11790 finished cleanly.
DEBUG: Outbound stream to 169.254.145.1:11790 has been fully acknowledged.
DEBUG: TCP connection finished cleanly.
done.
DEBUG: Outbound stream to 169.254.145.9:21583 has been fully acknowledged.
DEBUG: TCP connection finished cleanly.
done.
ERROR: 40d379c94bd5d3ff494dcb3e42261be3d7e641289aa444198a79f96c3000f6d5 neq b41a653b9e70b6b868fd68b28131e92c7afb387723ac8aeab243ec7f5f66a71d or 

        Start 114: t_icR_32K_d
107/159 Test #114: t_icR_32K_d ......................***Failed    0.45 sec
DEBUG: Listening for incoming connection... DEBUG: Connecting to 169.254.145.9:20796... done.
DEBUG: Outbound stream to 169.254.145.9:20796 finished (1 byte still in flight).
new connection from 169.254.145.1:6051.
DEBUG: Waiting for clean shutdown... DEBUG: Inbound stream from 169.254.145.9:20796 finished cleanly.
DEBUG: Inbound stream from DEBUG: Outbound stream to 169.254.145.9:20796 has been fully acknowledged.
169.254.145.1:6051 finished cleanly.
DEBUG: Outbound stream to 169.254.145.1:6051 finished (1001 bytes still in flight).
DEBUG: Waiting for clean shutdown... DEBUG: TCP connection finished cleanly.
done.
DEBUG: TCP connection finished cleanly.
done.
ERROR: 19a5ec4d16424deeaafa1e90b4c8bc52654c1e2e816d3db324ff545964dad9b4 neq ac4061e988184044f40017508aea2bbc4af3ba3095dda0aaa3323e44122b1eb9 or 

        Start 115: t_icD_1M_32k
108/159 Test #115: t_icD_1M_32k .....................***Timeout  10.02 sec
DEBUG: Listening for incoming connection... DEBUG: Connecting to 169.254.145.9:7579... done.
new connection from 169.254.145.1:5586.
DEBUG: Inbound stream from 169.254.145.1:5586 finished cleanly.
DEBUG: Inbound stream from 169.254.145.9:7579 finished cleanly.

        Start 116: t_icD_128K_8K
109/159 Test #116: t_icD_128K_8K ....................***Timeout  10.02 sec
DEBUG: Listening for incoming connection... DEBUG: Connecting to 169.254.145.9:4705... done.
new connection from 169.254.145.1:20002.
DEBUG: Inbound stream from DEBUG: Inbound stream from 169.254.145.1:20002 finished cleanly.
169.254.145.9:4705 finished cleanly.
DEBUG: Waiting for clean shutdown... DEBUG: Waiting for clean shutdown... DEBUG: TCP connection finished uncleanlydone.

        Start 117: t_icD_16_1
110/159 Test #117: t_icD_16_1 .......................***Failed    0.31 sec
DEBUG: Listening for incoming connection... DEBUG: Connecting to 169.254.145.9:20429... done.
new connection from 169.254.145.1:38911.
DEBUG: Outbound stream to 169.254.145.9:20429 finished (1 byte still in flight).
DEBUG: Waiting for clean shutdown... DEBUG: Inbound stream from 169.254.145.9:20429 finished cleanly.
DEBUG: Outbound stream to 169.254.145.1:38911 finished (1 byte still in flight).
DEBUG: Waiting for clean shutdown... DEBUG: Inbound stream from 169.254.145.1:38911 finished cleanly.
DEBUG: Outbound stream to 169.254.145.1:38911 has been fully acknowledged.
DEBUG: TCP connection finished cleanly.
done.
DEBUG: TCP connection finished cleanly.
done.
ERROR: 257874d928874ba45ee0a6bbbfbc424c637c614e356ca45af7ec6e27f55f4300 neq 5a6f8e64d1733dcc13f586169309a413f65019cd85177f9efc6922e07bf177e1 or 0f18ca6c337bc97175c03ce46897a4468937831a0a5f6e133b72a868a1018c48

        Start 118: t_icD_32K_d
111/159 Test #118: t_icD_32K_d ......................***Failed    0.35 sec
DEBUG: Listening for incoming connection... DEBUG: Connecting to 169.254.145.9:4907... done.
new connection from 169.254.145.1:26001.
DEBUG: Outbound stream to 169.254.145.1:26001 finished (32769 bytes still in flight).
DEBUG: Waiting for clean shutdown... DEBUG: Inbound stream from 169.254.145.1:26001 finished cleanly.
DEBUG: Outbound stream to 169.254.145.9:4907 finished (32769 bytes still in flight).
DEBUG: TCP connection finished uncleanlydone.
DEBUG: Waiting for clean shutdown... DEBUG: Inbound stream from 169.254.145.9:4907 finished cleanly.
DEBUG: TCP connection finished cleanly.
done.
ERROR: bcf012261f3999e0dac79ec5c76ebac8793b91fcc363e5e10ceac8ee927c617e neq 2b48ec5db7b7bceadafd1d3a94c9c08a3fb8d20ab3e9e2bc38816ffad093f123 or c0bf9fa949e7ce28f7c982fc131d98e763086c151e6d734cccf81ca2af5776ac

        Start 119: t_isS_1M_32k
112/159 Test #119: t_isS_1M_32k .....................***Timeout  10.01 sec
DEBUG: Listening for incoming connection... DEBUG: Connecting to 169.254.144.9:19929... done.
DEBUG: Outbound stream to 169.254.144.9:19929 finished (1 byte still in flight).
new connection from 169.254.144.1:27509.
DEBUG: Waiting for clean shutdown... DEBUG: Inbound stream from 169.254.144.9:19929 finished cleanly.
DEBUG: Inbound stream from DEBUG: Outbound stream to 169.254.144.9:19929 has been fully acknowledged.
169.254.144.1:27509 finished cleanly.
DEBUG: TCP connection finished cleanly.
done.

        Start 120: t_isS_128K_8K
113/159 Test #120: t_isS_128K_8K ....................***Failed    0.31 sec
DEBUG: Listening for incoming connection... DEBUG: Connecting to 169.254.144.9:10871... done.
DEBUG: Outbound stream to 169.254.144.9:10871 finished (1 byte still in flight).
new connection from 169.254.144.1:34832.
DEBUG: Waiting for clean shutdown... DEBUG: Inbound stream from 169.254.144.9:10871 finished cleanly.
DEBUG: Inbound stream from 169.254.144.1:34832 finished cleanly.
DEBUG: Outbound stream to 169.254.144.9:10871 has been fully acknowledged.
DEBUG: TCP connection finished uncleanlyDEBUG: TCP connection finished cleanly.
done.
ERROR: 1ae2b818243155952ff7f7fb6221feee3ec2182e7a158cfec5f5e3b9cf37276f neq 39ac6d1f1f672e4e44955bb3844e3b2cbf29ea9902c4efa2c98dba25b623118f or 

        Start 121: t_isS_16_1
114/159 Test #121: t_isS_16_1 .......................***Failed    0.26 sec
DEBUG: Listening for incoming connection... DEBUG: Connecting to 169.254.144.9:30107... done.
DEBUG: Outbound stream to 169.254.144.9:30107 finished (1 byte still in flight).
new connection from 169.254.144.1:47844.
DEBUG: Waiting for clean shutdown... DEBUG: Inbound stream from 169.254.144.9:30107 finished cleanly.
DEBUG: Outbound stream to 169.254.144.1:47844 finished (1 byte still in flight).
DEBUG: Waiting for clean shutdown... DEBUG: Inbound stream from 169.254.144.1:47844 finished cleanly.
DEBUG: Outbound stream to 169.254.144.1:47844 has been fully acknowledged.
DEBUG: TCP connection finished cleanly.
done.
DEBUG: Outbound stream to 169.254.144.9:30107 has been fully acknowledged.
DEBUG: TCP connection finished cleanly.
done.
ERROR: 6ed185b82d74e74f9c91a0032c8dd4fa564411318b0a500c8b5adaa14e7711a7 neq 4ad8274f4e185479f6c0669335b100cf68f21c67847e52d14782ce8e20051b03 or 

        Start 122: t_isS_32K_d
115/159 Test #122: t_isS_32K_d ......................***Failed    0.43 sec
DEBUG: Listening for incoming connection... DEBUG: Connecting to 169.254.144.9:28079... done.
DEBUG: Outbound stream to 169.254.144.9:28079 finished (1 byte still in flight).
new connection from 169.254.144.1:16157.
DEBUG: Waiting for clean shutdown... DEBUG: Inbound stream from 169.254.144.9:28079 finished cleanly.
DEBUG: Inbound stream from 169.254.144.1:16157 finished cleanly.
DEBUG: Outbound stream to 169.254.144.9:28079 has been fully acknowledged.
DEBUG: Outbound stream to 169.254.144.1:16157 finished (1001 bytes still in flight).
DEBUG: Waiting for clean shutdown... DEBUG: TCP connection finished cleanly.
done.
DEBUG: TCP connection finished cleanly.
done.
ERROR: e6ebde7a3207991309c76622af0cf5b1c0cfd0e486a85f3dce2e76ca9902bcf2 neq 6e9e6a39bd804c69c18af011f1318645962ebf0677ea991543c8c82a63dc688c or 

        Start 123: t_isR_1M_32k
116/159 Test #123: t_isR_1M_32k .....................***Timeout  10.02 sec
DEBUG: Listening for incoming connection... DEBUG: Connecting to 169.254.144.9:11143... done.
new connection from 169.254.144.1:5553.
DEBUG: Outbound stream to 169.254.144.1:5553 finished (1 byte still in flight).
DEBUG: Waiting for clean shutdown... DEBUG: Inbound stream from 169.254.144.1:5553 finished cleanly.
DEBUG: Inbound stream from 169.254.144.9:11143 finished cleanly.
DEBUG: Outbound stream to 169.254.144.1:5553 has been fully acknowledged.
DEBUG: TCP connection finished cleanly.
done.

        Start 124: t_isR_128K_8K
117/159 Test #124: t_isR_128K_8K ....................***Timeout  10.02 sec
DEBUG: Listening for incoming connection... DEBUG: Connecting to 169.254.144.9:1108... done.
new connection from 169.254.144.1:51761.
DEBUG: Outbound stream to 169.254.144.1:51761 finished (1 byte still in flight).
DEBUG: Waiting for clean shutdown... DEBUG: Inbound stream from 169.254.144.1:51761 finished cleanly.
DEBUG: Inbound stream from 169.254.144.9:1108 finished cleanly.
DEBUG: Outbound stream to 169.254.144.1:51761 has been fully acknowledged.
DEBUG: TCP connection finished cleanly.
done.
DEBUG: Waiting for clean shutdown... 

        Start 125: t_isR_16_1
118/159 Test #125: t_isR_16_1 .......................***Failed    0.28 sec
DEBUG: Listening for incoming connection... DEBUG: Connecting to 169.254.144.9:18542... done.
new connection from 169.254.144.1:57051.
DEBUG: Outbound stream to 169.254.144.9:18542 finished (1 byte still in flight).
DEBUG: Outbound stream to 169.254.144.1:57051 finished (1 byte still in flight).
DEBUG: Waiting for clean shutdown... DEBUG: Inbound stream from 169.254.144.9:18542 finished cleanly.
DEBUG: Waiting for clean shutdown... DEBUG: Inbound stream from 169.254.144.1:57051 finished cleanly.
DEBUG: Outbound stream to 169.254.144.1:57051 has been fully acknowledged.
DEBUG: TCP connection finished cleanly.
done.
DEBUG: TCP connection finished cleanly.
done.
ERROR: 4132cf5ae573a9f38729a50227fad54800df325e7f8ab7c13c31561e4068172e neq 6816281908cc4ce28f6b9128e3d78d3887c09fdc185df840be49cefa3d2ee9df or 

        Start 126: t_isR_32K_d
119/159 Test #126: t_isR_32K_d ......................***Failed    0.29 sec
DEBUG: Listening for incoming connection... DEBUG: Connecting to 169.254.144.9:29622... done.
new connection from 169.254.144.1:34418.
DEBUG: Outbound stream to 169.254.144.1:34418 finished (1 byte still in flight).
DEBUG: Waiting for clean shutdown... DEBUG: Inbound stream from 169.254.144.1:34418 finished cleanly.
DEBUG: Outbound stream to DEBUG: Outbound stream to 169.254.144.9:29622 finished (1001 bytes still in flight).
DEBUG: Waiting for clean shutdown... DEBUG: Inbound stream from 169.254.144.9:29622 finished cleanly.
169.254.144.1:34418 has been fully acknowledged.
DEBUG: TCP connection finished cleanly.
done.
DEBUG: TCP connection finished cleanly.
done.
ERROR: 218d8010bb51db5ca6e0288292e10c61495c73f1283e2521c41317bae80688dc neq f1bdb47caf48876110fc78a31a5376f8a35e2434b6ddaf44995c97cd53affcdf or 

        Start 127: t_isD_1M_32k
120/159 Test #127: t_isD_1M_32k .....................***Timeout  10.02 sec
DEBUG: Listening for incoming connection... DEBUG: Connecting to 169.254.144.9:23377... done.
new connection from 169.254.144.1:4399.
DEBUG: Inbound stream from DEBUG: Inbound stream from 169.254.144.1:4399 finished cleanly.
169.254.144.9:23377 finished cleanly.

        Start 128: t_isD_128K_8K
121/159 Test #128: t_isD_128K_8K ....................***Timeout  10.03 sec
DEBUG: Listening for incoming connection... DEBUG: Connecting to 169.254.144.9:2005... done.
new connection from 169.254.144.1:11141.
DEBUG: Inbound stream from DEBUG: Inbound stream from 169.254.144.1:11141 finished cleanly.
169.254.144.9:2005 finished cleanly.
DEBUG: Waiting for clean shutdown... DEBUG: Waiting for clean shutdown... 

        Start 129: t_isD_16_1
122/159 Test #129: t_isD_16_1 .......................***Failed    0.29 sec
DEBUG: Listening for incoming connection... DEBUG: Connecting to 169.254.144.9:22420... done.
new connection from 169.254.144.1:49046.
DEBUG: Outbound stream to 169.254.144.9:22420 finished (1 byte still in flight).
DEBUG: Waiting for clean shutdown... DEBUG: Inbound stream from 169.254.144.9:22420 finished cleanly.
DEBUG: Outbound stream to 169.254.144.1:49046 finished (1 byte still in flight).
DEBUG: Waiting for clean shutdown... DEBUG: Inbound stream from 169.254.144.1:49046 finished cleanly.
DEBUG: Outbound stream to 169.254.144.1:49046 has been fully acknowledged.
DEBUG: TCP connection finished cleanly.
done.
DEBUG: TCP connection finished cleanly.
done.
ERROR: 33db92fd94fc8f6767dd6e3639dc0cd25616a9059e2c6ab96a12dea9c582e5d8 neq 5c6f5d08c37c2848ed822d51b56aa778424688bc472524f31663ec0eac61653f or 4165f718cb33a6f676bec386e526787d1fa2fa14a36b59bc68cde98a440761f1

        Start 130: t_isD_32K_d
123/159 Test #130: t_isD_32K_d ......................***Failed    0.44 sec
DEBUG: Listening for incoming connection... DEBUG: Connecting to 169.254.144.9:27678... done.
new connection from 169.254.144.1:33882.
DEBUG: Inbound stream from 169.254.144.1:33882 finished cleanly.
DEBUG: Outbound stream to DEBUG: Waiting for clean shutdown... 169.254.144.9:27678 finished (1001 bytes still in flight).
DEBUG: Waiting for clean shutdown... DEBUG: Inbound stream from 169.254.144.9:27678 finished cleanly.
DEBUG: Outbound stream to 169.254.144.1:33882 finished (32769 bytes still in flight).
DEBUG: TCP connection finished cleanly.
done.
DEBUG: TCP connection finished cleanly.
done.
ERROR: b3a7752259fcae6107514b84d9885eb31cc27fcc67d0000f9b550b6531c702d3 neq a70361d4ce1ac65171aae3b5e514de18bc5f8fd24d3a56f81f52e1eebdb52556 or cdaccdfdd2ac30e37c167571c1616bbbdb7f2c85887bf2a01504733f4f3cf44b

        Start 131: t_icS_128K_8K_l
124/159 Test #131: t_icS_128K_8K_l ..................***Timeout  10.01 sec
DEBUG: Listening for incoming connection... DEBUG: Connecting to 169.254.145.9:28902... done.
new connection from 169.254.145.1:51545.
DEBUG: Outbound stream to 169.254.145.1:51545 finished (1 byte still in flight).
DEBUG: Waiting for clean shutdown... DEBUG: Inbound stream from 169.254.145.1:51545 finished cleanly.
DEBUG: Inbound stream from 169.254.145.9:28902 finished cleanly.
DEBUG: Outbound stream to 169.254.145.1:51545 has been fully acknowledged.
DEBUG: TCP connection finished cleanly.
done.
DEBUG: Waiting for clean shutdown... 

        Start 132: t_icS_128K_8K_L
125/159 Test #132: t_icS_128K_8K_L ..................***Timeout  10.01 sec
DEBUG: Listening for incoming connection... DEBUG: Connecting to 169.254.145.9:32258... done.
new connection from 169.254.145.1:53618.
DEBUG: Outbound stream to 169.254.145.1:53618 finished (1 byte still in flight).
DEBUG: Waiting for clean shutdown... DEBUG: Inbound stream from 169.254.145.1:53618 finished cleanly.
DEBUG: Inbound stream from 169.254.145.9:32258 finished cleanly.
DEBUG: Outbound stream to 169.254.145.1:53618 has been fully acknowledged.
DEBUG: TCP connection finished cleanly.
done.
DEBUG: Waiting for clean shutdown... 

        Start 133: t_icS_128K_8K_lL
126/159 Test #133: t_icS_128K_8K_lL .................***Timeout  10.02 sec
DEBUG: Listening for incoming connection... DEBUG: Connecting to 169.254.145.9:4980... 

        Start 134: t_icR_128K_8K_l
127/159 Test #134: t_icR_128K_8K_l ..................***Failed    0.36 sec
DEBUG: Listening for incoming connection... DEBUG: Connecting to 169.254.145.9:25914... done.
DEBUG: Outbound stream to 169.254.145.9:25914 finished (1 byte still in flight).
new connection from 169.254.145.1:35993.
DEBUG: Waiting for clean shutdown... DEBUG: Inbound stream from 169.254.145.9:25914 finished cleanly.
DEBUG: Inbound stream from DEBUG: Outbound stream to 169.254.145.9:25914 has been fully acknowledged.
169.254.145.1:35993 finished cleanly.
DEBUG: Waiting for clean shutdown... DEBUG: Outbound stream to 169.254.145.1:35993 finished (90112 bytes still in flight).
DEBUG: TCP connection finished uncleanlydone.
DEBUG: TCP connection finished cleanly.
done.
ERROR: 9c602c1452ee01814acf2dfc9370b419c3e54c91e32752066a7837884f0b5d82 neq a2c1dcc3f1347f22b9052f86c4951bde552a756ccd5b4e13c7315a77bff9ad65 or 

        Start 135: t_icR_128K_8K_L
128/159 Test #135: t_icR_128K_8K_L ..................***Failed    0.30 sec
DEBUG: Listening for incoming connection... DEBUG: Connecting to 169.254.145.9:10383... done.
DEBUG: Outbound stream to 169.254.145.9:10383 finished (1 byte still in flight).
new connection from 169.254.145.1:785.
DEBUG: Waiting for clean shutdown... DEBUG: Inbound stream from 169.254.145.9:10383 finished cleanly.
DEBUG: Inbound stream from DEBUG: Outbound stream to 169.254.145.9:10383 has been fully acknowledged.
169.254.145.1:785 finished cleanly.
DEBUG: TCP connection finished uncleanlyDEBUG: TCP connection finished cleanly.
done.
ERROR: f542b589f01b6a8bb44844a1dd3da001aad0563cd3879f4768032ef9fdfb65e5 neq fc4015c2ad2b258460775c01a947f5fbc78cd2a0bcf77224cc9fdbe992891e76 or 

        Start 136: t_icR_128K_8K_lL
129/159 Test #136: t_icR_128K_8K_lL .................***Failed    0.32 sec
DEBUG: Listening for incoming connection... DEBUG: Connecting to 169.254.145.9:15229... done.
DEBUG: Outbound stream to 169.254.145.9:15229 finished (1 byte still in flight).
new connection from 169.254.145.1:36088.
DEBUG: Waiting for clean shutdown... DEBUG: Inbound stream from 169.254.145.9:15229 finished cleanly.
DEBUG: Inbound stream from DEBUG: Outbound stream to 169.254.145.9:15229 has been fully acknowledged.
169.254.145.1:36088 finished cleanly.
DEBUG: TCP connection finished uncleanlyDEBUG: TCP connection finished cleanly.
done.
ERROR: 83485e1e8b3faddb24e9206a9d826c77accc926da181c368ecdf82cda7e586af neq b326ac6b210c992eff813674e1087373dc6feabe76f0c026699ba34fd0a70300 or 

        Start 137: t_icD_128K_8K_l
130/159 Test #137: t_icD_128K_8K_l ..................***Timeout  10.03 sec
DEBUG: Listening for incoming connection... DEBUG: Connecting to 169.254.145.9:25690... done.
new connection from 169.254.145.1:24270.
DEBUG: Inbound stream from 169.254.145.1:24270 finished cleanly.
DEBUG: Inbound stream from 169.254.145.9:25690 finished cleanly.
DEBUG: Waiting for clean shutdown... DEBUG: Waiting for clean shutdown... 

        Start 138: t_icD_128K_8K_L
131/159 Test #138: t_icD_128K_8K_L ..................***Timeout  10.03 sec
DEBUG: Listening for incoming connection... DEBUG: Connecting to 169.254.145.9:18533... done.
new connection from 169.254.145.1:15103.
DEBUG: Inbound stream from DEBUG: Inbound stream from 169.254.145.1:15103 finished cleanly.
169.254.145.9:18533 finished cleanly.
DEBUG: Waiting for clean shutdown... DEBUG: Waiting for clean shutdown... 

        Start 139: t_icD_128K_8K_lL
132/159 Test #139: t_icD_128K_8K_lL .................***Timeout  10.02 sec
DEBUG: Listening for incoming connection... DEBUG: Connecting to 169.254.145.9:19469... done.
new connection from 169.254.145.1:44746.
DEBUG: Inbound stream from DEBUG: Inbound stream from 169.254.145.1:44746 finished cleanly.
169.254.145.9:19469 finished cleanly.
DEBUG: TCP connection finished uncleanlyDEBUG: Waiting for clean shutdown... 

        Start 140: t_isS_128K_8K_l
133/159 Test #140: t_isS_128K_8K_l ..................***Failed    0.35 sec
DEBUG: Listening for incoming connection... DEBUG: Connecting to 169.254.144.9:29801... done.
DEBUG: Outbound stream to 169.254.144.9:29801 finished (1 byte still in flight).
new connection from 169.254.144.1:14092.
DEBUG: Waiting for clean shutdown... DEBUG: Inbound stream from 169.254.144.9:29801 finished cleanly.
DEBUG: Inbound stream from DEBUG: Outbound stream to 169.254.144.1:14092 finished cleanly.
169.254.144.9:29801 has been fully acknowledged.
DEBUG: TCP connection finished uncleanlyDEBUG: TCP connection finished cleanly.
done.
ERROR: 6e15f24d478388a80d6300b615b2af7eb4726a8bd0013300e639205af27d059a neq 55960295efe444428ac1e29fb9fc7f3d4e9418f9fc08ff86b779eb6ad546385d or 

        Start 141: t_isS_128K_8K_L
134/159 Test #141: t_isS_128K_8K_L ..................***Failed    0.31 sec
DEBUG: Listening for incoming connection... DEBUG: Connecting to 169.254.144.9:11382... done.
DEBUG: Outbound stream to 169.254.144.9:11382 finished (1 byte still in flight).
new connection from 169.254.144.1:58120.
DEBUG: Waiting for clean shutdown... DEBUG: Inbound stream from 169.254.144.9:11382 finished cleanly.
DEBUG: Inbound stream from DEBUG: Outbound stream to 169.254.144.1:58120 finished cleanly.
169.254.144.9:11382 has been fully acknowledged.
DEBUG: TCP connection finished uncleanlyDEBUG: TCP connection finished cleanly.
done.
ERROR: d5a6d23a864f9d6d0de6c02f953b94c44884e65845545cbe22b1d95adb59c37b neq 54e5a346b5d26e1b9d3cfc3ffd9eb75ec0c3b8e117b96f5093a78123f189b3be or 

        Start 142: t_isS_128K_8K_lL
135/159 Test #142: t_isS_128K_8K_lL .................***Failed    0.30 sec
DEBUG: Listening for incoming connection... DEBUG: Connecting to 169.254.144.9:7440... done.
DEBUG: Outbound stream to 169.254.144.9:7440 finished (1 byte still in flight).
new connection from 169.254.144.1:27413.
DEBUG: Waiting for clean shutdown... DEBUG: Inbound stream from 169.254.144.9:7440 finished cleanly.
DEBUG: Inbound stream from DEBUG: Outbound stream to 169.254.144.9:7440 has been fully acknowledged.
169.254.144.1:27413 finished cleanly.
DEBUG: TCP connection finished uncleanlyDEBUG: TCP connection finished cleanly.
done.
ERROR: 26d6b84151cb9e3cb580a21b7e59a5b7194a3356459016cb83cbe2ab693a43ae neq 5327c64b35c32221201c9c462880ba547280bcb76ddc1bb84bd930ceaf86a7a1 or 

        Start 143: t_isR_128K_8K_l
136/159 Test #143: t_isR_128K_8K_l ..................***Timeout  10.01 sec
DEBUG: Listening for incoming connection... DEBUG: Connecting to 169.254.144.9:3604... done.
new connection from 169.254.144.1:23755.
DEBUG: Outbound stream to 169.254.144.1:23755 finished (1 byte still in flight).
DEBUG: Waiting for clean shutdown... DEBUG: Inbound stream from DEBUG: Inbound stream from 169.254.144.1:23755 finished cleanly.
169.254.144.9:3604 finished cleanly.
DEBUG: Outbound stream to 169.254.144.1:23755 has been fully acknowledged.
DEBUG: TCP connection finished cleanly.
done.
DEBUG: Waiting for clean shutdown... 

        Start 144: t_isR_128K_8K_L
137/159 Test #144: t_isR_128K_8K_L ..................***Timeout  10.02 sec
DEBUG: Listening for incoming connection... DEBUG: Connecting to 169.254.144.9:28087... done.
new connection from 169.254.144.1:5862.
DEBUG: Outbound stream to 169.254.144.1:5862 finished (1 byte still in flight).
DEBUG: Waiting for clean shutdown... DEBUG: Inbound stream from 169.254.144.1:5862 finished cleanly.
DEBUG: Inbound stream from 169.254.144.9:28087 finished cleanly.
DEBUG: Outbound stream to 169.254.144.1:5862 has been fully acknowledged.
DEBUG: TCP connection finished cleanly.
done.
DEBUG: Waiting for clean shutdown... 

        Start 145: t_isR_128K_8K_lL
138/159 Test #145: t_isR_128K_8K_lL .................***Timeout  10.02 sec
DEBUG: Listening for incoming connection... DEBUG: Connecting to 169.254.144.9:26643... done.
new connection from 169.254.144.1:38480.
DEBUG: Outbound stream to 169.254.144.1:38480 finished (1 byte still in flight).
DEBUG: Waiting for clean shutdown... DEBUG: Inbound stream from 169.254.144.1:38480 finished cleanly.
DEBUG: Inbound stream from 169.254.144.9:26643 finished cleanly.
DEBUG: TCP connection finished uncleanlydone.
DEBUG: Waiting for clean shutdown... 

        Start 146: t_isD_128K_8K_l
139/159 Test #146: t_isD_128K_8K_l ..................***Timeout  10.01 sec
DEBUG: Listening for incoming connection... DEBUG: Connecting to 169.254.144.9:30530... done.
new connection from 169.254.144.1:36403.
DEBUG: Inbound stream from DEBUG: Inbound stream from 169.254.144.1:36403 finished cleanly.
169.254.144.9:30530 finished cleanly.
DEBUG: Waiting for clean shutdown... DEBUG: Waiting for clean shutdown... DEBUG: Outbound stream to 169.254.144.1:36403 finished (90112 bytes still in flight).
DEBUG: TCP connection finished uncleanlydone.

        Start 147: t_isD_128K_8K_L
140/159 Test #147: t_isD_128K_8K_L ..................***Timeout  10.01 sec
DEBUG: Listening for incoming connection... DEBUG: Connecting to 169.254.144.9:2278... 

        Start 148: t_isD_128K_8K_lL
141/159 Test #148: t_isD_128K_8K_lL .................***Timeout  10.03 sec
DEBUG: Listening for incoming connection... DEBUG: Connecting to 169.254.144.9:1199... done.
new connection from 169.254.144.1:58993.
DEBUG: Inbound stream from 169.254.144.9:1199 finished cleanly.
DEBUG: Inbound stream from 169.254.144.1:58993 finished cleanly.
DEBUG: Waiting for clean shutdown... DEBUG: Waiting for clean shutdown... 

        Start 149: t_icnS_128K_8K_l
142/159 Test #149: t_icnS_128K_8K_l .................***Timeout  10.01 sec
DEBUG: Connecting to 169.254.144.1:13920... done.
DEBUG: Inbound stream from 169.254.144.1:13920 finished cleanly.
DEBUG: Waiting for clean shutdown... 

        Start 150: t_icnS_128K_8K_L
143/159 Test #150: t_icnS_128K_8K_L .................***Failed    0.21 sec
DEBUG: Connecting to 169.254.144.1:21936... done.
DEBUG: Inbound stream from 169.254.144.1:21936 finished cleanly.
DEBUG: Waiting for clean shutdown... DEBUG: TCP connection finished uncleanlydone.
ERROR: a6965be13031f3f9925f25f0ff1046b874889ff8c4f2bfac71fee820c1471a5a neq e3b0c44298fc1c149afbf4c8996fb92427ae41e4649b934ca495991b7852b855 or 

        Start 151: t_icnS_128K_8K_lL
144/159 Test #151: t_icnS_128K_8K_lL ................***Timeout  10.01 sec
DEBUG: Connecting to 169.254.144.1:20866... done.
DEBUG: Inbound stream from 169.254.144.1:20866 finished cleanly.
DEBUG: Waiting for clean shutdown... 

        Start 152: t_icnR_128K_8K_l
145/159 Test #152: t_icnR_128K_8K_l .................***Timeout  10.01 sec
DEBUG: Connecting to 169.254.144.1:31082... done.
DEBUG: Outbound stream to 169.254.144.1:31082 finished (1 byte still in flight).
DEBUG: Outbound stream to 169.254.144.1:31082 has been fully acknowledged.

        Start 153: t_icnR_128K_8K_L
146/159 Test #153: t_icnR_128K_8K_L .................***Timeout  10.02 sec
DEBUG: Connecting to 169.254.144.1:21583... done.
DEBUG: Outbound stream to 169.254.144.1:21583 finished (1 byte still in flight).
DEBUG: Outbound stream to 169.254.144.1:21583 has been fully acknowledged.

        Start 154: t_icnR_128K_8K_lL
147/159 Test #154: t_icnR_128K_8K_lL ................***Timeout  10.02 sec
DEBUG: Connecting to 169.254.144.1:26151... done.
DEBUG: Outbound stream to 169.254.144.1:26151 finished (1 byte still in flight).
DEBUG: Outbound stream to 169.254.144.1:26151 has been fully acknowledged.

        Start 155: t_icnD_128K_8K_l
148/159 Test #155: t_icnD_128K_8K_l .................***Failed    0.24 sec
DEBUG: Connecting to 169.254.144.1:13554... done.
Exception: EventLoop: error on polled file descriptor
DEBUG: Outbound stream to 169.254.144.1:13554 finished (131073 bytes still in flight).
DEBUG: Waiting for clean shutdown... DEBUG: Inbound stream from 169.254.144.1:13554 finished with an error/reset.
DEBUG: TCP connection finished uncleanlydone.
ERROR: f934e917283dd899d2660a8a3c1c47be25c9182ccbcb995fea63f0541638df16 neq e3b0c44298fc1c149afbf4c8996fb92427ae41e4649b934ca495991b7852b855 or 99835008518bfd7fc1156c9aaf2841b7164d1c02f23d1c3d5a03375c914c1835

        Start 156: t_icnD_128K_8K_L
149/159 Test #156: t_icnD_128K_8K_L .................***Failed    0.25 sec
DEBUG: Connecting to 169.254.144.1:1122... done.
Exception: EventLoop: error on polled file descriptor
DEBUG: Outbound stream to 169.254.144.1:1122 finished (131073 bytes still in flight).
DEBUG: Waiting for clean shutdown... DEBUG: Inbound stream from 169.254.144.1:1122 finished with an error/reset.
DEBUG: TCP connection finished uncleanlydone.
ERROR: 540dc6bcded1c41c413b0ba9b58cf862c4317be0e5d3f528665c23d11a6c3de5 neq e3b0c44298fc1c149afbf4c8996fb92427ae41e4649b934ca495991b7852b855 or 1567c41ca617e8ce8316db15501b4ccc1d13010603ffecd847385854d2d65d90

        Start 157: t_icnD_128K_8K_lL
150/159 Test #157: t_icnD_128K_8K_lL ................***Failed    0.22 sec
DEBUG: Connecting to 169.254.144.1:7508... done.
Exception: EventLoop: error on polled file descriptor
DEBUG: Outbound stream to 169.254.144.1:7508 finished (131073 bytes still in flight).
DEBUG: Waiting for clean shutdown... DEBUG: Inbound stream from 169.254.144.1:7508 finished with an error/reset.
DEBUG: TCP connection finished uncleanlydone.
ERROR: eb2776b2859e038f1da7d45203e14b39513d32107ced5dfcac597b069057870e neq e3b0c44298fc1c149afbf4c8996fb92427ae41e4649b934ca495991b7852b855 or b1a08ee714edbe61cfde36148daf0f7998487ec37125846b7ae3c306a8879daf

        Start 158: t_isnS_128K_8K_l
151/159 Test #158: t_isnS_128K_8K_l .................***Timeout  10.02 sec
DEBUG: Listening for incoming connection... new connection from 169.254.144.1:58536.
DEBUG: Inbound stream from 169.254.144.1:58536 finished cleanly.
DEBUG: Waiting for clean shutdown... DEBUG: Outbound stream to 169.254.144.1:58536 finished (131073 bytes still in flight).

        Start 159: t_isnS_128K_8K_L
152/159 Test #159: t_isnS_128K_8K_L .................***Timeout  10.01 sec
DEBUG: Listening for incoming connection... new connection from 169.254.144.1:37344.
DEBUG: Inbound stream from 169.254.144.1:37344 finished cleanly.
DEBUG: Waiting for clean shutdown... 

        Start 160: t_isnS_128K_8K_lL
153/159 Test #160: t_isnS_128K_8K_lL ................***Timeout  10.01 sec
DEBUG: Listening for incoming connection... new connection from 169.254.144.1:40646.
DEBUG: Inbound stream from 169.254.144.1:40646 finished cleanly.
DEBUG: Waiting for clean shutdown... 

        Start 161: t_isnR_128K_8K_l
154/159 Test #161: t_isnR_128K_8K_l .................***Timeout  10.02 sec
DEBUG: Listening for incoming connection... new connection from 169.254.144.1:42688.
DEBUG: Outbound stream to 169.254.144.1:42688 finished (1 byte still in flight).
DEBUG: Outbound stream to 169.254.144.1:42688 has been fully acknowledged.

        Start 162: t_isnR_128K_8K_L
155/159 Test #162: t_isnR_128K_8K_L .................***Timeout  10.02 sec
DEBUG: Listening for incoming connection... new connection from 169.254.144.1:43316.
DEBUG: Outbound stream to 169.254.144.1:43316 finished (1 byte still in flight).
DEBUG: Outbound stream to 169.254.144.1:43316 has been fully acknowledged.

        Start 163: t_isnR_128K_8K_lL
156/159 Test #163: t_isnR_128K_8K_lL ................***Timeout  10.02 sec
DEBUG: Listening for incoming connection... new connection from 169.254.144.1:41398.
DEBUG: Outbound stream to 169.254.144.1:41398 finished (1 byte still in flight).
DEBUG: Outbound stream to 169.254.144.1:41398 has been fully acknowledged.

        Start 164: t_isnD_128K_8K_l
157/159 Test #164: t_isnD_128K_8K_l .................***Failed    0.22 sec
DEBUG: Listening for incoming connection... new connection from 169.254.144.1:49638.
Exception: EventLoop: error on polled file descriptor
Error in _rt_connect

        Start 165: t_isnD_128K_8K_L
158/159 Test #165: t_isnD_128K_8K_L .................***Failed    0.20 sec
DEBUG: Listening for incoming connection... new connection from 169.254.144.1:53834.
Exception: EventLoop: error on polled file descriptor
Error in _rt_connect

        Start 166: t_isnD_128K_8K_lL
159/159 Test #166: t_isnD_128K_8K_lL ................***Failed    0.19 sec
DEBUG: Listening for incoming connection... new connection from 169.254.144.1:57292.
Exception: EventLoop: error on polled file descriptor
Error in _rt_connect


24% tests passed, 121 tests failed out of 159

Total Test time (real) = 623.33 sec

The following tests FAILED:
	 34 - t_passive_close (Failed)
	 40 - t_connect (Failed)
	 42 - t_listen (Failed)
	 45 - t_retx (Failed)
	 46 - t_retx_win (Failed)
	 47 - t_loopback (Failed)
	 48 - t_loopback_win (Failed)
	 53 - t_udp_client_send (Failed)
	 54 - t_udp_server_send (Failed)
	 55 - t_udp_client_recv (Failed)
	 56 - t_udp_server_recv (Failed)
	 57 - t_udp_client_dupl (Failed)
	 58 - t_udp_server_dupl (Failed)
	 59 - t_ucS_1M_32k (Timeout)
	 60 - t_ucS_128K_8K (Timeout)
	 61 - t_ucS_16_1 (Failed)
	 62 - t_ucS_32K_d (Failed)
	 63 - t_ucR_1M_32k (Failed)
	 64 - t_ucR_128K_8K (Timeout)
	 65 - t_ucR_16_1 (Failed)
	 66 - t_ucR_32K_d (Failed)
	 67 - t_ucD_1M_32k (Timeout)
	 68 - t_ucD_128K_8K (Timeout)
	 69 - t_ucD_16_1 (Failed)
	 70 - t_ucD_32K_d (Failed)
	 71 - t_usS_1M_32k (Timeout)
	 72 - t_usS_128K_8K (Timeout)
	 73 - t_usS_16_1 (Failed)
	 74 - t_usS_32K_d (Failed)
	 75 - t_usR_1M_32k (Timeout)
	 76 - t_usR_128K_8K (Timeout)
	 77 - t_usR_16_1 (Failed)
	 78 - t_usR_32K_d (Failed)
	 79 - t_usD_1M_32k (Timeout)
	 80 - t_usD_128K_8K (Timeout)
	 81 - t_usD_16_1 (Failed)
	 82 - t_usD_32K_d (Failed)
	 83 - t_ucS_128K_8K_l (Timeout)
	 84 - t_ucS_128K_8K_L (Timeout)
	 85 - t_ucS_128K_8K_lL (Timeout)
	 86 - t_ucR_128K_8K_l (Failed)
	 87 - t_ucR_128K_8K_L (Timeout)
	 88 - t_ucR_128K_8K_lL (Timeout)
	 89 - t_ucD_128K_8K_l (Timeout)
	 90 - t_ucD_128K_8K_L (Timeout)
	 91 - t_ucD_128K_8K_lL (Timeout)
	 92 - t_usS_128K_8K_l (Timeout)
	 93 - t_usS_128K_8K_L (Failed)
	 94 - t_usS_128K_8K_lL (Failed)
	 95 - t_usR_128K_8K_l (Timeout)
	 96 - t_usR_128K_8K_L (Timeout)
	 97 - t_usR_128K_8K_lL (Timeout)
	 98 - t_usD_128K_8K_l (Timeout)
	 99 - t_usD_128K_8K_L (Timeout)
	100 - t_usD_128K_8K_lL (Timeout)
	101 - t_ipv4_client_send (Failed)
	102 - t_ipv4_server_send (Failed)
	103 - t_ipv4_client_recv (Failed)
	104 - t_ipv4_server_recv (Failed)
	105 - t_ipv4_client_dupl (Failed)
	106 - t_ipv4_server_dupl (Failed)
	107 - t_icS_1M_32k (Timeout)
	108 - t_icS_128K_8K (Timeout)
	109 - t_icS_16_1 (Failed)
	110 - t_icS_32K_d (Failed)
	111 - t_icR_1M_32k (Failed)
	112 - t_icR_128K_8K (Failed)
	113 - t_icR_16_1 (Failed)
	114 - t_icR_32K_d (Failed)
	115 - t_icD_1M_32k (Timeout)
	116 - t_icD_128K_8K (Timeout)
	117 - t_icD_16_1 (Failed)
	118 - t_icD_32K_d (Failed)
	119 - t_isS_1M_32k (Timeout)
	120 - t_isS_128K_8K (Failed)
	121 - t_isS_16_1 (Failed)
	122 - t_isS_32K_d (Failed)
	123 - t_isR_1M_32k (Timeout)
	124 - t_isR_128K_8K (Timeout)
	125 - t_isR_16_1 (Failed)
	126 - t_isR_32K_d (Failed)
	127 - t_isD_1M_32k (Timeout)
	128 - t_isD_128K_8K (Timeout)
	129 - t_isD_16_1 (Failed)
	130 - t_isD_32K_d (Failed)
	131 - t_icS_128K_8K_l (Timeout)
	132 - t_icS_128K_8K_L (Timeout)
	133 - t_icS_128K_8K_lL (Timeout)
	134 - t_icR_128K_8K_l (Failed)
	135 - t_icR_128K_8K_L (Failed)
	136 - t_icR_128K_8K_lL (Failed)
	137 - t_icD_128K_8K_l (Timeout)
	138 - t_icD_128K_8K_L (Timeout)
	139 - t_icD_128K_8K_lL (Timeout)
	140 - t_isS_128K_8K_l (Failed)
	141 - t_isS_128K_8K_L (Failed)
	142 - t_isS_128K_8K_lL (Failed)
	143 - t_isR_128K_8K_l (Timeout)
	144 - t_isR_128K_8K_L (Timeout)
	145 - t_isR_128K_8K_lL (Timeout)
	146 - t_isD_128K_8K_l (Timeout)
	147 - t_isD_128K_8K_L (Timeout)
	148 - t_isD_128K_8K_lL (Timeout)
	149 - t_icnS_128K_8K_l (Timeout)
	150 - t_icnS_128K_8K_L (Failed)
	151 - t_icnS_128K_8K_lL (Timeout)
	152 - t_icnR_128K_8K_l (Timeout)
	153 - t_icnR_128K_8K_L (Timeout)
	154 - t_icnR_128K_8K_lL (Timeout)
	155 - t_icnD_128K_8K_l (Failed)
	156 - t_icnD_128K_8K_L (Failed)
	157 - t_icnD_128K_8K_lL (Failed)
	158 - t_isnS_128K_8K_l (Timeout)
	159 - t_isnS_128K_8K_L (Timeout)
	160 - t_isnS_128K_8K_lL (Timeout)
	161 - t_isnR_128K_8K_l (Timeout)
	162 - t_isnR_128K_8K_L (Timeout)
	163 - t_isnR_128K_8K_lL (Timeout)
	164 - t_isnD_128K_8K_l (Failed)
	165 - t_isnD_128K_8K_L (Failed)
	166 - t_isnD_128K_8K_lL (Failed)
Errors while running CTest
CMakeFiles/check_lab4.dir/build.make:57: recipe for target 'CMakeFiles/check_lab4' failed
make[3]: *** [CMakeFiles/check_lab4] Error 8
CMakeFiles/Makefile2:131: recipe for target 'CMakeFiles/check_lab4.dir/all' failed
make[2]: *** [CMakeFiles/check_lab4.dir/all] Error 2
CMakeFiles/Makefile2:138: recipe for target 'CMakeFiles/check_lab4.dir/rule' failed
make[1]: *** [CMakeFiles/check_lab4.dir/rule] Error 2
Makefile:155: recipe for target 'check_lab4' failed
make: *** [check_lab4] Error 2
