[100%] Testing the TCP connection...
Test project /mnt/i/DIY/CS144/sponge/build
        Start   1: t_wrapping_ints_cmp
  1/159 Test   #1: t_wrapping_ints_cmp ..............   Passed    0.01 sec
        Start   2: t_wrapping_ints_unwrap
  2/159 Test   #2: t_wrapping_ints_unwrap ...........   Passed    0.01 sec
        Start   3: t_wrapping_ints_wrap
  3/159 Test   #3: t_wrapping_ints_wrap .............   Passed    0.01 sec
        Start   4: t_recv_connect
  4/159 Test   #4: t_recv_connect ...................   Passed    0.05 sec
        Start   5: t_recv_transmit
  5/159 Test   #5: t_recv_transmit ..................   Passed    0.33 sec
        Start   6: t_recv_window
  6/159 Test   #6: t_recv_window ....................   Passed    0.04 sec
        Start   7: t_recv_reorder
  7/159 Test   #7: t_recv_reorder ...................   Passed    0.04 sec
        Start   8: t_recv_close
  8/159 Test   #8: t_recv_close .....................   Passed    0.04 sec
        Start   9: t_send_connect
  9/159 Test   #9: t_send_connect ...................   Passed    0.05 sec
        Start  10: t_send_transmit
 10/159 Test  #10: t_send_transmit ..................   Passed    0.33 sec
        Start  11: t_send_retx
 11/159 Test  #11: t_send_retx ......................   Passed    0.06 sec
        Start  12: t_send_window
 12/159 Test  #12: t_send_window ....................   Passed    0.21 sec
        Start  13: t_send_ack
 13/159 Test  #13: t_send_ack .......................   Passed    0.05 sec
        Start  14: t_send_close
 14/159 Test  #14: t_send_close .....................   Passed    0.05 sec
        Start  15: t_strm_reassem_single
 15/159 Test  #15: t_strm_reassem_single ............   Passed    0.02 sec
        Start  16: t_strm_reassem_seq
 16/159 Test  #16: t_strm_reassem_seq ...............   Passed    0.03 sec
        Start  17: t_strm_reassem_dup
 17/159 Test  #17: t_strm_reassem_dup ...............   Passed    0.04 sec
        Start  18: t_strm_reassem_holes
 18/159 Test  #18: t_strm_reassem_holes .............   Passed    0.02 sec
        Start  19: t_strm_reassem_many
 19/159 Test  #19: t_strm_reassem_many ..............   Passed    7.16 sec
        Start  20: t_strm_reassem_overlapping
 20/159 Test  #20: t_strm_reassem_overlapping .......   Passed    0.02 sec
        Start  21: t_strm_reassem_win
 21/159 Test  #21: t_strm_reassem_win ...............   Passed    9.55 sec
        Start  22: t_strm_reassem_cap
 22/159 Test  #22: t_strm_reassem_cap ...............   Passed    0.69 sec
        Start  23: t_byte_stream_construction
 23/159 Test  #23: t_byte_stream_construction .......   Passed    0.02 sec
        Start  24: t_byte_stream_one_write
 24/159 Test  #24: t_byte_stream_one_write ..........   Passed    0.02 sec
        Start  25: t_byte_stream_two_writes
 25/159 Test  #25: t_byte_stream_two_writes .........   Passed    0.02 sec
        Start  26: t_byte_stream_capacity
 26/159 Test  #26: t_byte_stream_capacity ...........   Passed    4.73 sec
        Start  27: t_byte_stream_many_writes
 27/159 Test  #27: t_byte_stream_many_writes ........   Passed    0.08 sec
        Start  28: t_webget
 28/159 Test  #28: t_webget .........................   Passed    1.58 sec
        Start  31: t_tcp_parser
 29/159 Test  #31: t_tcp_parser .....................   Passed    0.19 sec
        Start  32: t_ipv4_parser
 30/159 Test  #32: t_ipv4_parser ....................   Passed    0.14 sec
        Start  33: t_active_close
 31/159 Test  #33: t_active_close ...................***Failed    0.10 sec
TCP source port: 0
TCP dest port: 0
TCP seqno: 2
TCP ackno: 2
TCP doff: 5
Flags: urg: false ack: true psh: false rst: false syn: false fin: false
TCP winsize: fa00
TCP cksum: 0
TCP uptr: 0

TCP source port: 0
TCP dest port: 0
TCP seqno: 1
TCP ackno: 2
TCP doff: 5
Flags: urg: false ack: true psh: false rst: false syn: false fin: true
TCP winsize: fa00
TCP cksum: 0
TCP uptr: 0

Test Failure on expectation:
	Expectation: TCP in state sender=`stream finished and fully acknowledged`, receiver=`input to stream has ended`, active=1, linger_after_streams_finish=1

Failure message:
	The TCP was in state `sender=`stream finished and fully acknowledged`, receiver=`input to stream has ended`, active=0, linger_after_streams_finish=0`, but it was expected to be in state `sender=`stream finished and fully acknowledged`, receiver=`input to stream has ended`, active=1, linger_after_streams_finish=1`

List of steps that executed successfully:
	Action:      connect
	Expectation: exactly one segment sent with (A=0,R=0,S=1,F=0,seqno=0,payload_size=0,)
	Action:      packet arrives: Header(flags=SA,seqno=0,ack=1,win=137) with no payload
	Expectation: exactly one segment sent with (A=1,R=0,S=0,F=0,ackno=1,payload_size=0,)
	Action:      close
	Expectation: exactly one segment sent with (A=1,R=0,S=0,F=1,ackno=1,seqno=1,)
	Action:      packet arrives: Header(flags=AF,seqno=1,ack=1,win=137) with no payload
	Expectation: exactly one segment sent with (A=1,R=0,S=0,F=0,ackno=2,)
	Action:      4000ms pass
	Expectation: exactly one segment sent with (F=1,)
	Expectation: TCP in state sender=`stream finished (FIN sent) but not fully acknowledged`, receiver=`input to stream has ended`, active=1, linger_after_streams_finish=1
	Action:      packet arrives: Header(flags=A,seqno=2,ack=2,win=137) with no payload
	Expectation: no (more) segments sent
	Expectation: TCP in state sender=`stream finished and fully acknowledged`, receiver=`input to stream has ended`, active=1, linger_after_streams_finish=1
	Action:      9999ms pass

The TCP was in state `sender=`stream finished and fully acknowledged`, receiver=`input to stream has ended`, active=0, linger_after_streams_finish=0`, but it was expected to be in state `sender=`stream finished and fully acknowledged`, receiver=`input to stream has ended`, active=1, linger_after_streams_finish=1`

        Start  34: t_passive_close
 32/159 Test  #34: t_passive_close ..................***Failed    0.06 sec
Test Failure on expectation:
	Expectation: exactly one segment sent with (A=1,R=0,S=0,F=0,ackno=2,)

Failure message:
	The TCP should have produced a segment that existed, but it did not

List of steps that executed successfully:
	Action:      connect
	Expectation: exactly one segment sent with (A=0,R=0,S=1,F=0,seqno=0,payload_size=0,)
	Action:      packet arrives: Header(flags=SA,seqno=0,ack=1,win=137) with no payload
	Expectation: exactly one segment sent with (A=1,R=0,S=0,F=0,ackno=1,payload_size=0,)
	Action:      packet arrives: Header(flags=AF,seqno=1,ack=1,win=137) with no payload

Warning: Unclean shutdown of TCPConnection
The TCP should have produced a segment that existed, but it did not

        Start  36: t_ack_rst
 33/159 Test  #36: t_ack_rst ........................***Failed    0.04 sec
Test 1
Test Failure on expectation:
	Expectation: TCP has 0 unassembled bytes

Failure message:
	The TCP has `unassembled_bytes = 1`, but unassembled_bytes was expected to be `0`

List of steps that executed successfully:
	Action:      connect
	Expectation: exactly one segment sent with (A=0,R=0,S=1,F=0,seqno=2147483647,payload_size=0,)
	Action:      packet arrives: Header(flags=SA,seqno=2147483647,ack=2147483648,win=137) with no payload
	Expectation: exactly one segment sent with (A=1,R=0,S=0,F=0,ackno=2147483648,payload_size=0,)
	Action:      packet arrives: Header(flags=A,seqno=2147483648,ack=2147483648,win=137) with no payload
	Expectation: no (more) segments sent
	Action:      packet arrives: Header(flags=A,seqno=2147483648,ack=2147483647,win=137) with no payload
	Expectation: no (more) segments sent
	Action:      packet arrives: Header(flags=A,seqno=2147483647,ack=2147483648,win=137) with 1 data bytes "<1>"

Note:
	test 1 failed: seg queued on early seqno

Warning: Unclean shutdown of TCPConnection
The TCP has `unassembled_bytes = 1`, but unassembled_bytes was expected to be `0`

        Start  38: t_ack_rst_win
 34/159 Test  #38: t_ack_rst_win ....................***Failed    0.06 sec
Test Failure on expectation:
	Expectation: TCP has 0 unassembled bytes

Failure message:
	The TCP has `unassembled_bytes = 1`, but unassembled_bytes was expected to be `0`

List of steps that executed successfully:
	Action:      connect
	Expectation: exactly one segment sent with (A=0,R=0,S=1,F=0,seqno=2147483647,payload_size=0,)
	Action:      packet arrives: Header(flags=SA,seqno=2147483647,ack=2147483648,win=137) with no payload
	Expectation: exactly one segment sent with (A=1,R=0,S=0,F=0,ackno=2147483648,payload_size=0,)
	Action:      packet arrives: Header(flags=A,seqno=2147483648,ack=2147483648,win=137) with no payload
	Expectation: no (more) segments sent
	Action:      packet arrives: Header(flags=A,seqno=2147483648,ack=2147483647,win=137) with no payload
	Expectation: no (more) segments sent
	Action:      packet arrives: Header(flags=A,seqno=2147483647,ack=2147483648,win=137) with 1 data bytes "<1>"

Note:
	test 1 failed: seg queued on early seqno

Warning: Unclean shutdown of TCPConnection
The TCP has `unassembled_bytes = 1`, but unassembled_bytes was expected to be `0`

        Start  40: t_connect
 35/159 Test  #40: t_connect ........................   Passed    0.06 sec
        Start  42: t_listen
 36/159 Test  #42: t_listen .........................   Passed    0.06 sec
        Start  43: t_winsize
 37/159 Test  #43: t_winsize ........................***Failed    0.07 sec
Test Failure on expectation:
	Action:      write (118475 bytes with 118475 accepted) [e0, 3c, 94, d9, 1, 57, 55, c4, 90, 1f, f6, 5, 41, c5, ad, 9f, ...]

Failure message:
	118475 bytes should have been written but 0 were

List of steps that executed successfully:
	Action:      listen
	Action:      packet arrives: Header(flags=S,seqno=4136916726,ack=0,win=137) with no payload
	Expectation: exactly one segment sent with (A=1,ackno=4136916727,win=19182,)
	Action:      packet arrives: Header(flags=A,seqno=4136916727,ack=3220012964,win=23695) with no payload
	Expectation: no (more) segments sent
	Expectation: TCP in state sender=`stream ongoing`, receiver=`SYN received (ackno exists), and input to stream hasn't ended`, active=1, linger_after_streams_finish=1

Warning: Unclean shutdown of TCPConnection
118475 bytes should have been written but 0 were

        Start  45: t_retx
 38/159 Test  #45: t_retx ...........................***Failed    0.04 sec
  check_segment
Test Failure on expectation:
	Expectation: segment sent with (A=1,payload_size=4,data="asdf",)

Failure message:
	The TCP should have produced a segment that existed, but it did not

List of steps that executed successfully:
	Action:      connect
	Expectation: exactly one segment sent with (A=0,R=0,S=1,F=0,seqno=1209056967,payload_size=0,)
	Action:      packet arrives: Header(flags=SA,seqno=1209056967,ack=1209056968,win=137) with no payload
	Expectation: exactly one segment sent with (A=1,R=0,S=0,F=0,ackno=1209056968,payload_size=0,)
	Action:      write (4 bytes) [61, 73, 64, 66]
	Action:      1ms pass

Warning: Unclean shutdown of TCPConnection
The TCP should have produced a segment that existed, but it did not (in check_segment called from line 36)

        Start  46: t_retx_win
 39/159 Test  #46: t_retx_win .......................***Failed    0.04 sec
Test Failure on expectation:
	Expectation: segment sent

Failure message:
	The TCP should have produces a segment, but did not

List of steps that executed successfully:
	Action:      connect
	Expectation: exactly one segment sent with (A=0,R=0,S=1,F=0,seqno=4240113000,payload_size=0,)
	Action:      packet arrives: Header(flags=SA,seqno=4240113000,ack=4240113001,win=137) with no payload
	Expectation: exactly one segment sent with (A=1,R=0,S=0,F=0,ackno=4240113001,payload_size=0,)
	Action:      write (4 bytes) [61, 73, 64, 66]
	Action:      1ms pass
	Action:      20ms pass
	Action:      write (4 bytes) [71, 77, 65, 72]
	Action:      1ms pass

Note:
	test 2 failed: cannot read after write()s

Warning: Unclean shutdown of TCPConnection
The TCP should have produces a segment, but did not

        Start  47: t_loopback
 40/159 Test  #47: t_loopback .......................***Failed    0.04 sec
Test Failure on expectation:
	Expectation: TCP has 6019 bytes in flight

Failure message:
	The TCP has `bytes_in_flight = 0`, but bytes_in_flight was expected to be `6019`

List of steps that executed successfully:
	Action:      connect
	Expectation: exactly one segment sent with (A=0,R=0,S=1,F=0,seqno=760925099,payload_size=0,)
	Action:      packet arrives: Header(flags=SA,seqno=760925099,ack=760925100,win=137) with no payload
	Expectation: exactly one segment sent with (A=1,R=0,S=0,F=0,ackno=760925100,payload_size=0,)
	Action:      packet arrives: Header(flags=A,seqno=760925100,ack=760925100,win=65000) with no payload
	Action:      write (6019 bytes) [ce, 8b, 6b, a0, 43, b5, a7, d8, ef, 7e, 89, 49, d8, f1, 8e, 7, ...]
	Action:      1ms pass

Warning: Unclean shutdown of TCPConnection
The TCP has `bytes_in_flight = 0`, but bytes_in_flight was expected to be `6019`

        Start  48: t_loopback_win
 41/159 Test  #48: t_loopback_win ...................***Failed    0.06 sec
Test Failure on expectation:
	Expectation: segment sent

Failure message:
	The TCP should have produces a segment, but did not

List of steps that executed successfully:
	Action:      connect
	Expectation: exactly one segment sent with (A=0,R=0,S=1,F=0,seqno=1879803909,payload_size=0,)
	Action:      packet arrives: Header(flags=SA,seqno=1879803909,ack=1879803910,win=137) with no payload
	Expectation: exactly one segment sent with (A=1,R=0,S=0,F=0,ackno=1879803910,payload_size=0,)
	Action:      packet arrives: Header(flags=A,seqno=1879803910,ack=1879803910,win=65000) with no payload
	Action:      write (7798 bytes) [4f, eb, 28, ef, 44, c1, 64, 9d, 87, 2d, ce, 5a, e7, d4, 64, f4, ...]
	Action:      1ms pass

Note:
	test 2 failed: cannot read after write()

Warning: Unclean shutdown of TCPConnection
The TCP should have produces a segment, but did not

        Start  49: t_reorder
 42/159 Test  #49: t_reorder ........................***Failed    0.06 sec
Test Failure on expectation:
	segment sent with (A=1,)
Failure message:
	The TCP should have produced a segment that existed, but it did not

List of steps that executed successfully:
	Action:      connect
	Expectation: exactly one segment sent with (A=0,R=0,S=1,F=0,seqno=3256382230,payload_size=0,)
	Action:      packet arrives: Header(flags=SA,seqno=692970388,ack=3256382231,win=137) with no payload
	Expectation: exactly one segment sent with (A=1,R=0,S=0,F=0,ackno=692970389,payload_size=0,)
	Action:      packet arrives: Header(flags=A,seqno=692996232,ack=3256382231,win=137) with 120 data bytes "<29><28><230><177><29>m<250>N<209>;J<206><11><213>Y<250>..."

Note:
	test 1 failed: no ACK for datagram

Warning: Unclean shutdown of TCPConnection
The TCP should have produced a segment that existed, but it did not

        Start  50: t_address_dt
 43/159 Test  #50: t_address_dt .....................   Passed    0.05 sec
        Start  51: t_parser_dt
 44/159 Test  #51: t_parser_dt ......................   Passed    0.02 sec
        Start  52: t_socket_dt
 45/159 Test  #52: t_socket_dt ......................   Passed    0.03 sec
        Start  53: t_udp_client_send
 46/159 Test  #53: t_udp_client_send ................***Failed    0.16 sec
DEBUG: Listening for incoming connection... DEBUG: Connecting to 169.254.144.1:12058... done.
new connection from 169.254.144.1:40009.
DEBUG: Outbound stream to 169.254.144.1:40009 finished (1 byte still in flight).
Exception in TCPConnection runner thread: TCPConnection::write() accepted less than advertised length
terminate called after throwing an instance of 'std::exception'
  what():  std::exception
/mnt/i/DIY/CS144/sponge/txrx.sh: line 110: 29188 Aborted                 $3 $4 ${SERVER_PORT} > "$1" < "$2"
Error in _rt_connect

        Start  54: t_udp_server_send
 47/159 Test  #54: t_udp_server_send ................***Failed    0.31 sec
DEBUG: Listening for incoming connection... DEBUG: Connecting to 169.254.144.1:16559... done.
new connection from 169.254.144.1:59132.
DEBUG: Outbound stream to 169.254.144.1:16559 finished (1 byte still in flight).
DEBUG: Inbound stream from 169.254.144.1:59132 finished cleanly.
DEBUG: Waiting for clean shutdown... Exception in TCPConnection runner thread: TCPConnection::write() accepted less than advertised length
terminate called after throwing an instance of 'std::exception'
  what():  std::exception
DEBUG: TCP connection finished cleanly.
DEBUG: Waiting for clean shutdown... done.
/mnt/i/DIY/CS144/sponge/txrx.sh: line 110: 29206 Aborted                 coproc COPROC $3 -l $4 ${SERVER_PORT} > "$1" < "$2"
ERROR: 1ce4e80ec35685dbdadd767405e4c5e1fcf29d9279d31beec1222a501165ac8a neq ccdf7b1793d85bf0438fd92e125de81872eece81cc7990e8a52bf0ab76f51be3 or 

        Start  55: t_udp_client_recv
 48/159 Test  #55: t_udp_client_recv ................***Failed    0.32 sec
DEBUG: Listening for incoming connection... DEBUG: Connecting to 169.254.144.1:12258... done.
new connection from 169.254.144.1:54899.
DEBUG: Outbound stream to 169.254.144.1:12258 finished (1 byte still in flight).
DEBUG: Inbound stream from 169.254.144.1:54899 finished cleanly.
DEBUG: Waiting for clean shutdown... Exception in TCPConnection runner thread: TCPConnection::write() accepted less than advertised length
terminate called after throwing an instance of 'std::exception'
  what():  std::exception
DEBUG: TCP connection finished cleanly.
DEBUG: Waiting for clean shutdown... done.
/mnt/i/DIY/CS144/sponge/txrx.sh: line 110: 29230 Aborted                 coproc COPROC $3 -l $4 ${SERVER_PORT} > "$1" < "$2"
ERROR: 94d34e7b57a7be2b5c2cc615ee955d61ac89c5e63e1b2a8c2df977c2bd86b473 neq e029208b2e0d3526961475e0066e576db1308488d535c78626e6092faf127a08 or 

        Start  56: t_udp_server_recv
 49/159 Test  #56: t_udp_server_recv ................***Failed    0.17 sec
DEBUG: Listening for incoming connection... DEBUG: Connecting to 169.254.144.1:1168... done.
new connection from 169.254.144.1:35290.
DEBUG: Outbound stream to 169.254.144.1:35290 finished (1 byte still in flight).
Exception in TCPConnection runner thread: TCPConnection::write() accepted less than advertised length
terminate called after throwing an instance of 'std::exception'
  what():  std::exception
/mnt/i/DIY/CS144/sponge/txrx.sh: line 110: 29253 Aborted                 $3 $4 ${SERVER_PORT} > "$1" < "$2"
Error in _rt_connect

        Start  57: t_udp_client_dupl
 50/159 Test  #57: t_udp_client_dupl ................***Failed    0.15 sec
DEBUG: Listening for incoming connection... DEBUG: Connecting to 169.254.144.1:33495... done.
new connection from 169.254.144.1:48969.
Exception in TCPConnection runner thread: TCPConnection::write() accepted less than advertised length
terminate called after throwing an instance of 'std::exception'
  what():  std::exception
/mnt/i/DIY/CS144/sponge/txrx.sh: line 110: 29272 Aborted                 $3 $4 ${SERVER_PORT} > "$1" < "$2"
Error in _rt_connect

        Start  58: t_udp_server_dupl
 51/159 Test  #58: t_udp_server_dupl ................***Failed    0.17 sec
DEBUG: Listening for incoming connection... DEBUG: Connecting to 169.254.144.1:6732... done.
new connection from 169.254.144.1:55601.
Exception in TCPConnection runner thread: TCPConnection::write() accepted less than advertised length
terminate called after throwing an instance of 'std::exception'
  what():  std::exception
Exception in TCPConnection runner thread: TCPConnection::write() accepted less than advertised length
terminate called after throwing an instance of 'std::exception'
  what():  std::exception
/mnt/i/DIY/CS144/sponge/txrx.sh: line 110: 29289 Aborted                 coproc COPROC $3 -l $4 ${SERVER_PORT} > "$1" < "$2"
/mnt/i/DIY/CS144/sponge/txrx.sh: line 110: 29291 Aborted                 $3 $4 ${SERVER_PORT} > "$1" < "$2"
Error in _rt_connect

        Start  59: t_ucS_1M_32k
 52/159 Test  #59: t_ucS_1M_32k .....................***Failed    0.24 sec
DEBUG: Listening for incoming connection... DEBUG: Connecting to 169.254.144.1:32669... done.
new connection from 169.254.144.1:38049.
DEBUG: Outbound stream to 169.254.144.1:38049 finished (1 byte still in flight).
DEBUG: Inbound stream from 169.254.144.1:32669 finished cleanly.
Exception in TCPConnection runner thread: TCPConnection::write() accepted less than advertised length
terminate called after throwing an instance of 'std::exception'
  what():  std::exception
/mnt/i/DIY/CS144/sponge/txrx.sh: line 110: 29311 Aborted                 $3 $4 ${SERVER_PORT} > "$1" < "$2"
Error in _rt_connect

        Start  60: t_ucS_128K_8K
 53/159 Test  #60: t_ucS_128K_8K ....................***Failed    0.18 sec
DEBUG: Listening for incoming connection... DEBUG: Connecting to 169.254.144.1:30470... done.
new connection from 169.254.144.1:36970.
DEBUG: Outbound stream to 169.254.144.1:36970 finished (1 byte still in flight).
DEBUG: Inbound stream from 169.254.144.1:30470 finished cleanly.
Exception in TCPConnection runner thread: TCPConnection::write() accepted less than advertised length
terminate called after throwing an instance of 'std::exception'
  what():  std::exception
/mnt/i/DIY/CS144/sponge/txrx.sh: line 110: 29331 Aborted                 $3 $4 ${SERVER_PORT} > "$1" < "$2"
Error in _rt_connect

        Start  61: t_ucS_16_1
 54/159 Test  #61: t_ucS_16_1 .......................***Failed    0.19 sec
DEBUG: Listening for incoming connection... DEBUG: Connecting to 169.254.144.1:25816... done.
new connection from 169.254.144.1:57576.
DEBUG: Outbound stream to 169.254.144.1:57576 finished (1 byte still in flight).
DEBUG: Inbound stream from 169.254.144.1:25816 finished cleanly.
DEBUG: Waiting for clean shutdown... Exception in TCPConnection runner thread: TCPConnection::write() accepted less than advertised length
terminate called after throwing an instance of 'std::exception'
  what():  std::exception
/mnt/i/DIY/CS144/sponge/txrx.sh: line 110: 29351 Aborted                 $3 $4 ${SERVER_PORT} > "$1" < "$2"
Error in _rt_connect

        Start  62: t_ucS_32K_d
 55/159 Test  #62: t_ucS_32K_d ......................***Failed    0.17 sec
DEBUG: Listening for incoming connection... DEBUG: Connecting to 169.254.144.1:8188... done.
new connection from 169.254.144.1:40507.
DEBUG: Outbound stream to 169.254.144.1:40507 finished (1 byte still in flight).
DEBUG: Inbound stream from 169.254.144.1:8188 finished cleanly.
DEBUG: Waiting for clean shutdown... Exception in TCPConnection runner thread: TCPConnection::write() accepted less than advertised length
terminate called after throwing an instance of 'std::exception'
  what():  std::exception
/mnt/i/DIY/CS144/sponge/txrx.sh: line 110: 29369 Aborted                 $3 $4 ${SERVER_PORT} > "$1" < "$2"
Error in _rt_connect

        Start  63: t_ucR_1M_32k
 56/159 Test  #63: t_ucR_1M_32k .....................***Failed    0.39 sec
DEBUG: Listening for incoming connection... DEBUG: Connecting to 169.254.144.1:18250... done.
new connection from 169.254.144.1:47668.
DEBUG: Outbound stream to 169.254.144.1:18250 finished (1 byte still in flight).
DEBUG: Inbound stream from 169.254.144.1:47668 finished cleanly.
Exception in TCPConnection runner thread: TCPConnection::write() accepted less than advertised length
terminate called after throwing an instance of 'std::exception'
  what():  std::exception
DEBUG: TCP connection finished cleanly.
DEBUG: Waiting for clean shutdown... done.
/mnt/i/DIY/CS144/sponge/txrx.sh: line 110: 29390 Aborted                 coproc COPROC $3 -l $4 ${SERVER_PORT} > "$1" < "$2"
ERROR: d5ddad21ec2a25f801f6ec44f86bb85859e2587cce3e5f67dc5db06a7950809f neq 3ba2a51f73e566e40c0d55c7f5c787944fd81374b38f1e03e43d8dc62baf34cd or 

        Start  64: t_ucR_128K_8K
 57/159 Test  #64: t_ucR_128K_8K ....................***Failed    0.37 sec
DEBUG: Listening for incoming connection... DEBUG: Connecting to 169.254.144.1:16958... done.
new connection from 169.254.144.1:55248.
DEBUG: Outbound stream to 169.254.144.1:16958 finished (1 byte still in flight).
DEBUG: Inbound stream from 169.254.144.1:55248 finished cleanly.
Exception in TCPConnection runner thread: TCPConnection::write() accepted less than advertised length
terminate called after throwing an instance of 'std::exception'
  what():  std::exception
DEBUG: TCP connection finished cleanly.
DEBUG: Waiting for clean shutdown... done.
/mnt/i/DIY/CS144/sponge/txrx.sh: line 110: 29413 Aborted                 coproc COPROC $3 -l $4 ${SERVER_PORT} > "$1" < "$2"
ERROR: 52026a81daa20c2ac5ec6691f6c503dfd734f4b5825d1880bd69728700e3b578 neq 7a8eaf3fc65ef32174c996407df169814b1fcda6d6cc4ffc2d8a54ce3de09cbb or 

        Start  65: t_ucR_16_1
 58/159 Test  #65: t_ucR_16_1 .......................***Failed    0.35 sec
DEBUG: Listening for incoming connection... DEBUG: Connecting to 169.254.144.1:18889... done.
new connection from 169.254.144.1:35856.
DEBUG: Outbound stream to 169.254.144.1:18889 finished (1 byte still in flight).
DEBUG: Inbound stream from 169.254.144.1:35856 finished cleanly.
DEBUG: Waiting for clean shutdown... Exception in TCPConnection runner thread: TCPConnection::write() accepted less than advertised length
terminate called after throwing an instance of 'std::exception'
  what():  std::exception
DEBUG: TCP connection finished cleanly.
DEBUG: Waiting for clean shutdown... done.
/mnt/i/DIY/CS144/sponge/txrx.sh: line 110: 29436 Aborted                 coproc COPROC $3 -l $4 ${SERVER_PORT} > "$1" < "$2"
ERROR: 575db7c302f4d0340b54aba9ef5589d0a607401453ce6564a317066fac9701ec neq a380bd6eeaf6952a3e7ace199036ff95efa6d6f34e755105adac7fc332bdcd31 or 

        Start  66: t_ucR_32K_d
 59/159 Test  #66: t_ucR_32K_d ......................***Failed    0.30 sec
DEBUG: Listening for incoming connection... DEBUG: Connecting to 169.254.144.1:12348... done.
new connection from 169.254.144.1:48408.
DEBUG: Outbound stream to 169.254.144.1:12348 finished (1 byte still in flight).
DEBUG: Inbound stream from 169.254.144.1:48408 finished cleanly.
DEBUG: Waiting for clean shutdown... Exception in TCPConnection runner thread: TCPConnection::write() accepted less than advertised length
terminate called after throwing an instance of 'std::exception'
  what():  std::exception
DEBUG: TCP connection finished cleanly.
DEBUG: Waiting for clean shutdown... done.
/mnt/i/DIY/CS144/sponge/txrx.sh: line 110: 29457 Aborted                 coproc COPROC $3 -l $4 ${SERVER_PORT} > "$1" < "$2"
ERROR: 402082bd8ac1d00c64e5456edff5704b50e290c8e2ce936c999156be594f2937 neq 5a80d6ae5c91eaa869646f33e30e2e4edb4d2eef8892eb0c0e57dec2d61349ad or 

        Start  67: t_ucD_1M_32k
 60/159 Test  #67: t_ucD_1M_32k .....................***Failed    0.26 sec
DEBUG: Listening for incoming connection... DEBUG: Connecting to 169.254.144.1:23446... done.
new connection from 169.254.144.1:38752.
Exception in TCPConnection runner thread: TCPConnection::write() accepted less than advertised length
terminate called after throwing an instance of 'std::exception'
  what():  std::exception
Exception in TCPConnection runner thread: TCPConnection::write() accepted less than advertised length
terminate called after throwing an instance of 'std::exception'
  what():  std::exception
/mnt/i/DIY/CS144/sponge/txrx.sh: line 110: 29481 Aborted                 coproc COPROC $3 -l $4 ${SERVER_PORT} > "$1" < "$2"
/mnt/i/DIY/CS144/sponge/txrx.sh: line 110: 29483 Aborted                 $3 $4 ${SERVER_PORT} > "$1" < "$2"
Error in _rt_connect

        Start  68: t_ucD_128K_8K
 61/159 Test  #68: t_ucD_128K_8K ....................***Failed    0.21 sec
DEBUG: Listening for incoming connection... DEBUG: Connecting to 169.254.144.1:30914... done.
new connection from 169.254.144.1:59285.
Exception in TCPConnection runner thread: TCPConnection::write() accepted less than advertised length
terminate called after throwing an instance of 'std::exception'
  what():  std::exception
/mnt/i/DIY/CS144/sponge/txrx.sh: line 110: 29504 Aborted                 $3 $4 ${SERVER_PORT} > "$1" < "$2"
Error in _rt_connect

        Start  69: t_ucD_16_1
 62/159 Test  #69: t_ucD_16_1 .......................***Failed    0.16 sec
DEBUG: Listening for incoming connection... DEBUG: Connecting to 169.254.144.1:19542... done.
new connection from 169.254.144.1:59294.
Exception in TCPConnection runner thread: TCPConnection::write() accepted less than advertised length
terminate called after throwing an instance of 'std::exception'
  what():  std::exception
/mnt/i/DIY/CS144/sponge/txrx.sh: line 110: 29528 Aborted                 $3 $4 ${SERVER_PORT} > "$1" < "$2"
Error in _rt_connect

        Start  70: t_ucD_32K_d
 63/159 Test  #70: t_ucD_32K_d ......................***Failed    0.19 sec
DEBUG: Listening for incoming connection... DEBUG: Connecting to 169.254.144.1:15192... done.
new connection from 169.254.144.1:58292.
Exception in TCPConnection runner thread: TCPConnection::write() accepted less than advertised length
terminate called after throwing an instance of 'std::exception'
  what():  std::exception
Exception in TCPConnection runner thread: TCPConnection::write() accepted less than advertised length
terminate called after throwing an instance of 'std::exception'
  what():  std::exception
/mnt/i/DIY/CS144/sponge/txrx.sh: line 110: 29545 Aborted                 coproc COPROC $3 -l $4 ${SERVER_PORT} > "$1" < "$2"
/mnt/i/DIY/CS144/sponge/txrx.sh: line 110: 29547 Aborted                 $3 $4 ${SERVER_PORT} > "$1" < "$2"
Error in _rt_connect

        Start  71: t_usS_1M_32k
 64/159 Test  #71: t_usS_1M_32k .....................***Failed    0.34 sec
DEBUG: Listening for incoming connection... DEBUG: Connecting to 169.254.144.1:8941... done.
new connection from 169.254.144.1:41499.
DEBUG: Outbound stream to 169.254.144.1:8941 finished (1 byte still in flight).
DEBUG: Inbound stream from 169.254.144.1:41499 finished cleanly.
Exception in TCPConnection runner thread: TCPConnection::write() accepted less than advertised length
terminate called after throwing an instance of 'std::exception'
  what():  std::exception
DEBUG: TCP connection finished cleanly.
DEBUG: Waiting for clean shutdown... done.
/mnt/i/DIY/CS144/sponge/txrx.sh: line 110: 29565 Aborted                 coproc COPROC $3 -l $4 ${SERVER_PORT} > "$1" < "$2"
ERROR: d61c6a0498885e6e85f550267e5c3a72ffc982785eb4760fd3572e29880828bb neq bcf219807b5ca7f55a148fba506141a2e769470ae0882343c64d8092ab15a96f or 

        Start  72: t_usS_128K_8K
 65/159 Test  #72: t_usS_128K_8K ....................***Failed    0.31 sec
DEBUG: Listening for incoming connection... DEBUG: Connecting to 169.254.144.1:19925... done.
new connection from 169.254.144.1:48057.
DEBUG: Outbound stream to 169.254.144.1:19925 finished (1 byte still in flight).
DEBUG: Inbound stream from 169.254.144.1:48057 finished cleanly.
Exception in TCPConnection runner thread: TCPConnection::write() accepted less than advertised length
terminate called after throwing an instance of 'std::exception'
  what():  std::exception
DEBUG: TCP connection finished cleanly.
DEBUG: Waiting for clean shutdown... done.
/mnt/i/DIY/CS144/sponge/txrx.sh: line 110: 29588 Aborted                 coproc COPROC $3 -l $4 ${SERVER_PORT} > "$1" < "$2"
ERROR: ecf4c528a932a5dc2bfbcd6a2e97f45697e97881eaf973a101a66ea4f79cae80 neq 4695fd8c0e11ca15b49ed350638e797c7965f22ebd431432f41d21618c4dcec4 or 

        Start  73: t_usS_16_1
 66/159 Test  #73: t_usS_16_1 .......................***Failed    0.30 sec
DEBUG: Listening for incoming connection... DEBUG: Connecting to 169.254.144.1:33271... done.
new connection from 169.254.144.1:38906.
DEBUG: Outbound stream to 169.254.144.1:33271 finished (1 byte still in flight).
DEBUG: Inbound stream from 169.254.144.1:38906 finished cleanly.
DEBUG: Waiting for clean shutdown... Exception in TCPConnection runner thread: TCPConnection::write() accepted less than advertised length
terminate called after throwing an instance of 'std::exception'
  what():  std::exception
DEBUG: TCP connection finished cleanly.
DEBUG: Waiting for clean shutdown... done.
/mnt/i/DIY/CS144/sponge/txrx.sh: line 110: 29611 Aborted                 coproc COPROC $3 -l $4 ${SERVER_PORT} > "$1" < "$2"
ERROR: 410a18d6425942e5de392d6d17c6d2ec8ea0f6b587b11156e1a4b6c320a4e9b5 neq ace585405647c1b67db7f43a3cdf5c5327dd0c763ecd567b46dd3e672ef07aa8 or 

        Start  74: t_usS_32K_d
 67/159 Test  #74: t_usS_32K_d ......................***Failed    0.30 sec
DEBUG: Listening for incoming connection... DEBUG: Connecting to 169.254.144.1:15562... done.
new connection from 169.254.144.1:33035.
DEBUG: Outbound stream to 169.254.144.1:15562 finished (1 byte still in flight).
DEBUG: Inbound stream from 169.254.144.1:33035 finished cleanly.
DEBUG: Waiting for clean shutdown... Exception in TCPConnection runner thread: TCPConnection::write() accepted less than advertised length
terminate called after throwing an instance of 'std::exception'
  what():  std::exception
DEBUG: TCP connection finished cleanly.
DEBUG: Waiting for clean shutdown... done.
/mnt/i/DIY/CS144/sponge/txrx.sh: line 110: 29632 Aborted                 coproc COPROC $3 -l $4 ${SERVER_PORT} > "$1" < "$2"
ERROR: 01618b92ef8e70c1e46524c655c703a0c3749011d2f401cdabd5133fa163ce9f neq e1fa7a8e59a05956ea86898fd8cebf2f633892321d97791af4d91d0cb2916699 or 

        Start  75: t_usR_1M_32k
 68/159 Test  #75: t_usR_1M_32k .....................***Failed    0.27 sec
DEBUG: Listening for incoming connection... DEBUG: Connecting to 169.254.144.1:32055... done.
new connection from 169.254.144.1:35259.
DEBUG: Outbound stream to 169.254.144.1:35259 finished (1 byte still in flight).
DEBUG: Inbound stream from 169.254.144.1:32055 finished cleanly.
Exception in TCPConnection runner thread: TCPConnection::write() accepted less than advertised length
terminate called after throwing an instance of 'std::exception'
  what():  std::exception
/mnt/i/DIY/CS144/sponge/txrx.sh: line 110: 29657 Aborted                 $3 $4 ${SERVER_PORT} > "$1" < "$2"
Error in _rt_connect

        Start  76: t_usR_128K_8K
 69/159 Test  #76: t_usR_128K_8K ....................***Failed    0.18 sec
DEBUG: Listening for incoming connection... DEBUG: Connecting to 169.254.144.1:18098... done.
new connection from 169.254.144.1:36618.
DEBUG: Outbound stream to 169.254.144.1:36618 finished (1 byte still in flight).
DEBUG: Inbound stream from 169.254.144.1:18098 finished cleanly.
Exception in TCPConnection runner thread: TCPConnection::write() accepted less than advertised length
terminate called after throwing an instance of 'std::exception'
  what():  std::exception
/mnt/i/DIY/CS144/sponge/txrx.sh: line 110: 29680 Aborted                 $3 $4 ${SERVER_PORT} > "$1" < "$2"
Error in _rt_connect

        Start  77: t_usR_16_1
 70/159 Test  #77: t_usR_16_1 .......................***Failed    0.20 sec
DEBUG: Listening for incoming connection... DEBUG: Connecting to 169.254.144.1:17713... done.
new connection from 169.254.144.1:46849.
DEBUG: Outbound stream to 169.254.144.1:46849 finished (1 byte still in flight).
Exception in TCPConnection runner thread: TCPConnection::write() accepted less than advertised length
terminate called after throwing an instance of 'std::exception'
  what():  std::exception
/mnt/i/DIY/CS144/sponge/txrx.sh: line 110: 29700 Aborted                 $3 $4 ${SERVER_PORT} > "$1" < "$2"
Error in _rt_connect

        Start  78: t_usR_32K_d
 71/159 Test  #78: t_usR_32K_d ......................***Failed    0.21 sec
DEBUG: Listening for incoming connection... DEBUG: Connecting to 169.254.144.1:4830... done.
new connection from 169.254.144.1:51781.
DEBUG: Outbound stream to 169.254.144.1:51781 finished (1 byte still in flight).
DEBUG: Inbound stream from 169.254.144.1:4830 finished cleanly.
DEBUG: Waiting for clean shutdown... Exception in TCPConnection runner thread: TCPConnection::write() accepted less than advertised length
terminate called after throwing an instance of 'std::exception'
  what():  std::exception
/mnt/i/DIY/CS144/sponge/txrx.sh: line 110: 29718 Aborted                 $3 $4 ${SERVER_PORT} > "$1" < "$2"
Error in _rt_connect

        Start  79: t_usD_1M_32k
 72/159 Test  #79: t_usD_1M_32k .....................***Failed    0.32 sec
DEBUG: Listening for incoming connection... DEBUG: Connecting to 169.254.144.1:15965... done.
new connection from 169.254.144.1:42241.
Exception in TCPConnection runner thread: TCPConnection::write() accepted less than advertised length
terminate called after throwing an instance of 'std::exception'
  what():  std::exception
/mnt/i/DIY/CS144/sponge/txrx.sh: line 110: 29739 Aborted                 $3 $4 ${SERVER_PORT} > "$1" < "$2"
Error in _rt_connect

        Start  80: t_usD_128K_8K
 73/159 Test  #80: t_usD_128K_8K ....................***Failed    0.20 sec
DEBUG: Listening for incoming connection... DEBUG: Connecting to 169.254.144.1:3671... done.
new connection from 169.254.144.1:43809.
Exception in TCPConnection runner thread: TCPConnection::write() accepted less than advertised length
terminate called after throwing an instance of 'std::exception'
  what():  std::exception
/mnt/i/DIY/CS144/sponge/txrx.sh: line 110: 29760 Aborted                 $3 $4 ${SERVER_PORT} > "$1" < "$2"
Error in _rt_connect

        Start  81: t_usD_16_1
 74/159 Test  #81: t_usD_16_1 .......................***Failed    0.20 sec
DEBUG: Listening for incoming connection... DEBUG: Connecting to 169.254.144.1:14936... done.
new connection from 169.254.144.1:60756.
Exception in TCPConnection runner thread: TCPConnection::write() accepted less than advertised length
terminate called after throwing an instance of 'std::exception'
  what():  std::exception
/mnt/i/DIY/CS144/sponge/txrx.sh: line 110: 29781 Aborted                 $3 $4 ${SERVER_PORT} > "$1" < "$2"
Error in _rt_connect

        Start  82: t_usD_32K_d
 75/159 Test  #82: t_usD_32K_d ......................***Failed    0.17 sec
DEBUG: Listening for incoming connection... DEBUG: Connecting to 169.254.144.1:1159... done.
new connection from 169.254.144.1:54694.
Exception in TCPConnection runner thread: TCPConnection::write() accepted less than advertised length
terminate called after throwing an instance of 'std::exception'
  what():  std::exception
/mnt/i/DIY/CS144/sponge/txrx.sh: line 110: 29800 Aborted                 $3 $4 ${SERVER_PORT} > "$1" < "$2"
Error in _rt_connect

        Start  83: t_ucS_128K_8K_l
 76/159 Test  #83: t_ucS_128K_8K_l ..................***Timeout  10.00 sec
DEBUG: Listening for incoming connection... DEBUG: Connecting to 169.254.144.1:16264... 

        Start  84: t_ucS_128K_8K_L
 77/159 Test  #84: t_ucS_128K_8K_L ..................***Failed    0.20 sec
DEBUG: Listening for incoming connection... DEBUG: Connecting to 169.254.144.1:16430... done.
new connection from 169.254.144.1:54554.
DEBUG: Outbound stream to 169.254.144.1:54554 finished (1 byte still in flight).
DEBUG: Inbound stream from 169.254.144.1:16430 finished cleanly.
Exception in TCPConnection runner thread: TCPConnection::write() accepted less than advertised length
terminate called after throwing an instance of 'std::exception'
  what():  std::exception
/mnt/i/DIY/CS144/sponge/txrx.sh: line 110: 29852 Aborted                 $3 $4 ${SERVER_PORT} > "$1" < "$2"
Error in _rt_connect

        Start  85: t_ucS_128K_8K_lL
 78/159 Test  #85: t_ucS_128K_8K_lL .................***Failed    0.20 sec
DEBUG: Listening for incoming connection... DEBUG: Connecting to 169.254.144.1:9687... done.
new connection from 169.254.144.1:51360.
DEBUG: Outbound stream to 169.254.144.1:51360 finished (1 byte still in flight).
DEBUG: Inbound stream from 169.254.144.1:9687 finished cleanly.
Exception in TCPConnection runner thread: TCPConnection::write() accepted less than advertised length
terminate called after throwing an instance of 'std::exception'
  what():  std::exception
/mnt/i/DIY/CS144/sponge/txrx.sh: line 110: 29872 Aborted                 $3 $4 ${SERVER_PORT} > "$1" < "$2"
Error in _rt_connect

        Start  86: t_ucR_128K_8K_l
 79/159 Test  #86: t_ucR_128K_8K_l ..................***Failed    0.30 sec
DEBUG: Listening for incoming connection... DEBUG: Connecting to 169.254.144.1:14971... done.
new connection from 169.254.144.1:44369.
DEBUG: Outbound stream to 169.254.144.1:14971 finished (1 byte still in flight).
DEBUG: Inbound stream from 169.254.144.1:44369 finished cleanly.
Exception in TCPConnection runner thread: TCPConnection::write() accepted less than advertised length
terminate called after throwing an instance of 'std::exception'
  what():  std::exception
DEBUG: TCP connection finished cleanly.
DEBUG: Waiting for clean shutdown... done.
/mnt/i/DIY/CS144/sponge/txrx.sh: line 110: 29893 Aborted                 coproc COPROC $3 -l $4 ${SERVER_PORT} > "$1" < "$2"
ERROR: b502b9153e65af328cec13c93fe04c415bb90008e0111c9edc7e8de96b5589cf neq 6ee93c559e113ff25812c4e669dcb8dba79f2136934fca55c2e480c8f665f605 or 

        Start  87: t_ucR_128K_8K_L
 80/159 Test  #87: t_ucR_128K_8K_L ..................***Failed    0.29 sec
DEBUG: Listening for incoming connection... DEBUG: Connecting to 169.254.144.1:21816... done.
new connection from 169.254.144.1:57767.
DEBUG: Outbound stream to 169.254.144.1:21816 finished (1 byte still in flight).
DEBUG: Inbound stream from 169.254.144.1:57767 finished cleanly.
Exception in TCPConnection runner thread: TCPConnection::write() accepted less than advertised length
terminate called after throwing an instance of 'std::exception'
  what():  std::exception
DEBUG: TCP connection finished cleanly.
DEBUG: Waiting for clean shutdown... done.
/mnt/i/DIY/CS144/sponge/txrx.sh: line 110: 29916 Aborted                 coproc COPROC $3 -l $4 ${SERVER_PORT} > "$1" < "$2"
ERROR: 71438b77ba11aae5eb18414794f9bb20d3e00a650c161958a6eb5ce8e08ab420 neq 214f2dbbd7140df13dc8366c739cc7d849c779efb51adae4da4a60f71446c44c or 

        Start  88: t_ucR_128K_8K_lL
 81/159 Test  #88: t_ucR_128K_8K_lL .................***Failed    0.29 sec
DEBUG: Listening for incoming connection... DEBUG: Connecting to 169.254.144.1:18674... done.
new connection from 169.254.144.1:48285.
DEBUG: Outbound stream to 169.254.144.1:18674 finished (1 byte still in flight).
DEBUG: Inbound stream from 169.254.144.1:48285 finished cleanly.
Exception in TCPConnection runner thread: TCPConnection::write() accepted less than advertised length
terminate called after throwing an instance of 'std::exception'
  what():  std::exception
DEBUG: TCP connection finished cleanly.
DEBUG: Waiting for clean shutdown... done.
/mnt/i/DIY/CS144/sponge/txrx.sh: line 110: 29939 Aborted                 coproc COPROC $3 -l $4 ${SERVER_PORT} > "$1" < "$2"
ERROR: d84cab031226de0fd8f62323f11ec2621241b5b00a2766b48122a002ef3616c3 neq 45c62267527f0f369f5e0d88033dd8dab7b629aa598623fb6c65a63ee583c7e7 or 

        Start  89: t_ucD_128K_8K_l
 82/159 Test  #89: t_ucD_128K_8K_l ..................***Failed    0.20 sec
DEBUG: Listening for incoming connection... DEBUG: Connecting to 169.254.144.1:8954... done.
new connection from 169.254.144.1:41886.
Exception in TCPConnection runner thread: TCPConnection::write() accepted less than advertised length
terminate called after throwing an instance of 'std::exception'
  what():  std::exception
/mnt/i/DIY/CS144/sponge/txrx.sh: line 110: 29965 Aborted                 $3 $4 ${SERVER_PORT} > "$1" < "$2"
Error in _rt_connect
Exception in TCPConnection runner thread: TCPConnection::write() accepted less than advertised length
terminate called after throwing an instance of 'std::exception'
  what():  std::exception
/mnt/i/DIY/CS144/sponge/txrx.sh: line 156: 29963 Aborted                 coproc COPROC $3 -l $4 ${SERVER_PORT} > "$1" < "$2"

        Start  90: t_ucD_128K_8K_L
 83/159 Test  #90: t_ucD_128K_8K_L ..................***Failed    0.19 sec
DEBUG: Listening for incoming connection... DEBUG: Connecting to 169.254.144.1:10148... done.
new connection from 169.254.144.1:47769.
Exception in TCPConnection runner thread: TCPConnection::write() accepted less than advertised length
terminate called after throwing an instance of 'std::exception'
  what():  std::exception
/mnt/i/DIY/CS144/sponge/txrx.sh: line 110: 29986 Aborted                 $3 $4 ${SERVER_PORT} > "$1" < "$2"
Error in _rt_connect

        Start  91: t_ucD_128K_8K_lL
 84/159 Test  #91: t_ucD_128K_8K_lL .................***Failed    0.20 sec
DEBUG: Listening for incoming connection... DEBUG: Connecting to 169.254.144.1:22450... done.
new connection from 169.254.144.1:50004.
Exception in TCPConnection runner thread: TCPConnection::write() accepted less than advertised length
terminate called after throwing an instance of 'std::exception'
  what():  std::exception
Exception in TCPConnection runner thread: TCPConnection::write() accepted less than advertised length
terminate called after throwing an instance of 'std::exception'
  what():  std::exception
/mnt/i/DIY/CS144/sponge/txrx.sh: line 110: 30007 Aborted                 $3 $4 ${SERVER_PORT} > "$1" < "$2"
Error in _rt_connect
/mnt/i/DIY/CS144/sponge/txrx.sh: line 156: 30005 Aborted                 coproc COPROC $3 -l $4 ${SERVER_PORT} > "$1" < "$2"

        Start  92: t_usS_128K_8K_l
 85/159 Test  #92: t_usS_128K_8K_l ..................***Failed    0.31 sec
DEBUG: Listening for incoming connection... DEBUG: Connecting to 169.254.144.1:25943... done.
new connection from 169.254.144.1:44996.
DEBUG: Outbound stream to 169.254.144.1:25943 finished (1 byte still in flight).
DEBUG: Inbound stream from 169.254.144.1:44996 finished cleanly.
Exception in TCPConnection runner thread: TCPConnection::write() accepted less than advertised length
terminate called after throwing an instance of 'std::exception'
  what():  std::exception
DEBUG: TCP connection finished cleanly.
DEBUG: Waiting for clean shutdown... done.
/mnt/i/DIY/CS144/sponge/txrx.sh: line 110: 30025 Aborted                 coproc COPROC $3 -l $4 ${SERVER_PORT} > "$1" < "$2"
ERROR: 0013fc3550c509e32184c878d6ed54888e82a0e756923f461155ff4f2b052b55 neq 746f5b7763b2df84a6d6e4e766e4fddc828cc3ce035bf795da3e9d45a06e220a or 

        Start  93: t_usS_128K_8K_L
 86/159 Test  #93: t_usS_128K_8K_L ..................***Failed    0.31 sec
DEBUG: Listening for incoming connection... DEBUG: Connecting to 169.254.144.1:21186... done.
new connection from 169.254.144.1:38803.
DEBUG: Outbound stream to 169.254.144.1:21186 finished (1 byte still in flight).
DEBUG: Inbound stream from 169.254.144.1:38803 finished cleanly.
Exception in TCPConnection runner thread: TCPConnection::write() accepted less than advertised length
terminate called after throwing an instance of 'std::exception'
  what():  std::exception
DEBUG: TCP connection finished cleanly.
DEBUG: Waiting for clean shutdown... done.
/mnt/i/DIY/CS144/sponge/txrx.sh: line 110: 30051 Aborted                 coproc COPROC $3 -l $4 ${SERVER_PORT} > "$1" < "$2"
ERROR: 14e1990880ccca9a175b04122657b56790e2ad24759bcf73910760069e036f38 neq 2d2829b0477a036d1159d8c8645f577069dd476bc7e20e58e50e8ece98616a89 or 

        Start  94: t_usS_128K_8K_lL
 87/159 Test  #94: t_usS_128K_8K_lL .................***Failed    0.31 sec
DEBUG: Listening for incoming connection... DEBUG: Connecting to 169.254.144.1:2997... done.
new connection from 169.254.144.1:48246.
DEBUG: Outbound stream to 169.254.144.1:2997 finished (1 byte still in flight).
DEBUG: Inbound stream from 169.254.144.1:48246 finished cleanly.
Exception in TCPConnection runner thread: TCPConnection::write() accepted less than advertised length
terminate called after throwing an instance of 'std::exception'
  what():  std::exception
DEBUG: TCP connection finished cleanly.
DEBUG: Waiting for clean shutdown... done.
/mnt/i/DIY/CS144/sponge/txrx.sh: line 110: 30074 Aborted                 coproc COPROC $3 -l $4 ${SERVER_PORT} > "$1" < "$2"
ERROR: 9a87e9e8ac65fd82c72bbaa99dbc63f8a2cd4f515b1ba2d3f970eca0dc588814 neq 48d2b6e0ce59dc2c1532d8de218f8a461d67c6b9d807f5f69017519c1877bc41 or 

        Start  95: t_usR_128K_8K_l
 88/159 Test  #95: t_usR_128K_8K_l ..................***Failed    0.18 sec
DEBUG: Listening for incoming connection... DEBUG: Connecting to 169.254.144.1:22138... done.
new connection from 169.254.144.1:60743.
DEBUG: Outbound stream to 169.254.144.1:60743 finished (1 byte still in flight).
DEBUG: Inbound stream from 169.254.144.1:22138 finished cleanly.
Exception in TCPConnection runner thread: TCPConnection::write() accepted less than advertised length
terminate called after throwing an instance of 'std::exception'
  what():  std::exception
/mnt/i/DIY/CS144/sponge/txrx.sh: line 110: 30099 Aborted                 $3 $4 ${SERVER_PORT} > "$1" < "$2"
Error in _rt_connect

        Start  96: t_usR_128K_8K_L
 89/159 Test  #96: t_usR_128K_8K_L ..................***Failed    0.19 sec
DEBUG: Listening for incoming connection... DEBUG: Connecting to 169.254.144.1:16422... done.
new connection from 169.254.144.1:43049.
DEBUG: Outbound stream to 169.254.144.1:43049 finished (1 byte still in flight).
DEBUG: Inbound stream from 169.254.144.1:16422 finished cleanly.
Exception in TCPConnection runner thread: TCPConnection::write() accepted less than advertised length
terminate called after throwing an instance of 'std::exception'
  what():  std::exception
/mnt/i/DIY/CS144/sponge/txrx.sh: line 110: 30119 Aborted                 $3 $4 ${SERVER_PORT} > "$1" < "$2"
Error in _rt_connect

        Start  97: t_usR_128K_8K_lL
 90/159 Test  #97: t_usR_128K_8K_lL .................***Failed    0.19 sec
DEBUG: Listening for incoming connection... DEBUG: Connecting to 169.254.144.1:14776... done.
new connection from 169.254.144.1:37348.
DEBUG: Outbound stream to 169.254.144.1:37348 finished (1 byte still in flight).
DEBUG: Inbound stream from 169.254.144.1:14776 finished cleanly.
Exception in TCPConnection runner thread: TCPConnection::write() accepted less than advertised length
terminate called after throwing an instance of 'std::exception'
  what():  std::exception
/mnt/i/DIY/CS144/sponge/txrx.sh: line 110: 30139 Aborted                 $3 $4 ${SERVER_PORT} > "$1" < "$2"
Error in _rt_connect

        Start  98: t_usD_128K_8K_l
 91/159 Test  #98: t_usD_128K_8K_l ..................***Failed    0.20 sec
DEBUG: Listening for incoming connection... DEBUG: Connecting to 169.254.144.1:6508... done.
new connection from 169.254.144.1:47476.
Exception in TCPConnection runner thread: TCPConnection::write() accepted less than advertised length
terminate called after throwing an instance of 'std::exception'
  what():  std::exception
/mnt/i/DIY/CS144/sponge/txrx.sh: line 110: 30160 Aborted                 $3 $4 ${SERVER_PORT} > "$1" < "$2"
Error in _rt_connect

        Start  99: t_usD_128K_8K_L
 92/159 Test  #99: t_usD_128K_8K_L ..................***Failed    0.22 sec
DEBUG: Listening for incoming connection... DEBUG: Connecting to 169.254.144.1:8735... done.
new connection from 169.254.144.1:50294.
Exception in TCPConnection runner thread: TCPConnection::write() accepted less than advertised length
terminate called after throwing an instance of 'std::exception'
  what():  std::exception
Exception in TCPConnection runner thread: TCPConnection::write() accepted less than advertised length
terminate called after throwing an instance of 'std::exception'
  what():  std::exception
/mnt/i/DIY/CS144/sponge/txrx.sh: line 110: 30179 Aborted                 coproc COPROC $3 -l $4 ${SERVER_PORT} > "$1" < "$2"
/mnt/i/DIY/CS144/sponge/txrx.sh: line 110: 30181 Aborted                 $3 $4 ${SERVER_PORT} > "$1" < "$2"
Error in _rt_connect

        Start 100: t_usD_128K_8K_lL
 93/159 Test #100: t_usD_128K_8K_lL .................***Failed    0.19 sec
DEBUG: Listening for incoming connection... DEBUG: Connecting to 169.254.144.1:26506... done.
new connection from 169.254.144.1:53901.
Exception in TCPConnection runner thread: TCPConnection::write() accepted less than advertised length
terminate called after throwing an instance of 'std::exception'
  what():  std::exception
Exception in TCPConnection runner thread: TCPConnection::write() accepted less than advertised length
terminate called after throwing an instance of 'std::exception'
  what():  std::exception
/mnt/i/DIY/CS144/sponge/txrx.sh: line 110: 30200 Aborted                 coproc COPROC $3 -l $4 ${SERVER_PORT} > "$1" < "$2"
/mnt/i/DIY/CS144/sponge/txrx.sh: line 110: 30205 Aborted                 $3 $4 ${SERVER_PORT} > "$1" < "$2"
Error in _rt_connect

        Start 101: t_ipv4_client_send
 94/159 Test #101: t_ipv4_client_send ...............***Failed    0.22 sec
DEBUG: Listening for incoming connection... DEBUG: Connecting to 169.254.145.9:32280... done.
new connection from 169.254.144.9:15747.
DEBUG: Outbound stream to 169.254.144.9:15747 finished (1 byte still in flight).
Exception in TCPConnection runner thread: TCPConnection::write() accepted less than advertised length
terminate called after throwing an instance of 'std::exception'
  what():  std::exception
/mnt/i/DIY/CS144/sponge/txrx.sh: line 110: 30223 Aborted                 $3 $4 ${SERVER_PORT} > "$1" < "$2"
Error in _rt_connect

        Start 102: t_ipv4_server_send
 95/159 Test #102: t_ipv4_server_send ...............***Failed    0.33 sec
DEBUG: Listening for incoming connection... DEBUG: Connecting to 169.254.144.9:5592... done.
DEBUG: Outbound stream to 169.254.144.9:5592 finished (1 byte still in flight).
new connection from 169.254.145.9:57846.
Exception in TCPConnection runner thread: TCPConnection::write() accepted less than advertised length
terminate called after throwing an instance of 'std::exception'
  what():  std::exception
DEBUG: TCP connection finished cleanly.
DEBUG: Waiting for clean shutdown... done.
/mnt/i/DIY/CS144/sponge/txrx.sh: line 110: 30239 Aborted                 coproc COPROC $3 -l $4 ${SERVER_PORT} > "$1" < "$2"
ERROR: c8b3000c7345dd15419744c682e73e44afab37ab44f9547bd3cb3268996cdb16 neq 99ceaa953aaa61fef7104fc45a26e5a8623c510e3c1705ef9afcf0362057f0c6 or 

        Start 103: t_ipv4_client_recv
 96/159 Test #103: t_ipv4_client_recv ...............***Failed    0.30 sec
DEBUG: Listening for incoming connection... DEBUG: Connecting to 169.254.145.9:15817... done.
new connection from 169.254.144.9:5534.
DEBUG: Outbound stream to 169.254.145.9:15817 finished (1 byte still in flight).
Exception in TCPConnection runner thread: TCPConnection::write() accepted less than advertised length
terminate called after throwing an instance of 'std::exception'
  what():  std::exception
DEBUG: TCP connection finished cleanly.
DEBUG: Waiting for clean shutdown... done.
/mnt/i/DIY/CS144/sponge/txrx.sh: line 110: 30260 Aborted                 coproc COPROC $3 -l $4 ${SERVER_PORT} > "$1" < "$2"
ERROR: 05f1299e5a5bcb2f2d8af68b15b9800166062621f3c781c2c798e44ef9f8006e neq 3642f69641345e641c27c6a260082bbb421cc7dbef32955093b659fcd614f97c or 

        Start 104: t_ipv4_server_recv
 97/159 Test #104: t_ipv4_server_recv ...............***Failed    0.17 sec
DEBUG: Listening for incoming connection... DEBUG: Connecting to 169.254.144.9:11932... done.
new connection from 169.254.145.9:2308.
DEBUG: Outbound stream to 169.254.145.9:2308 finished (1 byte still in flight).
Exception in TCPConnection runner thread: TCPConnection::write() accepted less than advertised length
terminate called after throwing an instance of 'std::exception'
  what():  std::exception
/mnt/i/DIY/CS144/sponge/txrx.sh: line 110: 30283 Aborted                 $3 $4 ${SERVER_PORT} > "$1" < "$2"
Error in _rt_connect

        Start 105: t_ipv4_client_dupl
 98/159 Test #105: t_ipv4_client_dupl ...............***Failed    0.16 sec
DEBUG: Listening for incoming connection... DEBUG: Connecting to 169.254.145.9:10512... done.
new connection from 169.254.144.9:14791.
Exception in TCPConnection runner thread: TCPConnection::write() accepted less than advertised length
terminate called after throwing an instance of 'std::exception'
  what():  std::exception
/mnt/i/DIY/CS144/sponge/txrx.sh: line 110: 30302 Aborted                 $3 $4 ${SERVER_PORT} > "$1" < "$2"
Error in _rt_connect

        Start 106: t_ipv4_server_dupl
 99/159 Test #106: t_ipv4_server_dupl ...............***Failed    0.16 sec
DEBUG: Listening for incoming connection... DEBUG: Connecting to 169.254.144.9:15942... done.
new connection from 169.254.145.9:3025.
Exception in TCPConnection runner thread: TCPConnection::write() accepted less than advertised length
terminate called after throwing an instance of 'std::exception'
  what():  std::exception
/mnt/i/DIY/CS144/sponge/txrx.sh: line 110: 30321 Aborted                 $3 $4 ${SERVER_PORT} > "$1" < "$2"
Error in _rt_connect

        Start 107: t_icS_1M_32k
100/159 Test #107: t_icS_1M_32k .....................***Failed    0.28 sec
DEBUG: Listening for incoming connection... DEBUG: Connecting to 169.254.145.9:3518... done.
new connection from 169.254.144.9:61610.
DEBUG: Outbound stream to 169.254.144.9:61610 finished (1 byte still in flight).
DEBUG: Inbound stream from 169.254.145.9:3518 finished cleanly.
Exception in TCPConnection runner thread: TCPConnection::write() accepted less than advertised length
terminate called after throwing an instance of 'std::exception'
  what():  std::exception
/mnt/i/DIY/CS144/sponge/txrx.sh: line 110: 30341 Aborted                 $3 $4 ${SERVER_PORT} > "$1" < "$2"
Error in _rt_connect

        Start 108: t_icS_128K_8K
101/159 Test #108: t_icS_128K_8K ....................***Failed    0.20 sec
DEBUG: Listening for incoming connection... DEBUG: Connecting to 169.254.145.9:3542... done.
new connection from 169.254.144.9:52891.
DEBUG: Outbound stream to 169.254.144.9:52891 finished (1 byte still in flight).
DEBUG: Inbound stream from 169.254.145.9:3542 finished cleanly.
Exception in TCPConnection runner thread: TCPConnection::write() accepted less than advertised length
terminate called after throwing an instance of 'std::exception'
  what():  std::exception
/mnt/i/DIY/CS144/sponge/txrx.sh: line 110: 30364 Aborted                 $3 $4 ${SERVER_PORT} > "$1" < "$2"
Error in _rt_connect

        Start 109: t_icS_16_1
102/159 Test #109: t_icS_16_1 .......................***Failed    0.17 sec
DEBUG: Listening for incoming connection... DEBUG: Connecting to 169.254.145.9:3507... done.
new connection from 169.254.144.9:34036.
DEBUG: Outbound stream to 169.254.144.9:34036 finished (1 byte still in flight).
Exception in TCPConnection runner thread: TCPConnection::write() accepted less than advertised length
terminate called after throwing an instance of 'std::exception'
  what():  std::exception
/mnt/i/DIY/CS144/sponge/txrx.sh: line 110: 30384 Aborted                 $3 $4 ${SERVER_PORT} > "$1" < "$2"
Error in _rt_connect

        Start 110: t_icS_32K_d
103/159 Test #110: t_icS_32K_d ......................***Failed    0.20 sec
DEBUG: Listening for incoming connection... DEBUG: Connecting to 169.254.145.9:17397... done.
new connection from 169.254.144.9:862.
DEBUG: Outbound stream to 169.254.144.9:862 finished (1 byte still in flight).
DEBUG: Inbound stream from 169.254.145.9:17397 finished cleanly.
DEBUG: Waiting for clean shutdown... Exception in TCPConnection runner thread: TCPConnection::write() accepted less than advertised length
terminate called after throwing an instance of 'std::exception'
  what():  std::exception
/mnt/i/DIY/CS144/sponge/txrx.sh: line 110: 30402 Aborted                 $3 $4 ${SERVER_PORT} > "$1" < "$2"
Error in _rt_connect

        Start 111: t_icR_1M_32k
104/159 Test #111: t_icR_1M_32k .....................***Failed    0.35 sec
DEBUG: Listening for incoming connection... DEBUG: Connecting to 169.254.145.9:2735... done.
DEBUG: Outbound stream to new connection from 169.254.144.9:64319.
169.254.145.9:2735 finished (1 byte still in flight).
DEBUG: Inbound stream from 169.254.144.9:64319 finished cleanly.
Exception in TCPConnection runner thread: TCPConnection::write() accepted less than advertised length
terminate called after throwing an instance of 'std::exception'
  what():  std::exception
DEBUG: TCP connection finished cleanly.
DEBUG: Waiting for clean shutdown... done.
/mnt/i/DIY/CS144/sponge/txrx.sh: line 110: 30420 Aborted                 coproc COPROC $3 -l $4 ${SERVER_PORT} > "$1" < "$2"
ERROR: 2786385589b7ce89251c2c2ef126c963d926715899c19c86ea27da6c4f8a96ce neq a860c25a1b23bb6473b7ad93cc3757a400b8914a54579716c0a0e2c3dab0b544 or 

        Start 112: t_icR_128K_8K
105/159 Test #112: t_icR_128K_8K ....................***Failed    0.31 sec
DEBUG: Listening for incoming connection... DEBUG: Connecting to 169.254.145.9:16760... done.
DEBUG: Outbound stream to 169.254.145.9:16760 finished (1 byte still in flight).
new connection from 169.254.144.9:52674.
DEBUG: Inbound stream from 169.254.144.9:52674 finished cleanly.
Exception in TCPConnection runner thread: TCPConnection::write() accepted less than advertised length
terminate called after throwing an instance of 'std::exception'
  what():  std::exception
DEBUG: TCP connection finished cleanly.
DEBUG: Waiting for clean shutdown... done.
/mnt/i/DIY/CS144/sponge/txrx.sh: line 110: 30443 Aborted                 coproc COPROC $3 -l $4 ${SERVER_PORT} > "$1" < "$2"
ERROR: e662201da056cfd3384740c2b89334f5d6a9b024aa336d26a441496af9a030a6 neq 9314154c2fef81e9bbdba3df8a367890a6e95f20bf00aca0a790c763b5e07836 or 

        Start 113: t_icR_16_1
106/159 Test #113: t_icR_16_1 .......................***Failed    0.31 sec
DEBUG: Listening for incoming connection... DEBUG: Connecting to 169.254.145.9:19736... done.
DEBUG: Outbound stream to 169.254.145.9:19736 finished (1 byte still in flight).
new connection from 169.254.144.9:53597.
Exception in TCPConnection runner thread: TCPConnection::write() accepted less than advertised length
terminate called after throwing an instance of 'std::exception'
  what():  std::exception
DEBUG: TCP connection finished cleanly.
DEBUG: Waiting for clean shutdown... done.
/mnt/i/DIY/CS144/sponge/txrx.sh: line 110: 30466 Aborted                 coproc COPROC $3 -l $4 ${SERVER_PORT} > "$1" < "$2"
ERROR: 878c28a74597a35df1ffcfd846140b47ef82419855b4d7fcfd4e8168754f7e24 neq 06fed6b47789ddd71b00d866f2432a7be62631bb81c0a6ff4b2cd438d3310130 or 

        Start 114: t_icR_32K_d
107/159 Test #114: t_icR_32K_d ......................***Failed    0.30 sec
DEBUG: Listening for incoming connection... DEBUG: Connecting to 169.254.145.9:26056... done.
DEBUG: Outbound stream to 169.254.145.9:26056 finished (new connection from 1 byte still in flight).
169.254.144.9:54017.
DEBUG: Inbound stream from 169.254.144.9:54017 finished cleanly.
DEBUG: Waiting for clean shutdown... Exception in TCPConnection runner thread: TCPConnection::write() accepted less than advertised length
terminate called after throwing an instance of 'std::exception'
  what():  std::exception
DEBUG: TCP connection finished cleanly.
DEBUG: Waiting for clean shutdown... done.
/mnt/i/DIY/CS144/sponge/txrx.sh: line 110: 30487 Aborted                 coproc COPROC $3 -l $4 ${SERVER_PORT} > "$1" < "$2"
ERROR: 3088c77f19cdee454e1bc1bbfb2ff0a1024275d72b1b6cc5ab013ded2543b597 neq 2e3d29c79c4d2b4d2c1ff7ed48dd5851ac893e649dcf3071cf38513763bba1f9 or 

        Start 115: t_icD_1M_32k
108/159 Test #115: t_icD_1M_32k .....................***Failed    0.29 sec
DEBUG: Listening for incoming connection... DEBUG: Connecting to 169.254.145.9:8538... done.
new connection from 169.254.144.9:2644.
Exception in TCPConnection runner thread: TCPConnection::write() accepted less than advertised length
terminate called after throwing an instance of 'std::exception'
  what():  std::exception
Exception in TCPConnection runner thread: TCPConnection::write() accepted less than advertised length
terminate called after throwing an instance of 'std::exception'
  what():  std::exception
/mnt/i/DIY/CS144/sponge/txrx.sh: line 110: 30514 Aborted                 coproc COPROC $3 -l $4 ${SERVER_PORT} > "$1" < "$2"
/mnt/i/DIY/CS144/sponge/txrx.sh: line 110: 30516 Aborted                 $3 $4 ${SERVER_PORT} > "$1" < "$2"
Error in _rt_connect

        Start 116: t_icD_128K_8K
109/159 Test #116: t_icD_128K_8K ....................***Failed    0.19 sec
DEBUG: Listening for incoming connection... DEBUG: Connecting to 169.254.145.9:23310... done.
new connection from 169.254.144.9:19418.
Exception in TCPConnection runner thread: TCPConnection::write() accepted less than advertised length
terminate called after throwing an instance of 'std::exception'
  what():  std::exception
Exception in TCPConnection runner thread: TCPConnection::write() accepted less than advertised length
terminate called after throwing an instance of 'std::exception'
  what():  std::exception
/mnt/i/DIY/CS144/sponge/txrx.sh: line 110: 30535 Aborted                 coproc COPROC $3 -l $4 ${SERVER_PORT} > "$1" < "$2"
/mnt/i/DIY/CS144/sponge/txrx.sh: line 110: 30537 Aborted                 $3 $4 ${SERVER_PORT} > "$1" < "$2"
Error in _rt_connect

        Start 117: t_icD_16_1
110/159 Test #117: t_icD_16_1 .......................***Failed    0.24 sec
DEBUG: Listening for incoming connection... DEBUG: Connecting to 169.254.145.9:30773... done.
new connection from 169.254.144.9:49585.
Exception in TCPConnection runner thread: TCPConnection::write() accepted less than advertised length
terminate called after throwing an instance of 'std::exception'
  what():  std::exception
Exception in TCPConnection runner thread: TCPConnection::write() accepted less than advertised length
terminate called after throwing an instance of 'std::exception'
  what():  std::exception
/mnt/i/DIY/CS144/sponge/txrx.sh: line 110: 30556 Aborted                 coproc COPROC $3 -l $4 ${SERVER_PORT} > "$1" < "$2"
/mnt/i/DIY/CS144/sponge/txrx.sh: line 110: 30558 Aborted                 $3 $4 ${SERVER_PORT} > "$1" < "$2"
Error in _rt_connect

        Start 118: t_icD_32K_d
111/159 Test #118: t_icD_32K_d ......................***Failed    0.24 sec
DEBUG: Listening for incoming connection... DEBUG: Connecting to 169.254.145.9:23671... done.
new connection from 169.254.144.9:7464.
Exception in TCPConnection runner thread: TCPConnection::write() accepted less than advertised length
terminate called after throwing an instance of 'std::exception'
  what():  std::exception
Exception in TCPConnection runner thread: TCPConnection::write() accepted less than advertised length
terminate called after throwing an instance of 'std::exception'
  what():  std::exception
/mnt/i/DIY/CS144/sponge/txrx.sh: line 110: 30575 Aborted                 coproc COPROC $3 -l $4 ${SERVER_PORT} > "$1" < "$2"
/mnt/i/DIY/CS144/sponge/txrx.sh: line 110: 30577 Aborted                 $3 $4 ${SERVER_PORT} > "$1" < "$2"
Error in _rt_connect

        Start 119: t_isS_1M_32k
112/159 Test #119: t_isS_1M_32k .....................***Failed    0.35 sec
DEBUG: Listening for incoming connection... DEBUG: Connecting to 169.254.144.9:11878... done.
DEBUG: Outbound stream to new connection from 169.254.145.9:40644.
169.254.144.9:11878 finished (1 byte still in flight).
DEBUG: Inbound stream from 169.254.145.9:40644 finished cleanly.
Exception in TCPConnection runner thread: TCPConnection::write() accepted less than advertised length
terminate called after throwing an instance of 'std::exception'
  what():  std::exception
DEBUG: TCP connection finished cleanly.
DEBUG: Waiting for clean shutdown... done.
/mnt/i/DIY/CS144/sponge/txrx.sh: line 110: 30595 Aborted                 coproc COPROC $3 -l $4 ${SERVER_PORT} > "$1" < "$2"
ERROR: 2fd4e64c1af63d8692da17b51da60a8cddfb92108699d367c4ce1f25c3f50bae neq 49316d69c4e745dde9c4f981c3d829b72164ac1cddd74d33e9972924dd516236 or 

        Start 120: t_isS_128K_8K
113/159 Test #120: t_isS_128K_8K ....................***Failed    0.33 sec
DEBUG: Listening for incoming connection... DEBUG: Connecting to 169.254.144.9:3829... done.
DEBUG: Outbound stream to 169.254.144.9:3829 finished (1 byte still in flight).
new connection from 169.254.145.9:25119.
DEBUG: Inbound stream from 169.254.145.9:25119 finished cleanly.
Exception in TCPConnection runner thread: TCPConnection::write() accepted less than advertised length
terminate called after throwing an instance of 'std::exception'
  what():  std::exception
DEBUG: TCP connection finished cleanly.
DEBUG: Waiting for clean shutdown... done.
/mnt/i/DIY/CS144/sponge/txrx.sh: line 110: 30618 Aborted                 coproc COPROC $3 -l $4 ${SERVER_PORT} > "$1" < "$2"
ERROR: 63b7d6562fc185be2fb56c4e3422300e584746305e8c8c0302ae173087e576ea neq ebd24a8ccd6ced20a6eee3fa72bf96af68a825732bece91d6750dfc0f6cf6a72 or 

        Start 121: t_isS_16_1
114/159 Test #121: t_isS_16_1 .......................***Failed    0.30 sec
DEBUG: Listening for incoming connection... DEBUG: Connecting to 169.254.144.9:29896... done.
DEBUG: Outbound stream to 169.254.144.9:29896 finished (1 byte still in flight).
new connection from 169.254.145.9:30262.
Exception in TCPConnection runner thread: TCPConnection::write() accepted less than advertised length
terminate called after throwing an instance of 'std::exception'
  what():  std::exception
DEBUG: TCP connection finished cleanly.
DEBUG: Waiting for clean shutdown... done.
/mnt/i/DIY/CS144/sponge/txrx.sh: line 110: 30644 Aborted                 coproc COPROC $3 -l $4 ${SERVER_PORT} > "$1" < "$2"
ERROR: 1f84497304cb18a359103e7d1cb4081ca31b66dd959ed1353e93732bdcca9517 neq 4ee7159675a0b61578b175ec377d5148f14e3db6d2207b8b175ddc02d714b23c or 

        Start 122: t_isS_32K_d
115/159 Test #122: t_isS_32K_d ......................***Failed    0.31 sec
DEBUG: Listening for incoming connection... DEBUG: Connecting to 169.254.144.9:8409... done.
DEBUG: Outbound stream to new connection from 169.254.145.9:26200.
169.254.144.9:8409 finished (1 byte still in flight).
DEBUG: Inbound stream from 169.254.145.9:26200 finished cleanly.
DEBUG: Waiting for clean shutdown... Exception in TCPConnection runner thread: TCPConnection::write() accepted less than advertised length
terminate called after throwing an instance of 'std::exception'
  what():  std::exception
DEBUG: TCP connection finished cleanly.
DEBUG: Waiting for clean shutdown... done.
/mnt/i/DIY/CS144/sponge/txrx.sh: line 110: 30665 Aborted                 coproc COPROC $3 -l $4 ${SERVER_PORT} > "$1" < "$2"
ERROR: ab23a22bec3516244ddf17c6636022acaa81c4532a3a60fef06fc8a16fa2af12 neq 33f35baf156ab1af5aaada81c2904286149f27ab868b940133625529439661b7 or 

        Start 123: t_isR_1M_32k
116/159 Test #123: t_isR_1M_32k .....................***Failed    0.28 sec
DEBUG: Listening for incoming connection... DEBUG: Connecting to 169.254.144.9:27169... done.
new connection from 169.254.145.9:52350.
DEBUG: Outbound stream to 169.254.145.9:52350 finished (1 byte still in flight).
DEBUG: Inbound stream from 169.254.144.9:27169 finished cleanly.
Exception in TCPConnection runner thread: TCPConnection::write() accepted less than advertised length
terminate called after throwing an instance of 'std::exception'
  what():  std::exception
/mnt/i/DIY/CS144/sponge/txrx.sh: line 110: 30690 Aborted                 $3 $4 ${SERVER_PORT} > "$1" < "$2"
Error in _rt_connect

        Start 124: t_isR_128K_8K
117/159 Test #124: t_isR_128K_8K ....................***Failed    0.19 sec
DEBUG: Listening for incoming connection... DEBUG: Connecting to 169.254.144.9:20453... done.
new connection from 169.254.145.9:14392.
DEBUG: Outbound stream to 169.254.145.9:14392 finished (1 byte still in flight).
DEBUG: Inbound stream from 169.254.144.9:20453 finished cleanly.
Exception in TCPConnection runner thread: TCPConnection::write() accepted less than advertised length
terminate called after throwing an instance of 'std::exception'
  what():  std::exception
/mnt/i/DIY/CS144/sponge/txrx.sh: line 110: 30710 Aborted                 $3 $4 ${SERVER_PORT} > "$1" < "$2"
Error in _rt_connect

        Start 125: t_isR_16_1
118/159 Test #125: t_isR_16_1 .......................***Failed    0.18 sec
DEBUG: Listening for incoming connection... DEBUG: Connecting to 169.254.144.9:23990... done.
new connection from 169.254.145.9:48752.
DEBUG: Outbound stream to 169.254.145.9:48752 finished (1 byte still in flight).
Exception in TCPConnection runner thread: TCPConnection::write() accepted less than advertised length
terminate called after throwing an instance of 'std::exception'
  what():  std::exception
/mnt/i/DIY/CS144/sponge/txrx.sh: line 110: 30730 Aborted                 $3 $4 ${SERVER_PORT} > "$1" < "$2"
Error in _rt_connect

        Start 126: t_isR_32K_d
119/159 Test #126: t_isR_32K_d ......................***Failed    0.17 sec
DEBUG: Listening for incoming connection... DEBUG: Connecting to 169.254.144.9:15799... done.
new connection from 169.254.145.9:36728.
DEBUG: Outbound stream to 169.254.145.9:36728 finished (1 byte still in flight).
DEBUG: Inbound stream from 169.254.144.9:15799 finished cleanly.
DEBUG: Waiting for clean shutdown... Exception in TCPConnection runner thread: TCPConnection::write() accepted less than advertised length
terminate called after throwing an instance of 'std::exception'
  what():  std::exception
/mnt/i/DIY/CS144/sponge/txrx.sh: line 110: 30748 Aborted                 $3 $4 ${SERVER_PORT} > "$1" < "$2"
Error in _rt_connect

        Start 127: t_isD_1M_32k
120/159 Test #127: t_isD_1M_32k .....................***Failed    0.29 sec
DEBUG: Listening for incoming connection... DEBUG: Connecting to 169.254.144.9:11811... done.
new connection from 169.254.145.9:17594.
Exception in TCPConnection runner thread: TCPConnection::write() accepted less than advertised length
terminate called after throwing an instance of 'std::exception'
  what():  std::exception
Exception in TCPConnection runner thread: TCPConnection::write() accepted less than advertised length
terminate called after throwing an instance of 'std::exception'
  what():  std::exception
/mnt/i/DIY/CS144/sponge/txrx.sh: line 110: 30767 Aborted                 coproc COPROC $3 -l $4 ${SERVER_PORT} > "$1" < "$2"
/mnt/i/DIY/CS144/sponge/txrx.sh: line 110: 30769 Aborted                 $3 $4 ${SERVER_PORT} > "$1" < "$2"
Error in _rt_connect

        Start 128: t_isD_128K_8K
121/159 Test #128: t_isD_128K_8K ....................***Failed    0.18 sec
DEBUG: Listening for incoming connection... DEBUG: Connecting to 169.254.144.9:15412... done.
new connection from 169.254.145.9:53803.
Exception in TCPConnection runner thread: TCPConnection::write() accepted less than advertised length
terminate called after throwing an instance of 'std::exception'
  what():  std::exception
Exception in TCPConnection runner thread: TCPConnection::write() accepted less than advertised length
terminate called after throwing an instance of 'std::exception'
  what():  std::exception
/mnt/i/DIY/CS144/sponge/txrx.sh: line 110: 30791 Aborted                 coproc COPROC $3 -l $4 ${SERVER_PORT} > "$1" < "$2"
/mnt/i/DIY/CS144/sponge/txrx.sh: line 110: 30793 Aborted                 $3 $4 ${SERVER_PORT} > "$1" < "$2"
Error in _rt_connect

        Start 129: t_isD_16_1
122/159 Test #129: t_isD_16_1 .......................***Failed    0.19 sec
DEBUG: Listening for incoming connection... DEBUG: Connecting to 169.254.144.9:26692... done.
new connection from 169.254.145.9:13270.
Exception in TCPConnection runner thread: TCPConnection::write() accepted less than advertised length
terminate called after throwing an instance of 'std::exception'
  what():  std::exception
Exception in TCPConnection runner thread: TCPConnection::write() accepted less than advertised length
terminate called after throwing an instance of 'std::exception'
  what():  std::exception
/mnt/i/DIY/CS144/sponge/txrx.sh: line 110: 30812 Aborted                 coproc COPROC $3 -l $4 ${SERVER_PORT} > "$1" < "$2"
/mnt/i/DIY/CS144/sponge/txrx.sh: line 110: 30814 Aborted                 $3 $4 ${SERVER_PORT} > "$1" < "$2"
Error in _rt_connect

        Start 130: t_isD_32K_d
123/159 Test #130: t_isD_32K_d ......................***Failed    0.18 sec
DEBUG: Listening for incoming connection... DEBUG: Connecting to 169.254.144.9:27363... done.
new connection from 169.254.145.9:12963.
Exception in TCPConnection runner thread: TCPConnection::write() accepted less than advertised length
terminate called after throwing an instance of 'std::exception'
  what():  std::exception
/mnt/i/DIY/CS144/sponge/txrx.sh: line 110: 30833 Aborted                 $3 $4 ${SERVER_PORT} > "$1" < "$2"
Error in _rt_connect

        Start 131: t_icS_128K_8K_l
124/159 Test #131: t_icS_128K_8K_l ..................***Timeout  10.01 sec
DEBUG: Listening for incoming connection... DEBUG: Connecting to 169.254.145.9:32994... 

        Start 132: t_icS_128K_8K_L
125/159 Test #132: t_icS_128K_8K_L ..................***Timeout  10.00 sec
DEBUG: Listening for incoming connection... DEBUG: Connecting to 169.254.145.9:20339... 

        Start 133: t_icS_128K_8K_lL
126/159 Test #133: t_icS_128K_8K_lL .................***Failed    0.20 sec
DEBUG: Listening for incoming connection... DEBUG: Connecting to 169.254.145.9:23408... done.
new connection from 169.254.144.9:52839.
DEBUG: Outbound stream to 169.254.144.9:52839 finished (1 byte still in flight).
DEBUG: Inbound stream from 169.254.145.9:23408 finished cleanly.
Exception in TCPConnection runner thread: TCPConnection::write() accepted less than advertised length
terminate called after throwing an instance of 'std::exception'
  what():  std::exception
/mnt/i/DIY/CS144/sponge/txrx.sh: line 110: 30914 Aborted                 $3 $4 ${SERVER_PORT} > "$1" < "$2"
Error in _rt_connect

        Start 134: t_icR_128K_8K_l
127/159 Test #134: t_icR_128K_8K_l ..................***Failed    0.44 sec
DEBUG: Listening for incoming connection... DEBUG: Connecting to 169.254.145.9:27333... done.
DEBUG: Outbound stream to 169.254.145.9:27333 finished (1new connection from  byte169.254.144.9:20579.
 still in flight).
DEBUG: Inbound stream from 169.254.144.9:20579 finished cleanly.
DEBUG: Waiting for clean shutdown... DEBUG: TCP connection finished cleanly.
DEBUG: Waiting for clean shutdown... done.
Exception in TCPConnection runner thread: TCPConnection::write() accepted less than advertised length
terminate called after throwing an instance of 'std::exception'
  what():  std::exception
/mnt/i/DIY/CS144/sponge/txrx.sh: line 228: 30935 Aborted                 coproc COPROC $3 -l $4 ${SERVER_PORT} > "$1" < "$2"
ERROR: ff94259f77bef51e74f62ed3f3e8612f19775c094fa27f7c7c575b8176381efc neq a3085af274a8c265436c8f7c194394640db04aebb7e9040a2ea63d5fdf6fb6c7 or 

        Start 135: t_icR_128K_8K_L
128/159 Test #135: t_icR_128K_8K_L ..................***Failed    0.49 sec
DEBUG: Listening for incoming connection... DEBUG: Connecting to 169.254.145.9:2348... done.
DEBUG: Outbound stream to 169.254.145.9:2348 finished (1 byte still in flight).
new connection from 169.254.144.9:20497.
DEBUG: Inbound stream from 169.254.144.9:20497 finished cleanly.
Exception in TCPConnection runner thread: TCPConnection::write() accepted less than advertised length
terminate called after throwing an instance of 'std::exception'
  what():  std::exception
DEBUG: TCP connection finished cleanly.
DEBUG: Waiting for clean shutdown... done.
/mnt/i/DIY/CS144/sponge/txrx.sh: line 110: 30958 Aborted                 coproc COPROC $3 -l $4 ${SERVER_PORT} > "$1" < "$2"
ERROR: 1b61e23f564d7b49e19b0dd875cea4f033962b659b79bce84226bfc1827c1f7a neq cca0b483345b08c57e16374661f23b827ef43936e9b3f0fabada6f450ebaf86d or 

        Start 136: t_icR_128K_8K_lL
129/159 Test #136: t_icR_128K_8K_lL .................***Timeout  10.01 sec
DEBUG: Listening for incoming connection... DEBUG: Connecting to 169.254.145.9:10339... 

        Start 137: t_icD_128K_8K_l
130/159 Test #137: t_icD_128K_8K_l ..................***Failed    0.22 sec
DEBUG: Listening for incoming connection... DEBUG: Connecting to 169.254.145.9:30484... done.
new connection from 169.254.144.9:51030.
Exception in TCPConnection runner thread: TCPConnection::write() accepted less than advertised length
terminate called after throwing an instance of 'std::exception'
  what():  std::exception
Exception in TCPConnection runner thread: TCPConnection::write() accepted less than advertised length
terminate called after throwing an instance of 'std::exception'
  what():  std::exception
/mnt/i/DIY/CS144/sponge/txrx.sh: line 110: 31014 Aborted                 coproc COPROC $3 -l $4 ${SERVER_PORT} > "$1" < "$2"
/mnt/i/DIY/CS144/sponge/txrx.sh: line 110: 31016 Aborted                 $3 $4 ${SERVER_PORT} > "$1" < "$2"
Error in _rt_connect

        Start 138: t_icD_128K_8K_L
131/159 Test #138: t_icD_128K_8K_L ..................***Failed    0.20 sec
DEBUG: Listening for incoming connection... DEBUG: Connecting to 169.254.145.9:1041... done.
new connection from 169.254.144.9:11413.
Exception in TCPConnection runner thread: TCPConnection::write() accepted less than advertised length
terminate called after throwing an instance of 'std::exception'
  what():  std::exception
Exception in TCPConnection runner thread: TCPConnection::write() accepted less than advertised length
terminate called after throwing an instance of 'std::exception'
  what():  std::exception
/mnt/i/DIY/CS144/sponge/txrx.sh: line 110: 31035 Aborted                 coproc COPROC $3 -l $4 ${SERVER_PORT} > "$1" < "$2"
/mnt/i/DIY/CS144/sponge/txrx.sh: line 110: 31037 Aborted                 $3 $4 ${SERVER_PORT} > "$1" < "$2"
Error in _rt_connect

        Start 139: t_icD_128K_8K_lL
132/159 Test #139: t_icD_128K_8K_lL .................***Failed    0.19 sec
DEBUG: Listening for incoming connection... DEBUG: Connecting to 169.254.145.9:16350... done.
Exception in TCPConnection runner thread: TCPConnection::write() accepted less than advertised length
terminate called after throwing an instance of 'std::exception'
  what():  std::exception
/mnt/i/DIY/CS144/sponge/txrx.sh: line 110: 31058 Aborted                 $3 $4 ${SERVER_PORT} > "$1" < "$2"
Error in _rt_connect

        Start 140: t_isS_128K_8K_l
133/159 Test #140: t_isS_128K_8K_l ..................***Failed    0.30 sec
DEBUG: Listening for incoming connection... DEBUG: Connecting to 169.254.144.9:6619... done.
DEBUG: Outbound stream to 169.254.144.9:6619 finished (1 byte still in flight).
new connection from 169.254.145.9:42049.
DEBUG: Inbound stream from 169.254.145.9:42049 finished cleanly.
Exception in TCPConnection runner thread: TCPConnection::write() accepted less than advertised length
terminate called after throwing an instance of 'std::exception'
  what():  std::exception
DEBUG: TCP connection finished cleanly.
DEBUG: Waiting for clean shutdown... done.
/mnt/i/DIY/CS144/sponge/txrx.sh: line 110: 31075 Aborted                 coproc COPROC $3 -l $4 ${SERVER_PORT} > "$1" < "$2"
ERROR: 6c68b29668ac3635c4567992241d9af786fcbe97db001086e86b67b62c986bd8 neq 8e098389960664983a148c137862d235525c9fe6caaa5edb61e1cc71554f6f25 or 

        Start 141: t_isS_128K_8K_L
134/159 Test #141: t_isS_128K_8K_L ..................***Failed    0.31 sec
DEBUG: Listening for incoming connection... DEBUG: Connecting to 169.254.144.9:32638... done.
DEBUG: Outbound stream to 169.254.144.9:32638 finished (1 byte still in flight).
new connection from 169.254.145.9:497.
DEBUG: Inbound stream from 169.254.145.9:497 finished cleanly.
Exception in TCPConnection runner thread: TCPConnection::write() accepted less than advertised length
terminate called after throwing an instance of 'std::exception'
  what():  std::exception
DEBUG: TCP connection finished cleanly.
DEBUG: Waiting for clean shutdown... done.
/mnt/i/DIY/CS144/sponge/txrx.sh: line 110: 31101 Aborted                 coproc COPROC $3 -l $4 ${SERVER_PORT} > "$1" < "$2"
ERROR: c41779b97e81b222a7bfcc4c2bf20dfbcd41c043c1ec3d96850ba8de08af486e neq 8094571de43246669098434d05d2f2557063b54046525d88dfa04fee1c4e6e57 or 

        Start 142: t_isS_128K_8K_lL
135/159 Test #142: t_isS_128K_8K_lL .................***Failed    0.29 sec
DEBUG: Listening for incoming connection... DEBUG: Connecting to 169.254.144.9:11777... done.
DEBUG: Outbound stream to 169.254.144.9:11777 finished (1 byte still in flight).
new connection from 169.254.145.9:35233.
DEBUG: Inbound stream from 169.254.145.9:35233 finished cleanly.
Exception in TCPConnection runner thread: TCPConnection::write() accepted less than advertised length
terminate called after throwing an instance of 'std::exception'
  what():  std::exception
DEBUG: TCP connection finished cleanly.
DEBUG: Waiting for clean shutdown... done.
/mnt/i/DIY/CS144/sponge/txrx.sh: line 110: 31124 Aborted                 coproc COPROC $3 -l $4 ${SERVER_PORT} > "$1" < "$2"
ERROR: 6666a704b07aefaeadf8ad68170480d34740ea21a8857cde922ae38db169bd33 neq 995e3885263a9e9247e095022c24bc0803a0aa159e2bda4893f9afceae553c33 or 

        Start 143: t_isR_128K_8K_l
136/159 Test #143: t_isR_128K_8K_l ..................***Failed    0.22 sec
DEBUG: Listening for incoming connection... DEBUG: Connecting to 169.254.144.9:5447... done.
new connection from 169.254.145.9:46534.
DEBUG: Outbound stream to 169.254.145.9:46534 finished (1 byte still in flight).
DEBUG: Inbound stream from 169.254.144.9:5447 finished cleanly.
Exception in TCPConnection runner thread: TCPConnection::write() accepted less than advertised length
terminate called after throwing an instance of 'std::exception'
  what():  std::exception
/mnt/i/DIY/CS144/sponge/txrx.sh: line 110: 31149 Aborted                 $3 $4 ${SERVER_PORT} > "$1" < "$2"
Error in _rt_connect

        Start 144: t_isR_128K_8K_L
137/159 Test #144: t_isR_128K_8K_L ..................***Failed    0.21 sec
DEBUG: Listening for incoming connection... DEBUG: Connecting to 169.254.144.9:30152... done.
new connection from 169.254.145.9:1915.
DEBUG: Outbound stream to 169.254.145.9:1915 finished (1 byte still in flight).
DEBUG: Inbound stream from 169.254.144.9:30152 finished cleanly.
Exception in TCPConnection runner thread: TCPConnection::write() accepted less than advertised length
terminate called after throwing an instance of 'std::exception'
  what():  std::exception
/mnt/i/DIY/CS144/sponge/txrx.sh: line 110: 31169 Aborted                 $3 $4 ${SERVER_PORT} > "$1" < "$2"
Error in _rt_connect

        Start 145: t_isR_128K_8K_lL
138/159 Test #145: t_isR_128K_8K_lL .................***Failed    0.20 sec
DEBUG: Listening for incoming connection... DEBUG: Connecting to 169.254.144.9:32325... done.
new connection from 169.254.145.9:2496.
DEBUG: Outbound stream to 169.254.145.9:2496 finished (1 byte still in flight).
DEBUG: Inbound stream from 169.254.144.9:32325 finished cleanly.
Exception in TCPConnection runner thread: TCPConnection::write() accepted less than advertised length
terminate called after throwing an instance of 'std::exception'
  what():  std::exception
/mnt/i/DIY/CS144/sponge/txrx.sh: line 110: 31189 Aborted                 $3 $4 ${SERVER_PORT} > "$1" < "$2"
Error in _rt_connect

        Start 146: t_isD_128K_8K_l
139/159 Test #146: t_isD_128K_8K_l ..................***Failed    0.22 sec
DEBUG: Listening for incoming connection... DEBUG: Connecting to 169.254.144.9:8835... done.
new connection from 169.254.145.9:9068.
Exception in TCPConnection runner thread: TCPConnection::write() accepted less than advertised length
terminate called after throwing an instance of 'std::exception'
  what():  std::exception
Exception in TCPConnection runner thread: TCPConnection::write() accepted less than advertised length
terminate called after throwing an instance of 'std::exception'
  what():  std::exception
/mnt/i/DIY/CS144/sponge/txrx.sh: line 110: 31208 Aborted                 coproc COPROC $3 -l $4 ${SERVER_PORT} > "$1" < "$2"
/mnt/i/DIY/CS144/sponge/txrx.sh: line 110: 31210 Aborted                 $3 $4 ${SERVER_PORT} > "$1" < "$2"
Error in _rt_connect

        Start 147: t_isD_128K_8K_L
140/159 Test #147: t_isD_128K_8K_L ..................***Failed    0.19 sec
DEBUG: Listening for incoming connection... DEBUG: Connecting to 169.254.144.9:5630... done.
new connection from 169.254.145.9:44563.
Exception in TCPConnection runner thread: TCPConnection::write() accepted less than advertised length
terminate called after throwing an instance of 'std::exception'
  what():  std::exception
/mnt/i/DIY/CS144/sponge/txrx.sh: line 110: 31231 Aborted                 $3 $4 ${SERVER_PORT} > "$1" < "$2"
Error in _rt_connect

        Start 148: t_isD_128K_8K_lL
141/159 Test #148: t_isD_128K_8K_lL .................***Timeout  10.00 sec
DEBUG: Listening for incoming connection... DEBUG: Connecting to 169.254.144.9:7497... 

        Start 149: t_icnS_128K_8K_l
142/159 Test #149: t_icnS_128K_8K_l .................***Failed    0.24 sec
DEBUG: Connecting to 169.254.144.1:19498... done.
DEBUG: Inbound stream from 169.254.144.1:19498 finished cleanly.
Exception in TCPConnection runner thread: TCPConnection::write() accepted less than advertised length
terminate called after throwing an instance of 'std::exception'
  what():  std::exception
/mnt/i/DIY/CS144/sponge/txrx.sh: line 110: 31288 Aborted                 $3 $4 ${SERVER_PORT} > "$1" < "$2"
Error in _rt_connect

        Start 150: t_icnS_128K_8K_L
143/159 Test #150: t_icnS_128K_8K_L .................***Failed    0.25 sec
DEBUG: Connecting to 169.254.144.1:8605... done.
DEBUG: Inbound stream from 169.254.144.1:8605 finished cleanly.
Exception in TCPConnection runner thread: TCPConnection::write() accepted less than advertised length
terminate called after throwing an instance of 'std::exception'
  what():  std::exception
/mnt/i/DIY/CS144/sponge/txrx.sh: line 110: 31307 Aborted                 $3 $4 ${SERVER_PORT} > "$1" < "$2"
Error in _rt_connect

        Start 151: t_icnS_128K_8K_lL
144/159 Test #151: t_icnS_128K_8K_lL ................***Failed    0.22 sec
DEBUG: Connecting to 169.254.144.1:7572... done.
DEBUG: Inbound stream from 169.254.144.1:7572 finished cleanly.
Exception in TCPConnection runner thread: TCPConnection::write() accepted less than advertised length
terminate called after throwing an instance of 'std::exception'
  what():  std::exception
/mnt/i/DIY/CS144/sponge/txrx.sh: line 110: 31332 Aborted                 $3 $4 ${SERVER_PORT} > "$1" < "$2"
Error in _rt_connect

        Start 152: t_icnR_128K_8K_l
145/159 Test #152: t_icnR_128K_8K_l .................***Timeout  10.01 sec
DEBUG: Connecting to 169.254.144.1:24419... done.
DEBUG: Outbound stream to 169.254.144.1:24419 finished (1 byte still in flight).
DEBUG: Outbound stream to 169.254.144.1:24419 has been fully acknowledged.

        Start 153: t_icnR_128K_8K_L
146/159 Test #153: t_icnR_128K_8K_L .................***Timeout  10.00 sec
DEBUG: Connecting to 169.254.144.1:17065... done.
DEBUG: Outbound stream to 169.254.144.1:17065 finished (1 byte still in flight).
DEBUG: Outbound stream to 169.254.144.1:17065 has been fully acknowledged.

        Start 154: t_icnR_128K_8K_lL
147/159 Test #154: t_icnR_128K_8K_lL ................***Timeout  10.00 sec
DEBUG: Connecting to 169.254.144.1:29926... done.
DEBUG: Outbound stream to 169.254.144.1:29926 finished (1 byte still in flight).
DEBUG: Outbound stream to 169.254.144.1:29926 has been fully acknowledged.

        Start 155: t_icnD_128K_8K_l
148/159 Test #155: t_icnD_128K_8K_l .................***Failed    0.25 sec
DEBUG: Connecting to 169.254.144.1:11846... done.
Exception in TCPConnection runner thread: TCPConnection::write() accepted less than advertised length
terminate called after throwing an instance of 'std::exception'
  what():  std::exception
/mnt/i/DIY/CS144/sponge/txrx.sh: line 110: 31454 Aborted                 $3 $4 ${SERVER_PORT} > "$1" < "$2"
Error in _rt_connect

        Start 156: t_icnD_128K_8K_L
149/159 Test #156: t_icnD_128K_8K_L .................***Failed    0.24 sec
DEBUG: Connecting to 169.254.144.1:8821... done.
Exception in TCPConnection runner thread: TCPConnection::write() accepted less than advertised length
terminate called after throwing an instance of 'std::exception'
  what():  std::exception
/mnt/i/DIY/CS144/sponge/txrx.sh: line 110: 31474 Aborted                 $3 $4 ${SERVER_PORT} > "$1" < "$2"
Error in _rt_connect

        Start 157: t_icnD_128K_8K_lL
150/159 Test #157: t_icnD_128K_8K_lL ................***Failed    1.30 sec
DEBUG: Connecting to 169.254.144.1:30880... done.
Exception in TCPConnection runner thread: TCPConnection::write() accepted less than advertised length
terminate called after throwing an instance of 'std::exception'
  what():  std::exception
/mnt/i/DIY/CS144/sponge/txrx.sh: line 110: 31494 Aborted                 $3 $4 ${SERVER_PORT} > "$1" < "$2"
Error in _rt_connect

        Start 158: t_isnS_128K_8K_l
151/159 Test #158: t_isnS_128K_8K_l .................***Timeout  10.01 sec
DEBUG: Listening for incoming connection... new connection from 169.254.144.1:35544.
DEBUG: Inbound stream from 169.254.144.1:35544 finished cleanly.
Exception in TCPConnection runner thread: TCPConnection::write() accepted less than advertised length
terminate called after throwing an instance of 'std::exception'
  what():  std::exception

        Start 159: t_isnS_128K_8K_L
152/159 Test #159: t_isnS_128K_8K_L .................***Timeout  10.01 sec
DEBUG: Listening for incoming connection... 

        Start 160: t_isnS_128K_8K_lL
153/159 Test #160: t_isnS_128K_8K_lL ................***Timeout  10.01 sec
DEBUG: Listening for incoming connection... new connection from 169.254.144.1:41826.
DEBUG: Inbound stream from 169.254.144.1:41826 finished cleanly.
Exception in TCPConnection runner thread: TCPConnection::write() accepted less than advertised length
terminate called after throwing an instance of 'std::exception'
  what():  std::exception

        Start 161: t_isnR_128K_8K_l
154/159 Test #161: t_isnR_128K_8K_l .................***Timeout  10.01 sec
DEBUG: Listening for incoming connection... new connection from 169.254.144.1:55042.
DEBUG: Outbound stream to 169.254.144.1:55042 finished (1 byte still in flight).
DEBUG: Outbound stream to 169.254.144.1:55042 has been fully acknowledged.

        Start 162: t_isnR_128K_8K_L
155/159 Test #162: t_isnR_128K_8K_L .................***Timeout  10.01 sec
DEBUG: Listening for incoming connection... new connection from 169.254.144.1:38354.
DEBUG: Outbound stream to 169.254.144.1:38354 finished (1 byte still in flight).
DEBUG: Outbound stream to 169.254.144.1:38354 has been fully acknowledged.

        Start 163: t_isnR_128K_8K_lL
156/159 Test #163: t_isnR_128K_8K_lL ................***Timeout  10.01 sec
DEBUG: Listening for incoming connection... new connection from 169.254.144.1:53428.
DEBUG: Outbound stream to 169.254.144.1:53428 finished (1 byte still in flight).
DEBUG: Outbound stream to 169.254.144.1:53428 has been fully acknowledged.

        Start 164: t_isnD_128K_8K_l
157/159 Test #164: t_isnD_128K_8K_l .................***Timeout  10.00 sec
DEBUG: Listening for incoming connection... new connection from 169.254.144.1:47870.
Exception in TCPConnection runner thread: TCPConnection::write() accepted less than advertised length
terminate called after throwing an instance of 'std::exception'
  what():  std::exception

        Start 165: t_isnD_128K_8K_L
158/159 Test #165: t_isnD_128K_8K_L .................***Timeout  10.00 sec
DEBUG: Listening for incoming connection... new connection from 169.254.144.1:57262.
Exception in TCPConnection runner thread: TCPConnection::write() accepted less than advertised length
terminate called after throwing an instance of 'std::exception'
  what():  std::exception

        Start 166: t_isnD_128K_8K_lL
159/159 Test #166: t_isnD_128K_8K_lL ................***Timeout  10.01 sec
DEBUG: Listening for incoming connection... new connection from 169.254.144.1:53292.
Exception in TCPConnection runner thread: TCPConnection::write() accepted less than advertised length
terminate called after throwing an instance of 'std::exception'
  what():  std::exception


22% tests passed, 124 tests failed out of 159

Total Test time (real) = 229.99 sec

The following tests FAILED:
	 33 - t_active_close (Failed)
	 34 - t_passive_close (Failed)
	 36 - t_ack_rst (Failed)
	 38 - t_ack_rst_win (Failed)
	 43 - t_winsize (Failed)
	 45 - t_retx (Failed)
	 46 - t_retx_win (Failed)
	 47 - t_loopback (Failed)
	 48 - t_loopback_win (Failed)
	 49 - t_reorder (Failed)
	 53 - t_udp_client_send (Failed)
	 54 - t_udp_server_send (Failed)
	 55 - t_udp_client_recv (Failed)
	 56 - t_udp_server_recv (Failed)
	 57 - t_udp_client_dupl (Failed)
	 58 - t_udp_server_dupl (Failed)
	 59 - t_ucS_1M_32k (Failed)
	 60 - t_ucS_128K_8K (Failed)
	 61 - t_ucS_16_1 (Failed)
	 62 - t_ucS_32K_d (Failed)
	 63 - t_ucR_1M_32k (Failed)
	 64 - t_ucR_128K_8K (Failed)
	 65 - t_ucR_16_1 (Failed)
	 66 - t_ucR_32K_d (Failed)
	 67 - t_ucD_1M_32k (Failed)
	 68 - t_ucD_128K_8K (Failed)
	 69 - t_ucD_16_1 (Failed)
	 70 - t_ucD_32K_d (Failed)
	 71 - t_usS_1M_32k (Failed)
	 72 - t_usS_128K_8K (Failed)
	 73 - t_usS_16_1 (Failed)
	 74 - t_usS_32K_d (Failed)
	 75 - t_usR_1M_32k (Failed)
	 76 - t_usR_128K_8K (Failed)
	 77 - t_usR_16_1 (Failed)
	 78 - t_usR_32K_d (Failed)
	 79 - t_usD_1M_32k (Failed)
	 80 - t_usD_128K_8K (Failed)
	 81 - t_usD_16_1 (Failed)
	 82 - t_usD_32K_d (Failed)
	 83 - t_ucS_128K_8K_l (Timeout)
	 84 - t_ucS_128K_8K_L (Failed)
	 85 - t_ucS_128K_8K_lL (Failed)
	 86 - t_ucR_128K_8K_l (Failed)
	 87 - t_ucR_128K_8K_L (Failed)
	 88 - t_ucR_128K_8K_lL (Failed)
	 89 - t_ucD_128K_8K_l (Failed)
	 90 - t_ucD_128K_8K_L (Failed)
	 91 - t_ucD_128K_8K_lL (Failed)
	 92 - t_usS_128K_8K_l (Failed)
	 93 - t_usS_128K_8K_L (Failed)
	 94 - t_usS_128K_8K_lL (Failed)
	 95 - t_usR_128K_8K_l (Failed)
	 96 - t_usR_128K_8K_L (Failed)
	 97 - t_usR_128K_8K_lL (Failed)
	 98 - t_usD_128K_8K_l (Failed)
	 99 - t_usD_128K_8K_L (Failed)
	100 - t_usD_128K_8K_lL (Failed)
	101 - t_ipv4_client_send (Failed)
	102 - t_ipv4_server_send (Failed)
	103 - t_ipv4_client_recv (Failed)
	104 - t_ipv4_server_recv (Failed)
	105 - t_ipv4_client_dupl (Failed)
	106 - t_ipv4_server_dupl (Failed)
	107 - t_icS_1M_32k (Failed)
	108 - t_icS_128K_8K (Failed)
	109 - t_icS_16_1 (Failed)
	110 - t_icS_32K_d (Failed)
	111 - t_icR_1M_32k (Failed)
	112 - t_icR_128K_8K (Failed)
	113 - t_icR_16_1 (Failed)
	114 - t_icR_32K_d (Failed)
	115 - t_icD_1M_32k (Failed)
	116 - t_icD_128K_8K (Failed)
	117 - t_icD_16_1 (Failed)
	118 - t_icD_32K_d (Failed)
	119 - t_isS_1M_32k (Failed)
	120 - t_isS_128K_8K (Failed)
	121 - t_isS_16_1 (Failed)
	122 - t_isS_32K_d (Failed)
	123 - t_isR_1M_32k (Failed)
	124 - t_isR_128K_8K (Failed)
	125 - t_isR_16_1 (Failed)
	126 - t_isR_32K_d (Failed)
	127 - t_isD_1M_32k (Failed)
	128 - t_isD_128K_8K (Failed)
	129 - t_isD_16_1 (Failed)
	130 - t_isD_32K_d (Failed)
	131 - t_icS_128K_8K_l (Timeout)
	132 - t_icS_128K_8K_L (Timeout)
	133 - t_icS_128K_8K_lL (Failed)
	134 - t_icR_128K_8K_l (Failed)
	135 - t_icR_128K_8K_L (Failed)
	136 - t_icR_128K_8K_lL (Timeout)
	137 - t_icD_128K_8K_l (Failed)
	138 - t_icD_128K_8K_L (Failed)
	139 - t_icD_128K_8K_lL (Failed)
	140 - t_isS_128K_8K_l (Failed)
	141 - t_isS_128K_8K_L (Failed)
	142 - t_isS_128K_8K_lL (Failed)
	143 - t_isR_128K_8K_l (Failed)
	144 - t_isR_128K_8K_L (Failed)
	145 - t_isR_128K_8K_lL (Failed)
	146 - t_isD_128K_8K_l (Failed)
	147 - t_isD_128K_8K_L (Failed)
	148 - t_isD_128K_8K_lL (Timeout)
	149 - t_icnS_128K_8K_l (Failed)
	150 - t_icnS_128K_8K_L (Failed)
	151 - t_icnS_128K_8K_lL (Failed)
	152 - t_icnR_128K_8K_l (Timeout)
	153 - t_icnR_128K_8K_L (Timeout)
	154 - t_icnR_128K_8K_lL (Timeout)
	155 - t_icnD_128K_8K_l (Failed)
	156 - t_icnD_128K_8K_L (Failed)
	157 - t_icnD_128K_8K_lL (Failed)
	158 - t_isnS_128K_8K_l (Timeout)
	159 - t_isnS_128K_8K_L (Timeout)
	160 - t_isnS_128K_8K_lL (Timeout)
	161 - t_isnR_128K_8K_l (Timeout)
	162 - t_isnR_128K_8K_L (Timeout)
	163 - t_isnR_128K_8K_lL (Timeout)
	164 - t_isnD_128K_8K_l (Timeout)
	165 - t_isnD_128K_8K_L (Timeout)
	166 - t_isnD_128K_8K_lL (Timeout)
Errors while running CTest
CMakeFiles/check_lab4.dir/build.make:57: recipe for target 'CMakeFiles/check_lab4' failed
make[3]: *** [CMakeFiles/check_lab4] Error 8
CMakeFiles/Makefile2:131: recipe for target 'CMakeFiles/check_lab4.dir/all' failed
make[2]: *** [CMakeFiles/check_lab4.dir/all] Error 2
CMakeFiles/Makefile2:138: recipe for target 'CMakeFiles/check_lab4.dir/rule' failed
make[1]: *** [CMakeFiles/check_lab4.dir/rule] Error 2
Makefile:155: recipe for target 'check_lab4' failed
make: *** [check_lab4] Error 2
