[100%] Testing the TCP connection...
Test project /mnt/i/DIY/CS144/sponge/build
        Start   1: t_wrapping_ints_cmp
  1/159 Test   #1: t_wrapping_ints_cmp ..............   Passed    0.02 sec
        Start   2: t_wrapping_ints_unwrap
  2/159 Test   #2: t_wrapping_ints_unwrap ...........   Passed    0.02 sec
        Start   3: t_wrapping_ints_wrap
  3/159 Test   #3: t_wrapping_ints_wrap .............   Passed    0.02 sec
        Start   4: t_recv_connect
  4/159 Test   #4: t_recv_connect ...................   Passed    0.04 sec
        Start   5: t_recv_transmit
  5/159 Test   #5: t_recv_transmit ..................   Passed    0.35 sec
        Start   6: t_recv_window
  6/159 Test   #6: t_recv_window ....................   Passed    0.04 sec
        Start   7: t_recv_reorder
  7/159 Test   #7: t_recv_reorder ...................   Passed    0.04 sec
        Start   8: t_recv_close
  8/159 Test   #8: t_recv_close .....................   Passed    0.05 sec
        Start   9: t_send_connect
  9/159 Test   #9: t_send_connect ...................   Passed    0.05 sec
        Start  10: t_send_transmit
 10/159 Test  #10: t_send_transmit ..................   Passed    0.34 sec
        Start  11: t_send_retx
 11/159 Test  #11: t_send_retx ......................   Passed    0.07 sec
        Start  12: t_send_window
 12/159 Test  #12: t_send_window ....................   Passed    0.19 sec
        Start  13: t_send_ack
 13/159 Test  #13: t_send_ack .......................   Passed    0.05 sec
        Start  14: t_send_close
 14/159 Test  #14: t_send_close .....................   Passed    0.05 sec
        Start  15: t_strm_reassem_single
 15/159 Test  #15: t_strm_reassem_single ............   Passed    0.02 sec
        Start  16: t_strm_reassem_seq
 16/159 Test  #16: t_strm_reassem_seq ...............   Passed    0.02 sec
        Start  17: t_strm_reassem_dup
 17/159 Test  #17: t_strm_reassem_dup ...............   Passed    0.05 sec
        Start  18: t_strm_reassem_holes
 18/159 Test  #18: t_strm_reassem_holes .............   Passed    0.03 sec
        Start  19: t_strm_reassem_many
 19/159 Test  #19: t_strm_reassem_many ..............   Passed    7.32 sec
        Start  20: t_strm_reassem_overlapping
 20/159 Test  #20: t_strm_reassem_overlapping .......   Passed    0.02 sec
        Start  21: t_strm_reassem_win
 21/159 Test  #21: t_strm_reassem_win ...............   Passed    8.74 sec
        Start  22: t_strm_reassem_cap
 22/159 Test  #22: t_strm_reassem_cap ...............   Passed    0.49 sec
        Start  23: t_byte_stream_construction
 23/159 Test  #23: t_byte_stream_construction .......   Passed    0.02 sec
        Start  24: t_byte_stream_one_write
 24/159 Test  #24: t_byte_stream_one_write ..........   Passed    0.02 sec
        Start  25: t_byte_stream_two_writes
 25/159 Test  #25: t_byte_stream_two_writes .........   Passed    0.02 sec
        Start  26: t_byte_stream_capacity
 26/159 Test  #26: t_byte_stream_capacity ...........   Passed    4.99 sec
        Start  27: t_byte_stream_many_writes
 27/159 Test  #27: t_byte_stream_many_writes ........   Passed    0.61 sec
        Start  28: t_webget
 28/159 Test  #28: t_webget .........................   Passed    2.71 sec
        Start  31: t_tcp_parser
 29/159 Test  #31: t_tcp_parser .....................   Passed    0.08 sec
        Start  32: t_ipv4_parser
 30/159 Test  #32: t_ipv4_parser ....................   Passed    0.09 sec
        Start  33: t_active_close
 31/159 Test  #33: t_active_close ...................***Failed    0.05 sec
TCP source port: 0
TCP dest port: 0
TCP seqno: 2
TCP ackno: 2
TCP doff: 5
Flags: urg: false ack: true psh: false rst: false syn: false fin: false
TCP winsize: fa00
TCP cksum: 0
TCP uptr: 0

TCP source port: 0
TCP dest port: 0
TCP seqno: 1
TCP ackno: 2
TCP doff: 5
Flags: urg: false ack: true psh: false rst: false syn: false fin: true
TCP winsize: fa00
TCP cksum: 0
TCP uptr: 0

Test Failure on expectation:
	Expectation: TCP in state sender=`stream finished and fully acknowledged`, receiver=`input to stream has ended`, active=1, linger_after_streams_finish=1

Failure message:
	The TCP was in state `sender=`stream finished and fully acknowledged`, receiver=`input to stream has ended`, active=0, linger_after_streams_finish=0`, but it was expected to be in state `sender=`stream finished and fully acknowledged`, receiver=`input to stream has ended`, active=1, linger_after_streams_finish=1`

List of steps that executed successfully:
	Action:      connect
	Expectation: exactly one segment sent with (A=0,R=0,S=1,F=0,seqno=0,payload_size=0,)
	Action:      packet arrives: Header(flags=SA,seqno=0,ack=1,win=137) with no payload
	Expectation: exactly one segment sent with (A=1,R=0,S=0,F=0,ackno=1,payload_size=0,)
	Action:      close
	Expectation: exactly one segment sent with (A=1,R=0,S=0,F=1,ackno=1,seqno=1,)
	Action:      packet arrives: Header(flags=AF,seqno=1,ack=1,win=137) with no payload
	Expectation: exactly one segment sent with (A=1,R=0,S=0,F=0,ackno=2,)
	Action:      4000ms pass
	Expectation: exactly one segment sent with (F=1,)
	Expectation: TCP in state sender=`stream finished (FIN sent) but not fully acknowledged`, receiver=`input to stream has ended`, active=1, linger_after_streams_finish=1
	Action:      packet arrives: Header(flags=A,seqno=2,ack=2,win=137) with no payload
	Expectation: no (more) segments sent
	Expectation: TCP in state sender=`stream finished and fully acknowledged`, receiver=`input to stream has ended`, active=1, linger_after_streams_finish=1
	Action:      9999ms pass

The TCP was in state `sender=`stream finished and fully acknowledged`, receiver=`input to stream has ended`, active=0, linger_after_streams_finish=0`, but it was expected to be in state `sender=`stream finished and fully acknowledged`, receiver=`input to stream has ended`, active=1, linger_after_streams_finish=1`

        Start  34: t_passive_close
 32/159 Test  #34: t_passive_close ..................***Failed    0.05 sec
Test Failure on expectation:
	Expectation: exactly one segment sent with (A=1,R=0,S=0,F=0,ackno=2,)

Failure message:
	The TCP should have produced a segment that existed, but it did not

List of steps that executed successfully:
	Action:      connect
	Expectation: exactly one segment sent with (A=0,R=0,S=1,F=0,seqno=0,payload_size=0,)
	Action:      packet arrives: Header(flags=SA,seqno=0,ack=1,win=137) with no payload
	Expectation: exactly one segment sent with (A=1,R=0,S=0,F=0,ackno=1,payload_size=0,)
	Action:      packet arrives: Header(flags=AF,seqno=1,ack=1,win=137) with no payload

Warning: Unclean shutdown of TCPConnection
The TCP should have produced a segment that existed, but it did not

        Start  36: t_ack_rst
 33/159 Test  #36: t_ack_rst ........................***Failed    0.04 sec
Test 1
Test Failure on expectation:
	Expectation: TCP has 0 unassembled bytes

Failure message:
	The TCP has `unassembled_bytes = 1`, but unassembled_bytes was expected to be `0`

List of steps that executed successfully:
	Action:      connect
	Expectation: exactly one segment sent with (A=0,R=0,S=1,F=0,seqno=2147483647,payload_size=0,)
	Action:      packet arrives: Header(flags=SA,seqno=2147483647,ack=2147483648,win=137) with no payload
	Expectation: exactly one segment sent with (A=1,R=0,S=0,F=0,ackno=2147483648,payload_size=0,)
	Action:      packet arrives: Header(flags=A,seqno=2147483648,ack=2147483648,win=137) with no payload
	Expectation: no (more) segments sent
	Action:      packet arrives: Header(flags=A,seqno=2147483648,ack=2147483647,win=137) with no payload
	Expectation: no (more) segments sent
	Action:      packet arrives: Header(flags=A,seqno=2147483647,ack=2147483648,win=137) with 1 data bytes "<1>"

Note:
	test 1 failed: seg queued on early seqno

Warning: Unclean shutdown of TCPConnection
The TCP has `unassembled_bytes = 1`, but unassembled_bytes was expected to be `0`

        Start  38: t_ack_rst_win
 34/159 Test  #38: t_ack_rst_win ....................***Failed    0.08 sec
Test Failure on expectation:
	Expectation: TCP has 0 unassembled bytes

Failure message:
	The TCP has `unassembled_bytes = 1`, but unassembled_bytes was expected to be `0`

List of steps that executed successfully:
	Action:      connect
	Expectation: exactly one segment sent with (A=0,R=0,S=1,F=0,seqno=2147483647,payload_size=0,)
	Action:      packet arrives: Header(flags=SA,seqno=2147483647,ack=2147483648,win=137) with no payload
	Expectation: exactly one segment sent with (A=1,R=0,S=0,F=0,ackno=2147483648,payload_size=0,)
	Action:      packet arrives: Header(flags=A,seqno=2147483648,ack=2147483648,win=137) with no payload
	Expectation: no (more) segments sent
	Action:      packet arrives: Header(flags=A,seqno=2147483648,ack=2147483647,win=137) with no payload
	Expectation: no (more) segments sent
	Action:      packet arrives: Header(flags=A,seqno=2147483647,ack=2147483648,win=137) with 1 data bytes "<1>"

Note:
	test 1 failed: seg queued on early seqno

Warning: Unclean shutdown of TCPConnection
The TCP has `unassembled_bytes = 1`, but unassembled_bytes was expected to be `0`

        Start  40: t_connect
 35/159 Test  #40: t_connect ........................   Passed    0.09 sec
        Start  42: t_listen
 36/159 Test  #42: t_listen .........................   Passed    0.04 sec
        Start  43: t_winsize
 37/159 Test  #43: t_winsize ........................***Failed    0.05 sec
Test Failure on expectation:
	Action:      write (48260 bytes with 48260 accepted) [3a, 7b, c4, 3e, 34, 41, ad, 58, 6d, d0, 93, 5b, ad, 8, ef, ae, ...]

Failure message:
	48260 bytes should have been written but 0 were

List of steps that executed successfully:
	Action:      listen
	Action:      packet arrives: Header(flags=S,seqno=133348805,ack=0,win=137) with no payload
	Expectation: exactly one segment sent with (A=1,ackno=133348806,win=29378,)
	Action:      packet arrives: Header(flags=A,seqno=133348806,ack=4000211547,win=12065) with no payload
	Expectation: no (more) segments sent
	Expectation: TCP in state sender=`stream ongoing`, receiver=`SYN received (ackno exists), and input to stream hasn't ended`, active=1, linger_after_streams_finish=1

Warning: Unclean shutdown of TCPConnection
48260 bytes should have been written but 0 were

        Start  45: t_retx
 38/159 Test  #45: t_retx ...........................***Failed    0.05 sec
  check_segment
Test Failure on expectation:
	Expectation: segment sent with (A=1,payload_size=4,data="asdf",)

Failure message:
	The TCP should have produced a segment that existed, but it did not

List of steps that executed successfully:
	Action:      connect
	Expectation: exactly one segment sent with (A=0,R=0,S=1,F=0,seqno=118110416,payload_size=0,)
	Action:      packet arrives: Header(flags=SA,seqno=118110416,ack=118110417,win=137) with no payload
	Expectation: exactly one segment sent with (A=1,R=0,S=0,F=0,ackno=118110417,payload_size=0,)
	Action:      write (4 bytes) [61, 73, 64, 66]
	Action:      1ms pass

Warning: Unclean shutdown of TCPConnection
The TCP should have produced a segment that existed, but it did not (in check_segment called from line 36)

        Start  46: t_retx_win
 39/159 Test  #46: t_retx_win .......................***Failed    0.05 sec
Test Failure on expectation:
	Expectation: segment sent

Failure message:
	The TCP should have produces a segment, but did not

List of steps that executed successfully:
	Action:      connect
	Expectation: exactly one segment sent with (A=0,R=0,S=1,F=0,seqno=1797069040,payload_size=0,)
	Action:      packet arrives: Header(flags=SA,seqno=1797069040,ack=1797069041,win=137) with no payload
	Expectation: exactly one segment sent with (A=1,R=0,S=0,F=0,ackno=1797069041,payload_size=0,)
	Action:      write (4 bytes) [61, 73, 64, 66]
	Action:      1ms pass
	Action:      20ms pass
	Action:      write (4 bytes) [71, 77, 65, 72]
	Action:      1ms pass

Note:
	test 2 failed: cannot read after write()s

Warning: Unclean shutdown of TCPConnection
The TCP should have produces a segment, but did not

        Start  47: t_loopback
 40/159 Test  #47: t_loopback .......................***Failed    0.04 sec
Test Failure on expectation:
	Expectation: TCP has 2775 bytes in flight

Failure message:
	The TCP has `bytes_in_flight = 0`, but bytes_in_flight was expected to be `2775`

List of steps that executed successfully:
	Action:      connect
	Expectation: exactly one segment sent with (A=0,R=0,S=1,F=0,seqno=228053170,payload_size=0,)
	Action:      packet arrives: Header(flags=SA,seqno=228053170,ack=228053171,win=137) with no payload
	Expectation: exactly one segment sent with (A=1,R=0,S=0,F=0,ackno=228053171,payload_size=0,)
	Action:      packet arrives: Header(flags=A,seqno=228053171,ack=228053171,win=65000) with no payload
	Action:      write (2775 bytes) [10, 4d, a4, bc, 41, 84, e9, 9, 21, 35, d7, 50, 8f, e, 2e, 9c, ...]
	Action:      1ms pass

Warning: Unclean shutdown of TCPConnection
The TCP has `bytes_in_flight = 0`, but bytes_in_flight was expected to be `2775`

        Start  48: t_loopback_win
 41/159 Test  #48: t_loopback_win ...................***Failed    0.07 sec
Test Failure on expectation:
	Expectation: segment sent

Failure message:
	The TCP should have produces a segment, but did not

List of steps that executed successfully:
	Action:      connect
	Expectation: exactly one segment sent with (A=0,R=0,S=1,F=0,seqno=2799627674,payload_size=0,)
	Action:      packet arrives: Header(flags=SA,seqno=2799627674,ack=2799627675,win=137) with no payload
	Expectation: exactly one segment sent with (A=1,R=0,S=0,F=0,ackno=2799627675,payload_size=0,)
	Action:      packet arrives: Header(flags=A,seqno=2799627675,ack=2799627675,win=65000) with no payload
	Action:      write (6204 bytes) [a3, 45, 60, 3b, 14, c4, 76, 2d, 10, 6d, 4a, c4, 80, c7, 5c, 23, ...]
	Action:      1ms pass

Note:
	test 2 failed: cannot read after write()

Warning: Unclean shutdown of TCPConnection
The TCP should have produces a segment, but did not

        Start  49: t_reorder
 42/159 Test  #49: t_reorder ........................***Failed    0.06 sec
Test Failure on expectation:
	segment sent with (A=1,)
Failure message:
	The TCP should have produced a segment that existed, but it did not

List of steps that executed successfully:
	Action:      connect
	Expectation: exactly one segment sent with (A=0,R=0,S=1,F=0,seqno=523799363,payload_size=0,)
	Action:      packet arrives: Header(flags=SA,seqno=1800157277,ack=523799364,win=137) with no payload
	Expectation: exactly one segment sent with (A=1,R=0,S=0,F=0,ackno=1800157278,payload_size=0,)
	Action:      packet arrives: Header(flags=A,seqno=1800209100,ack=523799364,win=137) with 896 data bytes "<28><255><25><213><253><209><27><223><145><249>L#H<205><3><160>..."

Note:
	test 1 failed: no ACK for datagram

Warning: Unclean shutdown of TCPConnection
The TCP should have produced a segment that existed, but it did not

        Start  50: t_address_dt
 43/159 Test  #50: t_address_dt .....................   Passed    0.03 sec
        Start  51: t_parser_dt
 44/159 Test  #51: t_parser_dt ......................   Passed    0.02 sec
        Start  52: t_socket_dt
 45/159 Test  #52: t_socket_dt ......................   Passed    0.03 sec
        Start  53: t_udp_client_send
 46/159 Test  #53: t_udp_client_send ................***Failed    0.16 sec
DEBUG: Listening for incoming connection... DEBUG: Connecting to 169.254.144.1:12574... done.
new connection from 169.254.144.1:58030.
DEBUG: Outbound stream to 169.254.144.1:58030 finished (1 byte still in flight).
Exception in TCPConnection runner thread: TCPConnection::write() accepted less than advertised length
terminate called after throwing an instance of 'std::exception'
  what():  std::exception
/mnt/i/DIY/CS144/sponge/txrx.sh: line 110: 23036 Aborted                 $3 $4 ${SERVER_PORT} > "$1" < "$2"
Error in _rt_connect

        Start  54: t_udp_server_send
 47/159 Test  #54: t_udp_server_send ................***Failed    0.30 sec
DEBUG: Listening for incoming connection... DEBUG: Connecting to 169.254.144.1:31219... done.
new connection from 169.254.144.1:47817.
DEBUG: Outbound stream to 169.254.144.1:31219 finished (1 byte still in flight).
DEBUG: Inbound stream from 169.254.144.1:47817 finished cleanly.
DEBUG: Waiting for clean shutdown... Exception in TCPConnection runner thread: TCPConnection::write() accepted less than advertised length
terminate called after throwing an instance of 'std::exception'
  what():  std::exception
DEBUG: TCP connection finished cleanly.
DEBUG: Waiting for clean shutdown... done.
/mnt/i/DIY/CS144/sponge/txrx.sh: line 110: 23052 Aborted                 coproc COPROC $3 -l $4 ${SERVER_PORT} > "$1" < "$2"
ERROR: 9aece9c28cfb071cb409b8b9352f3e61537c0f3a15d11030c76672383552679e neq fb1eea75422f5f299d4530a5583b0a449453426dce6542db71f6b6b9f849ff70 or 

        Start  55: t_udp_client_recv
 48/159 Test  #55: t_udp_client_recv ................***Failed    0.29 sec
DEBUG: Listening for incoming connection... DEBUG: Connecting to 169.254.144.1:7277... done.
new connection from 169.254.144.1:55092.
DEBUG: Outbound stream to 169.254.144.1:7277 finished (1 byte still in flight).
DEBUG: Inbound stream from 169.254.144.1:55092 finished cleanly.
DEBUG: Waiting for clean shutdown... Exception in TCPConnection runner thread: TCPConnection::write() accepted less than advertised length
terminate called after throwing an instance of 'std::exception'
  what():  std::exception
DEBUG: TCP connection finished cleanly.
DEBUG: Waiting for clean shutdown... done.
/mnt/i/DIY/CS144/sponge/txrx.sh: line 110: 23073 Aborted                 coproc COPROC $3 -l $4 ${SERVER_PORT} > "$1" < "$2"
ERROR: 92ccec9cecf606c4eb424ddc30f7b2be5991fddd5cef95d1b92a15201f2ba03e neq ba3f4bbdfa11dac7fe71ceea1a67162307c1e353a0546be84a16bdef1b7292f2 or 

        Start  56: t_udp_server_recv
 49/159 Test  #56: t_udp_server_recv ................***Failed    0.17 sec
DEBUG: Listening for incoming connection... DEBUG: Connecting to 169.254.144.1:16163... done.
new connection from 169.254.144.1:34794.
DEBUG: Outbound stream to 169.254.144.1:34794 finished (1 byte still in flight).
Exception in TCPConnection runner thread: TCPConnection::write() accepted less than advertised length
terminate called after throwing an instance of 'std::exception'
  what():  std::exception
/mnt/i/DIY/CS144/sponge/txrx.sh: line 110: 23096 Aborted                 $3 $4 ${SERVER_PORT} > "$1" < "$2"
Error in _rt_connect

        Start  57: t_udp_client_dupl
 50/159 Test  #57: t_udp_client_dupl ................***Failed    0.17 sec
DEBUG: Listening for incoming connection... DEBUG: Connecting to 169.254.144.1:12862... done.
new connection from 169.254.144.1:38003.
Exception in TCPConnection runner thread: TCPConnection::write() accepted less than advertised length
terminate called after throwing an instance of 'std::exception'
  what():  std::exception
/mnt/i/DIY/CS144/sponge/txrx.sh: line 110: 23115 Aborted                 $3 $4 ${SERVER_PORT} > "$1" < "$2"
Error in _rt_connect

        Start  58: t_udp_server_dupl
 51/159 Test  #58: t_udp_server_dupl ................***Failed    0.17 sec
DEBUG: Listening for incoming connection... DEBUG: Connecting to 169.254.144.1:15713... done.
new connection from 169.254.144.1:40252.
Exception in TCPConnection runner thread: TCPConnection::write() accepted less than advertised length
terminate called after throwing an instance of 'std::exception'
  what():  std::exception
/mnt/i/DIY/CS144/sponge/txrx.sh: line 110: 23137 Aborted                 $3 $4 ${SERVER_PORT} > "$1" < "$2"
Error in _rt_connect

        Start  59: t_ucS_1M_32k
 52/159 Test  #59: t_ucS_1M_32k .....................***Failed    0.29 sec
DEBUG: Listening for incoming connection... DEBUG: Connecting to 169.254.144.1:6509... done.
new connection from 169.254.144.1:54978.
DEBUG: Outbound stream to 169.254.144.1:54978 finished (1 byte still in flight).
DEBUG: Inbound stream from 169.254.144.1:6509 finished cleanly.
Exception in TCPConnection runner thread: TCPConnection::write() accepted less than advertised length
terminate called after throwing an instance of 'std::exception'
  what():  std::exception
/mnt/i/DIY/CS144/sponge/txrx.sh: line 110: 23157 Aborted                 $3 $4 ${SERVER_PORT} > "$1" < "$2"
Error in _rt_connect

        Start  60: t_ucS_128K_8K
 53/159 Test  #60: t_ucS_128K_8K ....................***Failed    0.21 sec
DEBUG: Listening for incoming connection... DEBUG: Connecting to 169.254.144.1:29815... done.
new connection from 169.254.144.1:35101.
DEBUG: Outbound stream to 169.254.144.1:35101 finished (1 byte still in flight).
DEBUG: Inbound stream from 169.254.144.1:29815 finished cleanly.
Exception in TCPConnection runner thread: TCPConnection::write() accepted less than advertised length
terminate called after throwing an instance of 'std::exception'
  what():  std::exception
/mnt/i/DIY/CS144/sponge/txrx.sh: line 110: 23177 Aborted                 $3 $4 ${SERVER_PORT} > "$1" < "$2"
Error in _rt_connect

        Start  61: t_ucS_16_1
 54/159 Test  #61: t_ucS_16_1 .......................***Failed    0.19 sec
DEBUG: Listening for incoming connection... DEBUG: Connecting to 169.254.144.1:5040... done.
new connection from 169.254.144.1:46645.
DEBUG: Outbound stream to 169.254.144.1:46645 finished (1 byte still in flight).
Exception in TCPConnection runner thread: TCPConnection::write() accepted less than advertised length
terminate called after throwing an instance of 'std::exception'
  what():  std::exception
/mnt/i/DIY/CS144/sponge/txrx.sh: line 110: 23197 Aborted                 $3 $4 ${SERVER_PORT} > "$1" < "$2"
Error in _rt_connect

        Start  62: t_ucS_32K_d
 55/159 Test  #62: t_ucS_32K_d ......................***Failed    0.19 sec
DEBUG: Listening for incoming connection... DEBUG: Connecting to 169.254.144.1:21628... done.
new connection from 169.254.144.1:51912.
DEBUG: Outbound stream to 169.254.144.1:51912 finished (1 byte still in flight).
DEBUG: Inbound stream from 169.254.144.1:21628 finished cleanly.
DEBUG: Waiting for clean shutdown... Exception in TCPConnection runner thread: TCPConnection::write() accepted less than advertised length
terminate called after throwing an instance of 'std::exception'
  what():  std::exception
/mnt/i/DIY/CS144/sponge/txrx.sh: line 110: 23215 Aborted                 $3 $4 ${SERVER_PORT} > "$1" < "$2"
Error in _rt_connect

        Start  63: t_ucR_1M_32k
 56/159 Test  #63: t_ucR_1M_32k .....................***Failed    0.30 sec
DEBUG: Listening for incoming connection... DEBUG: Connecting to 169.254.144.1:26775... done.
new connection from 169.254.144.1:60404.
DEBUG: Outbound stream to 169.254.144.1:26775 finished (1 byte still in flight).
DEBUG: Inbound stream from 169.254.144.1:60404 finished cleanly.
Exception in TCPConnection runner thread: TCPConnection::write() accepted less than advertised length
terminate called after throwing an instance of 'std::exception'
  what():  std::exception
DEBUG: TCP connection finished cleanly.
DEBUG: Waiting for clean shutdown... done.
/mnt/i/DIY/CS144/sponge/txrx.sh: line 110: 23233 Aborted                 coproc COPROC $3 -l $4 ${SERVER_PORT} > "$1" < "$2"
ERROR: d85b36d36c236ee7fd80cc04356001cfa9c91abf9ceebe422f2c3957409cba8c neq d158b81f96eb21ad9dbd21a09a764246bdb6415d231860203d59676195d5e91c or 

        Start  64: t_ucR_128K_8K
 57/159 Test  #64: t_ucR_128K_8K ....................***Failed    0.30 sec
DEBUG: Listening for incoming connection... DEBUG: Connecting to 169.254.144.1:31933... done.
new connection from 169.254.144.1:57858.
DEBUG: Outbound stream to 169.254.144.1:31933 finished (1 byte still in flight).
DEBUG: Inbound stream from 169.254.144.1:57858 finished cleanly.
Exception in TCPConnection runner thread: TCPConnection::write() accepted less than advertised length
terminate called after throwing an instance of 'std::exception'
  what():  std::exception
DEBUG: TCP connection finished cleanly.
DEBUG: Waiting for clean shutdown... done.
/mnt/i/DIY/CS144/sponge/txrx.sh: line 110: 23256 Aborted                 coproc COPROC $3 -l $4 ${SERVER_PORT} > "$1" < "$2"
ERROR: b3427f51764b783cf65d7ec4dd0dde55bda4f4feeceb3d7f70754c0d3a2adab1 neq 1e58069c180bb2d8ae7ba61cb67896ec6aed3d4fa458c0da14ddfe4ed957d3c1 or 

        Start  65: t_ucR_16_1
 58/159 Test  #65: t_ucR_16_1 .......................***Failed    0.30 sec
DEBUG: Listening for incoming connection... DEBUG: Connecting to 169.254.144.1:27163... done.
new connection from 169.254.144.1:43068.
DEBUG: Outbound stream to 169.254.144.1:27163 finished (1 byte still in flight).
Exception in TCPConnection runner thread: TCPConnection::write() accepted less than advertised length
terminate called after throwing an instance of 'std::exception'
  what():  std::exception
DEBUG: TCP connection finished cleanly.
DEBUG: Waiting for clean shutdown... done.
/mnt/i/DIY/CS144/sponge/txrx.sh: line 110: 23279 Aborted                 coproc COPROC $3 -l $4 ${SERVER_PORT} > "$1" < "$2"
ERROR: bd9d7f77c7fddeaed94c3a8f81540b38a78c1d98aa6a57b826fe663d08614448 neq 456e161a4ae40d305333d45f21b829f8f874810eb03153dd1bce5e3e1f84a677 or 

        Start  66: t_ucR_32K_d
 59/159 Test  #66: t_ucR_32K_d ......................***Failed    0.34 sec
DEBUG: Listening for incoming connection... DEBUG: Connecting to 169.254.144.1:14453... done.
new connection from 169.254.144.1:32857.
DEBUG: Outbound stream to 169.254.144.1:14453 finished (1 byte still in flight).
DEBUG: Inbound stream from 169.254.144.1:32857 finished cleanly.
DEBUG: Waiting for clean shutdown... Exception in TCPConnection runner thread: TCPConnection::write() accepted less than advertised length
terminate called after throwing an instance of 'std::exception'
  what():  std::exception
DEBUG: TCP connection finished cleanly.
DEBUG: Waiting for clean shutdown... done.
/mnt/i/DIY/CS144/sponge/txrx.sh: line 110: 23303 Aborted                 coproc COPROC $3 -l $4 ${SERVER_PORT} > "$1" < "$2"
ERROR: 81662aa3f765b6b6483c67d8b94b061f7b46b47004d236429d2649c3f49b9e40 neq 933c6af4c8db838e8473d2e52c306eddaa3dbb6b07533e92f0387e552135f76c or 

        Start  67: t_ucD_1M_32k
 60/159 Test  #67: t_ucD_1M_32k .....................***Failed    0.24 sec
DEBUG: Listening for incoming connection... DEBUG: Connecting to 169.254.144.1:29021... done.
new connection from 169.254.144.1:57740.
Exception in TCPConnection runner thread: TCPConnection::write() accepted less than advertised length
terminate called after throwing an instance of 'std::exception'
  what():  std::exception
Exception in TCPConnection runner thread: TCPConnection::write() accepted less than advertised length
terminate called after throwing an instance of 'std::exception'
  what():  std::exception
/mnt/i/DIY/CS144/sponge/txrx.sh: line 110: 23327 Aborted                 coproc COPROC $3 -l $4 ${SERVER_PORT} > "$1" < "$2"
/mnt/i/DIY/CS144/sponge/txrx.sh: line 110: 23329 Aborted                 $3 $4 ${SERVER_PORT} > "$1" < "$2"
Error in _rt_connect

        Start  68: t_ucD_128K_8K
 61/159 Test  #68: t_ucD_128K_8K ....................***Failed    0.21 sec
DEBUG: Listening for incoming connection... DEBUG: Connecting to 169.254.144.1:5799... done.
new connection from 169.254.144.1:43547.
Exception in TCPConnection runner thread: TCPConnection::write() accepted less than advertised length
terminate called after throwing an instance of 'std::exception'
  what():  std::exception
Exception in TCPConnection runner thread: TCPConnection::write() accepted less than advertised length
terminate called after throwing an instance of 'std::exception'
  what():  std::exception
/mnt/i/DIY/CS144/sponge/txrx.sh: line 110: 23348 Aborted                 coproc COPROC $3 -l $4 ${SERVER_PORT} > "$1" < "$2"
/mnt/i/DIY/CS144/sponge/txrx.sh: line 110: 23350 Aborted                 $3 $4 ${SERVER_PORT} > "$1" < "$2"
Error in _rt_connect

        Start  69: t_ucD_16_1
 62/159 Test  #69: t_ucD_16_1 .......................***Failed    0.19 sec
DEBUG: Listening for incoming connection... DEBUG: Connecting to 169.254.144.1:4899... done.
new connection from 169.254.144.1:41172.
Exception in TCPConnection runner thread: TCPConnection::write() accepted less than advertised length
terminate called after throwing an instance of 'std::exception'
  what():  std::exception
Exception in TCPConnection runner thread: TCPConnection::write() accepted less than advertised length
terminate called after throwing an instance of 'std::exception'
  what():  std::exception
/mnt/i/DIY/CS144/sponge/txrx.sh: line 110: 23369 Aborted                 coproc COPROC $3 -l $4 ${SERVER_PORT} > "$1" < "$2"
/mnt/i/DIY/CS144/sponge/txrx.sh: line 110: 23371 Aborted                 $3 $4 ${SERVER_PORT} > "$1" < "$2"
Error in _rt_connect

        Start  70: t_ucD_32K_d
 63/159 Test  #70: t_ucD_32K_d ......................***Failed    0.17 sec
DEBUG: Listening for incoming connection... DEBUG: Connecting to 169.254.144.1:7765... done.
new connection from 169.254.144.1:32949.
Exception in TCPConnection runner thread: TCPConnection::write() accepted less than advertised length
terminate called after throwing an instance of 'std::exception'
  what():  std::exception
Exception in TCPConnection runner thread: TCPConnection::write() accepted less than advertised length
terminate called after throwing an instance of 'std::exception'
  what():  std::exception
/mnt/i/DIY/CS144/sponge/txrx.sh: line 110: 23388 Aborted                 coproc COPROC $3 -l $4 ${SERVER_PORT} > "$1" < "$2"
/mnt/i/DIY/CS144/sponge/txrx.sh: line 110: 23390 Aborted                 $3 $4 ${SERVER_PORT} > "$1" < "$2"
Error in _rt_connect

        Start  71: t_usS_1M_32k
 64/159 Test  #71: t_usS_1M_32k .....................***Failed    0.30 sec
DEBUG: Listening for incoming connection... DEBUG: Connecting to 169.254.144.1:26244... done.
new connection from 169.254.144.1:45939.
DEBUG: Outbound stream to 169.254.144.1:26244 finished (1 byte still in flight).
DEBUG: Inbound stream from 169.254.144.1:45939 finished cleanly.
Exception in TCPConnection runner thread: TCPConnection::write() accepted less than advertised length
terminate called after throwing an instance of 'std::exception'
  what():  std::exception
DEBUG: TCP connection finished cleanly.
DEBUG: Waiting for clean shutdown... done.
/mnt/i/DIY/CS144/sponge/txrx.sh: line 110: 23408 Aborted                 coproc COPROC $3 -l $4 ${SERVER_PORT} > "$1" < "$2"
ERROR: 0d8653d99c82a53faa08095a7dd890a589ad7b293b310c116894e57158c5552a neq 18076e31b1f830186483a50304168c0956e97e48f0730b7da1f73363df587453 or 

        Start  72: t_usS_128K_8K
 65/159 Test  #72: t_usS_128K_8K ....................***Failed    0.32 sec
DEBUG: Listening for incoming connection... DEBUG: Connecting to 169.254.144.1:27543... done.
new connection from 169.254.144.1:45946.
DEBUG: Outbound stream to 169.254.144.1:27543 finished (1 byte still in flight).
DEBUG: Inbound stream from 169.254.144.1:45946 finished cleanly.
Exception in TCPConnection runner thread: TCPConnection::write() accepted less than advertised length
terminate called after throwing an instance of 'std::exception'
  what():  std::exception
DEBUG: TCP connection finished cleanly.
DEBUG: Waiting for clean shutdown... done.
/mnt/i/DIY/CS144/sponge/txrx.sh: line 110: 23431 Aborted                 coproc COPROC $3 -l $4 ${SERVER_PORT} > "$1" < "$2"
ERROR: 8606159df9f1855722badb33392362f808678cf72e983e878fea17f263a69593 neq ba737fc917c6e2308597304bd4c940b740e410d175e45114481a1298a01c07ab or 

        Start  73: t_usS_16_1
 66/159 Test  #73: t_usS_16_1 .......................***Failed    0.35 sec
DEBUG: Listening for incoming connection... DEBUG: Connecting to 169.254.144.1:12130... done.
new connection from 169.254.144.1:59908.
DEBUG: Outbound stream to 169.254.144.1:12130 finished (1 byte still in flight).
DEBUG: Inbound stream from 169.254.144.1:59908 finished cleanly.
DEBUG: Waiting for clean shutdown... Exception in TCPConnection runner thread: TCPConnection::write() accepted less than advertised length
terminate called after throwing an instance of 'std::exception'
  what():  std::exception
DEBUG: TCP connection finished cleanly.
DEBUG: Waiting for clean shutdown... done.
/mnt/i/DIY/CS144/sponge/txrx.sh: line 110: 23457 Aborted                 coproc COPROC $3 -l $4 ${SERVER_PORT} > "$1" < "$2"
ERROR: dacd9c2d9d379b23244fd1becef5f4b8ecfbb654fa3ce5a53789d9c9fb10437a neq cb270464df8d2009a2fbb2915fa63a679ba96955274653fda9e922229f2acbf5 or 

        Start  74: t_usS_32K_d
 67/159 Test  #74: t_usS_32K_d ......................***Failed    0.31 sec
DEBUG: Listening for incoming connection... DEBUG: Connecting to 169.254.144.1:7012... done.
new connection from 169.254.144.1:40304.
DEBUG: Outbound stream to 169.254.144.1:7012 finished (1 byte still in flight).
DEBUG: Inbound stream from 169.254.144.1:40304 finished cleanly.
DEBUG: Waiting for clean shutdown... Exception in TCPConnection runner thread: TCPConnection::write() accepted less than advertised length
terminate called after throwing an instance of 'std::exception'
  what():  std::exception
DEBUG: TCP connection finished cleanly.
DEBUG: Waiting for clean shutdown... done.
/mnt/i/DIY/CS144/sponge/txrx.sh: line 110: 23478 Aborted                 coproc COPROC $3 -l $4 ${SERVER_PORT} > "$1" < "$2"
ERROR: 27e9c6e01082111a6b5176ef34ccc15fcb638f83810c969acd18c04537a5d0db neq ca3f2bb7ed17bbbd80460e01700993e3d442710e1a60c7f2662abcc451535cef or 

        Start  75: t_usR_1M_32k
 68/159 Test  #75: t_usR_1M_32k .....................***Failed    0.25 sec
DEBUG: Listening for incoming connection... DEBUG: Connecting to 169.254.144.1:8291... done.
new connection from 169.254.144.1:42114.
DEBUG: Outbound stream to 169.254.144.1:42114 finished (1 byte still in flight).
DEBUG: Inbound stream from 169.254.144.1:8291 finished cleanly.
Exception in TCPConnection runner thread: TCPConnection::write() accepted less than advertised length
terminate called after throwing an instance of 'std::exception'
  what():  std::exception
/mnt/i/DIY/CS144/sponge/txrx.sh: line 110: 23503 Aborted                 $3 $4 ${SERVER_PORT} > "$1" < "$2"
Error in _rt_connect

        Start  76: t_usR_128K_8K
 69/159 Test  #76: t_usR_128K_8K ....................***Failed    0.18 sec
DEBUG: Listening for incoming connection... DEBUG: Connecting to 169.254.144.1:32841... done.
new connection from 169.254.144.1:57098.
DEBUG: Outbound stream to 169.254.144.1:57098 finished (1 byte still in flight).
DEBUG: Inbound stream from 169.254.144.1:32841 finished cleanly.
Exception in TCPConnection runner thread: TCPConnection::write() accepted less than advertised length
terminate called after throwing an instance of 'std::exception'
  what():  std::exception
/mnt/i/DIY/CS144/sponge/txrx.sh: line 110: 23523 Aborted                 $3 $4 ${SERVER_PORT} > "$1" < "$2"
Error in _rt_connect

        Start  77: t_usR_16_1
 70/159 Test  #77: t_usR_16_1 .......................***Failed    0.19 sec
DEBUG: Listening for incoming connection... DEBUG: Connecting to 169.254.144.1:28981... done.
new connection from 169.254.144.1:54905.
DEBUG: Outbound stream to 169.254.144.1:54905 finished (1 byte still in flight).
DEBUG: Inbound stream from 169.254.144.1:28981 finished cleanly.
DEBUG: Waiting for clean shutdown... Exception in TCPConnection runner thread: TCPConnection::write() accepted less than advertised length
terminate called after throwing an instance of 'std::exception'
  what():  std::exception
/mnt/i/DIY/CS144/sponge/txrx.sh: line 110: 23543 Aborted                 $3 $4 ${SERVER_PORT} > "$1" < "$2"
Error in _rt_connect

        Start  78: t_usR_32K_d
 71/159 Test  #78: t_usR_32K_d ......................***Failed    0.20 sec
DEBUG: Listening for incoming connection... DEBUG: Connecting to 169.254.144.1:31311... done.
new connection from 169.254.144.1:56477.
DEBUG: Outbound stream to 169.254.144.1:56477 finished (1 byte still in flight).
DEBUG: Inbound stream from 169.254.144.1:31311 finished cleanly.
DEBUG: Waiting for clean shutdown... Exception in TCPConnection runner thread: TCPConnection::write() accepted less than advertised length
terminate called after throwing an instance of 'std::exception'
  what():  std::exception
/mnt/i/DIY/CS144/sponge/txrx.sh: line 110: 23561 Aborted                 $3 $4 ${SERVER_PORT} > "$1" < "$2"
Error in _rt_connect

        Start  79: t_usD_1M_32k
 72/159 Test  #79: t_usD_1M_32k .....................***Failed    0.27 sec
DEBUG: Listening for incoming connection... DEBUG: Connecting to 169.254.144.1:21266... done.
new connection from 169.254.144.1:38819.
Exception in TCPConnection runner thread: TCPConnection::write() accepted less than advertised length
terminate called after throwing an instance of 'std::exception'
  what():  std::exception
Exception in TCPConnection runner thread: TCPConnection::write() accepted less than advertised length
terminate called after throwing an instance of 'std::exception'
  what():  std::exception
/mnt/i/DIY/CS144/sponge/txrx.sh: line 110: 23583 Aborted                 coproc COPROC $3 -l $4 ${SERVER_PORT} > "$1" < "$2"
/mnt/i/DIY/CS144/sponge/txrx.sh: line 110: 23585 Aborted                 $3 $4 ${SERVER_PORT} > "$1" < "$2"
Error in _rt_connect

        Start  80: t_usD_128K_8K
 73/159 Test  #80: t_usD_128K_8K ....................***Failed    0.19 sec
DEBUG: Listening for incoming connection... DEBUG: Connecting to 169.254.144.1:5302... done.
new connection from 169.254.144.1:53921.
Exception in TCPConnection runner thread: TCPConnection::write() accepted less than advertised length
terminate called after throwing an instance of 'std::exception'
  what():  std::exception
/mnt/i/DIY/CS144/sponge/txrx.sh: line 110: 23606 Aborted                 $3 $4 ${SERVER_PORT} > "$1" < "$2"
Error in _rt_connect

        Start  81: t_usD_16_1
 74/159 Test  #81: t_usD_16_1 .......................***Failed    0.17 sec
DEBUG: Listening for incoming connection... DEBUG: Connecting to 169.254.144.1:9754... done.
new connection from 169.254.144.1:55834.
Exception in TCPConnection runner thread: TCPConnection::write() accepted less than advertised length
terminate called after throwing an instance of 'std::exception'
  what():  std::exception
Exception in TCPConnection runner thread: TCPConnection::write() accepted less than advertised length
terminate called after throwing an instance of 'std::exception'
  what():  std::exception
/mnt/i/DIY/CS144/sponge/txrx.sh: line 110: 23625 Aborted                 coproc COPROC $3 -l $4 ${SERVER_PORT} > "$1" < "$2"
/mnt/i/DIY/CS144/sponge/txrx.sh: line 110: 23627 Aborted                 $3 $4 ${SERVER_PORT} > "$1" < "$2"
Error in _rt_connect

        Start  82: t_usD_32K_d
 75/159 Test  #82: t_usD_32K_d ......................***Failed    0.19 sec
DEBUG: Listening for incoming connection... DEBUG: Connecting to 169.254.144.1:28215... done.
new connection from 169.254.144.1:34829.
Exception in TCPConnection runner thread: TCPConnection::write() accepted less than advertised length
terminate called after throwing an instance of 'std::exception'
  what():  std::exception
Exception in TCPConnection runner thread: TCPConnection::write() accepted less than advertised length
terminate called after throwing an instance of 'std::exception'
  what():  std::exception
/mnt/i/DIY/CS144/sponge/txrx.sh: line 110: 23644 Aborted                 coproc COPROC $3 -l $4 ${SERVER_PORT} > "$1" < "$2"
/mnt/i/DIY/CS144/sponge/txrx.sh: line 110: 23646 Aborted                 $3 $4 ${SERVER_PORT} > "$1" < "$2"
Error in _rt_connect

        Start  83: t_ucS_128K_8K_l
 76/159 Test  #83: t_ucS_128K_8K_l ..................***Failed    0.24 sec
DEBUG: Listening for incoming connection... DEBUG: Connecting to 169.254.144.1:10741... done.
new connection from 169.254.144.1:47606.
DEBUG: Outbound stream to 169.254.144.1:47606 finished (1 byte still in flight).
DEBUG: Inbound stream from 169.254.144.1:10741 finished cleanly.
Exception in TCPConnection runner thread: TCPConnection::write() accepted less than advertised length
terminate called after throwing an instance of 'std::exception'
  what():  std::exception
/mnt/i/DIY/CS144/sponge/txrx.sh: line 110: 23666 Aborted                 $3 $4 ${SERVER_PORT} > "$1" < "$2"
Error in _rt_connect

        Start  84: t_ucS_128K_8K_L
 77/159 Test  #84: t_ucS_128K_8K_L ..................***Failed    0.20 sec
DEBUG: Listening for incoming connection... DEBUG: Connecting to 169.254.144.1:21207... done.
new connection from 169.254.144.1:42344.
DEBUG: Outbound stream to 169.254.144.1:42344 finished (1 byte still in flight).
DEBUG: Inbound stream from 169.254.144.1:21207 finished cleanly.
Exception in TCPConnection runner thread: TCPConnection::write() accepted less than advertised length
terminate called after throwing an instance of 'std::exception'
  what():  std::exception
/mnt/i/DIY/CS144/sponge/txrx.sh: line 110: 23686 Aborted                 $3 $4 ${SERVER_PORT} > "$1" < "$2"
Error in _rt_connect

        Start  85: t_ucS_128K_8K_lL
 78/159 Test  #85: t_ucS_128K_8K_lL .................***Timeout  10.00 sec
DEBUG: Listening for incoming connection... DEBUG: Connecting to 169.254.144.1:26579... 

        Start  86: t_ucR_128K_8K_l
 79/159 Test  #86: t_ucR_128K_8K_l ..................***Failed    0.30 sec
DEBUG: Listening for incoming connection... DEBUG: Connecting to 169.254.144.1:9122... done.
new connection from 169.254.144.1:52161.
DEBUG: Outbound stream to 169.254.144.1:9122 finished (1 byte still in flight).
DEBUG: Inbound stream from 169.254.144.1:52161 finished cleanly.
Exception in TCPConnection runner thread: TCPConnection::write() accepted less than advertised length
terminate called after throwing an instance of 'std::exception'
  what():  std::exception
DEBUG: TCP connection finished cleanly.
DEBUG: Waiting for clean shutdown... done.
/mnt/i/DIY/CS144/sponge/txrx.sh: line 110: 23736 Aborted                 coproc COPROC $3 -l $4 ${SERVER_PORT} > "$1" < "$2"
ERROR: a83e5cbdd671f1625db2947867398c056c453faa1666995d97da96492884dce7 neq 772af44ec368391f5407d6bbd2dddde965f02cc4926b6cc0beb323634b9dd287 or 

        Start  87: t_ucR_128K_8K_L
 80/159 Test  #87: t_ucR_128K_8K_L ..................***Failed    0.31 sec
DEBUG: Listening for incoming connection... DEBUG: Connecting to 169.254.144.1:9753... done.
new connection from 169.254.144.1:36591.
DEBUG: Outbound stream to 169.254.144.1:9753 finished (1 byte still in flight).
DEBUG: Inbound stream from 169.254.144.1:36591 finished cleanly.
Exception in TCPConnection runner thread: TCPConnection::write() accepted less than advertised length
terminate called after throwing an instance of 'std::exception'
  what():  std::exception
DEBUG: TCP connection finished cleanly.
DEBUG: Waiting for clean shutdown... done.
/mnt/i/DIY/CS144/sponge/txrx.sh: line 110: 23759 Aborted                 coproc COPROC $3 -l $4 ${SERVER_PORT} > "$1" < "$2"
ERROR: b696877d7cbe9584b6f35749e1cf38b68d604b80d53eef2545be187abc83c15e neq afe4645164fa21d31ec313c156347885c305b6ea1219aa34273eb7ca3ee84e61 or 

        Start  88: t_ucR_128K_8K_lL
 81/159 Test  #88: t_ucR_128K_8K_lL .................***Failed    0.29 sec
DEBUG: Listening for incoming connection... DEBUG: Connecting to 169.254.144.1:29366... done.
new connection from 169.254.144.1:49632.
DEBUG: Outbound stream to 169.254.144.1:29366 finished (1 byte still in flight).
DEBUG: Inbound stream from 169.254.144.1:49632 finished cleanly.
Exception in TCPConnection runner thread: TCPConnection::write() accepted less than advertised length
terminate called after throwing an instance of 'std::exception'
  what():  std::exception
DEBUG: TCP connection finished cleanly.
DEBUG: Waiting for clean shutdown... done.
/mnt/i/DIY/CS144/sponge/txrx.sh: line 110: 23782 Aborted                 coproc COPROC $3 -l $4 ${SERVER_PORT} > "$1" < "$2"
ERROR: b8f8ec03b477256978b6c4cb31aeba41c68bf6e895ecd46aa584a8073076e351 neq 2ecdcc54065cd2d10d39b6f8b6303658ac0021dff61626417de40207269149e1 or 

        Start  89: t_ucD_128K_8K_l
 82/159 Test  #89: t_ucD_128K_8K_l ..................***Failed    0.20 sec
DEBUG: Listening for incoming connection... DEBUG: Connecting to 169.254.144.1:9146... done.
new connection from 169.254.144.1:52955.
Exception in TCPConnection runner thread: TCPConnection::write() accepted less than advertised length
terminate called after throwing an instance of 'std::exception'
  what():  std::exception
/mnt/i/DIY/CS144/sponge/txrx.sh: line 110: 23811 Aborted                 $3 $4 ${SERVER_PORT} > "$1" < "$2"
Error in _rt_connect

        Start  90: t_ucD_128K_8K_L
 83/159 Test  #90: t_ucD_128K_8K_L ..................***Failed    0.19 sec
DEBUG: Listening for incoming connection... DEBUG: Connecting to 169.254.144.1:13564... done.
new connection from 169.254.144.1:41813.
Exception in TCPConnection runner thread: TCPConnection::write() accepted less than advertised length
terminate called after throwing an instance of 'std::exception'
  what():  std::exception
Exception in TCPConnection runner thread: TCPConnection::write() accepted less than advertised length
terminate called after throwing an instance of 'std::exception'
  what():  std::exception
/mnt/i/DIY/CS144/sponge/txrx.sh: line 110: 23830 Aborted                 coproc COPROC $3 -l $4 ${SERVER_PORT} > "$1" < "$2"
/mnt/i/DIY/CS144/sponge/txrx.sh: line 110: 23832 Aborted                 $3 $4 ${SERVER_PORT} > "$1" < "$2"
Error in _rt_connect

        Start  91: t_ucD_128K_8K_lL
 84/159 Test  #91: t_ucD_128K_8K_lL .................***Failed    0.20 sec
DEBUG: Listening for incoming connection... DEBUG: Connecting to 169.254.144.1:16943... done.
new connection from 169.254.144.1:36213.
Exception in TCPConnection runner thread: TCPConnection::write() accepted less than advertised length
terminate called after throwing an instance of 'std::exception'
  what():  std::exception
/mnt/i/DIY/CS144/sponge/txrx.sh: line 110: 23853 Aborted                 $3 $4 ${SERVER_PORT} > "$1" < "$2"
Error in _rt_connect

        Start  92: t_usS_128K_8K_l
 85/159 Test  #92: t_usS_128K_8K_l ..................***Failed    0.29 sec
DEBUG: Listening for incoming connection... DEBUG: Connecting to 169.254.144.1:15270... done.
new connection from 169.254.144.1:37266.
DEBUG: Outbound stream to 169.254.144.1:15270 finished (1 byte still in flight).
DEBUG: Inbound stream from 169.254.144.1:37266 finished cleanly.
Exception in TCPConnection runner thread: TCPConnection::write() accepted less than advertised length
terminate called after throwing an instance of 'std::exception'
  what():  std::exception
DEBUG: TCP connection finished cleanly.
DEBUG: Waiting for clean shutdown... done.
/mnt/i/DIY/CS144/sponge/txrx.sh: line 110: 23871 Aborted                 coproc COPROC $3 -l $4 ${SERVER_PORT} > "$1" < "$2"
ERROR: 7bb01f7aa2e46b955d69b9bd12e5a38071f31f03938b58aa4fd7aad2275ec4a4 neq abfa1ddcc8393ac08a7f21ea641aec4d599d3e66fefc9b4f6680414663884273 or 

        Start  93: t_usS_128K_8K_L
 86/159 Test  #93: t_usS_128K_8K_L ..................***Failed    0.33 sec
DEBUG: Listening for incoming connection... DEBUG: Connecting to 169.254.144.1:10228... done.
new connection from 169.254.144.1:37258.
DEBUG: Outbound stream to 169.254.144.1:10228 finished (1 byte still in flight).
DEBUG: Inbound stream from 169.254.144.1:37258 finished cleanly.
Exception in TCPConnection runner thread: TCPConnection::write() accepted less than advertised length
terminate called after throwing an instance of 'std::exception'
  what():  std::exception
DEBUG: TCP connection finished cleanly.
DEBUG: Waiting for clean shutdown... done.
/mnt/i/DIY/CS144/sponge/txrx.sh: line 110: 23894 Aborted                 coproc COPROC $3 -l $4 ${SERVER_PORT} > "$1" < "$2"
ERROR: 67e9f79139851568f80ae331c4438b5927fb24db2cb5b4df5d4584e26902ab39 neq cdb83bf01a64db741d4830af420ec127f70b91101e3f48106bac8e943efa2f08 or 

        Start  94: t_usS_128K_8K_lL
 87/159 Test  #94: t_usS_128K_8K_lL .................***Failed    0.34 sec
DEBUG: Listening for incoming connection... DEBUG: Connecting to 169.254.144.1:22760... done.
new connection from 169.254.144.1:46868.
DEBUG: Outbound stream to 169.254.144.1:22760 finished (1 byte still in flight).
DEBUG: Inbound stream from 169.254.144.1:46868 finished cleanly.
Exception in TCPConnection runner thread: TCPConnection::write() accepted less than advertised length
terminate called after throwing an instance of 'std::exception'
  what():  std::exception
DEBUG: TCP connection finished cleanly.
DEBUG: Waiting for clean shutdown... done.
/mnt/i/DIY/CS144/sponge/txrx.sh: line 110: 23917 Aborted                 coproc COPROC $3 -l $4 ${SERVER_PORT} > "$1" < "$2"
ERROR: baf227c77852357e1c130ce282be674f27a81c7028b377e6e3d389d33d7ef052 neq 88f97428e58dce26f0d9cdddf8713e9576ce4516005ceec16f5585b4eeb932ee or 

        Start  95: t_usR_128K_8K_l
 88/159 Test  #95: t_usR_128K_8K_l ..................***Failed    0.19 sec
DEBUG: Listening for incoming connection... DEBUG: Connecting to 169.254.144.1:24844... done.
new connection from 169.254.144.1:60451.
DEBUG: Outbound stream to 169.254.144.1:60451 finished (1 byte still in flight).
DEBUG: Inbound stream from 169.254.144.1:24844 finished cleanly.
Exception in TCPConnection runner thread: TCPConnection::write() accepted less than advertised length
terminate called after throwing an instance of 'std::exception'
  what():  std::exception
/mnt/i/DIY/CS144/sponge/txrx.sh: line 110: 23942 Aborted                 $3 $4 ${SERVER_PORT} > "$1" < "$2"
Error in _rt_connect

        Start  96: t_usR_128K_8K_L
 89/159 Test  #96: t_usR_128K_8K_L ..................***Failed    0.21 sec
DEBUG: Listening for incoming connection... DEBUG: Connecting to 169.254.144.1:6239... done.
new connection from 169.254.144.1:52959.
DEBUG: Outbound stream to 169.254.144.1:52959 finished (1 byte still in flight).
DEBUG: Inbound stream from 169.254.144.1:6239 finished cleanly.
Exception in TCPConnection runner thread: TCPConnection::write() accepted less than advertised length
terminate called after throwing an instance of 'std::exception'
  what():  std::exception
/mnt/i/DIY/CS144/sponge/txrx.sh: line 110: 23965 Aborted                 $3 $4 ${SERVER_PORT} > "$1" < "$2"
Error in _rt_connect

        Start  97: t_usR_128K_8K_lL
 90/159 Test  #97: t_usR_128K_8K_lL .................***Failed    0.22 sec
DEBUG: Listening for incoming connection... DEBUG: Connecting to 169.254.144.1:29959... done.
new connection from 169.254.144.1:52446.
DEBUG: Outbound stream to 169.254.144.1:52446 finished (1 byte still in flight).
DEBUG: Inbound stream from 169.254.144.1:29959 finished cleanly.
Exception in TCPConnection runner thread: TCPConnection::write() accepted less than advertised length
terminate called after throwing an instance of 'std::exception'
  what():  std::exception
/mnt/i/DIY/CS144/sponge/txrx.sh: line 110: 23985 Aborted                 $3 $4 ${SERVER_PORT} > "$1" < "$2"
Error in _rt_connect

        Start  98: t_usD_128K_8K_l
 91/159 Test  #98: t_usD_128K_8K_l ..................***Failed    0.19 sec
DEBUG: Listening for incoming connection... DEBUG: Connecting to 169.254.144.1:30771... done.
new connection from 169.254.144.1:39295.
Exception in TCPConnection runner thread: TCPConnection::write() accepted less than advertised length
terminate called after throwing an instance of 'std::exception'
  what():  std::exception
Exception in TCPConnection runner thread: TCPConnection::write() accepted less than advertised length
terminate called after throwing an instance of 'std::exception'
  what():  std::exception
/mnt/i/DIY/CS144/sponge/txrx.sh: line 110: 24006 Aborted                 $3 $4 ${SERVER_PORT} > "$1" < "$2"
Error in _rt_connect
/mnt/i/DIY/CS144/sponge/txrx.sh: line 156: 24004 Aborted                 coproc COPROC $3 -l $4 ${SERVER_PORT} > "$1" < "$2"

        Start  99: t_usD_128K_8K_L
 92/159 Test  #99: t_usD_128K_8K_L ..................***Failed    0.20 sec
DEBUG: Listening for incoming connection... DEBUG: Connecting to 169.254.144.1:10405... done.
new connection from 169.254.144.1:58269.
Exception in TCPConnection runner thread: TCPConnection::write() accepted less than advertised length
terminate called after throwing an instance of 'std::exception'
  what():  std::exception
Exception in TCPConnection runner thread: TCPConnection::write() accepted less than advertised length
terminate called after throwing an instance of 'std::exception'
  what():  std::exception
/mnt/i/DIY/CS144/sponge/txrx.sh: line 110: 24027 Aborted                 $3 $4 ${SERVER_PORT} > "$1" < "$2"
Error in _rt_connect
/mnt/i/DIY/CS144/sponge/txrx.sh: line 156: 24025 Aborted                 coproc COPROC $3 -l $4 ${SERVER_PORT} > "$1" < "$2"

        Start 100: t_usD_128K_8K_lL
 93/159 Test #100: t_usD_128K_8K_lL .................***Failed    0.18 sec
DEBUG: Listening for incoming connection... DEBUG: Connecting to 169.254.144.1:19387... done.
new connection from 169.254.144.1:57299.
Exception in TCPConnection runner thread: TCPConnection::write() accepted less than advertised length
terminate called after throwing an instance of 'std::exception'
  what():  std::exception
/mnt/i/DIY/CS144/sponge/txrx.sh: line 110: 24048 Aborted                 $3 $4 ${SERVER_PORT} > "$1" < "$2"
Error in _rt_connect

        Start 101: t_ipv4_client_send
 94/159 Test #101: t_ipv4_client_send ...............***Failed    0.16 sec
DEBUG: Listening for incoming connection... DEBUG: Connecting to 169.254.145.9:24862... done.
new connection from 169.254.144.9:42066.
DEBUG: Outbound stream to 169.254.144.9:42066 finished (1 byte still in flight).
Exception in TCPConnection runner thread: TCPConnection::write() accepted less than advertised length
terminate called after throwing an instance of 'std::exception'
  what():  std::exception
/mnt/i/DIY/CS144/sponge/txrx.sh: line 110: 24066 Aborted                 $3 $4 ${SERVER_PORT} > "$1" < "$2"
Error in _rt_connect

        Start 102: t_ipv4_server_send
 95/159 Test #102: t_ipv4_server_send ...............***Failed    0.29 sec
DEBUG: Listening for incoming connection... DEBUG: Connecting to 169.254.144.9:21938... done.
DEBUG: Outbound stream to 169.254.144.9:21938 finished (1 byte still in flight).
new connection from 169.254.145.9:34981.
Exception in TCPConnection runner thread: TCPConnection::write() accepted less than advertised length
terminate called after throwing an instance of 'std::exception'
  what():  std::exception
DEBUG: TCP connection finished cleanly.
DEBUG: Waiting for clean shutdown... done.
/mnt/i/DIY/CS144/sponge/txrx.sh: line 110: 24082 Aborted                 coproc COPROC $3 -l $4 ${SERVER_PORT} > "$1" < "$2"
ERROR: d6fbdf898b8ac0fa44bc4161452cc11617f73f7e46459402cc06baed3be41b63 neq 085c7548932c96f190cd9a365530d9b6881ebbe67a3ed2809f6d96f01a5bd7b6 or 

        Start 103: t_ipv4_client_recv
 96/159 Test #103: t_ipv4_client_recv ...............***Failed    0.31 sec
DEBUG: Listening for incoming connection... DEBUG: Connecting to 169.254.145.9:20341... done.
DEBUG: Outbound stream to 169.254.145.9:20341 finished (1 byte still in flight).
new connection from 169.254.144.9:34114.
Exception in TCPConnection runner thread: TCPConnection::write() accepted less than advertised length
terminate called after throwing an instance of 'std::exception'
  what():  std::exception
DEBUG: TCP connection finished cleanly.
DEBUG: Waiting for clean shutdown... done.
/mnt/i/DIY/CS144/sponge/txrx.sh: line 110: 24103 Aborted                 coproc COPROC $3 -l $4 ${SERVER_PORT} > "$1" < "$2"
ERROR: 39a42397a9bcfe0aee13c84b317053f1bd57cb0cf01618ede933bbc93367593e neq abb4a04d05f27e8f7f82d7db1f5084de6e2b4b79145c48bab3a67aa82f3397ab or 

        Start 104: t_ipv4_server_recv
 97/159 Test #104: t_ipv4_server_recv ...............***Failed    0.16 sec
DEBUG: Listening for incoming connection... DEBUG: Connecting to 169.254.144.9:1596... done.
new connection from 169.254.145.9:30377.
DEBUG: Outbound stream to 169.254.145.9:30377 finished (1 byte still in flight).
Exception in TCPConnection runner thread: TCPConnection::write() accepted less than advertised length
terminate called after throwing an instance of 'std::exception'
  what():  std::exception
/mnt/i/DIY/CS144/sponge/txrx.sh: line 110: 24129 Aborted                 $3 $4 ${SERVER_PORT} > "$1" < "$2"
Error in _rt_connect

        Start 105: t_ipv4_client_dupl
 98/159 Test #105: t_ipv4_client_dupl ...............***Failed    0.16 sec
DEBUG: Listening for incoming connection... DEBUG: Connecting to 169.254.145.9:26752... done.
new connection from 169.254.144.9:39320.
Exception in TCPConnection runner thread: TCPConnection::write() accepted less than advertised length
terminate called after throwing an instance of 'std::exception'
  what():  std::exception
Exception in TCPConnection runner thread: TCPConnection::write() accepted less than advertised length
terminate called after throwing an instance of 'std::exception'
  what():  std::exception
/mnt/i/DIY/CS144/sponge/txrx.sh: line 110: 24146 Aborted                 coproc COPROC $3 -l $4 ${SERVER_PORT} > "$1" < "$2"
/mnt/i/DIY/CS144/sponge/txrx.sh: line 110: 24148 Aborted                 $3 $4 ${SERVER_PORT} > "$1" < "$2"
Error in _rt_connect

        Start 106: t_ipv4_server_dupl
 99/159 Test #106: t_ipv4_server_dupl ...............***Failed    0.18 sec
DEBUG: Listening for incoming connection... DEBUG: Connecting to 169.254.144.9:26573... done.
new connection from 169.254.145.9:25278.
Exception in TCPConnection runner thread: TCPConnection::write() accepted less than advertised length
terminate called after throwing an instance of 'std::exception'
  what():  std::exception
Exception in TCPConnection runner thread: TCPConnection::write() accepted less than advertised length
terminate called after throwing an instance of 'std::exception'
  what():  std::exception
/mnt/i/DIY/CS144/sponge/txrx.sh: line 110: 24165 Aborted                 coproc COPROC $3 -l $4 ${SERVER_PORT} > "$1" < "$2"
/mnt/i/DIY/CS144/sponge/txrx.sh: line 110: 24167 Aborted                 $3 $4 ${SERVER_PORT} > "$1" < "$2"
Error in _rt_connect

        Start 107: t_icS_1M_32k
100/159 Test #107: t_icS_1M_32k .....................***Failed    0.27 sec
DEBUG: Listening for incoming connection... DEBUG: Connecting to 169.254.145.9:13532... done.
new connection from 169.254.144.9:57695.
DEBUG: Outbound stream to 169.254.144.9:57695 finished (1 byte still in flight).
DEBUG: Inbound stream from 169.254.145.9:13532 finished cleanly.
Exception in TCPConnection runner thread: TCPConnection::write() accepted less than advertised length
terminate called after throwing an instance of 'std::exception'
  what():  std::exception
/mnt/i/DIY/CS144/sponge/txrx.sh: line 110: 24187 Aborted                 $3 $4 ${SERVER_PORT} > "$1" < "$2"
Error in _rt_connect

        Start 108: t_icS_128K_8K
101/159 Test #108: t_icS_128K_8K ....................***Failed    0.24 sec
DEBUG: Listening for incoming connection... DEBUG: Connecting to 169.254.145.9:6718... done.
new connection from 169.254.144.9:38547.
DEBUG: Outbound stream to 169.254.144.9:38547 finished (1 byte still in flight).
DEBUG: Inbound stream from 169.254.145.9:6718 finished cleanly.
DEBUG: Waiting for clean shutdown... Exception in TCPConnection runner thread: TCPConnection::write() accepted less than advertised length
terminate called after throwing an instance of 'std::exception'
  what():  std::exception
/mnt/i/DIY/CS144/sponge/txrx.sh: line 110: 24207 Aborted                 $3 $4 ${SERVER_PORT} > "$1" < "$2"
Error in _rt_connect

        Start 109: t_icS_16_1
102/159 Test #109: t_icS_16_1 .......................***Failed    0.17 sec
DEBUG: Listening for incoming connection... DEBUG: Connecting to 169.254.145.9:9784... done.
new connection from 169.254.144.9:4596.
DEBUG: Outbound stream to 169.254.144.9:4596 finished (1 byte still in flight).
Exception in TCPConnection runner thread: TCPConnection::write() accepted less than advertised length
terminate called after throwing an instance of 'std::exception'
  what():  std::exception
/mnt/i/DIY/CS144/sponge/txrx.sh: line 110: 24227 Aborted                 $3 $4 ${SERVER_PORT} > "$1" < "$2"
Error in _rt_connect

        Start 110: t_icS_32K_d
103/159 Test #110: t_icS_32K_d ......................***Failed    0.17 sec
DEBUG: Listening for incoming connection... DEBUG: Connecting to 169.254.145.9:23959... done.
new connection from 169.254.144.9:25196.
DEBUG: Outbound stream to 169.254.144.9:25196 finished (1 byte still in flight).
DEBUG: Inbound stream from 169.254.145.9:23959 finished cleanly.
DEBUG: Waiting for clean shutdown... Exception in TCPConnection runner thread: TCPConnection::write() accepted less than advertised length
terminate called after throwing an instance of 'std::exception'
  what():  std::exception
/mnt/i/DIY/CS144/sponge/txrx.sh: line 110: 24245 Aborted                 $3 $4 ${SERVER_PORT} > "$1" < "$2"
Error in _rt_connect

        Start 111: t_icR_1M_32k
104/159 Test #111: t_icR_1M_32k .....................***Failed    0.30 sec
DEBUG: Listening for incoming connection... DEBUG: Connecting to 169.254.145.9:4802... done.
DEBUG: Outbound stream to 169.254.145.9:4802 finished (1 byte still in flight).
new connection from 169.254.144.9:59311.
DEBUG: Inbound stream from 169.254.144.9:59311 finished cleanly.
Exception in TCPConnection runner thread: TCPConnection::write() accepted less than advertised length
terminate called after throwing an instance of 'std::exception'
  what():  std::exception
DEBUG: TCP connection finished cleanly.
DEBUG: Waiting for clean shutdown... done.
/mnt/i/DIY/CS144/sponge/txrx.sh: line 110: 24263 Aborted                 coproc COPROC $3 -l $4 ${SERVER_PORT} > "$1" < "$2"
ERROR: 1b28345ccdcf8e5de8547ea1b0a1ff49acf259053f29bc494f3b50f77ffd32c5 neq 182a4de19abf000e8db014270b6753629ac51546e1465c40a8c74f10a9380d3a or 

        Start 112: t_icR_128K_8K
105/159 Test #112: t_icR_128K_8K ....................***Failed    0.31 sec
DEBUG: Listening for incoming connection... DEBUG: Connecting to 169.254.145.9:30184... done.
DEBUG: Outbound stream to 169.254.145.9:30184 finished (1 byte still in flight).
new connection from 169.254.144.9:42863.
DEBUG: Inbound stream from 169.254.144.9:42863 finished cleanly.
Exception in TCPConnection runner thread: TCPConnection::write() accepted less than advertised length
terminate called after throwing an instance of 'std::exception'
  what():  std::exception
DEBUG: TCP connection finished cleanly.
DEBUG: Waiting for clean shutdown... done.
/mnt/i/DIY/CS144/sponge/txrx.sh: line 110: 24289 Aborted                 coproc COPROC $3 -l $4 ${SERVER_PORT} > "$1" < "$2"
ERROR: 0a8984729c5436b571e335ceec3b21f9abace314b2fb6eb8f1c43525cd8ebee9 neq 8e8194da596f3eb0def3be92a489b3dafebc3ad97c1d5f0474767c7c3135013c or 

        Start 113: t_icR_16_1
106/159 Test #113: t_icR_16_1 .......................***Failed    0.30 sec
DEBUG: Listening for incoming connection... DEBUG: Connecting to 169.254.145.9:22450... done.
DEBUG: Outbound stream to new connection from 169.254.145.9:22450 finished (169.254.144.9:19519.
1 byte still in flight).
Exception in TCPConnection runner thread: TCPConnection::write() accepted less than advertised length
terminate called after throwing an instance of 'std::exception'
  what():  std::exception
DEBUG: TCP connection finished cleanly.
DEBUG: Waiting for clean shutdown... done.
/mnt/i/DIY/CS144/sponge/txrx.sh: line 110: 24312 Aborted                 coproc COPROC $3 -l $4 ${SERVER_PORT} > "$1" < "$2"
ERROR: 404bf7554061ca8a58bac11d71041ef0d7a51572ce38bf84d18f39c766f638de neq d8f7fae237584a95a6cf7d686051ac2f8826f211947a449f868302ea741b49b4 or 

        Start 114: t_icR_32K_d
107/159 Test #114: t_icR_32K_d ......................***Failed    0.31 sec
DEBUG: Listening for incoming connection... DEBUG: Connecting to 169.254.145.9:14650... done.
DEBUG: Outbound stream to new connection from 169.254.145.9:14650 finished (169.254.144.9:44785.
1 byte still in flight).
DEBUG: Inbound stream from 169.254.144.9:44785 finished cleanly.
DEBUG: Waiting for clean shutdown... Exception in TCPConnection runner thread: TCPConnection::write() accepted less than advertised length
terminate called after throwing an instance of 'std::exception'
  what():  std::exception
DEBUG: TCP connection finished cleanly.
DEBUG: Waiting for clean shutdown... done.
/mnt/i/DIY/CS144/sponge/txrx.sh: line 110: 24333 Aborted                 coproc COPROC $3 -l $4 ${SERVER_PORT} > "$1" < "$2"
ERROR: 72ad12f7a89a6c304f3938bf142fc3ed6f2073df5d65c955c0c03686976a5c4a neq 01fc4558de8c2896f3e535fdf78f483e5b4a0a503790add8b0d7f5b2dc58a351 or 

        Start 115: t_icD_1M_32k
108/159 Test #115: t_icD_1M_32k .....................***Failed    0.26 sec
DEBUG: Listening for incoming connection... DEBUG: Connecting to 169.254.145.9:8926... done.
new connection from 169.254.144.9:47354.
Exception in TCPConnection runner thread: TCPConnection::write() accepted less than advertised length
terminate called after throwing an instance of 'std::exception'
  what():  std::exception
/mnt/i/DIY/CS144/sponge/txrx.sh: line 110: 24359 Aborted                 $3 $4 ${SERVER_PORT} > "$1" < "$2"
Error in _rt_connect

        Start 116: t_icD_128K_8K
109/159 Test #116: t_icD_128K_8K ....................***Failed    0.26 sec
DEBUG: Listening for incoming connection... DEBUG: Connecting to 169.254.145.9:3753... done.
new connection from 169.254.144.9:55045.
Exception in TCPConnection runner thread: TCPConnection::write() accepted less than advertised length
terminate called after throwing an instance of 'std::exception'
  what():  std::exception
/mnt/i/DIY/CS144/sponge/txrx.sh: line 110: 24380 Aborted                 $3 $4 ${SERVER_PORT} > "$1" < "$2"
Error in _rt_connect

        Start 117: t_icD_16_1
110/159 Test #117: t_icD_16_1 .......................***Failed    0.18 sec
DEBUG: Listening for incoming connection... DEBUG: Connecting to 169.254.145.9:32022... done.
new connection from 169.254.144.9:56053.
Exception in TCPConnection runner thread: TCPConnection::write() accepted less than advertised length
terminate called after throwing an instance of 'std::exception'
  what():  std::exception
/mnt/i/DIY/CS144/sponge/txrx.sh: line 110: 24401 Aborted                 $3 $4 ${SERVER_PORT} > "$1" < "$2"
Error in _rt_connect

        Start 118: t_icD_32K_d
111/159 Test #118: t_icD_32K_d ......................***Failed    0.20 sec
DEBUG: Listening for incoming connection... DEBUG: Connecting to 169.254.145.9:29795... done.
new connection from 169.254.144.9:41800.
Exception in TCPConnection runner thread: TCPConnection::write() accepted less than advertised length
terminate called after throwing an instance of 'std::exception'
  what():  std::exception
/mnt/i/DIY/CS144/sponge/txrx.sh: line 110: 24423 Aborted                 $3 $4 ${SERVER_PORT} > "$1" < "$2"
Error in _rt_connect

        Start 119: t_isS_1M_32k
112/159 Test #119: t_isS_1M_32k .....................***Failed    0.35 sec
DEBUG: Listening for incoming connection... DEBUG: Connecting to 169.254.144.9:14531... done.
new connection from 169.254.145.9:37919.
DEBUG: Outbound stream to 169.254.144.9:14531 finished (1 byte still in flight).
DEBUG: Inbound stream from 169.254.145.9:37919 finished cleanly.
DEBUG: TCP connection finished cleanly.
DEBUG: Waiting for clean shutdown... done.
Exception in TCPConnection runner thread: TCPConnection::write() accepted less than advertised length
terminate called after throwing an instance of 'std::exception'
  what():  std::exception
/mnt/i/DIY/CS144/sponge/txrx.sh: line 228: 24441 Aborted                 coproc COPROC $3 -l $4 ${SERVER_PORT} > "$1" < "$2"
ERROR: e171f9a47d840abb2add1574743863ac7e3bc1db14e4168c66d16a466484dda6 neq 36585073312157bb87323d5bdcbae89b835a8a61270924db1df54eb33abe0635 or 

        Start 120: t_isS_128K_8K
113/159 Test #120: t_isS_128K_8K ....................***Timeout  10.01 sec
DEBUG: Listening for incoming connection... DEBUG: Connecting to 169.254.144.9:2764... done.
DEBUG: Outbound stream to new connection from 169.254.145.9:42618.
169.254.144.9:2764 finished (1 byte still in flight).
DEBUG: Inbound stream from 169.254.145.9:42618 finished cleanly.
DEBUG: Outbound stream to 169.254.144.9:2764 has been fully acknowledged.
Exception in TCPConnection runner thread: TCPConnection::write() accepted less than advertised length
terminate called after throwing an instance of 'std::exception'
  what():  std::exception

        Start 121: t_isS_16_1
114/159 Test #121: t_isS_16_1 .......................***Failed    0.30 sec
DEBUG: Listening for incoming connection... DEBUG: Connecting to 169.254.144.9:13104... done.
DEBUG: Outbound stream to 169.254.144.9:13104 finished (new connection from 1 byte still in flight).
169.254.145.9:12425.
Exception in TCPConnection runner thread: TCPConnection::write() accepted less than advertised length
terminate called after throwing an instance of 'std::exception'
  what():  std::exception
DEBUG: TCP connection finished cleanly.
DEBUG: Waiting for clean shutdown... done.
/mnt/i/DIY/CS144/sponge/txrx.sh: line 110: 24498 Aborted                 coproc COPROC $3 -l $4 ${SERVER_PORT} > "$1" < "$2"
ERROR: e7d04b80495f8f42969d7e400825d2c5680a1bb42ba7f0c01026ed285fd260fa neq 389757c95eddc7db38bd159569bf65b063ecd3c29d6b50c69f7959124f3b2002 or 

        Start 122: t_isS_32K_d
115/159 Test #122: t_isS_32K_d ......................***Failed    0.31 sec
DEBUG: Listening for incoming connection... DEBUG: Connecting to 169.254.144.9:9666... done.
DEBUG: Outbound stream to 169.254.144.9:9666 finished (1 byte still in flight).
new connection from 169.254.145.9:32806.
DEBUG: Inbound stream from 169.254.145.9:32806 finished cleanly.
DEBUG: Waiting for clean shutdown... Exception in TCPConnection runner thread: TCPConnection::write() accepted less than advertised length
terminate called after throwing an instance of 'std::exception'
  what():  std::exception
DEBUG: TCP connection finished cleanly.
DEBUG: Waiting for clean shutdown... done.
/mnt/i/DIY/CS144/sponge/txrx.sh: line 110: 24519 Aborted                 coproc COPROC $3 -l $4 ${SERVER_PORT} > "$1" < "$2"
ERROR: 207228d8323c491bce0a6f0471cfbb72127807396d7194af028c3a55e07b0447 neq f329aa87930eb8729e04b70847e857e764687e963e295fbcb75c3e56274c77c0 or 

        Start 123: t_isR_1M_32k
116/159 Test #123: t_isR_1M_32k .....................***Failed    0.24 sec
DEBUG: Listening for incoming connection... DEBUG: Connecting to 169.254.144.9:28861... done.
new connection from 169.254.145.9:30735.
DEBUG: Outbound stream to 169.254.145.9:30735 finished (1 byte still in flight).
DEBUG: Inbound stream from 169.254.144.9:28861 finished cleanly.
Exception in TCPConnection runner thread: TCPConnection::write() accepted less than advertised length
terminate called after throwing an instance of 'std::exception'
  what():  std::exception
/mnt/i/DIY/CS144/sponge/txrx.sh: line 110: 24544 Aborted                 $3 $4 ${SERVER_PORT} > "$1" < "$2"
Error in _rt_connect

        Start 124: t_isR_128K_8K
117/159 Test #124: t_isR_128K_8K ....................***Failed    0.19 sec
DEBUG: Listening for incoming connection... DEBUG: Connecting to 169.254.144.9:13025... done.
new connection from 169.254.145.9:11142.
DEBUG: Outbound stream to 169.254.145.9:11142 finished (1 byte still in flight).
DEBUG: Inbound stream from 169.254.144.9:13025 finished cleanly.
Exception in TCPConnection runner thread: TCPConnection::write() accepted less than advertised length
terminate called after throwing an instance of 'std::exception'
  what():  std::exception
/mnt/i/DIY/CS144/sponge/txrx.sh: line 110: 24564 Aborted                 $3 $4 ${SERVER_PORT} > "$1" < "$2"
Error in _rt_connect

        Start 125: t_isR_16_1
118/159 Test #125: t_isR_16_1 .......................***Failed    0.17 sec
DEBUG: Listening for incoming connection... DEBUG: Connecting to 169.254.144.9:15242... done.
new connection from 169.254.145.9:59693.
DEBUG: Outbound stream to 169.254.145.9:59693 finished (1 byte still in flight).
Exception in TCPConnection runner thread: TCPConnection::write() accepted less than advertised length
terminate called after throwing an instance of 'std::exception'
  what():  std::exception
/mnt/i/DIY/CS144/sponge/txrx.sh: line 110: 24584 Aborted                 $3 $4 ${SERVER_PORT} > "$1" < "$2"
Error in _rt_connect

        Start 126: t_isR_32K_d
119/159 Test #126: t_isR_32K_d ......................***Failed    0.18 sec
DEBUG: Listening for incoming connection... DEBUG: Connecting to 169.254.144.9:2541... done.
new connection from 169.254.145.9:21009.
DEBUG: Outbound stream to 169.254.145.9:21009 finished (1 byte still in flight).
DEBUG: Inbound stream from 169.254.144.9:2541 finished cleanly.
DEBUG: Waiting for clean shutdown... Exception in TCPConnection runner thread: TCPConnection::write() accepted less than advertised length
terminate called after throwing an instance of 'std::exception'
  what():  std::exception
/mnt/i/DIY/CS144/sponge/txrx.sh: line 110: 24602 Aborted                 $3 $4 ${SERVER_PORT} > "$1" < "$2"
Error in _rt_connect

        Start 127: t_isD_1M_32k
120/159 Test #127: t_isD_1M_32k .....................***Failed    0.30 sec
DEBUG: Listening for incoming connection... DEBUG: Connecting to 169.254.144.9:3436... done.
new connection from 169.254.145.9:52667.
Exception in TCPConnection runner thread: TCPConnection::write() accepted less than advertised length
terminate called after throwing an instance of 'std::exception'
  what():  std::exception
Exception in TCPConnection runner thread: TCPConnection::write() accepted less than advertised length
terminate called after throwing an instance of 'std::exception'
  what():  std::exception
/mnt/i/DIY/CS144/sponge/txrx.sh: line 110: 24621 Aborted                 coproc COPROC $3 -l $4 ${SERVER_PORT} > "$1" < "$2"
/mnt/i/DIY/CS144/sponge/txrx.sh: line 110: 24623 Aborted                 $3 $4 ${SERVER_PORT} > "$1" < "$2"
Error in _rt_connect

        Start 128: t_isD_128K_8K
121/159 Test #128: t_isD_128K_8K ....................***Failed    0.18 sec
DEBUG: Listening for incoming connection... DEBUG: Connecting to 169.254.144.9:22223... done.
new connection from 169.254.145.9:50277.
Exception in TCPConnection runner thread: TCPConnection::write() accepted less than advertised length
terminate called after throwing an instance of 'std::exception'
  what():  std::exception
Exception in TCPConnection runner thread: TCPConnection::write() accepted less than advertised length
terminate called after throwing an instance of 'std::exception'
  what():  std::exception
/mnt/i/DIY/CS144/sponge/txrx.sh: line 110: 24645 Aborted                 coproc COPROC $3 -l $4 ${SERVER_PORT} > "$1" < "$2"
/mnt/i/DIY/CS144/sponge/txrx.sh: line 110: 24647 Aborted                 $3 $4 ${SERVER_PORT} > "$1" < "$2"
Error in _rt_connect

        Start 129: t_isD_16_1
122/159 Test #129: t_isD_16_1 .......................***Failed    0.20 sec
DEBUG: Listening for incoming connection... DEBUG: Connecting to 169.254.144.9:13607... done.
new connection from 169.254.145.9:57081.
Exception in TCPConnection runner thread: TCPConnection::write() accepted less than advertised length
terminate called after throwing an instance of 'std::exception'
  what():  std::exception
/mnt/i/DIY/CS144/sponge/txrx.sh: line 110: 24668 Aborted                 $3 $4 ${SERVER_PORT} > "$1" < "$2"
Error in _rt_connect

        Start 130: t_isD_32K_d
123/159 Test #130: t_isD_32K_d ......................***Failed    0.18 sec
DEBUG: Listening for incoming connection... DEBUG: Connecting to 169.254.144.9:23567... done.
new connection from 169.254.145.9:35545.
Exception in TCPConnection runner thread: TCPConnection::write() accepted less than advertised length
terminate called after throwing an instance of 'std::exception'
  what():  std::exception
/mnt/i/DIY/CS144/sponge/txrx.sh: line 110: 24687 Aborted                 $3 $4 ${SERVER_PORT} > "$1" < "$2"
Error in _rt_connect

        Start 131: t_icS_128K_8K_l
124/159 Test #131: t_icS_128K_8K_l ..................***Failed    0.19 sec
DEBUG: Listening for incoming connection... DEBUG: Connecting to 169.254.145.9:10354... done.
new connection from 169.254.144.9:6767.
DEBUG: Outbound stream to 169.254.144.9:6767 finished (1 byte still in flight).
DEBUG: Inbound stream from 169.254.145.9:10354 finished cleanly.
Exception in TCPConnection runner thread: TCPConnection::write() accepted less than advertised length
terminate called after throwing an instance of 'std::exception'
  what():  std::exception
/mnt/i/DIY/CS144/sponge/txrx.sh: line 110: 24707 Aborted                 $3 $4 ${SERVER_PORT} > "$1" < "$2"
Error in _rt_connect

        Start 132: t_icS_128K_8K_L
125/159 Test #132: t_icS_128K_8K_L ..................***Failed    0.21 sec
DEBUG: Listening for incoming connection... DEBUG: Connecting to 169.254.145.9:27594... done.
Exception in TCPConnection runner thread: TCPConnection::write() accepted less than advertised length
terminate called after throwing an instance of 'std::exception'
  what():  std::exception
/mnt/i/DIY/CS144/sponge/txrx.sh: line 110: 24727 Aborted                 $3 $4 ${SERVER_PORT} > "$1" < "$2"
Error in _rt_connect

        Start 133: t_icS_128K_8K_lL
126/159 Test #133: t_icS_128K_8K_lL .................***Failed    0.19 sec
DEBUG: Listening for incoming connection... DEBUG: Connecting to 169.254.145.9:19104... done.
new connection from 169.254.144.9:27658.
DEBUG: Outbound stream to 169.254.144.9:27658 finished (1 byte still in flight).
DEBUG: Inbound stream from 169.254.145.9:19104 finished cleanly.
Exception in TCPConnection runner thread: TCPConnection::write() accepted less than advertised length
terminate called after throwing an instance of 'std::exception'
  what():  std::exception
/mnt/i/DIY/CS144/sponge/txrx.sh: line 110: 24746 Aborted                 $3 $4 ${SERVER_PORT} > "$1" < "$2"
Error in _rt_connect

        Start 134: t_icR_128K_8K_l
127/159 Test #134: t_icR_128K_8K_l ..................***Failed    0.30 sec
DEBUG: Listening for incoming connection... DEBUG: Connecting to 169.254.145.9:4617... done.
DEBUG: Outbound stream to 169.254.145.9:4617 finished (new connection from 169.254.144.9:39979.
1 byte still in flight).
DEBUG: Inbound stream from 169.254.144.9:39979 finished cleanly.
Exception in TCPConnection runner thread: TCPConnection::write() accepted less than advertised length
terminate called after throwing an instance of 'std::exception'
  what():  std::exception
DEBUG: TCP connection finished cleanly.
DEBUG: Waiting for clean shutdown... done.
/mnt/i/DIY/CS144/sponge/txrx.sh: line 110: 24764 Aborted                 coproc COPROC $3 -l $4 ${SERVER_PORT} > "$1" < "$2"
ERROR: 84bd7b9ff49b66a185e0aec72fd0dc5dc54aafc076d73cb7cd3d377f417524a1 neq d700584525edecd91991de631d4f62f95254c0a16e1f4fccf1642be996ff14b0 or 

        Start 135: t_icR_128K_8K_L
128/159 Test #135: t_icR_128K_8K_L ..................***Failed    0.30 sec
DEBUG: Listening for incoming connection... DEBUG: Connecting to 169.254.145.9:30597... done.
DEBUG: Outbound stream to 169.254.145.9:30597 finished (1 byte still in flight).
new connection from 169.254.144.9:13493.
DEBUG: Inbound stream from 169.254.144.9:13493 finished cleanly.
Exception in TCPConnection runner thread: TCPConnection::write() accepted less than advertised length
terminate called after throwing an instance of 'std::exception'
  what():  std::exception
DEBUG: TCP connection finished cleanly.
DEBUG: Waiting for clean shutdown... done.
/mnt/i/DIY/CS144/sponge/txrx.sh: line 110: 24787 Aborted                 coproc COPROC $3 -l $4 ${SERVER_PORT} > "$1" < "$2"
ERROR: a602e5cb5e1f11057b20ce3d2408f356d3b08504859a589c22b3f6245d669a33 neq 003081bb806a50828ef3ab3500deebbdd063a791b4165c8ad6191a371407c7f0 or 

        Start 136: t_icR_128K_8K_lL
129/159 Test #136: t_icR_128K_8K_lL .................***Failed    0.30 sec
DEBUG: Listening for incoming connection... DEBUG: Connecting to 169.254.145.9:28051... done.
DEBUG: Outbound stream to 169.254.145.9:28051 finished (1 byte still in flight).
new connection from 169.254.144.9:65269.
DEBUG: Inbound stream from 169.254.144.9:65269 finished cleanly.
Exception in TCPConnection runner thread: TCPConnection::write() accepted less than advertised length
terminate called after throwing an instance of 'std::exception'
  what():  std::exception
DEBUG: TCP connection finished cleanly.
DEBUG: Waiting for clean shutdown... done.
/mnt/i/DIY/CS144/sponge/txrx.sh: line 110: 24813 Aborted                 coproc COPROC $3 -l $4 ${SERVER_PORT} > "$1" < "$2"
ERROR: e685f5744d5f1bdc5e02591406c0e3c6795d4d2dac3ffb15afac1213879f6c61 neq d2640d4d605143a34ad1b2a2c9c6c0c184627f3894b2d74dfeb6438913ca892d or 

        Start 137: t_icD_128K_8K_l
130/159 Test #137: t_icD_128K_8K_l ..................***Failed    0.19 sec
DEBUG: Listening for incoming connection... DEBUG: Connecting to 169.254.145.9:15918... done.
new connection from 169.254.144.9:45013.
Exception in TCPConnection runner thread: TCPConnection::write() accepted less than advertised length
terminate called after throwing an instance of 'std::exception'
  what():  std::exception
/mnt/i/DIY/CS144/sponge/txrx.sh: line 110: 24839 Aborted                 $3 $4 ${SERVER_PORT} > "$1" < "$2"
Error in _rt_connect

        Start 138: t_icD_128K_8K_L
131/159 Test #138: t_icD_128K_8K_L ..................***Failed    0.23 sec
DEBUG: Listening for incoming connection... DEBUG: Connecting to 169.254.145.9:29861... done.
new connection from 169.254.144.9:58584.
Exception in TCPConnection runner thread: TCPConnection::write() accepted less than advertised length
terminate called after throwing an instance of 'std::exception'
  what():  std::exception
Exception in TCPConnection runner thread: TCPConnection::write() accepted less than advertised length
terminate called after throwing an instance of 'std::exception'
  what():  std::exception
/mnt/i/DIY/CS144/sponge/txrx.sh: line 110: 24858 Aborted                 coproc COPROC $3 -l $4 ${SERVER_PORT} > "$1" < "$2"
/mnt/i/DIY/CS144/sponge/txrx.sh: line 110: 24860 Aborted                 $3 $4 ${SERVER_PORT} > "$1" < "$2"
Error in _rt_connect

        Start 139: t_icD_128K_8K_lL
132/159 Test #139: t_icD_128K_8K_lL .................***Failed    0.19 sec
DEBUG: Listening for incoming connection... DEBUG: Connecting to 169.254.145.9:15453... done.
new connection from 169.254.144.9:63993.
Exception in TCPConnection runner thread: TCPConnection::write() accepted less than advertised length
terminate called after throwing an instance of 'std::exception'
  what():  std::exception
Exception in TCPConnection runner thread: TCPConnection::write() accepted less than advertised length
terminate called after throwing an instance of 'std::exception'
  what():  std::exception
/mnt/i/DIY/CS144/sponge/txrx.sh: line 110: 24879 Aborted                 coproc COPROC $3 -l $4 ${SERVER_PORT} > "$1" < "$2"
/mnt/i/DIY/CS144/sponge/txrx.sh: line 110: 24881 Aborted                 $3 $4 ${SERVER_PORT} > "$1" < "$2"
Error in _rt_connect

        Start 140: t_isS_128K_8K_l
133/159 Test #140: t_isS_128K_8K_l ..................***Timeout  10.01 sec
DEBUG: Listening for incoming connection... DEBUG: Connecting to 169.254.144.9:32573... 

        Start 141: t_isS_128K_8K_L
134/159 Test #141: t_isS_128K_8K_L ..................***Failed    0.30 sec
DEBUG: Listening for incoming connection... DEBUG: Connecting to 169.254.144.9:12378... done.
DEBUG: Outbound stream to 169.254.144.9:12378 finished (1 byte still in flight).
new connection from 169.254.145.9:44631.
DEBUG: Inbound stream from 169.254.145.9:44631 finished cleanly.
Exception in TCPConnection runner thread: TCPConnection::write() accepted less than advertised length
terminate called after throwing an instance of 'std::exception'
  what():  std::exception
DEBUG: TCP connection finished cleanly.
DEBUG: Waiting for clean shutdown... done.
/mnt/i/DIY/CS144/sponge/txrx.sh: line 110: 24931 Aborted                 coproc COPROC $3 -l $4 ${SERVER_PORT} > "$1" < "$2"
ERROR: 68a823f566d5ba8e460ada16eb6424bcff28648d691868599a974be91b0aa362 neq 91d929894e528a3798d41ede241524541c4498be05fb3325efa99968385f15de or 

        Start 142: t_isS_128K_8K_lL
135/159 Test #142: t_isS_128K_8K_lL .................***Failed    0.29 sec
DEBUG: Listening for incoming connection... DEBUG: Connecting to 169.254.144.9:14044... done.
DEBUG: Outbound stream to 169.254.144.9:14044 finished (1 byte still in flight).
new connection from 169.254.145.9:44310.
DEBUG: Inbound stream from 169.254.145.9:44310 finished cleanly.
Exception in TCPConnection runner thread: TCPConnection::write() accepted less than advertised length
terminate called after throwing an instance of 'std::exception'
  what():  std::exception
DEBUG: TCP connection finished cleanly.
DEBUG: Waiting for clean shutdown... done.
/mnt/i/DIY/CS144/sponge/txrx.sh: line 110: 24954 Aborted                 coproc COPROC $3 -l $4 ${SERVER_PORT} > "$1" < "$2"
ERROR: 850213625ac62db0a78155f3eb29a57b7456c8ecc2f787a14e97b3aed32a0c8b neq 70088b20a47548c83213edecc26cec56f76d8d69b925a07bf1c528feb1869091 or 

        Start 143: t_isR_128K_8K_l
136/159 Test #143: t_isR_128K_8K_l ..................***Failed    0.20 sec
DEBUG: Listening for incoming connection... DEBUG: Connecting to 169.254.144.9:24192... done.
new connection from 169.254.145.9:41263.
DEBUG: Outbound stream to 169.254.145.9:41263 finished (1 byte still in flight).
DEBUG: Inbound stream from 169.254.144.9:24192 finished cleanly.
Exception in TCPConnection runner thread: TCPConnection::write() accepted less than advertised length
terminate called after throwing an instance of 'std::exception'
  what():  std::exception
/mnt/i/DIY/CS144/sponge/txrx.sh: line 110: 24979 Aborted                 $3 $4 ${SERVER_PORT} > "$1" < "$2"
Error in _rt_connect

        Start 144: t_isR_128K_8K_L
137/159 Test #144: t_isR_128K_8K_L ..................***Failed    0.21 sec
DEBUG: Listening for incoming connection... DEBUG: Connecting to 169.254.144.9:29707... done.
new connection from 169.254.145.9:25887.
DEBUG: Outbound stream to 169.254.145.9:25887 finished (1 byte still in flight).
DEBUG: Inbound stream from 169.254.144.9:29707 finished cleanly.
Exception in TCPConnection runner thread: TCPConnection::write() accepted less than advertised length
terminate called after throwing an instance of 'std::exception'
  what():  std::exception
/mnt/i/DIY/CS144/sponge/txrx.sh: line 110: 24999 Aborted                 $3 $4 ${SERVER_PORT} > "$1" < "$2"
Error in _rt_connect

        Start 145: t_isR_128K_8K_lL
138/159 Test #145: t_isR_128K_8K_lL .................***Failed    0.21 sec
DEBUG: Listening for incoming connection... DEBUG: Connecting to 169.254.144.9:7949... done.
new connection from 169.254.145.9:44729.
DEBUG: Outbound stream to 169.254.145.9:44729 finished (1 byte still in flight).
DEBUG: Inbound stream from 169.254.144.9:7949 finished cleanly.
Exception in TCPConnection runner thread: TCPConnection::write() accepted less than advertised length
terminate called after throwing an instance of 'std::exception'
  what():  std::exception
/mnt/i/DIY/CS144/sponge/txrx.sh: line 110: 25022 Aborted                 $3 $4 ${SERVER_PORT} > "$1" < "$2"
Error in _rt_connect

        Start 146: t_isD_128K_8K_l
139/159 Test #146: t_isD_128K_8K_l ..................***Failed    0.22 sec
DEBUG: Listening for incoming connection... DEBUG: Connecting to 169.254.144.9:15804... done.
new connection from 169.254.145.9:10933.
Exception in TCPConnection runner thread: TCPConnection::write() accepted less than advertised length
terminate called after throwing an instance of 'std::exception'
  what():  std::exception
Exception in TCPConnection runner thread: TCPConnection::write() accepted less than advertised length
terminate called after throwing an instance of 'std::exception'
  what():  std::exception
/mnt/i/DIY/CS144/sponge/txrx.sh: line 110: 25041 Aborted                 coproc COPROC $3 -l $4 ${SERVER_PORT} > "$1" < "$2"
/mnt/i/DIY/CS144/sponge/txrx.sh: line 110: 25043 Aborted                 $3 $4 ${SERVER_PORT} > "$1" < "$2"
Error in _rt_connect

        Start 147: t_isD_128K_8K_L
140/159 Test #147: t_isD_128K_8K_L ..................***Timeout  10.00 sec
DEBUG: Listening for incoming connection... DEBUG: Connecting to 169.254.144.9:8417... 

        Start 148: t_isD_128K_8K_lL
141/159 Test #148: t_isD_128K_8K_lL .................***Failed    0.19 sec
DEBUG: Listening for incoming connection... DEBUG: Connecting to 169.254.144.9:16923... done.
Exception in TCPConnection runner thread: TCPConnection::write() accepted less than advertised length
terminate called after throwing an instance of 'std::exception'
  what():  std::exception
/mnt/i/DIY/CS144/sponge/txrx.sh: line 110: 25099 Aborted                 $3 $4 ${SERVER_PORT} > "$1" < "$2"
Error in _rt_connect

        Start 149: t_icnS_128K_8K_l
142/159 Test #149: t_icnS_128K_8K_l .................***Failed    0.23 sec
DEBUG: Connecting to 169.254.144.1:9354... done.
Exception in TCPConnection runner thread: TCPConnection::write() accepted less than advertised length
terminate called after throwing an instance of 'std::exception'
  what():  std::exception
/mnt/i/DIY/CS144/sponge/txrx.sh: line 110: 25118 Aborted                 $3 $4 ${SERVER_PORT} > "$1" < "$2"
Error in _rt_connect

        Start 150: t_icnS_128K_8K_L
143/159 Test #150: t_icnS_128K_8K_L .................***Failed    0.26 sec
DEBUG: Connecting to 169.254.144.1:11925... done.
DEBUG: Inbound stream from 169.254.144.1:11925 finished cleanly.
Exception in TCPConnection runner thread: TCPConnection::write() accepted less than advertised length
terminate called after throwing an instance of 'std::exception'
  what():  std::exception
/mnt/i/DIY/CS144/sponge/txrx.sh: line 110: 25137 Aborted                 $3 $4 ${SERVER_PORT} > "$1" < "$2"
Error in _rt_connect

        Start 151: t_icnS_128K_8K_lL
144/159 Test #151: t_icnS_128K_8K_lL ................***Timeout  10.01 sec
DEBUG: Connecting to 169.254.144.1:18348... 

        Start 152: t_icnR_128K_8K_l
145/159 Test #152: t_icnR_128K_8K_l .................***Timeout  10.01 sec
DEBUG: Connecting to 169.254.144.1:10834... done.
DEBUG: Outbound stream to 169.254.144.1:10834 finished (1 byte still in flight).
DEBUG: Outbound stream to 169.254.144.1:10834 has been fully acknowledged.

        Start 153: t_icnR_128K_8K_L
146/159 Test #153: t_icnR_128K_8K_L .................***Timeout  10.01 sec
DEBUG: Connecting to 169.254.144.1:10247... done.
DEBUG: Outbound stream to 169.254.144.1:10247 finished (1 byte still in flight).
DEBUG: Outbound stream to 169.254.144.1:10247 has been fully acknowledged.

        Start 154: t_icnR_128K_8K_lL
147/159 Test #154: t_icnR_128K_8K_lL ................***Timeout  10.01 sec
DEBUG: Connecting to 169.254.144.1:8976... done.
DEBUG: Outbound stream to 169.254.144.1:8976 finished (1 byte still in flight).
DEBUG: Outbound stream to 169.254.144.1:8976 has been fully acknowledged.

        Start 155: t_icnD_128K_8K_l
148/159 Test #155: t_icnD_128K_8K_l .................***Failed    0.25 sec
DEBUG: Connecting to 169.254.144.1:32945... done.
Exception in TCPConnection runner thread: TCPConnection::write() accepted less than advertised length
terminate called after throwing an instance of 'std::exception'
  what():  std::exception
/mnt/i/DIY/CS144/sponge/txrx.sh: line 110: 25289 Aborted                 $3 $4 ${SERVER_PORT} > "$1" < "$2"
Error in _rt_connect

        Start 156: t_icnD_128K_8K_L
149/159 Test #156: t_icnD_128K_8K_L .................***Timeout  10.01 sec
DEBUG: Connecting to 169.254.144.1:27235... 

        Start 157: t_icnD_128K_8K_lL
150/159 Test #157: t_icnD_128K_8K_lL ................***Failed    1.28 sec
DEBUG: Connecting to 169.254.144.1:29334... done.
Exception in TCPConnection runner thread: TCPConnection::write() accepted less than advertised length
terminate called after throwing an instance of 'std::exception'
  what():  std::exception
/mnt/i/DIY/CS144/sponge/txrx.sh: line 110: 25342 Aborted                 $3 $4 ${SERVER_PORT} > "$1" < "$2"
Error in _rt_connect

        Start 158: t_isnS_128K_8K_l
151/159 Test #158: t_isnS_128K_8K_l .................***Timeout  10.00 sec
DEBUG: Listening for incoming connection... new connection from 169.254.144.1:36100.
DEBUG: Inbound stream from 169.254.144.1:36100 finished cleanly.
Exception in TCPConnection runner thread: TCPConnection::write() accepted less than advertised length
terminate called after throwing an instance of 'std::exception'
  what():  std::exception

        Start 159: t_isnS_128K_8K_L
152/159 Test #159: t_isnS_128K_8K_L .................***Timeout  10.01 sec
DEBUG: Listening for incoming connection... new connection from 169.254.144.1:36618.
DEBUG: Inbound stream from 169.254.144.1:36618 finished cleanly.
Exception in TCPConnection runner thread: TCPConnection::write() accepted less than advertised length
terminate called after throwing an instance of 'std::exception'
  what():  std::exception

        Start 160: t_isnS_128K_8K_lL
153/159 Test #160: t_isnS_128K_8K_lL ................***Timeout  10.01 sec
DEBUG: Listening for incoming connection... new connection from 169.254.144.1:58056.
DEBUG: Inbound stream from 169.254.144.1:58056 finished cleanly.
Exception in TCPConnection runner thread: TCPConnection::write() accepted less than advertised length
terminate called after throwing an instance of 'std::exception'
  what():  std::exception

        Start 161: t_isnR_128K_8K_l
154/159 Test #161: t_isnR_128K_8K_l .................***Timeout  10.00 sec
DEBUG: Listening for incoming connection... new connection from 169.254.144.1:36298.
DEBUG: Outbound stream to 169.254.144.1:36298 finished (1 byte still in flight).
DEBUG: Outbound stream to 169.254.144.1:36298 has been fully acknowledged.

        Start 162: t_isnR_128K_8K_L
155/159 Test #162: t_isnR_128K_8K_L .................***Timeout  10.00 sec
DEBUG: Listening for incoming connection... new connection from 169.254.144.1:37754.
DEBUG: Outbound stream to 169.254.144.1:37754 finished (1 byte still in flight).
DEBUG: Outbound stream to 169.254.144.1:37754 has been fully acknowledged.

        Start 163: t_isnR_128K_8K_lL
156/159 Test #163: t_isnR_128K_8K_lL ................***Timeout  10.00 sec
DEBUG: Listening for incoming connection... new connection from 169.254.144.1:60162.
DEBUG: Outbound stream to 169.254.144.1:60162 finished (1 byte still in flight).

        Start 164: t_isnD_128K_8K_l
157/159 Test #164: t_isnD_128K_8K_l .................***Timeout  10.00 sec
DEBUG: Listening for incoming connection... new connection from 169.254.144.1:56882.
Exception in TCPConnection runner thread: TCPConnection::write() accepted less than advertised length
terminate called after throwing an instance of 'std::exception'
  what():  std::exception

        Start 165: t_isnD_128K_8K_L
158/159 Test #165: t_isnD_128K_8K_L .................***Timeout  10.01 sec
DEBUG: Listening for incoming connection... new connection from 169.254.144.1:58856.
Exception in TCPConnection runner thread: TCPConnection::write() accepted less than advertised length
terminate called after throwing an instance of 'std::exception'
  what():  std::exception

        Start 166: t_isnD_128K_8K_lL
159/159 Test #166: t_isnD_128K_8K_lL ................***Timeout  10.01 sec
DEBUG: Listening for incoming connection... new connection from 169.254.144.1:45504.
Exception in TCPConnection runner thread: TCPConnection::write() accepted less than advertised length
terminate called after throwing an instance of 'std::exception'
  what():  std::exception


22% tests passed, 124 tests failed out of 159

Total Test time (real) = 239.05 sec

The following tests FAILED:
	 33 - t_active_close (Failed)
	 34 - t_passive_close (Failed)
	 36 - t_ack_rst (Failed)
	 38 - t_ack_rst_win (Failed)
	 43 - t_winsize (Failed)
	 45 - t_retx (Failed)
	 46 - t_retx_win (Failed)
	 47 - t_loopback (Failed)
	 48 - t_loopback_win (Failed)
	 49 - t_reorder (Failed)
	 53 - t_udp_client_send (Failed)
	 54 - t_udp_server_send (Failed)
	 55 - t_udp_client_recv (Failed)
	 56 - t_udp_server_recv (Failed)
	 57 - t_udp_client_dupl (Failed)
	 58 - t_udp_server_dupl (Failed)
	 59 - t_ucS_1M_32k (Failed)
	 60 - t_ucS_128K_8K (Failed)
	 61 - t_ucS_16_1 (Failed)
	 62 - t_ucS_32K_d (Failed)
	 63 - t_ucR_1M_32k (Failed)
	 64 - t_ucR_128K_8K (Failed)
	 65 - t_ucR_16_1 (Failed)
	 66 - t_ucR_32K_d (Failed)
	 67 - t_ucD_1M_32k (Failed)
	 68 - t_ucD_128K_8K (Failed)
	 69 - t_ucD_16_1 (Failed)
	 70 - t_ucD_32K_d (Failed)
	 71 - t_usS_1M_32k (Failed)
	 72 - t_usS_128K_8K (Failed)
	 73 - t_usS_16_1 (Failed)
	 74 - t_usS_32K_d (Failed)
	 75 - t_usR_1M_32k (Failed)
	 76 - t_usR_128K_8K (Failed)
	 77 - t_usR_16_1 (Failed)
	 78 - t_usR_32K_d (Failed)
	 79 - t_usD_1M_32k (Failed)
	 80 - t_usD_128K_8K (Failed)
	 81 - t_usD_16_1 (Failed)
	 82 - t_usD_32K_d (Failed)
	 83 - t_ucS_128K_8K_l (Failed)
	 84 - t_ucS_128K_8K_L (Failed)
	 85 - t_ucS_128K_8K_lL (Timeout)
	 86 - t_ucR_128K_8K_l (Failed)
	 87 - t_ucR_128K_8K_L (Failed)
	 88 - t_ucR_128K_8K_lL (Failed)
	 89 - t_ucD_128K_8K_l (Failed)
	 90 - t_ucD_128K_8K_L (Failed)
	 91 - t_ucD_128K_8K_lL (Failed)
	 92 - t_usS_128K_8K_l (Failed)
	 93 - t_usS_128K_8K_L (Failed)
	 94 - t_usS_128K_8K_lL (Failed)
	 95 - t_usR_128K_8K_l (Failed)
	 96 - t_usR_128K_8K_L (Failed)
	 97 - t_usR_128K_8K_lL (Failed)
	 98 - t_usD_128K_8K_l (Failed)
	 99 - t_usD_128K_8K_L (Failed)
	100 - t_usD_128K_8K_lL (Failed)
	101 - t_ipv4_client_send (Failed)
	102 - t_ipv4_server_send (Failed)
	103 - t_ipv4_client_recv (Failed)
	104 - t_ipv4_server_recv (Failed)
	105 - t_ipv4_client_dupl (Failed)
	106 - t_ipv4_server_dupl (Failed)
	107 - t_icS_1M_32k (Failed)
	108 - t_icS_128K_8K (Failed)
	109 - t_icS_16_1 (Failed)
	110 - t_icS_32K_d (Failed)
	111 - t_icR_1M_32k (Failed)
	112 - t_icR_128K_8K (Failed)
	113 - t_icR_16_1 (Failed)
	114 - t_icR_32K_d (Failed)
	115 - t_icD_1M_32k (Failed)
	116 - t_icD_128K_8K (Failed)
	117 - t_icD_16_1 (Failed)
	118 - t_icD_32K_d (Failed)
	119 - t_isS_1M_32k (Failed)
	120 - t_isS_128K_8K (Timeout)
	121 - t_isS_16_1 (Failed)
	122 - t_isS_32K_d (Failed)
	123 - t_isR_1M_32k (Failed)
	124 - t_isR_128K_8K (Failed)
	125 - t_isR_16_1 (Failed)
	126 - t_isR_32K_d (Failed)
	127 - t_isD_1M_32k (Failed)
	128 - t_isD_128K_8K (Failed)
	129 - t_isD_16_1 (Failed)
	130 - t_isD_32K_d (Failed)
	131 - t_icS_128K_8K_l (Failed)
	132 - t_icS_128K_8K_L (Failed)
	133 - t_icS_128K_8K_lL (Failed)
	134 - t_icR_128K_8K_l (Failed)
	135 - t_icR_128K_8K_L (Failed)
	136 - t_icR_128K_8K_lL (Failed)
	137 - t_icD_128K_8K_l (Failed)
	138 - t_icD_128K_8K_L (Failed)
	139 - t_icD_128K_8K_lL (Failed)
	140 - t_isS_128K_8K_l (Timeout)
	141 - t_isS_128K_8K_L (Failed)
	142 - t_isS_128K_8K_lL (Failed)
	143 - t_isR_128K_8K_l (Failed)
	144 - t_isR_128K_8K_L (Failed)
	145 - t_isR_128K_8K_lL (Failed)
	146 - t_isD_128K_8K_l (Failed)
	147 - t_isD_128K_8K_L (Timeout)
	148 - t_isD_128K_8K_lL (Failed)
	149 - t_icnS_128K_8K_l (Failed)
	150 - t_icnS_128K_8K_L (Failed)
	151 - t_icnS_128K_8K_lL (Timeout)
	152 - t_icnR_128K_8K_l (Timeout)
	153 - t_icnR_128K_8K_L (Timeout)
	154 - t_icnR_128K_8K_lL (Timeout)
	155 - t_icnD_128K_8K_l (Failed)
	156 - t_icnD_128K_8K_L (Timeout)
	157 - t_icnD_128K_8K_lL (Failed)
	158 - t_isnS_128K_8K_l (Timeout)
	159 - t_isnS_128K_8K_L (Timeout)
	160 - t_isnS_128K_8K_lL (Timeout)
	161 - t_isnR_128K_8K_l (Timeout)
	162 - t_isnR_128K_8K_L (Timeout)
	163 - t_isnR_128K_8K_lL (Timeout)
	164 - t_isnD_128K_8K_l (Timeout)
	165 - t_isnD_128K_8K_L (Timeout)
	166 - t_isnD_128K_8K_lL (Timeout)
Errors while running CTest
CMakeFiles/check_lab4.dir/build.make:57: recipe for target 'CMakeFiles/check_lab4' failed
make[3]: *** [CMakeFiles/check_lab4] Error 8
CMakeFiles/Makefile2:131: recipe for target 'CMakeFiles/check_lab4.dir/all' failed
make[2]: *** [CMakeFiles/check_lab4.dir/all] Error 2
CMakeFiles/Makefile2:138: recipe for target 'CMakeFiles/check_lab4.dir/rule' failed
make[1]: *** [CMakeFiles/check_lab4.dir/rule] Error 2
Makefile:155: recipe for target 'check_lab4' failed
make: *** [check_lab4] Error 2
