[100%] Testing the TCP connection...
Test project /workspaces/cs144/sponge/build
        Start   1: t_wrapping_ints_cmp
  1/159 Test   #1: t_wrapping_ints_cmp ..............   Passed    0.00 sec
        Start   2: t_wrapping_ints_unwrap
  2/159 Test   #2: t_wrapping_ints_unwrap ...........   Passed    0.00 sec
        Start   3: t_wrapping_ints_wrap
  3/159 Test   #3: t_wrapping_ints_wrap .............   Passed    0.00 sec
        Start   4: t_recv_connect
  4/159 Test   #4: t_recv_connect ...................   Passed    0.00 sec
        Start   5: t_recv_transmit
  5/159 Test   #5: t_recv_transmit ..................   Passed    0.05 sec
        Start   6: t_recv_window
  6/159 Test   #6: t_recv_window ....................   Passed    0.00 sec
        Start   7: t_recv_reorder
  7/159 Test   #7: t_recv_reorder ...................   Passed    0.00 sec
        Start   8: t_recv_close
  8/159 Test   #8: t_recv_close .....................   Passed    0.00 sec
        Start   9: t_send_connect
  9/159 Test   #9: t_send_connect ...................   Passed    0.00 sec
        Start  10: t_send_transmit
 10/159 Test  #10: t_send_transmit ..................   Passed    0.03 sec
        Start  11: t_send_retx
 11/159 Test  #11: t_send_retx ......................   Passed    0.00 sec
        Start  12: t_send_window
 12/159 Test  #12: t_send_window ....................   Passed    0.01 sec
        Start  13: t_send_ack
 13/159 Test  #13: t_send_ack .......................   Passed    0.00 sec
        Start  14: t_send_close
 14/159 Test  #14: t_send_close .....................   Passed    0.00 sec
        Start  15: t_strm_reassem_single
 15/159 Test  #15: t_strm_reassem_single ............   Passed    0.00 sec
        Start  16: t_strm_reassem_seq
 16/159 Test  #16: t_strm_reassem_seq ...............   Passed    0.00 sec
        Start  17: t_strm_reassem_dup
 17/159 Test  #17: t_strm_reassem_dup ...............   Passed    0.00 sec
        Start  18: t_strm_reassem_holes
 18/159 Test  #18: t_strm_reassem_holes .............   Passed    0.00 sec
        Start  19: t_strm_reassem_many
 19/159 Test  #19: t_strm_reassem_many ..............   Passed    0.52 sec
        Start  20: t_strm_reassem_overlapping
 20/159 Test  #20: t_strm_reassem_overlapping .......   Passed    0.00 sec
        Start  21: t_strm_reassem_win
 21/159 Test  #21: t_strm_reassem_win ...............   Passed    0.54 sec
        Start  22: t_strm_reassem_cap
 22/159 Test  #22: t_strm_reassem_cap ...............   Passed    0.07 sec
        Start  23: t_byte_stream_construction
 23/159 Test  #23: t_byte_stream_construction .......   Passed    0.00 sec
        Start  24: t_byte_stream_one_write
 24/159 Test  #24: t_byte_stream_one_write ..........   Passed    0.00 sec
        Start  25: t_byte_stream_two_writes
 25/159 Test  #25: t_byte_stream_two_writes .........   Passed    0.00 sec
        Start  26: t_byte_stream_capacity
 26/159 Test  #26: t_byte_stream_capacity ...........   Passed    0.42 sec
        Start  27: t_byte_stream_many_writes
 27/159 Test  #27: t_byte_stream_many_writes ........   Passed    0.01 sec
        Start  28: t_webget
 28/159 Test  #28: t_webget .........................   Passed    0.99 sec
        Start  31: t_tcp_parser
 29/159 Test  #31: t_tcp_parser .....................   Passed    0.00 sec
        Start  32: t_ipv4_parser
 30/159 Test  #32: t_ipv4_parser ....................   Passed    0.00 sec
        Start  33: t_active_close
 31/159 Test  #33: t_active_close ...................   Passed    0.00 sec
        Start  34: t_passive_close
 32/159 Test  #34: t_passive_close ..................   Passed    0.00 sec
        Start  36: t_ack_rst
 33/159 Test  #36: t_ack_rst ........................   Passed    0.00 sec
        Start  38: t_ack_rst_win
 34/159 Test  #38: t_ack_rst_win ....................   Passed    0.00 sec
        Start  40: t_connect
 35/159 Test  #40: t_connect ........................   Passed    0.00 sec
        Start  42: t_listen
 36/159 Test  #42: t_listen .........................   Passed    0.00 sec
        Start  43: t_winsize
 37/159 Test  #43: t_winsize ........................***Failed    0.01 sec
Test Failure on expectation:
	Expectation: segment sent

Failure message:
	The TCP should have produces a segment, but did not

List of steps that executed successfully:
	Action:      listen
	Action:      packet arrives: Header(flags=S,seqno=3521297835,ack=0,win=137) with no payload
	Expectation: exactly one segment sent with (A=1,ackno=3521297836,win=14020,)
	Action:      packet arrives: Header(flags=A,seqno=3521297836,ack=463038032,win=15907) with no payload
	Expectation: no (more) segments sent
	Expectation: TCP in state sender=`stream ongoing`, receiver=`SYN received (ackno exists), and input to stream hasn't ended`, active=1, linger_after_streams_finish=1
	Action:      write (47721 bytes with 47721 accepted) [6b, 57, db, 80, 19, 24, 61, 91, 74, 57, 53, c, 5c, cb, e8, f2, ...]
	Action:      1ms pass
	Expectation: segment sent
	Expectation: segment sent with (A=1,ackno=3521297836,win=14020,)
	Expectation: segment sent with (A=1,ackno=3521297836,win=14020,)
	Expectation: segment sent with (A=1,ackno=3521297836,win=14020,)
	Expectation: segment sent with (A=1,ackno=3521297836,win=14020,)
	Expectation: segment sent with (A=1,ackno=3521297836,win=14020,)
	Expectation: segment sent with (A=1,ackno=3521297836,win=14020,)
	Expectation: segment sent with (A=1,ackno=3521297836,win=14020,)
	Expectation: segment sent with (A=1,ackno=3521297836,win=14020,)
	Expectation: segment sent with (A=1,ackno=3521297836,win=14020,)
	Expectation: segment sent with (A=1,ackno=3521297836,win=14020,)
	Expectation: segment sent with (A=1,ackno=3521297836,win=14020,)
	Expectation: segment sent with (A=1,ackno=3521297836,win=14020,)
	Expectation: segment sent with (A=1,ackno=3521297836,win=14020,)
	Expectation: segment sent with (A=1,ackno=3521297836,win=14020,)
	Expectation: segment sent with (A=1,ackno=3521297836,win=14020,)
	Expectation: segment sent with (A=1,ackno=3521297836,win=14020,)
	Expectation: TCP has 15907 bytes in flight
	Action:      packet arrives: Header(flags=A,seqno=3521297836,ack=463053939,win=15907) with no payload
	Action:      1ms pass

Note:
	test 1 failed: nothing sent after write()

Warning: Unclean shutdown of TCPConnection
The TCP should have produces a segment, but did not

        Start  45: t_retx
 38/159 Test  #45: t_retx ...........................   Passed    0.00 sec
        Start  46: t_retx_win
 39/159 Test  #46: t_retx_win .......................   Passed    0.00 sec
        Start  47: t_loopback
 40/159 Test  #47: t_loopback .......................   Passed    0.60 sec
        Start  48: t_loopback_win
 41/159 Test  #48: t_loopback_win ...................   Passed    0.31 sec
        Start  49: t_reorder
 42/159 Test  #49: t_reorder ........................   Passed    0.59 sec
        Start  50: t_address_dt
 43/159 Test  #50: t_address_dt .....................   Passed    0.01 sec
        Start  51: t_parser_dt
 44/159 Test  #51: t_parser_dt ......................   Passed    0.00 sec
        Start  52: t_socket_dt
 45/159 Test  #52: t_socket_dt ......................   Passed    0.00 sec
        Start  53: t_udp_client_send
 46/159 Test  #53: t_udp_client_send ................   Passed    0.24 sec
        Start  54: t_udp_server_send
 47/159 Test  #54: t_udp_server_send ................   Passed    0.25 sec
        Start  55: t_udp_client_recv
 48/159 Test  #55: t_udp_client_recv ................   Passed    0.24 sec
        Start  56: t_udp_server_recv
 49/159 Test  #56: t_udp_server_recv ................   Passed    0.24 sec
        Start  57: t_udp_client_dupl
 50/159 Test  #57: t_udp_client_dupl ................   Passed    0.24 sec
        Start  58: t_udp_server_dupl
 51/159 Test  #58: t_udp_server_dupl ................   Passed    0.25 sec
        Start  59: t_ucS_1M_32k
 52/159 Test  #59: t_ucS_1M_32k .....................***Timeout  10.01 sec
DEBUG: Listening for incoming connection...
DEBUG: Connecting to 169.254.144.1:12844...
Successfully connected to 169.254.144.1:12844.
New connection from 169.254.144.1:48338.
DEBUG: Outbound stream to 169.254.144.1:48338 finished (1 byte still in flight).
DEBUG: Inbound stream from 169.254.144.1:12844 finished cleanly.
DEBUG: Outbound stream to 169.254.144.1:48338 has been fully acknowledged.

        Start  60: t_ucS_128K_8K
 53/159 Test  #60: t_ucS_128K_8K ....................***Timeout  10.01 sec
DEBUG: Listening for incoming connection...
DEBUG: Connecting to 169.254.144.1:8337...
Successfully connected to 169.254.144.1:8337.
New connection from 169.254.144.1:59311.
DEBUG: Outbound stream to 169.254.144.1:59311 finished (1 byte still in flight).
DEBUG: Inbound stream from 169.254.144.1:8337 finished cleanly.
DEBUG: Outbound stream to 169.254.144.1:59311 has been fully acknowledged.

        Start  61: t_ucS_16_1
 54/159 Test  #61: t_ucS_16_1 .......................***Timeout  10.01 sec
DEBUG: Listening for incoming connection...
DEBUG: Connecting to 169.254.144.1:4600...
Successfully connected to 169.254.144.1:4600.
New connection from 169.254.144.1:46691.
DEBUG: Outbound stream to 169.254.144.1:46691 finished (1 byte still in flight).
DEBUG: Inbound stream from 169.254.144.1:4600 finished cleanly.
DEBUG: Outbound stream to 169.254.144.1:46691 has been fully acknowledged.
DEBUG: Outbound stream to 169.254.144.1:4600 finished (1 byte still in flight).
DEBUG: Waiting for clean shutdown... DEBUG: Outbound stream to 169.254.144.1:4600 has been fully acknowledged.

        Start  62: t_ucS_32K_d
 55/159 Test  #62: t_ucS_32K_d ......................   Passed    0.25 sec
        Start  63: t_ucR_1M_32k
 56/159 Test  #63: t_ucR_1M_32k .....................***Timeout  10.01 sec
DEBUG: Listening for incoming connection...
DEBUG: Connecting to 169.254.144.1:9032...
Successfully connected to 169.254.144.1:9032.
New connection from 169.254.144.1:33481.
DEBUG: Outbound stream to 169.254.144.1:9032 finished (1 byte still in flight).
DEBUG: Inbound stream from 169.254.144.1:33481 finished cleanly.
DEBUG: Outbound stream to 169.254.144.1:9032 has been fully acknowledged.

        Start  64: t_ucR_128K_8K
 57/159 Test  #64: t_ucR_128K_8K ....................***Timeout  10.01 sec
DEBUG: Listening for incoming connection...
DEBUG: Connecting to 169.254.144.1:7417...
Successfully connected to 169.254.144.1:7417.
New connection from 169.254.144.1:46478.
DEBUG: Outbound stream to 169.254.144.1:7417 finished (1 byte still in flight).
DEBUG: Inbound stream from 169.254.144.1:46478 finished cleanly.
DEBUG: Outbound stream to 169.254.144.1:7417 has been fully acknowledged.

        Start  65: t_ucR_16_1
 58/159 Test  #65: t_ucR_16_1 .......................***Timeout  10.00 sec
DEBUG: Listening for incoming connection...
DEBUG: Connecting to 169.254.144.1:18954...
Successfully connected to 169.254.144.1:18954.
New connection from 169.254.144.1:51974.
DEBUG: Outbound stream to 169.254.144.1:18954 finished (1 byte still in flight).
DEBUG: Inbound stream from 169.254.144.1:51974 finished cleanly.
DEBUG: Outbound stream to 169.254.144.1:18954 has been fully acknowledged.
DEBUG: Waiting for clean shutdown... DEBUG: Outbound stream to 169.254.144.1:51974 finished (1 byte still in flight).
DEBUG: Outbound stream to 169.254.144.1:51974 has been fully acknowledged.

        Start  66: t_ucR_32K_d
 59/159 Test  #66: t_ucR_32K_d ......................   Passed    0.25 sec
        Start  67: t_ucD_1M_32k
 60/159 Test  #67: t_ucD_1M_32k .....................***Timeout  10.01 sec
DEBUG: Listening for incoming connection...
DEBUG: Connecting to 169.254.144.1:30816...
Successfully connected to 169.254.144.1:30816.
New connection from 169.254.144.1:49768.
DEBUG: Outbound stream to DEBUG: Outbound stream to 169.254.144.1:30816169.254.144.1:49768 finished ( finished (10485761048576 byte bytess still in flight).
 still in flight).

        Start  68: t_ucD_128K_8K
 61/159 Test  #68: t_ucD_128K_8K ....................***Timeout  10.01 sec
DEBUG: Listening for incoming connection...
DEBUG: Connecting to 169.254.144.1:33260...
Successfully connected to 169.254.144.1:33260.
New connection from 169.254.144.1:36686.
DEBUG: Outbound stream to 169.254.144.1:33260 finished (81920 bytes still in flight).
DEBUG: Outbound stream to 169.254.144.1:36686 finished (88112 bytes still in flight).
DEBUG: Inbound stream from 169.254.144.1:36686 finished cleanly.
DEBUG: Outbound stream to 169.254.144.1:33260 has been fully acknowledged.
DEBUG: Waiting for clean shutdown... DEBUG: Inbound stream from 169.254.144.1:33260 finished cleanly.
DEBUG: Outbound stream to 169.254.144.1:36686 has been fully acknowledged.

        Start  69: t_ucD_16_1
 62/159 Test  #69: t_ucD_16_1 .......................***Timeout  10.00 sec
DEBUG: Listening for incoming connection...
DEBUG: Connecting to 169.254.144.1:22617...
Successfully connected to 169.254.144.1:22617.
New connection from 169.254.144.1:38737.
DEBUG: Outbound stream to 169.254.144.1:38737 finished (1 byte still in flight).
DEBUG: Outbound stream to 169.254.144.1:22617 finished (2 bytes still in flight).
DEBUG: Outbound stream to 169.254.144.1:22617 has been fully acknowledged.
DEBUG: Outbound stream to 169.254.144.1:38737 has been fully acknowledged.

        Start  70: t_ucD_32K_d
 63/159 Test  #70: t_ucD_32K_d ......................   Passed    0.25 sec
        Start  71: t_usS_1M_32k
 64/159 Test  #71: t_usS_1M_32k .....................***Timeout  10.01 sec
DEBUG: Listening for incoming connection...
DEBUG: Connecting to 169.254.144.1:33126...
Successfully connected to 169.254.144.1:33126.
New connection from 169.254.144.1:39022.
DEBUG: Outbound stream to 169.254.144.1:33126 finished (1 byte still in flight).
DEBUG: Inbound stream from 169.254.144.1:39022 finished cleanly.
DEBUG: Outbound stream to 169.254.144.1:33126 has been fully acknowledged.

        Start  72: t_usS_128K_8K
 65/159 Test  #72: t_usS_128K_8K ....................***Timeout  10.01 sec
DEBUG: Listening for incoming connection...
DEBUG: Connecting to 169.254.144.1:9709...
Successfully connected to 169.254.144.1:9709.
New connection from 169.254.144.1:47725.
DEBUG: Outbound stream to 169.254.144.1:9709 finished (1 byte still in flight).
DEBUG: Inbound stream from 169.254.144.1:47725 finished cleanly.
DEBUG: Outbound stream to 169.254.144.1:9709 has been fully acknowledged.

        Start  73: t_usS_16_1
 66/159 Test  #73: t_usS_16_1 .......................***Timeout  10.00 sec
DEBUG: Listening for incoming connection...
DEBUG: Connecting to 169.254.144.1:19911...
Successfully connected to 169.254.144.1:19911.
New connection from 169.254.144.1:45615.
DEBUG: Outbound stream to 169.254.144.1:19911 finished (1 byte still in flight).
DEBUG: Inbound stream from 169.254.144.1:45615 finished cleanly.
DEBUG: Outbound stream to 169.254.144.1:19911 has been fully acknowledged.
DEBUG: Waiting for clean shutdown... DEBUG: Outbound stream to 169.254.144.1:45615 finished (1 byte still in flight).
DEBUG: Outbound stream to 169.254.144.1:45615 has been fully acknowledged.

        Start  74: t_usS_32K_d
 67/159 Test  #74: t_usS_32K_d ......................   Passed    0.25 sec
        Start  75: t_usR_1M_32k
 68/159 Test  #75: t_usR_1M_32k .....................***Timeout  10.01 sec
DEBUG: Listening for incoming connection...
DEBUG: Connecting to 169.254.144.1:12165...
Successfully connected to 169.254.144.1:12165.
New connection from 169.254.144.1:47079.
DEBUG: Outbound stream to 169.254.144.1:47079 finished (1 byte still in flight).
DEBUG: Inbound stream from 169.254.144.1:12165 finished cleanly.
DEBUG: Outbound stream to 169.254.144.1:47079 has been fully acknowledged.

        Start  76: t_usR_128K_8K
 69/159 Test  #76: t_usR_128K_8K ....................***Timeout  10.01 sec
DEBUG: Listening for incoming connection...
DEBUG: Connecting to 169.254.144.1:14919...
Successfully connected to 169.254.144.1:14919.
New connection from 169.254.144.1:53741.
DEBUG: Outbound stream to 169.254.144.1:53741 finished (1 byte still in flight).
DEBUG: Inbound stream from 169.254.144.1:14919 finished cleanly.
DEBUG: Outbound stream to 169.254.144.1:53741 has been fully acknowledged.

        Start  77: t_usR_16_1
 70/159 Test  #77: t_usR_16_1 .......................***Timeout  10.01 sec
DEBUG: Listening for incoming connection...
DEBUG: Connecting to 169.254.144.1:8802...
Successfully connected to 169.254.144.1:8802.
New connection from 169.254.144.1:43297.
DEBUG: Outbound stream to 169.254.144.1:43297 finished (1 byte still in flight).
DEBUG: Inbound stream from 169.254.144.1:8802 finished cleanly.
DEBUG: Outbound stream to 169.254.144.1:43297 has been fully acknowledged.
DEBUG: Outbound stream to 169.254.144.1:8802 finished (1 byte still in flight).
DEBUG: Waiting for clean shutdown... DEBUG: Outbound stream to 169.254.144.1:8802 has been fully acknowledged.

        Start  78: t_usR_32K_d
 71/159 Test  #78: t_usR_32K_d ......................   Passed    0.25 sec
        Start  79: t_usD_1M_32k
 72/159 Test  #79: t_usD_1M_32k .....................***Failed    7.04 sec
DEBUG: Listening for incoming connection...
DEBUG: Connecting to 169.254.144.1:13079...
Successfully connected to 169.254.144.1:13079.
New connection from 169.254.144.1:51188.
DEBUG: Outbound stream to 169.254.144.1:51188 finished (1046576 bytes still in flight).
DEBUG: Outbound stream to 169.254.144.1:13079 finished (1048576 bytes still in flight).
DEBUG: Inbound stream from 169.254.144.1:51188 finished cleanly.
DEBUG: Waiting for clean shutdown... DEBUG: Inbound stream from 169.254.144.1:13079 finished with an error/reset.
DEBUG: TCP connection finished uncleanlyDEBUG: Waiting for clean shutdown... done.
ERROR: d492fb0bebf8643b3ee590e3c53afd23d958d794f0509fbfe3094b815762930c neq 50bc937f09a25202f8a8e566625467509d7d730a7b04d59d7bfff55b00eb92a7 or fc7b38358b5b6a219ae4a145edf104c848545c335e17479ed3169614ff84880f

        Start  80: t_usD_128K_8K
 73/159 Test  #80: t_usD_128K_8K ....................***Timeout  10.00 sec
DEBUG: Listening for incoming connection...
DEBUG: Connecting to 169.254.144.1:12484...
Successfully connected to 169.254.144.1:12484.
New connection from 169.254.144.1:60734.
DEBUG: Outbound stream to 169.254.144.1:60734 finished (86112 bytes still in flight).
DEBUG: Outbound stream to 169.254.144.1:12484 finished (75304 bytes still in flight).
DEBUG: Inbound stream from 169.254.144.1:60734 finished cleanly.
DEBUG: Outbound stream to 169.254.144.1:12484 has been fully acknowledged.
DEBUG: Waiting for clean shutdown... DEBUG: Inbound stream from 169.254.144.1:12484 finished cleanly.
DEBUG: Outbound stream to 169.254.144.1:60734 has been fully acknowledged.

        Start  81: t_usD_16_1
 74/159 Test  #81: t_usD_16_1 .......................***Timeout  10.01 sec
DEBUG: Listening for incoming connection...
DEBUG: Connecting to 169.254.144.1:23807...
Successfully connected to 169.254.144.1:23807.
New connection from 169.254.144.1:37446.
DEBUG: Outbound stream to 169.254.144.1:23807 finished (1 byte still in flight).
DEBUG: Outbound stream to 169.254.144.1:37446 finished (2 bytes still in flight).
DEBUG: Outbound stream to 169.254.144.1:37446 has been fully acknowledged.
DEBUG: Outbound stream to 169.254.144.1:23807 has been fully acknowledged.

        Start  82: t_usD_32K_d
 75/159 Test  #82: t_usD_32K_d ......................   Passed    0.25 sec
        Start  83: t_ucS_128K_8K_l
 76/159 Test  #83: t_ucS_128K_8K_l ..................***Timeout  10.01 sec
DEBUG: Listening for incoming connection...
DEBUG: Connecting to 169.254.144.1:29589...
Successfully connected to 169.254.144.1:29589.
New connection from 169.254.144.1:55211.
DEBUG: Outbound stream to 169.254.144.1:55211 finished (1 byte still in flight).
DEBUG: Inbound stream from 169.254.144.1:29589 finished cleanly.
DEBUG: Outbound stream to 169.254.144.1:55211 has been fully acknowledged.

        Start  84: t_ucS_128K_8K_L
 77/159 Test  #84: t_ucS_128K_8K_L ..................***Timeout  10.01 sec
DEBUG: Listening for incoming connection...
DEBUG: Connecting to 169.254.144.1:12707...
Successfully connected to 169.254.144.1:12707.
New connection from 169.254.144.1:44772.
DEBUG: Outbound stream to 169.254.144.1:44772 finished (1 byte still in flight).
DEBUG: Inbound stream from 169.254.144.1:12707 finished cleanly.
DEBUG: Outbound stream to 169.254.144.1:44772 has been fully acknowledged.

        Start  85: t_ucS_128K_8K_lL
 78/159 Test  #85: t_ucS_128K_8K_lL .................***Timeout  10.01 sec
DEBUG: Listening for incoming connection...
DEBUG: Connecting to 169.254.144.1:27762...
Successfully connected to 169.254.144.1:27762.
New connection from 169.254.144.1:44021.
DEBUG: Outbound stream to 169.254.144.1:44021 finished (1 byte still in flight).
DEBUG: Inbound stream from 169.254.144.1:27762 finished cleanly.
DEBUG: Waiting for clean shutdown... DEBUG: Outbound stream to 169.254.144.1:44021 has been fully acknowledged.

        Start  86: t_ucR_128K_8K_l
 79/159 Test  #86: t_ucR_128K_8K_l ..................***Timeout  10.01 sec
DEBUG: Listening for incoming connection...
DEBUG: Connecting to 169.254.144.1:33333...
Successfully connected to 169.254.144.1:33333.
New connection from 169.254.144.1:42664.
DEBUG: Outbound stream to 169.254.144.1:33333 finished (1 byte still in flight).
DEBUG: Inbound stream from 169.254.144.1:42664 finished cleanly.
DEBUG: Outbound stream to 169.254.144.1:33333 has been fully acknowledged.

        Start  87: t_ucR_128K_8K_L
 80/159 Test  #87: t_ucR_128K_8K_L ..................***Timeout  10.01 sec
DEBUG: Listening for incoming connection...
DEBUG: Connecting to 169.254.144.1:23542...
Successfully connected to 169.254.144.1:23542.
New connection from 169.254.144.1:58393.
DEBUG: Outbound stream to 169.254.144.1:23542 finished (1 byte still in flight).
DEBUG: Inbound stream from 169.254.144.1:58393 finished cleanly.
DEBUG: Outbound stream to 169.254.144.1:23542 has been fully acknowledged.

        Start  88: t_ucR_128K_8K_lL
 81/159 Test  #88: t_ucR_128K_8K_lL .................***Timeout  10.01 sec
DEBUG: Listening for incoming connection...
DEBUG: Connecting to 169.254.144.1:9333...
Successfully connected to 169.254.144.1:9333.
New connection from 169.254.144.1:43240.
DEBUG: Outbound stream to 169.254.144.1:9333 finished (1 byte still in flight).
DEBUG: Inbound stream from 169.254.144.1:43240 finished cleanly.
DEBUG: Outbound stream to 169.254.144.1:9333 has been fully acknowledged.

        Start  89: t_ucD_128K_8K_l
 82/159 Test  #89: t_ucD_128K_8K_l ..................***Failed    6.59 sec
DEBUG: Listening for incoming connection...
DEBUG: Connecting to 169.254.144.1:26773...
Successfully connected to 169.254.144.1:26773.
New connection from 169.254.144.1:35218.
DEBUG: Outbound stream to 169.254.144.1:35218 finished (88112 bytes still in flight).
DEBUG: Outbound stream to 169.254.144.1:26773 finished (78920 bytes still in flight).
DEBUG: Inbound stream from 169.254.144.1:35218 finished cleanly.
DEBUG: Outbound stream to 169.254.144.1:26773 has been fully acknowledged.
DEBUG: Waiting for clean shutdown... DEBUG: TCP connection finished uncleanlyDEBUG: Inbound stream from 169.254.144.1:26773 finished with an error/reset.
DEBUG: TCP connection finished uncleanlydone.
DEBUG: Waiting for clean shutdown... done.
ERROR: d058789b357955817964fc7bb2bb542fcea55b8c12ba0d5d553f76fd8de23aa6 neq 1ed5e83c93262ae14bad8f86a66ab224fc0016d54796437e804b6eae4aa71fe3 or 26e1c5a5bd1e5db081a7f3d14c3c90a97c7f62428fd28f3243eec0ab5ebea679

        Start  90: t_ucD_128K_8K_L
 83/159 Test  #90: t_ucD_128K_8K_L ..................***Timeout  10.01 sec
DEBUG: Listening for incoming connection...
DEBUG: Connecting to 169.254.144.1:11705...
Successfully connected to 169.254.144.1:11705.
New connection from 169.254.144.1:42524.
DEBUG: Outbound stream to 169.254.144.1:11705 finished (81920 bytes still in flight).
DEBUG: Outbound stream to 169.254.144.1:42524 finished (88112 bytes still in flight).
DEBUG: Inbound stream from 169.254.144.1:11705 finished cleanly.
DEBUG: Outbound stream to 169.254.144.1:42524 has been fully acknowledged.
DEBUG: Waiting for clean shutdown... DEBUG: Inbound stream from 169.254.144.1:42524 finished cleanly.
DEBUG: Outbound stream to 169.254.144.1:11705 has been fully acknowledged.

        Start  91: t_ucD_128K_8K_lL
 84/159 Test  #91: t_ucD_128K_8K_lL .................***Failed    6.31 sec
DEBUG: Listening for incoming connection...
DEBUG: Connecting to 169.254.144.1:5135...
Successfully connected to 169.254.144.1:5135.
New connection from 169.254.144.1:59876.
DEBUG: Outbound stream to 169.254.144.1:59876 finished (85112 bytes still in flight).
DEBUG: Outbound stream to 169.254.144.1:5135 finished (77304 bytes still in flight).
DEBUG: Inbound stream from 169.254.144.1:59876 finished cleanly.
DEBUG: Waiting for clean shutdown... DEBUG: Inbound stream from 169.254.144.1:5135 finished with an error/reset.
DEBUG: TCP connection finished uncleanlyDEBUG: Waiting for clean shutdown... done.
ERROR: 82d070171bbff23be224b4d6fcc60ff987c0b492f6752e5407acde576af4307e neq 3de109be0ff917d9a85ed635850e2077882033c5e13e1a79502e2efcfbb13999 or ad53bde2f4ff73b7a9dd2a996547295a230c42b0b0edfd7c886783989465179d

        Start  92: t_usS_128K_8K_l
 85/159 Test  #92: t_usS_128K_8K_l ..................***Timeout  10.01 sec
DEBUG: Listening for incoming connection...
DEBUG: Connecting to 169.254.144.1:22172...
Successfully connected to 169.254.144.1:22172.
New connection from 169.254.144.1:50819.
DEBUG: Outbound stream to 169.254.144.1:22172 finished (1 byte still in flight).
DEBUG: Inbound stream from 169.254.144.1:50819 finished cleanly.
DEBUG: Outbound stream to 169.254.144.1:22172 has been fully acknowledged.

        Start  93: t_usS_128K_8K_L
 86/159 Test  #93: t_usS_128K_8K_L ..................***Timeout  10.01 sec
DEBUG: Listening for incoming connection...
DEBUG: Connecting to 169.254.144.1:4809...
Successfully connected to 169.254.144.1:4809.
New connection from 169.254.144.1:36888.
DEBUG: Outbound stream to 169.254.144.1:4809 finished (1 byte still in flight).
DEBUG: Inbound stream from 169.254.144.1:36888 finished cleanly.
DEBUG: Outbound stream to 169.254.144.1:4809 has been fully acknowledged.

        Start  94: t_usS_128K_8K_lL
 87/159 Test  #94: t_usS_128K_8K_lL .................***Timeout  10.01 sec
DEBUG: Listening for incoming connection...
DEBUG: Connecting to 169.254.144.1:6026...
Successfully connected to 169.254.144.1:6026.
New connection from 169.254.144.1:42303.
DEBUG: Outbound stream to 169.254.144.1:6026 finished (1 byte still in flight).
DEBUG: Inbound stream from 169.254.144.1:42303 finished cleanly.
DEBUG: Outbound stream to 169.254.144.1:6026 has been fully acknowledged.

        Start  95: t_usR_128K_8K_l
 88/159 Test  #95: t_usR_128K_8K_l ..................***Timeout  10.01 sec
DEBUG: Listening for incoming connection...
DEBUG: Connecting to 169.254.144.1:21668...
Successfully connected to 169.254.144.1:21668.
New connection from 169.254.144.1:39670.
DEBUG: Outbound stream to 169.254.144.1:39670 finished (1 byte still in flight).
DEBUG: Inbound stream from 169.254.144.1:21668 finished cleanly.
DEBUG: Outbound stream to 169.254.144.1:39670 has been fully acknowledged.

        Start  96: t_usR_128K_8K_L
 89/159 Test  #96: t_usR_128K_8K_L ..................***Timeout  10.01 sec
DEBUG: Listening for incoming connection...
DEBUG: Connecting to 169.254.144.1:28870...
Successfully connected to 169.254.144.1:28870.
New connection from 169.254.144.1:57803.
DEBUG: Outbound stream to 169.254.144.1:57803 finished (1 byte still in flight).
DEBUG: Inbound stream from 169.254.144.1:28870 finished cleanly.
DEBUG: Outbound stream to 169.254.144.1:57803 has been fully acknowledged.

        Start  97: t_usR_128K_8K_lL
 90/159 Test  #97: t_usR_128K_8K_lL .................***Timeout  10.01 sec
DEBUG: Listening for incoming connection...
DEBUG: Connecting to 169.254.144.1:1340...
Successfully connected to 169.254.144.1:1340.
New connection from 169.254.144.1:36696.
DEBUG: Outbound stream to 169.254.144.1:36696 finished (1 byte still in flight).
DEBUG: Inbound stream from 169.254.144.1:1340 finished cleanly.
DEBUG: Outbound stream to 169.254.144.1:36696 has been fully acknowledged.

        Start  98: t_usD_128K_8K_l
 91/159 Test  #98: t_usD_128K_8K_l ..................***Timeout  10.01 sec
DEBUG: Listening for incoming connection...
DEBUG: Connecting to 169.254.144.1:23234...
Successfully connected to 169.254.144.1:23234.
New connection from 169.254.144.1:51723.
DEBUG: Outbound stream to 169.254.144.1:23234 finished (73728 bytes still in flight).
DEBUG: Outbound stream to 169.254.144.1:51723 finished (81304 bytes still in flight).
DEBUG: Inbound stream from 169.254.144.1:51723 finished cleanly.
DEBUG: Outbound stream to 169.254.144.1:23234 has been fully acknowledged.
DEBUG: Waiting for clean shutdown... DEBUG: Inbound stream from 169.254.144.1:23234 finished cleanly.
DEBUG: Outbound stream to 169.254.144.1:51723 has been fully acknowledged.

        Start  99: t_usD_128K_8K_L
 92/159 Test  #99: t_usD_128K_8K_L ..................***Timeout  10.01 sec
DEBUG: Listening for incoming connection...
DEBUG: Connecting to 169.254.144.1:3679...
Successfully connected to 169.254.144.1:3679.
New connection from 169.254.144.1:45662.
DEBUG: Outbound stream to 169.254.144.1:45662 finished (88112 bytes still in flight).
DEBUG: Outbound stream to 169.254.144.1:3679 finished (87112 bytes still in flight).
DEBUG: Inbound stream from 169.254.144.1:45662 finished cleanly.
DEBUG: Outbound stream to 169.254.144.1:3679 has been fully acknowledged.
DEBUG: Waiting for clean shutdown... DEBUG: Inbound stream from 169.254.144.1:3679 finished cleanly.
DEBUG: Outbound stream to 169.254.144.1:45662 has been fully acknowledged.

        Start 100: t_usD_128K_8K_lL
 93/159 Test #100: t_usD_128K_8K_lL .................***Failed    0.19 sec
DEBUG: Listening for incoming connection...
DEBUG: Connecting to 169.254.144.1:24439...
Successfully connected to 169.254.144.1:24439.
New connection from 169.254.144.1:41228.
DEBUG: Outbound stream to 169.254.144.1:24439 finished (81920 bytes still in flight).
DEBUG: Outbound stream to 169.254.144.1:41228 finished (79920 bytes still in flight).
DEBUG: Inbound stream from 169.254.144.1:24439 finished cleanly.
DEBUG: Waiting for clean shutdown... Error in _rt_connect

        Start 101: t_ipv4_client_send
 94/159 Test #101: t_ipv4_client_send ...............***Failed    6.29 sec
DEBUG: Listening for incoming connection...
DEBUG: Connecting to 169.254.145.9:16943...
Successfully connected to 169.254.145.9:16943.
DEBUG: Inbound stream from 169.254.145.9:16943 finished with an error/reset.
DEBUG: TCP connection finished uncleanlyError in _rt_connect

        Start 102: t_ipv4_server_send
 95/159 Test #102: t_ipv4_server_send ...............***Timeout  10.00 sec
DEBUG: Listening for incoming connection...
DEBUG: Connecting to 169.254.144.9:23878...
Successfully connected to 169.254.144.9:23878.
DEBUG: Inbound stream from 169.254.144.9:23878 finished with an error/reset.
DEBUG: TCP connection finished uncleanlyDEBUG: Waiting for clean shutdown... done.

        Start 103: t_ipv4_client_recv
 96/159 Test #103: t_ipv4_client_recv ...............***Timeout  10.00 sec
DEBUG: Listening for incoming connection...
DEBUG: Connecting to 169.254.145.9:29966...
Successfully connected to 169.254.145.9:29966.
DEBUG: Inbound stream from 169.254.145.9:29966 finished with an error/reset.
DEBUG: TCP connection finished uncleanlyDEBUG: Waiting for clean shutdown... done.

        Start 104: t_ipv4_server_recv
 97/159 Test #104: t_ipv4_server_recv ...............***Timeout  10.00 sec
DEBUG: Listening for incoming connection...
DEBUG: Connecting to 169.254.144.9:21243...
Successfully connected to 169.254.144.9:21243.
DEBUG: Inbound stream from DEBUG: Waiting for clean shutdown... 169.254.144.9:21243 finished with an error/reset.
DEBUG: TCP connection finished uncleanlydone.

        Start 105: t_ipv4_client_dupl
 98/159 Test #105: t_ipv4_client_dupl ...............***Failed    6.30 sec
DEBUG: Listening for incoming connection...
DEBUG: Connecting to 169.254.145.9:6566...
Successfully connected to 169.254.145.9:6566.
DEBUG: Inbound stream from 169.254.145.9:6566 finished with an error/reset.
DEBUG: TCP connection finished uncleanlyError in _rt_connect

        Start 106: t_ipv4_server_dupl
 99/159 Test #106: t_ipv4_server_dupl ...............***Failed    6.30 sec
DEBUG: Listening for incoming connection...
DEBUG: Connecting to 169.254.144.9:8719...
Successfully connected to 169.254.144.9:8719.
DEBUG: Inbound stream from 169.254.144.9:8719 finished with an error/reset.
DEBUG: TCP connection finished uncleanlyError in _rt_connect

        Start 107: t_icS_1M_32k
100/159 Test #107: t_icS_1M_32k .....................***Failed    6.30 sec
DEBUG: Listening for incoming connection...
DEBUG: Connecting to 169.254.145.9:23491...
Successfully connected to 169.254.145.9:23491.
DEBUG: Inbound stream from 169.254.145.9:23491 finished with an error/reset.
DEBUG: TCP connection finished uncleanlyError in _rt_connect

        Start 108: t_icS_128K_8K
101/159 Test #108: t_icS_128K_8K ....................***Failed    6.31 sec
DEBUG: Listening for incoming connection...
DEBUG: Connecting to 169.254.145.9:15158...
Successfully connected to 169.254.145.9:15158.
DEBUG: Inbound stream from 169.254.145.9:15158 finished with an error/reset.
DEBUG: TCP connection finished uncleanlyError in _rt_connect

        Start 109: t_icS_16_1
102/159 Test #109: t_icS_16_1 .......................***Failed    6.30 sec
DEBUG: Listening for incoming connection...
DEBUG: Connecting to 169.254.145.9:12352...
Successfully connected to 169.254.145.9:12352.
DEBUG: Inbound stream from 169.254.145.9:12352 finished with an error/reset.
DEBUG: TCP connection finished uncleanlyError in _rt_connect

        Start 110: t_icS_32K_d
103/159 Test #110: t_icS_32K_d ......................***Failed    6.30 sec
DEBUG: Listening for incoming connection...
DEBUG: Connecting to 169.254.145.9:10531...
Successfully connected to 169.254.145.9:10531.
DEBUG: Inbound stream from 169.254.145.9:10531 finished with an error/reset.
DEBUG: TCP connection finished uncleanlyError in _rt_connect

        Start 111: t_icR_1M_32k
104/159 Test #111: t_icR_1M_32k .....................***Timeout  10.01 sec
DEBUG: Listening for incoming connection...
DEBUG: Connecting to 169.254.145.9:26838...
Successfully connected to 169.254.145.9:26838.
DEBUG: Inbound stream from 169.254.145.9:26838 finished with an error/reset.
DEBUG: TCP connection finished uncleanlyDEBUG: Waiting for clean shutdown... done.

        Start 112: t_icR_128K_8K
105/159 Test #112: t_icR_128K_8K ....................***Timeout  10.00 sec
DEBUG: Listening for incoming connection...
DEBUG: Connecting to 169.254.145.9:13248...
Successfully connected to 169.254.145.9:13248.
DEBUG: Inbound stream from 169.254.145.9:13248 finished with an error/reset.
DEBUG: TCP connection finished uncleanlyDEBUG: Waiting for clean shutdown... done.

        Start 113: t_icR_16_1
106/159 Test #113: t_icR_16_1 .......................***Timeout  10.00 sec
DEBUG: Listening for incoming connection...
DEBUG: Connecting to 169.254.145.9:12242...
Successfully connected to 169.254.145.9:12242.
DEBUG: Inbound stream from 169.254.145.9:12242 finished with an error/reset.
DEBUG: TCP connection finished uncleanlyDEBUG: Waiting for clean shutdown... done.

        Start 114: t_icR_32K_d
107/159 Test #114: t_icR_32K_d ......................***Timeout  10.00 sec
DEBUG: Listening for incoming connection...
DEBUG: Connecting to 169.254.145.9:20882...
Successfully connected to 169.254.145.9:20882.
DEBUG: Inbound stream from 169.254.145.9:20882 finished with an error/reset.
DEBUG: TCP connection finished uncleanlyDEBUG: Waiting for clean shutdown... done.

        Start 115: t_icD_1M_32k
108/159 Test #115: t_icD_1M_32k .....................***Failed    6.31 sec
DEBUG: Listening for incoming connection...
DEBUG: Connecting to 169.254.145.9:8030...
Successfully connected to 169.254.145.9:8030.
DEBUG: Inbound stream from 169.254.145.9:8030 finished with an error/reset.
DEBUG: TCP connection finished uncleanlyError in _rt_connect

        Start 116: t_icD_128K_8K
109/159 Test #116: t_icD_128K_8K ....................***Failed    6.30 sec
DEBUG: Listening for incoming connection...
DEBUG: Connecting to 169.254.145.9:17132...
Successfully connected to 169.254.145.9:17132.
DEBUG: Inbound stream from 169.254.145.9:17132 finished with an error/reset.
DEBUG: TCP connection finished uncleanlyError in _rt_connect

        Start 117: t_icD_16_1
110/159 Test #117: t_icD_16_1 .......................***Failed    6.29 sec
DEBUG: Listening for incoming connection...
DEBUG: Connecting to 169.254.145.9:3300...
Successfully connected to 169.254.145.9:3300.
DEBUG: Inbound stream from 169.254.145.9:3300 finished with an error/reset.
DEBUG: TCP connection finished uncleanlyError in _rt_connect

        Start 118: t_icD_32K_d
111/159 Test #118: t_icD_32K_d ......................***Failed    6.29 sec
DEBUG: Listening for incoming connection...
DEBUG: Connecting to 169.254.145.9:19813...
Successfully connected to 169.254.145.9:19813.
DEBUG: Inbound stream from 169.254.145.9:19813 finished with an error/reset.
DEBUG: TCP connection finished uncleanlyError in _rt_connect

        Start 119: t_isS_1M_32k
112/159 Test #119: t_isS_1M_32k .....................***Timeout  10.01 sec
DEBUG: Listening for incoming connection...
DEBUG: Connecting to 169.254.144.9:24498...
Successfully connected to 169.254.144.9:24498.
DEBUG: Inbound stream from 169.254.144.9:24498 finished with an error/reset.
DEBUG: TCP connection finished uncleanlyDEBUG: Waiting for clean shutdown... done.

        Start 120: t_isS_128K_8K
113/159 Test #120: t_isS_128K_8K ....................***Timeout  10.01 sec
DEBUG: Listening for incoming connection...
DEBUG: Connecting to 169.254.144.9:33634...
Successfully connected to 169.254.144.9:33634.
DEBUG: Inbound stream from 169.254.144.9:33634 finished with an error/reset.
DEBUG: TCP connection finished uncleanlyDEBUG: Waiting for clean shutdown... done.

        Start 121: t_isS_16_1
114/159 Test #121: t_isS_16_1 .......................***Timeout  10.00 sec
DEBUG: Listening for incoming connection...
DEBUG: Connecting to 169.254.144.9:25007...
Successfully connected to 169.254.144.9:25007.
DEBUG: Inbound stream from 169.254.144.9:25007 finished with an error/reset.
DEBUG: TCP connection finished uncleanlyDEBUG: Waiting for clean shutdown... done.

        Start 122: t_isS_32K_d
115/159 Test #122: t_isS_32K_d ......................***Timeout  10.00 sec
DEBUG: Listening for incoming connection...
DEBUG: Connecting to 169.254.144.9:19222...
Successfully connected to 169.254.144.9:19222.
DEBUG: Inbound stream from 169.254.144.9:19222 finished with an error/reset.
DEBUG: TCP connection finished uncleanlyDEBUG: Waiting for clean shutdown... done.

        Start 123: t_isR_1M_32k
116/159 Test #123: t_isR_1M_32k .....................***Timeout  10.00 sec
DEBUG: Listening for incoming connection...
DEBUG: Connecting to 169.254.144.9:4270...
Successfully connected to 169.254.144.9:4270.
DEBUG: Inbound stream from 169.254.144.9:4270 finished with an error/reset.
DEBUG: TCP connection finished uncleanlyDEBUG: Waiting for clean shutdown... done.

        Start 124: t_isR_128K_8K
117/159 Test #124: t_isR_128K_8K ....................***Failed    6.30 sec
DEBUG: Listening for incoming connection...
DEBUG: Connecting to 169.254.144.9:3894...
Successfully connected to 169.254.144.9:3894.
DEBUG: Inbound stream from 169.254.144.9:3894 finished with an error/reset.
DEBUG: TCP connection finished uncleanlyError in _rt_connect

        Start 125: t_isR_16_1
118/159 Test #125: t_isR_16_1 .......................***Failed    6.29 sec
DEBUG: Listening for incoming connection...
DEBUG: Connecting to 169.254.144.9:16053...
Successfully connected to 169.254.144.9:16053.
DEBUG: Inbound stream from 169.254.144.9:16053 finished with an error/reset.
DEBUG: TCP connection finished uncleanlyError in _rt_connect

        Start 126: t_isR_32K_d
119/159 Test #126: t_isR_32K_d ......................***Failed    6.30 sec
DEBUG: Listening for incoming connection...
DEBUG: Connecting to 169.254.144.9:29642...
Successfully connected to 169.254.144.9:29642.
DEBUG: Inbound stream from 169.254.144.9:29642 finished with an error/reset.
DEBUG: TCP connection finished uncleanlyError in _rt_connect

        Start 127: t_isD_1M_32k
120/159 Test #127: t_isD_1M_32k .....................***Failed    6.31 sec
DEBUG: Listening for incoming connection...
DEBUG: Connecting to 169.254.144.9:14236...
Successfully connected to 169.254.144.9:14236.
DEBUG: Inbound stream from 169.254.144.9:14236 finished with an error/reset.
DEBUG: TCP connection finished uncleanlyError in _rt_connect

        Start 128: t_isD_128K_8K
121/159 Test #128: t_isD_128K_8K ....................***Failed    6.30 sec
DEBUG: Listening for incoming connection...
DEBUG: Connecting to 169.254.144.9:26903...
Successfully connected to 169.254.144.9:26903.
DEBUG: Inbound stream from 169.254.144.9:26903 finished with an error/reset.
DEBUG: TCP connection finished uncleanlyError in _rt_connect

        Start 129: t_isD_16_1
122/159 Test #129: t_isD_16_1 .......................***Failed    6.30 sec
DEBUG: Listening for incoming connection...
DEBUG: Connecting to 169.254.144.9:10966...
Successfully connected to 169.254.144.9:10966.
DEBUG: Inbound stream from 169.254.144.9:10966 finished with an error/reset.
DEBUG: TCP connection finished uncleanlyError in _rt_connect

        Start 130: t_isD_32K_d
123/159 Test #130: t_isD_32K_d ......................***Failed    6.29 sec
DEBUG: Listening for incoming connection...
DEBUG: Connecting to 169.254.144.9:14572...
Successfully connected to 169.254.144.9:14572.
DEBUG: Inbound stream from 169.254.144.9:14572 finished with an error/reset.
DEBUG: TCP connection finished uncleanlyError in _rt_connect

        Start 131: t_icS_128K_8K_l
124/159 Test #131: t_icS_128K_8K_l ..................***Failed    6.31 sec
DEBUG: Listening for incoming connection...
DEBUG: Connecting to 169.254.145.9:5927...
Successfully connected to 169.254.145.9:5927.
DEBUG: Inbound stream from 169.254.145.9:5927 finished with an error/reset.
DEBUG: TCP connection finished uncleanlyError in _rt_connect

        Start 132: t_icS_128K_8K_L
125/159 Test #132: t_icS_128K_8K_L ..................***Failed    6.30 sec
DEBUG: Listening for incoming connection...
DEBUG: Connecting to 169.254.145.9:26414...
Successfully connected to 169.254.145.9:26414.
DEBUG: Inbound stream from 169.254.145.9:26414 finished with an error/reset.
DEBUG: TCP connection finished uncleanlyError in _rt_connect

        Start 133: t_icS_128K_8K_lL
126/159 Test #133: t_icS_128K_8K_lL .................***Failed    6.30 sec
DEBUG: Listening for incoming connection...
DEBUG: Connecting to 169.254.145.9:27871...
Successfully connected to 169.254.145.9:27871.
DEBUG: Inbound stream from 169.254.145.9:27871 finished with an error/reset.
DEBUG: TCP connection finished uncleanlyError in _rt_connect

        Start 134: t_icR_128K_8K_l
127/159 Test #134: t_icR_128K_8K_l ..................***Timeout  10.00 sec
DEBUG: Listening for incoming connection...
DEBUG: Connecting to 169.254.145.9:27288...
Successfully connected to 169.254.145.9:27288.
DEBUG: Inbound stream from 169.254.145.9:27288 finished with an error/reset.
DEBUG: TCP connection finished uncleanlyDEBUG: Waiting for clean shutdown... done.

        Start 135: t_icR_128K_8K_L
128/159 Test #135: t_icR_128K_8K_L ..................***Timeout  10.00 sec
DEBUG: Listening for incoming connection...
DEBUG: Connecting to 169.254.145.9:33024...
Successfully connected to 169.254.145.9:33024.
DEBUG: Inbound stream from 169.254.145.9:33024 finished with an error/reset.
DEBUG: TCP connection finished uncleanlyDEBUG: Waiting for clean shutdown... done.

        Start 136: t_icR_128K_8K_lL
129/159 Test #136: t_icR_128K_8K_lL .................***Timeout  10.01 sec
DEBUG: Listening for incoming connection...
DEBUG: Connecting to 169.254.145.9:26258...
Successfully connected to 169.254.145.9:26258.
DEBUG: Inbound stream from 169.254.145.9:26258 finished with an error/reset.
DEBUG: TCP connection finished uncleanlyDEBUG: Waiting for clean shutdown... done.

        Start 137: t_icD_128K_8K_l
130/159 Test #137: t_icD_128K_8K_l ..................***Failed    6.30 sec
DEBUG: Listening for incoming connection...
DEBUG: Connecting to 169.254.145.9:18591...
Successfully connected to 169.254.145.9:18591.
DEBUG: Inbound stream from 169.254.145.9:18591 finished with an error/reset.
DEBUG: TCP connection finished uncleanlyError in _rt_connect

        Start 138: t_icD_128K_8K_L
131/159 Test #138: t_icD_128K_8K_L ..................***Failed    6.30 sec
DEBUG: Listening for incoming connection...
DEBUG: Connecting to 169.254.145.9:28148...
Successfully connected to 169.254.145.9:28148.
DEBUG: Inbound stream from 169.254.145.9:28148 finished with an error/reset.
DEBUG: TCP connection finished uncleanlyError in _rt_connect

        Start 139: t_icD_128K_8K_lL
132/159 Test #139: t_icD_128K_8K_lL .................***Failed    6.30 sec
DEBUG: Listening for incoming connection...
DEBUG: Connecting to 169.254.145.9:11669...
Successfully connected to 169.254.145.9:11669.
DEBUG: Inbound stream from 169.254.145.9:11669 finished with an error/reset.
DEBUG: TCP connection finished uncleanlyError in _rt_connect

        Start 140: t_isS_128K_8K_l
133/159 Test #140: t_isS_128K_8K_l ..................***Timeout  10.00 sec
DEBUG: Listening for incoming connection...
DEBUG: Connecting to 169.254.144.9:21911...
Successfully connected to 169.254.144.9:21911.
DEBUG: Inbound stream from 169.254.144.9:21911 finished with an error/reset.
DEBUG: TCP connection finished uncleanlyDEBUG: Waiting for clean shutdown... done.

        Start 141: t_isS_128K_8K_L
134/159 Test #141: t_isS_128K_8K_L ..................***Timeout  10.00 sec
DEBUG: Listening for incoming connection...
DEBUG: Connecting to 169.254.144.9:17382...
Successfully connected to 169.254.144.9:17382.
DEBUG: Inbound stream from 169.254.144.9:17382 finished with an error/reset.
DEBUG: TCP connection finished uncleanlyDEBUG: Waiting for clean shutdown... done.

        Start 142: t_isS_128K_8K_lL
135/159 Test #142: t_isS_128K_8K_lL .................***Timeout  10.01 sec
DEBUG: Listening for incoming connection...
DEBUG: Connecting to 169.254.144.9:7734...
Successfully connected to 169.254.144.9:7734.
DEBUG: Inbound stream from 169.254.144.9:7734 finished with an error/reset.
DEBUG: TCP connection finished uncleanlyDEBUG: Waiting for clean shutdown... done.

        Start 143: t_isR_128K_8K_l
136/159 Test #143: t_isR_128K_8K_l ..................***Failed    6.29 sec
DEBUG: Listening for incoming connection...
DEBUG: Connecting to 169.254.144.9:31455...
Successfully connected to 169.254.144.9:31455.
DEBUG: Inbound stream from 169.254.144.9:31455 finished with an error/reset.
DEBUG: TCP connection finished uncleanlyError in _rt_connect

        Start 144: t_isR_128K_8K_L
137/159 Test #144: t_isR_128K_8K_L ..................***Timeout  10.00 sec
DEBUG: Listening for incoming connection...
DEBUG: Connecting to 169.254.144.9:27713...
Successfully connected to 169.254.144.9:27713.
DEBUG: Inbound stream from 169.254.144.9:27713 finished with an error/reset.
DEBUG: TCP connection finished uncleanlyDEBUG: Waiting for clean shutdown... done.

        Start 145: t_isR_128K_8K_lL
138/159 Test #145: t_isR_128K_8K_lL .................***Failed    6.29 sec
DEBUG: Listening for incoming connection...
DEBUG: Connecting to 169.254.144.9:28357...
Successfully connected to 169.254.144.9:28357.
DEBUG: Inbound stream from 169.254.144.9:28357 finished with an error/reset.
DEBUG: TCP connection finished uncleanlyError in _rt_connect

        Start 146: t_isD_128K_8K_l
139/159 Test #146: t_isD_128K_8K_l ..................***Failed    6.30 sec
DEBUG: Listening for incoming connection...
DEBUG: Connecting to 169.254.144.9:29054...
Successfully connected to 169.254.144.9:29054.
DEBUG: Inbound stream from 169.254.144.9:29054 finished with an error/reset.
DEBUG: TCP connection finished uncleanlyError in _rt_connect

        Start 147: t_isD_128K_8K_L
140/159 Test #147: t_isD_128K_8K_L ..................***Failed    6.29 sec
DEBUG: Listening for incoming connection...
DEBUG: Connecting to 169.254.144.9:27755...
Successfully connected to 169.254.144.9:27755.
DEBUG: Inbound stream from 169.254.144.9:27755 finished with an error/reset.
DEBUG: TCP connection finished uncleanlyError in _rt_connect

        Start 148: t_isD_128K_8K_lL
141/159 Test #148: t_isD_128K_8K_lL .................***Failed    6.31 sec
DEBUG: Listening for incoming connection...
DEBUG: Connecting to 169.254.144.9:1874...
Successfully connected to 169.254.144.9:1874.
DEBUG: Inbound stream from 169.254.144.9:1874 finished with an error/reset.
DEBUG: TCP connection finished uncleanlyError in _rt_connect

        Start 149: t_icnS_128K_8K_l
142/159 Test #149: t_icnS_128K_8K_l .................   Passed    0.19 sec
        Start 150: t_icnS_128K_8K_L
143/159 Test #150: t_icnS_128K_8K_L .................   Passed    1.25 sec
        Start 151: t_icnS_128K_8K_lL
144/159 Test #151: t_icnS_128K_8K_lL ................***Timeout  10.01 sec
DEBUG: Connecting to 169.254.144.1:21836...
Successfully connected to 169.254.144.1:21836.
DEBUG: Outbound stream to 169.254.144.1:21836 finished (127001 bytes still in flight).
DEBUG: Inbound stream from 169.254.144.1:21836 finished cleanly.
DEBUG: Waiting for clean shutdown... DEBUG: Outbound stream to 169.254.144.1:21836 has been fully acknowledged.

        Start 152: t_icnR_128K_8K_l
145/159 Test #152: t_icnR_128K_8K_l .................   Passed    1.34 sec
        Start 153: t_icnR_128K_8K_L
146/159 Test #153: t_icnR_128K_8K_L .................   Passed    0.30 sec
        Start 154: t_icnR_128K_8K_lL
147/159 Test #154: t_icnR_128K_8K_lL ................   Passed    0.99 sec
        Start 155: t_icnD_128K_8K_l
148/159 Test #155: t_icnD_128K_8K_l .................   Passed    0.66 sec
        Start 156: t_icnD_128K_8K_L
149/159 Test #156: t_icnD_128K_8K_L .................   Passed    1.38 sec
        Start 157: t_icnD_128K_8K_lL
150/159 Test #157: t_icnD_128K_8K_lL ................   Passed    1.53 sec
        Start 158: t_isnS_128K_8K_l
151/159 Test #158: t_isnS_128K_8K_l .................   Passed    0.19 sec
        Start 159: t_isnS_128K_8K_L
152/159 Test #159: t_isnS_128K_8K_L .................   Passed    1.17 sec
        Start 160: t_isnS_128K_8K_lL
153/159 Test #160: t_isnS_128K_8K_lL ................   Passed    1.52 sec
        Start 161: t_isnR_128K_8K_l
154/159 Test #161: t_isnR_128K_8K_l .................   Passed    0.33 sec
        Start 162: t_isnR_128K_8K_L
155/159 Test #162: t_isnR_128K_8K_L .................   Passed    0.28 sec
        Start 163: t_isnR_128K_8K_lL
156/159 Test #163: t_isnR_128K_8K_lL ................   Passed    0.71 sec
        Start 164: t_isnD_128K_8K_l
157/159 Test #164: t_isnD_128K_8K_l .................   Passed    0.29 sec
        Start 165: t_isnD_128K_8K_L
158/159 Test #165: t_isnD_128K_8K_L .................   Passed    1.28 sec
        Start 166: t_isnD_128K_8K_lL
159/159 Test #166: t_isnD_128K_8K_lL ................   Passed    2.97 sec

46% tests passed, 86 tests failed out of 159

Total Test time (real) = 746.83 sec

The following tests FAILED:
	 43 - t_winsize (Failed)
	 59 - t_ucS_1M_32k (Timeout)
	 60 - t_ucS_128K_8K (Timeout)
	 61 - t_ucS_16_1 (Timeout)
	 63 - t_ucR_1M_32k (Timeout)
	 64 - t_ucR_128K_8K (Timeout)
	 65 - t_ucR_16_1 (Timeout)
	 67 - t_ucD_1M_32k (Timeout)
	 68 - t_ucD_128K_8K (Timeout)
	 69 - t_ucD_16_1 (Timeout)
	 71 - t_usS_1M_32k (Timeout)
	 72 - t_usS_128K_8K (Timeout)
	 73 - t_usS_16_1 (Timeout)
	 75 - t_usR_1M_32k (Timeout)
	 76 - t_usR_128K_8K (Timeout)
	 77 - t_usR_16_1 (Timeout)
	 79 - t_usD_1M_32k (Failed)
	 80 - t_usD_128K_8K (Timeout)
	 81 - t_usD_16_1 (Timeout)
	 83 - t_ucS_128K_8K_l (Timeout)
	 84 - t_ucS_128K_8K_L (Timeout)
	 85 - t_ucS_128K_8K_lL (Timeout)
	 86 - t_ucR_128K_8K_l (Timeout)
	 87 - t_ucR_128K_8K_L (Timeout)
	 88 - t_ucR_128K_8K_lL (Timeout)
	 89 - t_ucD_128K_8K_l (Failed)
	 90 - t_ucD_128K_8K_L (Timeout)
	 91 - t_ucD_128K_8K_lL (Failed)
	 92 - t_usS_128K_8K_l (Timeout)
	 93 - t_usS_128K_8K_L (Timeout)
	 94 - t_usS_128K_8K_lL (Timeout)
	 95 - t_usR_128K_8K_l (Timeout)
	 96 - t_usR_128K_8K_L (Timeout)
	 97 - t_usR_128K_8K_lL (Timeout)
	 98 - t_usD_128K_8K_l (Timeout)
	 99 - t_usD_128K_8K_L (Timeout)
	100 - t_usD_128K_8K_lL (Failed)
	101 - t_ipv4_client_send (Failed)
	102 - t_ipv4_server_send (Timeout)
	103 - t_ipv4_client_recv (Timeout)
	104 - t_ipv4_server_recv (Timeout)
	105 - t_ipv4_client_dupl (Failed)
	106 - t_ipv4_server_dupl (Failed)
	107 - t_icS_1M_32k (Failed)
	108 - t_icS_128K_8K (Failed)
	109 - t_icS_16_1 (Failed)
	110 - t_icS_32K_d (Failed)
	111 - t_icR_1M_32k (Timeout)
	112 - t_icR_128K_8K (Timeout)
	113 - t_icR_16_1 (Timeout)
	114 - t_icR_32K_d (Timeout)
	115 - t_icD_1M_32k (Failed)
	116 - t_icD_128K_8K (Failed)
	117 - t_icD_16_1 (Failed)
	118 - t_icD_32K_d (Failed)
	119 - t_isS_1M_32k (Timeout)
	120 - t_isS_128K_8K (Timeout)
	121 - t_isS_16_1 (Timeout)
	122 - t_isS_32K_d (Timeout)
	123 - t_isR_1M_32k (Timeout)
	124 - t_isR_128K_8K (Failed)
	125 - t_isR_16_1 (Failed)
	126 - t_isR_32K_d (Failed)
	127 - t_isD_1M_32k (Failed)
	128 - t_isD_128K_8K (Failed)
	129 - t_isD_16_1 (Failed)
	130 - t_isD_32K_d (Failed)
	131 - t_icS_128K_8K_l (Failed)
	132 - t_icS_128K_8K_L (Failed)
	133 - t_icS_128K_8K_lL (Failed)
	134 - t_icR_128K_8K_l (Timeout)
	135 - t_icR_128K_8K_L (Timeout)
	136 - t_icR_128K_8K_lL (Timeout)
	137 - t_icD_128K_8K_l (Failed)
	138 - t_icD_128K_8K_L (Failed)
	139 - t_icD_128K_8K_lL (Failed)
	140 - t_isS_128K_8K_l (Timeout)
	141 - t_isS_128K_8K_L (Timeout)
	142 - t_isS_128K_8K_lL (Timeout)
	143 - t_isR_128K_8K_l (Failed)
	144 - t_isR_128K_8K_L (Timeout)
	145 - t_isR_128K_8K_lL (Failed)
	146 - t_isD_128K_8K_l (Failed)
	147 - t_isD_128K_8K_L (Failed)
	148 - t_isD_128K_8K_lL (Failed)
	151 - t_icnS_128K_8K_lL (Timeout)
