[100%] Testing the TCP connection...
Test project /mnt/i/DIY/CS144/sponge/build
        Start   1: t_wrapping_ints_cmp
  1/159 Test   #1: t_wrapping_ints_cmp ..............   Passed    0.01 sec
        Start   2: t_wrapping_ints_unwrap
  2/159 Test   #2: t_wrapping_ints_unwrap ...........   Passed    0.02 sec
        Start   3: t_wrapping_ints_wrap
  3/159 Test   #3: t_wrapping_ints_wrap .............   Passed    0.01 sec
        Start   4: t_recv_connect
  4/159 Test   #4: t_recv_connect ...................   Passed    0.03 sec
        Start   5: t_recv_transmit
  5/159 Test   #5: t_recv_transmit ..................   Passed    0.26 sec
        Start   6: t_recv_window
  6/159 Test   #6: t_recv_window ....................   Passed    0.03 sec
        Start   7: t_recv_reorder
  7/159 Test   #7: t_recv_reorder ...................   Passed    0.03 sec
        Start   8: t_recv_close
  8/159 Test   #8: t_recv_close .....................   Passed    0.03 sec
        Start   9: t_send_connect
  9/159 Test   #9: t_send_connect ...................   Passed    0.05 sec
        Start  10: t_send_transmit
 10/159 Test  #10: t_send_transmit ..................   Passed    0.30 sec
        Start  11: t_send_retx
 11/159 Test  #11: t_send_retx ......................   Passed    0.03 sec
        Start  12: t_send_window
 12/159 Test  #12: t_send_window ....................   Passed    0.15 sec
        Start  13: t_send_ack
 13/159 Test  #13: t_send_ack .......................   Passed    0.03 sec
        Start  14: t_send_close
 14/159 Test  #14: t_send_close .....................   Passed    0.03 sec
        Start  15: t_strm_reassem_single
 15/159 Test  #15: t_strm_reassem_single ............   Passed    0.02 sec
        Start  16: t_strm_reassem_seq
 16/159 Test  #16: t_strm_reassem_seq ...............   Passed    0.02 sec
        Start  17: t_strm_reassem_dup
 17/159 Test  #17: t_strm_reassem_dup ...............   Passed    0.03 sec
        Start  18: t_strm_reassem_holes
 18/159 Test  #18: t_strm_reassem_holes .............   Passed    0.02 sec
        Start  19: t_strm_reassem_many
 19/159 Test  #19: t_strm_reassem_many ..............   Passed    5.45 sec
        Start  20: t_strm_reassem_overlapping
 20/159 Test  #20: t_strm_reassem_overlapping .......   Passed    0.02 sec
        Start  21: t_strm_reassem_win
 21/159 Test  #21: t_strm_reassem_win ...............   Passed    5.66 sec
        Start  22: t_strm_reassem_cap
 22/159 Test  #22: t_strm_reassem_cap ...............   Passed    0.42 sec
        Start  23: t_byte_stream_construction
 23/159 Test  #23: t_byte_stream_construction .......   Passed    0.02 sec
        Start  24: t_byte_stream_one_write
 24/159 Test  #24: t_byte_stream_one_write ..........   Passed    0.02 sec
        Start  25: t_byte_stream_two_writes
 25/159 Test  #25: t_byte_stream_two_writes .........   Passed    0.02 sec
        Start  26: t_byte_stream_capacity
 26/159 Test  #26: t_byte_stream_capacity ...........   Passed    2.98 sec
        Start  27: t_byte_stream_many_writes
 27/159 Test  #27: t_byte_stream_many_writes ........   Passed    0.06 sec
        Start  28: t_webget
 28/159 Test  #28: t_webget .........................   Passed    1.30 sec
        Start  31: t_tcp_parser
 29/159 Test  #31: t_tcp_parser .....................   Passed    0.10 sec
        Start  32: t_ipv4_parser
 30/159 Test  #32: t_ipv4_parser ....................   Passed    0.06 sec
        Start  33: t_active_close
 31/159 Test  #33: t_active_close ...................***Failed    0.05 sec
TCP source port: 0
TCP dest port: 0
TCP seqno: 2
TCP ackno: 2
TCP doff: 5
Flags: urg: false ack: true psh: false rst: false syn: false fin: true
TCP winsize: fa00
TCP cksum: 0
TCP uptr: 0

TCP source port: 0
TCP dest port: 0
TCP seqno: 1
TCP ackno: 2
TCP doff: 5
Flags: urg: false ack: true psh: false rst: false syn: false fin: true
TCP winsize: fa00
TCP cksum: 0
TCP uptr: 0

Test Failure on expectation:
	Expectation: TCP in state sender=`stream finished and fully acknowledged`, receiver=`input to stream has ended`, active=1, linger_after_streams_finish=1

Failure message:
	The TCP was in state `sender=`stream finished and fully acknowledged`, receiver=`input to stream has ended`, active=0, linger_after_streams_finish=0`, but it was expected to be in state `sender=`stream finished and fully acknowledged`, receiver=`input to stream has ended`, active=1, linger_after_streams_finish=1`

List of steps that executed successfully:
	Action:      connect
	Expectation: exactly one segment sent with (A=0,R=0,S=1,F=0,seqno=0,payload_size=0,)
	Action:      packet arrives: Header(flags=SA,seqno=0,ack=1,win=137) with no payload
	Expectation: exactly one segment sent with (A=1,R=0,S=0,F=0,ackno=1,payload_size=0,)
	Action:      close
	Expectation: exactly one segment sent with (A=1,R=0,S=0,F=1,ackno=1,seqno=1,)
	Action:      packet arrives: Header(flags=AF,seqno=1,ack=1,win=137) with no payload
	Expectation: exactly one segment sent with (A=1,R=0,S=0,F=0,ackno=2,)
	Action:      4000ms pass
	Expectation: exactly one segment sent with (F=1,)
	Expectation: TCP in state sender=`stream finished (FIN sent) but not fully acknowledged`, receiver=`input to stream has ended`, active=1, linger_after_streams_finish=1
	Action:      packet arrives: Header(flags=A,seqno=2,ack=2,win=137) with no payload
	Expectation: no (more) segments sent
	Expectation: TCP in state sender=`stream finished and fully acknowledged`, receiver=`input to stream has ended`, active=1, linger_after_streams_finish=1
	Action:      9999ms pass

The TCP was in state `sender=`stream finished and fully acknowledged`, receiver=`input to stream has ended`, active=0, linger_after_streams_finish=0`, but it was expected to be in state `sender=`stream finished and fully acknowledged`, receiver=`input to stream has ended`, active=1, linger_after_streams_finish=1`

        Start  34: t_passive_close
 32/159 Test  #34: t_passive_close ..................   Passed    0.04 sec
        Start  36: t_ack_rst
 33/159 Test  #36: t_ack_rst ........................***Failed    0.04 sec
Test 1
Test Failure on expectation:
	Expectation: TCP has 0 unassembled bytes

Failure message:
	The TCP has `unassembled_bytes = 1`, but unassembled_bytes was expected to be `0`

List of steps that executed successfully:
	Action:      connect
	Expectation: exactly one segment sent with (A=0,R=0,S=1,F=0,seqno=2147483647,payload_size=0,)
	Action:      packet arrives: Header(flags=SA,seqno=2147483647,ack=2147483648,win=137) with no payload
	Expectation: exactly one segment sent with (A=1,R=0,S=0,F=0,ackno=2147483648,payload_size=0,)
	Action:      packet arrives: Header(flags=A,seqno=2147483648,ack=2147483648,win=137) with no payload
	Expectation: no (more) segments sent
	Action:      packet arrives: Header(flags=A,seqno=2147483648,ack=2147483647,win=137) with no payload
	Expectation: no (more) segments sent
	Action:      packet arrives: Header(flags=A,seqno=2147483647,ack=2147483648,win=137) with 1 data bytes "<1>"

Note:
	test 1 failed: seg queued on early seqno

Warning: Unclean shutdown of TCPConnection
The TCP has `unassembled_bytes = 1`, but unassembled_bytes was expected to be `0`

        Start  38: t_ack_rst_win
 34/159 Test  #38: t_ack_rst_win ....................***Failed    0.04 sec
Test Failure on expectation:
	Expectation: TCP has 0 unassembled bytes

Failure message:
	The TCP has `unassembled_bytes = 1`, but unassembled_bytes was expected to be `0`

List of steps that executed successfully:
	Action:      connect
	Expectation: exactly one segment sent with (A=0,R=0,S=1,F=0,seqno=2147483647,payload_size=0,)
	Action:      packet arrives: Header(flags=SA,seqno=2147483647,ack=2147483648,win=137) with no payload
	Expectation: exactly one segment sent with (A=1,R=0,S=0,F=0,ackno=2147483648,payload_size=0,)
	Action:      packet arrives: Header(flags=A,seqno=2147483648,ack=2147483648,win=137) with no payload
	Expectation: no (more) segments sent
	Action:      packet arrives: Header(flags=A,seqno=2147483648,ack=2147483647,win=137) with no payload
	Expectation: no (more) segments sent
	Action:      packet arrives: Header(flags=A,seqno=2147483647,ack=2147483648,win=137) with 1 data bytes "<1>"

Note:
	test 1 failed: seg queued on early seqno

Warning: Unclean shutdown of TCPConnection
The TCP has `unassembled_bytes = 1`, but unassembled_bytes was expected to be `0`

        Start  40: t_connect
 35/159 Test  #40: t_connect ........................   Passed    0.05 sec
        Start  42: t_listen
 36/159 Test  #42: t_listen .........................   Passed    0.04 sec
        Start  43: t_winsize
 37/159 Test  #43: t_winsize ........................***Failed    0.06 sec
Test Failure on expectation:
	Expectation: segment sent

Failure message:
	The TCP should have produces a segment, but did not

List of steps that executed successfully:
	Action:      listen
	Action:      packet arrives: Header(flags=S,seqno=990787423,ack=0,win=137) with no payload
	Expectation: exactly one segment sent with (A=1,ackno=990787424,win=17126,)
	Action:      packet arrives: Header(flags=A,seqno=990787424,ack=3246991934,win=26810) with no payload
	Expectation: no (more) segments sent
	Expectation: TCP in state sender=`stream ongoing`, receiver=`SYN received (ackno exists), and input to stream hasn't ended`, active=1, linger_after_streams_finish=1
	Action:      write (134050 bytes with 134050 accepted) [7e, db, dd, b5, 80, 8c, be, bb, 69, a9, fd, 9d, 44, 5a, 10, 6d, ...]
	Action:      1ms pass

Note:
	test 1 failed: nothing sent after write()

Warning: Unclean shutdown of TCPConnection
The TCP should have produces a segment, but did not

        Start  45: t_retx
 38/159 Test  #45: t_retx ...........................***Failed    0.05 sec
  check_segment
Test Failure on expectation:
	Expectation: segment sent with (A=1,payload_size=4,data="asdf",)

Failure message:
	The TCP should have produced a segment that existed, but it did not

List of steps that executed successfully:
	Action:      connect
	Expectation: exactly one segment sent with (A=0,R=0,S=1,F=0,seqno=2976139032,payload_size=0,)
	Action:      packet arrives: Header(flags=SA,seqno=2976139032,ack=2976139033,win=137) with no payload
	Expectation: exactly one segment sent with (A=1,R=0,S=0,F=0,ackno=2976139033,payload_size=0,)
	Action:      write (4 bytes) [61, 73, 64, 66]
	Action:      1ms pass

Warning: Unclean shutdown of TCPConnection
The TCP should have produced a segment that existed, but it did not (in check_segment called from line 36)

        Start  46: t_retx_win
 39/159 Test  #46: t_retx_win .......................***Failed    0.05 sec
Test Failure on expectation:
	Expectation: segment sent

Failure message:
	The TCP should have produces a segment, but did not

List of steps that executed successfully:
	Action:      connect
	Expectation: exactly one segment sent with (A=0,R=0,S=1,F=0,seqno=1122337206,payload_size=0,)
	Action:      packet arrives: Header(flags=SA,seqno=1122337206,ack=1122337207,win=137) with no payload
	Expectation: exactly one segment sent with (A=1,R=0,S=0,F=0,ackno=1122337207,payload_size=0,)
	Action:      write (4 bytes) [61, 73, 64, 66]
	Action:      1ms pass
	Action:      20ms pass
	Action:      write (4 bytes) [71, 77, 65, 72]
	Action:      1ms pass

Note:
	test 2 failed: cannot read after write()s

Warning: Unclean shutdown of TCPConnection
The TCP should have produces a segment, but did not

        Start  47: t_loopback
 40/159 Test  #47: t_loopback .......................***Failed    0.05 sec
Test Failure on expectation:
	Expectation: TCP has 1135 bytes in flight

Failure message:
	The TCP has `bytes_in_flight = 0`, but bytes_in_flight was expected to be `1135`

List of steps that executed successfully:
	Action:      connect
	Expectation: exactly one segment sent with (A=0,R=0,S=1,F=0,seqno=2604521886,payload_size=0,)
	Action:      packet arrives: Header(flags=SA,seqno=2604521886,ack=2604521887,win=137) with no payload
	Expectation: exactly one segment sent with (A=1,R=0,S=0,F=0,ackno=2604521887,payload_size=0,)
	Action:      packet arrives: Header(flags=A,seqno=2604521887,ack=2604521887,win=65000) with no payload
	Action:      write (1135 bytes) [78, 1, f4, ce, 5a, 32, 58, cc, 75, de, e7, 4b, 48, 64, 1b, 6a, ...]
	Action:      1ms pass

Warning: Unclean shutdown of TCPConnection
The TCP has `bytes_in_flight = 0`, but bytes_in_flight was expected to be `1135`

        Start  48: t_loopback_win
 41/159 Test  #48: t_loopback_win ...................***Failed    0.05 sec
Test Failure on expectation:
	Expectation: segment sent

Failure message:
	The TCP should have produces a segment, but did not

List of steps that executed successfully:
	Action:      connect
	Expectation: exactly one segment sent with (A=0,R=0,S=1,F=0,seqno=518035861,payload_size=0,)
	Action:      packet arrives: Header(flags=SA,seqno=518035861,ack=518035862,win=137) with no payload
	Expectation: exactly one segment sent with (A=1,R=0,S=0,F=0,ackno=518035862,payload_size=0,)
	Action:      packet arrives: Header(flags=A,seqno=518035862,ack=518035862,win=65000) with no payload
	Action:      write (2806 bytes) [bb, 74, db, e9, be, a8, 2c, ec, 72, 5d, 90, 46, 1b, 80, 2d, de, ...]
	Action:      1ms pass

Note:
	test 2 failed: cannot read after write()

Warning: Unclean shutdown of TCPConnection
The TCP should have produces a segment, but did not

        Start  49: t_reorder
 42/159 Test  #49: t_reorder ........................***Failed    0.05 sec
Test Failure on expectation:
	segment sent with (A=1,)
Failure message:
	The TCP should have produced a segment that existed, but it did not

List of steps that executed successfully:
	Action:      connect
	Expectation: exactly one segment sent with (A=0,R=0,S=1,F=0,seqno=1770049283,payload_size=0,)
	Action:      packet arrives: Header(flags=SA,seqno=3137990925,ack=1770049284,win=137) with no payload
	Expectation: exactly one segment sent with (A=1,R=0,S=0,F=0,ackno=3137990926,payload_size=0,)
	Action:      packet arrives: Header(flags=A,seqno=3138000789,ack=1770049284,win=137) with 45 data bytes "<176><23>V<252><139><254><11>f<255>h|<153>SO<147><132>..."

Note:
	test 1 failed: no ACK for datagram

Warning: Unclean shutdown of TCPConnection
The TCP should have produced a segment that existed, but it did not

        Start  50: t_address_dt
 43/159 Test  #50: t_address_dt .....................   Passed    0.03 sec
        Start  51: t_parser_dt
 44/159 Test  #51: t_parser_dt ......................   Passed    0.02 sec
        Start  52: t_socket_dt
 45/159 Test  #52: t_socket_dt ......................   Passed    0.03 sec
        Start  53: t_udp_client_send
 46/159 Test  #53: t_udp_client_send ................   Passed    0.28 sec
        Start  54: t_udp_server_send
 47/159 Test  #54: t_udp_server_send ................   Passed    0.31 sec
        Start  55: t_udp_client_recv
 48/159 Test  #55: t_udp_client_recv ................   Passed    0.28 sec
        Start  56: t_udp_server_recv
 49/159 Test  #56: t_udp_server_recv ................   Passed    0.29 sec
        Start  57: t_udp_client_dupl
 50/159 Test  #57: t_udp_client_dupl ................   Passed    0.30 sec
        Start  58: t_udp_server_dupl
 51/159 Test  #58: t_udp_server_dupl ................   Passed    0.28 sec
        Start  59: t_ucS_1M_32k
 52/159 Test  #59: t_ucS_1M_32k .....................***Timeout  10.00 sec
DEBUG: Listening for incoming connection... DEBUG: Connecting to 169.254.144.1:13675... done.
new connection from 169.254.144.1:48879.
DEBUG: Outbound stream to 169.254.144.1:48879 finished (1 byte still in flight).
DEBUG: Inbound stream from 169.254.144.1:13675 finished cleanly.
DEBUG: Outbound stream to 169.254.144.1:48879 has been fully acknowledged.

        Start  60: t_ucS_128K_8K
 53/159 Test  #60: t_ucS_128K_8K ....................***Timeout  10.00 sec
DEBUG: Listening for incoming connection... DEBUG: Connecting to 169.254.144.1:6848... done.
new connection from 169.254.144.1:36877.
DEBUG: Outbound stream to 169.254.144.1:36877 finished (1 byte still in flight).
DEBUG: Inbound stream from 169.254.144.1:6848 finished cleanly.
DEBUG: Outbound stream to 169.254.144.1:36877 has been fully acknowledged.
DEBUG: Waiting for clean shutdown... 

        Start  61: t_ucS_16_1
 54/159 Test  #61: t_ucS_16_1 .......................***Failed    0.41 sec
DEBUG: Listening for incoming connection... DEBUG: Connecting to 169.254.144.1:24618... done.
new connection from 169.254.144.1:44469.
DEBUG: Outbound stream to 169.254.144.1:44469 finished (1 byte still in flight).
DEBUG: Outbound stream to 169.254.144.1:24618 finished (1 byte still in flight).
DEBUG: Inbound stream from 169.254.144.1:24618 finished cleanly.
DEBUG: Waiting for clean shutdown... DEBUG: Outbound stream to 169.254.144.1:44469 has been fully acknowledged.
DEBUG: Inbound stream from 169.254.144.1:44469 finished cleanly.
DEBUG: Waiting for lingering segments (e.g. retransmissions of FIN) from peer...
DEBUG: Waiting for clean shutdown... DEBUG: TCP connection finished cleanly.
done.
DEBUG: TCP connection finished cleanly.
done.
ERROR: 9c99222eaec0ba84de970294963f7c2a8b553b43525436aee185bb746a79ca31 neq d10b36aa74a59bcf4a88185837f658afaf3646eff2bb16c3928d0e9335e945d2 or 

        Start  62: t_ucS_32K_d
 55/159 Test  #62: t_ucS_32K_d ......................***Failed    0.31 sec
DEBUG: Listening for incoming connection... DEBUG: Connecting to 169.254.144.1:20966... done.
new connection from 169.254.144.1:35272.
DEBUG: Outbound stream to 169.254.144.1:35272 finished (1 byte still in flight).
DEBUG: Inbound stream from 169.254.144.1:20966 finished cleanly.
DEBUG: Outbound stream to 169.254.144.1:35272 has been fully acknowledged.
DEBUG: Waiting for clean shutdown... DEBUG: Outbound stream to 169.254.144.1:20966 finished (1001 bytes still in flight).
DEBUG: Inbound stream from 169.254.144.1:35272 finished cleanly.
DEBUG: Waiting for lingering segments (e.g. retransmissions of FIN) from peer...
DEBUG: Outbound stream to 169.254.144.1:20966 has been fully acknowledged.
DEBUG: TCP connection finished cleanly.
done.
DEBUG: Waiting for clean shutdown... DEBUG: TCP connection finished cleanly.
done.
ERROR: 595beb3e6ed9cb22f017f16e5bfee36c2a5d9914291a3ed8a37ecd970dd41f2a neq 1caf2ee6cc15b290fe7b09b2247a6169a89a6c28a35b9d7492ef1dbe7b6cb444 or 

        Start  63: t_ucR_1M_32k
 56/159 Test  #63: t_ucR_1M_32k .....................***Timeout  10.00 sec
DEBUG: Listening for incoming connection... DEBUG: Connecting to 169.254.144.1:27519... done.
new connection from 169.254.144.1:35319.
DEBUG: Outbound stream to 169.254.144.1:27519 finished (1 byte still in flight).
DEBUG: Inbound stream from 169.254.144.1:35319 finished cleanly.
DEBUG: Outbound stream to 169.254.144.1:27519 has been fully acknowledged.

        Start  64: t_ucR_128K_8K
 57/159 Test  #64: t_ucR_128K_8K ....................***Timeout  10.00 sec
DEBUG: Listening for incoming connection... DEBUG: Connecting to 169.254.144.1:6164... done.
new connection from 169.254.144.1:33693.
DEBUG: Outbound stream to 169.254.144.1:6164 finished (1 byte still in flight).
DEBUG: Inbound stream from 169.254.144.1:33693 finished cleanly.
DEBUG: Outbound stream to 169.254.144.1:6164 has been fully acknowledged.
DEBUG: Waiting for clean shutdown... 

        Start  65: t_ucR_16_1
 58/159 Test  #65: t_ucR_16_1 .......................***Failed    0.41 sec
DEBUG: Listening for incoming connection... DEBUG: Connecting to 169.254.144.1:18122... done.
new connection from 169.254.144.1:35474.
DEBUG: Outbound stream to 169.254.144.1:18122 finished (1 byte still in flight).
DEBUG: Inbound stream from 169.254.144.1:35474 finished cleanly.
DEBUG: Outbound stream to 169.254.144.1:18122 has been fully acknowledged.
DEBUG: Waiting for clean shutdown... DEBUG: Outbound stream to 169.254.144.1:35474 finished (1 byte still in flight).
DEBUG: Inbound stream from 169.254.144.1:18122 finished cleanly.
DEBUG: Waiting for lingering segments (e.g. retransmissions of FIN) from peer...
DEBUG: Waiting for clean shutdown... DEBUG: TCP connection finished cleanly.
done.
DEBUG: TCP connection finished cleanly.
done.
ERROR: 7852b3c0095e6bce9ea11082542bed7cb01c072323f962de5cf400cef13e08c5 neq 44bd7ae60f478fae1061e11a7739f4b94d1daf917982d33b6fc8a01a63f89c21 or 

        Start  66: t_ucR_32K_d
 59/159 Test  #66: t_ucR_32K_d ......................***Failed    0.28 sec
DEBUG: Listening for incoming connection... DEBUG: Connecting to 169.254.144.1:26829... done.
new connection from 169.254.144.1:53157.
DEBUG: Outbound stream to 169.254.144.1:26829 finished (1 byte still in flight).
DEBUG: Inbound stream from 169.254.144.1:53157 finished cleanly.
DEBUG: Outbound stream to 169.254.144.1:26829 has been fully acknowledged.
DEBUG: Waiting for clean shutdown... DEBUG: Outbound stream to 169.254.144.1:53157 finished (1001 bytes still in flight).
DEBUG: Inbound stream from 169.254.144.1:26829 finished cleanly.
DEBUG: Waiting for lingering segments (e.g. retransmissions of FIN) from peer...
DEBUG: Outbound stream to 169.254.144.1:53157 has been fully acknowledged.
DEBUG: TCP connection finished cleanly.
done.
DEBUG: Waiting for clean shutdown... DEBUG: TCP connection finished cleanly.
done.
ERROR: c5e7ec15529be25de00c575c29be3b00b69f68a3b70e32192fb841e68deaf794 neq 633a6f8751b36afef0fc6b9ccb1e012faaa089376132624369120450bd4341a4 or 

        Start  67: t_ucD_1M_32k
 60/159 Test  #67: t_ucD_1M_32k .....................***Timeout  10.01 sec
DEBUG: Listening for incoming connection... DEBUG: Connecting to 169.254.144.1:16086... done.
new connection from 169.254.144.1:37754.

        Start  68: t_ucD_128K_8K
 61/159 Test  #68: t_ucD_128K_8K ....................***Timeout  10.01 sec
DEBUG: Listening for incoming connection... DEBUG: Connecting to 169.254.144.1:1419... done.
new connection from 169.254.144.1:34098.

        Start  69: t_ucD_16_1
 62/159 Test  #69: t_ucD_16_1 .......................***Failed    0.42 sec
DEBUG: Listening for incoming connection... DEBUG: Connecting to 169.254.144.1:14274... done.
new connection from 169.254.144.1:50837.
DEBUG: Outbound stream to 169.254.144.1:14274 finished (1 byte still in flight).
DEBUG: Outbound stream to 169.254.144.1:50837 finished (1 byte still in flight).
DEBUG: Inbound stream from 169.254.144.1:50837 finished cleanly.
DEBUG: Waiting for clean shutdown... DEBUG: Inbound stream from 169.254.144.1:14274 finished cleanly.
DEBUG: Waiting for clean shutdown... DEBUG: TCP connection finished cleanly.
done.
DEBUG: TCP connection finished cleanly.
done.
ERROR: ecb55fd889a03e12690b150b7f06a3aeb5c6cb5d2678642306a40c1e53feae87 neq cfae0d4248f7142f7b17f826cd7a519280e312577690e957830d23dcf35a3fff or cfae0d4248f7142f7b17f826cd7a519280e312577690e957830d23dcf35a3fff

        Start  70: t_ucD_32K_d
 63/159 Test  #70: t_ucD_32K_d ......................***Failed    0.33 sec
DEBUG: Listening for incoming connection... DEBUG: Connecting to 169.254.144.1:18142... done.
new connection from 169.254.144.1:58375.
DEBUG: Outbound stream to 169.254.144.1:18142 finished (1001 bytesDEBUG: Outbound stream to  still in flight).
169.254.144.1:58375 finished (1001 bytes still in flight).
DEBUG: Inbound stream from DEBUG: Inbound stream from 169.254.144.1:58375 finished cleanly.
169.254.144.1:18142 finished cleanly.
DEBUG: Outbound stream to DEBUG: Outbound stream to 169.254.144.1:18142 has been fully acknowledged.
169.254.144.1:58375 has been fully acknowledged.
DEBUG: Waiting for clean shutdown... DEBUG: Waiting for clean shutdown... DEBUG: TCP connection finished cleanly.
done.
DEBUG: TCP connection finished cleanly.
done.
ERROR: b39448edbb088d021561abc605e8e76235e6d10a49e94516ef2fc40e38293b0d neq 50698df8537826cf413b3d67f579b96dc82a28c4f3861032108666f3b3d674a2 or 50698df8537826cf413b3d67f579b96dc82a28c4f3861032108666f3b3d674a2

        Start  71: t_usS_1M_32k
 64/159 Test  #71: t_usS_1M_32k .....................***Timeout  10.01 sec
DEBUG: Listening for incoming connection... DEBUG: Connecting to 169.254.144.1:18738... done.
new connection from 169.254.144.1:56989.
DEBUG: Outbound stream to 169.254.144.1:18738 finished (1 byte still in flight).
DEBUG: Inbound stream from 169.254.144.1:56989 finished cleanly.
DEBUG: Outbound stream to 169.254.144.1:18738 has been fully acknowledged.

        Start  72: t_usS_128K_8K
 65/159 Test  #72: t_usS_128K_8K ....................***Timeout  10.01 sec
DEBUG: Listening for incoming connection... DEBUG: Connecting to 169.254.144.1:16485... done.
new connection from 169.254.144.1:49464.
DEBUG: Outbound stream to 169.254.144.1:16485 finished (1 byte still in flight).
DEBUG: Inbound stream from 169.254.144.1:49464 finished cleanly.
DEBUG: Outbound stream to 169.254.144.1:16485 has been fully acknowledged.
DEBUG: Waiting for clean shutdown... 

        Start  73: t_usS_16_1
 66/159 Test  #73: t_usS_16_1 .......................***Failed    0.41 sec
DEBUG: Listening for incoming connection... DEBUG: Connecting to 169.254.144.1:30220... done.
new connection from 169.254.144.1:40494.
DEBUG: Outbound stream to 169.254.144.1:30220 finished (1 byte still in flight).
DEBUG: Inbound stream from 169.254.144.1:40494 finished cleanly.
DEBUG: Outbound stream to 169.254.144.1:30220 has been fully acknowledged.
DEBUG: Outbound stream to DEBUG: Waiting for clean shutdown... 169.254.144.1:40494 finished (1 byte still in flight).
DEBUG: Inbound stream from 169.254.144.1:30220 finished cleanly.
DEBUG: Waiting for lingering segments (e.g. retransmissions of FIN) from peer...
DEBUG: Waiting for clean shutdown... DEBUG: TCP connection finished cleanly.
done.
DEBUG: TCP connection finished cleanly.
done.
ERROR: db132ec3c5b8da157a1006d78bcbefff02a1568cc88d783b72d8d7ab4be97952 neq 0605d1534eb8995fe8fc7dcf1fac025ea5e26fc26d6b1fc2c79aa0f04159ef41 or 

        Start  74: t_usS_32K_d
 67/159 Test  #74: t_usS_32K_d ......................***Failed    0.29 sec
DEBUG: Listening for incoming connection... DEBUG: Connecting to 169.254.144.1:28335... done.
new connection from 169.254.144.1:35148.
DEBUG: Outbound stream to 169.254.144.1:28335 finished (1 byte still in flight).
DEBUG: Inbound stream from 169.254.144.1:35148 finished cleanly.
DEBUG: Outbound stream to 169.254.144.1:28335 has been fully acknowledged.
DEBUG: Waiting for clean shutdown... DEBUG: Outbound stream to 169.254.144.1:35148 finished (1001 bytes still in flight).
DEBUG: Inbound stream from 169.254.144.1:28335 finished cleanly.
DEBUG: Waiting for lingering segments (e.g. retransmissions of FIN) from peer...
DEBUG: Outbound stream to 169.254.144.1:35148 has been fully acknowledged.
DEBUG: TCP connection finished cleanly.
done.
DEBUG: Waiting for clean shutdown... DEBUG: TCP connection finished cleanly.
done.
ERROR: 5b0c2813d9549dbe31f55696d30e1c11c5a69765036fc2b49bd90bb8ecf93eb7 neq cf08ea0fb0a307ce28b454b13a3c3f5148ab0b63580b28ecfcfa098f7987e0b2 or 

        Start  75: t_usR_1M_32k
 68/159 Test  #75: t_usR_1M_32k .....................***Timeout  10.00 sec
DEBUG: Listening for incoming connection... DEBUG: Connecting to 169.254.144.1:26238... done.
new connection from 169.254.144.1:59739.
DEBUG: Outbound stream to 169.254.144.1:59739 finished (1 byte still in flight).
DEBUG: Inbound stream from 169.254.144.1:26238 finished cleanly.
DEBUG: Outbound stream to 169.254.144.1:59739 has been fully acknowledged.

        Start  76: t_usR_128K_8K
 69/159 Test  #76: t_usR_128K_8K ....................***Timeout  10.00 sec
DEBUG: Listening for incoming connection... DEBUG: Connecting to 169.254.144.1:14962... done.
new connection from 169.254.144.1:39489.
DEBUG: Outbound stream to 169.254.144.1:39489 finished (1 byte still in flight).
DEBUG: Inbound stream from 169.254.144.1:14962 finished cleanly.
DEBUG: Outbound stream to 169.254.144.1:39489 has been fully acknowledged.
DEBUG: Waiting for clean shutdown... 

        Start  77: t_usR_16_1
 70/159 Test  #77: t_usR_16_1 .......................***Failed    0.40 sec
DEBUG: Listening for incoming connection... DEBUG: Connecting to 169.254.144.1:32849... done.
new connection from 169.254.144.1:53891.
DEBUG: Outbound stream to 169.254.144.1:53891 finished (1 byte still in flight).
DEBUG: Outbound stream to 169.254.144.1:32849 finished (1 byte still in flight).
DEBUG: Inbound stream from 169.254.144.1:32849 finished cleanly.
DEBUG: Waiting for clean shutdown... DEBUG: Outbound stream to 169.254.144.1:53891 has been fully acknowledged.
DEBUG: Inbound stream from 169.254.144.1:53891 finished cleanly.
DEBUG: Waiting for lingering segments (e.g. retransmissions of FIN) from peer...
DEBUG: Waiting for clean shutdown... DEBUG: TCP connection finished cleanly.
done.
DEBUG: TCP connection finished cleanly.
done.
ERROR: d432cc4f99c4a835cda6d36db6cab6086e49106b0044915b5dde8d1d00bb2c9a neq 8f11b05da785e43e713d03774c6bd3405d99cd3024af334ffd68db663aa37034 or 

        Start  78: t_usR_32K_d
 71/159 Test  #78: t_usR_32K_d ......................***Failed    0.32 sec
DEBUG: Listening for incoming connection... DEBUG: Connecting to 169.254.144.1:33340... done.
new connection from 169.254.144.1:59717.
DEBUG: Outbound stream to 169.254.144.1:59717 finished (1 byte still in flight).
DEBUG: Inbound stream from 169.254.144.1:33340 finished cleanly.
DEBUG: Outbound stream to 169.254.144.1:59717 has been fully acknowledged.
DEBUG: Waiting for clean shutdown... DEBUG: Outbound stream to 169.254.144.1:33340 finished (1001 bytes still in flight).
DEBUG: Inbound stream from 169.254.144.1:59717 finished cleanly.
DEBUG: Waiting for lingering segments (e.g. retransmissions of FIN) from peer...
DEBUG: Outbound stream to 169.254.144.1:33340 has been fully acknowledged.
DEBUG: TCP connection finished cleanly.
done.
DEBUG: Waiting for clean shutdown... DEBUG: TCP connection finished cleanly.
done.
ERROR: e66d2e18f2c81bb42960055cb70c3990fd8650b0529b5788ba84b352e0d4b157 neq f6ef9d8eda34b09874919ce7ef93c5a022fd934bad22871dd30a309f78e4a496 or 

        Start  79: t_usD_1M_32k
 72/159 Test  #79: t_usD_1M_32k .....................***Timeout  10.01 sec
DEBUG: Listening for incoming connection... DEBUG: Connecting to 169.254.144.1:4643... done.
new connection from 169.254.144.1:37008.

        Start  80: t_usD_128K_8K
 73/159 Test  #80: t_usD_128K_8K ....................***Timeout  10.00 sec
DEBUG: Listening for incoming connection... DEBUG: Connecting to 169.254.144.1:30205... done.
new connection from 169.254.144.1:47047.

        Start  81: t_usD_16_1
 74/159 Test  #81: t_usD_16_1 .......................***Failed    0.29 sec
DEBUG: Listening for incoming connection... DEBUG: Connecting to 169.254.144.1:11562... done.
new connection from 169.254.144.1:42010.
DEBUG: Outbound stream to 169.254.144.1:42010 finished (1 byte still in flight).
DEBUG: Outbound stream to 169.254.144.1:11562 finished (1 byte still in flight).
DEBUG: Inbound stream from 169.254.144.1:11562 finished cleanly.
DEBUG: Waiting for clean shutdown... DEBUG: Outbound stream to 169.254.144.1:42010 has been fully acknowledged.
DEBUG: Inbound stream from 169.254.144.1:42010 finished cleanly.
DEBUG: Outbound stream to 169.254.144.1:11562 has been fully acknowledged.
DEBUG: Waiting for clean shutdown... DEBUG: TCP connection finished DEBUG: TCP connection finished cleanly.
done.
cleanly.
done.
ERROR: f2d4c3238192fc19044292fcea19a73fd7fcdb6bb50da37530b8c924eb5e5424 neq 189f40034be7a199f1fa9891668ee3ab6049f82d38c68be70f596eab2e1857b7 or 189f40034be7a199f1fa9891668ee3ab6049f82d38c68be70f596eab2e1857b7

        Start  82: t_usD_32K_d
 75/159 Test  #82: t_usD_32K_d ......................***Failed    0.29 sec
DEBUG: Listening for incoming connection... DEBUG: Connecting to 169.254.144.1:31993... done.
new connection from 169.254.144.1:43640.
DEBUG: Outbound stream to 169.254.144.1:43640 finished (1001 bytes still in flight).
DEBUG: Outbound stream to 169.254.144.1:31993 finished (1001 bytes still in flight).
DEBUG: Inbound stream from 169.254.144.1:31993 finished cleanly.
DEBUG: Waiting for clean shutdown... DEBUG: Outbound stream to 169.254.144.1:43640 has been fully acknowledged.
DEBUG: Inbound stream from 169.254.144.1:43640 finished cleanly.
DEBUG: Outbound stream to 169.254.144.1:31993 has been fully acknowledged.
DEBUG: Waiting for clean shutdown... DEBUG: TCP connection finished cleanly.
done.
DEBUG: TCP connection finished cleanly.
done.
ERROR: 775b35739cfb9a8da465c2ed2f303de9970dc68f64fa7a9b76f256e80a488911 neq b5654e6f4a70c7250340de70e133e29bc6a1f4768e0afd66630748ccf356a865 or b5654e6f4a70c7250340de70e133e29bc6a1f4768e0afd66630748ccf356a865

        Start  83: t_ucS_128K_8K_l
 76/159 Test  #83: t_ucS_128K_8K_l ..................***Timeout  10.00 sec
DEBUG: Listening for incoming connection... DEBUG: Connecting to 169.254.144.1:7175... done.
new connection from 169.254.144.1:43753.
DEBUG: Outbound stream to 169.254.144.1:43753 finished (1 byte still in flight).
DEBUG: Inbound stream from 169.254.144.1:7175 finished cleanly.
DEBUG: Outbound stream to 169.254.144.1:43753 has been fully acknowledged.
DEBUG: Waiting for clean shutdown... 

        Start  84: t_ucS_128K_8K_L
 77/159 Test  #84: t_ucS_128K_8K_L ..................***Timeout  10.00 sec
DEBUG: Listening for incoming connection... DEBUG: Connecting to 169.254.144.1:11235... done.
new connection from 169.254.144.1:44843.
DEBUG: Outbound stream to 169.254.144.1:44843 finished (1 byte still in flight).
DEBUG: Inbound stream from 169.254.144.1:11235 finished cleanly.
DEBUG: Outbound stream to 169.254.144.1:44843 has been fully acknowledged.
DEBUG: Waiting for clean shutdown... 

        Start  85: t_ucS_128K_8K_lL
 78/159 Test  #85: t_ucS_128K_8K_lL .................***Timeout  10.01 sec
DEBUG: Listening for incoming connection... DEBUG: Connecting to 169.254.144.1:31999... 

        Start  86: t_ucR_128K_8K_l
 79/159 Test  #86: t_ucR_128K_8K_l ..................***Timeout  10.00 sec
DEBUG: Listening for incoming connection... DEBUG: Connecting to 169.254.144.1:3888... done.
new connection from 169.254.144.1:39957.
DEBUG: Outbound stream to 169.254.144.1:3888 finished (1 byte still in flight).
DEBUG: Inbound stream from 169.254.144.1:39957 finished cleanly.
DEBUG: Outbound stream to 169.254.144.1:3888 has been fully acknowledged.
DEBUG: Waiting for clean shutdown... 

        Start  87: t_ucR_128K_8K_L
 80/159 Test  #87: t_ucR_128K_8K_L ..................***Timeout  10.00 sec
DEBUG: Listening for incoming connection... DEBUG: Connecting to 169.254.144.1:8707... 

        Start  88: t_ucR_128K_8K_lL
 81/159 Test  #88: t_ucR_128K_8K_lL .................***Timeout  10.00 sec
DEBUG: Listening for incoming connection... DEBUG: Connecting to 169.254.144.1:19049... done.
DEBUG: Outbound stream to 169.254.144.1:19049 finished (1 byte still in flight).
new connection from 169.254.144.1:51075.
DEBUG: Inbound stream from 169.254.144.1:51075 finished cleanly.
DEBUG: Waiting for clean shutdown... 

        Start  89: t_ucD_128K_8K_l
 82/159 Test  #89: t_ucD_128K_8K_l ..................***Timeout  10.01 sec
DEBUG: Listening for incoming connection... DEBUG: Connecting to 169.254.144.1:22727... done.
new connection from 169.254.144.1:56961.

        Start  90: t_ucD_128K_8K_L
 83/159 Test  #90: t_ucD_128K_8K_L ..................***Timeout  10.00 sec
DEBUG: Listening for incoming connection... DEBUG: Connecting to 169.254.144.1:2509... done.
new connection from 169.254.144.1:58480.

        Start  91: t_ucD_128K_8K_lL
 84/159 Test  #91: t_ucD_128K_8K_lL .................***Timeout  10.00 sec
DEBUG: Listening for incoming connection... DEBUG: Connecting to 169.254.144.1:10543... done.
new connection from 169.254.144.1:54699.

        Start  92: t_usS_128K_8K_l
 85/159 Test  #92: t_usS_128K_8K_l ..................***Timeout  10.00 sec
DEBUG: Listening for incoming connection... DEBUG: Connecting to 169.254.144.1:31455... done.
new connection from 169.254.144.1:34146.
DEBUG: Outbound stream to 169.254.144.1:31455 finished (1 byte still in flight).
DEBUG: Inbound stream from 169.254.144.1:34146 finished cleanly.
DEBUG: Outbound stream to 169.254.144.1:31455 has been fully acknowledged.
DEBUG: Waiting for clean shutdown... 

        Start  93: t_usS_128K_8K_L
 86/159 Test  #93: t_usS_128K_8K_L ..................***Timeout  10.01 sec
DEBUG: Listening for incoming connection... DEBUG: Connecting to 169.254.144.1:3242... done.
new connection from 169.254.144.1:56876.
DEBUG: Outbound stream to 169.254.144.1:3242 finished (1 byte still in flight).
DEBUG: Inbound stream from 169.254.144.1:56876 finished cleanly.
DEBUG: Outbound stream to 169.254.144.1:3242 has been fully acknowledged.
DEBUG: Waiting for clean shutdown... 

        Start  94: t_usS_128K_8K_lL
 87/159 Test  #94: t_usS_128K_8K_lL .................***Timeout  10.01 sec
DEBUG: Listening for incoming connection... DEBUG: Connecting to 169.254.144.1:25671... done.
new connection from 169.254.144.1:44870.
DEBUG: Outbound stream to 169.254.144.1:25671 finished (1 byte still in flight).
DEBUG: Inbound stream from 169.254.144.1:44870 finished cleanly.
DEBUG: Outbound stream to 169.254.144.1:25671 has been fully acknowledged.
DEBUG: Waiting for clean shutdown... 

        Start  95: t_usR_128K_8K_l
 88/159 Test  #95: t_usR_128K_8K_l ..................***Timeout  10.00 sec
DEBUG: Listening for incoming connection... DEBUG: Connecting to 169.254.144.1:10880... done.
new connection from 169.254.144.1:38844.
DEBUG: Outbound stream to 169.254.144.1:38844 finished (1 byte still in flight).
DEBUG: Inbound stream from 169.254.144.1:10880 finished cleanly.
DEBUG: Outbound stream to 169.254.144.1:38844 has been fully acknowledged.
DEBUG: Waiting for clean shutdown... 

        Start  96: t_usR_128K_8K_L
 89/159 Test  #96: t_usR_128K_8K_L ..................***Timeout  10.00 sec
DEBUG: Listening for incoming connection... DEBUG: Connecting to 169.254.144.1:29871... done.
new connection from 169.254.144.1:54904.
DEBUG: Outbound stream to 169.254.144.1:54904 finished (1 byte still in flight).
DEBUG: Inbound stream from 169.254.144.1:29871 finished cleanly.
DEBUG: Outbound stream to 169.254.144.1:54904 has been fully acknowledged.
DEBUG: Waiting for clean shutdown... 

        Start  97: t_usR_128K_8K_lL
 90/159 Test  #97: t_usR_128K_8K_lL .................***Timeout  10.00 sec
DEBUG: Listening for incoming connection... DEBUG: Connecting to 169.254.144.1:29261... done.
new connection from 169.254.144.1:36221.
DEBUG: Outbound stream to 169.254.144.1:36221 finished (1 byte still in flight).
DEBUG: Inbound stream from 169.254.144.1:29261 finished cleanly.
DEBUG: Outbound stream to 169.254.144.1:36221 has been fully acknowledged.
DEBUG: Waiting for clean shutdown... 

        Start  98: t_usD_128K_8K_l
 91/159 Test  #98: t_usD_128K_8K_l ..................***Timeout  10.00 sec
DEBUG: Listening for incoming connection... DEBUG: Connecting to 169.254.144.1:24668... done.
new connection from 169.254.144.1:34896.

        Start  99: t_usD_128K_8K_L
 92/159 Test  #99: t_usD_128K_8K_L ..................***Timeout  10.01 sec
DEBUG: Listening for incoming connection... DEBUG: Connecting to 169.254.144.1:32275... done.
new connection from 169.254.144.1:60927.

        Start 100: t_usD_128K_8K_lL
 93/159 Test #100: t_usD_128K_8K_lL .................***Timeout  10.00 sec
DEBUG: Listening for incoming connection... DEBUG: Connecting to 169.254.144.1:19934... done.
new connection from 169.254.144.1:46745.

        Start 101: t_ipv4_client_send
 94/159 Test #101: t_ipv4_client_send ...............   Passed    0.31 sec
        Start 102: t_ipv4_server_send
 95/159 Test #102: t_ipv4_server_send ...............   Passed    0.39 sec
        Start 103: t_ipv4_client_recv
 96/159 Test #103: t_ipv4_client_recv ...............   Passed    0.34 sec
        Start 104: t_ipv4_server_recv
 97/159 Test #104: t_ipv4_server_recv ...............   Passed    0.45 sec
        Start 105: t_ipv4_client_dupl
 98/159 Test #105: t_ipv4_client_dupl ...............   Passed    0.39 sec
        Start 106: t_ipv4_server_dupl
 99/159 Test #106: t_ipv4_server_dupl ...............   Passed    0.33 sec
        Start 107: t_icS_1M_32k
100/159 Test #107: t_icS_1M_32k .....................***Timeout  10.01 sec
DEBUG: Listening for incoming connection... DEBUG: Connecting to 169.254.145.9:23968... done.
new connection from 169.254.144.9:15833.
DEBUG: Outbound stream to 169.254.144.9:15833 finished (1 byte still in flight).
DEBUG: Outbound stream to 169.254.144.9:15833 has been fully acknowledged.

        Start 108: t_icS_128K_8K
101/159 Test #108: t_icS_128K_8K ....................***Timeout  10.00 sec
DEBUG: Listening for incoming connection... DEBUG: Connecting to 169.254.145.9:21222... done.
new connection from 169.254.144.9:52469.
DEBUG: Outbound stream to 169.254.144.9:52469 finished (1 byte still in flight).
DEBUG: Inbound stream from 169.254.145.9:21222 finished cleanly.
DEBUG: Outbound stream to 169.254.144.9:52469 has been fully acknowledged.
DEBUG: Waiting for clean shutdown... 

        Start 109: t_icS_16_1
102/159 Test #109: t_icS_16_1 .......................***Failed    0.30 sec
DEBUG: Listening for incoming connection... DEBUG: Connecting to 169.254.145.9:33718... done.
new connection from 169.254.144.9:10486.
DEBUG: Outbound stream to 169.254.145.9:33718 finished (1 byte still in flight).
DEBUG: Outbound stream to 169.254.144.9:10486 finished (1 byte still in flight).
DEBUG: Inbound stream from 169.254.144.9:10486 finished cleanly.
DEBUG: Waiting for clean shutdown... DEBUG: Inbound stream from 169.254.145.9:33718 finished cleanly.
DEBUG: Waiting for clean shutdown... DEBUG: Outbound stream to 169.254.144.9:10486 has been fully acknowledged.
DEBUG: TCP connection finished cleanly.
done.
DEBUG: TCP connection finished cleanly.
done.
ERROR: 0b2089ea07710ff85481e9d0b5ba61a40de2d1b2ffdf22431703d4ade3662c29 neq 27952171c7fcdf0ddc765ab4f4e1c537cb29e5e533d57b3456257ee785c81711 or 

        Start 110: t_icS_32K_d
103/159 Test #110: t_icS_32K_d ......................***Failed    0.29 sec
DEBUG: Listening for incoming connection... DEBUG: Connecting to 169.254.145.9:27648... done.
new connection from 169.254.144.9:51059.
DEBUG: Outbound stream to 169.254.144.9:51059 finished (1 byte still in flight).
DEBUG: Inbound stream from 169.254.145.9:27648 finished cleanly.
DEBUG: Outbound stream to 169.254.144.9:51059 has been fully acknowledged.
DEBUG: Waiting for clean shutdown... DEBUG: Outbound stream to 169.254.145.9:27648 finished (1001 bytes still in flight).
DEBUG: Inbound stream from 169.254.144.9:51059 finished cleanly.
DEBUG: Waiting for lingering segments (e.g. retransmissions of FIN) from peer...
DEBUG: Outbound stream to 169.254.145.9:27648 has been fully acknowledged.
DEBUG: TCP connection finished cleanly.
DEBUG: Waiting for clean shutdown... done.
DEBUG: TCP connection finished cleanly.
done.
ERROR: 331531d9fffb46be8b3ab586b343bffb97b57eaeebe11798c3ee72c610cb3595 neq b81e83337dda33ed6871c73888f947586a53de7e5d697444d195df73813119d0 or 

        Start 111: t_icR_1M_32k
104/159 Test #111: t_icR_1M_32k .....................***Timeout  10.01 sec
DEBUG: Listening for incoming connection... DEBUG: Connecting to 169.254.145.9:5693... done.
DEBUG: Outbound stream to 169.254.145.9:5693 finished (new connection from 169.254.144.9:7999.
1 byte still in flight).
DEBUG: Inbound stream from 169.254.144.9:7999 finished cleanly.
DEBUG: Outbound stream to 169.254.145.9:5693 has been fully acknowledged.

        Start 112: t_icR_128K_8K
105/159 Test #112: t_icR_128K_8K ....................***Timeout  10.00 sec
DEBUG: Listening for incoming connection... DEBUG: Connecting to 169.254.145.9:25070... done.
DEBUG: Outbound stream to 169.254.145.9:25070 finished (1 byte still in flight).
new connection from 169.254.144.9:49262.
DEBUG: Inbound stream from 169.254.144.9:49262 finished cleanly.
DEBUG: Outbound stream to 169.254.145.9:25070 has been fully acknowledged.
DEBUG: Waiting for clean shutdown... 

        Start 113: t_icR_16_1
106/159 Test #113: t_icR_16_1 .......................***Failed    0.46 sec
DEBUG: Listening for incoming connection... DEBUG: Connecting to 169.254.145.9:20262... done.
new connection from 169.254.144.9:58999.
DEBUG: Outbound stream to 169.254.145.9:20262 finished (1 byte still in flight).
DEBUG: Inbound stream from 169.254.144.9:58999 finished cleanly.
DEBUG: Waiting for clean shutdown... DEBUG: Outbound stream to 169.254.144.9:58999 finished (1 byte still in flight).
DEBUG: Outbound stream to 169.254.145.9:20262 has been fully acknowledged.
DEBUG: Inbound stream from 169.254.145.9:20262 finished cleanly.
DEBUG: Waiting for lingering segments (e.g. retransmissions of FIN) from peer...
DEBUG: Waiting for clean shutdown... DEBUG: TCP connection finished cleanly.
done.
DEBUG: TCP connection finished cleanly.
done.
ERROR: 40c501dae2af5c1ffae0910600a78497886cb2b05caeb394dce24e34270b35f2 neq 9e076ceaf246b6003d9c2680a2b4cf0bffd069805902b0b5edeebf49039fe4bd or 

        Start 114: t_icR_32K_d
107/159 Test #114: t_icR_32K_d ......................***Failed    0.29 sec
DEBUG: Listening for incoming connection... DEBUG: Connecting to 169.254.145.9:28338... done.
new connection from 169.254.144.9:20129.
DEBUG: Outbound stream to 169.254.145.9:28338 finished (1 byte still in flight).
DEBUG: Inbound stream from 169.254.144.9:20129 finished cleanly.
DEBUG: Outbound stream to 169.254.145.9:28338 has been fully acknowledged.
DEBUG: Waiting for clean shutdown... DEBUG: Outbound stream to 169.254.144.9:20129 finished (1001 bytes still in flight).
DEBUG: Inbound stream from 169.254.145.9:28338 finished cleanly.
DEBUG: Waiting for lingering segments (e.g. retransmissions of FIN) from peer...
DEBUG: Waiting for clean shutdown... DEBUG: Outbound stream to 169.254.144.9:20129 has been fully acknowledged.
DEBUG: TCP connection finished cleanly.
done.
DEBUG: TCP connection finished cleanly.
done.
ERROR: d8f5098d985d0734cb6b4f37de95568d0fe7bbee585e45a1b73cb5c4a044f16e neq 97d77981098f4b36de708d1b75a8dbc55ee23bb611c24fbf6e0fbaa2f224379a or 

        Start 115: t_icD_1M_32k
108/159 Test #115: t_icD_1M_32k .....................***Timeout  10.00 sec
DEBUG: Listening for incoming connection... DEBUG: Connecting to 169.254.145.9:1759... done.
new connection from 169.254.144.9:46512.

        Start 116: t_icD_128K_8K
109/159 Test #116: t_icD_128K_8K ....................***Timeout  10.01 sec
DEBUG: Listening for incoming connection... DEBUG: Connecting to 169.254.145.9:31960... done.
new connection from 169.254.144.9:20003.

        Start 117: t_icD_16_1
110/159 Test #117: t_icD_16_1 .......................***Failed    0.49 sec
DEBUG: Listening for incoming connection... DEBUG: Connecting to 169.254.145.9:19136... done.
DEBUG: Outbound stream to 169.254.145.9:19136 finished (1 byte still in flight).
new connection from 169.254.144.9:228.
DEBUG: Inbound stream from 169.254.144.9:228 finished cleanly.
DEBUG: Outbound stream to 169.254.144.9:228 finished (1 byte still in flight).
DEBUG: Waiting for clean shutdown... DEBUG: Inbound stream from 169.254.145.9:19136 finished cleanly.
DEBUG: Waiting for clean shutdown... DEBUG: TCP connection finished cleanly.
done.
DEBUG: TCP connection finished cleanly.
done.
ERROR: fd1898c8cc73b4e8b8eadbc054204c8625329e348ca750f87e5bb296305feecd neq dc0e9c3658a1a3ed1ec94274d8b19925c93e1abb7ddba294923ad9bde30f8cb8 or dc0e9c3658a1a3ed1ec94274d8b19925c93e1abb7ddba294923ad9bde30f8cb8

        Start 118: t_icD_32K_d
111/159 Test #118: t_icD_32K_d ......................***Failed    0.31 sec
DEBUG: Listening for incoming connection... DEBUG: Connecting to 169.254.145.9:21353... done.
new connection from 169.254.144.9:9089.
DEBUG: Outbound stream to 169.254.145.9:21353 finished (1001 bytes still in flight).
DEBUG: Inbound stream from 169.254.144.9:9089 finished cleanly.
DEBUG: Outbound stream to 169.254.144.9:9089 finished (1001 bytes still in flight).
DEBUG: Outbound stream to 169.254.145.9:21353 has been fully acknowledged.
DEBUG: Waiting for clean shutdown... DEBUG: Inbound stream from 169.254.145.9:21353 finished cleanly.
DEBUG: Outbound stream to 169.254.144.9:9089 has been fully acknowledged.
DEBUG: TCP connection finished cleanly.
DEBUG: Waiting for clean shutdown... done.
DEBUG: TCP connection finished cleanly.
done.
ERROR: 921ed76cb38d425e0217b0302e649a95f77cabe40d8cd0999c2ac84b6a45f036 neq dcba30fd588d401ee13f9f362f6042485dac5c1ce6c1b7995ed1388e4a809710 or dcba30fd588d401ee13f9f362f6042485dac5c1ce6c1b7995ed1388e4a809710

        Start 119: t_isS_1M_32k
112/159 Test #119: t_isS_1M_32k .....................***Timeout  10.01 sec
DEBUG: Listening for incoming connection... DEBUG: Connecting to 169.254.144.9:29902... done.
DEBUG: Outbound stream to 169.254.144.9:29902 finished (1 byte still in flight).
new connection from 169.254.145.9:758.
DEBUG: Inbound stream from 169.254.145.9:758 finished cleanly.
DEBUG: Outbound stream to 169.254.144.9:29902 has been fully acknowledged.

        Start 120: t_isS_128K_8K
113/159 Test #120: t_isS_128K_8K ....................***Timeout  10.00 sec
DEBUG: Listening for incoming connection... DEBUG: Connecting to 169.254.144.9:19110... done.
DEBUG: Outbound stream to 169.254.144.9:19110 finished (1new connection from  byte still in flight).
169.254.145.9:33545.
DEBUG: Inbound stream from 169.254.145.9:33545 finished cleanly.
DEBUG: Outbound stream to 169.254.144.9:19110 has been fully acknowledged.
DEBUG: Waiting for clean shutdown... 

        Start 121: t_isS_16_1
114/159 Test #121: t_isS_16_1 .......................***Failed    0.45 sec
DEBUG: Listening for incoming connection... DEBUG: Connecting to 169.254.144.9:28517... done.
DEBUG: Outbound stream to 169.254.144.9:28517 finished (1 byte still in flight).
new connection from 169.254.145.9:60492.
DEBUG: Inbound stream from 169.254.145.9:60492 finished cleanly.
DEBUG: Waiting for clean shutdown... DEBUG: Outbound stream to 169.254.145.9:60492 finished (1 byte still in flight).
DEBUG: Outbound stream to 169.254.144.9:28517 has been fully acknowledged.
DEBUG: Inbound stream from 169.254.144.9:28517 finished cleanly.
DEBUG: Waiting for lingering segments (e.g. retransmissions of FIN) from peer...
DEBUG: Waiting for clean shutdown... DEBUG: TCP connection finished cleanly.
done.
DEBUG: TCP connection finished cleanly.
done.
ERROR: 1e85f7f69c38558b7c0ade255b5b01f5ae29eaca1fd36b9b2accac3040d55a75 neq fe1dcd3abfcd6b1655a026e60a05d03a7f71e4b6070f36e6c7e9c4b6f3d3bf1b or 

        Start 122: t_isS_32K_d
115/159 Test #122: t_isS_32K_d ......................***Failed    0.28 sec
DEBUG: Listening for incoming connection... DEBUG: Connecting to 169.254.144.9:14993... done.
DEBUG: Outbound stream to 169.254.144.9:14993 finished (1 byte still in flight).
new connection from 169.254.145.9:37979.
DEBUG: Inbound stream from 169.254.145.9:37979 finished cleanly.
DEBUG: Outbound stream to 169.254.144.9:14993 has been fully acknowledged.
DEBUG: Waiting for clean shutdown... DEBUG: Outbound stream to 169.254.145.9:37979 finished (1001 bytes still in flight).
DEBUG: Inbound stream from 169.254.144.9:14993 finished cleanly.
DEBUG: Waiting for lingering segments (e.g. retransmissions of FIN) from peer...
DEBUG: Waiting for clean shutdown... DEBUG: Outbound stream to 169.254.145.9:37979 has been fully acknowledged.
DEBUG: TCP connection finished cleanly.
done.
DEBUG: TCP connection finished cleanly.
done.
ERROR: 5d101c41f2956dbc255785de8efb66f8dac1ad894a4c62200df0d08bfbb2bc9a neq c9cc40a0d7c4419bf63ec9fa2dcb252a25a5eb006667c9fca87d5c76bf955a71 or 

        Start 123: t_isR_1M_32k
116/159 Test #123: t_isR_1M_32k .....................***Timeout  10.01 sec
DEBUG: Listening for incoming connection... DEBUG: Connecting to 169.254.144.9:30435... done.
new connection from 169.254.145.9:31552.
DEBUG: Outbound stream to 169.254.145.9:31552 finished (1 byte still in flight).
DEBUG: Inbound stream from 169.254.144.9:30435 finished cleanly.
DEBUG: Outbound stream to 169.254.145.9:31552 has been fully acknowledged.

        Start 124: t_isR_128K_8K
117/159 Test #124: t_isR_128K_8K ....................***Timeout  10.00 sec
DEBUG: Listening for incoming connection... DEBUG: Connecting to 169.254.144.9:30422... done.
new connection from 169.254.145.9:39337.
DEBUG: Outbound stream to 169.254.145.9:39337 finished (1 byte still in flight).
DEBUG: Inbound stream from 169.254.144.9:30422 finished cleanly.
DEBUG: Outbound stream to 169.254.145.9:39337 has been fully acknowledged.
DEBUG: Waiting for clean shutdown... 

        Start 125: t_isR_16_1
118/159 Test #125: t_isR_16_1 .......................***Failed    0.31 sec
DEBUG: Listening for incoming connection... DEBUG: Connecting to 169.254.144.9:14371... done.
new connection from 169.254.145.9:11535.
DEBUG: Outbound stream to 169.254.144.9:14371 finished (1 byteDEBUG: Outbound stream to  still in flight).
169.254.145.9:11535 finished (1 byte still in flight).
DEBUG: Inbound stream from 169.254.144.9:14371 finished cleanly.
DEBUG: Waiting for clean shutdown... DEBUG: Outbound stream to 169.254.145.9:11535 has been fully acknowledged.
DEBUG: Inbound stream from 169.254.145.9:11535 finished cleanly.
DEBUG: Waiting for lingering segments (e.g. retransmissions of FIN) from peer...
DEBUG: Outbound stream to 169.254.144.9:14371 has been fully acknowledged.
DEBUG: Waiting for clean shutdown... DEBUG: TCP connection finished cleanly.
done.
DEBUG: TCP connection finished cleanly.
done.
ERROR: 2c6e064c2fe982a3d55691f501677c2152b11799f6feb4739fc89de0dfd50383 neq 6d90fbacc073ee0b4c43f3a3291cecda33764f6d66d14224ad60f471f2c8334b or 

        Start 126: t_isR_32K_d
119/159 Test #126: t_isR_32K_d ......................***Failed    0.32 sec
DEBUG: Listening for incoming connection... DEBUG: Connecting to 169.254.144.9:10899... done.
new connection from 169.254.145.9:33716.
DEBUG: Outbound stream to 169.254.145.9:33716 finished (1 byte still in flight).
DEBUG: Outbound stream to 169.254.144.9:10899 finished (1001 bytes still in flight).
DEBUG: Outbound stream to 169.254.145.9:33716 has been fully acknowledged.
DEBUG: Inbound stream from 169.254.145.9:33716 finished cleanly.
DEBUG: Waiting for lingering segments (e.g. retransmissions of FIN) from peer...
DEBUG: Outbound stream to 169.254.144.9:10899 has been fully acknowledged.
DEBUG: Inbound stream from DEBUG: Waiting for clean shutdown... 169.254.144.9:10899 finished cleanly.
DEBUG: TCP connection finished cleanly.
DEBUG: Waiting for clean shutdown... done.
DEBUG: TCP connection finished cleanly.
done.
ERROR: b9764ce2abf5baebdc20021b3ad210a82be859c1a311a3e20e25f5873039e51a neq abd947af91b6b58e6bc4fe49a9f22800f15fca5ede80ae2009fec77689edc088 or 

        Start 127: t_isD_1M_32k
120/159 Test #127: t_isD_1M_32k .....................***Timeout  10.00 sec
DEBUG: Listening for incoming connection... DEBUG: Connecting to 169.254.144.9:27029... done.
new connection from 169.254.145.9:2470.

        Start 128: t_isD_128K_8K
121/159 Test #128: t_isD_128K_8K ....................***Timeout  10.00 sec
DEBUG: Listening for incoming connection... DEBUG: Connecting to 169.254.144.9:21860... done.
new connection from 169.254.145.9:19777.

        Start 129: t_isD_16_1
122/159 Test #129: t_isD_16_1 .......................***Failed    0.49 sec
DEBUG: Listening for incoming connection... DEBUG: Connecting to 169.254.144.9:9046... done.
DEBUG: Outbound stream to 169.254.144.9:9046 finished (1 byte still in flight).
new connection from 169.254.145.9:2762.
DEBUG: Inbound stream from 169.254.145.9:2762 finished cleanly.
DEBUG: Outbound stream to 169.254.145.9:2762 finished (1 byte still in flight).
DEBUG: Waiting for clean shutdown... DEBUG: Inbound stream from 169.254.144.9:9046 finished cleanly.
DEBUG: Waiting for clean shutdown... DEBUG: TCP connection finished cleanly.
done.
DEBUG: TCP connection finished cleanly.
done.
ERROR: e89dfbacd07dc19dc05ce7934d520ed1907cfb6fd7a6613b3cbfab7a0a2439db neq 5ee0dd4d4840229fab4a86438efbcaf1b9571af94f5ace5acc94de19e98ea9ab or 5ee0dd4d4840229fab4a86438efbcaf1b9571af94f5ace5acc94de19e98ea9ab

        Start 130: t_isD_32K_d
123/159 Test #130: t_isD_32K_d ......................***Failed    0.38 sec
DEBUG: Listening for incoming connection... DEBUG: Connecting to 169.254.144.9:5231... done.
new connection from 169.254.145.9:58025.
DEBUG: Outbound stream to 169.254.144.9:5231 finished (1001 bytes still in flight).
DEBUG: Outbound stream to 169.254.145.9:58025 finished (32769 bytes still in flight).
DEBUG: Inbound stream from 169.254.145.9:58025 finished cleanly.
DEBUG: Waiting for clean shutdown... DEBUG: Outbound stream to 169.254.144.9:5231 has been fully acknowledged.
DEBUG: Inbound stream from 169.254.144.9:5231 finished cleanly.
DEBUG: Waiting for clean shutdown... DEBUG: Outbound stream to 169.254.145.9:58025 has been fully acknowledged.
DEBUG: TCP connection finished cleanly.
done.
DEBUG: TCP connection finished cleanly.
done.
ERROR: b8e02021f74b28e90a45e37335e250a12475c9e9562ed76fa29db125d69fa504 neq 5daee54854173f0811cda52ae131881c815279cf67bbf05fa52dd6150e578537 or b8e02021f74b28e90a45e37335e250a12475c9e9562ed76fa29db125d69fa504

        Start 131: t_icS_128K_8K_l
124/159 Test #131: t_icS_128K_8K_l ..................***Timeout  10.00 sec
DEBUG: Listening for incoming connection... DEBUG: Connecting to 169.254.145.9:19547... done.
new connection from 169.254.144.9:54400.
DEBUG: Outbound stream to 169.254.144.9:54400 finished (1 byte still in flight).
DEBUG: Inbound stream from 169.254.145.9:19547 finished cleanly.
DEBUG: Outbound stream to 169.254.144.9:54400 has been fully acknowledged.
DEBUG: Waiting for clean shutdown... 

        Start 132: t_icS_128K_8K_L
125/159 Test #132: t_icS_128K_8K_L ..................***Timeout  10.00 sec
DEBUG: Listening for incoming connection... DEBUG: Connecting to 169.254.145.9:17453... 

        Start 133: t_icS_128K_8K_lL
126/159 Test #133: t_icS_128K_8K_lL .................***Timeout  10.00 sec
DEBUG: Listening for incoming connection... DEBUG: Connecting to 169.254.145.9:31845... done.
new connection from 169.254.144.9:32019.
DEBUG: Outbound stream to 169.254.144.9:32019 finished (1 byte still in flight).
DEBUG: Inbound stream from 169.254.145.9:31845 finished cleanly.
DEBUG: Outbound stream to 169.254.144.9:32019 has been fully acknowledged.
DEBUG: Waiting for clean shutdown... 

        Start 134: t_icR_128K_8K_l
127/159 Test #134: t_icR_128K_8K_l ..................***Timeout  10.00 sec
DEBUG: Listening for incoming connection... DEBUG: Connecting to 169.254.145.9:6304... done.
DEBUG: Outbound stream to 169.254.145.9:6304 finished (1 byte still in flight).
new connection from 169.254.144.9:47874.
DEBUG: Inbound stream from 169.254.144.9:47874 finished cleanly.
DEBUG: Outbound stream to 169.254.145.9:6304 has been fully acknowledged.
DEBUG: Waiting for clean shutdown... 

        Start 135: t_icR_128K_8K_L
128/159 Test #135: t_icR_128K_8K_L ..................***Timeout  10.00 sec
DEBUG: Listening for incoming connection... DEBUG: Connecting to 169.254.145.9:13219... done.
new connection from 169.254.144.9:22664.
DEBUG: Outbound stream to 169.254.145.9:13219 finished (1 byte still in flight).
DEBUG: Inbound stream from 169.254.144.9:22664 finished cleanly.
DEBUG: Outbound stream to 169.254.145.9:13219 has been fully acknowledged.
DEBUG: Waiting for clean shutdown... 

        Start 136: t_icR_128K_8K_lL
129/159 Test #136: t_icR_128K_8K_lL .................***Timeout  10.01 sec
DEBUG: Listening for incoming connection... DEBUG: Connecting to 169.254.145.9:30236... 

        Start 137: t_icD_128K_8K_l
130/159 Test #137: t_icD_128K_8K_l ..................***Timeout  10.00 sec
DEBUG: Listening for incoming connection... DEBUG: Connecting to 169.254.145.9:20894... done.
new connection from 169.254.144.9:7841.

        Start 138: t_icD_128K_8K_L
131/159 Test #138: t_icD_128K_8K_L ..................***Timeout  10.01 sec
DEBUG: Listening for incoming connection... DEBUG: Connecting to 169.254.145.9:2388... done.
new connection from 169.254.144.9:48452.

        Start 139: t_icD_128K_8K_lL
132/159 Test #139: t_icD_128K_8K_lL .................***Timeout  10.01 sec
DEBUG: Listening for incoming connection... DEBUG: Connecting to 169.254.145.9:4429... done.
new connection from 169.254.144.9:51521.

        Start 140: t_isS_128K_8K_l
133/159 Test #140: t_isS_128K_8K_l ..................***Timeout  10.01 sec
DEBUG: Listening for incoming connection... DEBUG: Connecting to 169.254.144.9:12912... done.
new connection from 169.254.145.9:43586.
DEBUG: Outbound stream to 169.254.144.9:12912 finished (1 byte still in flight).
DEBUG: Inbound stream from 169.254.145.9:43586 finished cleanly.
DEBUG: Outbound stream to 169.254.144.9:12912 has been fully acknowledged.
DEBUG: Waiting for clean shutdown... 

        Start 141: t_isS_128K_8K_L
134/159 Test #141: t_isS_128K_8K_L ..................***Timeout  10.01 sec
DEBUG: Listening for incoming connection... DEBUG: Connecting to 169.254.144.9:33184... done.
DEBUG: Outbound stream to 169.254.144.9:33184 finished (1 byte still in flight).
new connection from 169.254.145.9:65478.
DEBUG: Inbound stream from 169.254.145.9:65478 finished cleanly.
DEBUG: Outbound stream to 169.254.144.9:33184 has been fully acknowledged.
DEBUG: Waiting for clean shutdown... 

        Start 142: t_isS_128K_8K_lL
135/159 Test #142: t_isS_128K_8K_lL .................***Failed    0.58 sec
DEBUG: Listening for incoming connection... DEBUG: Connecting to 169.254.144.9:5540... done.
DEBUG: Outbound stream to 169.254.144.9:5540 finished (1 byte still in flight).
new connection from 169.254.145.9:16918.
DEBUG: Inbound stream from 169.254.145.9:16918 finished cleanly.
DEBUG: Waiting for clean shutdown... DEBUG: Outbound stream to 169.254.145.9:16918 finished (90112 bytes still in flight).
DEBUG: TCP connection finished cleanly.
DEBUG: Waiting for clean shutdown... done.
DEBUG: TCP connection finished cleanly.
done.
ERROR: a23d00064b5ee69690ac86e0f2787983abf0cf80046cdfa39a5daab63203d8ff neq d2ef877a1b0599139a3c884db914e33d36abeae2e4ae6735245c4b8ab4a64f95 or 

        Start 143: t_isR_128K_8K_l
136/159 Test #143: t_isR_128K_8K_l ..................***Timeout  10.01 sec
DEBUG: Listening for incoming connection... DEBUG: Connecting to 169.254.144.9:24514... done.
new connection from 169.254.145.9:34252.
DEBUG: Outbound stream to 169.254.145.9:34252 finished (1 byte still in flight).
DEBUG: Inbound stream from 169.254.144.9:24514 finished cleanly.
DEBUG: Outbound stream to 169.254.145.9:34252 has been fully acknowledged.
DEBUG: Waiting for clean shutdown... 

        Start 144: t_isR_128K_8K_L
137/159 Test #144: t_isR_128K_8K_L ..................***Timeout  10.01 sec
DEBUG: Listening for incoming connection... DEBUG: Connecting to 169.254.144.9:32621... done.
new connection from 169.254.145.9:42323.
DEBUG: Outbound stream to 169.254.145.9:42323 finished (1 byte still in flight).
DEBUG: Outbound stream to 169.254.145.9:42323 has been fully acknowledged.

        Start 145: t_isR_128K_8K_lL
138/159 Test #145: t_isR_128K_8K_lL .................***Timeout  10.00 sec
DEBUG: Listening for incoming connection... DEBUG: Connecting to 169.254.144.9:16052... done.

        Start 146: t_isD_128K_8K_l
139/159 Test #146: t_isD_128K_8K_l ..................***Timeout  10.00 sec
DEBUG: Listening for incoming connection... DEBUG: Connecting to 169.254.144.9:9999... 

        Start 147: t_isD_128K_8K_L
140/159 Test #147: t_isD_128K_8K_L ..................***Timeout  10.01 sec
DEBUG: Listening for incoming connection... DEBUG: Connecting to 169.254.144.9:17747... done.
new connection from 169.254.145.9:37254.

        Start 148: t_isD_128K_8K_lL
141/159 Test #148: t_isD_128K_8K_lL .................***Timeout  10.00 sec
DEBUG: Listening for incoming connection... DEBUG: Connecting to 169.254.144.9:11271... done.
new connection from 169.254.145.9:21565.

        Start 149: t_icnS_128K_8K_l
142/159 Test #149: t_icnS_128K_8K_l .................***Timeout  10.01 sec
DEBUG: Connecting to 169.254.144.1:9711... done.
DEBUG: Inbound stream from 169.254.144.1:9711 finished cleanly.
DEBUG: Waiting for clean shutdown... 

        Start 150: t_icnS_128K_8K_L
143/159 Test #150: t_icnS_128K_8K_L .................***Timeout  10.00 sec
DEBUG: Connecting to 169.254.144.1:4654... done.
DEBUG: Inbound stream from 169.254.144.1:4654 finished cleanly.
DEBUG: Waiting for clean shutdown... 

        Start 151: t_icnS_128K_8K_lL
144/159 Test #151: t_icnS_128K_8K_lL ................***Timeout  10.00 sec
DEBUG: Connecting to 169.254.144.1:29317... done.

        Start 152: t_icnR_128K_8K_l
145/159 Test #152: t_icnR_128K_8K_l .................***Timeout  10.01 sec
DEBUG: Connecting to 169.254.144.1:14846... done.
DEBUG: Outbound stream to 169.254.144.1:14846 finished (1 byte still in flight).
DEBUG: Outbound stream to 169.254.144.1:14846 has been fully acknowledged.

        Start 153: t_icnR_128K_8K_L
146/159 Test #153: t_icnR_128K_8K_L .................***Timeout  10.00 sec
DEBUG: Connecting to 169.254.144.1:2592... done.
DEBUG: Outbound stream to 169.254.144.1:2592 finished (1 byte still in flight).
DEBUG: Outbound stream to 169.254.144.1:2592 has been fully acknowledged.

        Start 154: t_icnR_128K_8K_lL
147/159 Test #154: t_icnR_128K_8K_lL ................***Timeout  10.01 sec
DEBUG: Connecting to 169.254.144.1:32639... done.
DEBUG: Outbound stream to 169.254.144.1:32639 finished (1 byte still in flight).
DEBUG: Outbound stream to 169.254.144.1:32639 has been fully acknowledged.

        Start 155: t_icnD_128K_8K_l
148/159 Test #155: t_icnD_128K_8K_l .................***Timeout  10.00 sec
DEBUG: Connecting to 169.254.144.1:4361... done.
DEBUG: Outbound stream to 169.254.144.1:4361 finished (131073 bytes still in flight).
DEBUG: Outbound stream to 169.254.144.1:4361 has been fully acknowledged.

        Start 156: t_icnD_128K_8K_L
149/159 Test #156: t_icnD_128K_8K_L .................***Timeout  10.01 sec
DEBUG: Connecting to 169.254.144.1:4601... done.
DEBUG: Outbound stream to 169.254.144.1:4601 finished (131073 bytes still in flight).

        Start 157: t_icnD_128K_8K_lL
150/159 Test #157: t_icnD_128K_8K_lL ................***Timeout  10.01 sec
DEBUG: Connecting to 169.254.144.1:20651... done.
DEBUG: Outbound stream to 169.254.144.1:20651 finished (131073 bytes still in flight).

        Start 158: t_isnS_128K_8K_l
151/159 Test #158: t_isnS_128K_8K_l .................***Timeout  10.00 sec
DEBUG: Listening for incoming connection... new connection from 169.254.144.1:49006.
DEBUG: Inbound stream from 169.254.144.1:49006 finished cleanly.
DEBUG: Waiting for clean shutdown... 

        Start 159: t_isnS_128K_8K_L
152/159 Test #159: t_isnS_128K_8K_L .................***Timeout  10.00 sec
DEBUG: Listening for incoming connection... new connection from 169.254.144.1:44482.
DEBUG: Inbound stream from 169.254.144.1:44482 finished cleanly.
DEBUG: Waiting for clean shutdown... 

        Start 160: t_isnS_128K_8K_lL
153/159 Test #160: t_isnS_128K_8K_lL ................***Timeout  10.00 sec
DEBUG: Listening for incoming connection... new connection from 169.254.144.1:40286.
DEBUG: Inbound stream from 169.254.144.1:40286 finished cleanly.
DEBUG: Waiting for clean shutdown... 

        Start 161: t_isnR_128K_8K_l
154/159 Test #161: t_isnR_128K_8K_l .................***Timeout  10.01 sec
DEBUG: Listening for incoming connection... new connection from 169.254.144.1:48644.
DEBUG: Outbound stream to 169.254.144.1:48644 finished (1 byte still in flight).
DEBUG: Outbound stream to 169.254.144.1:48644 has been fully acknowledged.

        Start 162: t_isnR_128K_8K_L
155/159 Test #162: t_isnR_128K_8K_L .................***Timeout  10.00 sec
DEBUG: Listening for incoming connection... new connection from 169.254.144.1:48240.
DEBUG: Outbound stream to 169.254.144.1:48240 finished (1 byte still in flight).
DEBUG: Outbound stream to 169.254.144.1:48240 has been fully acknowledged.

        Start 163: t_isnR_128K_8K_lL
156/159 Test #163: t_isnR_128K_8K_lL ................***Timeout  10.01 sec
DEBUG: Listening for incoming connection... new connection from 169.254.144.1:51536.
DEBUG: Outbound stream to 169.254.144.1:51536 finished (1 byte still in flight).
DEBUG: Outbound stream to 169.254.144.1:51536 has been fully acknowledged.

        Start 164: t_isnD_128K_8K_l
157/159 Test #164: t_isnD_128K_8K_l .................***Timeout  10.01 sec
DEBUG: Listening for incoming connection... new connection from 169.254.144.1:54460.
DEBUG: Outbound stream to 169.254.144.1:54460 finished (131073 bytes still in flight).
DEBUG: Outbound stream to 169.254.144.1:54460 has been fully acknowledged.

        Start 165: t_isnD_128K_8K_L
158/159 Test #165: t_isnD_128K_8K_L .................***Timeout  10.01 sec
DEBUG: Listening for incoming connection... new connection from 169.254.144.1:47418.
DEBUG: Outbound stream to 169.254.144.1:47418 finished (131073 bytes still in flight).

        Start 166: t_isnD_128K_8K_lL
159/159 Test #166: t_isnD_128K_8K_lL ................***Timeout  10.00 sec
DEBUG: Listening for incoming connection... new connection from 169.254.144.1:51644.


30% tests passed, 111 tests failed out of 159

Total Test time (real) = 809.29 sec

The following tests FAILED:
	 33 - t_active_close (Failed)
	 36 - t_ack_rst (Failed)
	 38 - t_ack_rst_win (Failed)
	 43 - t_winsize (Failed)
	 45 - t_retx (Failed)
	 46 - t_retx_win (Failed)
	 47 - t_loopback (Failed)
	 48 - t_loopback_win (Failed)
	 49 - t_reorder (Failed)
	 59 - t_ucS_1M_32k (Timeout)
	 60 - t_ucS_128K_8K (Timeout)
	 61 - t_ucS_16_1 (Failed)
	 62 - t_ucS_32K_d (Failed)
	 63 - t_ucR_1M_32k (Timeout)
	 64 - t_ucR_128K_8K (Timeout)
	 65 - t_ucR_16_1 (Failed)
	 66 - t_ucR_32K_d (Failed)
	 67 - t_ucD_1M_32k (Timeout)
	 68 - t_ucD_128K_8K (Timeout)
	 69 - t_ucD_16_1 (Failed)
	 70 - t_ucD_32K_d (Failed)
	 71 - t_usS_1M_32k (Timeout)
	 72 - t_usS_128K_8K (Timeout)
	 73 - t_usS_16_1 (Failed)
	 74 - t_usS_32K_d (Failed)
	 75 - t_usR_1M_32k (Timeout)
	 76 - t_usR_128K_8K (Timeout)
	 77 - t_usR_16_1 (Failed)
	 78 - t_usR_32K_d (Failed)
	 79 - t_usD_1M_32k (Timeout)
	 80 - t_usD_128K_8K (Timeout)
	 81 - t_usD_16_1 (Failed)
	 82 - t_usD_32K_d (Failed)
	 83 - t_ucS_128K_8K_l (Timeout)
	 84 - t_ucS_128K_8K_L (Timeout)
	 85 - t_ucS_128K_8K_lL (Timeout)
	 86 - t_ucR_128K_8K_l (Timeout)
	 87 - t_ucR_128K_8K_L (Timeout)
	 88 - t_ucR_128K_8K_lL (Timeout)
	 89 - t_ucD_128K_8K_l (Timeout)
	 90 - t_ucD_128K_8K_L (Timeout)
	 91 - t_ucD_128K_8K_lL (Timeout)
	 92 - t_usS_128K_8K_l (Timeout)
	 93 - t_usS_128K_8K_L (Timeout)
	 94 - t_usS_128K_8K_lL (Timeout)
	 95 - t_usR_128K_8K_l (Timeout)
	 96 - t_usR_128K_8K_L (Timeout)
	 97 - t_usR_128K_8K_lL (Timeout)
	 98 - t_usD_128K_8K_l (Timeout)
	 99 - t_usD_128K_8K_L (Timeout)
	100 - t_usD_128K_8K_lL (Timeout)
	107 - t_icS_1M_32k (Timeout)
	108 - t_icS_128K_8K (Timeout)
	109 - t_icS_16_1 (Failed)
	110 - t_icS_32K_d (Failed)
	111 - t_icR_1M_32k (Timeout)
	112 - t_icR_128K_8K (Timeout)
	113 - t_icR_16_1 (Failed)
	114 - t_icR_32K_d (Failed)
	115 - t_icD_1M_32k (Timeout)
	116 - t_icD_128K_8K (Timeout)
	117 - t_icD_16_1 (Failed)
	118 - t_icD_32K_d (Failed)
	119 - t_isS_1M_32k (Timeout)
	120 - t_isS_128K_8K (Timeout)
	121 - t_isS_16_1 (Failed)
	122 - t_isS_32K_d (Failed)
	123 - t_isR_1M_32k (Timeout)
	124 - t_isR_128K_8K (Timeout)
	125 - t_isR_16_1 (Failed)
	126 - t_isR_32K_d (Failed)
	127 - t_isD_1M_32k (Timeout)
	128 - t_isD_128K_8K (Timeout)
	129 - t_isD_16_1 (Failed)
	130 - t_isD_32K_d (Failed)
	131 - t_icS_128K_8K_l (Timeout)
	132 - t_icS_128K_8K_L (Timeout)
	133 - t_icS_128K_8K_lL (Timeout)
	134 - t_icR_128K_8K_l (Timeout)
	135 - t_icR_128K_8K_L (Timeout)
	136 - t_icR_128K_8K_lL (Timeout)
	137 - t_icD_128K_8K_l (Timeout)
	138 - t_icD_128K_8K_L (Timeout)
	139 - t_icD_128K_8K_lL (Timeout)
	140 - t_isS_128K_8K_l (Timeout)
	141 - t_isS_128K_8K_L (Timeout)
	142 - t_isS_128K_8K_lL (Failed)
	143 - t_isR_128K_8K_l (Timeout)
	144 - t_isR_128K_8K_L (Timeout)
	145 - t_isR_128K_8K_lL (Timeout)
	146 - t_isD_128K_8K_l (Timeout)
	147 - t_isD_128K_8K_L (Timeout)
	148 - t_isD_128K_8K_lL (Timeout)
	149 - t_icnS_128K_8K_l (Timeout)
	150 - t_icnS_128K_8K_L (Timeout)
	151 - t_icnS_128K_8K_lL (Timeout)
	152 - t_icnR_128K_8K_l (Timeout)
	153 - t_icnR_128K_8K_L (Timeout)
	154 - t_icnR_128K_8K_lL (Timeout)
	155 - t_icnD_128K_8K_l (Timeout)
	156 - t_icnD_128K_8K_L (Timeout)
	157 - t_icnD_128K_8K_lL (Timeout)
	158 - t_isnS_128K_8K_l (Timeout)
	159 - t_isnS_128K_8K_L (Timeout)
	160 - t_isnS_128K_8K_lL (Timeout)
	161 - t_isnR_128K_8K_l (Timeout)
	162 - t_isnR_128K_8K_L (Timeout)
	163 - t_isnR_128K_8K_lL (Timeout)
	164 - t_isnD_128K_8K_l (Timeout)
	165 - t_isnD_128K_8K_L (Timeout)
	166 - t_isnD_128K_8K_lL (Timeout)
Errors while running CTest
CMakeFiles/check_lab4.dir/build.make:57: recipe for target 'CMakeFiles/check_lab4' failed
make[3]: *** [CMakeFiles/check_lab4] Error 8
CMakeFiles/Makefile2:131: recipe for target 'CMakeFiles/check_lab4.dir/all' failed
make[2]: *** [CMakeFiles/check_lab4.dir/all] Error 2
CMakeFiles/Makefile2:138: recipe for target 'CMakeFiles/check_lab4.dir/rule' failed
make[1]: *** [CMakeFiles/check_lab4.dir/rule] Error 2
Makefile:155: recipe for target 'check_lab4' failed
make: *** [check_lab4] Error 2
