[100%] Testing the TCP connection...
Test project /home/elon/cs144/sponge/build
        Start   1: t_wrapping_ints_cmp
  1/159 Test   #1: t_wrapping_ints_cmp ..............   Passed    0.00 sec
        Start   2: t_wrapping_ints_unwrap
  2/159 Test   #2: t_wrapping_ints_unwrap ...........   Passed    0.00 sec
        Start   3: t_wrapping_ints_wrap
  3/159 Test   #3: t_wrapping_ints_wrap .............   Passed    0.00 sec
        Start   4: t_recv_connect
  4/159 Test   #4: t_recv_connect ...................   Passed    0.00 sec
        Start   5: t_recv_transmit
  5/159 Test   #5: t_recv_transmit ..................   Passed    0.23 sec
        Start   6: t_recv_window
  6/159 Test   #6: t_recv_window ....................   Passed    0.00 sec
        Start   7: t_recv_reorder
  7/159 Test   #7: t_recv_reorder ...................   Passed    0.00 sec
        Start   8: t_recv_close
  8/159 Test   #8: t_recv_close .....................   Passed    0.00 sec
        Start   9: t_send_connect
  9/159 Test   #9: t_send_connect ...................   Passed    0.00 sec
        Start  10: t_send_transmit
 10/159 Test  #10: t_send_transmit ..................   Passed    0.22 sec
        Start  11: t_send_retx
 11/159 Test  #11: t_send_retx ......................   Passed    0.00 sec
        Start  12: t_send_window
 12/159 Test  #12: t_send_window ....................   Passed    0.10 sec
        Start  13: t_send_ack
 13/159 Test  #13: t_send_ack .......................   Passed    0.00 sec
        Start  14: t_send_close
 14/159 Test  #14: t_send_close .....................   Passed    0.00 sec
        Start  15: t_strm_reassem_single
 15/159 Test  #15: t_strm_reassem_single ............   Passed    0.00 sec
        Start  16: t_strm_reassem_seq
 16/159 Test  #16: t_strm_reassem_seq ...............   Passed    0.01 sec
        Start  17: t_strm_reassem_dup
 17/159 Test  #17: t_strm_reassem_dup ...............   Passed    0.01 sec
        Start  18: t_strm_reassem_holes
 18/159 Test  #18: t_strm_reassem_holes .............   Passed    0.00 sec
        Start  19: t_strm_reassem_many
 19/159 Test  #19: t_strm_reassem_many ..............   Passed    5.67 sec
        Start  20: t_strm_reassem_overlapping
 20/159 Test  #20: t_strm_reassem_overlapping .......   Passed    0.01 sec
        Start  21: t_strm_reassem_win
 21/159 Test  #21: t_strm_reassem_win ...............   Passed    5.25 sec
        Start  22: t_strm_reassem_cap
 22/159 Test  #22: t_strm_reassem_cap ...............   Passed    0.35 sec
        Start  23: t_byte_stream_construction
 23/159 Test  #23: t_byte_stream_construction .......   Passed    0.00 sec
        Start  24: t_byte_stream_one_write
 24/159 Test  #24: t_byte_stream_one_write ..........   Passed    0.00 sec
        Start  25: t_byte_stream_two_writes
 25/159 Test  #25: t_byte_stream_two_writes .........   Passed    0.00 sec
        Start  26: t_byte_stream_capacity
 26/159 Test  #26: t_byte_stream_capacity ...........   Passed    3.11 sec
        Start  27: t_byte_stream_many_writes
 27/159 Test  #27: t_byte_stream_many_writes ........   Passed    0.03 sec
        Start  28: t_webget
 28/159 Test  #28: t_webget .........................   Passed    0.72 sec
        Start  31: t_tcp_parser
 29/159 Test  #31: t_tcp_parser .....................   Passed    0.02 sec
        Start  32: t_ipv4_parser
 30/159 Test  #32: t_ipv4_parser ....................   Passed    0.02 sec
        Start  33: t_active_close
 31/159 Test  #33: t_active_close ...................***Failed    0.00 sec
Received: 
TCP source port: 0
TCP dest port: 0
TCP seqno: 0
TCP ackno: 1
TCP doff: 5
Flags: urg: false ack: true psh: false rst: false syn: true fin: false
TCP winsize: 89
TCP cksum: 0
TCP uptr: 0

Sent: 
TCP source port: 0
TCP dest port: 0
TCP seqno: 1
TCP ackno: 1
TCP doff: 5
Flags: urg: false ack: true psh: false rst: false syn: false fin: false
TCP winsize: fa00
TCP cksum: 0
TCP uptr: 0

Sent: 
TCP source port: 0
TCP dest port: 0
TCP seqno: 1
TCP ackno: 1
TCP doff: 5
Flags: urg: false ack: true psh: false rst: false syn: false fin: true
TCP winsize: fa00
TCP cksum: 0
TCP uptr: 0

Received: 
TCP source port: 0
TCP dest port: 0
TCP seqno: 1
TCP ackno: 2
TCP doff: 5
Flags: urg: false ack: true psh: false rst: false syn: false fin: true
TCP winsize: 89
TCP cksum: 0
TCP uptr: 0

Sent: 
TCP source port: 0
TCP dest port: 0
TCP seqno: 2
TCP ackno: 2
TCP doff: 5
Flags: urg: false ack: true psh: false rst: false syn: false fin: false
TCP winsize: fa00
TCP cksum: 0
TCP uptr: 0

0
Sent: 
TCP source port: 0
TCP dest port: 0
TCP seqno: 2
TCP ackno: 2
TCP doff: 5
Flags: urg: false ack: true psh: false rst: false syn: false fin: true
TCP winsize: fa00
TCP cksum: 0
TCP uptr: 0

Test Failure on expectation:
	Expectation: TCP **not** in state sender=`stream finished and fully acknowledged`, receiver=`input to stream has ended`, active=1, linger_after_streams_finish=1

Failure message:
	The TCP has `state = sender=`stream finished and fully acknowledged`, receiver=`input to stream has ended`, active=1, linger_after_streams_finish=1`, but state was expected to **not** be `sender=`stream finished and fully acknowledged`, receiver=`input to stream has ended`, active=1, linger_after_streams_finish=1`

List of steps that executed successfully:
	Action:      connect
	Expectation: exactly one segment sent with (A=0,R=0,S=1,F=0,seqno=0,payload_size=0,)
	Action:      packet arrives: Header(flags=SA,seqno=0,ack=1,win=137) with no payload
	Expectation: exactly one segment sent with (A=1,R=0,S=0,F=0,ackno=1,payload_size=0,)
	Action:      close
	Expectation: exactly one segment sent with (A=1,R=0,S=0,F=1,ackno=1,seqno=1,)
	Action:      packet arrives: Header(flags=AF,seqno=1,ack=2,win=137) with no payload
	Expectation: exactly one segment sent with (A=1,R=0,S=0,F=0,ackno=2,)
	Action:      9999ms pass
	Expectation: TCP in state sender=`stream finished and fully acknowledged`, receiver=`input to stream has ended`, active=1, linger_after_streams_finish=1
	Action:      1ms pass

Warning: Unclean shutdown of TCPConnection
The TCP has `state = sender=`stream finished and fully acknowledged`, receiver=`input to stream has ended`, active=1, linger_after_streams_finish=1`, but state was expected to **not** be `sender=`stream finished and fully acknowledged`, receiver=`input to stream has ended`, active=1, linger_after_streams_finish=1`

        Start  34: t_passive_close
 32/159 Test  #34: t_passive_close ..................***Failed    0.00 sec
Received: 
TCP source port: 0
TCP dest port: 0
TCP seqno: 0
TCP ackno: 1
TCP doff: 5
Flags: urg: false ack: true psh: false rst: false syn: true fin: false
TCP winsize: 89
TCP cksum: 0
TCP uptr: 0

Sent: 
TCP source port: 0
TCP dest port: 0
TCP seqno: 1
TCP ackno: 1
TCP doff: 5
Flags: urg: false ack: true psh: false rst: false syn: false fin: false
TCP winsize: fa00
TCP cksum: 0
TCP uptr: 0

Received: 
TCP source port: 0
TCP dest port: 0
TCP seqno: 1
TCP ackno: 1
TCP doff: 5
Flags: urg: false ack: true psh: false rst: false syn: false fin: true
TCP winsize: 89
TCP cksum: 0
TCP uptr: 0

Test Failure on expectation:
	Expectation: exactly one segment sent with (A=1,R=0,S=0,F=0,ackno=2,)

Failure message:
	The TCP should have produced a segment that existed, but it did not

List of steps that executed successfully:
	Action:      connect
	Expectation: exactly one segment sent with (A=0,R=0,S=1,F=0,seqno=0,payload_size=0,)
	Action:      packet arrives: Header(flags=SA,seqno=0,ack=1,win=137) with no payload
	Expectation: exactly one segment sent with (A=1,R=0,S=0,F=0,ackno=1,payload_size=0,)
	Action:      packet arrives: Header(flags=AF,seqno=1,ack=1,win=137) with no payload

Warning: Unclean shutdown of TCPConnection
The TCP should have produced a segment that existed, but it did not

        Start  36: t_ack_rst
 33/159 Test  #36: t_ack_rst ........................***Failed    0.00 sec
Test 1
Received: 
TCP source port: 0
TCP dest port: 0
TCP seqno: 7fffffff
TCP ackno: 80000000
TCP doff: 5
Flags: urg: false ack: true psh: false rst: false syn: true fin: false
TCP winsize: 89
TCP cksum: 0
TCP uptr: 0

Sent: 
TCP source port: 0
TCP dest port: 0
TCP seqno: 80000000
TCP ackno: 80000000
TCP doff: 5
Flags: urg: false ack: true psh: false rst: false syn: false fin: false
TCP winsize: fa00
TCP cksum: 0
TCP uptr: 0

Received: 
TCP source port: 0
TCP dest port: 0
TCP seqno: 80000000
TCP ackno: 80000000
TCP doff: 5
Flags: urg: false ack: true psh: false rst: false syn: false fin: false
TCP winsize: 89
TCP cksum: 0
TCP uptr: 0

Received: 
TCP source port: 0
TCP dest port: 0
TCP seqno: 80000000
TCP ackno: 7fffffff
TCP doff: 5
Flags: urg: false ack: true psh: false rst: false syn: false fin: false
TCP winsize: 89
TCP cksum: 0
TCP uptr: 0

Received: 
TCP source port: 0
TCP dest port: 0
TCP seqno: 7fffffff
TCP ackno: 80000000
TCP doff: 5
Flags: urg: false ack: true psh: false rst: false syn: false fin: false
TCP winsize: 89
TCP cksum: 0
TCP uptr: 0

Test Failure on expectation:
	Expectation: exactly one segment sent with (A=1,ackno=2147483648,)

Failure message:
	The TCP should have produced a segment that existed, but it did not

List of steps that executed successfully:
	Action:      connect
	Expectation: exactly one segment sent with (A=0,R=0,S=1,F=0,seqno=2147483647,payload_size=0,)
	Action:      packet arrives: Header(flags=SA,seqno=2147483647,ack=2147483648,win=137) with no payload
	Expectation: exactly one segment sent with (A=1,R=0,S=0,F=0,ackno=2147483648,payload_size=0,)
	Action:      packet arrives: Header(flags=A,seqno=2147483648,ack=2147483648,win=137) with no payload
	Expectation: no (more) segments sent
	Action:      packet arrives: Header(flags=A,seqno=2147483648,ack=2147483647,win=137) with no payload
	Expectation: no (more) segments sent
	Action:      packet arrives: Header(flags=A,seqno=2147483647,ack=2147483648,win=137) with 1 data bytes "<1>"
	Expectation: TCP has 0 unassembled bytes

Note:
	test 1 failed: bad ACK

Warning: Unclean shutdown of TCPConnection
The TCP should have produced a segment that existed, but it did not

        Start  38: t_ack_rst_win
 34/159 Test  #38: t_ack_rst_win ....................***Failed    0.00 sec
Received: 
TCP source port: 0
TCP dest port: 0
TCP seqno: 7fffffff
TCP ackno: 80000000
TCP doff: 5
Flags: urg: false ack: true psh: false rst: false syn: true fin: false
TCP winsize: 89
TCP cksum: 0
TCP uptr: 0

Sent: 
TCP source port: 0
TCP dest port: 0
TCP seqno: 80000000
TCP ackno: 80000000
TCP doff: 5
Flags: urg: false ack: true psh: false rst: false syn: false fin: false
TCP winsize: fa00
TCP cksum: 0
TCP uptr: 0

Received: 
TCP source port: 0
TCP dest port: 0
TCP seqno: 80000000
TCP ackno: 80000000
TCP doff: 5
Flags: urg: false ack: true psh: false rst: false syn: false fin: false
TCP winsize: 89
TCP cksum: 0
TCP uptr: 0

Received: 
TCP source port: 0
TCP dest port: 0
TCP seqno: 80000000
TCP ackno: 7fffffff
TCP doff: 5
Flags: urg: false ack: true psh: false rst: false syn: false fin: false
TCP winsize: 89
TCP cksum: 0
TCP uptr: 0

Received: 
TCP source port: 0
TCP dest port: 0
TCP seqno: 7fffffff
TCP ackno: 80000000
TCP doff: 5
Flags: urg: false ack: true psh: false rst: false syn: false fin: false
TCP winsize: 89
TCP cksum: 0
TCP uptr: 0

Test Failure on expectation:
	Expectation: exactly one segment sent with (ackno=2147483648,)

Failure message:
	The TCP should have produced a segment that existed, but it did not

List of steps that executed successfully:
	Action:      connect
	Expectation: exactly one segment sent with (A=0,R=0,S=1,F=0,seqno=2147483647,payload_size=0,)
	Action:      packet arrives: Header(flags=SA,seqno=2147483647,ack=2147483648,win=137) with no payload
	Expectation: exactly one segment sent with (A=1,R=0,S=0,F=0,ackno=2147483648,payload_size=0,)
	Action:      packet arrives: Header(flags=A,seqno=2147483648,ack=2147483648,win=137) with no payload
	Expectation: no (more) segments sent
	Action:      packet arrives: Header(flags=A,seqno=2147483648,ack=2147483647,win=137) with no payload
	Expectation: no (more) segments sent
	Action:      packet arrives: Header(flags=A,seqno=2147483647,ack=2147483648,win=137) with 1 data bytes "<1>"
	Expectation: TCP has 0 unassembled bytes

Note:
	test 1 failed: no ack on early seqno

Warning: Unclean shutdown of TCPConnection
The TCP should have produced a segment that existed, but it did not

        Start  40: t_connect
 35/159 Test  #40: t_connect ........................***Failed    0.00 sec
Test Failure on expectation:
	Expectation: TCP in state sender=`stream started but nothing acknowledged`, receiver=`waiting for SYN: ackno is empty`, active=1, linger_after_streams_finish=1

Failure message:
	The TCP was in state `sender=`stream started but nothing acknowledged`, receiver=`waiting for SYN: ackno is empty`, active=0, linger_after_streams_finish=0`, but it was expected to be in state `sender=`stream started but nothing acknowledged`, receiver=`waiting for SYN: ackno is empty`, active=1, linger_after_streams_finish=1`

List of steps that executed successfully:
	Action:      connect
	Action:      1ms pass
	Expectation: exactly one segment sent with (A=0,S=1,)

The TCP was in state `sender=`stream started but nothing acknowledged`, receiver=`waiting for SYN: ackno is empty`, active=0, linger_after_streams_finish=0`, but it was expected to be in state `sender=`stream started but nothing acknowledged`, receiver=`waiting for SYN: ackno is empty`, active=1, linger_after_streams_finish=1`

        Start  42: t_listen
 36/159 Test  #42: t_listen .........................***Failed    0.00 sec
Test Failure on expectation:
	Expectation: TCP in state sender=`waiting for stream to begin (no SYN sent)`, receiver=`waiting for SYN: ackno is empty`, active=1, linger_after_streams_finish=1

Failure message:
	The TCP was in state `sender=`waiting for stream to begin (no SYN sent)`, receiver=`waiting for SYN: ackno is empty`, active=0, linger_after_streams_finish=0`, but it was expected to be in state `sender=`waiting for stream to begin (no SYN sent)`, receiver=`waiting for SYN: ackno is empty`, active=1, linger_after_streams_finish=1`

List of steps that executed successfully:
	Action:      listen
	Expectation: TCP in state sender=`waiting for stream to begin (no SYN sent)`, receiver=`waiting for SYN: ackno is empty`, active=1, linger_after_streams_finish=1
	Action:      1ms pass

The TCP was in state `sender=`waiting for stream to begin (no SYN sent)`, receiver=`waiting for SYN: ackno is empty`, active=0, linger_after_streams_finish=0`, but it was expected to be in state `sender=`waiting for stream to begin (no SYN sent)`, receiver=`waiting for SYN: ackno is empty`, active=1, linger_after_streams_finish=1`

        Start  43: t_winsize
 37/159 Test  #43: t_winsize ........................***Failed    0.01 sec
Received: 
TCP source port: 0
TCP dest port: 0
TCP seqno: 71aac9f0
TCP ackno: 0
TCP doff: 5
Flags: urg: false ack: false psh: false rst: false syn: true fin: false
TCP winsize: 89
TCP cksum: 0
TCP uptr: 0

Sent: 
TCP source port: 0
TCP dest port: 0
TCP seqno: d5bcef59
TCP ackno: 71aac9f1
TCP doff: 5
Flags: urg: false ack: true psh: false rst: false syn: true fin: false
TCP winsize: b47
TCP cksum: 0
TCP uptr: 0

Received: 
TCP source port: 0
TCP dest port: 0
TCP seqno: 71aac9f1
TCP ackno: d5bcef5a
TCP doff: 5
Flags: urg: false ack: true psh: false rst: false syn: false fin: false
TCP winsize: 41d5
TCP cksum: 0
TCP uptr: 0

Test Failure on expectation:
	Expectation: segment sent

Failure message:
	The TCP should have produces a segment, but did not

List of steps that executed successfully:
	Action:      listen
	Action:      packet arrives: Header(flags=S,seqno=1907018224,ack=0,win=137) with no payload
	Expectation: exactly one segment sent with (A=1,ackno=1907018225,win=2887,)
	Action:      packet arrives: Header(flags=A,seqno=1907018225,ack=3585929050,win=16853) with no payload
	Expectation: no (more) segments sent
	Expectation: TCP in state sender=`stream ongoing`, receiver=`SYN received (ackno exists), and input to stream hasn't ended`, active=1, linger_after_streams_finish=1
	Action:      write (84265 bytes with 84265 accepted) [ac, 1b, bf, 8d, fa, 96, ac, 43, b8, 28, 4a, 4d, 9b, aa, b3, 98, ...]
	Action:      1ms pass

Note:
	test 1 failed: nothing sent after write()

The TCP should have produces a segment, but did not

        Start  45: t_retx
 38/159 Test  #45: t_retx ...........................***Failed    0.00 sec
Received: 
TCP source port: 0
TCP dest port: 0
TCP seqno: db7c035b
TCP ackno: db7c035c
TCP doff: 5
Flags: urg: false ack: true psh: false rst: false syn: true fin: false
TCP winsize: 89
TCP cksum: 0
TCP uptr: 0

Sent: 
TCP source port: 0
TCP dest port: 0
TCP seqno: db7c035c
TCP ackno: db7c035c
TCP doff: 5
Flags: urg: false ack: true psh: false rst: false syn: false fin: false
TCP winsize: fde8
TCP cksum: 0
TCP uptr: 0

  check_segment
Test Failure on expectation:
	Expectation: segment sent with (A=1,payload_size=4,data="asdf",)

Failure message:
	The TCP should have produced a segment that existed, but it did not

List of steps that executed successfully:
	Action:      connect
	Expectation: exactly one segment sent with (A=0,R=0,S=1,F=0,seqno=3682337627,payload_size=0,)
	Action:      packet arrives: Header(flags=SA,seqno=3682337627,ack=3682337628,win=137) with no payload
	Expectation: exactly one segment sent with (A=1,R=0,S=0,F=0,ackno=3682337628,payload_size=0,)
	Action:      write (4 bytes) [61, 73, 64, 66]
	Action:      1ms pass

The TCP should have produced a segment that existed, but it did not (in check_segment called from line 36)

        Start  46: t_retx_win
 39/159 Test  #46: t_retx_win .......................***Failed    0.00 sec
Received: 
TCP source port: 0
TCP dest port: 0
TCP seqno: 792931d4
TCP ackno: 792931d5
TCP doff: 5
Flags: urg: false ack: true psh: false rst: false syn: true fin: false
TCP winsize: 89
TCP cksum: 0
TCP uptr: 0

Sent: 
TCP source port: 0
TCP dest port: 0
TCP seqno: 792931d5
TCP ackno: 792931d5
TCP doff: 5
Flags: urg: false ack: true psh: false rst: false syn: false fin: false
TCP winsize: fde8
TCP cksum: 0
TCP uptr: 0

Test Failure on expectation:
	Expectation: segment sent

Failure message:
	The TCP should have produces a segment, but did not

List of steps that executed successfully:
	Action:      connect
	Expectation: exactly one segment sent with (A=0,R=0,S=1,F=0,seqno=2032742868,payload_size=0,)
	Action:      packet arrives: Header(flags=SA,seqno=2032742868,ack=2032742869,win=137) with no payload
	Expectation: exactly one segment sent with (A=1,R=0,S=0,F=0,ackno=2032742869,payload_size=0,)
	Action:      write (4 bytes) [61, 73, 64, 66]
	Action:      1ms pass
	Action:      20ms pass
	Action:      write (4 bytes) [71, 77, 65, 72]
	Action:      1ms pass

Note:
	test 2 failed: cannot read after write()s

The TCP should have produces a segment, but did not

        Start  47: t_loopback
 40/159 Test  #47: t_loopback .......................***Failed    0.01 sec
Received: 
TCP source port: 0
TCP dest port: 0
TCP seqno: 1da42b20
TCP ackno: 1da42b21
TCP doff: 5
Flags: urg: false ack: true psh: false rst: false syn: true fin: false
TCP winsize: 89
TCP cksum: 0
TCP uptr: 0

Sent: 
TCP source port: 0
TCP dest port: 0
TCP seqno: 1da42b21
TCP ackno: 1da42b21
TCP doff: 5
Flags: urg: false ack: true psh: false rst: false syn: false fin: false
TCP winsize: fde8
TCP cksum: 0
TCP uptr: 0

Received: 
TCP source port: 0
TCP dest port: 0
TCP seqno: 1da42b21
TCP ackno: 1da42b21
TCP doff: 5
Flags: urg: false ack: true psh: false rst: false syn: false fin: false
TCP winsize: fde8
TCP cksum: 0
TCP uptr: 0

Test Failure on expectation:
	Expectation: TCP has 5261 bytes in flight

Failure message:
	The TCP has `bytes_in_flight = 0`, but bytes_in_flight was expected to be `5261`

List of steps that executed successfully:
	Action:      connect
	Expectation: exactly one segment sent with (A=0,R=0,S=1,F=0,seqno=497298208,payload_size=0,)
	Action:      packet arrives: Header(flags=SA,seqno=497298208,ack=497298209,win=137) with no payload
	Expectation: exactly one segment sent with (A=1,R=0,S=0,F=0,ackno=497298209,payload_size=0,)
	Action:      packet arrives: Header(flags=A,seqno=497298209,ack=497298209,win=65000) with no payload
	Action:      write (5261 bytes) [19, 41, 1c, 5f, e6, 72, f8, fd, f6, d0, a3, 42, cd, 61, 71, f1, ...]
	Action:      1ms pass

The TCP has `bytes_in_flight = 0`, but bytes_in_flight was expected to be `5261`

        Start  48: t_loopback_win
 41/159 Test  #48: t_loopback_win ...................***Failed    0.01 sec
Received: 
TCP source port: 0
TCP dest port: 0
TCP seqno: 66cca7f2
TCP ackno: 66cca7f3
TCP doff: 5
Flags: urg: false ack: true psh: false rst: false syn: true fin: false
TCP winsize: 89
TCP cksum: 0
TCP uptr: 0

Sent: 
TCP source port: 0
TCP dest port: 0
TCP seqno: 66cca7f3
TCP ackno: 66cca7f3
TCP doff: 5
Flags: urg: false ack: true psh: false rst: false syn: false fin: false
TCP winsize: fde8
TCP cksum: 0
TCP uptr: 0

Received: 
TCP source port: 0
TCP dest port: 0
TCP seqno: 66cca7f3
TCP ackno: 66cca7f3
TCP doff: 5
Flags: urg: false ack: true psh: false rst: false syn: false fin: false
TCP winsize: fde8
TCP cksum: 0
TCP uptr: 0

Test Failure on expectation:
	Expectation: segment sent

Failure message:
	The TCP should have produces a segment, but did not

List of steps that executed successfully:
	Action:      connect
	Expectation: exactly one segment sent with (A=0,R=0,S=1,F=0,seqno=1724688370,payload_size=0,)
	Action:      packet arrives: Header(flags=SA,seqno=1724688370,ack=1724688371,win=137) with no payload
	Expectation: exactly one segment sent with (A=1,R=0,S=0,F=0,ackno=1724688371,payload_size=0,)
	Action:      packet arrives: Header(flags=A,seqno=1724688371,ack=1724688371,win=65000) with no payload
	Action:      write (5322 bytes) [18, 51, 90, 58, a8, 3f, eb, a6, cb, c0, 27, 3a, 9d, 9f, ca, 3f, ...]
	Action:      1ms pass

Note:
	test 2 failed: cannot read after write()

The TCP should have produces a segment, but did not

        Start  49: t_reorder
 42/159 Test  #49: t_reorder ........................***Failed    0.01 sec
Received: 
TCP source port: 0
TCP dest port: 0
TCP seqno: 9bc0003
TCP ackno: 6eca10cb
TCP doff: 5
Flags: urg: false ack: true psh: false rst: false syn: true fin: false
TCP winsize: 89
TCP cksum: 0
TCP uptr: 0

Sent: 
TCP source port: 0
TCP dest port: 0
TCP seqno: 6eca10cb
TCP ackno: 9bc0004
TCP doff: 5
Flags: urg: false ack: true psh: false rst: false syn: false fin: false
TCP winsize: fde8
TCP cksum: 0
TCP uptr: 0

Received: 
TCP source port: 0
TCP dest port: 0
TCP seqno: 9bc9a1a
TCP ackno: 6eca10cb
TCP doff: 5
Flags: urg: false ack: true psh: false rst: false syn: false fin: false
TCP winsize: 89
TCP cksum: 0
TCP uptr: 0

Test Failure on expectation:
	segment sent with (A=1,)
Failure message:
	The TCP should have produced a segment that existed, but it did not

List of steps that executed successfully:
	Action:      connect
	Expectation: exactly one segment sent with (A=0,R=0,S=1,F=0,seqno=1858736330,payload_size=0,)
	Action:      packet arrives: Header(flags=SA,seqno=163315715,ack=1858736331,win=137) with no payload
	Expectation: exactly one segment sent with (A=1,R=0,S=0,F=0,ackno=163315716,payload_size=0,)
	Action:      packet arrives: Header(flags=A,seqno=163355162,ack=1858736331,win=137) with 718 data bytes "<14>i?\<0><221><233><168>C<3><241><10><248><132><12><238>..."

Note:
	test 1 failed: no ACK for datagram

Warning: Unclean shutdown of TCPConnection
The TCP should have produced a segment that existed, but it did not

        Start  50: t_address_dt
 43/159 Test  #50: t_address_dt .....................   Passed    0.00 sec
        Start  51: t_parser_dt
 44/159 Test  #51: t_parser_dt ......................   Passed    0.00 sec
        Start  52: t_socket_dt
 45/159 Test  #52: t_socket_dt ......................   Passed    0.01 sec
        Start  53: t_udp_client_send
 46/159 Test  #53: t_udp_client_send ................***Failed    0.12 sec
DEBUG: Listening for incoming connection... new connection from 0.0.0.0:0.
DEBUG: Waiting for clean shutdown... DEBUG: TCP connection finished cleanly.
done.
Error in _rt_listen

        Start  54: t_udp_server_send
 47/159 Test  #54: t_udp_server_send ................***Failed    0.12 sec
DEBUG: Listening for incoming connection... new connection from 0.0.0.0:0.
DEBUG: Waiting for clean shutdown... DEBUG: TCP connection finished cleanly.
done.
Error in _rt_listen

        Start  55: t_udp_client_recv
 48/159 Test  #55: t_udp_client_recv ................***Failed    0.12 sec
DEBUG: Listening for incoming connection... new connection from 0.0.0.0:0.
DEBUG: Waiting for clean shutdown... DEBUG: TCP connection finished cleanly.
done.
Error in _rt_listen

        Start  56: t_udp_server_recv
 49/159 Test  #56: t_udp_server_recv ................***Failed    0.12 sec
DEBUG: Listening for incoming connection... new connection from 0.0.0.0:0.
DEBUG: Waiting for clean shutdown... DEBUG: TCP connection finished cleanly.
done.
Error in _rt_listen

        Start  57: t_udp_client_dupl
 50/159 Test  #57: t_udp_client_dupl ................***Failed    0.12 sec
DEBUG: Listening for incoming connection... new connection from 0.0.0.0:0.
DEBUG: Waiting for clean shutdown... DEBUG: TCP connection finished cleanly.
done.
Error in _rt_listen

        Start  58: t_udp_server_dupl
 51/159 Test  #58: t_udp_server_dupl ................***Failed    0.12 sec
DEBUG: Listening for incoming connection... new connection from 0.0.0.0:0.
DEBUG: Waiting for clean shutdown... DEBUG: TCP connection finished cleanly.
done.
Error in _rt_listen

        Start  59: t_ucS_1M_32k
 52/159 Test  #59: t_ucS_1M_32k .....................***Failed    0.13 sec
DEBUG: Listening for incoming connection... new connection from 0.0.0.0:0.
DEBUG: Waiting for clean shutdown... DEBUG: TCP connection finished cleanly.
done.
Error in _rt_listen

        Start  60: t_ucS_128K_8K
 53/159 Test  #60: t_ucS_128K_8K ....................***Failed    0.12 sec
DEBUG: Listening for incoming connection... new connection from 0.0.0.0:0.
DEBUG: Waiting for clean shutdown... DEBUG: TCP connection finished cleanly.
done.
Error in _rt_listen

        Start  61: t_ucS_16_1
 54/159 Test  #61: t_ucS_16_1 .......................***Failed    0.12 sec
DEBUG: Listening for incoming connection... new connection from 0.0.0.0:0.
DEBUG: Waiting for clean shutdown... DEBUG: TCP connection finished cleanly.
done.
Error in _rt_listen

        Start  62: t_ucS_32K_d
 55/159 Test  #62: t_ucS_32K_d ......................***Failed    0.12 sec
DEBUG: Listening for incoming connection... new connection from 0.0.0.0:0.
DEBUG: Waiting for clean shutdown... DEBUG: TCP connection finished cleanly.
done.
Error in _rt_listen

        Start  63: t_ucR_1M_32k
 56/159 Test  #63: t_ucR_1M_32k .....................***Failed    0.13 sec
DEBUG: Listening for incoming connection... new connection from 0.0.0.0:0.
DEBUG: TCP connection finished cleanly.
Error in _rt_listen

        Start  64: t_ucR_128K_8K
 57/159 Test  #64: t_ucR_128K_8K ....................***Failed    0.12 sec
DEBUG: Listening for incoming connection... new connection from 0.0.0.0:0.
DEBUG: TCP connection finished cleanly.
Error in _rt_listen

        Start  65: t_ucR_16_1
 58/159 Test  #65: t_ucR_16_1 .......................***Failed    0.12 sec
DEBUG: Listening for incoming connection... new connection from 0.0.0.0:0.
DEBUG: Waiting for clean shutdown... DEBUG: TCP connection finished cleanly.
done.
Error in _rt_listen

        Start  66: t_ucR_32K_d
 59/159 Test  #66: t_ucR_32K_d ......................***Failed    0.12 sec
DEBUG: Listening for incoming connection... new connection from 0.0.0.0:0.
DEBUG: TCP connection finished cleanly.
Error in _rt_listen

        Start  67: t_ucD_1M_32k
 60/159 Test  #67: t_ucD_1M_32k .....................***Failed    0.13 sec
DEBUG: Listening for incoming connection... new connection from 0.0.0.0:0.
DEBUG: TCP connection finished cleanly.
Error in _rt_listen

        Start  68: t_ucD_128K_8K
 61/159 Test  #68: t_ucD_128K_8K ....................***Failed    0.12 sec
DEBUG: Listening for incoming connection... new connection from 0.0.0.0:0.
DEBUG: TCP connection finished cleanly.
Error in _rt_listen

        Start  69: t_ucD_16_1
 62/159 Test  #69: t_ucD_16_1 .......................***Failed    0.12 sec
DEBUG: Listening for incoming connection... new connection from 0.0.0.0:0.
DEBUG: Waiting for clean shutdown... DEBUG: TCP connection finished cleanly.
done.
Error in _rt_listen

        Start  70: t_ucD_32K_d
 63/159 Test  #70: t_ucD_32K_d ......................***Failed    0.13 sec
DEBUG: Listening for incoming connection... new connection from 0.0.0.0:0.
DEBUG: TCP connection finished cleanly.
Error in _rt_listen

        Start  71: t_usS_1M_32k
 64/159 Test  #71: t_usS_1M_32k .....................***Failed    0.14 sec
DEBUG: Listening for incoming connection... new connection from 0.0.0.0:0.
DEBUG: TCP connection finished cleanly.
Error in _rt_listen

        Start  72: t_usS_128K_8K
 65/159 Test  #72: t_usS_128K_8K ....................***Failed    0.13 sec
DEBUG: Listening for incoming connection... new connection from 0.0.0.0:0.
DEBUG: TCP connection finished cleanly.
Error in _rt_listen

        Start  73: t_usS_16_1
 66/159 Test  #73: t_usS_16_1 .......................***Failed    0.13 sec
DEBUG: Listening for incoming connection... new connection from 0.0.0.0:0.
DEBUG: TCP connection finished cleanly.
DEBUG: Waiting for clean shutdown... done.
Error in _rt_listen

        Start  74: t_usS_32K_d
 67/159 Test  #74: t_usS_32K_d ......................***Failed    0.12 sec
DEBUG: Listening for incoming connection... new connection from 0.0.0.0:0.
DEBUG: TCP connection finished cleanly.
Error in _rt_listen

        Start  75: t_usR_1M_32k
 68/159 Test  #75: t_usR_1M_32k .....................***Failed    0.15 sec
DEBUG: Listening for incoming connection... new connection from 0.0.0.0:0.
DEBUG: Waiting for clean shutdown... DEBUG: TCP connection finished cleanly.
done.
Error in _rt_listen

        Start  76: t_usR_128K_8K
 69/159 Test  #76: t_usR_128K_8K ....................***Failed    0.13 sec
DEBUG: Listening for incoming connection... new connection from 0.0.0.0:0.
DEBUG: Waiting for clean shutdown... DEBUG: TCP connection finished cleanly.
done.
Error in _rt_listen

        Start  77: t_usR_16_1
 70/159 Test  #77: t_usR_16_1 .......................***Failed    0.13 sec
DEBUG: Listening for incoming connection... new connection from 0.0.0.0:0.
DEBUG: Waiting for clean shutdown... DEBUG: TCP connection finished cleanly.
done.
Error in _rt_listen

        Start  78: t_usR_32K_d
 71/159 Test  #78: t_usR_32K_d ......................***Failed    0.12 sec
DEBUG: Listening for incoming connection... new connection from 0.0.0.0:0.
DEBUG: Waiting for clean shutdown... DEBUG: TCP connection finished cleanly.
done.
Error in _rt_listen

        Start  79: t_usD_1M_32k
 72/159 Test  #79: t_usD_1M_32k .....................***Failed    0.14 sec
DEBUG: Listening for incoming connection... new connection from 0.0.0.0:0.
DEBUG: TCP connection finished cleanly.
Error in _rt_listen

        Start  80: t_usD_128K_8K
 73/159 Test  #80: t_usD_128K_8K ....................***Failed    0.13 sec
DEBUG: Listening for incoming connection... new connection from 0.0.0.0:0.
DEBUG: TCP connection finished cleanly.
Error in _rt_listen

        Start  81: t_usD_16_1
 74/159 Test  #81: t_usD_16_1 .......................***Failed    0.12 sec
DEBUG: Listening for incoming connection... new connection from 0.0.0.0:0.
DEBUG: Waiting for clean shutdown... DEBUG: TCP connection finished cleanly.
done.
Error in _rt_listen

        Start  82: t_usD_32K_d
 75/159 Test  #82: t_usD_32K_d ......................***Failed    0.12 sec
DEBUG: Listening for incoming connection... new connection from 0.0.0.0:0.
DEBUG: TCP connection finished cleanly.
Error in _rt_listen

        Start  83: t_ucS_128K_8K_l
 76/159 Test  #83: t_ucS_128K_8K_l ..................***Failed    0.12 sec
DEBUG: Listening for incoming connection... new connection from 0.0.0.0:0.
DEBUG: Waiting for clean shutdown... DEBUG: TCP connection finished cleanly.
done.
Error in _rt_listen

        Start  84: t_ucS_128K_8K_L
 77/159 Test  #84: t_ucS_128K_8K_L ..................***Failed    0.12 sec
DEBUG: Listening for incoming connection... new connection from 0.0.0.0:0.
DEBUG: Waiting for clean shutdown... DEBUG: TCP connection finished cleanly.
done.
Error in _rt_listen

        Start  85: t_ucS_128K_8K_lL
 78/159 Test  #85: t_ucS_128K_8K_lL .................***Failed    0.12 sec
DEBUG: Listening for incoming connection... new connection from 0.0.0.0:0.
DEBUG: Waiting for clean shutdown... DEBUG: TCP connection finished cleanly.
done.
Error in _rt_listen

        Start  86: t_ucR_128K_8K_l
 79/159 Test  #86: t_ucR_128K_8K_l ..................***Failed    0.12 sec
DEBUG: Listening for incoming connection... new connection from 0.0.0.0:0.
DEBUG: TCP connection finished cleanly.
Error in _rt_listen

        Start  87: t_ucR_128K_8K_L
 80/159 Test  #87: t_ucR_128K_8K_L ..................***Failed    0.12 sec
DEBUG: Listening for incoming connection... new connection from 0.0.0.0:0.
DEBUG: TCP connection finished cleanly.
Error in _rt_listen

        Start  88: t_ucR_128K_8K_lL
 81/159 Test  #88: t_ucR_128K_8K_lL .................***Failed    0.12 sec
DEBUG: Listening for incoming connection... new connection from 0.0.0.0:0.
DEBUG: TCP connection finished cleanly.
Error in _rt_listen

        Start  89: t_ucD_128K_8K_l
 82/159 Test  #89: t_ucD_128K_8K_l ..................***Failed    0.12 sec
DEBUG: Listening for incoming connection... new connection from 0.0.0.0:0.
DEBUG: TCP connection finished cleanly.
Error in _rt_listen

        Start  90: t_ucD_128K_8K_L
 83/159 Test  #90: t_ucD_128K_8K_L ..................***Failed    0.12 sec
DEBUG: Listening for incoming connection... new connection from 0.0.0.0:0.
DEBUG: TCP connection finished cleanly.
Error in _rt_listen

        Start  91: t_ucD_128K_8K_lL
 84/159 Test  #91: t_ucD_128K_8K_lL .................***Failed    0.12 sec
DEBUG: Listening for incoming connection... new connection from 0.0.0.0:0.
DEBUG: TCP connection finished cleanly.
Error in _rt_listen

        Start  92: t_usS_128K_8K_l
 85/159 Test  #92: t_usS_128K_8K_l ..................***Failed    0.12 sec
DEBUG: Listening for incoming connection... new connection from 0.0.0.0:0.
DEBUG: TCP connection finished cleanly.
Error in _rt_listen

        Start  93: t_usS_128K_8K_L
 86/159 Test  #93: t_usS_128K_8K_L ..................***Failed    0.12 sec
DEBUG: Listening for incoming connection... new connection from 0.0.0.0:0.
DEBUG: TCP connection finished cleanly.
Error in _rt_listen

        Start  94: t_usS_128K_8K_lL
 87/159 Test  #94: t_usS_128K_8K_lL .................***Failed    0.12 sec
DEBUG: Listening for incoming connection... new connection from 0.0.0.0:0.
DEBUG: TCP connection finished cleanly.
Error in _rt_listen

        Start  95: t_usR_128K_8K_l
 88/159 Test  #95: t_usR_128K_8K_l ..................***Failed    0.12 sec
DEBUG: Listening for incoming connection... new connection from 0.0.0.0:0.
DEBUG: Waiting for clean shutdown... DEBUG: TCP connection finished cleanly.
done.
Error in _rt_listen

        Start  96: t_usR_128K_8K_L
 89/159 Test  #96: t_usR_128K_8K_L ..................***Failed    0.12 sec
DEBUG: Listening for incoming connection... new connection from 0.0.0.0:0.
DEBUG: Waiting for clean shutdown... DEBUG: TCP connection finished cleanly.
done.
Error in _rt_listen

        Start  97: t_usR_128K_8K_lL
 90/159 Test  #97: t_usR_128K_8K_lL .................***Failed    0.13 sec
DEBUG: Listening for incoming connection... new connection from 0.0.0.0:0.
DEBUG: Waiting for clean shutdown... DEBUG: TCP connection finished cleanly.
done.
Error in _rt_listen

        Start  98: t_usD_128K_8K_l
 91/159 Test  #98: t_usD_128K_8K_l ..................***Failed    0.12 sec
DEBUG: Listening for incoming connection... new connection from 0.0.0.0:0.
DEBUG: TCP connection finished cleanly.
Error in _rt_listen

        Start  99: t_usD_128K_8K_L
 92/159 Test  #99: t_usD_128K_8K_L ..................***Failed    0.12 sec
DEBUG: Listening for incoming connection... new connection from 0.0.0.0:0.
DEBUG: TCP connection finished cleanly.
Error in _rt_listen

        Start 100: t_usD_128K_8K_lL
 93/159 Test #100: t_usD_128K_8K_lL .................***Failed    0.12 sec
DEBUG: Listening for incoming connection... new connection from 0.0.0.0:0.
DEBUG: TCP connection finished cleanly.
Error in _rt_listen

        Start 101: t_ipv4_client_send
 94/159 Test #101: t_ipv4_client_send ...............***Failed    0.12 sec
DEBUG: Listening for incoming connection... new connection from 0.0.0.0:0.
DEBUG: TCP connection finished cleanly.
DEBUG: Waiting for clean shutdown... done.
Error in _rt_listen

        Start 102: t_ipv4_server_send
 95/159 Test #102: t_ipv4_server_send ...............***Failed    0.12 sec
DEBUG: Listening for incoming connection... new connection from 0.0.0.0:0.
DEBUG: TCP connection finished cleanly.
DEBUG: Waiting for clean shutdown... done.
Error in _rt_listen

        Start 103: t_ipv4_client_recv
 96/159 Test #103: t_ipv4_client_recv ...............***Failed    0.12 sec
DEBUG: Listening for incoming connection... new connection from 0.0.0.0:0.
DEBUG: Waiting for clean shutdown... DEBUG: TCP connection finished cleanly.
done.
Error in _rt_listen

        Start 104: t_ipv4_server_recv
 97/159 Test #104: t_ipv4_server_recv ...............***Failed    0.12 sec
DEBUG: Listening for incoming connection... new connection from 0.0.0.0:0.
DEBUG: Waiting for clean shutdown... DEBUG: TCP connection finished cleanly.
done.
Error in _rt_listen

        Start 105: t_ipv4_client_dupl
 98/159 Test #105: t_ipv4_client_dupl ...............***Failed    0.12 sec
DEBUG: Listening for incoming connection... new connection from 0.0.0.0:0.
DEBUG: Waiting for clean shutdown... DEBUG: TCP connection finished cleanly.
done.
Error in _rt_listen

        Start 106: t_ipv4_server_dupl
 99/159 Test #106: t_ipv4_server_dupl ...............***Failed    0.12 sec
DEBUG: Listening for incoming connection... new connection from 0.0.0.0:0.
DEBUG: Waiting for clean shutdown... DEBUG: TCP connection finished cleanly.
done.
Error in _rt_listen

        Start 107: t_icS_1M_32k
100/159 Test #107: t_icS_1M_32k .....................***Failed    0.13 sec
DEBUG: Listening for incoming connection... new connection from 0.0.0.0:0.
DEBUG: Waiting for clean shutdown... DEBUG: TCP connection finished cleanly.
done.
Error in _rt_listen

        Start 108: t_icS_128K_8K
101/159 Test #108: t_icS_128K_8K ....................***Failed    0.13 sec
DEBUG: Listening for incoming connection... new connection from 0.0.0.0:0.
DEBUG: Waiting for clean shutdown... DEBUG: TCP connection finished cleanly.
done.
Error in _rt_listen

        Start 109: t_icS_16_1
102/159 Test #109: t_icS_16_1 .......................***Failed    0.12 sec
DEBUG: Listening for incoming connection... new connection from 0.0.0.0:0.
DEBUG: Waiting for clean shutdown... DEBUG: TCP connection finished cleanly.
done.
Error in _rt_listen

        Start 110: t_icS_32K_d
103/159 Test #110: t_icS_32K_d ......................***Failed    0.12 sec
DEBUG: Listening for incoming connection... new connection from 0.0.0.0:0.
DEBUG: Waiting for clean shutdown... DEBUG: TCP connection finished cleanly.
done.
Error in _rt_listen

        Start 111: t_icR_1M_32k
104/159 Test #111: t_icR_1M_32k .....................***Failed    0.13 sec
DEBUG: Listening for incoming connection... new connection from 0.0.0.0:0.
DEBUG: TCP connection finished cleanly.
Error in _rt_listen

        Start 112: t_icR_128K_8K
105/159 Test #112: t_icR_128K_8K ....................***Failed    0.12 sec
DEBUG: Listening for incoming connection... new connection from 0.0.0.0:0.
DEBUG: TCP connection finished cleanly.
Error in _rt_listen

        Start 113: t_icR_16_1
106/159 Test #113: t_icR_16_1 .......................***Failed    0.12 sec
DEBUG: Listening for incoming connection... new connection from 0.0.0.0:0.
DEBUG: Waiting for clean shutdown... DEBUG: TCP connection finished cleanly.
done.
Error in _rt_listen

        Start 114: t_icR_32K_d
107/159 Test #114: t_icR_32K_d ......................***Failed    0.12 sec
DEBUG: Listening for incoming connection... new connection from 0.0.0.0:0.
DEBUG: TCP connection finished cleanly.
Error in _rt_listen

        Start 115: t_icD_1M_32k
108/159 Test #115: t_icD_1M_32k .....................***Failed    0.13 sec
DEBUG: Listening for incoming connection... new connection from 0.0.0.0:0.
DEBUG: TCP connection finished cleanly.
Error in _rt_listen

        Start 116: t_icD_128K_8K
109/159 Test #116: t_icD_128K_8K ....................***Failed    0.13 sec
DEBUG: Listening for incoming connection... new connection from 0.0.0.0:0.
DEBUG: TCP connection finished cleanly.
Error in _rt_listen

        Start 117: t_icD_16_1
110/159 Test #117: t_icD_16_1 .......................***Failed    0.12 sec
DEBUG: Listening for incoming connection... new connection from 0.0.0.0:0.
DEBUG: Waiting for clean shutdown... DEBUG: TCP connection finished cleanly.
done.
Error in _rt_listen

        Start 118: t_icD_32K_d
111/159 Test #118: t_icD_32K_d ......................***Failed    0.12 sec
DEBUG: Listening for incoming connection... new connection from 0.0.0.0:0.
DEBUG: TCP connection finished cleanly.
Error in _rt_listen

        Start 119: t_isS_1M_32k
112/159 Test #119: t_isS_1M_32k .....................***Failed    0.13 sec
DEBUG: Listening for incoming connection... new connection from 0.0.0.0:0.
DEBUG: TCP connection finished cleanly.
Error in _rt_listen

        Start 120: t_isS_128K_8K
113/159 Test #120: t_isS_128K_8K ....................***Failed    0.12 sec
DEBUG: Listening for incoming connection... new connection from 0.0.0.0:0.
DEBUG: TCP connection finished cleanly.
Error in _rt_listen

        Start 121: t_isS_16_1
114/159 Test #121: t_isS_16_1 .......................***Failed    0.13 sec
DEBUG: Listening for incoming connection... new connection from 0.0.0.0:0.
DEBUG: Waiting for clean shutdown... DEBUG: TCP connection finished cleanly.
done.
Error in _rt_listen

        Start 122: t_isS_32K_d
115/159 Test #122: t_isS_32K_d ......................***Failed    0.13 sec
DEBUG: Listening for incoming connection... new connection from 0.0.0.0:0.
DEBUG: TCP connection finished cleanly.
Error in _rt_listen

        Start 123: t_isR_1M_32k
116/159 Test #123: t_isR_1M_32k .....................***Failed    0.14 sec
DEBUG: Listening for incoming connection... new connection from 0.0.0.0:0.
DEBUG: Waiting for clean shutdown... DEBUG: TCP connection finished cleanly.
done.
Error in _rt_listen

        Start 124: t_isR_128K_8K
117/159 Test #124: t_isR_128K_8K ....................***Failed    0.12 sec
DEBUG: Listening for incoming connection... new connection from 0.0.0.0:0.
DEBUG: Waiting for clean shutdown... DEBUG: TCP connection finished cleanly.
done.
Error in _rt_listen

        Start 125: t_isR_16_1
118/159 Test #125: t_isR_16_1 .......................***Failed    0.12 sec
DEBUG: Listening for incoming connection... new connection from 0.0.0.0:0.
DEBUG: Waiting for clean shutdown... DEBUG: TCP connection finished cleanly.
done.
Error in _rt_listen

        Start 126: t_isR_32K_d
119/159 Test #126: t_isR_32K_d ......................***Failed    0.12 sec
DEBUG: Listening for incoming connection... new connection from 0.0.0.0:0.
DEBUG: Waiting for clean shutdown... DEBUG: TCP connection finished cleanly.
done.
Error in _rt_listen

        Start 127: t_isD_1M_32k
120/159 Test #127: t_isD_1M_32k .....................***Failed    0.15 sec
DEBUG: Listening for incoming connection... new connection from 0.0.0.0:0.
DEBUG: TCP connection finished cleanly.
Error in _rt_listen

        Start 128: t_isD_128K_8K
121/159 Test #128: t_isD_128K_8K ....................***Failed    0.13 sec
DEBUG: Listening for incoming connection... new connection from 0.0.0.0:0.
DEBUG: TCP connection finished cleanly.
Error in _rt_listen

        Start 129: t_isD_16_1
122/159 Test #129: t_isD_16_1 .......................***Failed    0.13 sec
DEBUG: Listening for incoming connection... new connection from 0.0.0.0:0.
DEBUG: Waiting for clean shutdown... DEBUG: TCP connection finished cleanly.
done.
Error in _rt_listen

        Start 130: t_isD_32K_d
123/159 Test #130: t_isD_32K_d ......................***Failed    0.13 sec
DEBUG: Listening for incoming connection... new connection from 0.0.0.0:0.
DEBUG: TCP connection finished cleanly.
Error in _rt_listen

        Start 131: t_icS_128K_8K_l
124/159 Test #131: t_icS_128K_8K_l ..................***Failed    0.13 sec
DEBUG: Listening for incoming connection... new connection from 0.0.0.0:0.
DEBUG: Waiting for clean shutdown... DEBUG: TCP connection finished cleanly.
done.
Error in _rt_listen

        Start 132: t_icS_128K_8K_L
125/159 Test #132: t_icS_128K_8K_L ..................***Failed    0.13 sec
DEBUG: Listening for incoming connection... new connection from 0.0.0.0:0.
DEBUG: Waiting for clean shutdown... DEBUG: TCP connection finished cleanly.
done.
Error in _rt_listen

        Start 133: t_icS_128K_8K_lL
126/159 Test #133: t_icS_128K_8K_lL .................***Failed    0.14 sec
DEBUG: Listening for incoming connection... new connection from 0.0.0.0:0.
DEBUG: Waiting for clean shutdown... DEBUG: TCP connection finished cleanly.
done.
Error in _rt_listen

        Start 134: t_icR_128K_8K_l
127/159 Test #134: t_icR_128K_8K_l ..................***Failed    0.13 sec
DEBUG: Listening for incoming connection... new connection from 0.0.0.0:0.
DEBUG: TCP connection finished cleanly.
Error in _rt_listen

        Start 135: t_icR_128K_8K_L
128/159 Test #135: t_icR_128K_8K_L ..................***Failed    0.13 sec
DEBUG: Listening for incoming connection... new connection from 0.0.0.0:0.
DEBUG: TCP connection finished cleanly.
Error in _rt_listen

        Start 136: t_icR_128K_8K_lL
129/159 Test #136: t_icR_128K_8K_lL .................***Failed    0.13 sec
DEBUG: Listening for incoming connection... new connection from 0.0.0.0:0.
DEBUG: TCP connection finished cleanly.
Error in _rt_listen

        Start 137: t_icD_128K_8K_l
130/159 Test #137: t_icD_128K_8K_l ..................***Failed    0.13 sec
DEBUG: Listening for incoming connection... new connection from 0.0.0.0:0.
DEBUG: TCP connection finished cleanly.
Error in _rt_listen

        Start 138: t_icD_128K_8K_L
131/159 Test #138: t_icD_128K_8K_L ..................***Failed    0.12 sec
DEBUG: Listening for incoming connection... new connection from 0.0.0.0:0.
DEBUG: TCP connection finished cleanly.
Error in _rt_listen

        Start 139: t_icD_128K_8K_lL
132/159 Test #139: t_icD_128K_8K_lL .................***Failed    0.13 sec
DEBUG: Listening for incoming connection... new connection from 0.0.0.0:0.
DEBUG: TCP connection finished cleanly.
Error in _rt_listen

        Start 140: t_isS_128K_8K_l
133/159 Test #140: t_isS_128K_8K_l ..................***Failed    0.12 sec
DEBUG: Listening for incoming connection... new connection from 0.0.0.0:0.
DEBUG: TCP connection finished cleanly.
Error in _rt_listen

        Start 141: t_isS_128K_8K_L
134/159 Test #141: t_isS_128K_8K_L ..................***Failed    0.12 sec
DEBUG: Listening for incoming connection... new connection from 0.0.0.0:0.
DEBUG: TCP connection finished cleanly.
Error in _rt_listen

        Start 142: t_isS_128K_8K_lL
135/159 Test #142: t_isS_128K_8K_lL .................***Failed    0.12 sec
DEBUG: Listening for incoming connection... new connection from 0.0.0.0:0.
DEBUG: TCP connection finished cleanly.
Error in _rt_listen

        Start 143: t_isR_128K_8K_l
136/159 Test #143: t_isR_128K_8K_l ..................***Failed    0.12 sec
DEBUG: Listening for incoming connection... new connection from 0.0.0.0:0.
DEBUG: Waiting for clean shutdown... DEBUG: TCP connection finished cleanly.
done.
Error in _rt_listen

        Start 144: t_isR_128K_8K_L
137/159 Test #144: t_isR_128K_8K_L ..................***Failed    0.12 sec
DEBUG: Listening for incoming connection... new connection from 0.0.0.0:0.
DEBUG: Waiting for clean shutdown... DEBUG: TCP connection finished cleanly.
done.
Error in _rt_listen

        Start 145: t_isR_128K_8K_lL
138/159 Test #145: t_isR_128K_8K_lL .................***Failed    0.12 sec
DEBUG: Listening for incoming connection... new connection from 0.0.0.0:0.
DEBUG: Waiting for clean shutdown... DEBUG: TCP connection finished cleanly.
done.
Error in _rt_listen

        Start 146: t_isD_128K_8K_l
139/159 Test #146: t_isD_128K_8K_l ..................***Failed    0.13 sec
DEBUG: Listening for incoming connection... new connection from 0.0.0.0:0.
DEBUG: TCP connection finished cleanly.
Error in _rt_listen

        Start 147: t_isD_128K_8K_L
140/159 Test #147: t_isD_128K_8K_L ..................***Failed    0.13 sec
DEBUG: Listening for incoming connection... new connection from 0.0.0.0:0.
DEBUG: TCP connection finished cleanly.
Error in _rt_listen

        Start 148: t_isD_128K_8K_lL
141/159 Test #148: t_isD_128K_8K_lL .................***Failed    0.13 sec
DEBUG: Listening for incoming connection... new connection from 0.0.0.0:0.
DEBUG: TCP connection finished cleanly.
Error in _rt_listen

        Start 149: t_icnS_128K_8K_l
142/159 Test #149: t_icnS_128K_8K_l .................***Failed    0.16 sec
DEBUG: Connecting to 169.254.144.1:16970... done.
DEBUG: TCP connection finished cleanly.
Error in _rt_connect

        Start 150: t_icnS_128K_8K_L
143/159 Test #150: t_icnS_128K_8K_L .................***Failed    0.15 sec
DEBUG: Connecting to 169.254.144.1:25524... done.
DEBUG: TCP connection finished cleanly.
Error in _rt_connect

        Start 151: t_icnS_128K_8K_lL
144/159 Test #151: t_icnS_128K_8K_lL ................***Failed    0.15 sec
DEBUG: Connecting to 169.254.144.1:19889... done.
DEBUG: TCP connection finished cleanly.
Error in _rt_connect

        Start 152: t_icnR_128K_8K_l
145/159 Test #152: t_icnR_128K_8K_l .................***Timeout  10.01 sec
DEBUG: Connecting to 169.254.144.1:4915... done.
DEBUG: Waiting for clean shutdown... DEBUG: TCP connection finished cleanly.
done.

        Start 153: t_icnR_128K_8K_L
146/159 Test #153: t_icnR_128K_8K_L .................***Timeout  10.01 sec
DEBUG: Connecting to 169.254.144.1:14349... done.
DEBUG: TCP connection finished cleanly.
DEBUG: Waiting for clean shutdown... done.

        Start 154: t_icnR_128K_8K_lL
147/159 Test #154: t_icnR_128K_8K_lL ................***Timeout  10.01 sec
DEBUG: Connecting to 169.254.144.1:22611... done.
DEBUG: TCP connection finished cleanly.
DEBUG: Waiting for clean shutdown... done.

        Start 155: t_icnD_128K_8K_l
148/159 Test #155: t_icnD_128K_8K_l .................***Failed    0.16 sec
DEBUG: Connecting to 169.254.144.1:6689... done.
DEBUG: TCP connection finished cleanly.
Error in _rt_connect

        Start 156: t_icnD_128K_8K_L
149/159 Test #156: t_icnD_128K_8K_L .................***Failed    0.14 sec
DEBUG: Connecting to 169.254.144.1:22907... done.
DEBUG: TCP connection finished cleanly.
Error in _rt_connect

        Start 157: t_icnD_128K_8K_lL
150/159 Test #157: t_icnD_128K_8K_lL ................***Failed    0.14 sec
DEBUG: Connecting to 169.254.144.1:33491... done.
DEBUG: TCP connection finished cleanly.
Error in _rt_connect

        Start 158: t_isnS_128K_8K_l
151/159 Test #158: t_isnS_128K_8K_l .................***Failed    0.12 sec
DEBUG: Listening for incoming connection... new connection from 0.0.0.0:0.
DEBUG: TCP connection finished cleanly.
Error in _rt_listen

        Start 159: t_isnS_128K_8K_L
152/159 Test #159: t_isnS_128K_8K_L .................***Failed    0.12 sec
DEBUG: Listening for incoming connection... new connection from 0.0.0.0:0.
DEBUG: TCP connection finished cleanly.
Error in _rt_listen

        Start 160: t_isnS_128K_8K_lL
153/159 Test #160: t_isnS_128K_8K_lL ................***Failed    0.13 sec
DEBUG: Listening for incoming connection... new connection from 0.0.0.0:0.
DEBUG: TCP connection finished cleanly.
Error in _rt_listen

        Start 161: t_isnR_128K_8K_l
154/159 Test #161: t_isnR_128K_8K_l .................***Failed    0.12 sec
DEBUG: Listening for incoming connection... new connection from 0.0.0.0:0.
DEBUG: Waiting for clean shutdown... DEBUG: TCP connection finished cleanly.
done.
Error in _rt_listen

        Start 162: t_isnR_128K_8K_L
155/159 Test #162: t_isnR_128K_8K_L .................***Failed    0.13 sec
DEBUG: Listening for incoming connection... new connection from 0.0.0.0:0.
DEBUG: Waiting for clean shutdown... DEBUG: TCP connection finished cleanly.
done.
Error in _rt_listen

        Start 163: t_isnR_128K_8K_lL
156/159 Test #163: t_isnR_128K_8K_lL ................***Failed    0.12 sec
DEBUG: Listening for incoming connection... new connection from 0.0.0.0:0.
DEBUG: Waiting for clean shutdown... DEBUG: TCP connection finished cleanly.
done.
Error in _rt_listen

        Start 164: t_isnD_128K_8K_l
157/159 Test #164: t_isnD_128K_8K_l .................***Failed    0.12 sec
DEBUG: Listening for incoming connection... new connection from 0.0.0.0:0.
DEBUG: TCP connection finished cleanly.
Error in _rt_listen

        Start 165: t_isnD_128K_8K_L
158/159 Test #165: t_isnD_128K_8K_L .................***Failed    0.12 sec
DEBUG: Listening for incoming connection... new connection from 0.0.0.0:0.
DEBUG: TCP connection finished cleanly.
Error in _rt_listen

        Start 166: t_isnD_128K_8K_lL
159/159 Test #166: t_isnD_128K_8K_lL ................***Failed    0.13 sec
DEBUG: Listening for incoming connection... new connection from 0.0.0.0:0.
DEBUG: TCP connection finished cleanly.
Error in _rt_listen


21% tests passed, 126 tests failed out of 159

Total Test time (real) =  60.06 sec

The following tests FAILED:
	 33 - t_active_close (Failed)
	 34 - t_passive_close (Failed)
	 36 - t_ack_rst (Failed)
	 38 - t_ack_rst_win (Failed)
	 40 - t_connect (Failed)
	 42 - t_listen (Failed)
	 43 - t_winsize (Failed)
	 45 - t_retx (Failed)
	 46 - t_retx_win (Failed)
	 47 - t_loopback (Failed)
	 48 - t_loopback_win (Failed)
	 49 - t_reorder (Failed)
	 53 - t_udp_client_send (Failed)
	 54 - t_udp_server_send (Failed)
	 55 - t_udp_client_recv (Failed)
	 56 - t_udp_server_recv (Failed)
	 57 - t_udp_client_dupl (Failed)
	 58 - t_udp_server_dupl (Failed)
	 59 - t_ucS_1M_32k (Failed)
	 60 - t_ucS_128K_8K (Failed)
	 61 - t_ucS_16_1 (Failed)
	 62 - t_ucS_32K_d (Failed)
	 63 - t_ucR_1M_32k (Failed)
	 64 - t_ucR_128K_8K (Failed)
	 65 - t_ucR_16_1 (Failed)
	 66 - t_ucR_32K_d (Failed)
	 67 - t_ucD_1M_32k (Failed)
	 68 - t_ucD_128K_8K (Failed)
	 69 - t_ucD_16_1 (Failed)
	 70 - t_ucD_32K_d (Failed)
	 71 - t_usS_1M_32k (Failed)
	 72 - t_usS_128K_8K (Failed)
	 73 - t_usS_16_1 (Failed)
	 74 - t_usS_32K_d (Failed)
	 75 - t_usR_1M_32k (Failed)
	 76 - t_usR_128K_8K (Failed)
	 77 - t_usR_16_1 (Failed)
	 78 - t_usR_32K_d (Failed)
	 79 - t_usD_1M_32k (Failed)
	 80 - t_usD_128K_8K (Failed)
	 81 - t_usD_16_1 (Failed)
	 82 - t_usD_32K_d (Failed)
	 83 - t_ucS_128K_8K_l (Failed)
	 84 - t_ucS_128K_8K_L (Failed)
	 85 - t_ucS_128K_8K_lL (Failed)
	 86 - t_ucR_128K_8K_l (Failed)
	 87 - t_ucR_128K_8K_L (Failed)
	 88 - t_ucR_128K_8K_lL (Failed)
	 89 - t_ucD_128K_8K_l (Failed)
	 90 - t_ucD_128K_8K_L (Failed)
	 91 - t_ucD_128K_8K_lL (Failed)
	 92 - t_usS_128K_8K_l (Failed)
	 93 - t_usS_128K_8K_L (Failed)
	 94 - t_usS_128K_8K_lL (Failed)
	 95 - t_usR_128K_8K_l (Failed)
	 96 - t_usR_128K_8K_L (Failed)
	 97 - t_usR_128K_8K_lL (Failed)
	 98 - t_usD_128K_8K_l (Failed)
	 99 - t_usD_128K_8K_L (Failed)
	100 - t_usD_128K_8K_lL (Failed)
	101 - t_ipv4_client_send (Failed)
	102 - t_ipv4_server_send (Failed)
	103 - t_ipv4_client_recv (Failed)
	104 - t_ipv4_server_recv (Failed)
	105 - t_ipv4_client_dupl (Failed)
	106 - t_ipv4_server_dupl (Failed)
	107 - t_icS_1M_32k (Failed)
	108 - t_icS_128K_8K (Failed)
	109 - t_icS_16_1 (Failed)
	110 - t_icS_32K_d (Failed)
	111 - t_icR_1M_32k (Failed)
	112 - t_icR_128K_8K (Failed)
	113 - t_icR_16_1 (Failed)
	114 - t_icR_32K_d (Failed)
	115 - t_icD_1M_32k (Failed)
	116 - t_icD_128K_8K (Failed)
	117 - t_icD_16_1 (Failed)
	118 - t_icD_32K_d (Failed)
	119 - t_isS_1M_32k (Failed)
	120 - t_isS_128K_8K (Failed)
	121 - t_isS_16_1 (Failed)
	122 - t_isS_32K_d (Failed)
	123 - t_isR_1M_32k (Failed)
	124 - t_isR_128K_8K (Failed)
	125 - t_isR_16_1 (Failed)
	126 - t_isR_32K_d (Failed)
	127 - t_isD_1M_32k (Failed)
	128 - t_isD_128K_8K (Failed)
	129 - t_isD_16_1 (Failed)
	130 - t_isD_32K_d (Failed)
	131 - t_icS_128K_8K_l (Failed)
	132 - t_icS_128K_8K_L (Failed)
	133 - t_icS_128K_8K_lL (Failed)
	134 - t_icR_128K_8K_l (Failed)
	135 - t_icR_128K_8K_L (Failed)
	136 - t_icR_128K_8K_lL (Failed)
	137 - t_icD_128K_8K_l (Failed)
	138 - t_icD_128K_8K_L (Failed)
	139 - t_icD_128K_8K_lL (Failed)
	140 - t_isS_128K_8K_l (Failed)
	141 - t_isS_128K_8K_L (Failed)
	142 - t_isS_128K_8K_lL (Failed)
	143 - t_isR_128K_8K_l (Failed)
	144 - t_isR_128K_8K_L (Failed)
	145 - t_isR_128K_8K_lL (Failed)
	146 - t_isD_128K_8K_l (Failed)
	147 - t_isD_128K_8K_L (Failed)
	148 - t_isD_128K_8K_lL (Failed)
	149 - t_icnS_128K_8K_l (Failed)
	150 - t_icnS_128K_8K_L (Failed)
	151 - t_icnS_128K_8K_lL (Failed)
	152 - t_icnR_128K_8K_l (Timeout)
	153 - t_icnR_128K_8K_L (Timeout)
	154 - t_icnR_128K_8K_lL (Timeout)
	155 - t_icnD_128K_8K_l (Failed)
	156 - t_icnD_128K_8K_L (Failed)
	157 - t_icnD_128K_8K_lL (Failed)
	158 - t_isnS_128K_8K_l (Failed)
	159 - t_isnS_128K_8K_L (Failed)
	160 - t_isnS_128K_8K_lL (Failed)
	161 - t_isnR_128K_8K_l (Failed)
	162 - t_isnR_128K_8K_L (Failed)
	163 - t_isnR_128K_8K_lL (Failed)
	164 - t_isnD_128K_8K_l (Failed)
	165 - t_isnD_128K_8K_L (Failed)
	166 - t_isnD_128K_8K_lL (Failed)
Errors while running CTest
CMakeFiles/check_lab4.dir/build.make:57: recipe for target 'CMakeFiles/check_lab4' failed
make[3]: *** [CMakeFiles/check_lab4] Error 8
CMakeFiles/Makefile2:131: recipe for target 'CMakeFiles/check_lab4.dir/all' failed
make[2]: *** [CMakeFiles/check_lab4.dir/all] Error 2
CMakeFiles/Makefile2:138: recipe for target 'CMakeFiles/check_lab4.dir/rule' failed
make[1]: *** [CMakeFiles/check_lab4.dir/rule] Error 2
Makefile:155: recipe for target 'check_lab4' failed
make: *** [check_lab4] Error 2
