[100%] Testing the TCP connection...
Test project /mnt/i/DIY/CS144/sponge/build
        Start   1: t_wrapping_ints_cmp
  1/159 Test   #1: t_wrapping_ints_cmp ..............   Passed    0.01 sec
        Start   2: t_wrapping_ints_unwrap
  2/159 Test   #2: t_wrapping_ints_unwrap ...........   Passed    0.02 sec
        Start   3: t_wrapping_ints_wrap
  3/159 Test   #3: t_wrapping_ints_wrap .............   Passed    0.02 sec
        Start   4: t_recv_connect
  4/159 Test   #4: t_recv_connect ...................   Passed    0.03 sec
        Start   5: t_recv_transmit
  5/159 Test   #5: t_recv_transmit ..................   Passed    0.31 sec
        Start   6: t_recv_window
  6/159 Test   #6: t_recv_window ....................   Passed    0.03 sec
        Start   7: t_recv_reorder
  7/159 Test   #7: t_recv_reorder ...................   Passed    0.04 sec
        Start   8: t_recv_close
  8/159 Test   #8: t_recv_close .....................   Passed    0.03 sec
        Start   9: t_send_connect
  9/159 Test   #9: t_send_connect ...................   Passed    0.03 sec
        Start  10: t_send_transmit
 10/159 Test  #10: t_send_transmit ..................   Passed    0.34 sec
        Start  11: t_send_retx
 11/159 Test  #11: t_send_retx ......................   Passed    0.06 sec
        Start  12: t_send_window
 12/159 Test  #12: t_send_window ....................   Passed    0.19 sec
        Start  13: t_send_ack
 13/159 Test  #13: t_send_ack .......................   Passed    0.05 sec
        Start  14: t_send_close
 14/159 Test  #14: t_send_close .....................   Passed    0.05 sec
        Start  15: t_strm_reassem_single
 15/159 Test  #15: t_strm_reassem_single ............   Passed    0.02 sec
        Start  16: t_strm_reassem_seq
 16/159 Test  #16: t_strm_reassem_seq ...............   Passed    0.04 sec
        Start  17: t_strm_reassem_dup
 17/159 Test  #17: t_strm_reassem_dup ...............   Passed    0.04 sec
        Start  18: t_strm_reassem_holes
 18/159 Test  #18: t_strm_reassem_holes .............   Passed    0.02 sec
        Start  19: t_strm_reassem_many
 19/159 Test  #19: t_strm_reassem_many ..............   Passed    6.56 sec
        Start  20: t_strm_reassem_overlapping
 20/159 Test  #20: t_strm_reassem_overlapping .......   Passed    0.02 sec
        Start  21: t_strm_reassem_win
 21/159 Test  #21: t_strm_reassem_win ...............   Passed    9.32 sec
        Start  22: t_strm_reassem_cap
 22/159 Test  #22: t_strm_reassem_cap ...............   Passed    0.49 sec
        Start  23: t_byte_stream_construction
 23/159 Test  #23: t_byte_stream_construction .......   Passed    0.02 sec
        Start  24: t_byte_stream_one_write
 24/159 Test  #24: t_byte_stream_one_write ..........   Passed    0.02 sec
        Start  25: t_byte_stream_two_writes
 25/159 Test  #25: t_byte_stream_two_writes .........   Passed    0.03 sec
        Start  26: t_byte_stream_capacity
 26/159 Test  #26: t_byte_stream_capacity ...........   Passed    3.25 sec
        Start  27: t_byte_stream_many_writes
 27/159 Test  #27: t_byte_stream_many_writes ........   Passed    0.05 sec
        Start  28: t_webget
 28/159 Test  #28: t_webget .........................   Passed    1.66 sec
        Start  31: t_tcp_parser
 29/159 Test  #31: t_tcp_parser .....................   Passed    0.07 sec
        Start  32: t_ipv4_parser
 30/159 Test  #32: t_ipv4_parser ....................   Passed    0.08 sec
        Start  33: t_active_close
 31/159 Test  #33: t_active_close ...................***Failed    0.04 sec
TCP source port: 0
TCP dest port: 0
TCP seqno: 2
TCP ackno: 2
TCP doff: 5
Flags: urg: false ack: true psh: false rst: false syn: false fin: false
TCP winsize: fa00
TCP cksum: 0
TCP uptr: 0

TCP source port: 0
TCP dest port: 0
TCP seqno: 1
TCP ackno: 2
TCP doff: 5
Flags: urg: false ack: true psh: false rst: false syn: false fin: true
TCP winsize: fa00
TCP cksum: 0
TCP uptr: 0

TCP source port: 0
TCP dest port: 0
TCP seqno: 2
TCP ackno: 3
TCP doff: 5
Flags: urg: false ack: true psh: false rst: false syn: false fin: false
TCP winsize: fa00
TCP cksum: 0
TCP uptr: 0

TCP source port: 0
TCP dest port: 0
TCP seqno: 2
TCP ackno: 2
TCP doff: 5
Flags: urg: false ack: true psh: false rst: false syn: false fin: false
TCP winsize: fa00
TCP cksum: 0
TCP uptr: 0

Test Failure on expectation:
	Expectation: exactly one segment sent with (A=1,ackno=2,)

Failure message:
	The TCP an extra segment when it should not have

List of steps that executed successfully:
	Action:      connect
	Expectation: exactly one segment sent with (A=0,R=0,S=1,F=0,seqno=0,payload_size=0,)
	Action:      packet arrives: Header(flags=SA,seqno=0,ack=1,win=137) with no payload
	Expectation: exactly one segment sent with (A=1,R=0,S=0,F=0,ackno=1,payload_size=0,)
	Action:      close
	Expectation: exactly one segment sent with (A=1,R=0,S=0,F=1,ackno=1,seqno=1,)
	Action:      packet arrives: Header(flags=A,seqno=1,ack=2,win=137) with no payload
	Action:      4000ms pass
	Expectation: TCP in state sender=`stream finished and fully acknowledged`, receiver=`SYN received (ackno exists), and input to stream hasn't ended`, active=1, linger_after_streams_finish=1
	Action:      packet arrives: Header(flags=AF,seqno=1,ack=2,win=137) with no payload
	Action:      1ms pass

Note:
	test 3 failed: wrong ACK for FIN

Warning: Unclean shutdown of TCPConnection
The TCP an extra segment when it should not have

        Start  34: t_passive_close
 32/159 Test  #34: t_passive_close ..................***Failed    0.03 sec
Test Failure on expectation:
	Expectation: exactly one segment sent with (A=1,R=0,S=0,F=0,ackno=2,)

Failure message:
	The TCP should have produced a segment that existed, but it did not

List of steps that executed successfully:
	Action:      connect
	Expectation: exactly one segment sent with (A=0,R=0,S=1,F=0,seqno=0,payload_size=0,)
	Action:      packet arrives: Header(flags=SA,seqno=0,ack=1,win=137) with no payload
	Expectation: exactly one segment sent with (A=1,R=0,S=0,F=0,ackno=1,payload_size=0,)
	Action:      packet arrives: Header(flags=AF,seqno=1,ack=1,win=137) with no payload

Warning: Unclean shutdown of TCPConnection
The TCP should have produced a segment that existed, but it did not

        Start  36: t_ack_rst
 33/159 Test  #36: t_ack_rst ........................***Failed    0.07 sec
Test 1
Test Failure on expectation:
	Expectation: TCP has 0 unassembled bytes

Failure message:
	The TCP has `unassembled_bytes = 1`, but unassembled_bytes was expected to be `0`

List of steps that executed successfully:
	Action:      connect
	Expectation: exactly one segment sent with (A=0,R=0,S=1,F=0,seqno=2147483647,payload_size=0,)
	Action:      packet arrives: Header(flags=SA,seqno=2147483647,ack=2147483648,win=137) with no payload
	Expectation: exactly one segment sent with (A=1,R=0,S=0,F=0,ackno=2147483648,payload_size=0,)
	Action:      packet arrives: Header(flags=A,seqno=2147483648,ack=2147483648,win=137) with no payload
	Expectation: no (more) segments sent
	Action:      packet arrives: Header(flags=A,seqno=2147483648,ack=2147483647,win=137) with no payload
	Expectation: no (more) segments sent
	Action:      packet arrives: Header(flags=A,seqno=2147483647,ack=2147483648,win=137) with 1 data bytes "<1>"

Note:
	test 1 failed: seg queued on early seqno

Warning: Unclean shutdown of TCPConnection
The TCP has `unassembled_bytes = 1`, but unassembled_bytes was expected to be `0`

        Start  38: t_ack_rst_win
 34/159 Test  #38: t_ack_rst_win ....................***Failed    0.05 sec
Test Failure on expectation:
	Expectation: TCP has 0 unassembled bytes

Failure message:
	The TCP has `unassembled_bytes = 1`, but unassembled_bytes was expected to be `0`

List of steps that executed successfully:
	Action:      connect
	Expectation: exactly one segment sent with (A=0,R=0,S=1,F=0,seqno=2147483647,payload_size=0,)
	Action:      packet arrives: Header(flags=SA,seqno=2147483647,ack=2147483648,win=137) with no payload
	Expectation: exactly one segment sent with (A=1,R=0,S=0,F=0,ackno=2147483648,payload_size=0,)
	Action:      packet arrives: Header(flags=A,seqno=2147483648,ack=2147483648,win=137) with no payload
	Expectation: no (more) segments sent
	Action:      packet arrives: Header(flags=A,seqno=2147483648,ack=2147483647,win=137) with no payload
	Expectation: no (more) segments sent
	Action:      packet arrives: Header(flags=A,seqno=2147483647,ack=2147483648,win=137) with 1 data bytes "<1>"

Note:
	test 1 failed: seg queued on early seqno

Warning: Unclean shutdown of TCPConnection
The TCP has `unassembled_bytes = 1`, but unassembled_bytes was expected to be `0`

        Start  40: t_connect
 35/159 Test  #40: t_connect ........................   Passed    0.05 sec
        Start  42: t_listen
 36/159 Test  #42: t_listen .........................   Passed    0.05 sec
        Start  43: t_winsize
 37/159 Test  #43: t_winsize ........................***Failed    0.04 sec
Test Failure on expectation:
	Action:      write (46610 bytes with 46610 accepted) [b4, 2b, 3c, e4, ca, dd, ee, 82, 64, c3, 2b, 9e, 66, 1e, bb, e5, ...]

Failure message:
	46610 bytes should have been written but 0 were

List of steps that executed successfully:
	Action:      listen
	Action:      packet arrives: Header(flags=S,seqno=4045487225,ack=0,win=137) with no payload
	Expectation: exactly one segment sent with (A=1,ackno=4045487226,win=27434,)
	Action:      packet arrives: Header(flags=A,seqno=4045487226,ack=871725071,win=9322) with no payload
	Expectation: no (more) segments sent
	Expectation: TCP in state sender=`stream ongoing`, receiver=`SYN received (ackno exists), and input to stream hasn't ended`, active=1, linger_after_streams_finish=1

Warning: Unclean shutdown of TCPConnection
46610 bytes should have been written but 0 were

        Start  45: t_retx
 38/159 Test  #45: t_retx ...........................***Failed    0.03 sec
  check_segment
Test Failure on expectation:
	Expectation: segment sent with (A=1,payload_size=4,data="asdf",)

Failure message:
	The TCP should have produced a segment that existed, but it did not

List of steps that executed successfully:
	Action:      connect
	Expectation: exactly one segment sent with (A=0,R=0,S=1,F=0,seqno=2750378313,payload_size=0,)
	Action:      packet arrives: Header(flags=SA,seqno=2750378313,ack=2750378314,win=137) with no payload
	Expectation: exactly one segment sent with (A=1,R=0,S=0,F=0,ackno=2750378314,payload_size=0,)
	Action:      write (4 bytes) [61, 73, 64, 66]
	Action:      1ms pass

Warning: Unclean shutdown of TCPConnection
The TCP should have produced a segment that existed, but it did not (in check_segment called from line 36)

        Start  46: t_retx_win
 39/159 Test  #46: t_retx_win .......................***Failed    0.05 sec
Test Failure on expectation:
	Expectation: segment sent

Failure message:
	The TCP should have produces a segment, but did not

List of steps that executed successfully:
	Action:      connect
	Expectation: exactly one segment sent with (A=0,R=0,S=1,F=0,seqno=2479670082,payload_size=0,)
	Action:      packet arrives: Header(flags=SA,seqno=2479670082,ack=2479670083,win=137) with no payload
	Expectation: exactly one segment sent with (A=1,R=0,S=0,F=0,ackno=2479670083,payload_size=0,)
	Action:      write (4 bytes) [61, 73, 64, 66]
	Action:      1ms pass
	Action:      20ms pass
	Action:      write (4 bytes) [71, 77, 65, 72]
	Action:      1ms pass

Note:
	test 2 failed: cannot read after write()s

Warning: Unclean shutdown of TCPConnection
The TCP should have produces a segment, but did not

        Start  47: t_loopback
 40/159 Test  #47: t_loopback .......................***Failed    0.05 sec
Test Failure on expectation:
	Expectation: TCP has 1760 bytes in flight

Failure message:
	The TCP has `bytes_in_flight = 0`, but bytes_in_flight was expected to be `1760`

List of steps that executed successfully:
	Action:      connect
	Expectation: exactly one segment sent with (A=0,R=0,S=1,F=0,seqno=255957958,payload_size=0,)
	Action:      packet arrives: Header(flags=SA,seqno=255957958,ack=255957959,win=137) with no payload
	Expectation: exactly one segment sent with (A=1,R=0,S=0,F=0,ackno=255957959,payload_size=0,)
	Action:      packet arrives: Header(flags=A,seqno=255957959,ack=255957959,win=65000) with no payload
	Action:      write (1760 bytes) [d3, 1a, bd, 5c, cb, 33, 7b, 99, 47, dc, 27, ef, 28, f6, b0, 84, ...]
	Action:      1ms pass

Warning: Unclean shutdown of TCPConnection
The TCP has `bytes_in_flight = 0`, but bytes_in_flight was expected to be `1760`

        Start  48: t_loopback_win
 41/159 Test  #48: t_loopback_win ...................***Failed    0.05 sec
Test Failure on expectation:
	Expectation: segment sent

Failure message:
	The TCP should have produces a segment, but did not

List of steps that executed successfully:
	Action:      connect
	Expectation: exactly one segment sent with (A=0,R=0,S=1,F=0,seqno=988385466,payload_size=0,)
	Action:      packet arrives: Header(flags=SA,seqno=988385466,ack=988385467,win=137) with no payload
	Expectation: exactly one segment sent with (A=1,R=0,S=0,F=0,ackno=988385467,payload_size=0,)
	Action:      packet arrives: Header(flags=A,seqno=988385467,ack=988385467,win=65000) with no payload
	Action:      write (4963 bytes) [a8, 69, a4, 7b, c3, ee, 36, 93, 65, 6a, 2b, 40, 34, be, 63, e4, ...]
	Action:      1ms pass

Note:
	test 2 failed: cannot read after write()

Warning: Unclean shutdown of TCPConnection
The TCP should have produces a segment, but did not

        Start  49: t_reorder
 42/159 Test  #49: t_reorder ........................***Failed    0.05 sec
Test Failure on expectation:
	segment sent with (A=1,)
Failure message:
	The TCP should have produced a segment that existed, but it did not

List of steps that executed successfully:
	Action:      connect
	Expectation: exactly one segment sent with (A=0,R=0,S=1,F=0,seqno=4029584742,payload_size=0,)
	Action:      packet arrives: Header(flags=SA,seqno=2059720275,ack=4029584743,win=137) with no payload
	Expectation: exactly one segment sent with (A=1,R=0,S=0,F=0,ackno=2059720276,payload_size=0,)
	Action:      packet arrives: Header(flags=A,seqno=2059748964,ack=4029584743,win=137) with 261 data bytes "F<223><233>|R<223><169><197><180>k<238>.<140><182><0><188>..."

Note:
	test 1 failed: no ACK for datagram

Warning: Unclean shutdown of TCPConnection
The TCP should have produced a segment that existed, but it did not

        Start  50: t_address_dt
 43/159 Test  #50: t_address_dt .....................   Passed    0.04 sec
        Start  51: t_parser_dt
 44/159 Test  #51: t_parser_dt ......................   Passed    0.02 sec
        Start  52: t_socket_dt
 45/159 Test  #52: t_socket_dt ......................   Passed    0.03 sec
        Start  53: t_udp_client_send
 46/159 Test  #53: t_udp_client_send ................***Failed    0.18 sec
DEBUG: Listening for incoming connection... DEBUG: Connecting to 169.254.144.1:9796... done.
new connection from 169.254.144.1:53865.
DEBUG: Outbound stream to 169.254.144.1:53865 finished (1 byte still in flight).
DEBUG: Inbound stream from 169.254.144.1:9796 finished cleanly.
DEBUG: Waiting for clean shutdown... Exception in TCPConnection runner thread: TCPConnection::write() accepted less than advertised length
terminate called after throwing an instance of 'std::exception'
  what():  std::exception
/mnt/i/DIY/CS144/sponge/txrx.sh: line 110: 10223 Aborted                 $3 $4 ${SERVER_PORT} > "$1" < "$2"
Error in _rt_connect

        Start  54: t_udp_server_send
 47/159 Test  #54: t_udp_server_send ................***Failed    0.30 sec
DEBUG: Listening for incoming connection... DEBUG: Connecting to 169.254.144.1:1805... done.
new connection from 169.254.144.1:51757.
DEBUG: Outbound stream to 169.254.144.1:1805 finished (1 byte still in flight).
DEBUG: Inbound stream from 169.254.144.1:51757 finished cleanly.
DEBUG: Waiting for clean shutdown... Exception in TCPConnection runner thread: TCPConnection::write() accepted less than advertised length
terminate called after throwing an instance of 'std::exception'
  what():  std::exception
DEBUG: TCP connection finished cleanly.
DEBUG: Waiting for clean shutdown... done.
/mnt/i/DIY/CS144/sponge/txrx.sh: line 110: 10239 Aborted                 coproc COPROC $3 -l $4 ${SERVER_PORT} > "$1" < "$2"
ERROR: 9aa427d405952763316fcbeb558ed948522d6b08f5d3d1385881f4b7fcdb1dcb neq 69431ec5c23a2ab58320ba5116047c3649ac3c027b0305c8579feb5fe07de89a or 

        Start  55: t_udp_client_recv
 48/159 Test  #55: t_udp_client_recv ................***Failed    0.35 sec
DEBUG: Listening for incoming connection... DEBUG: Connecting to 169.254.144.1:2014... done.
new connection from 169.254.144.1:60446.
DEBUG: Outbound stream to 169.254.144.1:2014 finished (1 byte still in flight).
DEBUG: Inbound stream from 169.254.144.1:60446 finished cleanly.
DEBUG: Waiting for clean shutdown... Exception in TCPConnection runner thread: TCPConnection::write() accepted less than advertised length
terminate called after throwing an instance of 'std::exception'
  what():  std::exception
DEBUG: TCP connection finished cleanly.
DEBUG: Waiting for clean shutdown... done.
/mnt/i/DIY/CS144/sponge/txrx.sh: line 110: 10260 Aborted                 coproc COPROC $3 -l $4 ${SERVER_PORT} > "$1" < "$2"
ERROR: d1d48a04d610ff0830bb8a339039a1f810abf2faa48197dd3edec7a49b339a9f neq 2ec4edf61420c29a587f0c6debfc985980000ca1394aeb20a23d78d7b8fa0611 or 

        Start  56: t_udp_server_recv
 49/159 Test  #56: t_udp_server_recv ................***Failed    0.16 sec
DEBUG: Listening for incoming connection... DEBUG: Connecting to 169.254.144.1:29804... done.
new connection from 169.254.144.1:37631.
DEBUG: Outbound stream to 169.254.144.1:37631 finished (1 byte still in flight).
DEBUG: Inbound stream from 169.254.144.1:29804 finished cleanly.
DEBUG: Waiting for clean shutdown... Exception in TCPConnection runner thread: TCPConnection::write() accepted less than advertised length
terminate called after throwing an instance of 'std::exception'
  what():  std::exception
/mnt/i/DIY/CS144/sponge/txrx.sh: line 110: 10283 Aborted                 $3 $4 ${SERVER_PORT} > "$1" < "$2"
Error in _rt_connect

        Start  57: t_udp_client_dupl
 50/159 Test  #57: t_udp_client_dupl ................***Failed    0.16 sec
DEBUG: Listening for incoming connection... DEBUG: Connecting to 169.254.144.1:24581... done.
new connection from 169.254.144.1:49776.
Exception in TCPConnection runner thread: TCPConnection::write() accepted less than advertised length
terminate called after throwing an instance of 'std::exception'
  what():  std::exception
/mnt/i/DIY/CS144/sponge/txrx.sh: line 110: 10305 Aborted                 $3 $4 ${SERVER_PORT} > "$1" < "$2"
Error in _rt_connect

        Start  58: t_udp_server_dupl
 51/159 Test  #58: t_udp_server_dupl ................***Failed    0.17 sec
DEBUG: Listening for incoming connection... DEBUG: Connecting to 169.254.144.1:20152... done.
new connection from 169.254.144.1:44605.
Exception in TCPConnection runner thread: TCPConnection::write() accepted less than advertised length
terminate called after throwing an instance of 'std::exception'
  what():  std::exception
/mnt/i/DIY/CS144/sponge/txrx.sh: line 110: 10324 Aborted                 $3 $4 ${SERVER_PORT} > "$1" < "$2"
Error in _rt_connect

        Start  59: t_ucS_1M_32k
 52/159 Test  #59: t_ucS_1M_32k .....................***Failed    0.28 sec
DEBUG: Listening for incoming connection... DEBUG: Connecting to 169.254.144.1:32583... done.
new connection from 169.254.144.1:35449.
DEBUG: Outbound stream to 169.254.144.1:35449 finished (1 byte still in flight).
DEBUG: Inbound stream from 169.254.144.1:32583 finished cleanly.
Exception in TCPConnection runner thread: TCPConnection::write() accepted less than advertised length
terminate called after throwing an instance of 'std::exception'
  what():  std::exception
/mnt/i/DIY/CS144/sponge/txrx.sh: line 110: 10344 Aborted                 $3 $4 ${SERVER_PORT} > "$1" < "$2"
Error in _rt_connect

        Start  60: t_ucS_128K_8K
 53/159 Test  #60: t_ucS_128K_8K ....................***Failed    0.25 sec
DEBUG: Listening for incoming connection... DEBUG: Connecting to 169.254.144.1:1931... done.
new connection from 169.254.144.1:39005.
DEBUG: Outbound stream to 169.254.144.1:39005 finished (1 byte still in flight).
DEBUG: Inbound stream from 169.254.144.1:1931 finished cleanly.
Exception in TCPConnection runner thread: TCPConnection::write() accepted less than advertised length
terminate called after throwing an instance of 'std::exception'
  what():  std::exception
/mnt/i/DIY/CS144/sponge/txrx.sh: line 110: 10364 Aborted                 $3 $4 ${SERVER_PORT} > "$1" < "$2"
Error in _rt_connect

        Start  61: t_ucS_16_1
 54/159 Test  #61: t_ucS_16_1 .......................***Failed    0.18 sec
DEBUG: Listening for incoming connection... DEBUG: Connecting to 169.254.144.1:33162... done.
new connection from 169.254.144.1:47881.
DEBUG: Outbound stream to 169.254.144.1:47881 finished (1 byte still in flight).
Exception in TCPConnection runner thread: TCPConnection::write() accepted less than advertised length
terminate called after throwing an instance of 'std::exception'
  what():  std::exception
/mnt/i/DIY/CS144/sponge/txrx.sh: line 110: 10384 Aborted                 $3 $4 ${SERVER_PORT} > "$1" < "$2"
Error in _rt_connect

        Start  62: t_ucS_32K_d
 55/159 Test  #62: t_ucS_32K_d ......................***Failed    0.18 sec
DEBUG: Listening for incoming connection... DEBUG: Connecting to 169.254.144.1:13158... done.
new connection from 169.254.144.1:33203.
DEBUG: Outbound stream to 169.254.144.1:33203 finished (1 byte still in flight).
DEBUG: Inbound stream from 169.254.144.1:13158 finished cleanly.
DEBUG: Waiting for clean shutdown... Exception in TCPConnection runner thread: TCPConnection::write() accepted less than advertised length
terminate called after throwing an instance of 'std::exception'
  what():  std::exception
/mnt/i/DIY/CS144/sponge/txrx.sh: line 110: 10402 Aborted                 $3 $4 ${SERVER_PORT} > "$1" < "$2"
Error in _rt_connect

        Start  63: t_ucR_1M_32k
 56/159 Test  #63: t_ucR_1M_32k .....................***Failed    0.32 sec
DEBUG: Listening for incoming connection... DEBUG: Connecting to 169.254.144.1:28819... done.
new connection from 169.254.144.1:59217.
DEBUG: Outbound stream to 169.254.144.1:28819 finished (1 byte still in flight).
DEBUG: Inbound stream from 169.254.144.1:59217 finished cleanly.
Exception in TCPConnection runner thread: TCPConnection::write() accepted less than advertised length
terminate called after throwing an instance of 'std::exception'
  what():  std::exception
DEBUG: TCP connection finished cleanly.
DEBUG: Waiting for clean shutdown... done.
/mnt/i/DIY/CS144/sponge/txrx.sh: line 110: 10420 Aborted                 coproc COPROC $3 -l $4 ${SERVER_PORT} > "$1" < "$2"
ERROR: d0d5f7fcea1600e83e4306ae73a98f435283acf1a367eadc11f245489b9c2cae neq 79a834692096bc18e6b29f826e01611d290f776ec74b87905d1f566efdd232f7 or 

        Start  64: t_ucR_128K_8K
 57/159 Test  #64: t_ucR_128K_8K ....................***Failed    0.34 sec
DEBUG: Listening for incoming connection... DEBUG: Connecting to 169.254.144.1:10276... done.
new connection from 169.254.144.1:39802.
DEBUG: Outbound stream to 169.254.144.1:10276 finished (1 byte still in flight).
DEBUG: Inbound stream from 169.254.144.1:39802 finished cleanly.
Exception in TCPConnection runner thread: TCPConnection::write() accepted less than advertised length
terminate called after throwing an instance of 'std::exception'
  what():  std::exception
DEBUG: TCP connection finished cleanly.
DEBUG: Waiting for clean shutdown... done.
/mnt/i/DIY/CS144/sponge/txrx.sh: line 110: 10443 Aborted                 coproc COPROC $3 -l $4 ${SERVER_PORT} > "$1" < "$2"
ERROR: 5a66e5b406bf2b294a0d986b8db65aaef6daf8e8e42c6bbdbf59ff689e8f40b1 neq dd1e4aa5328f1c23b020919f1896f3f45e6fe5cd824f6889907801321720310f or 

        Start  65: t_ucR_16_1
 58/159 Test  #65: t_ucR_16_1 .......................***Failed    0.31 sec
DEBUG: Listening for incoming connection... DEBUG: Connecting to 169.254.144.1:19946... done.
new connection from 169.254.144.1:48040.
DEBUG: Outbound stream to 169.254.144.1:19946 finished (1 byte still in flight).
DEBUG: Inbound stream from 169.254.144.1:48040 finished cleanly.
DEBUG: Waiting for clean shutdown... Exception in TCPConnection runner thread: TCPConnection::write() accepted less than advertised length
terminate called after throwing an instance of 'std::exception'
  what():  std::exception
DEBUG: TCP connection finished cleanly.
DEBUG: Waiting for clean shutdown... done.
/mnt/i/DIY/CS144/sponge/txrx.sh: line 110: 10469 Aborted                 coproc COPROC $3 -l $4 ${SERVER_PORT} > "$1" < "$2"
ERROR: 2d0edf9f0426589cda38edc7b73fa3afd3e64a54c2f74b3d0ef59110fb153f3c neq 03d2a5b48f075cca4f099266e7ec8b2eefe735b70dc5099b7708abee92494b69 or 

        Start  66: t_ucR_32K_d
 59/159 Test  #66: t_ucR_32K_d ......................***Failed    0.32 sec
DEBUG: Listening for incoming connection... DEBUG: Connecting to 169.254.144.1:12687... done.
new connection from 169.254.144.1:56880.
DEBUG: Outbound stream to 169.254.144.1:12687 finished (1 byte still in flight).
DEBUG: Inbound stream from 169.254.144.1:56880 finished cleanly.
DEBUG: Waiting for clean shutdown... Exception in TCPConnection runner thread: TCPConnection::write() accepted less than advertised length
terminate called after throwing an instance of 'std::exception'
  what():  std::exception
DEBUG: TCP connection finished cleanly.
DEBUG: Waiting for clean shutdown... done.
/mnt/i/DIY/CS144/sponge/txrx.sh: line 110: 10490 Aborted                 coproc COPROC $3 -l $4 ${SERVER_PORT} > "$1" < "$2"
ERROR: 756544fab1f4dcc5c4c80f4f7a5015390d7ee6216a8bd4af648398c9890aa2a5 neq eb0d36bc1ca263351ba01a01f5528a356e19b153f97c09a00fc439059f50485d or 

        Start  67: t_ucD_1M_32k
 60/159 Test  #67: t_ucD_1M_32k .....................***Failed    0.27 sec
DEBUG: Listening for incoming connection... DEBUG: Connecting to 169.254.144.1:30044... done.
new connection from 169.254.144.1:56326.
Exception in TCPConnection runner thread: TCPConnection::write() accepted less than advertised length
terminate called after throwing an instance of 'Exception in TCPConnection runner thread: TCPConnection::write() accepted less than advertised length
std::exceptionterminate called after throwing an instance of 'std::exception'
'
  what():  std::exception
  what():  std::exception
/mnt/i/DIY/CS144/sponge/txrx.sh: line 110: 10516 Aborted                 $3 $4 ${SERVER_PORT} > "$1" < "$2"
Error in _rt_connect
/mnt/i/DIY/CS144/sponge/txrx.sh: line 156: 10514 Aborted                 coproc COPROC $3 -l $4 ${SERVER_PORT} > "$1" < "$2"

        Start  68: t_ucD_128K_8K
 61/159 Test  #68: t_ucD_128K_8K ....................***Failed    0.23 sec
DEBUG: Listening for incoming connection... DEBUG: Connecting to 169.254.144.1:3088... done.
new connection from 169.254.144.1:43650.
Exception in TCPConnection runner thread: TCPConnection::write() accepted less than advertised length
terminate called after throwing an instance of 'std::exception'
  what():  std::exception
Exception in TCPConnection runner thread: TCPConnection::write() accepted less than advertised length
terminate called after throwing an instance of 'std::exception'
  what():  std::exception
/mnt/i/DIY/CS144/sponge/txrx.sh: line 110: 10535 Aborted                 coproc COPROC $3 -l $4 ${SERVER_PORT} > "$1" < "$2"
/mnt/i/DIY/CS144/sponge/txrx.sh: line 110: 10537 Aborted                 $3 $4 ${SERVER_PORT} > "$1" < "$2"
Error in _rt_connect

        Start  69: t_ucD_16_1
 62/159 Test  #69: t_ucD_16_1 .......................***Failed    0.20 sec
DEBUG: Listening for incoming connection... DEBUG: Connecting to 169.254.144.1:4460... done.
new connection from 169.254.144.1:34156.
Exception in TCPConnection runner thread: TCPConnection::write() accepted less than advertised length
terminate called after throwing an instance of 'std::exception'
  what():  std::exception
/mnt/i/DIY/CS144/sponge/txrx.sh: line 110: 10558 Aborted                 $3 $4 ${SERVER_PORT} > "$1" < "$2"
Error in _rt_connect

        Start  70: t_ucD_32K_d
 63/159 Test  #70: t_ucD_32K_d ......................***Failed    0.21 sec
DEBUG: Listening for incoming connection... DEBUG: Connecting to 169.254.144.1:14742... done.
new connection from 169.254.144.1:51195.
Exception in TCPConnection runner thread: TCPConnection::write() accepted less than advertised length
terminate called after throwing an instance of 'std::exception'
  what():  std::exception
Exception in TCPConnection runner thread: TCPConnection::write() accepted less than advertised length
terminate called after throwing an instance of 'std::exception'
  what():  std::exception
/mnt/i/DIY/CS144/sponge/txrx.sh: line 110: 10575 Aborted                 coproc COPROC $3 -l $4 ${SERVER_PORT} > "$1" < "$2"
/mnt/i/DIY/CS144/sponge/txrx.sh: line 110: 10577 Aborted                 $3 $4 ${SERVER_PORT} > "$1" < "$2"
Error in _rt_connect

        Start  71: t_usS_1M_32k
 64/159 Test  #71: t_usS_1M_32k .....................***Failed    0.32 sec
DEBUG: Listening for incoming connection... DEBUG: Connecting to 169.254.144.1:16092... done.
new connection from 169.254.144.1:46741.
DEBUG: Outbound stream to 169.254.144.1:16092 finished (1 byte still in flight).
DEBUG: Inbound stream from 169.254.144.1:46741 finished cleanly.
Exception in TCPConnection runner thread: TCPConnection::write() accepted less than advertised length
terminate called after throwing an instance of 'std::exception'
  what():  std::exception
DEBUG: TCP connection finished cleanly.
DEBUG: Waiting for clean shutdown... done.
/mnt/i/DIY/CS144/sponge/txrx.sh: line 110: 10598 Aborted                 coproc COPROC $3 -l $4 ${SERVER_PORT} > "$1" < "$2"
ERROR: af3564181c56addd720135231c87a3ab00ae6a6e758de0041182a4523f9393b6 neq 81b67df34a36eea540eb3596c381867fa6de26f150f9086b91a31b904fbc18c1 or 

        Start  72: t_usS_128K_8K
 65/159 Test  #72: t_usS_128K_8K ....................***Failed    0.35 sec
DEBUG: Listening for incoming connection... DEBUG: Connecting to 169.254.144.1:7969... done.
new connection from 169.254.144.1:48490.
DEBUG: Outbound stream to 169.254.144.1:7969 finished (1 byte still in flight).
DEBUG: Inbound stream from 169.254.144.1:48490 finished cleanly.
Exception in TCPConnection runner thread: TCPConnection::write() accepted less than advertised length
terminate called after throwing an instance of 'std::exception'
  what():  std::exception
DEBUG: TCP connection finished cleanly.
DEBUG: Waiting for clean shutdown... done.
/mnt/i/DIY/CS144/sponge/txrx.sh: line 110: 10621 Aborted                 coproc COPROC $3 -l $4 ${SERVER_PORT} > "$1" < "$2"
ERROR: 2b80369faa71950d20db862ef04fcfc65874f84836327855cde5053f0fb8234a neq ef22490d315e9aa757dd8c17d560ccb078a7bbe4ef1dfdccc904bebd203f1e0f or 

        Start  73: t_usS_16_1
 66/159 Test  #73: t_usS_16_1 .......................***Failed    0.29 sec
DEBUG: Listening for incoming connection... DEBUG: Connecting to 169.254.144.1:33011... done.
new connection from 169.254.144.1:38168.
DEBUG: Outbound stream to 169.254.144.1:33011 finished (1 byte still in flight).
Exception in TCPConnection runner thread: TCPConnection::write() accepted less than advertised length
terminate called after throwing an instance of 'std::exception'
  what():  std::exception
DEBUG: TCP connection finished cleanly.
DEBUG: Waiting for clean shutdown... done.
/mnt/i/DIY/CS144/sponge/txrx.sh: line 110: 10644 Aborted                 coproc COPROC $3 -l $4 ${SERVER_PORT} > "$1" < "$2"
ERROR: fd46c521e185000208e4f8d1b6b1168cff3631115fb396f76e35ce8d3faf99e2 neq 2a1fba878a2a6beccdf6246f51bf59edb9b0eadfd2197d663d004ac9f28225cf or 

        Start  74: t_usS_32K_d
 67/159 Test  #74: t_usS_32K_d ......................***Failed    0.32 sec
DEBUG: Listening for incoming connection... DEBUG: Connecting to 169.254.144.1:4413... done.
new connection from 169.254.144.1:43954.
DEBUG: Outbound stream to 169.254.144.1:4413 finished (1 byte still in flight).
DEBUG: Inbound stream from 169.254.144.1:43954 finished cleanly.
DEBUG: Waiting for clean shutdown... Exception in TCPConnection runner thread: TCPConnection::write() accepted less than advertised length
terminate called after throwing an instance of 'std::exception'
  what():  std::exception
DEBUG: TCP connection finished cleanly.
DEBUG: Waiting for clean shutdown... done.
/mnt/i/DIY/CS144/sponge/txrx.sh: line 110: 10665 Aborted                 coproc COPROC $3 -l $4 ${SERVER_PORT} > "$1" < "$2"
ERROR: 89744d54cc437ce8417c13ea4fed2306df091a61ad36650c3506ffcc4bcb1903 neq b09e7033a51eac5b30ecb5e455f734197aa0b6690996eeb24ef10e2a5ddab080 or 

        Start  75: t_usR_1M_32k
 68/159 Test  #75: t_usR_1M_32k .....................***Failed    0.25 sec
DEBUG: Listening for incoming connection... DEBUG: Connecting to 169.254.144.1:21462... done.
new connection from 169.254.144.1:49013.
DEBUG: Outbound stream to 169.254.144.1:49013 finished (1 byte still in flight).
DEBUG: Inbound stream from 169.254.144.1:21462 finished cleanly.
Exception in TCPConnection runner thread: TCPConnection::write() accepted less than advertised length
terminate called after throwing an instance of 'std::exception'
  what():  std::exception
/mnt/i/DIY/CS144/sponge/txrx.sh: line 110: 10690 Aborted                 $3 $4 ${SERVER_PORT} > "$1" < "$2"
Error in _rt_connect

        Start  76: t_usR_128K_8K
 69/159 Test  #76: t_usR_128K_8K ....................***Failed    0.20 sec
DEBUG: Listening for incoming connection... DEBUG: Connecting to 169.254.144.1:11255... done.
new connection from 169.254.144.1:52534.
DEBUG: Outbound stream to 169.254.144.1:52534 finished (1 byte still in flight).
DEBUG: Inbound stream from 169.254.144.1:11255 finished cleanly.
Exception in TCPConnection runner thread: TCPConnection::write() accepted less than advertised length
terminate called after throwing an instance of 'std::exception'
  what():  std::exception
/mnt/i/DIY/CS144/sponge/txrx.sh: line 110: 10710 Aborted                 $3 $4 ${SERVER_PORT} > "$1" < "$2"
Error in _rt_connect

        Start  77: t_usR_16_1
 70/159 Test  #77: t_usR_16_1 .......................***Failed    0.20 sec
DEBUG: Listening for incoming connection... DEBUG: Connecting to 169.254.144.1:27221... done.
new connection from 169.254.144.1:40622.
DEBUG: Outbound stream to 169.254.144.1:40622 finished (1 byte still in flight).
DEBUG: Inbound stream from 169.254.144.1:27221 finished cleanly.
DEBUG: Waiting for clean shutdown... Exception in TCPConnection runner thread: TCPConnection::write() accepted less than advertised length
terminate called after throwing an instance of 'std::exception'
  what():  std::exception
/mnt/i/DIY/CS144/sponge/txrx.sh: line 110: 10733 Aborted                 $3 $4 ${SERVER_PORT} > "$1" < "$2"
Error in _rt_connect

        Start  78: t_usR_32K_d
 71/159 Test  #78: t_usR_32K_d ......................***Failed    0.17 sec
DEBUG: Listening for incoming connection... DEBUG: Connecting to 169.254.144.1:20423... done.
new connection from 169.254.144.1:44589.
DEBUG: Outbound stream to 169.254.144.1:44589 finished (1 byte still in flight).
DEBUG: Inbound stream from 169.254.144.1:20423 finished cleanly.
DEBUG: Waiting for clean shutdown... Exception in TCPConnection runner thread: TCPConnection::write() accepted less than advertised length
terminate called after throwing an instance of 'std::exception'
  what():  std::exception
/mnt/i/DIY/CS144/sponge/txrx.sh: line 110: 10751 Aborted                 $3 $4 ${SERVER_PORT} > "$1" < "$2"
Error in _rt_connect

        Start  79: t_usD_1M_32k
 72/159 Test  #79: t_usD_1M_32k .....................***Failed    0.25 sec
DEBUG: Listening for incoming connection... DEBUG: Connecting to 169.254.144.1:10966... done.
new connection from 169.254.144.1:37272.
Exception in TCPConnection runner thread: TCPConnection::write() accepted less than advertised length
terminate called after throwing an instance of 'std::exception'
  what():  std::exception
Exception in TCPConnection runner thread: TCPConnection::write() accepted less than advertised length
terminate called after throwing an instance of 'std::exception'
  what():  std::exception
/mnt/i/DIY/CS144/sponge/txrx.sh: line 110: 10770 Aborted                 coproc COPROC $3 -l $4 ${SERVER_PORT} > "$1" < "$2"
/mnt/i/DIY/CS144/sponge/txrx.sh: line 110: 10772 Aborted                 $3 $4 ${SERVER_PORT} > "$1" < "$2"
Error in _rt_connect

        Start  80: t_usD_128K_8K
 73/159 Test  #80: t_usD_128K_8K ....................***Failed    0.22 sec
DEBUG: Listening for incoming connection... DEBUG: Connecting to 169.254.144.1:6597... done.
new connection from 169.254.144.1:55127.
Exception in TCPConnection runner thread: TCPConnection::write() accepted less than advertised length
terminate called after throwing an instance of 'std::exception'
  what():  std::exception
/mnt/i/DIY/CS144/sponge/txrx.sh: line 110: 10793 Aborted                 $3 $4 ${SERVER_PORT} > "$1" < "$2"
Error in _rt_connect

        Start  81: t_usD_16_1
 74/159 Test  #81: t_usD_16_1 .......................***Failed    0.17 sec
DEBUG: Listening for incoming connection... DEBUG: Connecting to 169.254.144.1:20970... done.
new connection from 169.254.144.1:34949.
Exception in TCPConnection runner thread: TCPConnection::write() accepted less than advertised length
terminate called after throwing an instance of 'std::exception'
  what():  std::exception
Exception in TCPConnection runner thread: TCPConnection::write() accepted less than advertised length
terminate called after throwing an instance of 'std::exception'
  what():  std::exception
/mnt/i/DIY/CS144/sponge/txrx.sh: line 110: 10812 Aborted                 coproc COPROC $3 -l $4 ${SERVER_PORT} > "$1" < "$2"
/mnt/i/DIY/CS144/sponge/txrx.sh: line 110: 10814 Aborted                 $3 $4 ${SERVER_PORT} > "$1" < "$2"
Error in _rt_connect

        Start  82: t_usD_32K_d
 75/159 Test  #82: t_usD_32K_d ......................***Failed    0.20 sec
DEBUG: Listening for incoming connection... DEBUG: Connecting to 169.254.144.1:27658... done.
new connection from 169.254.144.1:43799.
Exception in TCPConnection runner thread: TCPConnection::write() accepted less than advertised length
terminate called after throwing an instance of 'std::exception'
  what():  std::exception
/mnt/i/DIY/CS144/sponge/txrx.sh: line 110: 10833 Aborted                 $3 $4 ${SERVER_PORT} > "$1" < "$2"
Error in _rt_connect

        Start  83: t_ucS_128K_8K_l
 76/159 Test  #83: t_ucS_128K_8K_l ..................***Failed    0.21 sec
DEBUG: Listening for incoming connection... DEBUG: Connecting to 169.254.144.1:20698... done.
new connection from 169.254.144.1:46994.
DEBUG: Outbound stream to 169.254.144.1:46994 finished (1 byte still in flight).
DEBUG: Inbound stream from 169.254.144.1:20698 finished cleanly.
Exception in TCPConnection runner thread: TCPConnection::write() accepted less than advertised length
terminate called after throwing an instance of 'std::exception'
  what():  std::exception
/mnt/i/DIY/CS144/sponge/txrx.sh: line 110: 10853 Aborted                 $3 $4 ${SERVER_PORT} > "$1" < "$2"
Error in _rt_connect

        Start  84: t_ucS_128K_8K_L
 77/159 Test  #84: t_ucS_128K_8K_L ..................***Failed    0.23 sec
DEBUG: Listening for incoming connection... DEBUG: Connecting to 169.254.144.1:13014... done.
new connection from 169.254.144.1:33867.
DEBUG: Outbound stream to 169.254.144.1:33867 finished (1 byte still in flight).
DEBUG: Inbound stream from 169.254.144.1:13014 finished cleanly.
Exception in TCPConnection runner thread: TCPConnection::write() accepted less than advertised length
terminate called after throwing an instance of 'std::exception'
  what():  std::exception
/mnt/i/DIY/CS144/sponge/txrx.sh: line 110: 10873 Aborted                 $3 $4 ${SERVER_PORT} > "$1" < "$2"
Error in _rt_connect

        Start  85: t_ucS_128K_8K_lL
 78/159 Test  #85: t_ucS_128K_8K_lL .................***Failed    0.23 sec
DEBUG: Listening for incoming connection... DEBUG: Connecting to 169.254.144.1:32438... done.
new connection from 169.254.144.1:58770.
DEBUG: Outbound stream to 169.254.144.1:58770 finished (1 byte still in flight).
DEBUG: Inbound stream from 169.254.144.1:32438 finished cleanly.
Exception in TCPConnection runner thread: TCPConnection::write() accepted less than advertised length
terminate called after throwing an instance of 'std::exception'
  what():  std::exception
/mnt/i/DIY/CS144/sponge/txrx.sh: line 110: 10896 Aborted                 $3 $4 ${SERVER_PORT} > "$1" < "$2"
Error in _rt_connect

        Start  86: t_ucR_128K_8K_l
 79/159 Test  #86: t_ucR_128K_8K_l ..................***Failed    0.31 sec
DEBUG: Listening for incoming connection... DEBUG: Connecting to 169.254.144.1:10581... done.
new connection from 169.254.144.1:42068.
DEBUG: Outbound stream to 169.254.144.1:10581 finished (1 byte still in flight).
DEBUG: Inbound stream from 169.254.144.1:42068 finished cleanly.
Exception in TCPConnection runner thread: TCPConnection::write() accepted less than advertised length
terminate called after throwing an instance of 'std::exception'
  what():  std::exception
DEBUG: TCP connection finished cleanly.
DEBUG: Waiting for clean shutdown... done.
/mnt/i/DIY/CS144/sponge/txrx.sh: line 110: 10914 Aborted                 coproc COPROC $3 -l $4 ${SERVER_PORT} > "$1" < "$2"
ERROR: 2180d882b82b8653bb349c7b1e63326b7bddbf0d354883c25859cd8391ed98b9 neq f572b6f1b1c75ad7b2bb2434ed5777d1887c2385ff621eb5fab537fe21abe03a or 

        Start  87: t_ucR_128K_8K_L
 80/159 Test  #87: t_ucR_128K_8K_L ..................***Failed    0.32 sec
DEBUG: Listening for incoming connection... DEBUG: Connecting to 169.254.144.1:31475... done.
DEBUG: Outbound stream to 169.254.144.1:31475 finished (1 byte still in flight).
new connection from 169.254.144.1:53042.
DEBUG: Inbound stream from 169.254.144.1:53042 finished cleanly.
Exception in TCPConnection runner thread: TCPConnection::write() accepted less than advertised length
terminate called after throwing an instance of 'std::exception'
  what():  std::exception
DEBUG: TCP connection finished cleanly.
DEBUG: Waiting for clean shutdown... done.
/mnt/i/DIY/CS144/sponge/txrx.sh: line 110: 10937 Aborted                 coproc COPROC $3 -l $4 ${SERVER_PORT} > "$1" < "$2"
ERROR: 6804719609dcb745ad032d7f08c3948410657440467fea5e3342b7065ddd12df neq 2c8ee6925a9338027e38c6ced6cd352239137edaac8bff413d439705709a42ed or 

        Start  88: t_ucR_128K_8K_lL
 81/159 Test  #88: t_ucR_128K_8K_lL .................***Failed    0.30 sec
DEBUG: Listening for incoming connection... DEBUG: Connecting to 169.254.144.1:2913... done.
DEBUG: Outbound stream to 169.254.144.1:2913 finished (1 byte still in flight).
new connection from 169.254.144.1:42662.
DEBUG: Inbound stream from 169.254.144.1:42662 finished cleanly.
Exception in TCPConnection runner thread: TCPConnection::write() accepted less than advertised length
terminate called after throwing an instance of 'std::exception'
  what():  std::exception
DEBUG: TCP connection finished cleanly.
DEBUG: Waiting for clean shutdown... done.
/mnt/i/DIY/CS144/sponge/txrx.sh: line 110: 10960 Aborted                 coproc COPROC $3 -l $4 ${SERVER_PORT} > "$1" < "$2"
ERROR: 6a79279c210613b1ca9f1ca4d3df6c299c22501f308ba7039e207660b0258ce4 neq ea406bf3908f2d796167f0fd9fc58326ee7055f016b869e03756270812276aae or 

        Start  89: t_ucD_128K_8K_l
 82/159 Test  #89: t_ucD_128K_8K_l ..................***Failed    0.20 sec
DEBUG: Listening for incoming connection... DEBUG: Connecting to 169.254.144.1:28914... done.
new connection from 169.254.144.1:44350.
Exception in TCPConnection runner thread: TCPConnection::write() accepted less than advertised length
terminate called after throwing an instance of 'std::exception'
  what():  std::exception
/mnt/i/DIY/CS144/sponge/txrx.sh: line 110: 10986 Aborted                 $3 $4 ${SERVER_PORT} > "$1" < "$2"
Error in _rt_connect

        Start  90: t_ucD_128K_8K_L
 83/159 Test  #90: t_ucD_128K_8K_L ..................***Failed    0.24 sec
DEBUG: Listening for incoming connection... DEBUG: Connecting to 169.254.144.1:24061... done.
new connection from 169.254.144.1:57486.
Exception in TCPConnection runner thread: TCPConnection::write() accepted less than advertised length
terminate called after throwing an instance of 'std::exception'
  what():  std::exception
/mnt/i/DIY/CS144/sponge/txrx.sh: line 110: 11007 Aborted                 $3 $4 ${SERVER_PORT} > "$1" < "$2"
Error in _rt_connect

        Start  91: t_ucD_128K_8K_lL
 84/159 Test  #91: t_ucD_128K_8K_lL .................***Failed    0.19 sec
DEBUG: Listening for incoming connection... DEBUG: Connecting to 169.254.144.1:4254... done.
new connection from 169.254.144.1:33747.
Exception in TCPConnection runner thread: TCPConnection::write() accepted less than advertised length
terminate called after throwing an instance of 'std::exception'
  what():  std::exception
/mnt/i/DIY/CS144/sponge/txrx.sh: line 110: 11028 Aborted                 $3 $4 ${SERVER_PORT} > "$1" < "$2"
Error in _rt_connect

        Start  92: t_usS_128K_8K_l
 85/159 Test  #92: t_usS_128K_8K_l ..................***Failed    0.30 sec
DEBUG: Listening for incoming connection... DEBUG: Connecting to 169.254.144.1:17622... done.
new connection from 169.254.144.1:51984.
DEBUG: Outbound stream to 169.254.144.1:17622 finished (1 byte still in flight).
DEBUG: Inbound stream from 169.254.144.1:51984 finished cleanly.
Exception in TCPConnection runner thread: TCPConnection::write() accepted less than advertised length
terminate called after throwing an instance of 'std::exception'
  what():  std::exception
DEBUG: TCP connection finished cleanly.
DEBUG: Waiting for clean shutdown... done.
/mnt/i/DIY/CS144/sponge/txrx.sh: line 110: 11049 Aborted                 coproc COPROC $3 -l $4 ${SERVER_PORT} > "$1" < "$2"
ERROR: f0f2e039924018f676fb12f6f01f534f5d8213a25427aab83e8514dfd9e4504e neq 1c5ab79c4e2f9cd4eacc25f4d3bbf7d0cd0091deb16b70c560f0c880e2640280 or 

        Start  93: t_usS_128K_8K_L
 86/159 Test  #93: t_usS_128K_8K_L ..................***Failed    0.32 sec
DEBUG: Listening for incoming connection... DEBUG: Connecting to 169.254.144.1:29792... done.
new connection from 169.254.144.1:34712.
DEBUG: Outbound stream to 169.254.144.1:29792 finished (1 byte still in flight).
DEBUG: Inbound stream from 169.254.144.1:34712 finished cleanly.
Exception in TCPConnection runner thread: TCPConnection::write() accepted less than advertised length
terminate called after throwing an instance of 'std::exception'
  what():  std::exception
DEBUG: TCP connection finished cleanly.
DEBUG: Waiting for clean shutdown... done.
/mnt/i/DIY/CS144/sponge/txrx.sh: line 110: 11072 Aborted                 coproc COPROC $3 -l $4 ${SERVER_PORT} > "$1" < "$2"
ERROR: c241560c3b09c30257dfda5886c4ee10a3f9d17c2c7a10cb39526030abf24c8a neq 8b7c070e4c7e7f3032834303bf8cc203c7f1d31a023c0ac3dbd14920daf341b1 or 

        Start  94: t_usS_128K_8K_lL
 87/159 Test  #94: t_usS_128K_8K_lL .................***Failed    0.33 sec
DEBUG: Listening for incoming connection... DEBUG: Connecting to 169.254.144.1:31052... done.
new connection from 169.254.144.1:48194.
DEBUG: Outbound stream to 169.254.144.1:31052 finished (1 byte still in flight).
DEBUG: Inbound stream from 169.254.144.1:48194 finished cleanly.
Exception in TCPConnection runner thread: TCPConnection::write() accepted less than advertised length
terminate called after throwing an instance of 'std::exception'
  what():  std::exception
DEBUG: TCP connection finished cleanly.
DEBUG: Waiting for clean shutdown... done.
/mnt/i/DIY/CS144/sponge/txrx.sh: line 110: 11095 Aborted                 coproc COPROC $3 -l $4 ${SERVER_PORT} > "$1" < "$2"
ERROR: f813dcae29c11620d3644972149c61699822806122e8387c4603ec4897090ea1 neq 1e1938c424a004eebb0d3317dcf3628f071be1c6be2e8a0daef8bea53abdae8b or 

        Start  95: t_usR_128K_8K_l
 88/159 Test  #95: t_usR_128K_8K_l ..................***Failed    0.22 sec
DEBUG: Listening for incoming connection... DEBUG: Connecting to 169.254.144.1:20848... done.
new connection from 169.254.144.1:57297.
DEBUG: Outbound stream to 169.254.144.1:57297 finished (1 byte still in flight).
DEBUG: Inbound stream from 169.254.144.1:20848 finished cleanly.
Exception in TCPConnection runner thread: TCPConnection::write() accepted less than advertised length
terminate called after throwing an instance of 'std::exception'
  what():  std::exception
/mnt/i/DIY/CS144/sponge/txrx.sh: line 110: 11120 Aborted                 $3 $4 ${SERVER_PORT} > "$1" < "$2"
Error in _rt_connect

        Start  96: t_usR_128K_8K_L
 89/159 Test  #96: t_usR_128K_8K_L ..................***Failed    0.20 sec
DEBUG: Listening for incoming connection... DEBUG: Connecting to 169.254.144.1:6938... done.
new connection from 169.254.144.1:48792.
DEBUG: Outbound stream to 169.254.144.1:48792 finished (1 byte still in flight).
DEBUG: Inbound stream from 169.254.144.1:6938 finished cleanly.
Exception in TCPConnection runner thread: TCPConnection::write() accepted less than advertised length
terminate called after throwing an instance of 'std::exception'
  what():  std::exception
/mnt/i/DIY/CS144/sponge/txrx.sh: line 110: 11140 Aborted                 $3 $4 ${SERVER_PORT} > "$1" < "$2"
Error in _rt_connect

        Start  97: t_usR_128K_8K_lL
 90/159 Test  #97: t_usR_128K_8K_lL .................***Timeout  10.01 sec
DEBUG: Listening for incoming connection... DEBUG: Connecting to 169.254.144.1:13218... 

        Start  98: t_usD_128K_8K_l
 91/159 Test  #98: t_usD_128K_8K_l ..................***Failed    0.21 sec
DEBUG: Listening for incoming connection... DEBUG: Connecting to 169.254.144.1:5027... done.
new connection from 169.254.144.1:42139.
Exception in TCPConnection runner thread: TCPConnection::write() accepted less than advertised length
terminate called after throwing an instance of 'std::exception'
  what():  std::exception
Exception in TCPConnection runner thread: TCPConnection::write() accepted less than advertised length
terminate called after throwing an instance of 'std::exception'
  what():  std::exception
/mnt/i/DIY/CS144/sponge/txrx.sh: line 110: 11191 Aborted                 coproc COPROC $3 -l $4 ${SERVER_PORT} > "$1" < "$2"
/mnt/i/DIY/CS144/sponge/txrx.sh: line 110: 11193 Aborted                 $3 $4 ${SERVER_PORT} > "$1" < "$2"
Error in _rt_connect

        Start  99: t_usD_128K_8K_L
 92/159 Test  #99: t_usD_128K_8K_L ..................***Failed    0.25 sec
DEBUG: Listening for incoming connection... DEBUG: Connecting to 169.254.144.1:12847... done.
new connection from 169.254.144.1:41062.
Exception in TCPConnection runner thread: TCPConnection::write() accepted less than advertised length
terminate called after throwing an instance of 'std::exception'
  what():  std::exception
Exception in TCPConnection runner thread: TCPConnection::write() accepted less than advertised length
terminate called after throwing an instance of 'std::exception'
  what():  std::exception
/mnt/i/DIY/CS144/sponge/txrx.sh: line 110: 11212 Aborted                 coproc COPROC $3 -l $4 ${SERVER_PORT} > "$1" < "$2"
/mnt/i/DIY/CS144/sponge/txrx.sh: line 110: 11214 Aborted                 $3 $4 ${SERVER_PORT} > "$1" < "$2"
Error in _rt_connect

        Start 100: t_usD_128K_8K_lL
 93/159 Test #100: t_usD_128K_8K_lL .................***Failed    0.22 sec
DEBUG: Listening for incoming connection... DEBUG: Connecting to 169.254.144.1:25697... done.
Exception in TCPConnection runner thread: TCPConnection::write() accepted less than advertised length
terminate called after throwing an instance of 'std::exception'
  what():  std::exception
/mnt/i/DIY/CS144/sponge/txrx.sh: line 110: 11238 Aborted                 $3 $4 ${SERVER_PORT} > "$1" < "$2"
Error in _rt_connect

        Start 101: t_ipv4_client_send
 94/159 Test #101: t_ipv4_client_send ...............***Failed    0.19 sec
DEBUG: Listening for incoming connection... DEBUG: Connecting to 169.254.145.9:20982... done.
new connection from 169.254.144.9:54345.
DEBUG: Outbound stream to 169.254.144.9:54345 finished (1 byte still in flight).
Exception in TCPConnection runner thread: TCPConnection::write() accepted less than advertised length
terminate called after throwing an instance of 'std::exception'
  what():  std::exception
/mnt/i/DIY/CS144/sponge/txrx.sh: line 110: 11255 Aborted                 $3 $4 ${SERVER_PORT} > "$1" < "$2"
Error in _rt_connect

        Start 102: t_ipv4_server_send
 95/159 Test #102: t_ipv4_server_send ...............***Failed    0.31 sec
DEBUG: Listening for incoming connection... DEBUG: Connecting to 169.254.144.9:27384... done.
DEBUG: Outbound stream to 169.254.144.9:27384 finished (1 byte still in flight).
new connection from 169.254.145.9:27763.
Exception in TCPConnection runner thread: TCPConnection::write() accepted less than advertised length
terminate called after throwing an instance of 'std::exception'
  what():  std::exception
DEBUG: TCP connection finished cleanly.
DEBUG: Waiting for clean shutdown... done.
/mnt/i/DIY/CS144/sponge/txrx.sh: line 110: 11271 Aborted                 coproc COPROC $3 -l $4 ${SERVER_PORT} > "$1" < "$2"
ERROR: 8f48d1e4af42f9b1fe47c153a07365399079d3a5d75ef017dc3b075c63f44acd neq 658a11669445b7497758ca6bc0e2f890b99029c93461c4c35574d9780c7df3af or 

        Start 103: t_ipv4_client_recv
 96/159 Test #103: t_ipv4_client_recv ...............***Failed    0.31 sec
DEBUG: Listening for incoming connection... DEBUG: Connecting to 169.254.145.9:16570... done.
DEBUG: Outbound stream to 169.254.145.9:16570 finished (1 byte still in flight).
new connection from 169.254.144.9:55340.
Exception in TCPConnection runner thread: TCPConnection::write() accepted less than advertised length
terminate called after throwing an instance of 'std::exception'
  what():  std::exception
DEBUG: TCP connection finished cleanly.
DEBUG: Waiting for clean shutdown... done.
/mnt/i/DIY/CS144/sponge/txrx.sh: line 110: 11292 Aborted                 coproc COPROC $3 -l $4 ${SERVER_PORT} > "$1" < "$2"
ERROR: da73637069ad4af4e33dd254b36eb1b391c00c83fd2213d1461f05f6b3ab85e3 neq 989c073f0074559687255b79e73670b5034be440550eb8dca540c871861ea81e or 

        Start 104: t_ipv4_server_recv
 97/159 Test #104: t_ipv4_server_recv ...............***Failed    0.16 sec
DEBUG: Listening for incoming connection... DEBUG: Connecting to 169.254.144.9:30085... done.
new connection from 169.254.145.9:21671.
DEBUG: Outbound stream to 169.254.145.9:21671 finished (1 byte still in flight).
Exception in TCPConnection runner thread: TCPConnection::write() accepted less than advertised length
terminate called after throwing an instance of 'std::exception'
  what():  std::exception
/mnt/i/DIY/CS144/sponge/txrx.sh: line 110: 11315 Aborted                 $3 $4 ${SERVER_PORT} > "$1" < "$2"
Error in _rt_connect

        Start 105: t_ipv4_client_dupl
 98/159 Test #105: t_ipv4_client_dupl ...............***Failed    0.17 sec
DEBUG: Listening for incoming connection... DEBUG: Connecting to 169.254.145.9:3326... done.
new connection from 169.254.144.9:566.
Exception in TCPConnection runner thread: TCPConnection::write() accepted less than advertised length
terminate called after throwing an instance of 'std::exception'
  what():  std::exception
Exception in TCPConnection runner thread: TCPConnection::write() accepted less than advertised length
terminate called after throwing an instance of 'std::exception'
  what():  std::exception
/mnt/i/DIY/CS144/sponge/txrx.sh: line 110: 11332 Aborted                 coproc COPROC $3 -l $4 ${SERVER_PORT} > "$1" < "$2"
/mnt/i/DIY/CS144/sponge/txrx.sh: line 110: 11334 Aborted                 $3 $4 ${SERVER_PORT} > "$1" < "$2"
Error in _rt_connect

        Start 106: t_ipv4_server_dupl
 99/159 Test #106: t_ipv4_server_dupl ...............***Failed    0.17 sec
DEBUG: Listening for incoming connection... DEBUG: Connecting to 169.254.144.9:16834... done.
new connection from 169.254.145.9:55105.
Exception in TCPConnection runner thread: TCPConnection::write() accepted less than advertised length
terminate called after throwing an instance of 'std::exception'
  what():  std::exception
Exception in TCPConnection runner thread: TCPConnection::write() accepted less than advertised length
terminate called after throwing an instance of 'std::exception'
  what():  std::exception
/mnt/i/DIY/CS144/sponge/txrx.sh: line 110: 11351 Aborted                 coproc COPROC $3 -l $4 ${SERVER_PORT} > "$1" < "$2"
/mnt/i/DIY/CS144/sponge/txrx.sh: line 110: 11353 Aborted                 $3 $4 ${SERVER_PORT} > "$1" < "$2"
Error in _rt_connect

        Start 107: t_icS_1M_32k
100/159 Test #107: t_icS_1M_32k .....................***Failed    0.35 sec
DEBUG: Listening for incoming connection... DEBUG: Connecting to 169.254.145.9:25632... done.
new connection from 169.254.144.9:44482.
DEBUG: Outbound stream to 169.254.144.9:44482 finished (1 byte still in flight).
DEBUG: Inbound stream from 169.254.145.9:25632 finished cleanly.
DEBUG: Waiting for clean shutdown... DEBUG: TCP connection finished cleanly.
done.
Exception in TCPConnection runner thread: TCPConnection::write() accepted less than advertised length
terminate called after throwing an instance of 'std::exception'
  what():  std::exception
/mnt/i/DIY/CS144/sponge/txrx.sh: line 110: 11373 Aborted                 $3 $4 ${SERVER_PORT} > "$1" < "$2"
Error in _rt_connect

        Start 108: t_icS_128K_8K
101/159 Test #108: t_icS_128K_8K ....................***Failed    0.22 sec
DEBUG: Listening for incoming connection... DEBUG: Connecting to 169.254.145.9:5163... done.
new connection from 169.254.144.9:58562.
DEBUG: Outbound stream to 169.254.144.9:58562 finished (1 byte still in flight).
DEBUG: Inbound stream from 169.254.145.9:5163 finished cleanly.
Exception in TCPConnection runner thread: TCPConnection::write() accepted less than advertised length
terminate called after throwing an instance of 'std::exception'
  what():  std::exception
/mnt/i/DIY/CS144/sponge/txrx.sh: line 110: 11396 Aborted                 $3 $4 ${SERVER_PORT} > "$1" < "$2"
Error in _rt_connect

        Start 109: t_icS_16_1
102/159 Test #109: t_icS_16_1 .......................***Failed    0.17 sec
DEBUG: Listening for incoming connection... DEBUG: Connecting to 169.254.145.9:13310... done.
new connection from 169.254.144.9:34503.
DEBUG: Outbound stream to 169.254.144.9:34503 finished (1 byte still in flight).
Exception in TCPConnection runner thread: TCPConnection::write() accepted less than advertised length
terminate called after throwing an instance of 'std::exception'
  what():  std::exception
/mnt/i/DIY/CS144/sponge/txrx.sh: line 110: 11416 Aborted                 $3 $4 ${SERVER_PORT} > "$1" < "$2"
Error in _rt_connect

        Start 110: t_icS_32K_d
103/159 Test #110: t_icS_32K_d ......................***Failed    0.17 sec
DEBUG: Listening for incoming connection... DEBUG: Connecting to 169.254.145.9:12355... done.
new connection from 169.254.144.9:3305.
DEBUG: Outbound stream to 169.254.144.9:3305 finished (1 byte still in flight).
DEBUG: Inbound stream from 169.254.145.9:12355 finished cleanly.
DEBUG: Waiting for clean shutdown... Exception in TCPConnection runner thread: TCPConnection::write() accepted less than advertised length
terminate called after throwing an instance of 'std::exception'
  what():  std::exception
/mnt/i/DIY/CS144/sponge/txrx.sh: line 110: 11434 Aborted                 $3 $4 ${SERVER_PORT} > "$1" < "$2"
Error in _rt_connect

        Start 111: t_icR_1M_32k
104/159 Test #111: t_icR_1M_32k .....................***Failed    0.33 sec
DEBUG: Listening for incoming connection... DEBUG: Connecting to 169.254.145.9:15569... done.
DEBUG: Outbound stream to 169.254.145.9:15569 finished (1 byte still in flight).
new connection from 169.254.144.9:2207.
DEBUG: Inbound stream from 169.254.144.9:2207 finished cleanly.
Exception in TCPConnection runner thread: TCPConnection::write() accepted less than advertised length
terminate called after throwing an instance of 'std::exception'
  what():  std::exception
DEBUG: TCP connection finished cleanly.
DEBUG: Waiting for clean shutdown... done.
/mnt/i/DIY/CS144/sponge/txrx.sh: line 110: 11452 Aborted                 coproc COPROC $3 -l $4 ${SERVER_PORT} > "$1" < "$2"
ERROR: 030deda0792c4a8e51d95462f0f999693147bbb580fcbdb0de9b1a1ae570b3e1 neq 130b99d3803347eef128810c9499d0c2e0e2a88b6717c5bb1b6e4b37b4b2d931 or 

        Start 112: t_icR_128K_8K
105/159 Test #112: t_icR_128K_8K ....................***Failed    0.33 sec
DEBUG: Listening for incoming connection... DEBUG: Connecting to 169.254.145.9:3097... done.
DEBUG: Outbound stream to 169.254.145.9:3097 finished (1 byte still in flight).
new connection from 169.254.144.9:61301.
DEBUG: Inbound stream from 169.254.144.9:61301 finished cleanly.
Exception in TCPConnection runner thread: TCPConnection::write() accepted less than advertised length
terminate called after throwing an instance of 'std::exception'
  what():  std::exception
DEBUG: TCP connection finished cleanly.
DEBUG: Waiting for clean shutdown... done.
/mnt/i/DIY/CS144/sponge/txrx.sh: line 110: 11475 Aborted                 coproc COPROC $3 -l $4 ${SERVER_PORT} > "$1" < "$2"
ERROR: 56ecbc73f7df1c7f066fd67ac2ff9362a37c670da37d0d555a7405f08241aec7 neq ba16b938f5aea8d9adff0cf224fb9b479934712f4d579852b637a195e9a3471c or 

        Start 113: t_icR_16_1
106/159 Test #113: t_icR_16_1 .......................***Failed    0.31 sec
DEBUG: Listening for incoming connection... DEBUG: Connecting to 169.254.145.9:31407... done.
DEBUG: Outbound stream to 169.254.145.9:31407 finished (new connection from 1169.254.144.9:37251.
 byte still in flight).
Exception in TCPConnection runner thread: TCPConnection::write() accepted less than advertised length
terminate called after throwing an instance of 'std::exception'
  what():  std::exception
DEBUG: TCP connection finished cleanly.
DEBUG: Waiting for clean shutdown... done.
/mnt/i/DIY/CS144/sponge/txrx.sh: line 110: 11498 Aborted                 coproc COPROC $3 -l $4 ${SERVER_PORT} > "$1" < "$2"
ERROR: d63ece359244cbe9d85cefc2044696a2ad534577421a7aef81d30d9dde69ec96 neq 1befa7a3f4e5007f748c591631d9dd5680e41ed2fb5ac77dc6439025d93450b4 or 

        Start 114: t_icR_32K_d
107/159 Test #114: t_icR_32K_d ......................***Failed    0.33 sec
DEBUG: Listening for incoming connection... DEBUG: Connecting to 169.254.145.9:4411... done.
new connection from 169.254.144.9:21978DEBUG: Outbound stream to .
169.254.145.9:4411 finished (1 byte still in flight).
DEBUG: Inbound stream from 169.254.144.9:21978 finished cleanly.
DEBUG: Waiting for clean shutdown... Exception in TCPConnection runner thread: TCPConnection::write() accepted less than advertised length
terminate called after throwing an instance of 'std::exception'
  what():  std::exception
DEBUG: TCP connection finished cleanly.
DEBUG: Waiting for clean shutdown... done.
/mnt/i/DIY/CS144/sponge/txrx.sh: line 110: 11519 Aborted                 coproc COPROC $3 -l $4 ${SERVER_PORT} > "$1" < "$2"
ERROR: 02854036c88e83de2a0bde10656d001d7d2fb36b2c3e30cb4b5d74cf79988335 neq aaaf27db516c99eb9999c6c5d4274b9b6c041005a65d5b2c1af1d14ebdff6511 or 

        Start 115: t_icD_1M_32k
108/159 Test #115: t_icD_1M_32k .....................***Failed    0.27 sec
DEBUG: Listening for incoming connection... DEBUG: Connecting to 169.254.145.9:27914... done.
new connection from 169.254.144.9:59120.
Exception in TCPConnection runner thread: TCPConnection::write() accepted less than advertised length
terminate called after throwing an instance of 'std::exception'
  what():  std::exception
/mnt/i/DIY/CS144/sponge/txrx.sh: line 110: 11548 Aborted                 $3 $4 ${SERVER_PORT} > "$1" < "$2"
Error in _rt_connect

        Start 116: t_icD_128K_8K
109/159 Test #116: t_icD_128K_8K ....................***Failed    0.21 sec
DEBUG: Listening for incoming connection... DEBUG: Connecting to 169.254.145.9:25468... done.
new connection from 169.254.144.9:59605.
Exception in TCPConnection runner thread: TCPConnection::write() accepted less than advertised length
terminate called after throwing an instance of 'std::exception'
  what():  std::exception
Exception in TCPConnection runner thread: TCPConnection::write() accepted less than advertised length
terminate called after throwing an instance of 'std::exception'
  what():  std::exception
/mnt/i/DIY/CS144/sponge/txrx.sh: line 110: 11567 Aborted                 coproc COPROC $3 -l $4 ${SERVER_PORT} > "$1" < "$2"
/mnt/i/DIY/CS144/sponge/txrx.sh: line 110: 11569 Aborted                 $3 $4 ${SERVER_PORT} > "$1" < "$2"
Error in _rt_connect

        Start 117: t_icD_16_1
110/159 Test #117: t_icD_16_1 .......................***Failed    0.17 sec
DEBUG: Listening for incoming connection... DEBUG: Connecting to 169.254.145.9:18354... done.
new connection from 169.254.144.9:14857.
Exception in TCPConnection runner thread: TCPConnection::write() accepted less than advertised length
terminate called after throwing an instance of 'std::exception'
  what():  std::exception
/mnt/i/DIY/CS144/sponge/txrx.sh: line 110: 11590 Aborted                 $3 $4 ${SERVER_PORT} > "$1" < "$2"
Error in _rt_connect

        Start 118: t_icD_32K_d
111/159 Test #118: t_icD_32K_d ......................***Failed    0.18 sec
DEBUG: Listening for incoming connection... DEBUG: Connecting to 169.254.145.9:31168... done.
new connection from 169.254.144.9:48304.
Exception in TCPConnection runner thread: TCPConnection::write() accepted less than advertised length
terminate called after throwing an instance of 'std::exception'
  what():  std::exception
Exception in TCPConnection runner thread: TCPConnection::write() accepted less than advertised length
terminate called after throwing an instance of 'std::exception'
  what():  std::exception
/mnt/i/DIY/CS144/sponge/txrx.sh: line 110: 11607 Aborted                 coproc COPROC $3 -l $4 ${SERVER_PORT} > "$1" < "$2"
/mnt/i/DIY/CS144/sponge/txrx.sh: line 110: 11609 Aborted                 $3 $4 ${SERVER_PORT} > "$1" < "$2"
Error in _rt_connect

        Start 119: t_isS_1M_32k
112/159 Test #119: t_isS_1M_32k .....................***Failed    0.64 sec
DEBUG: Listening for incoming connection... DEBUG: Connecting to 169.254.144.9:7267... done.
new connection from 169.254.145.9:7475.
DEBUG: Outbound stream to 169.254.144.9:7267 finished (1 byte still in flight).
DEBUG: Inbound stream from 169.254.145.9:7475 finished cleanly.
DEBUG: TCP connection finished cleanly.
DEBUG: Waiting for clean shutdown... done.
Exception in TCPConnection runner thread: TCPConnection::write() accepted less than advertised length
terminate called after throwing an instance of 'std::exception'
  what():  std::exception
/mnt/i/DIY/CS144/sponge/txrx.sh: line 228: 11627 Aborted                 coproc COPROC $3 -l $4 ${SERVER_PORT} > "$1" < "$2"
ERROR: d4b5dcd6dc16875151ba73a8c609016a7322158a341f25752fa0f79ef156e0eb neq 478b54f390ba96773faf0f19bce050d7a4c29fc13a61a064ebadfc5fbf0fb9f4 or 

        Start 120: t_isS_128K_8K
113/159 Test #120: t_isS_128K_8K ....................***Failed    0.36 sec
DEBUG: Listening for incoming connection... DEBUG: Connecting to 169.254.144.9:12948... done.
DEBUG: Outbound stream to 169.254.144.9:12948 finished (1 byte still in flight).
new connection from 169.254.145.9:57658.
DEBUG: Inbound stream from 169.254.145.9:57658 finished cleanly.
Exception in TCPConnection runner thread: TCPConnection::write() accepted less than advertised length
terminate called after throwing an instance of 'std::exception'
  what():  std::exception
DEBUG: TCP connection finished cleanly.
DEBUG: Waiting for clean shutdown... done.
/mnt/i/DIY/CS144/sponge/txrx.sh: line 110: 11651 Aborted                 coproc COPROC $3 -l $4 ${SERVER_PORT} > "$1" < "$2"
ERROR: 9970025bc694eded9893c97b4db82090153867154e2364c4624f394e84b657bb neq 3d1f14e8c91e1547ca1379087f3fc7ff490c72f6e351a70fb84e2531217d35fa or 

        Start 121: t_isS_16_1
114/159 Test #121: t_isS_16_1 .......................***Failed    0.30 sec
DEBUG: Listening for incoming connection... DEBUG: Connecting to 169.254.144.9:26990... done.
DEBUG: Outbound stream to 169.254.144.9:26990 finished (1 byte still in flight).
new connection from 169.254.145.9:2751.
Exception in TCPConnection runner thread: TCPConnection::write() accepted less than advertised length
terminate called after throwing an instance of 'std::exception'
  what():  std::exception
DEBUG: TCP connection finished cleanly.
DEBUG: Waiting for clean shutdown... done.
/mnt/i/DIY/CS144/sponge/txrx.sh: line 110: 11676 Aborted                 coproc COPROC $3 -l $4 ${SERVER_PORT} > "$1" < "$2"
ERROR: 1226ee4b85dbf8d1820fe9ef4ab2c3341916f2eda2bac1afa1dc8335a176ca93 neq b23aebbf83911b6d06766f36ec3a187359e1de6ba9b135343ad079f473cb10a7 or 

        Start 122: t_isS_32K_d
115/159 Test #122: t_isS_32K_d ......................***Failed    0.29 sec
DEBUG: Listening for incoming connection... DEBUG: Connecting to 169.254.144.9:30593... done.
DEBUG: Outbound stream to 169.254.144.9:30593 finished (1 byte still in flight).
new connection from 169.254.145.9:39409.
DEBUG: Inbound stream from 169.254.145.9:39409 finished cleanly.
DEBUG: Waiting for clean shutdown... Exception in TCPConnection runner thread: TCPConnection::write() accepted less than advertised length
terminate called after throwing an instance of 'std::exception'
  what():  std::exception
DEBUG: TCP connection finished cleanly.
DEBUG: Waiting for clean shutdown... done.
/mnt/i/DIY/CS144/sponge/txrx.sh: line 110: 11697 Aborted                 coproc COPROC $3 -l $4 ${SERVER_PORT} > "$1" < "$2"
ERROR: d3b8530d250f14ef803852e103504253104e5f73dc8484658e2ec354092d6ebc neq 3c38dbbd64942d3b99ab3443290912d6a5ec630c858fbd0bf7e876b00d9d7a52 or 

        Start 123: t_isR_1M_32k
116/159 Test #123: t_isR_1M_32k .....................***Failed    0.28 sec
DEBUG: Listening for incoming connection... DEBUG: Connecting to 169.254.144.9:22665... done.
new connection from 169.254.145.9:53549.
DEBUG: Outbound stream to 169.254.145.9:53549 finished (1 byte still in flight).
DEBUG: Inbound stream from 169.254.144.9:22665 finished cleanly.
Exception in TCPConnection runner thread: TCPConnection::write() accepted less than advertised length
terminate called after throwing an instance of 'std::exception'
  what():  std::exception
/mnt/i/DIY/CS144/sponge/txrx.sh: line 110: 11722 Aborted                 $3 $4 ${SERVER_PORT} > "$1" < "$2"
Error in _rt_connect

        Start 124: t_isR_128K_8K
117/159 Test #124: t_isR_128K_8K ....................***Failed    0.22 sec
DEBUG: Listening for incoming connection... DEBUG: Connecting to 169.254.144.9:1293... done.
new connection from 169.254.145.9:10698.
DEBUG: Outbound stream to 169.254.145.9:10698 finished (1 byte still in flight).
DEBUG: Inbound stream from 169.254.144.9:1293 finished cleanly.
Exception in TCPConnection runner thread: TCPConnection::write() accepted less than advertised length
terminate called after throwing an instance of 'std::exception'
  what():  std::exception
/mnt/i/DIY/CS144/sponge/txrx.sh: line 110: 11742 Aborted                 $3 $4 ${SERVER_PORT} > "$1" < "$2"
Error in _rt_connect

        Start 125: t_isR_16_1
118/159 Test #125: t_isR_16_1 .......................***Failed    0.17 sec
DEBUG: Listening for incoming connection... DEBUG: Connecting to 169.254.144.9:30868... done.
new connection from 169.254.145.9:43958.
DEBUG: Outbound stream to 169.254.145.9:43958 finished (1 byte still in flight).
Exception in TCPConnection runner thread: TCPConnection::write() accepted less than advertised length
terminate called after throwing an instance of 'std::exception'
  what():  std::exception
/mnt/i/DIY/CS144/sponge/txrx.sh: line 110: 11762 Aborted                 $3 $4 ${SERVER_PORT} > "$1" < "$2"
Error in _rt_connect

        Start 126: t_isR_32K_d
119/159 Test #126: t_isR_32K_d ......................***Failed    0.18 sec
DEBUG: Listening for incoming connection... DEBUG: Connecting to 169.254.144.9:27192... done.
new connection from 169.254.145.9:61695.
DEBUG: Outbound stream to 169.254.145.9:61695 finished (1 byte still in flight).
DEBUG: Inbound stream from 169.254.144.9:27192 finished cleanly.
DEBUG: Waiting for clean shutdown... Exception in TCPConnection runner thread: TCPConnection::write() accepted less than advertised length
terminate called after throwing an instance of 'std::exception'
  what():  std::exception
/mnt/i/DIY/CS144/sponge/txrx.sh: line 110: 11780 Aborted                 $3 $4 ${SERVER_PORT} > "$1" < "$2"
Error in _rt_connect

        Start 127: t_isD_1M_32k
120/159 Test #127: t_isD_1M_32k .....................***Failed    0.25 sec
DEBUG: Listening for incoming connection... DEBUG: Connecting to 169.254.144.9:27426... done.
new connection from 169.254.145.9:34385.
Exception in TCPConnection runner thread: TCPConnection::write() accepted less than advertised length
terminate called after throwing an instance of 'std::exception'
  what():  std::exception
Exception in TCPConnection runner thread: TCPConnection::write() accepted less than advertised length
terminate called after throwing an instance of 'std::exception'
  what():  std::exception
/mnt/i/DIY/CS144/sponge/txrx.sh: line 110: 11799 Aborted                 coproc COPROC $3 -l $4 ${SERVER_PORT} > "$1" < "$2"
/mnt/i/DIY/CS144/sponge/txrx.sh: line 110: 11804 Aborted                 $3 $4 ${SERVER_PORT} > "$1" < "$2"
Error in _rt_connect

        Start 128: t_isD_128K_8K
121/159 Test #128: t_isD_128K_8K ....................***Failed    0.19 sec
DEBUG: Listening for incoming connection... DEBUG: Connecting to 169.254.144.9:12352... done.
new connection from 169.254.145.9:35647.
Exception in TCPConnection runner thread: TCPConnection::write() accepted less than advertised length
terminate called after throwing an instance of 'std::exception'
  what():  std::exception
Exception in TCPConnection runner thread: TCPConnection::write() accepted less than advertised length
terminate called after throwing an instance of 'std::exception'
  what():  std::exception
/mnt/i/DIY/CS144/sponge/txrx.sh: line 110: 11823 Aborted                 coproc COPROC $3 -l $4 ${SERVER_PORT} > "$1" < "$2"
/mnt/i/DIY/CS144/sponge/txrx.sh: line 110: 11825 Aborted                 $3 $4 ${SERVER_PORT} > "$1" < "$2"
Error in _rt_connect

        Start 129: t_isD_16_1
122/159 Test #129: t_isD_16_1 .......................***Failed    0.18 sec
DEBUG: Listening for incoming connection... DEBUG: Connecting to 169.254.144.9:11166... done.
new connection from 169.254.145.9:44790.
Exception in TCPConnection runner thread: TCPConnection::write() accepted less than advertised length
terminate called after throwing an instance of 'std::exception'
  what():  std::exception
/mnt/i/DIY/CS144/sponge/txrx.sh: line 110: 11846 Aborted                 $3 $4 ${SERVER_PORT} > "$1" < "$2"
Error in _rt_connect

        Start 130: t_isD_32K_d
123/159 Test #130: t_isD_32K_d ......................***Failed    0.21 sec
DEBUG: Listening for incoming connection... DEBUG: Connecting to 169.254.144.9:25682... done.
new connection from 169.254.145.9:58119.
Exception in TCPConnection runner thread: TCPConnection::write() accepted less than advertised length
terminate called after throwing an instance of 'std::exception'
  what():  std::exception
Exception in TCPConnection runner thread: TCPConnection::write() accepted less than advertised length
terminate called after throwing an instance of 'std::exception'
  what():  std::exception
/mnt/i/DIY/CS144/sponge/txrx.sh: line 110: 11863 Aborted                 coproc COPROC $3 -l $4 ${SERVER_PORT} > "$1" < "$2"
/mnt/i/DIY/CS144/sponge/txrx.sh: line 110: 11865 Aborted                 $3 $4 ${SERVER_PORT} > "$1" < "$2"
Error in _rt_connect

        Start 131: t_icS_128K_8K_l
124/159 Test #131: t_icS_128K_8K_l ..................***Failed    0.25 sec
DEBUG: Listening for incoming connection... DEBUG: Connecting to 169.254.145.9:3551... done.
new connection from 169.254.144.9:27657.
DEBUG: Outbound stream to 169.254.144.9:27657 finished (1 byte still in flight).
DEBUG: Inbound stream from 169.254.145.9:3551 finished cleanly.
Exception in TCPConnection runner thread: TCPConnection::write() accepted less than advertised length
terminate called after throwing an instance of 'std::exception'
  what():  std::exception
/mnt/i/DIY/CS144/sponge/txrx.sh: line 110: 11885 Aborted                 $3 $4 ${SERVER_PORT} > "$1" < "$2"
Error in _rt_connect

        Start 132: t_icS_128K_8K_L
125/159 Test #132: t_icS_128K_8K_L ..................***Failed    0.20 sec
DEBUG: Listening for incoming connection... DEBUG: Connecting to 169.254.145.9:17329... done.
new connection from 169.254.144.9:33644.
DEBUG: Outbound stream to 169.254.144.9:33644 finished (1 byte still in flight).
DEBUG: Inbound stream from 169.254.145.9:17329 finished cleanly.
Exception in TCPConnection runner thread: TCPConnection::write() accepted less than advertised length
terminate called after throwing an instance of 'std::exception'
  what():  std::exception
/mnt/i/DIY/CS144/sponge/txrx.sh: line 110: 11905 Aborted                 $3 $4 ${SERVER_PORT} > "$1" < "$2"
Error in _rt_connect

        Start 133: t_icS_128K_8K_lL
126/159 Test #133: t_icS_128K_8K_lL .................***Failed    0.23 sec
DEBUG: Listening for incoming connection... DEBUG: Connecting to 169.254.145.9:23336... done.
new connection from 169.254.144.9:41335.
DEBUG: Outbound stream to 169.254.144.9:41335 finished (1 byte still in flight).
DEBUG: Inbound stream from 169.254.145.9:23336 finished cleanly.
Exception in TCPConnection runner thread: TCPConnection::write() accepted less than advertised length
terminate called after throwing an instance of 'std::exception'
  what():  std::exception
/mnt/i/DIY/CS144/sponge/txrx.sh: line 110: 11925 Aborted                 $3 $4 ${SERVER_PORT} > "$1" < "$2"
Error in _rt_connect

        Start 134: t_icR_128K_8K_l
127/159 Test #134: t_icR_128K_8K_l ..................***Failed    0.31 sec
DEBUG: Listening for incoming connection... DEBUG: Connecting to 169.254.145.9:25026... done.
DEBUG: Outbound stream to new connection from 169.254.144.9:58162.
169.254.145.9:25026 finished (1 byte still in flight).
DEBUG: Inbound stream from 169.254.144.9:58162 finished cleanly.
Exception in TCPConnection runner thread: TCPConnection::write() accepted less than advertised length
terminate called after throwing an instance of 'std::exception'
  what():  std::exception
DEBUG: TCP connection finished cleanly.
DEBUG: Waiting for clean shutdown... done.
/mnt/i/DIY/CS144/sponge/txrx.sh: line 110: 11943 Aborted                 coproc COPROC $3 -l $4 ${SERVER_PORT} > "$1" < "$2"
ERROR: cfac62e0d05df4a737bdd73b3b24ee4d747011d4522a3461f87aa0911066caf6 neq 0937cb5897603b6fc3d6b3ecf51070162ceabf421d927b298ba69b561181d527 or 

        Start 135: t_icR_128K_8K_L
128/159 Test #135: t_icR_128K_8K_L ..................***Failed    0.40 sec
DEBUG: Listening for incoming connection... DEBUG: Connecting to 169.254.145.9:13131... done.
DEBUG: Outbound stream to 169.254.145.9:13131 finished (1 byte still in flight).
new connection from 169.254.144.9:56329.
DEBUG: Inbound stream from 169.254.144.9:56329 finished cleanly.
Exception in TCPConnection runner thread: TCPConnection::write() accepted less than advertised length
terminate called after throwing an instance of 'std::exception'
  what():  std::exception
DEBUG: TCP connection finished cleanly.
DEBUG: Waiting for clean shutdown... done.
/mnt/i/DIY/CS144/sponge/txrx.sh: line 110: 11969 Aborted                 coproc COPROC $3 -l $4 ${SERVER_PORT} > "$1" < "$2"
ERROR: e71dd8d21b7a12289d2111d64e6607d78efb56775dc74bec8e4c4efddf8a07c6 neq 1bc8d3c0b8327c34cdf95eb18e0e8f2f19681e716f6d12ba7456c2642bfd8136 or 

        Start 136: t_icR_128K_8K_lL
129/159 Test #136: t_icR_128K_8K_lL .................***Failed    0.30 sec
DEBUG: Listening for incoming connection... DEBUG: Connecting to 169.254.145.9:27076... done.
DEBUG: Outbound stream to 169.254.145.9:27076 finished (1 byte still in flight).
new connection from 169.254.144.9:31871.
DEBUG: Inbound stream from 169.254.144.9:31871 finished cleanly.
Exception in TCPConnection runner thread: TCPConnection::write() accepted less than advertised length
terminate called after throwing an instance of 'std::exception'
  what():  std::exception
DEBUG: TCP connection finished cleanly.
DEBUG: Waiting for clean shutdown... done.
/mnt/i/DIY/CS144/sponge/txrx.sh: line 110: 11992 Aborted                 coproc COPROC $3 -l $4 ${SERVER_PORT} > "$1" < "$2"
ERROR: a6c775005f1e618b4140d28753a831249b9d0093d01dd8cfe1a2a5aae69b8b58 neq df23dc554b0df73e50ea889d5fed97e38e1485b1481f5bf1b9c12a32611dd9df or 

        Start 137: t_icD_128K_8K_l
130/159 Test #137: t_icD_128K_8K_l ..................***Failed    0.24 sec
DEBUG: Listening for incoming connection... DEBUG: Connecting to 169.254.145.9:6972... done.
new connection from 169.254.144.9:30945.
Exception in TCPConnection runner thread: TCPConnection::write() accepted less than advertised length
terminate called after throwing an instance of 'std::exception'
  what():  std::exception
/mnt/i/DIY/CS144/sponge/txrx.sh: line 110: 12018 Aborted                 $3 $4 ${SERVER_PORT} > "$1" < "$2"
Error in _rt_connect

        Start 138: t_icD_128K_8K_L
131/159 Test #138: t_icD_128K_8K_L ..................***Failed    0.18 sec
DEBUG: Listening for incoming connection... DEBUG: Connecting to 169.254.145.9:5215... done.
Exception in TCPConnection runner thread: TCPConnection::write() accepted less than advertised length
terminate called after throwing an instance of 'std::exception'
  what():  std::exception
/mnt/i/DIY/CS144/sponge/txrx.sh: line 110: 12039 Aborted                 $3 $4 ${SERVER_PORT} > "$1" < "$2"
Error in _rt_connect

        Start 139: t_icD_128K_8K_lL
132/159 Test #139: t_icD_128K_8K_lL .................***Failed    0.27 sec
DEBUG: Listening for incoming connection... DEBUG: Connecting to 169.254.145.9:25725... done.
new connection from 169.254.144.9:49668.
Exception in TCPConnection runner thread: TCPConnection::write() accepted less than advertised length
terminate called after throwing an instance of 'std::exception'
  what():  std::exception
Exception in TCPConnection runner thread: TCPConnection::write() accepted less than advertised length
terminate called after throwing an instance of 'std::exception'
  what():  std::exception
/mnt/i/DIY/CS144/sponge/txrx.sh: line 110: 12057 Aborted                 coproc COPROC $3 -l $4 ${SERVER_PORT} > "$1" < "$2"
/mnt/i/DIY/CS144/sponge/txrx.sh: line 110: 12059 Aborted                 $3 $4 ${SERVER_PORT} > "$1" < "$2"
Error in _rt_connect

        Start 140: t_isS_128K_8K_l
133/159 Test #140: t_isS_128K_8K_l ..................***Failed    0.35 sec
DEBUG: Listening for incoming connection... DEBUG: Connecting to 169.254.144.9:17655... done.
DEBUG: Outbound stream to 169.254.144.9:17655 finished (1 byte still in flight).
new connection from 169.254.145.9:707.
DEBUG: Inbound stream from 169.254.145.9:707 finished cleanly.
Exception in TCPConnection runner thread: TCPConnection::write() accepted less than advertised length
terminate called after throwing an instance of 'std::exception'
  what():  std::exception
DEBUG: TCP connection finished cleanly.
DEBUG: Waiting for clean shutdown... done.
/mnt/i/DIY/CS144/sponge/txrx.sh: line 110: 12077 Aborted                 coproc COPROC $3 -l $4 ${SERVER_PORT} > "$1" < "$2"
ERROR: 6e8fa4656afe299e01e7663a2e6224e55a071688baf617d65cf7d572e1593d4c neq 62f6d3b614b1ae0954f68215b9954158e1a07e08b4b978a86febc43618576ee3 or 

        Start 141: t_isS_128K_8K_L
134/159 Test #141: t_isS_128K_8K_L ..................***Failed    0.32 sec
DEBUG: Listening for incoming connection... DEBUG: Connecting to 169.254.144.9:30441... done.
new connection from 169.254.145.9:63048.
DEBUG: Outbound stream to 169.254.144.9:30441 finished (1 byte still in flight).
DEBUG: Inbound stream from 169.254.145.9:63048 finished cleanly.
Exception in TCPConnection runner thread: TCPConnection::write() accepted less than advertised length
terminate called after throwing an instance of 'std::exception'
  what():  std::exception
DEBUG: TCP connection finished cleanly.
DEBUG: Waiting for clean shutdown... done.
/mnt/i/DIY/CS144/sponge/txrx.sh: line 110: 12103 Aborted                 coproc COPROC $3 -l $4 ${SERVER_PORT} > "$1" < "$2"
ERROR: 855fa784ae6067ae3c937364cbce94566f2f2b0c6d3a376fd14e8d764bbe90ef neq c97936f6844128f6867b936825665af670148de492f88e7fc99f35d7ff819a7a or 

        Start 142: t_isS_128K_8K_lL
135/159 Test #142: t_isS_128K_8K_lL .................***Failed    0.35 sec
DEBUG: Listening for incoming connection... DEBUG: Connecting to 169.254.144.9:32330... done.
DEBUG: Outbound stream to 169.254.144.9:32330 finished (1 byte still in flight).
new connection from 169.254.145.9:49873.
DEBUG: Inbound stream from 169.254.145.9:49873 finished cleanly.
Exception in TCPConnection runner thread: TCPConnection::write() accepted less than advertised length
terminate called after throwing an instance of 'std::exception'
  what():  std::exception
DEBUG: TCP connection finished cleanly.
DEBUG: Waiting for clean shutdown... done.
/mnt/i/DIY/CS144/sponge/txrx.sh: line 110: 12126 Aborted                 coproc COPROC $3 -l $4 ${SERVER_PORT} > "$1" < "$2"
ERROR: 8149c2a7039cd55b00355dc998a93a1ce6902ed51e25568ae82c035114818bc1 neq e15ea602c39e8fa61727da56a08ddb1d0a7607b2836f4662095a7e4fa76b6a80 or 

        Start 143: t_isR_128K_8K_l
136/159 Test #143: t_isR_128K_8K_l ..................***Failed    0.19 sec
DEBUG: Listening for incoming connection... DEBUG: Connecting to 169.254.144.9:11949... done.
new connection from 169.254.145.9:22410.
DEBUG: Outbound stream to 169.254.145.9:22410 finished (1 byte still in flight).
DEBUG: Inbound stream from 169.254.144.9:11949 finished cleanly.
Exception in TCPConnection runner thread: TCPConnection::write() accepted less than advertised length
terminate called after throwing an instance of 'std::exception'
  what():  std::exception
/mnt/i/DIY/CS144/sponge/txrx.sh: line 110: 12151 Aborted                 $3 $4 ${SERVER_PORT} > "$1" < "$2"
Error in _rt_connect

        Start 144: t_isR_128K_8K_L
137/159 Test #144: t_isR_128K_8K_L ..................***Failed    0.19 sec
DEBUG: Listening for incoming connection... DEBUG: Connecting to 169.254.144.9:2328... done.
new connection from 169.254.145.9:36431.
DEBUG: Outbound stream to 169.254.145.9:36431 finished (1 byte still in flight).
DEBUG: Inbound stream from 169.254.144.9:2328 finished cleanly.
Exception in TCPConnection runner thread: TCPConnection::write() accepted less than advertised length
terminate called after throwing an instance of 'std::exception'
  what():  std::exception
/mnt/i/DIY/CS144/sponge/txrx.sh: line 110: 12171 Aborted                 $3 $4 ${SERVER_PORT} > "$1" < "$2"
Error in _rt_connect

        Start 145: t_isR_128K_8K_lL
138/159 Test #145: t_isR_128K_8K_lL .................***Timeout  10.01 sec
DEBUG: Listening for incoming connection... DEBUG: Connecting to 169.254.144.9:33366... 

        Start 146: t_isD_128K_8K_l
139/159 Test #146: t_isD_128K_8K_l ..................***Failed    0.21 sec
DEBUG: Listening for incoming connection... DEBUG: Connecting to 169.254.144.9:18557... done.
new connection from 169.254.145.9:62135.
Exception in TCPConnection runner thread: TCPConnection::write() accepted less than advertised length
terminate called after throwing an instance of 'std::exception'
  what():  std::exception
Exception in TCPConnection runner thread: TCPConnection::write() accepted less than advertised length
terminate called after throwing an instance of 'std::exception'
  what():  std::exception
/mnt/i/DIY/CS144/sponge/txrx.sh: line 110: 12222 Aborted                 coproc COPROC $3 -l $4 ${SERVER_PORT} > "$1" < "$2"
/mnt/i/DIY/CS144/sponge/txrx.sh: line 110: 12224 Aborted                 $3 $4 ${SERVER_PORT} > "$1" < "$2"
Error in _rt_connect

        Start 147: t_isD_128K_8K_L
140/159 Test #147: t_isD_128K_8K_L ..................***Failed    0.22 sec
DEBUG: Listening for incoming connection... DEBUG: Connecting to 169.254.144.9:14651... done.
new connection from 169.254.145.9:59966.
Exception in TCPConnection runner thread: TCPConnection::write() accepted less than advertised length
terminate called after throwing an instance of 'std::exception'
  what():  std::exception
/mnt/i/DIY/CS144/sponge/txrx.sh: line 110: 12245 Aborted                 $3 $4 ${SERVER_PORT} > "$1" < "$2"
Error in _rt_connect

        Start 148: t_isD_128K_8K_lL
141/159 Test #148: t_isD_128K_8K_lL .................***Failed    0.25 sec
DEBUG: Listening for incoming connection... DEBUG: Connecting to 169.254.144.9:15210... done.
new connection from 169.254.145.9:33285.
Exception in TCPConnection runner thread: TCPConnection::write() accepted less than advertised length
terminate called after throwing an instance of 'std::exception'
  what():  std::exception
Exception in TCPConnection runner thread: TCPConnection::write() accepted less than advertised length
terminate called after throwing an instance of 'std::exception'
  what():  std::exception
/mnt/i/DIY/CS144/sponge/txrx.sh: line 110: 12264 Aborted                 coproc COPROC $3 -l $4 ${SERVER_PORT} > "$1" < "$2"
/mnt/i/DIY/CS144/sponge/txrx.sh: line 110: 12266 Aborted                 $3 $4 ${SERVER_PORT} > "$1" < "$2"
Error in _rt_connect

        Start 149: t_icnS_128K_8K_l
142/159 Test #149: t_icnS_128K_8K_l .................***Failed    0.23 sec
DEBUG: Connecting to 169.254.144.1:12552... done.
DEBUG: Inbound stream from 169.254.144.1:12552 finished cleanly.
Exception in TCPConnection runner thread: TCPConnection::write() accepted less than advertised length
terminate called after throwing an instance of 'std::exception'
  what():  std::exception
/mnt/i/DIY/CS144/sponge/txrx.sh: line 110: 12289 Aborted                 $3 $4 ${SERVER_PORT} > "$1" < "$2"
Error in _rt_connect

        Start 150: t_icnS_128K_8K_L
143/159 Test #150: t_icnS_128K_8K_L .................***Timeout  10.01 sec
DEBUG: Connecting to 169.254.144.1:28109... 

        Start 151: t_icnS_128K_8K_lL
144/159 Test #151: t_icnS_128K_8K_lL ................***Failed    0.25 sec
DEBUG: Connecting to 169.254.144.1:20985... done.
DEBUG: Inbound stream from 169.254.144.1:20985 finished cleanly.
Exception in TCPConnection runner thread: TCPConnection::write() accepted less than advertised length
terminate called after throwing an instance of 'std::exception'
  what():  std::exception
/mnt/i/DIY/CS144/sponge/txrx.sh: line 110: 12340 Aborted                 $3 $4 ${SERVER_PORT} > "$1" < "$2"
Error in _rt_connect

        Start 152: t_icnR_128K_8K_l
145/159 Test #152: t_icnR_128K_8K_l .................***Timeout  10.01 sec
DEBUG: Connecting to 169.254.144.1:16907... done.
DEBUG: Outbound stream to 169.254.144.1:16907 finished (1 byte still in flight).
DEBUG: Outbound stream to 169.254.144.1:16907 has been fully acknowledged.

        Start 153: t_icnR_128K_8K_L
146/159 Test #153: t_icnR_128K_8K_L .................***Timeout  10.01 sec
DEBUG: Connecting to 169.254.144.1:19150... done.
DEBUG: Outbound stream to 169.254.144.1:19150 finished (1 byte still in flight).
DEBUG: Outbound stream to 169.254.144.1:19150 has been fully acknowledged.

        Start 154: t_icnR_128K_8K_lL
147/159 Test #154: t_icnR_128K_8K_lL ................***Timeout  10.01 sec
DEBUG: Connecting to 169.254.144.1:17507... done.
DEBUG: Outbound stream to 169.254.144.1:17507 finished (1 byte still in flight).
DEBUG: Outbound stream to 169.254.144.1:17507 has been fully acknowledged.

        Start 155: t_icnD_128K_8K_l
148/159 Test #155: t_icnD_128K_8K_l .................***Failed    0.32 sec
DEBUG: Connecting to 169.254.144.1:3637... done.
Exception in TCPConnection runner thread: TCPConnection::write() accepted less than advertised length
terminate called after throwing an instance of 'std::exception'
  what():  std::exception
/mnt/i/DIY/CS144/sponge/txrx.sh: line 110: 12459 Aborted                 $3 $4 ${SERVER_PORT} > "$1" < "$2"
Error in _rt_connect

        Start 156: t_icnD_128K_8K_L
149/159 Test #156: t_icnD_128K_8K_L .................***Failed    0.28 sec
DEBUG: Connecting to 169.254.144.1:13799... done.
Exception in TCPConnection runner thread: TCPConnection::write() accepted less than advertised length
terminate called after throwing an instance of 'std::exception'
  what():  std::exception
/mnt/i/DIY/CS144/sponge/txrx.sh: line 110: 12479 Aborted                 $3 $4 ${SERVER_PORT} > "$1" < "$2"
Error in _rt_connect

        Start 157: t_icnD_128K_8K_lL
150/159 Test #157: t_icnD_128K_8K_lL ................***Failed    0.25 sec
DEBUG: Connecting to 169.254.144.1:22211... done.
Exception in TCPConnection runner thread: TCPConnection::write() accepted less than advertised length
terminate called after throwing an instance of 'std::exception'
  what():  std::exception
/mnt/i/DIY/CS144/sponge/txrx.sh: line 110: 12499 Aborted                 $3 $4 ${SERVER_PORT} > "$1" < "$2"
Error in _rt_connect

        Start 158: t_isnS_128K_8K_l
151/159 Test #158: t_isnS_128K_8K_l .................***Timeout  10.01 sec
DEBUG: Listening for incoming connection... new connection from 169.254.144.1:59854.
DEBUG: Inbound stream from 169.254.144.1:59854 finished cleanly.
Exception in TCPConnection runner thread: TCPConnection::write() accepted less than advertised length
terminate called after throwing an instance of 'std::exception'
  what():  std::exception

        Start 159: t_isnS_128K_8K_L
152/159 Test #159: t_isnS_128K_8K_L .................***Timeout  10.01 sec
DEBUG: Listening for incoming connection... new connection from 169.254.144.1:37134.
DEBUG: Inbound stream from 169.254.144.1:37134 finished cleanly.
Exception in TCPConnection runner thread: TCPConnection::write() accepted less than advertised length
terminate called after throwing an instance of 'std::exception'
  what():  std::exception

        Start 160: t_isnS_128K_8K_lL
153/159 Test #160: t_isnS_128K_8K_lL ................***Timeout  10.01 sec
DEBUG: Listening for incoming connection... new connection from 169.254.144.1:39142.
Exception in TCPConnection runner thread: TCPConnection::write() accepted less than advertised length
terminate called after throwing an instance of 'std::exception'
  what():  std::exception

        Start 161: t_isnR_128K_8K_l
154/159 Test #161: t_isnR_128K_8K_l .................***Timeout  10.01 sec
DEBUG: Listening for incoming connection... new connection from 169.254.144.1:60786.
DEBUG: Outbound stream to 169.254.144.1:60786 finished (1 byte still in flight).
DEBUG: Outbound stream to 169.254.144.1:60786 has been fully acknowledged.

        Start 162: t_isnR_128K_8K_L
155/159 Test #162: t_isnR_128K_8K_L .................***Timeout  10.01 sec
DEBUG: Listening for incoming connection... new connection from 169.254.144.1:55432.
DEBUG: Outbound stream to 169.254.144.1:55432 finished (1 byte still in flight).
DEBUG: Outbound stream to 169.254.144.1:55432 has been fully acknowledged.

        Start 163: t_isnR_128K_8K_lL
156/159 Test #163: t_isnR_128K_8K_lL ................***Timeout  10.00 sec
DEBUG: Listening for incoming connection... new connection from 169.254.144.1:35822.
DEBUG: Outbound stream to 169.254.144.1:35822 finished (1 byte still in flight).
DEBUG: Outbound stream to 169.254.144.1:35822 has been fully acknowledged.

        Start 164: t_isnD_128K_8K_l
157/159 Test #164: t_isnD_128K_8K_l .................***Timeout  10.01 sec
DEBUG: Listening for incoming connection... new connection from 169.254.144.1:33030.
Exception in TCPConnection runner thread: TCPConnection::write() accepted less than advertised length
terminate called after throwing an instance of 'std::exception'
  what():  std::exception

        Start 165: t_isnD_128K_8K_L
158/159 Test #165: t_isnD_128K_8K_L .................***Timeout  10.01 sec
DEBUG: Listening for incoming connection... new connection from 169.254.144.1:58444.
Exception in TCPConnection runner thread: TCPConnection::write() accepted less than advertised length
terminate called after throwing an instance of 'std::exception'
  what():  std::exception

        Start 166: t_isnD_128K_8K_lL
159/159 Test #166: t_isnD_128K_8K_lL ................***Timeout  10.01 sec
DEBUG: Listening for incoming connection... new connection from 169.254.144.1:44720.
Exception in TCPConnection runner thread: TCPConnection::write() accepted less than advertised length
terminate called after throwing an instance of 'std::exception'
  what():  std::exception


22% tests passed, 124 tests failed out of 159

Total Test time (real) = 206.98 sec

The following tests FAILED:
	 33 - t_active_close (Failed)
	 34 - t_passive_close (Failed)
	 36 - t_ack_rst (Failed)
	 38 - t_ack_rst_win (Failed)
	 43 - t_winsize (Failed)
	 45 - t_retx (Failed)
	 46 - t_retx_win (Failed)
	 47 - t_loopback (Failed)
	 48 - t_loopback_win (Failed)
	 49 - t_reorder (Failed)
	 53 - t_udp_client_send (Failed)
	 54 - t_udp_server_send (Failed)
	 55 - t_udp_client_recv (Failed)
	 56 - t_udp_server_recv (Failed)
	 57 - t_udp_client_dupl (Failed)
	 58 - t_udp_server_dupl (Failed)
	 59 - t_ucS_1M_32k (Failed)
	 60 - t_ucS_128K_8K (Failed)
	 61 - t_ucS_16_1 (Failed)
	 62 - t_ucS_32K_d (Failed)
	 63 - t_ucR_1M_32k (Failed)
	 64 - t_ucR_128K_8K (Failed)
	 65 - t_ucR_16_1 (Failed)
	 66 - t_ucR_32K_d (Failed)
	 67 - t_ucD_1M_32k (Failed)
	 68 - t_ucD_128K_8K (Failed)
	 69 - t_ucD_16_1 (Failed)
	 70 - t_ucD_32K_d (Failed)
	 71 - t_usS_1M_32k (Failed)
	 72 - t_usS_128K_8K (Failed)
	 73 - t_usS_16_1 (Failed)
	 74 - t_usS_32K_d (Failed)
	 75 - t_usR_1M_32k (Failed)
	 76 - t_usR_128K_8K (Failed)
	 77 - t_usR_16_1 (Failed)
	 78 - t_usR_32K_d (Failed)
	 79 - t_usD_1M_32k (Failed)
	 80 - t_usD_128K_8K (Failed)
	 81 - t_usD_16_1 (Failed)
	 82 - t_usD_32K_d (Failed)
	 83 - t_ucS_128K_8K_l (Failed)
	 84 - t_ucS_128K_8K_L (Failed)
	 85 - t_ucS_128K_8K_lL (Failed)
	 86 - t_ucR_128K_8K_l (Failed)
	 87 - t_ucR_128K_8K_L (Failed)
	 88 - t_ucR_128K_8K_lL (Failed)
	 89 - t_ucD_128K_8K_l (Failed)
	 90 - t_ucD_128K_8K_L (Failed)
	 91 - t_ucD_128K_8K_lL (Failed)
	 92 - t_usS_128K_8K_l (Failed)
	 93 - t_usS_128K_8K_L (Failed)
	 94 - t_usS_128K_8K_lL (Failed)
	 95 - t_usR_128K_8K_l (Failed)
	 96 - t_usR_128K_8K_L (Failed)
	 97 - t_usR_128K_8K_lL (Timeout)
	 98 - t_usD_128K_8K_l (Failed)
	 99 - t_usD_128K_8K_L (Failed)
	100 - t_usD_128K_8K_lL (Failed)
	101 - t_ipv4_client_send (Failed)
	102 - t_ipv4_server_send (Failed)
	103 - t_ipv4_client_recv (Failed)
	104 - t_ipv4_server_recv (Failed)
	105 - t_ipv4_client_dupl (Failed)
	106 - t_ipv4_server_dupl (Failed)
	107 - t_icS_1M_32k (Failed)
	108 - t_icS_128K_8K (Failed)
	109 - t_icS_16_1 (Failed)
	110 - t_icS_32K_d (Failed)
	111 - t_icR_1M_32k (Failed)
	112 - t_icR_128K_8K (Failed)
	113 - t_icR_16_1 (Failed)
	114 - t_icR_32K_d (Failed)
	115 - t_icD_1M_32k (Failed)
	116 - t_icD_128K_8K (Failed)
	117 - t_icD_16_1 (Failed)
	118 - t_icD_32K_d (Failed)
	119 - t_isS_1M_32k (Failed)
	120 - t_isS_128K_8K (Failed)
	121 - t_isS_16_1 (Failed)
	122 - t_isS_32K_d (Failed)
	123 - t_isR_1M_32k (Failed)
	124 - t_isR_128K_8K (Failed)
	125 - t_isR_16_1 (Failed)
	126 - t_isR_32K_d (Failed)
	127 - t_isD_1M_32k (Failed)
	128 - t_isD_128K_8K (Failed)
	129 - t_isD_16_1 (Failed)
	130 - t_isD_32K_d (Failed)
	131 - t_icS_128K_8K_l (Failed)
	132 - t_icS_128K_8K_L (Failed)
	133 - t_icS_128K_8K_lL (Failed)
	134 - t_icR_128K_8K_l (Failed)
	135 - t_icR_128K_8K_L (Failed)
	136 - t_icR_128K_8K_lL (Failed)
	137 - t_icD_128K_8K_l (Failed)
	138 - t_icD_128K_8K_L (Failed)
	139 - t_icD_128K_8K_lL (Failed)
	140 - t_isS_128K_8K_l (Failed)
	141 - t_isS_128K_8K_L (Failed)
	142 - t_isS_128K_8K_lL (Failed)
	143 - t_isR_128K_8K_l (Failed)
	144 - t_isR_128K_8K_L (Failed)
	145 - t_isR_128K_8K_lL (Timeout)
	146 - t_isD_128K_8K_l (Failed)
	147 - t_isD_128K_8K_L (Failed)
	148 - t_isD_128K_8K_lL (Failed)
	149 - t_icnS_128K_8K_l (Failed)
	150 - t_icnS_128K_8K_L (Timeout)
	151 - t_icnS_128K_8K_lL (Failed)
	152 - t_icnR_128K_8K_l (Timeout)
	153 - t_icnR_128K_8K_L (Timeout)
	154 - t_icnR_128K_8K_lL (Timeout)
	155 - t_icnD_128K_8K_l (Failed)
	156 - t_icnD_128K_8K_L (Failed)
	157 - t_icnD_128K_8K_lL (Failed)
	158 - t_isnS_128K_8K_l (Timeout)
	159 - t_isnS_128K_8K_L (Timeout)
	160 - t_isnS_128K_8K_lL (Timeout)
	161 - t_isnR_128K_8K_l (Timeout)
	162 - t_isnR_128K_8K_L (Timeout)
	163 - t_isnR_128K_8K_lL (Timeout)
	164 - t_isnD_128K_8K_l (Timeout)
	165 - t_isnD_128K_8K_L (Timeout)
	166 - t_isnD_128K_8K_lL (Timeout)
Errors while running CTest
CMakeFiles/check_lab4.dir/build.make:57: recipe for target 'CMakeFiles/check_lab4' failed
make[3]: *** [CMakeFiles/check_lab4] Error 8
CMakeFiles/Makefile2:131: recipe for target 'CMakeFiles/check_lab4.dir/all' failed
make[2]: *** [CMakeFiles/check_lab4.dir/all] Error 2
CMakeFiles/Makefile2:138: recipe for target 'CMakeFiles/check_lab4.dir/rule' failed
make[1]: *** [CMakeFiles/check_lab4.dir/rule] Error 2
Makefile:155: recipe for target 'check_lab4' failed
make: *** [check_lab4] Error 2
