[100%] Testing the TCP connection...
Test project /mnt/i/DIY/CS144/sponge/build
        Start   1: t_wrapping_ints_cmp
  1/159 Test   #1: t_wrapping_ints_cmp ..............   Passed    0.02 sec
        Start   2: t_wrapping_ints_unwrap
  2/159 Test   #2: t_wrapping_ints_unwrap ...........   Passed    0.02 sec
        Start   3: t_wrapping_ints_wrap
  3/159 Test   #3: t_wrapping_ints_wrap .............   Passed    0.02 sec
        Start   4: t_recv_connect
  4/159 Test   #4: t_recv_connect ...................   Passed    0.03 sec
        Start   5: t_recv_transmit
  5/159 Test   #5: t_recv_transmit ..................   Passed    0.25 sec
        Start   6: t_recv_window
  6/159 Test   #6: t_recv_window ....................   Passed    0.03 sec
        Start   7: t_recv_reorder
  7/159 Test   #7: t_recv_reorder ...................   Passed    0.04 sec
        Start   8: t_recv_close
  8/159 Test   #8: t_recv_close .....................   Passed    0.04 sec
        Start   9: t_send_connect
  9/159 Test   #9: t_send_connect ...................   Passed    0.05 sec
        Start  10: t_send_transmit
 10/159 Test  #10: t_send_transmit ..................   Passed    0.28 sec
        Start  11: t_send_retx
 11/159 Test  #11: t_send_retx ......................   Passed    0.06 sec
        Start  12: t_send_window
 12/159 Test  #12: t_send_window ....................   Passed    0.17 sec
        Start  13: t_send_ack
 13/159 Test  #13: t_send_ack .......................   Passed    0.04 sec
        Start  14: t_send_close
 14/159 Test  #14: t_send_close .....................   Passed    0.05 sec
        Start  15: t_strm_reassem_single
 15/159 Test  #15: t_strm_reassem_single ............   Passed    0.02 sec
        Start  16: t_strm_reassem_seq
 16/159 Test  #16: t_strm_reassem_seq ...............   Passed    0.02 sec
        Start  17: t_strm_reassem_dup
 17/159 Test  #17: t_strm_reassem_dup ...............   Passed    0.03 sec
        Start  18: t_strm_reassem_holes
 18/159 Test  #18: t_strm_reassem_holes .............   Passed    0.02 sec
        Start  19: t_strm_reassem_many
 19/159 Test  #19: t_strm_reassem_many ..............   Passed    5.85 sec
        Start  20: t_strm_reassem_overlapping
 20/159 Test  #20: t_strm_reassem_overlapping .......   Passed    0.02 sec
        Start  21: t_strm_reassem_win
 21/159 Test  #21: t_strm_reassem_win ...............   Passed    6.25 sec
        Start  22: t_strm_reassem_cap
 22/159 Test  #22: t_strm_reassem_cap ...............   Passed    0.48 sec
        Start  23: t_byte_stream_construction
 23/159 Test  #23: t_byte_stream_construction .......   Passed    0.02 sec
        Start  24: t_byte_stream_one_write
 24/159 Test  #24: t_byte_stream_one_write ..........   Passed    0.02 sec
        Start  25: t_byte_stream_two_writes
 25/159 Test  #25: t_byte_stream_two_writes .........   Passed    0.02 sec
        Start  26: t_byte_stream_capacity
 26/159 Test  #26: t_byte_stream_capacity ...........   Passed    3.85 sec
        Start  27: t_byte_stream_many_writes
 27/159 Test  #27: t_byte_stream_many_writes ........   Passed    0.08 sec
        Start  28: t_webget
 28/159 Test  #28: t_webget .........................   Passed    1.38 sec
        Start  31: t_tcp_parser
 29/159 Test  #31: t_tcp_parser .....................   Passed    0.13 sec
        Start  32: t_ipv4_parser
 30/159 Test  #32: t_ipv4_parser ....................   Passed    0.08 sec
        Start  33: t_active_close
 31/159 Test  #33: t_active_close ...................***Failed    0.05 sec
Test Failure on expectation:
	Expectation: exactly one segment sent with (A=1,R=0,S=0,F=0,ackno=1,payload_size=0,)

Failure message:
	The TCP produced a segment with `ackno = 0`, but ackno was expected to be `1`

List of steps that executed successfully:
	Action:      connect
	Expectation: exactly one segment sent with (A=0,R=0,S=1,F=0,seqno=0,payload_size=0,)
	Action:      packet arrives: Header(flags=SA,seqno=0,ack=1,win=137) with no payload

Warning: Unclean shutdown of TCPConnection
The TCP produced a segment with `ackno = 0`, but ackno was expected to be `1`

        Start  34: t_passive_close
 32/159 Test  #34: t_passive_close ..................***Failed    0.05 sec
Test Failure on expectation:
	Expectation: exactly one segment sent with (A=1,R=0,S=0,F=0,ackno=1,payload_size=0,)

Failure message:
	The TCP produced a segment with `ackno = 0`, but ackno was expected to be `1`

List of steps that executed successfully:
	Action:      connect
	Expectation: exactly one segment sent with (A=0,R=0,S=1,F=0,seqno=0,payload_size=0,)
	Action:      packet arrives: Header(flags=SA,seqno=0,ack=1,win=137) with no payload

Warning: Unclean shutdown of TCPConnection
The TCP produced a segment with `ackno = 0`, but ackno was expected to be `1`

        Start  36: t_ack_rst
 33/159 Test  #36: t_ack_rst ........................***Failed    0.05 sec
Test 1
Test Failure on expectation:
	Expectation: exactly one segment sent with (A=1,R=0,S=0,F=0,ackno=2147483648,payload_size=0,)

Failure message:
	The TCP produced a segment with `ackno = 0`, but ackno was expected to be `2147483648`

List of steps that executed successfully:
	Action:      connect
	Expectation: exactly one segment sent with (A=0,R=0,S=1,F=0,seqno=2147483647,payload_size=0,)
	Action:      packet arrives: Header(flags=SA,seqno=2147483647,ack=2147483648,win=137) with no payload

Warning: Unclean shutdown of TCPConnection
The TCP produced a segment with `ackno = 0`, but ackno was expected to be `2147483648`

        Start  38: t_ack_rst_win
 34/159 Test  #38: t_ack_rst_win ....................***Failed    0.05 sec
Test Failure on expectation:
	Expectation: exactly one segment sent with (A=1,R=0,S=0,F=0,ackno=2147483648,payload_size=0,)

Failure message:
	The TCP produced a segment with `ackno = 0`, but ackno was expected to be `2147483648`

List of steps that executed successfully:
	Action:      connect
	Expectation: exactly one segment sent with (A=0,R=0,S=1,F=0,seqno=2147483647,payload_size=0,)
	Action:      packet arrives: Header(flags=SA,seqno=2147483647,ack=2147483648,win=137) with no payload

Warning: Unclean shutdown of TCPConnection
The TCP produced a segment with `ackno = 0`, but ackno was expected to be `2147483648`

        Start  40: t_connect
 35/159 Test  #40: t_connect ........................***Failed    0.05 sec
Test Failure on expectation:
	Expectation: TCP in state sender=`stream ongoing`, receiver=`SYN received (ackno exists), and input to stream hasn't ended`, active=1, linger_after_streams_finish=1

Failure message:
	The TCP was in state `sender=`stream ongoing`, receiver=`waiting for SYN: ackno is empty`, active=1, linger_after_streams_finish=1`, but it was expected to be in state `sender=`stream ongoing`, receiver=`SYN received (ackno exists), and input to stream hasn't ended`, active=1, linger_after_streams_finish=1`

List of steps that executed successfully:
	Action:      connect
	Action:      1ms pass
	Expectation: exactly one segment sent with (A=0,S=1,)
	Expectation: TCP in state sender=`stream started but nothing acknowledged`, receiver=`waiting for SYN: ackno is empty`, active=1, linger_after_streams_finish=1
	Action:      packet arrives: Header(flags=SA,seqno=2907245151,ack=3000057389,win=137) with no payload
	Action:      1ms pass

Warning: Unclean shutdown of TCPConnection
The TCP was in state `sender=`stream ongoing`, receiver=`waiting for SYN: ackno is empty`, active=1, linger_after_streams_finish=1`, but it was expected to be in state `sender=`stream ongoing`, receiver=`SYN received (ackno exists), and input to stream hasn't ended`, active=1, linger_after_streams_finish=1`

        Start  42: t_listen
 36/159 Test  #42: t_listen .........................***Failed    0.05 sec
Test Failure on expectation:
	exactly one segment sent with (A=1,S=1,ackno=1,)
Failure message:
	The TCP produced a segment with `ackno = 0`, but ackno was expected to be `1`

List of steps that executed successfully:
	Action:      listen
	Expectation: TCP in state sender=`waiting for stream to begin (no SYN sent)`, receiver=`waiting for SYN: ackno is empty`, active=1, linger_after_streams_finish=1
	Action:      1ms pass
	Expectation: TCP in state sender=`waiting for stream to begin (no SYN sent)`, receiver=`waiting for SYN: ackno is empty`, active=1, linger_after_streams_finish=1
	Action:      packet arrives: Header(flags=S,seqno=0,ack=0,win=137) with no payload
	Action:      1ms pass

Note:
	test 1 failed: no SYN/ACK in response to SYN

Warning: Unclean shutdown of TCPConnection
The TCP produced a segment with `ackno = 0`, but ackno was expected to be `1`

        Start  43: t_winsize
 37/159 Test  #43: t_winsize ........................***Failed    0.05 sec
Test Failure on expectation:
	exactly one segment sent with (A=1,ackno=2470702841,win=24743,)
Failure message:
	The TCP produced a segment with `ackno = 0`, but ackno was expected to be `2470702841`

List of steps that executed successfully:
	Action:      listen
	Action:      packet arrives: Header(flags=S,seqno=2470702840,ack=0,win=137) with no payload

Note:
	test 1 failed: SYN/ACK invalid

Warning: Unclean shutdown of TCPConnection
The TCP produced a segment with `ackno = 0`, but ackno was expected to be `2470702841`

        Start  45: t_retx
 38/159 Test  #45: t_retx ...........................***Failed    0.05 sec
Test Failure on expectation:
	Expectation: exactly one segment sent with (A=1,R=0,S=0,F=0,ackno=3621878416,payload_size=0,)

Failure message:
	The TCP produced a segment with `ackno = 0`, but ackno was expected to be `3621878416`

List of steps that executed successfully:
	Action:      connect
	Expectation: exactly one segment sent with (A=0,R=0,S=1,F=0,seqno=3621878415,payload_size=0,)
	Action:      packet arrives: Header(flags=SA,seqno=3621878415,ack=3621878416,win=137) with no payload

Warning: Unclean shutdown of TCPConnection
The TCP produced a segment with `ackno = 0`, but ackno was expected to be `3621878416`

        Start  46: t_retx_win
 39/159 Test  #46: t_retx_win .......................***Failed    0.05 sec
Test Failure on expectation:
	Expectation: exactly one segment sent with (A=1,R=0,S=0,F=0,ackno=3968803768,payload_size=0,)

Failure message:
	The TCP produced a segment with `ackno = 0`, but ackno was expected to be `3968803768`

List of steps that executed successfully:
	Action:      connect
	Expectation: exactly one segment sent with (A=0,R=0,S=1,F=0,seqno=3968803767,payload_size=0,)
	Action:      packet arrives: Header(flags=SA,seqno=3968803767,ack=3968803768,win=137) with no payload

Warning: Unclean shutdown of TCPConnection
The TCP produced a segment with `ackno = 0`, but ackno was expected to be `3968803768`

        Start  47: t_loopback
 40/159 Test  #47: t_loopback .......................***Failed    0.05 sec
Test Failure on expectation:
	Expectation: exactly one segment sent with (A=1,R=0,S=0,F=0,ackno=1316584233,payload_size=0,)

Failure message:
	The TCP produced a segment with `ackno = 0`, but ackno was expected to be `1316584233`

List of steps that executed successfully:
	Action:      connect
	Expectation: exactly one segment sent with (A=0,R=0,S=1,F=0,seqno=1316584232,payload_size=0,)
	Action:      packet arrives: Header(flags=SA,seqno=1316584232,ack=1316584233,win=137) with no payload

Warning: Unclean shutdown of TCPConnection
The TCP produced a segment with `ackno = 0`, but ackno was expected to be `1316584233`

        Start  48: t_loopback_win
 41/159 Test  #48: t_loopback_win ...................***Failed    0.06 sec
Test Failure on expectation:
	Expectation: exactly one segment sent with (A=1,R=0,S=0,F=0,ackno=2734490920,payload_size=0,)

Failure message:
	The TCP produced a segment with `ackno = 0`, but ackno was expected to be `2734490920`

List of steps that executed successfully:
	Action:      connect
	Expectation: exactly one segment sent with (A=0,R=0,S=1,F=0,seqno=2734490919,payload_size=0,)
	Action:      packet arrives: Header(flags=SA,seqno=2734490919,ack=2734490920,win=137) with no payload

Warning: Unclean shutdown of TCPConnection
The TCP produced a segment with `ackno = 0`, but ackno was expected to be `2734490920`

        Start  49: t_reorder
 42/159 Test  #49: t_reorder ........................***Failed    0.05 sec
Test Failure on expectation:
	Expectation: exactly one segment sent with (A=1,R=0,S=0,F=0,ackno=344734861,payload_size=0,)

Failure message:
	The TCP produced a segment with `ackno = 0`, but ackno was expected to be `344734861`

List of steps that executed successfully:
	Action:      connect
	Expectation: exactly one segment sent with (A=0,R=0,S=1,F=0,seqno=42636372,payload_size=0,)
	Action:      packet arrives: Header(flags=SA,seqno=344734860,ack=42636373,win=137) with no payload

Warning: Unclean shutdown of TCPConnection
The TCP produced a segment with `ackno = 0`, but ackno was expected to be `344734861`

        Start  50: t_address_dt
 43/159 Test  #50: t_address_dt .....................   Passed    0.09 sec
        Start  51: t_parser_dt
 44/159 Test  #51: t_parser_dt ......................   Passed    0.02 sec
        Start  52: t_socket_dt
 45/159 Test  #52: t_socket_dt ......................   Passed    0.04 sec
        Start  53: t_udp_client_send
 46/159 Test  #53: t_udp_client_send ................***Timeout  10.01 sec
DEBUG: Listening for incoming connection... DEBUG: Connecting to 169.254.144.1:14684... 

        Start  54: t_udp_server_send
 47/159 Test  #54: t_udp_server_send ................***Timeout  10.00 sec
DEBUG: Listening for incoming connection... DEBUG: Connecting to 169.254.144.1:32281... 

        Start  55: t_udp_client_recv
 48/159 Test  #55: t_udp_client_recv ................***Timeout  10.01 sec
DEBUG: Listening for incoming connection... DEBUG: Connecting to 169.254.144.1:14810... 

        Start  56: t_udp_server_recv
 49/159 Test  #56: t_udp_server_recv ................***Timeout  10.01 sec
DEBUG: Listening for incoming connection... DEBUG: Connecting to 169.254.144.1:29526... 

        Start  57: t_udp_client_dupl
 50/159 Test  #57: t_udp_client_dupl ................***Timeout  10.00 sec
DEBUG: Listening for incoming connection... DEBUG: Connecting to 169.254.144.1:6305... 

        Start  58: t_udp_server_dupl
 51/159 Test  #58: t_udp_server_dupl ................***Timeout  10.01 sec
DEBUG: Listening for incoming connection... DEBUG: Connecting to 169.254.144.1:32135... 

        Start  59: t_ucS_1M_32k
 52/159 Test  #59: t_ucS_1M_32k .....................***Timeout  10.00 sec
DEBUG: Listening for incoming connection... DEBUG: Connecting to 169.254.144.1:20200... 

        Start  60: t_ucS_128K_8K
 53/159 Test  #60: t_ucS_128K_8K ....................***Timeout  10.01 sec
DEBUG: Listening for incoming connection... DEBUG: Connecting to 169.254.144.1:31106... 

        Start  61: t_ucS_16_1
 54/159 Test  #61: t_ucS_16_1 .......................***Timeout  10.01 sec
DEBUG: Listening for incoming connection... DEBUG: Connecting to 169.254.144.1:19306... 

        Start  62: t_ucS_32K_d
 55/159 Test  #62: t_ucS_32K_d ......................***Timeout  10.01 sec
DEBUG: Listening for incoming connection... DEBUG: Connecting to 169.254.144.1:17650... 

        Start  63: t_ucR_1M_32k
 56/159 Test  #63: t_ucR_1M_32k .....................***Timeout  10.00 sec
DEBUG: Listening for incoming connection... DEBUG: Connecting to 169.254.144.1:21703... 

        Start  64: t_ucR_128K_8K
 57/159 Test  #64: t_ucR_128K_8K ....................***Timeout  10.01 sec
DEBUG: Listening for incoming connection... DEBUG: Connecting to 169.254.144.1:32356... 

        Start  65: t_ucR_16_1
 58/159 Test  #65: t_ucR_16_1 .......................***Timeout  10.01 sec
DEBUG: Listening for incoming connection... DEBUG: Connecting to 169.254.144.1:11950... 

        Start  66: t_ucR_32K_d
 59/159 Test  #66: t_ucR_32K_d ......................***Timeout  10.00 sec
DEBUG: Listening for incoming connection... DEBUG: Connecting to 169.254.144.1:16432... 

        Start  67: t_ucD_1M_32k
 60/159 Test  #67: t_ucD_1M_32k .....................***Timeout  10.01 sec
DEBUG: Listening for incoming connection... DEBUG: Connecting to 169.254.144.1:31255... 

        Start  68: t_ucD_128K_8K
 61/159 Test  #68: t_ucD_128K_8K ....................***Timeout  10.01 sec
DEBUG: Listening for incoming connection... DEBUG: Connecting to 169.254.144.1:4784... 

        Start  69: t_ucD_16_1
 62/159 Test  #69: t_ucD_16_1 .......................***Timeout  10.00 sec
DEBUG: Listening for incoming connection... DEBUG: Connecting to 169.254.144.1:2653... 

        Start  70: t_ucD_32K_d
 63/159 Test  #70: t_ucD_32K_d ......................***Timeout  10.00 sec
DEBUG: Listening for incoming connection... DEBUG: Connecting to 169.254.144.1:16986... 

        Start  71: t_usS_1M_32k
 64/159 Test  #71: t_usS_1M_32k .....................***Timeout  10.01 sec
DEBUG: Listening for incoming connection... DEBUG: Connecting to 169.254.144.1:2873... 

        Start  72: t_usS_128K_8K
 65/159 Test  #72: t_usS_128K_8K ....................***Timeout  10.00 sec
DEBUG: Listening for incoming connection... DEBUG: Connecting to 169.254.144.1:10475... 

        Start  73: t_usS_16_1
 66/159 Test  #73: t_usS_16_1 .......................***Timeout  10.01 sec
DEBUG: Listening for incoming connection... DEBUG: Connecting to 169.254.144.1:14019... 

        Start  74: t_usS_32K_d
 67/159 Test  #74: t_usS_32K_d ......................***Timeout  10.02 sec
DEBUG: Listening for incoming connection... DEBUG: Connecting to 169.254.144.1:10645... 

        Start  75: t_usR_1M_32k
 68/159 Test  #75: t_usR_1M_32k .....................***Timeout  10.01 sec
DEBUG: Listening for incoming connection... DEBUG: Connecting to 169.254.144.1:26164... 

        Start  76: t_usR_128K_8K
 69/159 Test  #76: t_usR_128K_8K ....................***Timeout  10.01 sec
DEBUG: Listening for incoming connection... DEBUG: Connecting to 169.254.144.1:7525... 

        Start  77: t_usR_16_1
 70/159 Test  #77: t_usR_16_1 .......................***Timeout  10.01 sec
DEBUG: Listening for incoming connection... DEBUG: Connecting to 169.254.144.1:11835... 

        Start  78: t_usR_32K_d
 71/159 Test  #78: t_usR_32K_d ......................***Timeout  10.01 sec
DEBUG: Listening for incoming connection... DEBUG: Connecting to 169.254.144.1:31424... 

        Start  79: t_usD_1M_32k
 72/159 Test  #79: t_usD_1M_32k .....................***Timeout  10.00 sec
DEBUG: Listening for incoming connection... DEBUG: Connecting to 169.254.144.1:23842... 

        Start  80: t_usD_128K_8K
 73/159 Test  #80: t_usD_128K_8K ....................***Timeout  10.01 sec
DEBUG: Listening for incoming connection... DEBUG: Connecting to 169.254.144.1:16285... 

        Start  81: t_usD_16_1
 74/159 Test  #81: t_usD_16_1 .......................***Timeout  10.01 sec
DEBUG: Listening for incoming connection... DEBUG: Connecting to 169.254.144.1:31659... 

        Start  82: t_usD_32K_d
 75/159 Test  #82: t_usD_32K_d ......................***Timeout  10.01 sec
DEBUG: Listening for incoming connection... DEBUG: Connecting to 169.254.144.1:27813... 

        Start  83: t_ucS_128K_8K_l
 76/159 Test  #83: t_ucS_128K_8K_l ..................***Timeout  10.01 sec
DEBUG: Listening for incoming connection... DEBUG: Connecting to 169.254.144.1:30378... 

        Start  84: t_ucS_128K_8K_L
 77/159 Test  #84: t_ucS_128K_8K_L ..................***Timeout  10.00 sec
DEBUG: Listening for incoming connection... DEBUG: Connecting to 169.254.144.1:1413... 

        Start  85: t_ucS_128K_8K_lL
 78/159 Test  #85: t_ucS_128K_8K_lL .................***Timeout  10.01 sec
DEBUG: Listening for incoming connection... DEBUG: Connecting to 169.254.144.1:28126... 

        Start  86: t_ucR_128K_8K_l
 79/159 Test  #86: t_ucR_128K_8K_l ..................***Timeout  10.01 sec
DEBUG: Listening for incoming connection... DEBUG: Connecting to 169.254.144.1:7012... 

        Start  87: t_ucR_128K_8K_L
 80/159 Test  #87: t_ucR_128K_8K_L ..................***Timeout  10.01 sec
DEBUG: Listening for incoming connection... DEBUG: Connecting to 169.254.144.1:30989... 

        Start  88: t_ucR_128K_8K_lL
 81/159 Test  #88: t_ucR_128K_8K_lL .................***Timeout  10.00 sec
DEBUG: Listening for incoming connection... DEBUG: Connecting to 169.254.144.1:18814... 

        Start  89: t_ucD_128K_8K_l
 82/159 Test  #89: t_ucD_128K_8K_l ..................***Timeout  10.01 sec
DEBUG: Listening for incoming connection... DEBUG: Connecting to 169.254.144.1:29719... 

        Start  90: t_ucD_128K_8K_L
 83/159 Test  #90: t_ucD_128K_8K_L ..................***Timeout  10.01 sec
DEBUG: Listening for incoming connection... DEBUG: Connecting to 169.254.144.1:1375... 

        Start  91: t_ucD_128K_8K_lL
 84/159 Test  #91: t_ucD_128K_8K_lL .................***Timeout  10.01 sec
DEBUG: Listening for incoming connection... DEBUG: Connecting to 169.254.144.1:11673... 

        Start  92: t_usS_128K_8K_l
 85/159 Test  #92: t_usS_128K_8K_l ..................***Timeout  10.01 sec
DEBUG: Listening for incoming connection... DEBUG: Connecting to 169.254.144.1:14959... 

        Start  93: t_usS_128K_8K_L
 86/159 Test  #93: t_usS_128K_8K_L ..................***Timeout  10.01 sec
DEBUG: Listening for incoming connection... DEBUG: Connecting to 169.254.144.1:11318... 

        Start  94: t_usS_128K_8K_lL
 87/159 Test  #94: t_usS_128K_8K_lL .................***Timeout  10.01 sec
DEBUG: Listening for incoming connection... DEBUG: Connecting to 169.254.144.1:32694... 

        Start  95: t_usR_128K_8K_l
 88/159 Test  #95: t_usR_128K_8K_l ..................***Timeout  10.00 sec
DEBUG: Listening for incoming connection... DEBUG: Connecting to 169.254.144.1:2442... 

        Start  96: t_usR_128K_8K_L
 89/159 Test  #96: t_usR_128K_8K_L ..................***Timeout  10.01 sec
DEBUG: Listening for incoming connection... DEBUG: Connecting to 169.254.144.1:25198... 

        Start  97: t_usR_128K_8K_lL
 90/159 Test  #97: t_usR_128K_8K_lL .................***Timeout  10.00 sec
DEBUG: Listening for incoming connection... DEBUG: Connecting to 169.254.144.1:16872... 

        Start  98: t_usD_128K_8K_l
 91/159 Test  #98: t_usD_128K_8K_l ..................***Timeout  10.01 sec
DEBUG: Listening for incoming connection... DEBUG: Connecting to 169.254.144.1:21643... 

        Start  99: t_usD_128K_8K_L
 92/159 Test  #99: t_usD_128K_8K_L ..................***Timeout  10.01 sec
DEBUG: Listening for incoming connection... DEBUG: Connecting to 169.254.144.1:13115... 

        Start 100: t_usD_128K_8K_lL
 93/159 Test #100: t_usD_128K_8K_lL .................***Timeout  10.01 sec
DEBUG: Listening for incoming connection... DEBUG: Connecting to 169.254.144.1:5921... 

        Start 101: t_ipv4_client_send
 94/159 Test #101: t_ipv4_client_send ...............***Timeout  10.01 sec
DEBUG: Listening for incoming connection... DEBUG: Connecting to 169.254.145.9:4543... 

        Start 102: t_ipv4_server_send
 95/159 Test #102: t_ipv4_server_send ...............***Timeout  10.01 sec
DEBUG: Listening for incoming connection... DEBUG: Connecting to 169.254.144.9:33601... 

        Start 103: t_ipv4_client_recv
 96/159 Test #103: t_ipv4_client_recv ...............***Timeout  10.01 sec
DEBUG: Listening for incoming connection... DEBUG: Connecting to 169.254.145.9:29786... 

        Start 104: t_ipv4_server_recv
 97/159 Test #104: t_ipv4_server_recv ...............***Timeout  10.01 sec
DEBUG: Listening for incoming connection... DEBUG: Connecting to 169.254.144.9:13158... 

        Start 105: t_ipv4_client_dupl
 98/159 Test #105: t_ipv4_client_dupl ...............***Timeout  10.01 sec
DEBUG: Listening for incoming connection... DEBUG: Connecting to 169.254.145.9:16255... 

        Start 106: t_ipv4_server_dupl
 99/159 Test #106: t_ipv4_server_dupl ...............***Timeout  10.00 sec
DEBUG: Listening for incoming connection... DEBUG: Connecting to 169.254.144.9:6986... 

        Start 107: t_icS_1M_32k
100/159 Test #107: t_icS_1M_32k .....................***Timeout  10.01 sec
DEBUG: Listening for incoming connection... DEBUG: Connecting to 169.254.145.9:23407... 

        Start 108: t_icS_128K_8K
101/159 Test #108: t_icS_128K_8K ....................***Timeout  10.01 sec
DEBUG: Listening for incoming connection... DEBUG: Connecting to 169.254.145.9:24128... 

        Start 109: t_icS_16_1
102/159 Test #109: t_icS_16_1 .......................***Timeout  10.01 sec
DEBUG: Listening for incoming connection... DEBUG: Connecting to 169.254.145.9:2056... 

        Start 110: t_icS_32K_d
103/159 Test #110: t_icS_32K_d ......................***Timeout  10.01 sec
DEBUG: Listening for incoming connection... DEBUG: Connecting to 169.254.145.9:23549... 

        Start 111: t_icR_1M_32k
104/159 Test #111: t_icR_1M_32k .....................***Timeout  10.01 sec
DEBUG: Listening for incoming connection... DEBUG: Connecting to 169.254.145.9:11148... 

        Start 112: t_icR_128K_8K
105/159 Test #112: t_icR_128K_8K ....................***Timeout  10.00 sec
DEBUG: Listening for incoming connection... DEBUG: Connecting to 169.254.145.9:18370... 

        Start 113: t_icR_16_1
106/159 Test #113: t_icR_16_1 .......................***Timeout  10.01 sec
DEBUG: Listening for incoming connection... DEBUG: Connecting to 169.254.145.9:21871... 

        Start 114: t_icR_32K_d
107/159 Test #114: t_icR_32K_d ......................***Timeout  10.01 sec
DEBUG: Listening for incoming connection... DEBUG: Connecting to 169.254.145.9:25375... 

        Start 115: t_icD_1M_32k
108/159 Test #115: t_icD_1M_32k .....................***Timeout  10.00 sec
DEBUG: Listening for incoming connection... DEBUG: Connecting to 169.254.145.9:26704... 

        Start 116: t_icD_128K_8K
109/159 Test #116: t_icD_128K_8K ....................***Timeout  10.01 sec
DEBUG: Listening for incoming connection... DEBUG: Connecting to 169.254.145.9:14241... 

        Start 117: t_icD_16_1
110/159 Test #117: t_icD_16_1 .......................***Timeout  10.01 sec
DEBUG: Listening for incoming connection... DEBUG: Connecting to 169.254.145.9:33584... 

        Start 118: t_icD_32K_d
111/159 Test #118: t_icD_32K_d ......................***Timeout  10.00 sec
DEBUG: Listening for incoming connection... DEBUG: Connecting to 169.254.145.9:5105... 

        Start 119: t_isS_1M_32k
112/159 Test #119: t_isS_1M_32k .....................***Timeout  10.01 sec
DEBUG: Listening for incoming connection... DEBUG: Connecting to 169.254.144.9:32060... 

        Start 120: t_isS_128K_8K
113/159 Test #120: t_isS_128K_8K ....................***Timeout  10.01 sec
DEBUG: Listening for incoming connection... DEBUG: Connecting to 169.254.144.9:26769... 

        Start 121: t_isS_16_1
114/159 Test #121: t_isS_16_1 .......................***Timeout  10.00 sec
DEBUG: Listening for incoming connection... DEBUG: Connecting to 169.254.144.9:6707... 

        Start 122: t_isS_32K_d
115/159 Test #122: t_isS_32K_d ......................***Timeout  10.01 sec
DEBUG: Listening for incoming connection... DEBUG: Connecting to 169.254.144.9:33074... 

        Start 123: t_isR_1M_32k
116/159 Test #123: t_isR_1M_32k .....................***Timeout  10.01 sec
DEBUG: Listening for incoming connection... DEBUG: Connecting to 169.254.144.9:2044... 

        Start 124: t_isR_128K_8K
117/159 Test #124: t_isR_128K_8K ....................***Timeout  10.01 sec
DEBUG: Listening for incoming connection... DEBUG: Connecting to 169.254.144.9:8533... 

        Start 125: t_isR_16_1
118/159 Test #125: t_isR_16_1 .......................***Timeout  10.01 sec
DEBUG: Listening for incoming connection... DEBUG: Connecting to 169.254.144.9:6752... 

        Start 126: t_isR_32K_d
119/159 Test #126: t_isR_32K_d ......................***Timeout  10.00 sec
DEBUG: Listening for incoming connection... DEBUG: Connecting to 169.254.144.9:9863... 

        Start 127: t_isD_1M_32k
120/159 Test #127: t_isD_1M_32k .....................***Timeout  10.01 sec
DEBUG: Listening for incoming connection... DEBUG: Connecting to 169.254.144.9:21877... 

        Start 128: t_isD_128K_8K
121/159 Test #128: t_isD_128K_8K ....................***Timeout  10.00 sec
DEBUG: Listening for incoming connection... DEBUG: Connecting to 169.254.144.9:6813... 

        Start 129: t_isD_16_1
122/159 Test #129: t_isD_16_1 .......................***Timeout  10.00 sec
DEBUG: Listening for incoming connection... DEBUG: Connecting to 169.254.144.9:27609... 

        Start 130: t_isD_32K_d
123/159 Test #130: t_isD_32K_d ......................***Timeout  10.01 sec
DEBUG: Listening for incoming connection... DEBUG: Connecting to 169.254.144.9:33645... 

        Start 131: t_icS_128K_8K_l
124/159 Test #131: t_icS_128K_8K_l ..................***Timeout  10.01 sec
DEBUG: Listening for incoming connection... DEBUG: Connecting to 169.254.145.9:28906... 

        Start 132: t_icS_128K_8K_L
125/159 Test #132: t_icS_128K_8K_L ..................***Timeout  10.01 sec
DEBUG: Listening for incoming connection... DEBUG: Connecting to 169.254.145.9:30147... 

        Start 133: t_icS_128K_8K_lL
126/159 Test #133: t_icS_128K_8K_lL .................***Timeout  10.01 sec
DEBUG: Listening for incoming connection... DEBUG: Connecting to 169.254.145.9:19798... 

        Start 134: t_icR_128K_8K_l
127/159 Test #134: t_icR_128K_8K_l ..................***Timeout  10.01 sec
DEBUG: Listening for incoming connection... DEBUG: Connecting to 169.254.145.9:31078... 

        Start 135: t_icR_128K_8K_L
128/159 Test #135: t_icR_128K_8K_L ..................***Timeout  10.01 sec
DEBUG: Listening for incoming connection... DEBUG: Connecting to 169.254.145.9:15282... 

        Start 136: t_icR_128K_8K_lL
129/159 Test #136: t_icR_128K_8K_lL .................***Timeout  10.01 sec
DEBUG: Listening for incoming connection... DEBUG: Connecting to 169.254.145.9:20448... 

        Start 137: t_icD_128K_8K_l
130/159 Test #137: t_icD_128K_8K_l ..................***Timeout  10.00 sec
DEBUG: Listening for incoming connection... DEBUG: Connecting to 169.254.145.9:18239... 

        Start 138: t_icD_128K_8K_L
131/159 Test #138: t_icD_128K_8K_L ..................***Timeout  10.01 sec
DEBUG: Listening for incoming connection... DEBUG: Connecting to 169.254.145.9:24385... 

        Start 139: t_icD_128K_8K_lL
132/159 Test #139: t_icD_128K_8K_lL .................***Timeout  10.01 sec
DEBUG: Listening for incoming connection... DEBUG: Connecting to 169.254.145.9:9812... 

        Start 140: t_isS_128K_8K_l
133/159 Test #140: t_isS_128K_8K_l ..................***Timeout  10.01 sec
DEBUG: Listening for incoming connection... DEBUG: Connecting to 169.254.144.9:15294... 

        Start 141: t_isS_128K_8K_L
134/159 Test #141: t_isS_128K_8K_L ..................***Timeout  10.01 sec
DEBUG: Listening for incoming connection... DEBUG: Connecting to 169.254.144.9:30233... 

        Start 142: t_isS_128K_8K_lL
135/159 Test #142: t_isS_128K_8K_lL .................***Timeout  10.01 sec
DEBUG: Listening for incoming connection... DEBUG: Connecting to 169.254.144.9:27640... 

        Start 143: t_isR_128K_8K_l
136/159 Test #143: t_isR_128K_8K_l ..................***Timeout  10.01 sec
DEBUG: Listening for incoming connection... DEBUG: Connecting to 169.254.144.9:17289... 

        Start 144: t_isR_128K_8K_L
137/159 Test #144: t_isR_128K_8K_L ..................***Timeout  10.01 sec
DEBUG: Listening for incoming connection... DEBUG: Connecting to 169.254.144.9:12731... 

        Start 145: t_isR_128K_8K_lL
138/159 Test #145: t_isR_128K_8K_lL .................***Timeout  10.01 sec
DEBUG: Listening for incoming connection... DEBUG: Connecting to 169.254.144.9:27981... 

        Start 146: t_isD_128K_8K_l
139/159 Test #146: t_isD_128K_8K_l ..................***Timeout  10.01 sec
DEBUG: Listening for incoming connection... DEBUG: Connecting to 169.254.144.9:8981... 

        Start 147: t_isD_128K_8K_L
140/159 Test #147: t_isD_128K_8K_L ..................***Timeout  10.00 sec
DEBUG: Listening for incoming connection... DEBUG: Connecting to 169.254.144.9:28109... 

        Start 148: t_isD_128K_8K_lL
141/159 Test #148: t_isD_128K_8K_lL .................***Timeout  10.01 sec
DEBUG: Listening for incoming connection... DEBUG: Connecting to 169.254.144.9:14985... 

        Start 149: t_icnS_128K_8K_l
142/159 Test #149: t_icnS_128K_8K_l .................***Failed    1.34 sec
DEBUG: Connecting to 169.254.144.1:32377... done.
Exception in TCPConnection runner thread: TCPConnection::write() accepted less than advertised length
terminate called after throwing an instance of 'std::exception'
  what():  std::exception
/mnt/i/DIY/CS144/sponge/txrx.sh: line 110:  9917 Aborted                 $3 $4 ${SERVER_PORT} > "$1" < "$2"
Error in _rt_connect

        Start 150: t_icnS_128K_8K_L
143/159 Test #150: t_icnS_128K_8K_L .................***Timeout  10.01 sec
DEBUG: Connecting to 169.254.144.1:2376... 

        Start 151: t_icnS_128K_8K_lL
144/159 Test #151: t_icnS_128K_8K_lL ................***Failed    0.25 sec
DEBUG: Connecting to 169.254.144.1:23058... done.
Exception in TCPConnection runner thread: TCPConnection::write() accepted less than advertised length
terminate called after throwing an instance of 'std::exception'
  what():  std::exception
/mnt/i/DIY/CS144/sponge/txrx.sh: line 110:  9953 Aborted                 $3 $4 ${SERVER_PORT} > "$1" < "$2"
Error in _rt_connect

        Start 152: t_icnR_128K_8K_l
145/159 Test #152: t_icnR_128K_8K_l .................***Timeout  10.00 sec
DEBUG: Connecting to 169.254.144.1:21371... done.
DEBUG: Outbound stream to 169.254.144.1:21371 finished (0 bytes still in flight).
DEBUG: Outbound stream to 169.254.144.1:21371 has been fully acknowledged.

        Start 153: t_icnR_128K_8K_L
146/159 Test #153: t_icnR_128K_8K_L .................***Timeout  10.01 sec
DEBUG: Connecting to 169.254.144.1:33098... done.
DEBUG: Outbound stream to 169.254.144.1:33098 finished (0 bytes still in flight).
DEBUG: Outbound stream to 169.254.144.1:33098 has been fully acknowledged.

        Start 154: t_icnR_128K_8K_lL
147/159 Test #154: t_icnR_128K_8K_lL ................***Timeout  10.01 sec
DEBUG: Connecting to 169.254.144.1:26355... done.
DEBUG: Outbound stream to 169.254.144.1:26355 finished (0 bytes still in flight).
DEBUG: Outbound stream to 169.254.144.1:26355 has been fully acknowledged.

        Start 155: t_icnD_128K_8K_l
148/159 Test #155: t_icnD_128K_8K_l .................***Failed    0.28 sec
DEBUG: Connecting to 169.254.144.1:21979... done.
Exception in TCPConnection runner thread: TCPConnection::write() accepted less than advertised length
terminate called after throwing an instance of 'std::exception'
  what():  std::exception
/mnt/i/DIY/CS144/sponge/txrx.sh: line 110: 10027 Aborted                 $3 $4 ${SERVER_PORT} > "$1" < "$2"
Error in _rt_connect

        Start 156: t_icnD_128K_8K_L
149/159 Test #156: t_icnD_128K_8K_L .................***Failed    0.29 sec
DEBUG: Connecting to 169.254.144.1:27848... done.
Exception in TCPConnection runner thread: TCPConnection::write() accepted less than advertised length
terminate called after throwing an instance of 'std::exception'
  what():  std::exception
/mnt/i/DIY/CS144/sponge/txrx.sh: line 110: 10047 Aborted                 $3 $4 ${SERVER_PORT} > "$1" < "$2"
Error in _rt_connect

        Start 157: t_icnD_128K_8K_lL
150/159 Test #157: t_icnD_128K_8K_lL ................***Failed    0.27 sec
DEBUG: Connecting to 169.254.144.1:14282... done.
Exception in TCPConnection runner thread: TCPConnection::write() accepted less than advertised length
terminate called after throwing an instance of 'std::exception'
  what():  std::exception
/mnt/i/DIY/CS144/sponge/txrx.sh: line 110: 10067 Aborted                 $3 $4 ${SERVER_PORT} > "$1" < "$2"
Error in _rt_connect

        Start 158: t_isnS_128K_8K_l
151/159 Test #158: t_isnS_128K_8K_l .................***Timeout  10.01 sec
DEBUG: Listening for incoming connection... 

        Start 159: t_isnS_128K_8K_L
152/159 Test #159: t_isnS_128K_8K_L .................***Timeout  10.01 sec
DEBUG: Listening for incoming connection... 

        Start 160: t_isnS_128K_8K_lL
153/159 Test #160: t_isnS_128K_8K_lL ................***Timeout  10.01 sec
DEBUG: Listening for incoming connection... 

        Start 161: t_isnR_128K_8K_l
154/159 Test #161: t_isnR_128K_8K_l .................***Timeout  10.00 sec
DEBUG: Listening for incoming connection... 

        Start 162: t_isnR_128K_8K_L
155/159 Test #162: t_isnR_128K_8K_L .................***Timeout  10.00 sec
DEBUG: Listening for incoming connection... 

        Start 163: t_isnR_128K_8K_lL
156/159 Test #163: t_isnR_128K_8K_lL ................***Timeout  10.01 sec
DEBUG: Listening for incoming connection... 

        Start 164: t_isnD_128K_8K_l
157/159 Test #164: t_isnD_128K_8K_l .................***Timeout  10.01 sec
DEBUG: Listening for incoming connection... 

        Start 165: t_isnD_128K_8K_L
158/159 Test #165: t_isnD_128K_8K_L .................***Timeout  10.00 sec
DEBUG: Listening for incoming connection... 

        Start 166: t_isnD_128K_8K_lL
159/159 Test #166: t_isnD_128K_8K_lL ................***Timeout  10.01 sec
DEBUG: Listening for incoming connection... 


21% tests passed, 126 tests failed out of 159

Total Test time (real) = 1121.30 sec

The following tests FAILED:
	 33 - t_active_close (Failed)
	 34 - t_passive_close (Failed)
	 36 - t_ack_rst (Failed)
	 38 - t_ack_rst_win (Failed)
	 40 - t_connect (Failed)
	 42 - t_listen (Failed)
	 43 - t_winsize (Failed)
	 45 - t_retx (Failed)
	 46 - t_retx_win (Failed)
	 47 - t_loopback (Failed)
	 48 - t_loopback_win (Failed)
	 49 - t_reorder (Failed)
	 53 - t_udp_client_send (Timeout)
	 54 - t_udp_server_send (Timeout)
	 55 - t_udp_client_recv (Timeout)
	 56 - t_udp_server_recv (Timeout)
	 57 - t_udp_client_dupl (Timeout)
	 58 - t_udp_server_dupl (Timeout)
	 59 - t_ucS_1M_32k (Timeout)
	 60 - t_ucS_128K_8K (Timeout)
	 61 - t_ucS_16_1 (Timeout)
	 62 - t_ucS_32K_d (Timeout)
	 63 - t_ucR_1M_32k (Timeout)
	 64 - t_ucR_128K_8K (Timeout)
	 65 - t_ucR_16_1 (Timeout)
	 66 - t_ucR_32K_d (Timeout)
	 67 - t_ucD_1M_32k (Timeout)
	 68 - t_ucD_128K_8K (Timeout)
	 69 - t_ucD_16_1 (Timeout)
	 70 - t_ucD_32K_d (Timeout)
	 71 - t_usS_1M_32k (Timeout)
	 72 - t_usS_128K_8K (Timeout)
	 73 - t_usS_16_1 (Timeout)
	 74 - t_usS_32K_d (Timeout)
	 75 - t_usR_1M_32k (Timeout)
	 76 - t_usR_128K_8K (Timeout)
	 77 - t_usR_16_1 (Timeout)
	 78 - t_usR_32K_d (Timeout)
	 79 - t_usD_1M_32k (Timeout)
	 80 - t_usD_128K_8K (Timeout)
	 81 - t_usD_16_1 (Timeout)
	 82 - t_usD_32K_d (Timeout)
	 83 - t_ucS_128K_8K_l (Timeout)
	 84 - t_ucS_128K_8K_L (Timeout)
	 85 - t_ucS_128K_8K_lL (Timeout)
	 86 - t_ucR_128K_8K_l (Timeout)
	 87 - t_ucR_128K_8K_L (Timeout)
	 88 - t_ucR_128K_8K_lL (Timeout)
	 89 - t_ucD_128K_8K_l (Timeout)
	 90 - t_ucD_128K_8K_L (Timeout)
	 91 - t_ucD_128K_8K_lL (Timeout)
	 92 - t_usS_128K_8K_l (Timeout)
	 93 - t_usS_128K_8K_L (Timeout)
	 94 - t_usS_128K_8K_lL (Timeout)
	 95 - t_usR_128K_8K_l (Timeout)
	 96 - t_usR_128K_8K_L (Timeout)
	 97 - t_usR_128K_8K_lL (Timeout)
	 98 - t_usD_128K_8K_l (Timeout)
	 99 - t_usD_128K_8K_L (Timeout)
	100 - t_usD_128K_8K_lL (Timeout)
	101 - t_ipv4_client_send (Timeout)
	102 - t_ipv4_server_send (Timeout)
	103 - t_ipv4_client_recv (Timeout)
	104 - t_ipv4_server_recv (Timeout)
	105 - t_ipv4_client_dupl (Timeout)
	106 - t_ipv4_server_dupl (Timeout)
	107 - t_icS_1M_32k (Timeout)
	108 - t_icS_128K_8K (Timeout)
	109 - t_icS_16_1 (Timeout)
	110 - t_icS_32K_d (Timeout)
	111 - t_icR_1M_32k (Timeout)
	112 - t_icR_128K_8K (Timeout)
	113 - t_icR_16_1 (Timeout)
	114 - t_icR_32K_d (Timeout)
	115 - t_icD_1M_32k (Timeout)
	116 - t_icD_128K_8K (Timeout)
	117 - t_icD_16_1 (Timeout)
	118 - t_icD_32K_d (Timeout)
	119 - t_isS_1M_32k (Timeout)
	120 - t_isS_128K_8K (Timeout)
	121 - t_isS_16_1 (Timeout)
	122 - t_isS_32K_d (Timeout)
	123 - t_isR_1M_32k (Timeout)
	124 - t_isR_128K_8K (Timeout)
	125 - t_isR_16_1 (Timeout)
	126 - t_isR_32K_d (Timeout)
	127 - t_isD_1M_32k (Timeout)
	128 - t_isD_128K_8K (Timeout)
	129 - t_isD_16_1 (Timeout)
	130 - t_isD_32K_d (Timeout)
	131 - t_icS_128K_8K_l (Timeout)
	132 - t_icS_128K_8K_L (Timeout)
	133 - t_icS_128K_8K_lL (Timeout)
	134 - t_icR_128K_8K_l (Timeout)
	135 - t_icR_128K_8K_L (Timeout)
	136 - t_icR_128K_8K_lL (Timeout)
	137 - t_icD_128K_8K_l (Timeout)
	138 - t_icD_128K_8K_L (Timeout)
	139 - t_icD_128K_8K_lL (Timeout)
	140 - t_isS_128K_8K_l (Timeout)
	141 - t_isS_128K_8K_L (Timeout)
	142 - t_isS_128K_8K_lL (Timeout)
	143 - t_isR_128K_8K_l (Timeout)
	144 - t_isR_128K_8K_L (Timeout)
	145 - t_isR_128K_8K_lL (Timeout)
	146 - t_isD_128K_8K_l (Timeout)
	147 - t_isD_128K_8K_L (Timeout)
	148 - t_isD_128K_8K_lL (Timeout)
	149 - t_icnS_128K_8K_l (Failed)
	150 - t_icnS_128K_8K_L (Timeout)
	151 - t_icnS_128K_8K_lL (Failed)
	152 - t_icnR_128K_8K_l (Timeout)
	153 - t_icnR_128K_8K_L (Timeout)
	154 - t_icnR_128K_8K_lL (Timeout)
	155 - t_icnD_128K_8K_l (Failed)
	156 - t_icnD_128K_8K_L (Failed)
	157 - t_icnD_128K_8K_lL (Failed)
	158 - t_isnS_128K_8K_l (Timeout)
	159 - t_isnS_128K_8K_L (Timeout)
	160 - t_isnS_128K_8K_lL (Timeout)
	161 - t_isnR_128K_8K_l (Timeout)
	162 - t_isnR_128K_8K_L (Timeout)
	163 - t_isnR_128K_8K_lL (Timeout)
	164 - t_isnD_128K_8K_l (Timeout)
	165 - t_isnD_128K_8K_L (Timeout)
	166 - t_isnD_128K_8K_lL (Timeout)
Errors while running CTest
CMakeFiles/check_lab4.dir/build.make:57: recipe for target 'CMakeFiles/check_lab4' failed
make[3]: *** [CMakeFiles/check_lab4] Error 8
CMakeFiles/Makefile2:131: recipe for target 'CMakeFiles/check_lab4.dir/all' failed
make[2]: *** [CMakeFiles/check_lab4.dir/all] Error 2
CMakeFiles/Makefile2:138: recipe for target 'CMakeFiles/check_lab4.dir/rule' failed
make[1]: *** [CMakeFiles/check_lab4.dir/rule] Error 2
Makefile:155: recipe for target 'check_lab4' failed
make: *** [check_lab4] Error 2
