[100%] Testing the stream reassembler...
Test project /mnt/i/DIY/CS144/sponge/build
      Start 15: t_strm_reassem_single
 1/16 Test #15: t_strm_reassem_single ............***Failed    0.02 sec
Test Failure on expectation:
	Expectation: net bytes assembled = 8

Failure message:
	The reassembler was expected to have `8` total bytes assembled, but there were `3`

List of steps that executed successfully:
	Initialized (capacity = 8)
	Action:      substring submitted with data "abc", index `0`, eof `0`
	Expectation: net bytes assembled = 3
	Action:      substring submitted with data "bcdefgh", index `1`, eof `1`

Exception: The reassembler was expected to have `8` total bytes assembled, but there were `3`

      Start 16: t_strm_reassem_seq
 2/16 Test #16: t_strm_reassem_seq ...............   Passed    0.02 sec
      Start 17: t_strm_reassem_dup
 3/16 Test #17: t_strm_reassem_dup ...............***Failed    0.02 sec
Test Failure on expectation:
	Action:      substring submitted with data "abcd", index `4`, eof `0`

Failure message:
	basic_string::substr: __pos (which is 8) > this->size() (which is 4)

List of steps that executed successfully:
	Initialized (capacity = 65000)
	Action:      substring submitted with data "abcd", index `0`, eof `0`
	Expectation: net bytes assembled = 4
	Expectation: stream_out().buffer_size() returned 4, and stream_out().read(4) returned the string "abcd"
	Expectation: not at EOF
	Action:      substring submitted with data "abcd", index `4`, eof `0`
	Expectation: net bytes assembled = 8
	Expectation: stream_out().buffer_size() returned 4, and stream_out().read(4) returned the string "abcd"
	Expectation: not at EOF
	Action:      substring submitted with data "abcd", index `0`, eof `0`
	Expectation: net bytes assembled = 8
	Expectation: stream_out().buffer_size() returned 0, and stream_out().read(0) returned the string ""
	Expectation: not at EOF

Exception: The test caused your implementation to throw an exception!

      Start 18: t_strm_reassem_holes
 4/16 Test #18: t_strm_reassem_holes .............***Failed    0.02 sec
Test Failure on expectation:
	Expectation: net bytes assembled = 2

Failure message:
	The reassembler was expected to have `2` total bytes assembled, but there were `0`

List of steps that executed successfully:
	Initialized (capacity = 65000)
	Action:      substring submitted with data "b", index `1`, eof `0`
	Action:      substring submitted with data "a", index `0`, eof `0`

Exception: The reassembler was expected to have `2` total bytes assembled, but there were `0`

      Start 19: t_strm_reassem_many
 5/16 Test #19: t_strm_reassem_many ..............***Failed    0.02 sec
Exception: basic_string::substr: __pos (which is 18446744073709483094) > this->size() (which is 1280)

      Start 20: t_strm_reassem_overlapping
 6/16 Test #20: t_strm_reassem_overlapping .......***Failed    0.02 sec
Test Failure on expectation:
	Expectation: net bytes assembled = 2

Failure message:
	The reassembler was expected to have `2` total bytes assembled, but there were `1`

List of steps that executed successfully:
	Initialized (capacity = 1000)
	Action:      substring submitted with data "a", index `0`, eof `0`
	Action:      substring submitted with data "ab", index `0`, eof `0`

Exception: The reassembler was expected to have `2` total bytes assembled, but there were `1`

      Start 21: t_strm_reassem_win
 7/16 Test #21: t_strm_reassem_win ...............***Failed    0.02 sec
Exception: basic_string::substr: __pos (which is 18446744073709505896) > this->size() (which is 795)

      Start 22: t_strm_reassem_cap
 8/16 Test #22: t_strm_reassem_cap ...............***Failed    0.02 sec
Test Failure on expectation:
	Expectation: net bytes assembled = 2

Failure message:
	The reassembler was expected to have `2` total bytes assembled, but there were `1`

List of steps that executed successfully:
	Initialized (capacity = 1)
	Action:      substring submitted with data "ab", index `0`, eof `0`
	Expectation: net bytes assembled = 1
	Action:      substring submitted with data "ab", index `0`, eof `0`
	Expectation: net bytes assembled = 1
	Expectation: stream_out().buffer_size() returned 1, and stream_out().read(1) returned the string "a"
	Expectation: net bytes assembled = 1
	Action:      substring submitted with data "abc", index `0`, eof `0`

Exception: The reassembler was expected to have `2` total bytes assembled, but there were `1`

      Start 23: t_byte_stream_construction
 9/16 Test #23: t_byte_stream_construction .......   Passed    0.02 sec
      Start 24: t_byte_stream_one_write
10/16 Test #24: t_byte_stream_one_write ..........   Passed    0.02 sec
      Start 25: t_byte_stream_two_writes
11/16 Test #25: t_byte_stream_two_writes .........   Passed    0.02 sec
      Start 26: t_byte_stream_capacity
12/16 Test #26: t_byte_stream_capacity ...........   Passed    0.83 sec
      Start 27: t_byte_stream_many_writes
13/16 Test #27: t_byte_stream_many_writes ........   Passed    0.02 sec
      Start 50: t_address_dt
14/16 Test #50: t_address_dt .....................   Passed    0.03 sec
      Start 51: t_parser_dt
15/16 Test #51: t_parser_dt ......................   Passed    0.02 sec
      Start 52: t_socket_dt
16/16 Test #52: t_socket_dt ......................   Passed    0.02 sec

56% tests passed, 7 tests failed out of 16

Total Test time (real) =   1.71 sec

The following tests FAILED:
	 15 - t_strm_reassem_single (Failed)
	 17 - t_strm_reassem_dup (Failed)
	 18 - t_strm_reassem_holes (Failed)
	 19 - t_strm_reassem_many (Failed)
	 20 - t_strm_reassem_overlapping (Failed)
	 21 - t_strm_reassem_win (Failed)
	 22 - t_strm_reassem_cap (Failed)
Errors while running CTest
CMakeFiles/check_lab1.dir/build.make:57: recipe for target 'CMakeFiles/check_lab1' failed
make[3]: *** [CMakeFiles/check_lab1] Error 8
CMakeFiles/Makefile2:2759: recipe for target 'CMakeFiles/check_lab1.dir/all' failed
make[2]: *** [CMakeFiles/check_lab1.dir/all] Error 2
CMakeFiles/Makefile2:2766: recipe for target 'CMakeFiles/check_lab1.dir/rule' failed
make[1]: *** [CMakeFiles/check_lab1.dir/rule] Error 2
Makefile:1195: recipe for target 'check_lab1' failed
make: *** [check_lab1] Error 2
