[100%] Testing the stream reassembler...
Test project /mnt/i/DIY/CS144/sponge/build
      Start 15: t_strm_reassem_single
 1/16 Test #15: t_strm_reassem_single ............   Passed    0.17 sec
      Start 16: t_strm_reassem_seq
 2/16 Test #16: t_strm_reassem_seq ...............   Passed    0.18 sec
      Start 17: t_strm_reassem_dup
 3/16 Test #17: t_strm_reassem_dup ...............   Passed    0.27 sec
      Start 18: t_strm_reassem_holes
 4/16 Test #18: t_strm_reassem_holes .............   Passed    0.19 sec
      Start 19: t_strm_reassem_many
 5/16 Test #19: t_strm_reassem_many ..............***Failed    0.19 sec
-----after push_string(119926 - 121498)---
119926 - 121497
-------------------------------------------
-----after push_string(113011 - 114927)---
113011 - 114926
119926 - 121497
-------------------------------------------
-----after push_string(54243 - 54802)---
54243 - 54801
113011 - 114926
119926 - 121497
-------------------------------------------
-----after push_string(55514 - 55808)---
54243 - 54801
113011 - 114926
119926 - 121497
-------------------------------------------
-----after push_string(121498 - 122833)---
54243 - 54801
113011 - 114926
119926 - 121497
121498 - 122832
-------------------------------------------
-----after push_string(80257 - 81563)---
54243 - 54801
113011 - 114926
119926 - 121497
121498 - 122832
-------------------------------------------
-----after push_string(15163 - 15267)---
15163 - 15266
54243 - 54801
113011 - 114926
119926 - 121497
121498 - 122832
-------------------------------------------
-----after push_string(108625 - 110176)---
15163 - 15266
54243 - 54801
113011 - 114926
119926 - 121497
121498 - 122832
-------------------------------------------
-----after push_string(98007 - 99160)---
15163 - 15266
54243 - 54801
113011 - 114926
119926 - 121497
121498 - 122832
-------------------------------------------
-----after push_string(92631 - 92800)---
15163 - 15266
54243 - 54801
113011 - 114926
119926 - 121497
121498 - 122832
-------------------------------------------
-----after push_string(31598 - 32329)---
15163 - 15266
54243 - 54801
113011 - 114926
119926 - 121497
121498 - 122832
-------------------------------------------
-----after push_string(44249 - 45974)---
15163 - 15266
54243 - 54801
113011 - 114926
119926 - 121497
121498 - 122832
-------------------------------------------
-----after push_string(118343 - 119926)---
15163 - 15266
54243 - 54801
113011 - 114926
119926 - 121497
121498 - 122832
-------------------------------------------
-----after push_string(4589 - 4963)---
4589 - 4962
15163 - 15266
54243 - 54801
113011 - 114926
119926 - 121497
121498 - 122832
-------------------------------------------
-----after push_string(111254 - 112255)---
4589 - 4962
15163 - 15266
54243 - 54801
113011 - 114926
119926 - 121497
121498 - 122832
-------------------------------------------
-----after push_string(21934 - 22431)---
4589 - 4962
15163 - 15266
54243 - 54801
113011 - 114926
119926 - 121497
121498 - 122832
-------------------------------------------
-----after push_string(92800 - 92875)---
4589 - 4962
15163 - 15266
54243 - 54801
113011 - 114926
119926 - 121497
121498 - 122832
-------------------------------------------
-----after push_string(1613 - 2643)---
1613 - 2642
4589 - 4962
15163 - 15266
54243 - 54801
113011 - 114926
119926 - 121497
121498 - 122832
-------------------------------------------
-----after push_string(46690 - 47313)---
1613 - 2642
4589 - 4962
15163 - 15266
54243 - 54801
113011 - 114926
119926 - 121497
121498 - 122832
-------------------------------------------
-----after push_string(63379 - 63892)---
1613 - 2642
4589 - 4962
15163 - 15266
54243 - 54801
113011 - 114926
119926 - 121497
121498 - 122832
-------------------------------------------
-----after push_string(90955 - 92631)---
1613 - 2642
4589 - 4962
15163 - 15266
54243 - 54801
113011 - 114926
119926 - 121497
121498 - 122832
-------------------------------------------
-----after push_string(107091 - 108625)---
1613 - 2642
4589 - 4962
15163 - 15266
54243 - 54801
113011 - 114926
119926 - 121497
121498 - 122832
-------------------------------------------
-----after push_string(87751 - 88076)---
1613 - 2642
4589 - 4962
15163 - 15266
54243 - 54801
113011 - 114926
119926 - 121497
121498 - 122832
-------------------------------------------
-----after push_string(99160 - 99997)---
1613 - 2642
4589 - 4962
15163 - 15266
54243 - 54801
113011 - 114926
119926 - 121497
121498 - 122832
-------------------------------------------
-----after push_string(54802 - 55514)---
1613 - 2642
4589 - 4962
15163 - 15266
54243 - 55513
113011 - 114926
119926 - 121497
121498 - 122832
-------------------------------------------
-----after push_string(83750 - 84558)---
1613 - 2642
4589 - 4962
15163 - 15266
54243 - 55513
113011 - 114926
119926 - 121497
121498 - 122832
-------------------------------------------
-----after push_string(6776 - 7782)---
1613 - 2642
4589 - 4962
15163 - 15266
54243 - 55513
113011 - 114926
119926 - 121497
121498 - 122832
-------------------------------------------
-----after push_string(37017 - 37643)---
1613 - 2642
4589 - 4962
15163 - 15266
54243 - 55513
113011 - 114926
119926 - 121497
121498 - 122832
-------------------------------------------
-----after push_string(48266 - 49165)---
1613 - 2642
4589 - 4962
15163 - 15266
54243 - 55513
113011 - 114926
119926 - 121497
121498 - 122832
-------------------------------------------
-----after push_string(14378 - 15163)---
1613 - 2642
4589 - 4962
15163 - 15266
54243 - 55513
113011 - 114926
119926 - 121497
121498 - 122832
-------------------------------------------
-----after push_string(88710 - 89794)---
1613 - 2642
4589 - 4962
15163 - 15266
54243 - 55513
113011 - 114926
119926 - 121497
121498 - 122832
-------------------------------------------
-----after push_string(85951 - 87751)---
1613 - 2642
4589 - 4962
15163 - 15266
54243 - 55513
113011 - 114926
119926 - 121497
121498 - 122832
-------------------------------------------
-----after push_string(89794 - 90182)---
1613 - 2642
4589 - 4962
15163 - 15266
54243 - 55513
113011 - 114926
119926 - 121497
121498 - 122832
-------------------------------------------
-----after push_string(103337 - 103782)---
1613 - 2642
4589 - 4962
15163 - 15266
54243 - 55513
113011 - 114926
119926 - 121497
121498 - 122832
-------------------------------------------
-----after push_string(130347 - 131035)---
1613 - 2642
4589 - 4962
15163 - 15266
54243 - 55513
113011 - 114926
119926 - 121497
121498 - 122832
130347 - 131034
-------------------------------------------
-----after push_string(9334 - 11013)---
1613 - 2642
4589 - 4962
15163 - 15266
54243 - 55513
113011 - 114926
119926 - 121497
121498 - 122832
130347 - 131034
-------------------------------------------
-----after push_string(15267 - 17260)---
1613 - 2642
4589 - 4962
15163 - 17259
54243 - 55513
113011 - 114926
119926 - 121497
121498 - 122832
130347 - 131034
-------------------------------------------
-----after push_string(66345 - 66577)---
1613 - 2642
4589 - 4962
15163 - 17259
54243 - 55513
113011 - 114926
119926 - 121497
121498 - 122832
130347 - 131034
-------------------------------------------
-----after push_string(41700 - 42457)---
1613 - 2642
4589 - 4962
15163 - 17259
54243 - 55513
113011 - 114926
119926 - 121497
121498 - 122832
130347 - 131034
-------------------------------------------
-----after push_string(32329 - 32461)---
1613 - 2642
4589 - 4962
15163 - 17259
54243 - 55513
113011 - 114926
119926 - 121497
121498 - 122832
130347 - 131034
-------------------------------------------
-----after push_string(4276 - 4589)---
1613 - 2642
4589 - 4962
15163 - 17259
54243 - 55513
113011 - 114926
119926 - 121497
121498 - 122832
130347 - 131034
-------------------------------------------
-----after push_string(29898 - 31598)---
1613 - 2642
4589 - 4962
15163 - 17259
54243 - 55513
113011 - 114926
119926 - 121497
121498 - 122832
130347 - 131034
-------------------------------------------
-----after push_string(23533 - 24992)---
1613 - 2642
4589 - 4962
15163 - 17259
54243 - 55513
113011 - 114926
119926 - 121497
121498 - 122832
130347 - 131034
-------------------------------------------
-----after push_string(65918 - 66345)---
1613 - 2642
4589 - 4962
15163 - 17259
54243 - 55513
113011 - 114926
119926 - 121497
121498 - 122832
130347 - 131034
-------------------------------------------
-----after push_string(4963 - 6776)---
1613 - 2642
4589 - 6775
15163 - 17259
54243 - 55513
113011 - 114926
119926 - 121497
121498 - 122832
130347 - 131034
-------------------------------------------
-----after push_string(76827 - 78776)---
1613 - 2642
4589 - 6775
15163 - 17259
54243 - 55513
113011 - 114926
119926 - 121497
121498 - 122832
130347 - 131034
-------------------------------------------
-----after push_string(72678 - 74584)---
1613 - 2642
4589 - 6775
15163 - 17259
54243 - 55513
113011 - 114926
119926 - 121497
121498 - 122832
130347 - 131034
-------------------------------------------
-----after push_string(112255 - 112833)---
1613 - 2642
4589 - 6775
15163 - 17259
54243 - 55513
113011 - 114926
119926 - 121497
121498 - 122832
130347 - 131034
-------------------------------------------
-----after push_string(9030 - 9334)---
1613 - 2642
4589 - 6775
15163 - 17259
54243 - 55513
113011 - 114926
119926 - 121497
121498 - 122832
130347 - 131034
-------------------------------------------
-----after push_string(2643 - 4276)---
1613 - 4275
4589 - 6775
15163 - 17259
54243 - 55513
113011 - 114926
119926 - 121497
121498 - 122832
130347 - 131034
-------------------------------------------
-----after push_string(90182 - 90955)---
1613 - 4275
4589 - 6775
15163 - 17259
54243 - 55513
113011 - 114926
119926 - 121497
121498 - 122832
130347 - 131034
-------------------------------------------
-----after push_string(124582 - 125681)---
1613 - 4275
4589 - 6775
15163 - 17259
54243 - 55513
113011 - 114926
119926 - 121497
121498 - 122832
130347 - 131034
-------------------------------------------
-----after push_string(106045 - 107091)---
1613 - 4275
4589 - 6775
15163 - 17259
54243 - 55513
113011 - 114926
119926 - 121497
121498 - 122832
130347 - 131034
-------------------------------------------
-----after push_string(59418 - 60405)---
1613 - 4275
4589 - 6775
15163 - 17259
54243 - 55513
113011 - 114926
119926 - 121497
121498 - 122832
130347 - 131034
-------------------------------------------
-----after push_string(47313 - 48258)---
1613 - 4275
4589 - 6775
15163 - 17259
54243 - 55513
113011 - 114926
119926 - 121497
121498 - 122832
130347 - 131034
-------------------------------------------
-----after push_string(55808 - 57474)---
1613 - 4275
4589 - 6775
15163 - 17259
54243 - 55513
113011 - 114926
119926 - 121497
121498 - 122832
130347 - 131034
-------------------------------------------
-----after push_string(78776 - 80257)---
1613 - 4275
4589 - 6775
15163 - 17259
54243 - 55513
113011 - 114926
119926 - 121497
121498 - 122832
130347 - 131034
-------------------------------------------
-----after push_string(114927 - 116576)---
1613 - 4275
4589 - 6775
15163 - 17259
54243 - 55513
113011 - 116575
119926 - 121497
121498 - 122832
130347 - 131034
-------------------------------------------
-----after push_string(24992 - 25514)---
1613 - 4275
4589 - 6775
15163 - 17259
54243 - 55513
113011 - 116575
119926 - 121497
121498 - 122832
130347 - 131034
-------------------------------------------
-----after push_string(100840 - 101630)---
1613 - 4275
4589 - 6775
15163 - 17259
54243 - 55513
113011 - 116575
119926 - 121497
121498 - 122832
130347 - 131034
-------------------------------------------
-----after push_string(52372 - 52441)---
1613 - 4275
4589 - 6775
15163 - 17259
54243 - 55513
113011 - 116575
119926 - 121497
121498 - 122832
130347 - 131034
-------------------------------------------
-----after push_string(95487 - 97201)---
1613 - 4275
4589 - 6775
15163 - 17259
54243 - 55513
113011 - 116575
119926 - 121497
121498 - 122832
130347 - 131034
-------------------------------------------
-----after push_string(41614 - 41700)---
1613 - 4275
4589 - 6775
15163 - 17259
54243 - 55513
113011 - 116575
119926 - 121497
121498 - 122832
130347 - 131034
-------------------------------------------
-----after push_string(112833 - 113011)---
1613 - 4275
4589 - 6775
15163 - 17259
54243 - 55513
113011 - 116575
119926 - 121497
121498 - 122832
130347 - 131034
-------------------------------------------
-----after push_string(101630 - 102767)---
1613 - 4275
4589 - 6775
15163 - 17259
54243 - 55513
113011 - 116575
119926 - 121497
121498 - 122832
130347 - 131034
-------------------------------------------
-----after push_string(102910 - 103337)---
1613 - 4275
4589 - 6775
15163 - 17259
54243 - 55513
113011 - 116575
119926 - 121497
121498 - 122832
130347 - 131034
-------------------------------------------
-----after push_string(18155 - 18708)---
1613 - 4275
4589 - 6775
15163 - 17259
54243 - 55513
113011 - 116575
119926 - 121497
121498 - 122832
130347 - 131034
-------------------------------------------
-----after push_string(104539 - 106045)---
1613 - 4275
4589 - 6775
15163 - 17259
54243 - 55513
113011 - 116575
119926 - 121497
121498 - 122832
130347 - 131034
-------------------------------------------
-----after push_string(38511 - 40388)---
1613 - 4275
4589 - 6775
15163 - 17259
54243 - 55513
113011 - 116575
119926 - 121497
121498 - 122832
130347 - 131034
-------------------------------------------
-----after push_string(128552 - 130347)---
1613 - 4275
4589 - 6775
15163 - 17259
54243 - 55513
113011 - 116575
119926 - 121497
121498 - 122832
130347 - 131034
-------------------------------------------
-----after push_string(40388 - 41614)---
1613 - 4275
4589 - 6775
15163 - 17259
54243 - 55513
113011 - 116575
119926 - 121497
121498 - 122832
130347 - 131034
-------------------------------------------
-----after push_string(35270 - 36961)---
1613 - 4275
4589 - 6775
15163 - 17259
54243 - 55513
113011 - 116575
119926 - 121497
121498 - 122832
130347 - 131034
-------------------------------------------
-----after push_string(103782 - 104391)---
1613 - 4275
4589 - 6775
15163 - 17259
54243 - 55513
113011 - 116575
119926 - 121497
121498 - 122832
130347 - 131034
-------------------------------------------
-----after push_string(7782 - 9030)---
1613 - 4275
4589 - 6775
15163 - 17259
54243 - 55513
113011 - 116575
119926 - 121497
121498 - 122832
130347 - 131034
-------------------------------------------
-----after push_string(81563 - 83172)---
1613 - 4275
4589 - 6775
15163 - 17259
54243 - 55513
113011 - 116575
119926 - 121497
121498 - 122832
130347 - 131034
-------------------------------------------
-----after push_string(11013 - 12775)---
1613 - 4275
4589 - 6775
15163 - 17259
54243 - 55513
113011 - 116575
119926 - 121497
121498 - 122832
130347 - 131034
-------------------------------------------
-----after push_string(22431 - 23533)---
1613 - 4275
4589 - 6775
15163 - 17259
54243 - 55513
113011 - 116575
119926 - 121497
121498 - 122832
130347 - 131034
-------------------------------------------
-----after push_string(32742 - 32838)---
1613 - 4275
4589 - 6775
15163 - 17259
54243 - 55513
113011 - 116575
119926 - 121497
121498 - 122832
130347 - 131034
-------------------------------------------
-----after push_string(83172 - 83750)---
1613 - 4275
4589 - 6775
15163 - 17259
54243 - 55513
113011 - 116575
119926 - 121497
121498 - 122832
130347 - 131034
-------------------------------------------
-----after push_string(57474 - 59418)---
1613 - 4275
4589 - 6775
15163 - 17259
54243 - 55513
113011 - 116575
119926 - 121497
121498 - 122832
130347 - 131034
-------------------------------------------
-----after push_string(32838 - 34225)---
1613 - 4275
4589 - 6775
15163 - 17259
54243 - 55513
113011 - 116575
119926 - 121497
121498 - 122832
130347 - 131034
-------------------------------------------
-----after push_string(85311 - 85951)---
1613 - 4275
4589 - 6775
15163 - 17259
54243 - 55513
113011 - 116575
119926 - 121497
121498 - 122832
130347 - 131034
-------------------------------------------
-----after push_string(37643 - 38511)---
1613 - 4275
4589 - 6775
15163 - 17259
54243 - 55513
113011 - 116575
119926 - 121497
121498 - 122832
130347 - 131034
-------------------------------------------
-----after push_string(92875 - 93501)---
1613 - 4275
4589 - 6775
15163 - 17259
54243 - 55513
113011 - 116575
119926 - 121497
121498 - 122832
130347 - 131034
-------------------------------------------
-----after push_string(127119 - 128552)---
1613 - 4275
4589 - 6775
15163 - 17259
54243 - 55513
113011 - 116575
119926 - 121497
121498 - 122832
130347 - 131034
-------------------------------------------
-----after push_string(125681 - 127119)---
1613 - 4275
4589 - 6775
15163 - 17259
54243 - 55513
113011 - 116575
119926 - 121497
121498 - 122832
130347 - 131034
-------------------------------------------
-----after push_string(116576 - 118343)---
1613 - 4275
4589 - 6775
15163 - 17259
54243 - 55513
113011 - 118342
119926 - 121497
121498 - 122832
130347 - 131034
-------------------------------------------
-----after push_string(75525 - 76827)---
1613 - 4275
4589 - 6775
15163 - 17259
54243 - 55513
113011 - 118342
119926 - 121497
121498 - 122832
130347 - 131034
-------------------------------------------
-----after push_string(60922 - 61936)---
1613 - 4275
4589 - 6775
15163 - 17259
54243 - 55513
113011 - 118342
119926 - 121497
121498 - 122832
130347 - 131034
-------------------------------------------
-----after push_string(122864 - 124582)---
1613 - 4275
4589 - 6775
15163 - 17259
54243 - 55513
113011 - 118342
119926 - 121497
121498 - 122832
130347 - 131034
-------------------------------------------
-----after push_string(20507 - 21934)---
1613 - 4275
4589 - 6775
15163 - 17259
54243 - 55513
113011 - 118342
119926 - 121497
121498 - 122832
130347 - 131034
-------------------------------------------
-----after push_string(63892 - 65918)---
1613 - 4275
4589 - 6775
15163 - 17259
54243 - 55513
113011 - 118342
119926 - 121497
121498 - 122832
130347 - 131034
-------------------------------------------
-----after push_string(50732 - 52372)---
1613 - 4275
4589 - 6775
15163 - 17259
54243 - 55513
113011 - 118342
119926 - 121497
121498 - 122832
130347 - 131034
-------------------------------------------
-----after push_string(68524 - 69312)---
1613 - 4275
4589 - 6775
15163 - 17259
54243 - 55513
113011 - 118342
119926 - 121497
121498 - 122832
130347 - 131034
-------------------------------------------
-----after push_string(84558 - 85311)---
1613 - 4275
4589 - 6775
15163 - 17259
54243 - 55513
113011 - 118342
119926 - 121497
121498 - 122832
130347 - 131034
-------------------------------------------
-----after push_string(74584 - 75525)---
1613 - 4275
4589 - 6775
15163 - 17259
54243 - 55513
113011 - 118342
119926 - 121497
121498 - 122832
130347 - 131034
-------------------------------------------
-----after push_string(26692 - 28227)---
1613 - 4275
4589 - 6775
15163 - 17259
54243 - 55513
113011 - 118342
119926 - 121497
121498 - 122832
130347 - 131034
-------------------------------------------
-----after push_string(18708 - 20507)---
1613 - 4275
4589 - 6775
15163 - 17259
54243 - 55513
113011 - 118342
119926 - 121497
121498 - 122832
130347 - 131034
-------------------------------------------
-----after push_string(45974 - 46690)---
1613 - 4275
4589 - 6775
15163 - 17259
54243 - 55513
113011 - 118342
119926 - 121497
121498 - 122832
130347 - 131034
-------------------------------------------
-----after push_string(28227 - 29898)---
1613 - 4275
4589 - 6775
15163 - 17259
54243 - 55513
113011 - 118342
119926 - 121497
121498 - 122832
130347 - 131034
-------------------------------------------
-----after push_string(71219 - 72678)---
1613 - 4275
4589 - 6775
15163 - 17259
54243 - 55513
113011 - 118342
119926 - 121497
121498 - 122832
130347 - 131034
-------------------------------------------
-----after push_string(42457 - 44249)---
1613 - 4275
4589 - 6775
15163 - 17259
54243 - 55513
113011 - 118342
119926 - 121497
121498 - 122832
130347 - 131034
-------------------------------------------
-----after push_string(88076 - 88710)---
1613 - 4275
4589 - 6775
15163 - 17259
54243 - 55513
113011 - 118342
119926 - 121497
121498 - 122832
130347 - 131034
-------------------------------------------
-----after push_string(34225 - 35270)---
1613 - 4275
4589 - 6775
15163 - 17259
54243 - 55513
113011 - 118342
119926 - 121497
121498 - 122832
130347 - 131034
-------------------------------------------
-----after push_string(102767 - 102910)---
1613 - 4275
4589 - 6775
15163 - 17259
54243 - 55513
113011 - 118342
119926 - 121497
121498 - 122832
130347 - 131034
-------------------------------------------
-----after push_string(66577 - 68524)---
1613 - 4275
4589 - 6775
15163 - 17259
54243 - 55513
113011 - 118342
119926 - 121497
121498 - 122832
130347 - 131034
-------------------------------------------
-----after push_string(17260 - 17635)---
1613 - 4275
4589 - 6775
15163 - 17634
54243 - 55513
113011 - 118342
119926 - 121497
121498 - 122832
130347 - 131034
-------------------------------------------
-----after push_string(26061 - 26692)---
1613 - 4275
4589 - 6775
15163 - 17634
54243 - 55513
113011 - 118342
119926 - 121497
121498 - 122832
130347 - 131034
-------------------------------------------
-----after push_string(110773 - 111254)---
1613 - 4275
4589 - 6775
15163 - 17634
54243 - 55513
113011 - 118342
119926 - 121497
121498 - 122832
130347 - 131034
-------------------------------------------
-----after push_string(32461 - 32742)---
1613 - 4275
4589 - 6775
15163 - 17634
54243 - 55513
113011 - 118342
119926 - 121497
121498 - 122832
130347 - 131034
-------------------------------------------
-----after push_string(49165 - 50732)---
1613 - 4275
4589 - 6775
15163 - 17634
54243 - 55513
113011 - 118342
119926 - 121497
121498 - 122832
130347 - 131034
-------------------------------------------
-----after push_string(99997 - 100840)---
1613 - 4275
4589 - 6775
15163 - 17634
54243 - 55513
113011 - 118342
119926 - 121497
121498 - 122832
130347 - 131034
-------------------------------------------
-----after push_string(69312 - 71219)---
1613 - 4275
4589 - 6775
15163 - 17634
54243 - 55513
113011 - 118342
119926 - 121497
121498 - 122832
130347 - 131034
-------------------------------------------
-----after push_string(97201 - 98007)---
1613 - 4275
4589 - 6775
15163 - 17634
54243 - 55513
113011 - 118342
119926 - 121497
121498 - 122832
130347 - 131034
-------------------------------------------
-----after push_string(110176 - 110773)---
1613 - 4275
4589 - 6775
15163 - 17634
54243 - 55513
113011 - 118342
119926 - 121497
121498 - 122832
130347 - 131034
-------------------------------------------
-----after push_string(48258 - 48266)---
1613 - 4275
4589 - 6775
15163 - 17634
54243 - 55513
113011 - 118342
119926 - 121497
121498 - 122832
130347 - 131034
-------------------------------------------
-----after push_string(25514 - 26061)---
1613 - 4275
4589 - 6775
15163 - 17634
54243 - 55513
113011 - 118342
119926 - 121497
121498 - 122832
130347 - 131034
-------------------------------------------
-----after push_string(36961 - 37017)---
1613 - 4275
4589 - 6775
15163 - 17634
54243 - 55513
113011 - 118342
119926 - 121497
121498 - 122832
130347 - 131034
-------------------------------------------
-----after push_string(61936 - 63379)---
1613 - 4275
4589 - 6775
15163 - 17634
54243 - 55513
113011 - 118342
119926 - 121497
121498 - 122832
130347 - 131034
-------------------------------------------
-----after push_string(93501 - 94495)---
1613 - 4275
4589 - 6775
15163 - 17634
54243 - 55513
113011 - 118342
119926 - 121497
121498 - 122832
130347 - 131034
-------------------------------------------
-----after push_string(122833 - 122864)---
1613 - 4275
4589 - 6775
15163 - 17634
54243 - 55513
113011 - 118342
119926 - 121497
121498 - 122863
130347 - 131034
-------------------------------------------
-----after push_string(17635 - 18155)---
1613 - 4275
4589 - 6775
15163 - 18154
54243 - 55513
113011 - 118342
119926 - 121497
121498 - 122863
130347 - 131034
-------------------------------------------
-----after push_string(94495 - 95487)---
1613 - 4275
4589 - 6775
15163 - 18154
54243 - 55513
113011 - 118342
119926 - 121497
121498 - 122863
130347 - 131034
-------------------------------------------
-----after push_string(12775 - 14378)---
1613 - 4275
4589 - 6775
15163 - 18154
54243 - 55513
113011 - 118342
119926 - 121497
121498 - 122863
130347 - 131034
-------------------------------------------
-----after push_string(104391 - 104539)---
1613 - 4275
4589 - 6775
15163 - 18154
54243 - 55513
113011 - 118342
119926 - 121497
121498 - 122863
130347 - 131034
-------------------------------------------
-----after push_string(0 - 1613)---
4589 - 6775
15163 - 18154
54243 - 55513
113011 - 118342
119926 - 121497
121498 - 122863
130347 - 131034
-------------------------------------------
-----after push_string(60405 - 60922)---
4589 - 6775
15163 - 18154
54243 - 55513
113011 - 118342
119926 - 121497
121498 - 122863
130347 - 131034
-------------------------------------------
-----after push_string(52441 - 54243)---
4589 - 6775
15163 - 18154
54243 - 55513
113011 - 118342
119926 - 121497
121498 - 122863
130347 - 131034
-------------------------------------------
Exception: test 1 - number of bytes RX is incorrect

      Start 20: t_strm_reassem_overlapping
 6/16 Test #20: t_strm_reassem_overlapping .......   Passed    0.17 sec
      Start 21: t_strm_reassem_win
 7/16 Test #21: t_strm_reassem_win ...............***Failed    0.13 sec
-----after push_string(51335 - 52109)---
51335 - 52108
-------------------------------------------
-----after push_string(61209 - 62734)---
51335 - 52108
61209 - 62733
-------------------------------------------
-----after push_string(50222 - 52011)---
50222 - 52108
61209 - 62733
-------------------------------------------
-----after push_string(96270 - 97598)---
50222 - 52108
61209 - 62733
96270 - 97597
-------------------------------------------
-----after push_string(55538 - 56948)---
50222 - 52108
61209 - 62733
96270 - 97597
-------------------------------------------
-----after push_string(37129 - 38987)---
37129 - 38986
50222 - 52108
61209 - 62733
96270 - 97597
-------------------------------------------
-----after push_string(35683 - 37034)---
35683 - 37033
37129 - 38986
50222 - 52108
61209 - 62733
96270 - 97597
-------------------------------------------
-----after push_string(8538 - 9172)---
8538 - 9171
35683 - 37033
37129 - 38986
50222 - 52108
61209 - 62733
96270 - 97597
-------------------------------------------
-----after push_string(41911 - 43751)---
8538 - 9171
35683 - 37033
37129 - 38986
50222 - 52108
61209 - 62733
96270 - 97597
-------------------------------------------
-----after push_string(0 - 1729)---
8538 - 9171
35683 - 37033
37129 - 38986
50222 - 52108
61209 - 62733
96270 - 97597
-------------------------------------------
-----after push_string(48337 - 49569)---
8538 - 9171
35683 - 37033
37129 - 38986
50222 - 52108
61209 - 62733
96270 - 97597
-------------------------------------------
-----after push_string(112804 - 114499)---
8538 - 9171
35683 - 37033
37129 - 38986
50222 - 52108
61209 - 62733
96270 - 97597
112804 - 114498
-------------------------------------------
-----after push_string(70027 - 71123)---
8538 - 9171
35683 - 37033
37129 - 38986
50222 - 52108
61209 - 62733
96270 - 97597
112804 - 114498
-------------------------------------------
-----after push_string(69124 - 70604)---
8538 - 9171
35683 - 37033
37129 - 38986
50222 - 52108
61209 - 62733
96270 - 97597
112804 - 114498
-------------------------------------------
-----after push_string(101141 - 102483)---
8538 - 9171
35683 - 37033
37129 - 38986
50222 - 52108
61209 - 62733
96270 - 97597
112804 - 114498
-------------------------------------------
-----after push_string(25814 - 27294)---
8538 - 9171
35683 - 37033
37129 - 38986
50222 - 52108
61209 - 62733
96270 - 97597
112804 - 114498
-------------------------------------------
-----after push_string(30310 - 30967)---
8538 - 9171
35683 - 37033
37129 - 38986
50222 - 52108
61209 - 62733
96270 - 97597
112804 - 114498
-------------------------------------------
-----after push_string(29760 - 30941)---
8538 - 9171
35683 - 37033
37129 - 38986
50222 - 52108
61209 - 62733
96270 - 97597
112804 - 114498
-------------------------------------------
-----after push_string(70531 - 70717)---
8538 - 9171
35683 - 37033
37129 - 38986
50222 - 52108
61209 - 62733
96270 - 97597
112804 - 114498
-------------------------------------------
-----after push_string(77852 - 80260)---
8538 - 9171
35683 - 37033
37129 - 38986
50222 - 52108
61209 - 62733
96270 - 97597
112804 - 114498
-------------------------------------------
-----after push_string(46871 - 48059)---
8538 - 9171
35683 - 37033
37129 - 38986
50222 - 52108
61209 - 62733
96270 - 97597
112804 - 114498
-------------------------------------------
-----after push_string(113952 - 114968)---
8538 - 9171
35683 - 37033
37129 - 38986
50222 - 52108
61209 - 62733
96270 - 97597
112804 - 114967
-------------------------------------------
-----after push_string(112554 - 113750)---
8538 - 9171
35683 - 37033
37129 - 38986
50222 - 52108
61209 - 62733
96270 - 97597
112804 - 114967
-------------------------------------------
-----after push_string(65978 - 66906)---
8538 - 9171
35683 - 37033
37129 - 38986
50222 - 52108
61209 - 62733
96270 - 97597
112804 - 114967
-------------------------------------------
-----after push_string(66204 - 67018)---
8538 - 9171
35683 - 37033
37129 - 38986
50222 - 52108
61209 - 62733
96270 - 97597
112804 - 114967
-------------------------------------------
-----after push_string(27443 - 27992)---
8538 - 9171
35683 - 37033
37129 - 38986
50222 - 52108
61209 - 62733
96270 - 97597
112804 - 114967
-------------------------------------------
-----after push_string(110816 - 112903)---
8538 - 9171
35683 - 37033
37129 - 38986
50222 - 52108
61209 - 62733
96270 - 97597
112804 - 114967
-------------------------------------------
-----after push_string(73617 - 75824)---
8538 - 9171
35683 - 37033
37129 - 38986
50222 - 52108
61209 - 62733
96270 - 97597
112804 - 114967
-------------------------------------------
-----after push_string(36117 - 37503)---
8538 - 9171
35683 - 37502
50222 - 52108
61209 - 62733
96270 - 97597
112804 - 114967
-------------------------------------------
-----after push_string(86519 - 88525)---
8538 - 9171
35683 - 37502
50222 - 52108
61209 - 62733
96270 - 97597
112804 - 114967
-------------------------------------------
-----after push_string(6886 - 8795)---
6886 - 9171
35683 - 37502
50222 - 52108
61209 - 62733
96270 - 97597
112804 - 114967
-------------------------------------------
-----after push_string(33155 - 34130)---
6886 - 9171
35683 - 37502
50222 - 52108
61209 - 62733
96270 - 97597
112804 - 114967
-------------------------------------------
-----after push_string(10082 - 11741)---
6886 - 9171
35683 - 37502
50222 - 52108
61209 - 62733
96270 - 97597
112804 - 114967
-------------------------------------------
-----after push_string(87968 - 89534)---
6886 - 9171
35683 - 37502
50222 - 52108
61209 - 62733
96270 - 97597
112804 - 114967
-------------------------------------------
-----after push_string(20530 - 22455)---
6886 - 9171
35683 - 37502
50222 - 52108
61209 - 62733
96270 - 97597
112804 - 114967
-------------------------------------------
-----after push_string(47865 - 48666)---
6886 - 9171
35683 - 37502
50222 - 52108
61209 - 62733
96270 - 97597
112804 - 114967
-------------------------------------------
-----after push_string(31623 - 33507)---
6886 - 9171
35683 - 37502
50222 - 52108
61209 - 62733
96270 - 97597
112804 - 114967
-------------------------------------------
-----after push_string(12589 - 13849)---
6886 - 9171
35683 - 37502
50222 - 52108
61209 - 62733
96270 - 97597
112804 - 114967
-------------------------------------------
-----after push_string(8414 - 10760)---
6886 - 10759
35683 - 37502
50222 - 52108
61209 - 62733
96270 - 97597
112804 - 114967
-------------------------------------------
-----after push_string(15596 - 16741)---
6886 - 10759
35683 - 37502
50222 - 52108
61209 - 62733
96270 - 97597
112804 - 114967
-------------------------------------------
-----after push_string(40364 - 42502)---
6886 - 10759
35683 - 37502
50222 - 52108
61209 - 62733
96270 - 97597
112804 - 114967
-------------------------------------------
-----after push_string(53234 - 55097)---
6886 - 10759
35683 - 37502
50222 - 52108
61209 - 62733
96270 - 97597
112804 - 114967
-------------------------------------------
-----after push_string(83005 - 85192)---
6886 - 10759
35683 - 37502
50222 - 52108
61209 - 62733
96270 - 97597
112804 - 114967
-------------------------------------------
-----after push_string(68368 - 69998)---
6886 - 10759
35683 - 37502
50222 - 52108
61209 - 62733
96270 - 97597
112804 - 114967
-------------------------------------------
-----after push_string(107599 - 108616)---
6886 - 10759
35683 - 37502
50222 - 52108
61209 - 62733
96270 - 97597
112804 - 114967
-------------------------------------------
-----after push_string(70422 - 72594)---
6886 - 10759
35683 - 37502
50222 - 52108
61209 - 62733
96270 - 97597
112804 - 114967
-------------------------------------------
-----after push_string(59667 - 61411)---
6886 - 10759
35683 - 37502
50222 - 52108
61209 - 62733
96270 - 97597
112804 - 114967
-------------------------------------------
-----after push_string(108424 - 109485)---
6886 - 10759
35683 - 37502
50222 - 52108
61209 - 62733
96270 - 97597
112804 - 114967
-------------------------------------------
-----after push_string(46412 - 46952)---
6886 - 10759
35683 - 37502
50222 - 52108
61209 - 62733
96270 - 97597
112804 - 114967
-------------------------------------------
-----after push_string(95654 - 97165)---
6886 - 10759
35683 - 37502
50222 - 52108
61209 - 62733
96270 - 97597
112804 - 114967
-------------------------------------------
-----after push_string(34837 - 36488)---
6886 - 10759
35683 - 37502
50222 - 52108
61209 - 62733
96270 - 97597
112804 - 114967
-------------------------------------------
-----after push_string(48814 - 49818)---
6886 - 10759
35683 - 37502
50222 - 52108
61209 - 62733
96270 - 97597
112804 - 114967
-------------------------------------------
-----after push_string(104045 - 105017)---
6886 - 10759
35683 - 37502
50222 - 52108
61209 - 62733
96270 - 97597
112804 - 114967
-------------------------------------------
-----after push_string(23265 - 25327)---
6886 - 10759
35683 - 37502
50222 - 52108
61209 - 62733
96270 - 97597
112804 - 114967
-------------------------------------------
-----after push_string(62379 - 63614)---
6886 - 10759
35683 - 37502
50222 - 52108
61209 - 63613
96270 - 97597
112804 - 114967
-------------------------------------------
-----after push_string(102348 - 104231)---
6886 - 10759
35683 - 37502
50222 - 52108
61209 - 63613
96270 - 97597
112804 - 114967
-------------------------------------------
-----after push_string(17102 - 17540)---
6886 - 10759
35683 - 37502
50222 - 52108
61209 - 63613
96270 - 97597
112804 - 114967
-------------------------------------------
-----after push_string(14643 - 16149)---
6886 - 10759
35683 - 37502
50222 - 52108
61209 - 63613
96270 - 97597
112804 - 114967
-------------------------------------------
-----after push_string(48715 - 49210)---
6886 - 10759
35683 - 37502
50222 - 52108
61209 - 63613
96270 - 97597
112804 - 114967
-------------------------------------------
-----after push_string(93264 - 95236)---
6886 - 10759
35683 - 37502
50222 - 52108
61209 - 63613
96270 - 97597
112804 - 114967
-------------------------------------------
-----after push_string(52644 - 53776)---
6886 - 10759
35683 - 37502
50222 - 52108
61209 - 63613
96270 - 97597
112804 - 114967
-------------------------------------------
-----after push_string(43683 - 44807)---
6886 - 10759
35683 - 37502
50222 - 52108
61209 - 63613
96270 - 97597
112804 - 114967
-------------------------------------------
-----after push_string(80235 - 82503)---
6886 - 10759
35683 - 37502
50222 - 52108
61209 - 63613
96270 - 97597
112804 - 114967
-------------------------------------------
-----after push_string(64660 - 66587)---
6886 - 10759
35683 - 37502
50222 - 52108
61209 - 63613
96270 - 97597
112804 - 114967
-------------------------------------------
-----after push_string(10837 - 12724)---
6886 - 10759
35683 - 37502
50222 - 52108
61209 - 63613
96270 - 97597
112804 - 114967
-------------------------------------------
-----after push_string(13811 - 14715)---
6886 - 10759
35683 - 37502
50222 - 52108
61209 - 63613
96270 - 97597
112804 - 114967
-------------------------------------------
-----after push_string(76198 - 77697)---
6886 - 10759
35683 - 37502
50222 - 52108
61209 - 63613
96270 - 97597
112804 - 114967
-------------------------------------------
-----after push_string(110601 - 111606)---
6886 - 10759
35683 - 37502
50222 - 52108
61209 - 63613
96270 - 97597
112804 - 114967
-------------------------------------------
-----after push_string(109281 - 111155)---
6886 - 10759
35683 - 37502
50222 - 52108
61209 - 63613
96270 - 97597
112804 - 114967
-------------------------------------------
-----after push_string(4082 - 5666)---
4082 - 5665
6886 - 10759
35683 - 37502
50222 - 52108
61209 - 63613
96270 - 97597
112804 - 114967
-------------------------------------------
-----after push_string(90306 - 91990)---
4082 - 5665
6886 - 10759
35683 - 37502
50222 - 52108
61209 - 63613
96270 - 97597
112804 - 114967
-------------------------------------------
-----after push_string(107331 - 108411)---
4082 - 5665
6886 - 10759
35683 - 37502
50222 - 52108
61209 - 63613
96270 - 97597
112804 - 114967
-------------------------------------------
-----after push_string(44683 - 44897)---
4082 - 5665
6886 - 10759
35683 - 37502
50222 - 52108
61209 - 63613
96270 - 97597
112804 - 114967
-------------------------------------------
-----after push_string(85137 - 86800)---
4082 - 5665
6886 - 10759
35683 - 37502
50222 - 52108
61209 - 63613
96270 - 97597
112804 - 114967
-------------------------------------------
-----after push_string(14001 - 15158)---
4082 - 5665
6886 - 10759
35683 - 37502
50222 - 52108
61209 - 63613
96270 - 97597
112804 - 114967
-------------------------------------------
-----after push_string(54248 - 56029)---
4082 - 5665
6886 - 10759
35683 - 37502
50222 - 52108
61209 - 63613
96270 - 97597
112804 - 114967
-------------------------------------------
-----after push_string(57229 - 58753)---
4082 - 5665
6886 - 10759
35683 - 37502
50222 - 52108
61209 - 63613
96270 - 97597
112804 - 114967
-------------------------------------------
-----after push_string(27719 - 29845)---
4082 - 5665
6886 - 10759
35683 - 37502
50222 - 52108
61209 - 63613
96270 - 97597
112804 - 114967
-------------------------------------------
-----after push_string(71998 - 73868)---
4082 - 5665
6886 - 10759
35683 - 37502
50222 - 52108
61209 - 63613
96270 - 97597
112804 - 114967
-------------------------------------------
-----after push_string(19157 - 21098)---
4082 - 5665
6886 - 10759
35683 - 37502
50222 - 52108
61209 - 63613
96270 - 97597
112804 - 114967
-------------------------------------------
-----after push_string(56678 - 57362)---
4082 - 5665
6886 - 10759
35683 - 37502
50222 - 52108
61209 - 63613
96270 - 97597
112804 - 114967
-------------------------------------------
-----after push_string(5034 - 7017)---
4082 - 7016
35683 - 37502
50222 - 52108
61209 - 63613
96270 - 97597
112804 - 114967
-------------------------------------------
-----after push_string(17489 - 18647)---
4082 - 7016
35683 - 37502
50222 - 52108
61209 - 63613
96270 - 97597
112804 - 114967
-------------------------------------------
-----after push_string(39233 - 40869)---
4082 - 7016
35683 - 37502
50222 - 52108
61209 - 63613
96270 - 97597
112804 - 114967
-------------------------------------------
-----after push_string(91586 - 93795)---
4082 - 7016
35683 - 37502
50222 - 52108
61209 - 63613
96270 - 97597
112804 - 114967
-------------------------------------------
-----after push_string(96824 - 98652)---
4082 - 7016
35683 - 37502
50222 - 52108
61209 - 63613
96270 - 98651
112804 - 114967
-------------------------------------------
-----after push_string(75592 - 76763)---
4082 - 7016
35683 - 37502
50222 - 52108
61209 - 63613
96270 - 98651
112804 - 114967
-------------------------------------------
-----after push_string(1197 - 2778)---
4082 - 7016
35683 - 37502
50222 - 52108
61209 - 63613
96270 - 98651
112804 - 114967
-------------------------------------------
-----after push_string(18442 - 19898)---
4082 - 7016
35683 - 37502
50222 - 52108
61209 - 63613
96270 - 98651
112804 - 114967
-------------------------------------------
-----after push_string(24747 - 26079)---
4082 - 7016
35683 - 37502
50222 - 52108
61209 - 63613
96270 - 98651
112804 - 114967
-------------------------------------------
-----after push_string(76744 - 77015)---
4082 - 7016
35683 - 37502
50222 - 52108
61209 - 63613
96270 - 98651
112804 - 114967
-------------------------------------------
-----after push_string(76962 - 78420)---
4082 - 7016
35683 - 37502
50222 - 52108
61209 - 63613
96270 - 98651
112804 - 114967
-------------------------------------------
-----after push_string(51125 - 52884)---
4082 - 7016
35683 - 37502
50222 - 52883
61209 - 63613
96270 - 98651
112804 - 114967
-------------------------------------------
-----after push_string(49623 - 50281)---
4082 - 7016
35683 - 37502
50222 - 52883
61209 - 63613
96270 - 98651
112804 - 114967
-------------------------------------------
-----after push_string(92183 - 92597)---
4082 - 7016
35683 - 37502
50222 - 52883
61209 - 63613
96270 - 98651
112804 - 114967
-------------------------------------------
-----after push_string(48132 - 49171)---
4082 - 7016
35683 - 37502
50222 - 52883
61209 - 63613
96270 - 98651
112804 - 114967
-------------------------------------------
-----after push_string(85131 - 85323)---
4082 - 7016
35683 - 37502
50222 - 52883
61209 - 63613
96270 - 98651
112804 - 114967
-------------------------------------------
-----after push_string(2725 - 4540)---
35683 - 37502
50222 - 52883
61209 - 63613
96270 - 98651
112804 - 114967
-------------------------------------------
-----after push_string(57960 - 60658)---
35683 - 37502
50222 - 52883
61209 - 63613
96270 - 98651
112804 - 114967
-------------------------------------------
-----after push_string(104622 - 106212)---
35683 - 37502
50222 - 52883
61209 - 63613
96270 - 98651
112804 - 114967
-------------------------------------------
-----after push_string(26624 - 27912)---
26624 - 27911
35683 - 37502
50222 - 52883
61209 - 63613
96270 - 98651
112804 - 114967
-------------------------------------------
-----after push_string(98521 - 100340)---
26624 - 27911
35683 - 37502
50222 - 52883
61209 - 63613
96270 - 100339
112804 - 114967
-------------------------------------------
-----after push_string(52934 - 53461)---
26624 - 27911
35683 - 37502
50222 - 52883
61209 - 63613
96270 - 100339
112804 - 114967
-------------------------------------------
-----after push_string(38928 - 39306)---
26624 - 27911
35683 - 37502
50222 - 52883
61209 - 63613
96270 - 100339
112804 - 114967
-------------------------------------------
-----after push_string(25625 - 26486)---
25625 - 26485
26624 - 27911
35683 - 37502
50222 - 52883
61209 - 63613
96270 - 100339
112804 - 114967
-------------------------------------------
-----after push_string(77563 - 77713)---
25625 - 26485
26624 - 27911
35683 - 37502
50222 - 52883
61209 - 63613
96270 - 100339
112804 - 114967
-------------------------------------------
-----after push_string(76194 - 76996)---
25625 - 26485
26624 - 27911
35683 - 37502
50222 - 52883
61209 - 63613
96270 - 100339
112804 - 114967
-------------------------------------------
-----after push_string(30349 - 31723)---
25625 - 26485
26624 - 27911
35683 - 37502
50222 - 52883
61209 - 63613
96270 - 100339
112804 - 114967
-------------------------------------------
-----after push_string(98615 - 99255)---
25625 - 26485
26624 - 27911
35683 - 37502
50222 - 52883
61209 - 63613
96270 - 100339
112804 - 114967
-------------------------------------------
-----after push_string(62929 - 65297)---
25625 - 26485
26624 - 27911
35683 - 37502
50222 - 52883
61209 - 65296
96270 - 100339
112804 - 114967
-------------------------------------------
-----after push_string(82174 - 83355)---
25625 - 26485
26624 - 27911
35683 - 37502
50222 - 52883
61209 - 65296
96270 - 100339
112804 - 114967
-------------------------------------------
-----after push_string(105561 - 107729)---
25625 - 26485
26624 - 27911
35683 - 37502
50222 - 52883
61209 - 65296
96270 - 100339
112804 - 114967
-------------------------------------------
-----after push_string(39137 - 40245)---
25625 - 26485
26624 - 27911
35683 - 37502
50222 - 52883
61209 - 65296
96270 - 100339
112804 - 114967
-------------------------------------------
-----after push_string(48205 - 48725)---
25625 - 26485
26624 - 27911
35683 - 37502
50222 - 52883
61209 - 65296
96270 - 100339
112804 - 114967
-------------------------------------------
-----after push_string(89498 - 90709)---
25625 - 26485
26624 - 27911
35683 - 37502
50222 - 52883
61209 - 65296
96270 - 100339
112804 - 114967
-------------------------------------------
-----after push_string(18411 - 18741)---
18411 - 18740
25625 - 26485
26624 - 27911
35683 - 37502
50222 - 52883
61209 - 65296
96270 - 100339
112804 - 114967
-------------------------------------------
-----after push_string(21447 - 23708)---
18411 - 18740
25625 - 26485
26624 - 27911
35683 - 37502
50222 - 52883
61209 - 65296
96270 - 100339
112804 - 114967
-------------------------------------------
-----after push_string(16325 - 17224)---
16325 - 17223
18411 - 18740
25625 - 26485
26624 - 27911
35683 - 37502
50222 - 52883
61209 - 65296
96270 - 100339
112804 - 114967
-------------------------------------------
-----after push_string(94690 - 95817)---
16325 - 17223
18411 - 18740
25625 - 26485
26624 - 27911
35683 - 37502
50222 - 52883
61209 - 65296
96270 - 100339
112804 - 114967
-------------------------------------------
-----after push_string(13694 - 13961)---
13694 - 13960
16325 - 17223
18411 - 18740
25625 - 26485
26624 - 27911
35683 - 37502
50222 - 52883
61209 - 65296
96270 - 100339
112804 - 114967
-------------------------------------------
-----after push_string(33538 - 35677)---
13694 - 13960
16325 - 17223
18411 - 18740
25625 - 26485
26624 - 27911
35683 - 37502
50222 - 52883
61209 - 65296
96270 - 100339
112804 - 114967
-------------------------------------------
-----after push_string(52162 - 52945)---
13694 - 13960
16325 - 17223
18411 - 18740
25625 - 26485
26624 - 27911
35683 - 37502
50222 - 52944
61209 - 65296
96270 - 100339
112804 - 114967
-------------------------------------------
-----after push_string(99528 - 101891)---
13694 - 13960
16325 - 17223
18411 - 18740
25625 - 26485
26624 - 27911
35683 - 37502
50222 - 52944
61209 - 65296
96270 - 101890
112804 - 114967
-------------------------------------------
-----after push_string(56394 - 57402)---
13694 - 13960
16325 - 17223
18411 - 18740
25625 - 26485
26624 - 27911
35683 - 37502
50222 - 52944
61209 - 65296
96270 - 101890
112804 - 114967
-------------------------------------------
-----after push_string(79437 - 80825)---
13694 - 13960
16325 - 17223
18411 - 18740
25625 - 26485
26624 - 27911
35683 - 37502
50222 - 52944
61209 - 65296
96270 - 101890
112804 - 114967
-------------------------------------------
-----after push_string(44809 - 46883)---
13694 - 13960
16325 - 17223
18411 - 18740
25625 - 26485
26624 - 27911
35683 - 37502
50222 - 52944
61209 - 65296
96270 - 101890
112804 - 114967
-------------------------------------------
-----after push_string(66841 - 68737)---
13694 - 13960
16325 - 17223
18411 - 18740
25625 - 26485
26624 - 27911
35683 - 37502
50222 - 52944
61209 - 65296
96270 - 101890
112804 - 114967
-------------------------------------------
-----after push_string(91122 - 92235)---
13694 - 13960
16325 - 17223
18411 - 18740
25625 - 26485
26624 - 27911
35683 - 37502
50222 - 52944
61209 - 65296
96270 - 101890
112804 - 114967
-------------------------------------------
Exception: test 2 - number of RX bytes is incorrect

      Start 22: t_strm_reassem_cap
 8/16 Test #22: t_strm_reassem_cap ...............   Passed    2.39 sec
      Start 23: t_byte_stream_construction
 9/16 Test #23: t_byte_stream_construction .......   Passed    0.13 sec
      Start 24: t_byte_stream_one_write
10/16 Test #24: t_byte_stream_one_write ..........   Passed    0.16 sec
      Start 25: t_byte_stream_two_writes
11/16 Test #25: t_byte_stream_two_writes .........   Passed    0.15 sec
      Start 26: t_byte_stream_capacity
12/16 Test #26: t_byte_stream_capacity ...........   Passed    3.76 sec
      Start 27: t_byte_stream_many_writes
13/16 Test #27: t_byte_stream_many_writes ........   Passed    0.21 sec
      Start 50: t_address_dt
14/16 Test #50: t_address_dt .....................   Passed    0.05 sec
      Start 51: t_parser_dt
15/16 Test #51: t_parser_dt ......................   Passed    0.24 sec
      Start 52: t_socket_dt
16/16 Test #52: t_socket_dt ......................   Passed    0.16 sec

88% tests passed, 2 tests failed out of 16

Total Test time (real) =   9.44 sec

The following tests FAILED:
	 19 - t_strm_reassem_many (Failed)
	 21 - t_strm_reassem_win (Failed)
Errors while running CTest
CMakeFiles/check_lab1.dir/build.make:57: recipe for target 'CMakeFiles/check_lab1' failed
make[3]: *** [CMakeFiles/check_lab1] Error 8
CMakeFiles/Makefile2:2759: recipe for target 'CMakeFiles/check_lab1.dir/all' failed
make[2]: *** [CMakeFiles/check_lab1.dir/all] Error 2
CMakeFiles/Makefile2:2766: recipe for target 'CMakeFiles/check_lab1.dir/rule' failed
make[1]: *** [CMakeFiles/check_lab1.dir/rule] Error 2
Makefile:1195: recipe for target 'check_lab1' failed
make: *** [check_lab1] Error 2
