[100%] Testing the stream reassembler...
Test project /mnt/i/DIY/CS144/sponge/build
      Start 15: t_strm_reassem_single
 1/16 Test #15: t_strm_reassem_single ............   Passed    0.17 sec
      Start 16: t_strm_reassem_seq
 2/16 Test #16: t_strm_reassem_seq ...............   Passed    0.19 sec
      Start 17: t_strm_reassem_dup
 3/16 Test #17: t_strm_reassem_dup ...............   Passed    0.29 sec
      Start 18: t_strm_reassem_holes
 4/16 Test #18: t_strm_reassem_holes .............   Passed    0.14 sec
      Start 19: t_strm_reassem_many
 5/16 Test #19: t_strm_reassem_many ..............   Passed    1.50 sec
      Start 20: t_strm_reassem_overlapping
 6/16 Test #20: t_strm_reassem_overlapping .......   Passed    0.13 sec
      Start 21: t_strm_reassem_win
 7/16 Test #21: t_strm_reassem_win ...............***Failed    0.12 sec
-----after push_string(118932 - 121810)---
118932 - 121809
-------------------------------------------
-----after push_string(66317 - 68145)---
66317 - 68144
118932 - 121809
-------------------------------------------
-----after push_string(32057 - 32742)---
32057 - 32741
66317 - 68144
118932 - 121809
-------------------------------------------
-----after push_string(18633 - 20488)---
18633 - 20487
32057 - 32741
66317 - 68144
118932 - 121809
-------------------------------------------
-----after push_string(16512 - 17726)---
16512 - 17725
18633 - 20487
32057 - 32741
66317 - 68144
118932 - 121809
-------------------------------------------
-----after push_string(114497 - 114972)---
16512 - 17725
18633 - 20487
32057 - 32741
66317 - 68144
114497 - 114971
118932 - 121809
-------------------------------------------
-----after push_string(38836 - 39584)---
16512 - 17725
18633 - 20487
32057 - 32741
38836 - 39583
66317 - 68144
114497 - 114971
118932 - 121809
-------------------------------------------
-----after push_string(116201 - 117292)---
16512 - 17725
18633 - 20487
32057 - 32741
38836 - 39583
66317 - 68144
114497 - 114971
116201 - 117291
118932 - 121809
-------------------------------------------
-----after push_string(48281 - 49493)---
16512 - 17725
18633 - 20487
32057 - 32741
38836 - 39583
48281 - 49492
66317 - 68144
114497 - 114971
116201 - 117291
118932 - 121809
-------------------------------------------
-----after push_string(73430 - 73940)---
16512 - 17725
18633 - 20487
32057 - 32741
38836 - 39583
48281 - 49492
66317 - 68144
73430 - 73939
114497 - 114971
116201 - 117291
118932 - 121809
-------------------------------------------
-----after push_string(110831 - 113171)---
16512 - 17725
18633 - 20487
32057 - 32741
38836 - 39583
48281 - 49492
66317 - 68144
73430 - 73939
110831 - 113170
114497 - 114971
116201 - 117291
118932 - 121809
-------------------------------------------
-----after push_string(37960 - 39502)---
16512 - 17725
18633 - 20487
32057 - 32741
37960 - 40167
38836 - 39583
48281 - 49492
66317 - 68144
73430 - 73939
110831 - 113170
114497 - 114971
116201 - 117291
118932 - 121809
-------------------------------------------
-----after push_string(136162 - 137425)---
16512 - 17725
18633 - 20487
32057 - 32741
37960 - 40167
38836 - 39583
48281 - 49492
66317 - 68144
73430 - 73939
110831 - 113170
114497 - 114971
116201 - 117291
118932 - 121809
136162 - 137424
-------------------------------------------
-----after push_string(112915 - 114787)---
16512 - 17725
18633 - 20487
32057 - 32741
37960 - 40167
38836 - 39583
48281 - 49492
66317 - 68144
73430 - 73939
110831 - 114786
114787 - 114971
116201 - 117291
118932 - 121809
136162 - 137424
-------------------------------------------
-----after push_string(103648 - 105950)---
16512 - 17725
18633 - 20487
32057 - 32741
37960 - 40167
38836 - 39583
48281 - 49492
66317 - 68144
73430 - 73939
103648 - 105949
110831 - 114786
114787 - 114971
116201 - 117291
118932 - 121809
136162 - 137424
-------------------------------------------
-----after push_string(22877 - 25404)---
16512 - 17725
18633 - 20487
22877 - 25403
32057 - 32741
37960 - 40167
38836 - 39583
48281 - 49492
66317 - 68144
73430 - 73939
103648 - 105949
110831 - 114786
114787 - 114971
116201 - 117291
118932 - 121809
136162 - 137424
-------------------------------------------
-----after push_string(61639 - 63891)---
16512 - 17725
18633 - 20487
22877 - 25403
32057 - 32741
37960 - 40167
38836 - 39583
48281 - 49492
61639 - 63890
66317 - 68144
73430 - 73939
103648 - 105949
110831 - 114786
114787 - 114971
116201 - 117291
118932 - 121809
136162 - 137424
-------------------------------------------
-----after push_string(28266 - 30673)---
16512 - 17725
18633 - 20487
22877 - 25403
28266 - 30672
32057 - 32741
37960 - 40167
38836 - 39583
48281 - 49492
61639 - 63890
66317 - 68144
73430 - 73939
103648 - 105949
110831 - 114786
114787 - 114971
116201 - 117291
118932 - 121809
136162 - 137424
-------------------------------------------
-----after push_string(46630 - 49043)---
16512 - 17725
18633 - 20487
22877 - 25403
28266 - 30672
32057 - 32741
37960 - 40167
38836 - 39583
46630 - 49804
48281 - 49492
61639 - 63890
66317 - 68144
73430 - 73939
103648 - 105949
110831 - 114786
114787 - 114971
116201 - 117291
118932 - 121809
136162 - 137424
-------------------------------------------
-----after push_string(82040 - 82788)---
16512 - 17725
18633 - 20487
22877 - 25403
28266 - 30672
32057 - 32741
37960 - 40167
38836 - 39583
46630 - 49804
48281 - 49492
61639 - 63890
66317 - 68144
73430 - 73939
82040 - 82787
103648 - 105949
110831 - 114786
114787 - 114971
116201 - 117291
118932 - 121809
136162 - 137424
-------------------------------------------
-----after push_string(79099 - 80414)---
16512 - 17725
18633 - 20487
22877 - 25403
28266 - 30672
32057 - 32741
37960 - 40167
38836 - 39583
46630 - 49804
48281 - 49492
61639 - 63890
66317 - 68144
73430 - 73939
79099 - 80413
82040 - 82787
103648 - 105949
110831 - 114786
114787 - 114971
116201 - 117291
118932 - 121809
136162 - 137424
-------------------------------------------
-----after push_string(107057 - 108637)---
16512 - 17725
18633 - 20487
22877 - 25403
28266 - 30672
32057 - 32741
37960 - 40167
38836 - 39583
46630 - 49804
48281 - 49492
61639 - 63890
66317 - 68144
73430 - 73939
79099 - 80413
82040 - 82787
103648 - 105949
107057 - 108636
110831 - 114786
114787 - 114971
116201 - 117291
118932 - 121809
136162 - 137424
-------------------------------------------
-----after push_string(28329 - 29228)---
16512 - 17725
18633 - 20487
22877 - 25403
28266 - 30672
32057 - 32741
37960 - 40167
38836 - 39583
46630 - 49804
48281 - 49492
61639 - 63890
66317 - 68144
73430 - 73939
79099 - 80413
82040 - 82787
103648 - 105949
107057 - 108636
110831 - 114786
114787 - 114971
116201 - 117291
118932 - 121809
136162 - 137424
-------------------------------------------
-----after push_string(7812 - 9147)---
7812 - 9146
16512 - 17725
18633 - 20487
22877 - 25403
28266 - 30672
32057 - 32741
37960 - 40167
38836 - 39583
46630 - 49804
48281 - 49492
61639 - 63890
66317 - 68144
73430 - 73939
79099 - 80413
82040 - 82787
103648 - 105949
107057 - 108636
110831 - 114786
114787 - 114971
116201 - 117291
118932 - 121809
136162 - 137424
-------------------------------------------
-----after push_string(122308 - 123547)---
7812 - 9146
16512 - 17725
18633 - 20487
22877 - 25403
28266 - 30672
32057 - 32741
37960 - 40167
38836 - 39583
46630 - 49804
48281 - 49492
61639 - 63890
66317 - 68144
73430 - 73939
79099 - 80413
82040 - 82787
103648 - 105949
107057 - 108636
110831 - 114786
114787 - 114971
116201 - 117291
118932 - 121809
122308 - 123546
136162 - 137424
-------------------------------------------
-----after push_string(67673 - 68487)---
7812 - 9146
16512 - 17725
18633 - 20487
22877 - 25403
28266 - 30672
32057 - 32741
37960 - 40167
38836 - 39583
46630 - 49804
48281 - 49492
61639 - 63890
66317 - 68486
73430 - 73939
79099 - 80413
82040 - 82787
103648 - 105949
107057 - 108636
110831 - 114786
114787 - 114971
116201 - 117291
118932 - 121809
122308 - 123546
136162 - 137424
-------------------------------------------
-----after push_string(95938 - 98384)---
7812 - 9146
16512 - 17725
18633 - 20487
22877 - 25403
28266 - 30672
32057 - 32741
37960 - 40167
38836 - 39583
46630 - 49804
48281 - 49492
61639 - 63890
66317 - 68486
73430 - 73939
79099 - 80413
82040 - 82787
95938 - 98383
103648 - 105949
107057 - 108636
110831 - 114786
114787 - 114971
116201 - 117291
118932 - 121809
122308 - 123546
136162 - 137424
-------------------------------------------
-----after push_string(115407 - 115839)---
7812 - 9146
16512 - 17725
18633 - 20487
22877 - 25403
28266 - 30672
32057 - 32741
37960 - 40167
38836 - 39583
46630 - 49804
48281 - 49492
61639 - 63890
66317 - 68486
73430 - 73939
79099 - 80413
82040 - 82787
95938 - 98383
103648 - 105949
107057 - 108636
110831 - 114786
114787 - 114971
115407 - 115838
116201 - 117291
118932 - 121809
122308 - 123546
136162 - 137424
-------------------------------------------
-----after push_string(33062 - 35566)---
7812 - 9146
16512 - 17725
18633 - 20487
22877 - 25403
28266 - 30672
32057 - 32741
33062 - 35565
37960 - 40167
38836 - 39583
46630 - 49804
48281 - 49492
61639 - 63890
66317 - 68486
73430 - 73939
79099 - 80413
82040 - 82787
95938 - 98383
103648 - 105949
107057 - 108636
110831 - 114786
114787 - 114971
115407 - 115838
116201 - 117291
118932 - 121809
122308 - 123546
136162 - 137424
-------------------------------------------
-----after push_string(9242 - 11205)---
7812 - 9146
9242 - 11204
16512 - 17725
18633 - 20487
22877 - 25403
28266 - 30672
32057 - 32741
33062 - 35565
37960 - 40167
38836 - 39583
46630 - 49804
48281 - 49492
61639 - 63890
66317 - 68486
73430 - 73939
79099 - 80413
82040 - 82787
95938 - 98383
103648 - 105949
107057 - 108636
110831 - 114786
114787 - 114971
115407 - 115838
116201 - 117291
118932 - 121809
122308 - 123546
136162 - 137424
-------------------------------------------
-----after push_string(31714 - 32605)---
7812 - 9146
9242 - 11204
16512 - 17725
18633 - 20487
22877 - 25403
28266 - 30672
31714 - 33152
32057 - 32741
33062 - 35565
37960 - 40167
38836 - 39583
46630 - 49804
48281 - 49492
61639 - 63890
66317 - 68486
73430 - 73939
79099 - 80413
82040 - 82787
95938 - 98383
103648 - 105949
107057 - 108636
110831 - 114786
114787 - 114971
115407 - 115838
116201 - 117291
118932 - 121809
122308 - 123546
136162 - 137424
-------------------------------------------
-----after push_string(41893 - 42149)---
7812 - 9146
9242 - 11204
16512 - 17725
18633 - 20487
22877 - 25403
28266 - 30672
31714 - 33152
32057 - 32741
33062 - 35565
37960 - 40167
38836 - 39583
41893 - 42148
46630 - 49804
48281 - 49492
61639 - 63890
66317 - 68486
73430 - 73939
79099 - 80413
82040 - 82787
95938 - 98383
103648 - 105949
107057 - 108636
110831 - 114786
114787 - 114971
115407 - 115838
116201 - 117291
118932 - 121809
122308 - 123546
136162 - 137424
-------------------------------------------
-----after push_string(1686 - 4217)---
1686 - 4216
7812 - 9146
9242 - 11204
16512 - 17725
18633 - 20487
22877 - 25403
28266 - 30672
31714 - 33152
32057 - 32741
33062 - 35565
37960 - 40167
38836 - 39583
41893 - 42148
46630 - 49804
48281 - 49492
61639 - 63890
66317 - 68486
73430 - 73939
79099 - 80413
82040 - 82787
95938 - 98383
103648 - 105949
107057 - 108636
110831 - 114786
114787 - 114971
115407 - 115838
116201 - 117291
118932 - 121809
122308 - 123546
136162 - 137424
-------------------------------------------
-----after push_string(12838 - 15250)---
1686 - 4216
7812 - 9146
9242 - 11204
12838 - 15249
16512 - 17725
18633 - 20487
22877 - 25403
28266 - 30672
31714 - 33152
32057 - 32741
33062 - 35565
37960 - 40167
38836 - 39583
41893 - 42148
46630 - 49804
48281 - 49492
61639 - 63890
66317 - 68486
73430 - 73939
79099 - 80413
82040 - 82787
95938 - 98383
103648 - 105949
107057 - 108636
110831 - 114786
114787 - 114971
115407 - 115838
116201 - 117291
118932 - 121809
122308 - 123546
136162 - 137424
-------------------------------------------
-----after push_string(42119 - 44389)---
1686 - 4216
7812 - 9146
9242 - 11204
12838 - 15249
16512 - 17725
18633 - 20487
22877 - 25403
28266 - 30672
31714 - 33152
32057 - 32741
33062 - 35565
37960 - 40167
38836 - 39583
41893 - 44388
46630 - 49804
48281 - 49492
61639 - 63890
66317 - 68486
73430 - 73939
79099 - 80413
82040 - 82787
95938 - 98383
103648 - 105949
107057 - 108636
110831 - 114786
114787 - 114971
115407 - 115838
116201 - 117291
118932 - 121809
122308 - 123546
136162 - 137424
-------------------------------------------
-----after push_string(82099 - 84169)---
1686 - 4216
7812 - 9146
9242 - 11204
12838 - 15249
16512 - 17725
18633 - 20487
22877 - 25403
28266 - 30672
31714 - 33152
32057 - 32741
33062 - 35565
37960 - 40167
38836 - 39583
41893 - 44388
46630 - 49804
48281 - 49492
61639 - 63890
66317 - 68486
73430 - 73939
79099 - 80413
82040 - 84168
95938 - 98383
103648 - 105949
107057 - 108636
110831 - 114786
114787 - 114971
115407 - 115838
116201 - 117291
118932 - 121809
122308 - 123546
136162 - 137424
-------------------------------------------
-----after push_string(129026 - 130276)---
1686 - 4216
7812 - 9146
9242 - 11204
12838 - 15249
16512 - 17725
18633 - 20487
22877 - 25403
28266 - 30672
31714 - 33152
32057 - 32741
33062 - 35565
37960 - 40167
38836 - 39583
41893 - 44388
46630 - 49804
48281 - 49492
61639 - 63890
66317 - 68486
73430 - 73939
79099 - 80413
82040 - 84168
95938 - 98383
103648 - 105949
107057 - 108636
110831 - 114786
114787 - 114971
115407 - 115838
116201 - 117291
118932 - 121809
122308 - 123546
129026 - 130275
136162 - 137424
-------------------------------------------
-----after push_string(51339 - 53554)---
1686 - 4216
7812 - 9146
9242 - 11204
12838 - 15249
16512 - 17725
18633 - 20487
22877 - 25403
28266 - 30672
31714 - 33152
32057 - 32741
33062 - 35565
37960 - 40167
38836 - 39583
41893 - 44388
46630 - 49804
48281 - 49492
51339 - 53553
61639 - 63890
66317 - 68486
73430 - 73939
79099 - 80413
82040 - 84168
95938 - 98383
103648 - 105949
107057 - 108636
110831 - 114786
114787 - 114971
115407 - 115838
116201 - 117291
118932 - 121809
122308 - 123546
129026 - 130275
136162 - 137424
-------------------------------------------
-----after push_string(65450 - 66470)---
1686 - 4216
7812 - 9146
9242 - 11204
12838 - 15249
16512 - 17725
18633 - 20487
22877 - 25403
28266 - 30672
31714 - 33152
32057 - 32741
33062 - 35565
37960 - 40167
38836 - 39583
41893 - 44388
46630 - 49804
48281 - 49492
51339 - 53553
61639 - 63890
65450 - 66622
66317 - 68486
73430 - 73939
79099 - 80413
82040 - 84168
95938 - 98383
103648 - 105949
107057 - 108636
110831 - 114786
114787 - 114971
115407 - 115838
116201 - 117291
118932 - 121809
122308 - 123546
129026 - 130275
136162 - 137424
-------------------------------------------
-----after push_string(26349 - 28884)---
1686 - 4216
7812 - 9146
9242 - 11204
12838 - 15249
16512 - 17725
18633 - 20487
22877 - 25403
26349 - 29501
28266 - 30672
31714 - 33152
32057 - 32741
33062 - 35565
37960 - 40167
38836 - 39583
41893 - 44388
46630 - 49804
48281 - 49492
51339 - 53553
61639 - 63890
65450 - 66622
66317 - 68486
73430 - 73939
79099 - 80413
82040 - 84168
95938 - 98383
103648 - 105949
107057 - 108636
110831 - 114786
114787 - 114971
115407 - 115838
116201 - 117291
118932 - 121809
122308 - 123546
129026 - 130275
136162 - 137424
-------------------------------------------
-----after push_string(54982 - 56969)---
1686 - 4216
7812 - 9146
9242 - 11204
12838 - 15249
16512 - 17725
18633 - 20487
22877 - 25403
26349 - 29501
28266 - 30672
31714 - 33152
32057 - 32741
33062 - 35565
37960 - 40167
38836 - 39583
41893 - 44388
46630 - 49804
48281 - 49492
51339 - 53553
54982 - 56968
61639 - 63890
65450 - 66622
66317 - 68486
73430 - 73939
79099 - 80413
82040 - 84168
95938 - 98383
103648 - 105949
107057 - 108636
110831 - 114786
114787 - 114971
115407 - 115838
116201 - 117291
118932 - 121809
122308 - 123546
129026 - 130275
136162 - 137424
-------------------------------------------
-----after push_string(8318 - 10142)---
1686 - 4216
7812 - 10141
10142 - 11204
12838 - 15249
16512 - 17725
18633 - 20487
22877 - 25403
26349 - 29501
28266 - 30672
31714 - 33152
32057 - 32741
33062 - 35565
37960 - 40167
38836 - 39583
41893 - 44388
46630 - 49804
48281 - 49492
51339 - 53553
54982 - 56968
61639 - 63890
65450 - 66622
66317 - 68486
73430 - 73939
79099 - 80413
82040 - 84168
95938 - 98383
103648 - 105949
107057 - 108636
110831 - 114786
114787 - 114971
115407 - 115838
116201 - 117291
118932 - 121809
122308 - 123546
129026 - 130275
136162 - 137424
-------------------------------------------
-----after push_string(68063 - 70457)---
1686 - 4216
7812 - 10141
10142 - 11204
12838 - 15249
16512 - 17725
18633 - 20487
22877 - 25403
26349 - 29501
28266 - 30672
31714 - 33152
32057 - 32741
33062 - 35565
37960 - 40167
38836 - 39583
41893 - 44388
46630 - 49804
48281 - 49492
51339 - 53553
54982 - 56968
61639 - 63890
65450 - 66622
66317 - 70456
73430 - 73939
79099 - 80413
82040 - 84168
95938 - 98383
103648 - 105949
107057 - 108636
110831 - 114786
114787 - 114971
115407 - 115838
116201 - 117291
118932 - 121809
122308 - 123546
129026 - 130275
136162 - 137424
-------------------------------------------
-----after push_string(43956 - 45453)---
1686 - 4216
7812 - 10141
10142 - 11204
12838 - 15249
16512 - 17725
18633 - 20487
22877 - 25403
26349 - 29501
28266 - 30672
31714 - 33152
32057 - 32741
33062 - 35565
37960 - 40167
38836 - 39583
41893 - 45452
46630 - 49804
48281 - 49492
51339 - 53553
54982 - 56968
61639 - 63890
65450 - 66622
66317 - 70456
73430 - 73939
79099 - 80413
82040 - 84168
95938 - 98383
103648 - 105949
107057 - 108636
110831 - 114786
114787 - 114971
115407 - 115838
116201 - 117291
118932 - 121809
122308 - 123546
129026 - 130275
136162 - 137424
-------------------------------------------
-----after push_string(106617 - 107672)---
1686 - 4216
7812 - 10141
10142 - 11204
12838 - 15249
16512 - 17725
18633 - 20487
22877 - 25403
26349 - 29501
28266 - 30672
31714 - 33152
32057 - 32741
33062 - 35565
37960 - 40167
38836 - 39583
41893 - 45452
46630 - 49804
48281 - 49492
51339 - 53553
54982 - 56968
61639 - 63890
65450 - 66622
66317 - 70456
73430 - 73939
79099 - 80413
82040 - 84168
95938 - 98383
103648 - 105949
106617 - 108286
107057 - 108636
110831 - 114786
114787 - 114971
115407 - 115838
116201 - 117291
118932 - 121809
122308 - 123546
129026 - 130275
136162 - 137424
-------------------------------------------
-----after push_string(40206 - 42051)---
1686 - 4216
7812 - 10141
10142 - 11204
12838 - 15249
16512 - 17725
18633 - 20487
22877 - 25403
26349 - 29501
28266 - 30672
31714 - 33152
32057 - 32741
33062 - 35565
37960 - 40167
38836 - 39583
40206 - 42208
41893 - 45452
46630 - 49804
48281 - 49492
51339 - 53553
54982 - 56968
61639 - 63890
65450 - 66622
66317 - 70456
73430 - 73939
79099 - 80413
82040 - 84168
95938 - 98383
103648 - 105949
106617 - 108286
107057 - 108636
110831 - 114786
114787 - 114971
115407 - 115838
116201 - 117291
118932 - 121809
122308 - 123546
129026 - 130275
136162 - 137424
-------------------------------------------
-----after push_string(91862 - 93158)---
1686 - 4216
7812 - 10141
10142 - 11204
12838 - 15249
16512 - 17725
18633 - 20487
22877 - 25403
26349 - 29501
28266 - 30672
31714 - 33152
32057 - 32741
33062 - 35565
37960 - 40167
38836 - 39583
40206 - 42208
41893 - 45452
46630 - 49804
48281 - 49492
51339 - 53553
54982 - 56968
61639 - 63890
65450 - 66622
66317 - 70456
73430 - 73939
79099 - 80413
82040 - 84168
91862 - 93157
95938 - 98383
103648 - 105949
106617 - 108286
107057 - 108636
110831 - 114786
114787 - 114971
115407 - 115838
116201 - 117291
118932 - 121809
122308 - 123546
129026 - 130275
136162 - 137424
-------------------------------------------
-----after push_string(124531 - 126942)---
1686 - 4216
7812 - 10141
10142 - 11204
12838 - 15249
16512 - 17725
18633 - 20487
22877 - 25403
26349 - 29501
28266 - 30672
31714 - 33152
32057 - 32741
33062 - 35565
37960 - 40167
38836 - 39583
40206 - 42208
41893 - 45452
46630 - 49804
48281 - 49492
51339 - 53553
54982 - 56968
61639 - 63890
65450 - 66622
66317 - 70456
73430 - 73939
79099 - 80413
82040 - 84168
91862 - 93157
95938 - 98383
103648 - 105949
106617 - 108286
107057 - 108636
110831 - 114786
114787 - 114971
115407 - 115838
116201 - 117291
118932 - 121809
122308 - 123546
124531 - 126941
129026 - 130275
136162 - 137424
-------------------------------------------
-----after push_string(45417 - 46043)---
1686 - 4216
7812 - 10141
10142 - 11204
12838 - 15249
16512 - 17725
18633 - 20487
22877 - 25403
26349 - 29501
28266 - 30672
31714 - 33152
32057 - 32741
33062 - 35565
37960 - 40167
38836 - 39583
40206 - 42208
41893 - 46042
46630 - 49804
48281 - 49492
51339 - 53553
54982 - 56968
61639 - 63890
65450 - 66622
66317 - 70456
73430 - 73939
79099 - 80413
82040 - 84168
91862 - 93157
95938 - 98383
103648 - 105949
106617 - 108286
107057 - 108636
110831 - 114786
114787 - 114971
115407 - 115838
116201 - 117291
118932 - 121809
122308 - 123546
124531 - 126941
129026 - 130275
136162 - 137424
-------------------------------------------
-----after push_string(90084 - 92084)---
1686 - 4216
7812 - 10141
10142 - 11204
12838 - 15249
16512 - 17725
18633 - 20487
22877 - 25403
26349 - 29501
28266 - 30672
31714 - 33152
32057 - 32741
33062 - 35565
37960 - 40167
38836 - 39583
40206 - 42208
41893 - 46042
46630 - 49804
48281 - 49492
51339 - 53553
54982 - 56968
61639 - 63890
65450 - 66622
66317 - 70456
73430 - 73939
79099 - 80413
82040 - 84168
90084 - 92305
91862 - 93157
95938 - 98383
103648 - 105949
106617 - 108286
107057 - 108636
110831 - 114786
114787 - 114971
115407 - 115838
116201 - 117291
118932 - 121809
122308 - 123546
124531 - 126941
129026 - 130275
136162 - 137424
-------------------------------------------
-----after push_string(122743 - 125495)---
1686 - 4216
7812 - 10141
10142 - 11204
12838 - 15249
16512 - 17725
18633 - 20487
22877 - 25403
26349 - 29501
28266 - 30672
31714 - 33152
32057 - 32741
33062 - 35565
37960 - 40167
38836 - 39583
40206 - 42208
41893 - 46042
46630 - 49804
48281 - 49492
51339 - 53553
54982 - 56968
61639 - 63890
65450 - 66622
66317 - 70456
73430 - 73939
79099 - 80413
82040 - 84168
90084 - 92305
91862 - 93157
95938 - 98383
103648 - 105949
106617 - 108286
107057 - 108636
110831 - 114786
114787 - 114971
115407 - 115838
116201 - 117291
118932 - 121809
122308 - 125494
125495 - 126941
129026 - 130275
136162 - 137424
-------------------------------------------
-----after push_string(48726 - 50696)---
1686 - 4216
7812 - 10141
10142 - 11204
12838 - 15249
16512 - 17725
18633 - 20487
22877 - 25403
26349 - 29501
28266 - 30672
31714 - 33152
32057 - 32741
33062 - 35565
37960 - 40167
38836 - 39583
40206 - 42208
41893 - 46042
46630 - 50695
51339 - 53553
54982 - 56968
61639 - 63890
65450 - 66622
66317 - 70456
73430 - 73939
79099 - 80413
82040 - 84168
90084 - 92305
91862 - 93157
95938 - 98383
103648 - 105949
106617 - 108286
107057 - 108636
110831 - 114786
114787 - 114971
115407 - 115838
116201 - 117291
118932 - 121809
122308 - 125494
125495 - 126941
129026 - 130275
136162 - 137424
-------------------------------------------
-----after push_string(88041 - 89846)---
1686 - 4216
7812 - 10141
10142 - 11204
12838 - 15249
16512 - 17725
18633 - 20487
22877 - 25403
26349 - 29501
28266 - 30672
31714 - 33152
32057 - 32741
33062 - 35565
37960 - 40167
38836 - 39583
40206 - 42208
41893 - 46042
46630 - 50695
51339 - 53553
54982 - 56968
61639 - 63890
65450 - 66622
66317 - 70456
73430 - 73939
79099 - 80413
82040 - 84168
88041 - 89845
90084 - 92305
91862 - 93157
95938 - 98383
103648 - 105949
106617 - 108286
107057 - 108636
110831 - 114786
114787 - 114971
115407 - 115838
116201 - 117291
118932 - 121809
122308 - 125494
125495 - 126941
129026 - 130275
136162 - 137424
-------------------------------------------
-----after push_string(80136 - 80967)---
1686 - 4216
7812 - 10141
10142 - 11204
12838 - 15249
16512 - 17725
18633 - 20487
22877 - 25403
26349 - 29501
28266 - 30672
31714 - 33152
32057 - 32741
33062 - 35565
37960 - 40167
38836 - 39583
40206 - 42208
41893 - 46042
46630 - 50695
51339 - 53553
54982 - 56968
61639 - 63890
65450 - 66622
66317 - 70456
73430 - 73939
79099 - 80966
82040 - 84168
88041 - 89845
90084 - 92305
91862 - 93157
95938 - 98383
103648 - 105949
106617 - 108286
107057 - 108636
110831 - 114786
114787 - 114971
115407 - 115838
116201 - 117291
118932 - 121809
122308 - 125494
125495 - 126941
129026 - 130275
136162 - 137424
-------------------------------------------
-----after push_string(101245 - 102457)---
1686 - 4216
7812 - 10141
10142 - 11204
12838 - 15249
16512 - 17725
18633 - 20487
22877 - 25403
26349 - 29501
28266 - 30672
31714 - 33152
32057 - 32741
33062 - 35565
37960 - 40167
38836 - 39583
40206 - 42208
41893 - 46042
46630 - 50695
51339 - 53553
54982 - 56968
61639 - 63890
65450 - 66622
66317 - 70456
73430 - 73939
79099 - 80966
82040 - 84168
88041 - 89845
90084 - 92305
91862 - 93157
95938 - 98383
101245 - 102456
103648 - 105949
106617 - 108286
107057 - 108636
110831 - 114786
114787 - 114971
115407 - 115838
116201 - 117291
118932 - 121809
122308 - 125494
125495 - 126941
129026 - 130275
136162 - 137424
-------------------------------------------
-----after push_string(21554 - 23650)---
1686 - 4216
7812 - 10141
10142 - 11204
12838 - 15249
16512 - 17725
18633 - 20487
21554 - 24422
22877 - 25403
26349 - 29501
28266 - 30672
31714 - 33152
32057 - 32741
33062 - 35565
37960 - 40167
38836 - 39583
40206 - 42208
41893 - 46042
46630 - 50695
51339 - 53553
54982 - 56968
61639 - 63890
65450 - 66622
66317 - 70456
73430 - 73939
79099 - 80966
82040 - 84168
88041 - 89845
90084 - 92305
91862 - 93157
95938 - 98383
101245 - 102456
103648 - 105949
106617 - 108286
107057 - 108636
110831 - 114786
114787 - 114971
115407 - 115838
116201 - 117291
118932 - 121809
122308 - 125494
125495 - 126941
129026 - 130275
136162 - 137424
-------------------------------------------
-----after push_string(127071 - 128028)---
1686 - 4216
7812 - 10141
10142 - 11204
12838 - 15249
16512 - 17725
18633 - 20487
21554 - 24422
22877 - 25403
26349 - 29501
28266 - 30672
31714 - 33152
32057 - 32741
33062 - 35565
37960 - 40167
38836 - 39583
40206 - 42208
41893 - 46042
46630 - 50695
51339 - 53553
54982 - 56968
61639 - 63890
65450 - 66622
66317 - 70456
73430 - 73939
79099 - 80966
82040 - 84168
88041 - 89845
90084 - 92305
91862 - 93157
95938 - 98383
101245 - 102456
103648 - 105949
106617 - 108286
107057 - 108636
110831 - 114786
114787 - 114971
115407 - 115838
116201 - 117291
118932 - 121809
122308 - 125494
125495 - 126941
127071 - 128027
129026 - 130275
136162 - 137424
-------------------------------------------
-----after push_string(42068 - 42740)---
1686 - 4216
7812 - 10141
10142 - 11204
12838 - 15249
16512 - 17725
18633 - 20487
21554 - 24422
22877 - 25403
26349 - 29501
28266 - 30672
31714 - 33152
32057 - 32741
33062 - 35565
37960 - 40167
38836 - 39583
40206 - 42739
42740 - 46042
46630 - 50695
51339 - 53553
54982 - 56968
61639 - 63890
65450 - 66622
66317 - 70456
73430 - 73939
79099 - 80966
82040 - 84168
88041 - 89845
90084 - 92305
91862 - 93157
95938 - 98383
101245 - 102456
103648 - 105949
106617 - 108286
107057 - 108636
110831 - 114786
114787 - 114971
115407 - 115838
116201 - 117291
118932 - 121809
122308 - 125494
125495 - 126941
127071 - 128027
129026 - 130275
136162 - 137424
-------------------------------------------
-----after push_string(6434 - 8343)---
1686 - 4216
6434 - 8873
7812 - 10141
10142 - 11204
12838 - 15249
16512 - 17725
18633 - 20487
21554 - 24422
22877 - 25403
26349 - 29501
28266 - 30672
31714 - 33152
32057 - 32741
33062 - 35565
37960 - 40167
38836 - 39583
40206 - 42739
42740 - 46042
46630 - 50695
51339 - 53553
54982 - 56968
61639 - 63890
65450 - 66622
66317 - 70456
73430 - 73939
79099 - 80966
82040 - 84168
88041 - 89845
90084 - 92305
91862 - 93157
95938 - 98383
101245 - 102456
103648 - 105949
106617 - 108286
107057 - 108636
110831 - 114786
114787 - 114971
115407 - 115838
116201 - 117291
118932 - 121809
122308 - 125494
125495 - 126941
127071 - 128027
129026 - 130275
136162 - 137424
-------------------------------------------
-----after push_string(91321 - 92107)---
1686 - 4216
6434 - 8873
7812 - 10141
10142 - 11204
12838 - 15249
16512 - 17725
18633 - 20487
21554 - 24422
22877 - 25403
26349 - 29501
28266 - 30672
31714 - 33152
32057 - 32741
33062 - 35565
37960 - 40167
38836 - 39583
40206 - 42739
42740 - 46042
46630 - 50695
51339 - 53553
54982 - 56968
61639 - 63890
65450 - 66622
66317 - 70456
73430 - 73939
79099 - 80966
82040 - 84168
88041 - 89845
90084 - 92305
91862 - 93157
95938 - 98383
101245 - 102456
103648 - 105949
106617 - 108286
107057 - 108636
110831 - 114786
114787 - 114971
115407 - 115838
116201 - 117291
118932 - 121809
122308 - 125494
125495 - 126941
127071 - 128027
129026 - 130275
136162 - 137424
-------------------------------------------
-----after push_string(20220 - 21286)---
1686 - 4216
6434 - 8873
7812 - 10141
10142 - 11204
12838 - 15249
16512 - 17725
18633 - 21285
21554 - 24422
22877 - 25403
26349 - 29501
28266 - 30672
31714 - 33152
32057 - 32741
33062 - 35565
37960 - 40167
38836 - 39583
40206 - 42739
42740 - 46042
46630 - 50695
51339 - 53553
54982 - 56968
61639 - 63890
65450 - 66622
66317 - 70456
73430 - 73939
79099 - 80966
82040 - 84168
88041 - 89845
90084 - 92305
91862 - 93157
95938 - 98383
101245 - 102456
103648 - 105949
106617 - 108286
107057 - 108636
110831 - 114786
114787 - 114971
115407 - 115838
116201 - 117291
118932 - 121809
122308 - 125494
125495 - 126941
127071 - 128027
129026 - 130275
136162 - 137424
-------------------------------------------
-----after push_string(31905 - 32677)---
1686 - 4216
6434 - 8873
7812 - 10141
10142 - 11204
12838 - 15249
16512 - 17725
18633 - 21285
21554 - 24422
22877 - 25403
26349 - 29501
28266 - 30672
31714 - 33152
32057 - 32741
33062 - 35565
37960 - 40167
38836 - 39583
40206 - 42739
42740 - 46042
46630 - 50695
51339 - 53553
54982 - 56968
61639 - 63890
65450 - 66622
66317 - 70456
73430 - 73939
79099 - 80966
82040 - 84168
88041 - 89845
90084 - 92305
91862 - 93157
95938 - 98383
101245 - 102456
103648 - 105949
106617 - 108286
107057 - 108636
110831 - 114786
114787 - 114971
115407 - 115838
116201 - 117291
118932 - 121809
122308 - 125494
125495 - 126941
127071 - 128027
129026 - 130275
136162 - 137424
-------------------------------------------
-----after push_string(17073 - 18961)---
1686 - 4216
6434 - 8873
7812 - 10141
10142 - 11204
12838 - 15249
16512 - 18960
18961 - 21285
21554 - 24422
22877 - 25403
26349 - 29501
28266 - 30672
31714 - 33152
32057 - 32741
33062 - 35565
37960 - 40167
38836 - 39583
40206 - 42739
42740 - 46042
46630 - 50695
51339 - 53553
54982 - 56968
61639 - 63890
65450 - 66622
66317 - 70456
73430 - 73939
79099 - 80966
82040 - 84168
88041 - 89845
90084 - 92305
91862 - 93157
95938 - 98383
101245 - 102456
103648 - 105949
106617 - 108286
107057 - 108636
110831 - 114786
114787 - 114971
115407 - 115838
116201 - 117291
118932 - 121809
122308 - 125494
125495 - 126941
127071 - 128027
129026 - 130275
136162 - 137424
-------------------------------------------
-----after push_string(75586 - 77144)---
1686 - 4216
6434 - 8873
7812 - 10141
10142 - 11204
12838 - 15249
16512 - 18960
18961 - 21285
21554 - 24422
22877 - 25403
26349 - 29501
28266 - 30672
31714 - 33152
32057 - 32741
33062 - 35565
37960 - 40167
38836 - 39583
40206 - 42739
42740 - 46042
46630 - 50695
51339 - 53553
54982 - 56968
61639 - 63890
65450 - 66622
66317 - 70456
73430 - 73939
75586 - 77143
79099 - 80966
82040 - 84168
88041 - 89845
90084 - 92305
91862 - 93157
95938 - 98383
101245 - 102456
103648 - 105949
106617 - 108286
107057 - 108636
110831 - 114786
114787 - 114971
115407 - 115838
116201 - 117291
118932 - 121809
122308 - 125494
125495 - 126941
127071 - 128027
129026 - 130275
136162 - 137424
-------------------------------------------
-----after push_string(53415 - 55296)---
1686 - 4216
6434 - 8873
7812 - 10141
10142 - 11204
12838 - 15249
16512 - 18960
18961 - 21285
21554 - 24422
22877 - 25403
26349 - 29501
28266 - 30672
31714 - 33152
32057 - 32741
33062 - 35565
37960 - 40167
38836 - 39583
40206 - 42739
42740 - 46042
46630 - 50695
51339 - 55295
55296 - 56968
61639 - 63890
65450 - 66622
66317 - 70456
73430 - 73939
75586 - 77143
79099 - 80966
82040 - 84168
88041 - 89845
90084 - 92305
91862 - 93157
95938 - 98383
101245 - 102456
103648 - 105949
106617 - 108286
107057 - 108636
110831 - 114786
114787 - 114971
115407 - 115838
116201 - 117291
118932 - 121809
122308 - 125494
125495 - 126941
127071 - 128027
129026 - 130275
136162 - 137424
-------------------------------------------
-----after push_string(99482 - 101889)---
1686 - 4216
6434 - 8873
7812 - 10141
10142 - 11204
12838 - 15249
16512 - 18960
18961 - 21285
21554 - 24422
22877 - 25403
26349 - 29501
28266 - 30672
31714 - 33152
32057 - 32741
33062 - 35565
37960 - 40167
38836 - 39583
40206 - 42739
42740 - 46042
46630 - 50695
51339 - 55295
55296 - 56968
61639 - 63890
65450 - 66622
66317 - 70456
73430 - 73939
75586 - 77143
79099 - 80966
82040 - 84168
88041 - 89845
90084 - 92305
91862 - 93157
95938 - 98383
99482 - 102532
101245 - 102456
103648 - 105949
106617 - 108286
107057 - 108636
110831 - 114786
114787 - 114971
115407 - 115838
116201 - 117291
118932 - 121809
122308 - 125494
125495 - 126941
127071 - 128027
129026 - 130275
136162 - 137424
-------------------------------------------
-----after push_string(109452 - 111386)---
1686 - 4216
6434 - 8873
7812 - 10141
10142 - 11204
12838 - 15249
16512 - 18960
18961 - 21285
21554 - 24422
22877 - 25403
26349 - 29501
28266 - 30672
31714 - 33152
32057 - 32741
33062 - 35565
37960 - 40167
38836 - 39583
40206 - 42739
42740 - 46042
46630 - 50695
51339 - 55295
55296 - 56968
61639 - 63890
65450 - 66622
66317 - 70456
73430 - 73939
75586 - 77143
79099 - 80966
82040 - 84168
88041 - 89845
90084 - 92305
91862 - 93157
95938 - 98383
99482 - 102532
101245 - 102456
103648 - 105949
106617 - 108286
107057 - 108636
109452 - 111940
110831 - 114786
114787 - 114971
115407 - 115838
116201 - 117291
118932 - 121809
122308 - 125494
125495 - 126941
127071 - 128027
129026 - 130275
136162 - 137424
-------------------------------------------
-----after push_string(121005 - 122356)---
1686 - 4216
6434 - 8873
7812 - 10141
10142 - 11204
12838 - 15249
16512 - 18960
18961 - 21285
21554 - 24422
22877 - 25403
26349 - 29501
28266 - 30672
31714 - 33152
32057 - 32741
33062 - 35565
37960 - 40167
38836 - 39583
40206 - 42739
42740 - 46042
46630 - 50695
51339 - 55295
55296 - 56968
61639 - 63890
65450 - 66622
66317 - 70456
73430 - 73939
75586 - 77143
79099 - 80966
82040 - 84168
88041 - 89845
90084 - 92305
91862 - 93157
95938 - 98383
99482 - 102532
101245 - 102456
103648 - 105949
106617 - 108286
107057 - 108636
109452 - 111940
110831 - 114786
114787 - 114971
115407 - 115838
116201 - 117291
118932 - 122355
122356 - 125494
125495 - 126941
127071 - 128027
129026 - 130275
136162 - 137424
-------------------------------------------
-----after push_string(131543 - 133668)---
1686 - 4216
6434 - 8873
7812 - 10141
10142 - 11204
12838 - 15249
16512 - 18960
18961 - 21285
21554 - 24422
22877 - 25403
26349 - 29501
28266 - 30672
31714 - 33152
32057 - 32741
33062 - 35565
37960 - 40167
38836 - 39583
40206 - 42739
42740 - 46042
46630 - 50695
51339 - 55295
55296 - 56968
61639 - 63890
65450 - 66622
66317 - 70456
73430 - 73939
75586 - 77143
79099 - 80966
82040 - 84168
88041 - 89845
90084 - 92305
91862 - 93157
95938 - 98383
99482 - 102532
101245 - 102456
103648 - 105949
106617 - 108286
107057 - 108636
109452 - 111940
110831 - 114786
114787 - 114971
115407 - 115838
116201 - 117291
118932 - 122355
122356 - 125494
125495 - 126941
127071 - 128027
129026 - 130275
131543 - 133667
136162 - 137424
-------------------------------------------
-----after push_string(73863 - 75249)---
1686 - 4216
6434 - 8873
7812 - 10141
10142 - 11204
12838 - 15249
16512 - 18960
18961 - 21285
21554 - 24422
22877 - 25403
26349 - 29501
28266 - 30672
31714 - 33152
32057 - 32741
33062 - 35565
37960 - 40167
38836 - 39583
40206 - 42739
42740 - 46042
46630 - 50695
51339 - 55295
55296 - 56968
61639 - 63890
65450 - 66622
66317 - 70456
73430 - 75248
75586 - 77143
79099 - 80966
82040 - 84168
88041 - 89845
90084 - 92305
91862 - 93157
95938 - 98383
99482 - 102532
101245 - 102456
103648 - 105949
106617 - 108286
107057 - 108636
109452 - 111940
110831 - 114786
114787 - 114971
115407 - 115838
116201 - 117291
118932 - 122355
122356 - 125494
125495 - 126941
127071 - 128027
129026 - 130275
131543 - 133667
136162 - 137424
-------------------------------------------
-----after push_string(63583 - 65855)---
1686 - 4216
6434 - 8873
7812 - 10141
10142 - 11204
12838 - 15249
16512 - 18960
18961 - 21285
21554 - 24422
22877 - 25403
26349 - 29501
28266 - 30672
31714 - 33152
32057 - 32741
33062 - 35565
37960 - 40167
38836 - 39583
40206 - 42739
42740 - 46042
46630 - 50695
51339 - 55295
55296 - 56968
61639 - 65854
65855 - 66622
66317 - 70456
73430 - 75248
75586 - 77143
79099 - 80966
82040 - 84168
88041 - 89845
90084 - 92305
91862 - 93157
95938 - 98383
99482 - 102532
101245 - 102456
103648 - 105949
106617 - 108286
107057 - 108636
109452 - 111940
110831 - 114786
114787 - 114971
115407 - 115838
116201 - 117291
118932 - 122355
122356 - 125494
125495 - 126941
127071 - 128027
129026 - 130275
131543 - 133667
136162 - 137424
-------------------------------------------
-----after push_string(58161 - 60570)---
1686 - 4216
6434 - 8873
7812 - 10141
10142 - 11204
12838 - 15249
16512 - 18960
18961 - 21285
21554 - 24422
22877 - 25403
26349 - 29501
28266 - 30672
31714 - 33152
32057 - 32741
33062 - 35565
37960 - 40167
38836 - 39583
40206 - 42739
42740 - 46042
46630 - 50695
51339 - 55295
55296 - 56968
58161 - 60569
61639 - 65854
65855 - 66622
66317 - 70456
73430 - 75248
75586 - 77143
79099 - 80966
82040 - 84168
88041 - 89845
90084 - 92305
91862 - 93157
95938 - 98383
99482 - 102532
101245 - 102456
103648 - 105949
106617 - 108286
107057 - 108636
109452 - 111940
110831 - 114786
114787 - 114971
115407 - 115838
116201 - 117291
118932 - 122355
122356 - 125494
125495 - 126941
127071 - 128027
129026 - 130275
131543 - 133667
136162 - 137424
-------------------------------------------
-----after push_string(119105 - 119860)---
1686 - 4216
6434 - 8873
7812 - 10141
10142 - 11204
12838 - 15249
16512 - 18960
18961 - 21285
21554 - 24422
22877 - 25403
26349 - 29501
28266 - 30672
31714 - 33152
32057 - 32741
33062 - 35565
37960 - 40167
38836 - 39583
40206 - 42739
42740 - 46042
46630 - 50695
51339 - 55295
55296 - 56968
58161 - 60569
61639 - 65854
65855 - 66622
66317 - 70456
73430 - 75248
75586 - 77143
79099 - 80966
82040 - 84168
88041 - 89845
90084 - 92305
91862 - 93157
95938 - 98383
99482 - 102532
101245 - 102456
103648 - 105949
106617 - 108286
107057 - 108636
109452 - 111940
110831 - 114786
114787 - 114971
115407 - 115838
116201 - 117291
118932 - 122355
122356 - 125494
125495 - 126941
127071 - 128027
129026 - 130275
131543 - 133667
136162 - 137424
-------------------------------------------
-----after push_string(20413 - 22087)---
1686 - 4216
6434 - 8873
7812 - 10141
10142 - 11204
12838 - 15249
16512 - 18960
18961 - 22086
22087 - 24422
22877 - 25403
26349 - 29501
28266 - 30672
31714 - 33152
32057 - 32741
33062 - 35565
37960 - 40167
38836 - 39583
40206 - 42739
42740 - 46042
46630 - 50695
51339 - 55295
55296 - 56968
58161 - 60569
61639 - 65854
65855 - 66622
66317 - 70456
73430 - 75248
75586 - 77143
79099 - 80966
82040 - 84168
88041 - 89845
90084 - 92305
91862 - 93157
95938 - 98383
99482 - 102532
101245 - 102456
103648 - 105949
106617 - 108286
107057 - 108636
109452 - 111940
110831 - 114786
114787 - 114971
115407 - 115838
116201 - 117291
118932 - 122355
122356 - 125494
125495 - 126941
127071 - 128027
129026 - 130275
131543 - 133667
136162 - 137424
-------------------------------------------
-----after push_string(15935 - 16989)---
1686 - 4216
6434 - 8873
7812 - 10141
10142 - 11204
12838 - 15249
15935 - 17465
16512 - 18960
18961 - 22086
22087 - 24422
22877 - 25403
26349 - 29501
28266 - 30672
31714 - 33152
32057 - 32741
33062 - 35565
37960 - 40167
38836 - 39583
40206 - 42739
42740 - 46042
46630 - 50695
51339 - 55295
55296 - 56968
58161 - 60569
61639 - 65854
65855 - 66622
66317 - 70456
73430 - 75248
75586 - 77143
79099 - 80966
82040 - 84168
88041 - 89845
90084 - 92305
91862 - 93157
95938 - 98383
99482 - 102532
101245 - 102456
103648 - 105949
106617 - 108286
107057 - 108636
109452 - 111940
110831 - 114786
114787 - 114971
115407 - 115838
116201 - 117291
118932 - 122355
122356 - 125494
125495 - 126941
127071 - 128027
129026 - 130275
131543 - 133667
136162 - 137424
-------------------------------------------
-----after push_string(1014 - 2557)---
1014 - 4216
6434 - 8873
7812 - 10141
10142 - 11204
12838 - 15249
15935 - 17465
16512 - 18960
18961 - 22086
22087 - 24422
22877 - 25403
26349 - 29501
28266 - 30672
31714 - 33152
32057 - 32741
33062 - 35565
37960 - 40167
38836 - 39583
40206 - 42739
42740 - 46042
46630 - 50695
51339 - 55295
55296 - 56968
58161 - 60569
61639 - 65854
65855 - 66622
66317 - 70456
73430 - 75248
75586 - 77143
79099 - 80966
82040 - 84168
88041 - 89845
90084 - 92305
91862 - 93157
95938 - 98383
99482 - 102532
101245 - 102456
103648 - 105949
106617 - 108286
107057 - 108636
109452 - 111940
110831 - 114786
114787 - 114971
115407 - 115838
116201 - 117291
118932 - 122355
122356 - 125494
125495 - 126941
127071 - 128027
129026 - 130275
131543 - 133667
136162 - 137424
-------------------------------------------
-----after push_string(126252 - 127348)---
1014 - 4216
6434 - 8873
7812 - 10141
10142 - 11204
12838 - 15249
15935 - 17465
16512 - 18960
18961 - 22086
22087 - 24422
22877 - 25403
26349 - 29501
28266 - 30672
31714 - 33152
32057 - 32741
33062 - 35565
37960 - 40167
38836 - 39583
40206 - 42739
42740 - 46042
46630 - 50695
51339 - 55295
55296 - 56968
58161 - 60569
61639 - 65854
65855 - 66622
66317 - 70456
73430 - 75248
75586 - 77143
79099 - 80966
82040 - 84168
88041 - 89845
90084 - 92305
91862 - 93157
95938 - 98383
99482 - 102532
101245 - 102456
103648 - 105949
106617 - 108286
107057 - 108636
109452 - 111940
110831 - 114786
114787 - 114971
115407 - 115838
116201 - 117291
118932 - 122355
122356 - 125494
125495 - 127347
127348 - 128027
129026 - 130275
131543 - 133667
136162 - 137424
-------------------------------------------
-----after push_string(29726 - 32597)---
1014 - 4216
6434 - 8873
7812 - 10141
10142 - 11204
12838 - 15249
15935 - 17465
16512 - 18960
18961 - 22086
22087 - 24422
22877 - 25403
26349 - 29501
28266 - 32596
32597 - 33152
33062 - 35565
37960 - 40167
38836 - 39583
40206 - 42739
42740 - 46042
46630 - 50695
51339 - 55295
55296 - 56968
58161 - 60569
61639 - 65854
65855 - 66622
66317 - 70456
73430 - 75248
75586 - 77143
79099 - 80966
82040 - 84168
88041 - 89845
90084 - 92305
91862 - 93157
95938 - 98383
99482 - 102532
101245 - 102456
103648 - 105949
106617 - 108286
107057 - 108636
109452 - 111940
110831 - 114786
114787 - 114971
115407 - 115838
116201 - 117291
118932 - 122355
122356 - 125494
125495 - 127347
127348 - 128027
129026 - 130275
131543 - 133667
136162 - 137424
-------------------------------------------
-----after push_string(4633 - 6816)---
1014 - 4216
4633 - 7197
6434 - 8873
7812 - 10141
10142 - 11204
12838 - 15249
15935 - 17465
16512 - 18960
18961 - 22086
22087 - 24422
22877 - 25403
26349 - 29501
28266 - 32596
32597 - 33152
33062 - 35565
37960 - 40167
38836 - 39583
40206 - 42739
42740 - 46042
46630 - 50695
51339 - 55295
55296 - 56968
58161 - 60569
61639 - 65854
65855 - 66622
66317 - 70456
73430 - 75248
75586 - 77143
79099 - 80966
82040 - 84168
88041 - 89845
90084 - 92305
91862 - 93157
95938 - 98383
99482 - 102532
101245 - 102456
103648 - 105949
106617 - 108286
107057 - 108636
109452 - 111940
110831 - 114786
114787 - 114971
115407 - 115838
116201 - 117291
118932 - 122355
122356 - 125494
125495 - 127347
127348 - 128027
129026 - 130275
131543 - 133667
136162 - 137424
-------------------------------------------
-----after push_string(35456 - 38071)---
1014 - 4216
4633 - 7197
6434 - 8873
7812 - 10141
10142 - 11204
12838 - 15249
15935 - 17465
16512 - 18960
18961 - 22086
22087 - 24422
22877 - 25403
26349 - 29501
28266 - 32596
32597 - 33152
33062 - 38070
38071 - 40167
38836 - 39583
40206 - 42739
42740 - 46042
46630 - 50695
51339 - 55295
55296 - 56968
58161 - 60569
61639 - 65854
65855 - 66622
66317 - 70456
73430 - 75248
75586 - 77143
79099 - 80966
82040 - 84168
88041 - 89845
90084 - 92305
91862 - 93157
95938 - 98383
99482 - 102532
101245 - 102456
103648 - 105949
106617 - 108286
107057 - 108636
109452 - 111940
110831 - 114786
114787 - 114971
115407 - 115838
116201 - 117291
118932 - 122355
122356 - 125494
125495 - 127347
127348 - 128027
129026 - 130275
131543 - 133667
136162 - 137424
-------------------------------------------
-----after push_string(108193 - 109429)---
1014 - 4216
4633 - 7197
6434 - 8873
7812 - 10141
10142 - 11204
12838 - 15249
15935 - 17465
16512 - 18960
18961 - 22086
22087 - 24422
22877 - 25403
26349 - 29501
28266 - 32596
32597 - 33152
33062 - 38070
38071 - 40167
38836 - 39583
40206 - 42739
42740 - 46042
46630 - 50695
51339 - 55295
55296 - 56968
58161 - 60569
61639 - 65854
65855 - 66622
66317 - 70456
73430 - 75248
75586 - 77143
79099 - 80966
82040 - 84168
88041 - 89845
90084 - 92305
91862 - 93157
95938 - 98383
99482 - 102532
101245 - 102456
103648 - 105949
106617 - 109428
109452 - 111940
110831 - 114786
114787 - 114971
115407 - 115838
116201 - 117291
118932 - 122355
122356 - 125494
125495 - 127347
127348 - 128027
129026 - 130275
131543 - 133667
136162 - 137424
-------------------------------------------
-----after push_string(25727 - 27218)---
1014 - 4216
4633 - 7197
6434 - 8873
7812 - 10141
10142 - 11204
12838 - 15249
15935 - 17465
16512 - 18960
18961 - 22086
22087 - 24422
22877 - 25403
25727 - 28086
26349 - 29501
28266 - 32596
32597 - 33152
33062 - 38070
38071 - 40167
38836 - 39583
40206 - 42739
42740 - 46042
46630 - 50695
51339 - 55295
55296 - 56968
58161 - 60569
61639 - 65854
65855 - 66622
66317 - 70456
73430 - 75248
75586 - 77143
79099 - 80966
82040 - 84168
88041 - 89845
90084 - 92305
91862 - 93157
95938 - 98383
99482 - 102532
101245 - 102456
103648 - 105949
106617 - 109428
109452 - 111940
110831 - 114786
114787 - 114971
115407 - 115838
116201 - 117291
118932 - 122355
122356 - 125494
125495 - 127347
127348 - 128027
129026 - 130275
131543 - 133667
136162 - 137424
-------------------------------------------
-----after push_string(45919 - 47602)---
1014 - 4216
4633 - 7197
6434 - 8873
7812 - 10141
10142 - 11204
12838 - 15249
15935 - 17465
16512 - 18960
18961 - 22086
22087 - 24422
22877 - 25403
25727 - 28086
26349 - 29501
28266 - 32596
32597 - 33152
33062 - 38070
38071 - 40167
38836 - 39583
40206 - 42739
42740 - 47601
47602 - 50695
51339 - 55295
55296 - 56968
58161 - 60569
61639 - 65854
65855 - 66622
66317 - 70456
73430 - 75248
75586 - 77143
79099 - 80966
82040 - 84168
88041 - 89845
90084 - 92305
91862 - 93157
95938 - 98383
99482 - 102532
101245 - 102456
103648 - 105949
106617 - 109428
109452 - 111940
110831 - 114786
114787 - 114971
115407 - 115838
116201 - 117291
118932 - 122355
122356 - 125494
125495 - 127347
127348 - 128027
129026 - 130275
131543 - 133667
136162 - 137424
-------------------------------------------
-----after push_string(103255 - 104466)---
1014 - 4216
4633 - 7197
6434 - 8873
7812 - 10141
10142 - 11204
12838 - 15249
15935 - 17465
16512 - 18960
18961 - 22086
22087 - 24422
22877 - 25403
25727 - 28086
26349 - 29501
28266 - 32596
32597 - 33152
33062 - 38070
38071 - 40167
38836 - 39583
40206 - 42739
42740 - 47601
47602 - 50695
51339 - 55295
55296 - 56968
58161 - 60569
61639 - 65854
65855 - 66622
66317 - 70456
73430 - 75248
75586 - 77143
79099 - 80966
82040 - 84168
88041 - 89845
90084 - 92305
91862 - 93157
95938 - 98383
99482 - 102532
101245 - 102456
103255 - 105283
103648 - 105949
106617 - 109428
109452 - 111940
110831 - 114786
114787 - 114971
115407 - 115838
116201 - 117291
118932 - 122355
122356 - 125494
125495 - 127347
127348 - 128027
129026 - 130275
131543 - 133667
136162 - 137424
-------------------------------------------
-----after push_string(49876 - 52017)---
1014 - 4216
4633 - 7197
6434 - 8873
7812 - 10141
10142 - 11204
12838 - 15249
15935 - 17465
16512 - 18960
18961 - 22086
22087 - 24422
22877 - 25403
25727 - 28086
26349 - 29501
28266 - 32596
32597 - 33152
33062 - 38070
38071 - 40167
38836 - 39583
40206 - 42739
42740 - 47601
47602 - 52016
52017 - 55295
55296 - 56968
58161 - 60569
61639 - 65854
65855 - 66622
66317 - 70456
73430 - 75248
75586 - 77143
79099 - 80966
82040 - 84168
88041 - 89845
90084 - 92305
91862 - 93157
95938 - 98383
99482 - 102532
101245 - 102456
103255 - 105283
103648 - 105949
106617 - 109428
109452 - 111940
110831 - 114786
114787 - 114971
115407 - 115838
116201 - 117291
118932 - 122355
122356 - 125494
125495 - 127347
127348 - 128027
129026 - 130275
131543 - 133667
136162 - 137424
-------------------------------------------
-----after push_string(60975 - 61955)---
1014 - 4216
4633 - 7197
6434 - 8873
7812 - 10141
10142 - 11204
12838 - 15249
15935 - 17465
16512 - 18960
18961 - 22086
22087 - 24422
22877 - 25403
25727 - 28086
26349 - 29501
28266 - 32596
32597 - 33152
33062 - 38070
38071 - 40167
38836 - 39583
40206 - 42739
42740 - 47601
47602 - 52016
52017 - 55295
55296 - 56968
58161 - 60569
60975 - 62270
61639 - 65854
65855 - 66622
66317 - 70456
73430 - 75248
75586 - 77143
79099 - 80966
82040 - 84168
88041 - 89845
90084 - 92305
91862 - 93157
95938 - 98383
99482 - 102532
101245 - 102456
103255 - 105283
103648 - 105949
106617 - 109428
109452 - 111940
110831 - 114786
114787 - 114971
115407 - 115838
116201 - 117291
118932 - 122355
122356 - 125494
125495 - 127347
127348 - 128027
129026 - 130275
131543 - 133667
136162 - 137424
-------------------------------------------
-----after push_string(83951 - 84680)---
1014 - 4216
4633 - 7197
6434 - 8873
7812 - 10141
10142 - 11204
12838 - 15249
15935 - 17465
16512 - 18960
18961 - 22086
22087 - 24422
22877 - 25403
25727 - 28086
26349 - 29501
28266 - 32596
32597 - 33152
33062 - 38070
38071 - 40167
38836 - 39583
40206 - 42739
42740 - 47601
47602 - 52016
52017 - 55295
55296 - 56968
58161 - 60569
60975 - 62270
61639 - 65854
65855 - 66622
66317 - 70456
73430 - 75248
75586 - 77143
79099 - 80966
82040 - 84679
88041 - 89845
90084 - 92305
91862 - 93157
95938 - 98383
99482 - 102532
101245 - 102456
103255 - 105283
103648 - 105949
106617 - 109428
109452 - 111940
110831 - 114786
114787 - 114971
115407 - 115838
116201 - 117291
118932 - 122355
122356 - 125494
125495 - 127347
127348 - 128027
129026 - 130275
131543 - 133667
136162 - 137424
-------------------------------------------
-----after push_string(80083 - 81427)---
1014 - 4216
4633 - 7197
6434 - 8873
7812 - 10141
10142 - 11204
12838 - 15249
15935 - 17465
16512 - 18960
18961 - 22086
22087 - 24422
22877 - 25403
25727 - 28086
26349 - 29501
28266 - 32596
32597 - 33152
33062 - 38070
38071 - 40167
38836 - 39583
40206 - 42739
42740 - 47601
47602 - 52016
52017 - 55295
55296 - 56968
58161 - 60569
60975 - 62270
61639 - 65854
65855 - 66622
66317 - 70456
73430 - 75248
75586 - 77143
79099 - 81426
82040 - 84679
88041 - 89845
90084 - 92305
91862 - 93157
95938 - 98383
99482 - 102532
101245 - 102456
103255 - 105283
103648 - 105949
106617 - 109428
109452 - 111940
110831 - 114786
114787 - 114971
115407 - 115838
116201 - 117291
118932 - 122355
122356 - 125494
125495 - 127347
127348 - 128027
129026 - 130275
131543 - 133667
136162 - 137424
-------------------------------------------
-----after push_string(105669 - 106640)---
1014 - 4216
4633 - 7197
6434 - 8873
7812 - 10141
10142 - 11204
12838 - 15249
15935 - 17465
16512 - 18960
18961 - 22086
22087 - 24422
22877 - 25403
25727 - 28086
26349 - 29501
28266 - 32596
32597 - 33152
33062 - 38070
38071 - 40167
38836 - 39583
40206 - 42739
42740 - 47601
47602 - 52016
52017 - 55295
55296 - 56968
58161 - 60569
60975 - 62270
61639 - 65854
65855 - 66622
66317 - 70456
73430 - 75248
75586 - 77143
79099 - 81426
82040 - 84679
88041 - 89845
90084 - 92305
91862 - 93157
95938 - 98383
99482 - 102532
101245 - 102456
103255 - 105283
103648 - 106639
106640 - 109428
109452 - 111940
110831 - 114786
114787 - 114971
115407 - 115838
116201 - 117291
118932 - 122355
122356 - 125494
125495 - 127347
127348 - 128027
129026 - 130275
131543 - 133667
136162 - 137424
-------------------------------------------
-----after push_string(127418 - 129429)---
1014 - 4216
4633 - 7197
6434 - 8873
7812 - 10141
10142 - 11204
12838 - 15249
15935 - 17465
16512 - 18960
18961 - 22086
22087 - 24422
22877 - 25403
25727 - 28086
26349 - 29501
28266 - 32596
32597 - 33152
33062 - 38070
38071 - 40167
38836 - 39583
40206 - 42739
42740 - 47601
47602 - 52016
52017 - 55295
55296 - 56968
58161 - 60569
60975 - 62270
61639 - 65854
65855 - 66622
66317 - 70456
73430 - 75248
75586 - 77143
79099 - 81426
82040 - 84679
88041 - 89845
90084 - 92305
91862 - 93157
95938 - 98383
99482 - 102532
101245 - 102456
103255 - 105283
103648 - 106639
106640 - 109428
109452 - 111940
110831 - 114786
114787 - 114971
115407 - 115838
116201 - 117291
118932 - 122355
122356 - 125494
125495 - 127347
127348 - 129428
129429 - 130275
131543 - 133667
136162 - 137424
-------------------------------------------
-----after push_string(133042 - 134975)---
1014 - 4216
4633 - 7197
6434 - 8873
7812 - 10141
10142 - 11204
12838 - 15249
15935 - 17465
16512 - 18960
18961 - 22086
22087 - 24422
22877 - 25403
25727 - 28086
26349 - 29501
28266 - 32596
32597 - 33152
33062 - 38070
38071 - 40167
38836 - 39583
40206 - 42739
42740 - 47601
47602 - 52016
52017 - 55295
55296 - 56968
58161 - 60569
60975 - 62270
61639 - 65854
65855 - 66622
66317 - 70456
73430 - 75248
75586 - 77143
79099 - 81426
82040 - 84679
88041 - 89845
90084 - 92305
91862 - 93157
95938 - 98383
99482 - 102532
101245 - 102456
103255 - 105283
103648 - 106639
106640 - 109428
109452 - 111940
110831 - 114786
114787 - 114971
115407 - 115838
116201 - 117291
118932 - 122355
122356 - 125494
125495 - 127347
127348 - 129428
129429 - 130275
131543 - 134974
136162 - 137424
-------------------------------------------
-----after push_string(101715 - 103833)---
1014 - 4216
4633 - 7197
6434 - 8873
7812 - 10141
10142 - 11204
12838 - 15249
15935 - 17465
16512 - 18960
18961 - 22086
22087 - 24422
22877 - 25403
25727 - 28086
26349 - 29501
28266 - 32596
32597 - 33152
33062 - 38070
38071 - 40167
38836 - 39583
40206 - 42739
42740 - 47601
47602 - 52016
52017 - 55295
55296 - 56968
58161 - 60569
60975 - 62270
61639 - 65854
65855 - 66622
66317 - 70456
73430 - 75248
75586 - 77143
79099 - 81426
82040 - 84679
88041 - 89845
90084 - 92305
91862 - 93157
95938 - 98383
99482 - 103832
103833 - 105283
106640 - 109428
109452 - 111940
110831 - 114786
114787 - 114971
115407 - 115838
116201 - 117291
118932 - 122355
122356 - 125494
125495 - 127347
127348 - 129428
129429 - 130275
131543 - 134974
136162 - 137424
-------------------------------------------
-----after push_string(57458 - 59170)---
1014 - 4216
4633 - 7197
6434 - 8873
7812 - 10141
10142 - 11204
12838 - 15249
15935 - 17465
16512 - 18960
18961 - 22086
22087 - 24422
22877 - 25403
25727 - 28086
26349 - 29501
28266 - 32596
32597 - 33152
33062 - 38070
38071 - 40167
38836 - 39583
40206 - 42739
42740 - 47601
47602 - 52016
52017 - 55295
55296 - 56968
57458 - 60178
58161 - 60569
60975 - 62270
61639 - 65854
65855 - 66622
66317 - 70456
73430 - 75248
75586 - 77143
79099 - 81426
82040 - 84679
88041 - 89845
90084 - 92305
91862 - 93157
95938 - 98383
99482 - 103832
103833 - 105283
106640 - 109428
109452 - 111940
110831 - 114786
114787 - 114971
115407 - 115838
116201 - 117291
118932 - 122355
122356 - 125494
125495 - 127347
127348 - 129428
129429 - 130275
131543 - 134974
136162 - 137424
-------------------------------------------
-----after push_string(93082 - 94653)---
1014 - 4216
4633 - 7197
6434 - 8873
7812 - 10141
10142 - 11204
12838 - 15249
15935 - 17465
16512 - 18960
18961 - 22086
22087 - 24422
22877 - 25403
25727 - 28086
26349 - 29501
28266 - 32596
32597 - 33152
33062 - 38070
38071 - 40167
38836 - 39583
40206 - 42739
42740 - 47601
47602 - 52016
52017 - 55295
55296 - 56968
57458 - 60178
58161 - 60569
60975 - 62270
61639 - 65854
65855 - 66622
66317 - 70456
73430 - 75248
75586 - 77143
79099 - 81426
82040 - 84679
88041 - 89845
90084 - 92305
91862 - 94652
95938 - 98383
99482 - 103832
103833 - 105283
106640 - 109428
109452 - 111940
110831 - 114786
114787 - 114971
115407 - 115838
116201 - 117291
118932 - 122355
122356 - 125494
125495 - 127347
127348 - 129428
129429 - 130275
131543 - 134974
136162 - 137424
-------------------------------------------
-----after push_string(134808 - 136278)---
1014 - 4216
4633 - 7197
6434 - 8873
7812 - 10141
10142 - 11204
12838 - 15249
15935 - 17465
16512 - 18960
18961 - 22086
22087 - 24422
22877 - 25403
25727 - 28086
26349 - 29501
28266 - 32596
32597 - 33152
33062 - 38070
38071 - 40167
38836 - 39583
40206 - 42739
42740 - 47601
47602 - 52016
52017 - 55295
55296 - 56968
57458 - 60178
58161 - 60569
60975 - 62270
61639 - 65854
65855 - 66622
66317 - 70456
73430 - 75248
75586 - 77143
79099 - 81426
82040 - 84679
88041 - 89845
90084 - 92305
91862 - 94652
95938 - 98383
99482 - 103832
103833 - 105283
106640 - 109428
109452 - 111940
110831 - 114786
114787 - 114971
115407 - 115838
116201 - 117291
118932 - 122355
122356 - 125494
125495 - 127347
127348 - 129428
129429 - 130275
131543 - 136277
136278 - 137424
-------------------------------------------
-----after push_string(39203 - 40979)---
1014 - 4216
4633 - 7197
6434 - 8873
7812 - 10141
10142 - 11204
12838 - 15249
15935 - 17465
16512 - 18960
18961 - 22086
22087 - 24422
22877 - 25403
25727 - 28086
26349 - 29501
28266 - 32596
32597 - 33152
33062 - 38070
38071 - 40978
40979 - 42739
42740 - 47601
47602 - 52016
52017 - 55295
55296 - 56968
57458 - 60178
58161 - 60569
60975 - 62270
61639 - 65854
65855 - 66622
66317 - 70456
73430 - 75248
75586 - 77143
79099 - 81426
82040 - 84679
88041 - 89845
90084 - 92305
91862 - 94652
95938 - 98383
99482 - 103832
103833 - 105283
106640 - 109428
109452 - 111940
110831 - 114786
114787 - 114971
115407 - 115838
116201 - 117291
118932 - 122355
122356 - 125494
125495 - 127347
127348 - 129428
129429 - 130275
131543 - 136277
136278 - 137424
-------------------------------------------
-----after push_string(84528 - 85576)---
1014 - 4216
4633 - 7197
6434 - 8873
7812 - 10141
10142 - 11204
12838 - 15249
15935 - 17465
16512 - 18960
18961 - 22086
22087 - 24422
22877 - 25403
25727 - 28086
26349 - 29501
28266 - 32596
32597 - 33152
33062 - 38070
38071 - 40978
40979 - 42739
42740 - 47601
47602 - 52016
52017 - 55295
55296 - 56968
57458 - 60178
58161 - 60569
60975 - 62270
61639 - 65854
65855 - 66622
66317 - 70456
73430 - 75248
75586 - 77143
79099 - 81426
82040 - 85575
88041 - 89845
90084 - 92305
91862 - 94652
95938 - 98383
99482 - 103832
103833 - 105283
106640 - 109428
109452 - 111940
110831 - 114786
114787 - 114971
115407 - 115838
116201 - 117291
118932 - 122355
122356 - 125494
125495 - 127347
127348 - 129428
129429 - 130275
131543 - 136277
136278 - 137424
-------------------------------------------
-----after push_string(109342 - 109815)---
1014 - 4216
4633 - 7197
6434 - 8873
7812 - 10141
10142 - 11204
12838 - 15249
15935 - 17465
16512 - 18960
18961 - 22086
22087 - 24422
22877 - 25403
25727 - 28086
26349 - 29501
28266 - 32596
32597 - 33152
33062 - 38070
38071 - 40978
40979 - 42739
42740 - 47601
47602 - 52016
52017 - 55295
55296 - 56968
57458 - 60178
58161 - 60569
60975 - 62270
61639 - 65854
65855 - 66622
66317 - 70456
73430 - 75248
75586 - 77143
79099 - 81426
82040 - 85575
88041 - 89845
90084 - 92305
91862 - 94652
95938 - 98383
99482 - 103832
103833 - 105283
106640 - 109814
109815 - 111940
110831 - 114786
114787 - 114971
115407 - 115838
116201 - 117291
118932 - 122355
122356 - 125494
125495 - 127347
127348 - 129428
129429 - 130275
131543 - 136277
136278 - 137424
-------------------------------------------
-----after push_string(67562 - 68425)---
1014 - 4216
4633 - 7197
6434 - 8873
7812 - 10141
10142 - 11204
12838 - 15249
15935 - 17465
16512 - 18960
18961 - 22086
22087 - 24422
22877 - 25403
25727 - 28086
26349 - 29501
28266 - 32596
32597 - 33152
33062 - 38070
38071 - 40978
40979 - 42739
42740 - 47601
47602 - 52016
52017 - 55295
55296 - 56968
57458 - 60178
58161 - 60569
60975 - 62270
61639 - 65854
65855 - 66622
66317 - 70456
73430 - 75248
75586 - 77143
79099 - 81426
82040 - 85575
88041 - 89845
90084 - 92305
91862 - 94652
95938 - 98383
99482 - 103832
103833 - 105283
106640 - 109814
109815 - 111940
110831 - 114786
114787 - 114971
115407 - 115838
116201 - 117291
118932 - 122355
122356 - 125494
125495 - 127347
127348 - 129428
129429 - 130275
131543 - 136277
136278 - 137424
-------------------------------------------
-----after push_string(10294 - 13046)---
1014 - 4216
4633 - 7197
6434 - 8873
7812 - 10141
10142 - 13045
13046 - 15249
15935 - 17465
16512 - 18960
18961 - 22086
22087 - 24422
22877 - 25403
25727 - 28086
26349 - 29501
28266 - 32596
32597 - 33152
33062 - 38070
38071 - 40978
40979 - 42739
42740 - 47601
47602 - 52016
52017 - 55295
55296 - 56968
57458 - 60178
58161 - 60569
60975 - 62270
61639 - 65854
65855 - 66622
66317 - 70456
73430 - 75248
75586 - 77143
79099 - 81426
82040 - 85575
88041 - 89845
90084 - 92305
91862 - 94652
95938 - 98383
99482 - 103832
103833 - 105283
106640 - 109814
109815 - 111940
110831 - 114786
114787 - 114971
115407 - 115838
116201 - 117291
118932 - 122355
122356 - 125494
125495 - 127347
127348 - 129428
129429 - 130275
131543 - 136277
136278 - 137424
-------------------------------------------
-----after push_string(70135 - 72285)---
1014 - 4216
4633 - 7197
6434 - 8873
7812 - 10141
10142 - 13045
13046 - 15249
15935 - 17465
16512 - 18960
18961 - 22086
22087 - 24422
22877 - 25403
25727 - 28086
26349 - 29501
28266 - 32596
32597 - 33152
33062 - 38070
38071 - 40978
40979 - 42739
42740 - 47601
47602 - 52016
52017 - 55295
55296 - 56968
57458 - 60178
58161 - 60569
60975 - 62270
61639 - 65854
65855 - 66622
66317 - 72284
73430 - 75248
75586 - 77143
79099 - 81426
82040 - 85575
88041 - 89845
90084 - 92305
91862 - 94652
95938 - 98383
99482 - 103832
103833 - 105283
106640 - 109814
109815 - 111940
110831 - 114786
114787 - 114971
115407 - 115838
116201 - 117291
118932 - 122355
122356 - 125494
125495 - 127347
127348 - 129428
129429 - 130275
131543 - 136277
136278 - 137424
-------------------------------------------
-----after push_string(129699 - 132181)---
1014 - 4216
4633 - 7197
6434 - 8873
7812 - 10141
10142 - 13045
13046 - 15249
15935 - 17465
16512 - 18960
18961 - 22086
22087 - 24422
22877 - 25403
25727 - 28086
26349 - 29501
28266 - 32596
32597 - 33152
33062 - 38070
38071 - 40978
40979 - 42739
42740 - 47601
47602 - 52016
52017 - 55295
55296 - 56968
57458 - 60178
58161 - 60569
60975 - 62270
61639 - 65854
65855 - 66622
66317 - 72284
73430 - 75248
75586 - 77143
79099 - 81426
82040 - 85575
88041 - 89845
90084 - 92305
91862 - 94652
95938 - 98383
99482 - 103832
103833 - 105283
106640 - 109814
109815 - 111940
110831 - 114786
114787 - 114971
115407 - 115838
116201 - 117291
118932 - 122355
122356 - 125494
125495 - 127347
127348 - 129428
129429 - 132180
132181 - 136277
136278 - 137424
-------------------------------------------
-----after push_string(114298 - 115498)---
1014 - 4216
4633 - 7197
6434 - 8873
7812 - 10141
10142 - 13045
13046 - 15249
15935 - 17465
16512 - 18960
18961 - 22086
22087 - 24422
22877 - 25403
25727 - 28086
26349 - 29501
28266 - 32596
32597 - 33152
33062 - 38070
38071 - 40978
40979 - 42739
42740 - 47601
47602 - 52016
52017 - 55295
55296 - 56968
57458 - 60178
58161 - 60569
60975 - 62270
61639 - 65854
65855 - 66622
66317 - 72284
73430 - 75248
75586 - 77143
79099 - 81426
82040 - 85575
88041 - 89845
90084 - 92305
91862 - 94652
95938 - 98383
99482 - 103832
103833 - 105283
106640 - 109814
109815 - 111940
110831 - 115497
115498 - 115838
116201 - 117291
118932 - 122355
122356 - 125494
125495 - 127347
127348 - 129428
129429 - 132180
132181 - 136277
136278 - 137424
-------------------------------------------
-----after push_string(76450 - 78741)---
1014 - 4216
4633 - 7197
6434 - 8873
7812 - 10141
10142 - 13045
13046 - 15249
15935 - 17465
16512 - 18960
18961 - 22086
22087 - 24422
22877 - 25403
25727 - 28086
26349 - 29501
28266 - 32596
32597 - 33152
33062 - 38070
38071 - 40978
40979 - 42739
42740 - 47601
47602 - 52016
52017 - 55295
55296 - 56968
57458 - 60178
58161 - 60569
60975 - 62270
61639 - 65854
65855 - 66622
66317 - 72284
73430 - 75248
75586 - 78740
79099 - 81426
82040 - 85575
88041 - 89845
90084 - 92305
91862 - 94652
95938 - 98383
99482 - 103832
103833 - 105283
106640 - 109814
109815 - 111940
110831 - 115497
115498 - 115838
116201 - 117291
118932 - 122355
122356 - 125494
125495 - 127347
127348 - 129428
129429 - 132180
132181 - 136277
136278 - 137424
-------------------------------------------
-----after push_string(72193 - 73889)---
1014 - 4216
4633 - 7197
6434 - 8873
7812 - 10141
10142 - 13045
13046 - 15249
15935 - 17465
16512 - 18960
18961 - 22086
22087 - 24422
22877 - 25403
25727 - 28086
26349 - 29501
28266 - 32596
32597 - 33152
33062 - 38070
38071 - 40978
40979 - 42739
42740 - 47601
47602 - 52016
52017 - 55295
55296 - 56968
57458 - 60178
58161 - 60569
60975 - 62270
61639 - 65854
65855 - 66622
66317 - 73888
73889 - 75248
75586 - 78740
79099 - 81426
82040 - 85575
88041 - 89845
90084 - 92305
91862 - 94652
95938 - 98383
99482 - 103832
103833 - 105283
106640 - 109814
109815 - 111940
110831 - 115497
115498 - 115838
116201 - 117291
118932 - 122355
122356 - 125494
125495 - 127347
127348 - 129428
129429 - 132180
132181 - 136277
136278 - 137424
-------------------------------------------
-----after push_string(59743 - 61421)---
1014 - 4216
4633 - 7197
6434 - 8873
7812 - 10141
10142 - 13045
13046 - 15249
15935 - 17465
16512 - 18960
18961 - 22086
22087 - 24422
22877 - 25403
25727 - 28086
26349 - 29501
28266 - 32596
32597 - 33152
33062 - 38070
38071 - 40978
40979 - 42739
42740 - 47601
47602 - 52016
52017 - 55295
55296 - 56968
57458 - 61420
61421 - 62270
61639 - 65854
65855 - 66622
66317 - 73888
73889 - 75248
75586 - 78740
79099 - 81426
82040 - 85575
88041 - 89845
90084 - 92305
91862 - 94652
95938 - 98383
99482 - 103832
103833 - 105283
106640 - 109814
109815 - 111940
110831 - 115497
115498 - 115838
116201 - 117291
118932 - 122355
122356 - 125494
125495 - 127347
127348 - 129428
129429 - 132180
132181 - 136277
136278 - 137424
-------------------------------------------
-----after push_string(0 - 1913)---
4633 - 7197
6434 - 8873
7812 - 10141
10142 - 13045
13046 - 15249
15935 - 17465
16512 - 18960
18961 - 22086
22087 - 24422
22877 - 25403
25727 - 28086
26349 - 29501
28266 - 32596
32597 - 33152
33062 - 38070
38071 - 40978
40979 - 42739
42740 - 47601
47602 - 52016
52017 - 55295
55296 - 56968
57458 - 61420
61421 - 62270
61639 - 65854
65855 - 66622
66317 - 73888
73889 - 75248
75586 - 78740
79099 - 81426
82040 - 85575
88041 - 89845
90084 - 92305
91862 - 94652
95938 - 98383
99482 - 103832
103833 - 105283
106640 - 109814
109815 - 111940
110831 - 115497
115498 - 115838
116201 - 117291
118932 - 122355
122356 - 125494
125495 - 127347
127348 - 129428
129429 - 132180
132181 - 136277
136278 - 137424
-------------------------------------------
-----after push_string(0 - 31)---
0 - 18446744073709551615
4633 - 7197
6434 - 8873
7812 - 10141
10142 - 13045
13046 - 15249
15935 - 17465
16512 - 18960
18961 - 22086
22087 - 24422
22877 - 25403
25727 - 28086
26349 - 29501
28266 - 32596
32597 - 33152
33062 - 38070
38071 - 40978
40979 - 42739
42740 - 47601
47602 - 52016
52017 - 55295
55296 - 56968
57458 - 61420
61421 - 62270
61639 - 65854
65855 - 66622
66317 - 73888
73889 - 75248
75586 - 78740
79099 - 81426
82040 - 85575
88041 - 89845
90084 - 92305
91862 - 94652
95938 - 98383
99482 - 103832
103833 - 105283
106640 - 109814
109815 - 111940
110831 - 115497
115498 - 115838
116201 - 117291
118932 - 122355
122356 - 125494
125495 - 127347
127348 - 129428
129429 - 132180
132181 - 136277
136278 - 137424
-------------------------------------------
-----after push_string(116768 - 118156)---
0 - 18446744073709551615
4633 - 7197
6434 - 8873
7812 - 10141
10142 - 13045
13046 - 15249
15935 - 17465
16512 - 18960
18961 - 22086
22087 - 24422
22877 - 25403
25727 - 28086
26349 - 29501
28266 - 32596
32597 - 33152
33062 - 38070
38071 - 40978
40979 - 42739
42740 - 47601
47602 - 52016
52017 - 55295
55296 - 56968
57458 - 61420
61421 - 62270
61639 - 65854
65855 - 66622
66317 - 73888
73889 - 75248
75586 - 78740
79099 - 81426
82040 - 85575
88041 - 89845
90084 - 92305
91862 - 94652
95938 - 98383
99482 - 103832
103833 - 105283
106640 - 109814
109815 - 111940
110831 - 115497
115498 - 115838
116201 - 118155
118932 - 122355
122356 - 125494
125495 - 127347
127348 - 129428
129429 - 132180
132181 - 136277
136278 - 137424
-------------------------------------------
-----after push_string(14787 - 16914)---
0 - 18446744073709551615
4633 - 7197
6434 - 8873
7812 - 10141
10142 - 13045
13046 - 16913
16914 - 17465
18961 - 22086
22087 - 24422
22877 - 25403
25727 - 28086
26349 - 29501
28266 - 32596
32597 - 33152
33062 - 38070
38071 - 40978
40979 - 42739
42740 - 47601
47602 - 52016
52017 - 55295
55296 - 56968
57458 - 61420
61421 - 62270
61639 - 65854
65855 - 66622
66317 - 73888
73889 - 75248
75586 - 78740
79099 - 81426
82040 - 85575
88041 - 89845
90084 - 92305
91862 - 94652
95938 - 98383
99482 - 103832
103833 - 105283
106640 - 109814
109815 - 111940
110831 - 115497
115498 - 115838
116201 - 118155
118932 - 122355
122356 - 125494
125495 - 127347
127348 - 129428
129429 - 132180
132181 - 136277
136278 - 137424
-------------------------------------------
-----after push_string(89458 - 90304)---
0 - 18446744073709551615
4633 - 7197
6434 - 8873
7812 - 10141
10142 - 13045
13046 - 16913
16914 - 17465
18961 - 22086
22087 - 24422
22877 - 25403
25727 - 28086
26349 - 29501
28266 - 32596
32597 - 33152
33062 - 38070
38071 - 40978
40979 - 42739
42740 - 47601
47602 - 52016
52017 - 55295
55296 - 56968
57458 - 61420
61421 - 62270
61639 - 65854
65855 - 66622
66317 - 73888
73889 - 75248
75586 - 78740
79099 - 81426
82040 - 85575
88041 - 90303
90304 - 92305
91862 - 94652
95938 - 98383
99482 - 103832
103833 - 105283
106640 - 109814
109815 - 111940
110831 - 115497
115498 - 115838
116201 - 118155
118932 - 122355
122356 - 125494
125495 - 127347
127348 - 129428
129429 - 132180
132181 - 136277
136278 - 137424
-------------------------------------------
-----after push_string(24533 - 26408)---
0 - 18446744073709551615
4633 - 7197
6434 - 8873
7812 - 10141
10142 - 13045
13046 - 16913
16914 - 17465
18961 - 22086
22087 - 24422
22877 - 26407
26408 - 28086
28266 - 32596
32597 - 33152
33062 - 38070
38071 - 40978
40979 - 42739
42740 - 47601
47602 - 52016
52017 - 55295
55296 - 56968
57458 - 61420
61421 - 62270
61639 - 65854
65855 - 66622
66317 - 73888
73889 - 75248
75586 - 78740
79099 - 81426
82040 - 85575
88041 - 90303
90304 - 92305
91862 - 94652
95938 - 98383
99482 - 103832
103833 - 105283
106640 - 109814
109815 - 111940
110831 - 115497
115498 - 115838
116201 - 118155
118932 - 122355
122356 - 125494
125495 - 127347
127348 - 129428
129429 - 132180
132181 - 136277
136278 - 137424
-------------------------------------------
-----after push_string(85722 - 88246)---
0 - 18446744073709551615
4633 - 7197
6434 - 8873
7812 - 10141
10142 - 13045
13046 - 16913
16914 - 17465
18961 - 22086
22087 - 24422
22877 - 26407
26408 - 28086
28266 - 32596
32597 - 33152
33062 - 38070
38071 - 40978
40979 - 42739
42740 - 47601
47602 - 52016
52017 - 55295
55296 - 56968
57458 - 61420
61421 - 62270
61639 - 65854
65855 - 66622
66317 - 73888
73889 - 75248
75586 - 78740
79099 - 81426
82040 - 85575
85722 - 88450
88041 - 90303
90304 - 92305
91862 - 94652
95938 - 98383
99482 - 103832
103833 - 105283
106640 - 109814
109815 - 111940
110831 - 115497
115498 - 115838
116201 - 118155
118932 - 122355
122356 - 125494
125495 - 127347
127348 - 129428
129429 - 132180
132181 - 136277
136278 - 137424
-------------------------------------------
-----after push_string(94059 - 96448)---
0 - 18446744073709551615
4633 - 7197
6434 - 8873
7812 - 10141
10142 - 13045
13046 - 16913
16914 - 17465
18961 - 22086
22087 - 24422
22877 - 26407
26408 - 28086
28266 - 32596
32597 - 33152
33062 - 38070
38071 - 40978
40979 - 42739
42740 - 47601
47602 - 52016
52017 - 55295
55296 - 56968
57458 - 61420
61421 - 62270
61639 - 65854
65855 - 66622
66317 - 73888
73889 - 75248
75586 - 78740
79099 - 81426
82040 - 85575
85722 - 88450
88041 - 90303
90304 - 92305
91862 - 96447
96448 - 98383
99482 - 103832
103833 - 105283
106640 - 109814
109815 - 111940
110831 - 115497
115498 - 115838
116201 - 118155
118932 - 122355
122356 - 125494
125495 - 127347
127348 - 129428
129429 - 132180
132181 - 136277
136278 - 137424
-------------------------------------------
-----after push_string(12104 - 13779)---
0 - 18446744073709551615
4633 - 7197
6434 - 8873
7812 - 10141
10142 - 13778
13779 - 16913
16914 - 17465
18961 - 22086
22087 - 24422
22877 - 26407
26408 - 28086
28266 - 32596
32597 - 33152
33062 - 38070
38071 - 40978
40979 - 42739
42740 - 47601
47602 - 52016
52017 - 55295
55296 - 56968
57458 - 61420
61421 - 62270
61639 - 65854
65855 - 66622
66317 - 73888
73889 - 75248
75586 - 78740
79099 - 81426
82040 - 85575
85722 - 88450
88041 - 90303
90304 - 92305
91862 - 96447
96448 - 98383
99482 - 103832
103833 - 105283
106640 - 109814
109815 - 111940
110831 - 115497
115498 - 115838
116201 - 118155
118932 - 122355
122356 - 125494
125495 - 127347
127348 - 129428
129429 - 132180
132181 - 136277
136278 - 137424
-------------------------------------------
-----after push_string(81341 - 82688)---
0 - 18446744073709551615
4633 - 7197
6434 - 8873
7812 - 10141
10142 - 13778
13779 - 16913
16914 - 17465
18961 - 22086
22087 - 24422
22877 - 26407
26408 - 28086
28266 - 32596
32597 - 33152
33062 - 38070
38071 - 40978
40979 - 42739
42740 - 47601
47602 - 52016
52017 - 55295
55296 - 56968
57458 - 61420
61421 - 62270
61639 - 65854
65855 - 66622
66317 - 73888
73889 - 75248
75586 - 78740
79099 - 82687
82688 - 85575
85722 - 88450
88041 - 90303
90304 - 92305
91862 - 96447
96448 - 98383
99482 - 103832
103833 - 105283
106640 - 109814
109815 - 111940
110831 - 115497
115498 - 115838
116201 - 118155
118932 - 122355
122356 - 125494
125495 - 127347
127348 - 129428
129429 - 132180
132181 - 136277
136278 - 137424
-------------------------------------------
-----after push_string(115751 - 116511)---
0 - 18446744073709551615
4633 - 7197
6434 - 8873
7812 - 10141
10142 - 13778
13779 - 16913
16914 - 17465
18961 - 22086
22087 - 24422
22877 - 26407
26408 - 28086
28266 - 32596
32597 - 33152
33062 - 38070
38071 - 40978
40979 - 42739
42740 - 47601
47602 - 52016
52017 - 55295
55296 - 56968
57458 - 61420
61421 - 62270
61639 - 65854
65855 - 66622
66317 - 73888
73889 - 75248
75586 - 78740
79099 - 82687
82688 - 85575
85722 - 88450
88041 - 90303
90304 - 92305
91862 - 96447
96448 - 98383
99482 - 103832
103833 - 105283
106640 - 109814
109815 - 111940
110831 - 115497
115498 - 116510
116511 - 118155
118932 - 122355
122356 - 125494
125495 - 127347
127348 - 129428
129429 - 132180
132181 - 136277
136278 - 137424
-------------------------------------------
-----after push_string(89759 - 90409)---
0 - 18446744073709551615
4633 - 7197
6434 - 8873
7812 - 10141
10142 - 13778
13779 - 16913
16914 - 17465
18961 - 22086
22087 - 24422
22877 - 26407
26408 - 28086
28266 - 32596
32597 - 33152
33062 - 38070
38071 - 40978
40979 - 42739
42740 - 47601
47602 - 52016
52017 - 55295
55296 - 56968
57458 - 61420
61421 - 62270
61639 - 65854
65855 - 66622
66317 - 73888
73889 - 75248
75586 - 78740
79099 - 82687
82688 - 85575
85722 - 88450
88041 - 90408
90409 - 92305
91862 - 96447
96448 - 98383
99482 - 103832
103833 - 105283
106640 - 109814
109815 - 111940
110831 - 115497
115498 - 116510
116511 - 118155
118932 - 122355
122356 - 125494
125495 - 127347
127348 - 129428
129429 - 132180
132181 - 136277
136278 - 137424
-------------------------------------------
-----after push_string(56617 - 58235)---
0 - 18446744073709551615
4633 - 7197
6434 - 8873
7812 - 10141
10142 - 13778
13779 - 16913
16914 - 17465
18961 - 22086
22087 - 24422
22877 - 26407
26408 - 28086
28266 - 32596
32597 - 33152
33062 - 38070
38071 - 40978
40979 - 42739
42740 - 47601
47602 - 52016
52017 - 55295
55296 - 58234
58235 - 61420
61421 - 62270
61639 - 65854
65855 - 66622
66317 - 73888
73889 - 75248
75586 - 78740
79099 - 82687
82688 - 85575
85722 - 88450
88041 - 90408
90409 - 92305
91862 - 96447
96448 - 98383
99482 - 103832
103833 - 105283
106640 - 109814
109815 - 111940
110831 - 115497
115498 - 116510
116511 - 118155
118932 - 122355
122356 - 125494
125495 - 127347
127348 - 129428
129429 - 132180
132181 - 136277
136278 - 137424
-------------------------------------------
-----after push_string(85475 - 86572)---
0 - 18446744073709551615
4633 - 7197
6434 - 8873
7812 - 10141
10142 - 13778
13779 - 16913
16914 - 17465
18961 - 22086
22087 - 24422
22877 - 26407
26408 - 28086
28266 - 32596
32597 - 33152
33062 - 38070
38071 - 40978
40979 - 42739
42740 - 47601
47602 - 52016
52017 - 55295
55296 - 58234
58235 - 61420
61421 - 62270
61639 - 65854
65855 - 66622
66317 - 73888
73889 - 75248
75586 - 78740
79099 - 82687
82688 - 86571
86572 - 88450
88041 - 90408
90409 - 92305
91862 - 96447
96448 - 98383
99482 - 103832
103833 - 105283
106640 - 109814
109815 - 111940
110831 - 115497
115498 - 116510
116511 - 118155
118932 - 122355
122356 - 125494
125495 - 127347
127348 - 129428
129429 - 132180
132181 - 136277
136278 - 137424
-------------------------------------------
-----after push_string(34786 - 36154)---
0 - 18446744073709551615
4633 - 7197
6434 - 8873
7812 - 10141
10142 - 13778
13779 - 16913
16914 - 17465
18961 - 22086
22087 - 24422
22877 - 26407
26408 - 28086
28266 - 32596
32597 - 33152
33062 - 38070
38071 - 40978
40979 - 42739
42740 - 47601
47602 - 52016
52017 - 55295
55296 - 58234
58235 - 61420
61421 - 62270
61639 - 65854
65855 - 66622
66317 - 73888
73889 - 75248
75586 - 78740
79099 - 82687
82688 - 86571
86572 - 88450
88041 - 90408
90409 - 92305
91862 - 96447
96448 - 98383
99482 - 103832
103833 - 105283
106640 - 109814
109815 - 111940
110831 - 115497
115498 - 116510
116511 - 118155
118932 - 122355
122356 - 125494
125495 - 127347
127348 - 129428
129429 - 132180
132181 - 136277
136278 - 137424
-------------------------------------------
-----after push_string(3241 - 4803)---
0 - 18446744073709551615
4217 - 4972
4633 - 7197
6434 - 8873
7812 - 10141
10142 - 13778
13779 - 16913
16914 - 17465
18961 - 22086
22087 - 24422
22877 - 26407
26408 - 28086
28266 - 32596
32597 - 33152
33062 - 38070
38071 - 40978
40979 - 42739
42740 - 47601
47602 - 52016
52017 - 55295
55296 - 58234
58235 - 61420
61421 - 62270
61639 - 65854
65855 - 66622
66317 - 73888
73889 - 75248
75586 - 78740
79099 - 82687
82688 - 86571
86572 - 88450
88041 - 90408
90409 - 92305
91862 - 96447
96448 - 98383
99482 - 103832
103833 - 105283
106640 - 109814
109815 - 111940
110831 - 115497
115498 - 116510
116511 - 118155
118932 - 122355
122356 - 125494
125495 - 127347
127348 - 129428
129429 - 132180
132181 - 136277
136278 - 137424
-------------------------------------------
-----after push_string(74612 - 76265)---
0 - 18446744073709551615
4217 - 4972
4633 - 7197
6434 - 8873
7812 - 10141
10142 - 13778
13779 - 16913
16914 - 17465
18961 - 22086
22087 - 24422
22877 - 26407
26408 - 28086
28266 - 32596
32597 - 33152
33062 - 38070
38071 - 40978
40979 - 42739
42740 - 47601
47602 - 52016
52017 - 55295
55296 - 58234
58235 - 61420
61421 - 62270
61639 - 65854
65855 - 66622
66317 - 73888
73889 - 76264
76265 - 78740
79099 - 82687
82688 - 86571
86572 - 88450
88041 - 90408
90409 - 92305
91862 - 96447
96448 - 98383
99482 - 103832
103833 - 105283
106640 - 109814
109815 - 111940
110831 - 115497
115498 - 116510
116511 - 118155
118932 - 122355
122356 - 125494
125495 - 127347
127348 - 129428
129429 - 132180
132181 - 136277
136278 - 137424
-------------------------------------------
-----after push_string(115491 - 116280)---
0 - 18446744073709551615
4217 - 4972
4633 - 7197
6434 - 8873
7812 - 10141
10142 - 13778
13779 - 16913
16914 - 17465
18961 - 22086
22087 - 24422
22877 - 26407
26408 - 28086
28266 - 32596
32597 - 33152
33062 - 38070
38071 - 40978
40979 - 42739
42740 - 47601
47602 - 52016
52017 - 55295
55296 - 58234
58235 - 61420
61421 - 62270
61639 - 65854
65855 - 66622
66317 - 73888
73889 - 76264
76265 - 78740
79099 - 82687
82688 - 86571
86572 - 88450
88041 - 90408
90409 - 92305
91862 - 96447
96448 - 98383
99482 - 103832
103833 - 105283
106640 - 109814
109815 - 111940
110831 - 116279
116280 - 116510
116511 - 118155
118932 - 122355
122356 - 125494
125495 - 127347
127348 - 129428
129429 - 132180
132181 - 136277
136278 - 137424
-------------------------------------------
-----after push_string(32155 - 33526)---
0 - 18446744073709551615
4217 - 4972
4633 - 7197
6434 - 8873
7812 - 10141
10142 - 13778
13779 - 16913
16914 - 17465
18961 - 22086
22087 - 24422
22877 - 26407
26408 - 28086
28266 - 33525
33526 - 38070
38071 - 40978
40979 - 42739
42740 - 47601
47602 - 52016
52017 - 55295
55296 - 58234
58235 - 61420
61421 - 62270
61639 - 65854
65855 - 66622
66317 - 73888
73889 - 76264
76265 - 78740
79099 - 82687
82688 - 86571
86572 - 88450
88041 - 90408
90409 - 92305
91862 - 96447
96448 - 98383
99482 - 103832
103833 - 105283
106640 - 109814
109815 - 111940
110831 - 116279
116280 - 116510
116511 - 118155
118932 - 122355
122356 - 125494
125495 - 127347
127348 - 129428
129429 - 132180
132181 - 136277
136278 - 137424
-------------------------------------------
-----after push_string(97743 - 100087)---
0 - 18446744073709551615
4217 - 4972
4633 - 7197
6434 - 8873
7812 - 10141
10142 - 13778
13779 - 16913
16914 - 17465
18961 - 22086
22087 - 24422
22877 - 26407
26408 - 28086
28266 - 33525
33526 - 38070
38071 - 40978
40979 - 42739
42740 - 47601
47602 - 52016
52017 - 55295
55296 - 58234
58235 - 61420
61421 - 62270
61639 - 65854
65855 - 66622
66317 - 73888
73889 - 76264
76265 - 78740
79099 - 82687
82688 - 86571
86572 - 88450
88041 - 90408
90409 - 92305
91862 - 96447
96448 - 100086
100087 - 103832
103833 - 105283
106640 - 109814
109815 - 111940
110831 - 116279
116280 - 116510
116511 - 118155
118932 - 122355
122356 - 125494
125495 - 127347
127348 - 129428
129429 - 132180
132181 - 136277
136278 - 137424
-------------------------------------------
-----after push_string(78195 - 79969)---
0 - 18446744073709551615
4217 - 4972
4633 - 7197
6434 - 8873
7812 - 10141
10142 - 13778
13779 - 16913
16914 - 17465
18961 - 22086
22087 - 24422
22877 - 26407
26408 - 28086
28266 - 33525
33526 - 38070
38071 - 40978
40979 - 42739
42740 - 47601
47602 - 52016
52017 - 55295
55296 - 58234
58235 - 61420
61421 - 62270
61639 - 65854
65855 - 66622
66317 - 73888
73889 - 76264
76265 - 79968
79969 - 82687
82688 - 86571
86572 - 88450
88041 - 90408
90409 - 92305
91862 - 96447
96448 - 100086
100087 - 103832
103833 - 105283
106640 - 109814
109815 - 111940
110831 - 116279
116280 - 116510
116511 - 118155
118932 - 122355
122356 - 125494
125495 - 127347
127348 - 129428
129429 - 132180
132181 - 136277
136278 - 137424
-------------------------------------------
-----after push_string(117223 - 119321)---
0 - 18446744073709551615
4217 - 4972
4633 - 7197
6434 - 8873
7812 - 10141
10142 - 13778
13779 - 16913
16914 - 17465
18961 - 22086
22087 - 24422
22877 - 26407
26408 - 28086
28266 - 33525
33526 - 38070
38071 - 40978
40979 - 42739
42740 - 47601
47602 - 52016
52017 - 55295
55296 - 58234
58235 - 61420
61421 - 62270
61639 - 65854
65855 - 66622
66317 - 73888
73889 - 76264
76265 - 79968
79969 - 82687
82688 - 86571
86572 - 88450
88041 - 90408
90409 - 92305
91862 - 96447
96448 - 100086
100087 - 103832
103833 - 105283
106640 - 109814
109815 - 111940
110831 - 116279
116280 - 116510
116511 - 119320
119321 - 122355
122356 - 125494
125495 - 127347
127348 - 129428
129429 - 132180
132181 - 136277
136278 - 137424
-------------------------------------------
Exception: test 2 - number of RX bytes is incorrect

      Start 22: t_strm_reassem_cap
 8/16 Test #22: t_strm_reassem_cap ...............   Passed    2.19 sec
      Start 23: t_byte_stream_construction
 9/16 Test #23: t_byte_stream_construction .......   Passed    0.13 sec
      Start 24: t_byte_stream_one_write
10/16 Test #24: t_byte_stream_one_write ..........   Passed    0.10 sec
      Start 25: t_byte_stream_two_writes
11/16 Test #25: t_byte_stream_two_writes .........   Passed    0.11 sec
      Start 26: t_byte_stream_capacity
12/16 Test #26: t_byte_stream_capacity ...........   Passed    4.47 sec
      Start 27: t_byte_stream_many_writes
13/16 Test #27: t_byte_stream_many_writes ........   Passed    0.21 sec
      Start 50: t_address_dt
14/16 Test #50: t_address_dt .....................   Passed    0.08 sec
      Start 51: t_parser_dt
15/16 Test #51: t_parser_dt ......................   Passed    0.08 sec
      Start 52: t_socket_dt
16/16 Test #52: t_socket_dt ......................   Passed    0.13 sec

94% tests passed, 1 tests failed out of 16

Total Test time (real) =  11.16 sec

The following tests FAILED:
	 21 - t_strm_reassem_win (Failed)
Errors while running CTest
CMakeFiles/check_lab1.dir/build.make:57: recipe for target 'CMakeFiles/check_lab1' failed
make[3]: *** [CMakeFiles/check_lab1] Error 8
CMakeFiles/Makefile2:2759: recipe for target 'CMakeFiles/check_lab1.dir/all' failed
make[2]: *** [CMakeFiles/check_lab1.dir/all] Error 2
CMakeFiles/Makefile2:2766: recipe for target 'CMakeFiles/check_lab1.dir/rule' failed
make[1]: *** [CMakeFiles/check_lab1.dir/rule] Error 2
Makefile:1195: recipe for target 'check_lab1' failed
make: *** [check_lab1] Error 2
