[100%] Testing the stream reassembler...
Test project /mnt/i/DIY/CS144/sponge/build
      Start 15: t_strm_reassem_single
 1/16 Test #15: t_strm_reassem_single ............   Passed    0.18 sec
      Start 16: t_strm_reassem_seq
 2/16 Test #16: t_strm_reassem_seq ...............   Passed    0.20 sec
      Start 17: t_strm_reassem_dup
 3/16 Test #17: t_strm_reassem_dup ...............   Passed    0.26 sec
      Start 18: t_strm_reassem_holes
 4/16 Test #18: t_strm_reassem_holes .............   Passed    0.59 sec
      Start 19: t_strm_reassem_many
 5/16 Test #19: t_strm_reassem_many ..............   Passed    1.12 sec
      Start 20: t_strm_reassem_overlapping
 6/16 Test #20: t_strm_reassem_overlapping .......   Passed    0.17 sec
      Start 21: t_strm_reassem_win
 7/16 Test #21: t_strm_reassem_win ...............***Failed    0.13 sec
24194 26109
17382 19601
53080 55160
77126 78370
117748 118863
67396 69117
100409 102714
52489 53242
27109 29236
8018 9984
39834 42838
56776 57488
86246 87952
1889 3590
93134 93623
74142 74916
25580 27776
15838 17656
74247 75616
44775 45633
970 1511
56922 57773
61244 62787
5458 8022
68404 70710
9695 10395
54585 55882
120752 121184
109101 109506
90541 91809
14460 15987
49625 50787
45071 46794
98593 100684
105822 106417
107455 109501
75394 76808
71336 74143
618 2741
45860 48729
105401 108146
35171 36241
19444 20122
64855 66806
79348 81736
16216 16674
32272 34535
77597 79737
76233 77811
19541 21889
29946 31308
91085 93345
37174 39066
2553 2749
56887 59452
88225 90551
50657 52735
87853 89123
2711 5394
114697 115349
63691 65374
29129 29726
99908 101227
110806 112929
29584 30812
39817 40854
36511 38100
4962 6033
62397 63784
109308 111126
30599 32967
114211 115155
65785 67536
47970 49876
55661 57296
76581 76875
43379 44877
5646 6278
4557 5500
84704 86948
61305 61805
71433 72268
60195 61280
11761 13560
19294 20161
80896 82792
96805 98931
15599 16381
121112 121432
71171 72142
38053 40167
81872 84720
10112 11957
11338 12560
19000 20043
118210 120321
120559 123012
94938 96969
42053 43578
41972 42962
0 1414
21438 23262
114696 116437
103356 105204
58546 60062
21509 22318
69931 71650
74800 75036
115842 118127
93351 95261
60461 61510
18645 20015
35570 36758
34219 35990
0 181
120290 120907
14546 15423
22326 24745
83888 85013
68645 69350
59348 61134
13435 14864
101928 103837
104691 105923
39373 40813
112402 114404
102403 102832
52976 53836
Exception: test 2 - number of RX bytes is incorrect

      Start 22: t_strm_reassem_cap
 8/16 Test #22: t_strm_reassem_cap ...............   Passed    2.51 sec
      Start 23: t_byte_stream_construction
 9/16 Test #23: t_byte_stream_construction .......   Passed    0.12 sec
      Start 24: t_byte_stream_one_write
10/16 Test #24: t_byte_stream_one_write ..........   Passed    0.16 sec
      Start 25: t_byte_stream_two_writes
11/16 Test #25: t_byte_stream_two_writes .........   Passed    0.15 sec
      Start 26: t_byte_stream_capacity
12/16 Test #26: t_byte_stream_capacity ...........   Passed    3.86 sec
      Start 27: t_byte_stream_many_writes
13/16 Test #27: t_byte_stream_many_writes ........   Passed    0.21 sec
      Start 50: t_address_dt
14/16 Test #50: t_address_dt .....................   Passed    0.06 sec
      Start 51: t_parser_dt
15/16 Test #51: t_parser_dt ......................   Passed    0.07 sec
      Start 52: t_socket_dt
16/16 Test #52: t_socket_dt ......................   Passed    0.11 sec

94% tests passed, 1 tests failed out of 16

Total Test time (real) =  10.90 sec

The following tests FAILED:
	 21 - t_strm_reassem_win (Failed)
Errors while running CTest
CMakeFiles/check_lab1.dir/build.make:57: recipe for target 'CMakeFiles/check_lab1' failed
make[3]: *** [CMakeFiles/check_lab1] Error 8
CMakeFiles/Makefile2:2759: recipe for target 'CMakeFiles/check_lab1.dir/all' failed
make[2]: *** [CMakeFiles/check_lab1.dir/all] Error 2
CMakeFiles/Makefile2:2766: recipe for target 'CMakeFiles/check_lab1.dir/rule' failed
make[1]: *** [CMakeFiles/check_lab1.dir/rule] Error 2
Makefile:1195: recipe for target 'check_lab1' failed
make: *** [check_lab1] Error 2
