[100%] Testing the stream reassembler...
Test project /mnt/i/DIY/CS144/sponge/build
      Start 15: t_strm_reassem_single
 1/16 Test #15: t_strm_reassem_single ............   Passed    0.17 sec
      Start 16: t_strm_reassem_seq
 2/16 Test #16: t_strm_reassem_seq ...............   Passed    0.14 sec
      Start 17: t_strm_reassem_dup
 3/16 Test #17: t_strm_reassem_dup ...............   Passed    0.25 sec
      Start 18: t_strm_reassem_holes
 4/16 Test #18: t_strm_reassem_holes .............   Passed    0.18 sec
      Start 19: t_strm_reassem_many
 5/16 Test #19: t_strm_reassem_many ..............   Passed    1.22 sec
      Start 20: t_strm_reassem_overlapping
 6/16 Test #20: t_strm_reassem_overlapping .......***Failed    0.18 sec
-----after push_string(0 - 1)---
-------------------------------------------
-----after push_string(0 - 2)---
-------------------------------------------
-----after push_string(0 - 1)---
-------------------------------------------
-----after push_string(0 - 2)---
-------------------------------------------
-----after push_string(1 - 2)---
1 - 1
-------------------------------------------
-----after push_string(0 - 2)---
-------------------------------------------
-----after push_string(1 - 2)---
1 - 1
-------------------------------------------
-----after push_string(1 - 3)---
-------------------------------------------
-----after push_string(2 - 3)---
2 - 2
-------------------------------------------
-----after push_string(1 - 4)---
1 - 3
-------------------------------------------
-----after push_string(1 - 2)---
1 - 1
-------------------------------------------
-----after push_string(3 - 4)---
1 - 1
3 - 3
-------------------------------------------
-----after push_string(1 - 5)---
-------------------------------------------
-----after push_string(2 - 3)---
2 - 2
-------------------------------------------
-----after push_string(1 - 4)---
1 - 3
-------------------------------------------
-----after push_string(0 - 1)---
-------------------------------------------
-----after push_string(1 - 4)---
1 - 3
-------------------------------------------
-----after push_string(2 - 3)---
1 - 3
2 - 4
-------------------------------------------
Test Failure on expectation:
	Expectation: bytes not assembled = 3

Failure message:
	The reassembler was expected to have `3` bytes not assembled, but there were `2`

List of steps that executed successfully:
	Initialized (capacity = 1000)
	Action:      substring submitted with data "bcd", index `1`, eof `0`
	Action:      substring submitted with data "c", index `2`, eof `0`
	Expectation: stream_out().buffer_size() returned 0, and stream_out().read(0) returned the string ""
	Expectation: net bytes assembled = 0

Exception: The reassembler was expected to have `3` bytes not assembled, but there were `2`

      Start 21: t_strm_reassem_win
 7/16 Test #21: t_strm_reassem_win ...............***Failed    0.14 sec
-----after push_string(75028 - 77246)---
75028 - 77245
-------------------------------------------
-----after push_string(89236 - 90317)---
75028 - 77245
89236 - 90316
-------------------------------------------
-----after push_string(88702 - 90254)---
75028 - 77245
88702 - 91271
89236 - 90316
-------------------------------------------
-----after push_string(101388 - 103106)---
75028 - 77245
88702 - 91271
89236 - 90316
101388 - 103105
-------------------------------------------
-----after push_string(21439 - 24297)---
21439 - 24296
75028 - 77245
88702 - 91271
89236 - 90316
101388 - 103105
-------------------------------------------
-----after push_string(118087 - 120064)---
21439 - 24296
75028 - 77245
88702 - 91271
89236 - 90316
101388 - 103105
118087 - 120063
-------------------------------------------
-----after push_string(14864 - 16787)---
14864 - 16786
21439 - 24296
75028 - 77245
88702 - 91271
89236 - 90316
101388 - 103105
118087 - 120063
-------------------------------------------
-----after push_string(7998 - 10154)---
7998 - 10153
14864 - 16786
21439 - 24296
75028 - 77245
88702 - 91271
89236 - 90316
101388 - 103105
118087 - 120063
-------------------------------------------
-----after push_string(100142 - 101849)---
7998 - 10153
14864 - 16786
21439 - 24296
75028 - 77245
88702 - 91271
89236 - 90316
100142 - 102309
101388 - 103105
118087 - 120063
-------------------------------------------
-----after push_string(28403 - 30709)---
7998 - 10153
14864 - 16786
21439 - 24296
28403 - 30708
75028 - 77245
88702 - 91271
89236 - 90316
100142 - 102309
101388 - 103105
118087 - 120063
-------------------------------------------
-----after push_string(114638 - 117033)---
7998 - 10153
14864 - 16786
21439 - 24296
28403 - 30708
75028 - 77245
88702 - 91271
89236 - 90316
100142 - 102309
101388 - 103105
114638 - 117032
118087 - 120063
-------------------------------------------
-----after push_string(6326 - 8922)---
6326 - 10153
14864 - 16786
21439 - 24296
28403 - 30708
75028 - 77245
88702 - 91271
89236 - 90316
100142 - 102309
101388 - 103105
114638 - 117032
118087 - 120063
-------------------------------------------
-----after push_string(92800 - 93240)---
6326 - 10153
14864 - 16786
21439 - 24296
28403 - 30708
75028 - 77245
88702 - 91271
89236 - 90316
92800 - 93239
100142 - 102309
101388 - 103105
114638 - 117032
118087 - 120063
-------------------------------------------
-----after push_string(103032 - 105038)---
6326 - 10153
14864 - 16786
21439 - 24296
28403 - 30708
75028 - 77245
88702 - 91271
89236 - 90316
92800 - 93239
100142 - 102309
101388 - 105037
114638 - 117032
118087 - 120063
-------------------------------------------
-----after push_string(106358 - 106816)---
6326 - 10153
14864 - 16786
21439 - 24296
28403 - 30708
75028 - 77245
88702 - 91271
89236 - 90316
92800 - 93239
100142 - 102309
101388 - 105037
106358 - 106815
114638 - 117032
118087 - 120063
-------------------------------------------
-----after push_string(77304 - 79994)---
6326 - 10153
14864 - 16786
21439 - 24296
28403 - 30708
75028 - 77245
77304 - 79993
88702 - 91271
89236 - 90316
92800 - 93239
100142 - 102309
101388 - 105037
106358 - 106815
114638 - 117032
118087 - 120063
-------------------------------------------
-----after push_string(45508 - 46797)---
6326 - 10153
14864 - 16786
21439 - 24296
28403 - 30708
45508 - 46796
75028 - 77245
77304 - 79993
88702 - 91271
89236 - 90316
92800 - 93239
100142 - 102309
101388 - 105037
106358 - 106815
114638 - 117032
118087 - 120063
-------------------------------------------
-----after push_string(1845 - 3189)---
1845 - 3188
6326 - 10153
14864 - 16786
21439 - 24296
28403 - 30708
45508 - 46796
75028 - 77245
77304 - 79993
88702 - 91271
89236 - 90316
92800 - 93239
100142 - 102309
101388 - 105037
106358 - 106815
114638 - 117032
118087 - 120063
-------------------------------------------
-----after push_string(81383 - 82040)---
1845 - 3188
6326 - 10153
14864 - 16786
21439 - 24296
28403 - 30708
45508 - 46796
75028 - 77245
77304 - 79993
81383 - 82039
88702 - 91271
89236 - 90316
92800 - 93239
100142 - 102309
101388 - 105037
106358 - 106815
114638 - 117032
118087 - 120063
-------------------------------------------
-----after push_string(57284 - 59629)---
1845 - 3188
6326 - 10153
14864 - 16786
21439 - 24296
28403 - 30708
45508 - 46796
57284 - 59628
75028 - 77245
77304 - 79993
81383 - 82039
88702 - 91271
89236 - 90316
92800 - 93239
100142 - 102309
101388 - 105037
106358 - 106815
114638 - 117032
118087 - 120063
-------------------------------------------
-----after push_string(122008 - 123641)---
1845 - 3188
6326 - 10153
14864 - 16786
21439 - 24296
28403 - 30708
45508 - 46796
57284 - 59628
75028 - 77245
77304 - 79993
81383 - 82039
88702 - 91271
89236 - 90316
92800 - 93239
100142 - 102309
101388 - 105037
106358 - 106815
114638 - 117032
118087 - 120063
122008 - 123640
-------------------------------------------
-----after push_string(49987 - 51772)---
1845 - 3188
6326 - 10153
14864 - 16786
21439 - 24296
28403 - 30708
45508 - 46796
49987 - 51771
57284 - 59628
75028 - 77245
77304 - 79993
81383 - 82039
88702 - 91271
89236 - 90316
92800 - 93239
100142 - 102309
101388 - 105037
106358 - 106815
114638 - 117032
118087 - 120063
122008 - 123640
-------------------------------------------
-----after push_string(76346 - 77718)---
1845 - 3188
6326 - 10153
14864 - 16786
21439 - 24296
28403 - 30708
45508 - 46796
49987 - 51771
57284 - 59628
75028 - 77717
81383 - 82039
88702 - 91271
89236 - 90316
92800 - 93239
100142 - 102309
101388 - 105037
106358 - 106815
114638 - 117032
118087 - 120063
122008 - 123640
-------------------------------------------
-----after push_string(124054 - 125774)---
1845 - 3188
6326 - 10153
14864 - 16786
21439 - 24296
28403 - 30708
45508 - 46796
49987 - 51771
57284 - 59628
75028 - 77717
81383 - 82039
88702 - 91271
89236 - 90316
92800 - 93239
100142 - 102309
101388 - 105037
106358 - 106815
114638 - 117032
118087 - 120063
122008 - 123640
124054 - 125773
-------------------------------------------
-----after push_string(46742 - 47612)---
1845 - 3188
6326 - 10153
14864 - 16786
21439 - 24296
28403 - 30708
45508 - 47611
49987 - 51771
57284 - 59628
75028 - 77717
81383 - 82039
88702 - 91271
89236 - 90316
92800 - 93239
100142 - 102309
101388 - 105037
106358 - 106815
114638 - 117032
118087 - 120063
122008 - 123640
124054 - 125773
-------------------------------------------
-----after push_string(88499 - 88792)---
1845 - 3188
6326 - 10153
14864 - 16786
21439 - 24296
28403 - 30708
45508 - 47611
49987 - 51771
57284 - 59628
75028 - 77717
81383 - 82039
88499 - 88881
88702 - 91271
89236 - 90316
92800 - 93239
100142 - 102309
101388 - 105037
106358 - 106815
114638 - 117032
118087 - 120063
122008 - 123640
124054 - 125773
-------------------------------------------
-----after push_string(52344 - 52875)---
1845 - 3188
6326 - 10153
14864 - 16786
21439 - 24296
28403 - 30708
45508 - 47611
49987 - 51771
52344 - 52874
57284 - 59628
75028 - 77717
81383 - 82039
88499 - 88881
88702 - 91271
89236 - 90316
92800 - 93239
100142 - 102309
101388 - 105037
106358 - 106815
114638 - 117032
118087 - 120063
122008 - 123640
124054 - 125773
-------------------------------------------
-----after push_string(107466 - 109571)---
1845 - 3188
6326 - 10153
14864 - 16786
21439 - 24296
28403 - 30708
45508 - 47611
49987 - 51771
52344 - 52874
57284 - 59628
75028 - 77717
81383 - 82039
88499 - 88881
88702 - 91271
89236 - 90316
92800 - 93239
100142 - 102309
101388 - 105037
106358 - 106815
107466 - 109570
114638 - 117032
118087 - 120063
122008 - 123640
124054 - 125773
-------------------------------------------
-----after push_string(44287 - 45429)---
1845 - 3188
6326 - 10153
14864 - 16786
21439 - 24296
28403 - 30708
44287 - 45428
45508 - 47611
49987 - 51771
52344 - 52874
57284 - 59628
75028 - 77717
81383 - 82039
88499 - 88881
88702 - 91271
89236 - 90316
92800 - 93239
100142 - 102309
101388 - 105037
106358 - 106815
107466 - 109570
114638 - 117032
118087 - 120063
122008 - 123640
124054 - 125773
-------------------------------------------
-----after push_string(32676 - 33764)---
1845 - 3188
6326 - 10153
14864 - 16786
21439 - 24296
28403 - 30708
32676 - 33763
44287 - 45428
45508 - 47611
49987 - 51771
52344 - 52874
57284 - 59628
75028 - 77717
81383 - 82039
88499 - 88881
88702 - 91271
89236 - 90316
92800 - 93239
100142 - 102309
101388 - 105037
106358 - 106815
107466 - 109570
114638 - 117032
118087 - 120063
122008 - 123640
124054 - 125773
-------------------------------------------
-----after push_string(91847 - 92822)---
1845 - 3188
6326 - 10153
14864 - 16786
21439 - 24296
28403 - 30708
32676 - 33763
44287 - 45428
45508 - 47611
49987 - 51771
52344 - 52874
57284 - 59628
75028 - 77717
81383 - 82039
88499 - 88881
88702 - 91271
89236 - 90316
91847 - 92843
92800 - 93239
100142 - 102309
101388 - 105037
106358 - 106815
107466 - 109570
114638 - 117032
118087 - 120063
122008 - 123640
124054 - 125773
-------------------------------------------
-----after push_string(34997 - 36935)---
1845 - 3188
6326 - 10153
14864 - 16786
21439 - 24296
28403 - 30708
32676 - 33763
34997 - 36934
44287 - 45428
45508 - 47611
49987 - 51771
52344 - 52874
57284 - 59628
75028 - 77717
81383 - 82039
88499 - 88881
88702 - 91271
89236 - 90316
91847 - 92843
92800 - 93239
100142 - 102309
101388 - 105037
106358 - 106815
107466 - 109570
114638 - 117032
118087 - 120063
122008 - 123640
124054 - 125773
-------------------------------------------
-----after push_string(81452 - 83660)---
1845 - 3188
6326 - 10153
14864 - 16786
21439 - 24296
28403 - 30708
32676 - 33763
34997 - 36934
44287 - 45428
45508 - 47611
49987 - 51771
52344 - 52874
57284 - 59628
75028 - 77717
81383 - 83659
88499 - 88881
88702 - 91271
89236 - 90316
91847 - 92843
92800 - 93239
100142 - 102309
101388 - 105037
106358 - 106815
107466 - 109570
114638 - 117032
118087 - 120063
122008 - 123640
124054 - 125773
-------------------------------------------
-----after push_string(31142 - 32722)---
1845 - 3188
6326 - 10153
14864 - 16786
21439 - 24296
28403 - 30708
31142 - 32767
32676 - 33763
34997 - 36934
44287 - 45428
45508 - 47611
49987 - 51771
52344 - 52874
57284 - 59628
75028 - 77717
81383 - 83659
88499 - 88881
88702 - 91271
89236 - 90316
91847 - 92843
92800 - 93239
100142 - 102309
101388 - 105037
106358 - 106815
107466 - 109570
114638 - 117032
118087 - 120063
122008 - 123640
124054 - 125773
-------------------------------------------
-----after push_string(111717 - 112386)---
1845 - 3188
6326 - 10153
14864 - 16786
21439 - 24296
28403 - 30708
31142 - 32767
32676 - 33763
34997 - 36934
44287 - 45428
45508 - 47611
49987 - 51771
52344 - 52874
57284 - 59628
75028 - 77717
81383 - 83659
88499 - 88881
88702 - 91271
89236 - 90316
91847 - 92843
92800 - 93239
100142 - 102309
101388 - 105037
106358 - 106815
107466 - 109570
111717 - 112385
114638 - 117032
118087 - 120063
122008 - 123640
124054 - 125773
-------------------------------------------
-----after push_string(817 - 2704)---
817 - 3188
6326 - 10153
14864 - 16786
21439 - 24296
28403 - 30708
31142 - 32767
32676 - 33763
34997 - 36934
44287 - 45428
45508 - 47611
49987 - 51771
52344 - 52874
57284 - 59628
75028 - 77717
81383 - 83659
88499 - 88881
88702 - 91271
89236 - 90316
91847 - 92843
92800 - 93239
100142 - 102309
101388 - 105037
106358 - 106815
107466 - 109570
111717 - 112385
114638 - 117032
118087 - 120063
122008 - 123640
124054 - 125773
-------------------------------------------
-----after push_string(61590 - 63521)---
817 - 3188
6326 - 10153
14864 - 16786
21439 - 24296
28403 - 30708
31142 - 32767
32676 - 33763
34997 - 36934
44287 - 45428
45508 - 47611
49987 - 51771
52344 - 52874
57284 - 59628
61590 - 63520
75028 - 77717
81383 - 83659
88499 - 88881
88702 - 91271
89236 - 90316
91847 - 92843
92800 - 93239
100142 - 102309
101388 - 105037
106358 - 106815
107466 - 109570
111717 - 112385
114638 - 117032
118087 - 120063
122008 - 123640
124054 - 125773
-------------------------------------------
-----after push_string(11956 - 14901)---
817 - 3188
6326 - 10153
11956 - 14937
14864 - 16786
21439 - 24296
28403 - 30708
31142 - 32767
32676 - 33763
34997 - 36934
44287 - 45428
45508 - 47611
49987 - 51771
52344 - 52874
57284 - 59628
61590 - 63520
75028 - 77717
81383 - 83659
88499 - 88881
88702 - 91271
89236 - 90316
91847 - 92843
92800 - 93239
100142 - 102309
101388 - 105037
106358 - 106815
107466 - 109570
111717 - 112385
114638 - 117032
118087 - 120063
122008 - 123640
124054 - 125773
-------------------------------------------
-----after push_string(2960 - 5091)---
817 - 5090
6326 - 10153
11956 - 14937
14864 - 16786
21439 - 24296
28403 - 30708
31142 - 32767
32676 - 33763
34997 - 36934
44287 - 45428
45508 - 47611
49987 - 51771
52344 - 52874
57284 - 59628
61590 - 63520
75028 - 77717
81383 - 83659
88499 - 88881
88702 - 91271
89236 - 90316
91847 - 92843
92800 - 93239
100142 - 102309
101388 - 105037
106358 - 106815
107466 - 109570
111717 - 112385
114638 - 117032
118087 - 120063
122008 - 123640
124054 - 125773
-------------------------------------------
-----after push_string(85677 - 87454)---
817 - 5090
6326 - 10153
11956 - 14937
14864 - 16786
21439 - 24296
28403 - 30708
31142 - 32767
32676 - 33763
34997 - 36934
44287 - 45428
45508 - 47611
49987 - 51771
52344 - 52874
57284 - 59628
61590 - 63520
75028 - 77717
81383 - 83659
85677 - 87453
88499 - 88881
88702 - 91271
89236 - 90316
91847 - 92843
92800 - 93239
100142 - 102309
101388 - 105037
106358 - 106815
107466 - 109570
111717 - 112385
114638 - 117032
118087 - 120063
122008 - 123640
124054 - 125773
-------------------------------------------
-----after push_string(121023 - 122236)---
817 - 5090
6326 - 10153
11956 - 14937
14864 - 16786
21439 - 24296
28403 - 30708
31142 - 32767
32676 - 33763
34997 - 36934
44287 - 45428
45508 - 47611
49987 - 51771
52344 - 52874
57284 - 59628
61590 - 63520
75028 - 77717
81383 - 83659
85677 - 87453
88499 - 88881
88702 - 91271
89236 - 90316
91847 - 92843
92800 - 93239
100142 - 102309
101388 - 105037
106358 - 106815
107466 - 109570
111717 - 112385
114638 - 117032
118087 - 120063
121023 - 122463
122008 - 123640
124054 - 125773
-------------------------------------------
-----after push_string(110548 - 112304)---
817 - 5090
6326 - 10153
11956 - 14937
14864 - 16786
21439 - 24296
28403 - 30708
31142 - 32767
32676 - 33763
34997 - 36934
44287 - 45428
45508 - 47611
49987 - 51771
52344 - 52874
57284 - 59628
61590 - 63520
75028 - 77717
81383 - 83659
85677 - 87453
88499 - 88881
88702 - 91271
89236 - 90316
91847 - 92843
92800 - 93239
100142 - 102309
101388 - 105037
106358 - 106815
107466 - 109570
110548 - 112890
111717 - 112385
114638 - 117032
118087 - 120063
121023 - 122463
122008 - 123640
124054 - 125773
-------------------------------------------
-----after push_string(36846 - 37459)---
817 - 5090
6326 - 10153
11956 - 14937
14864 - 16786
21439 - 24296
28403 - 30708
31142 - 32767
32676 - 33763
34997 - 37458
44287 - 45428
45508 - 47611
49987 - 51771
52344 - 52874
57284 - 59628
61590 - 63520
75028 - 77717
81383 - 83659
85677 - 87453
88499 - 88881
88702 - 91271
89236 - 90316
91847 - 92843
92800 - 93239
100142 - 102309
101388 - 105037
106358 - 106815
107466 - 109570
110548 - 112890
111717 - 112385
114638 - 117032
118087 - 120063
121023 - 122463
122008 - 123640
124054 - 125773
-------------------------------------------
-----after push_string(79946 - 81816)---
817 - 5090
6326 - 10153
11956 - 14937
14864 - 16786
21439 - 24296
28403 - 30708
31142 - 32767
32676 - 33763
34997 - 37458
44287 - 45428
45508 - 47611
49987 - 51771
52344 - 52874
57284 - 59628
61590 - 63520
75028 - 77717
79946 - 82248
81383 - 83659
85677 - 87453
88499 - 88881
88702 - 91271
89236 - 90316
91847 - 92843
92800 - 93239
100142 - 102309
101388 - 105037
106358 - 106815
107466 - 109570
110548 - 112890
111717 - 112385
114638 - 117032
118087 - 120063
121023 - 122463
122008 - 123640
124054 - 125773
-------------------------------------------
-----after push_string(20630 - 21211)---
817 - 5090
6326 - 10153
11956 - 14937
14864 - 16786
20630 - 21210
21439 - 24296
28403 - 30708
31142 - 32767
32676 - 33763
34997 - 37458
44287 - 45428
45508 - 47611
49987 - 51771
52344 - 52874
57284 - 59628
61590 - 63520
75028 - 77717
79946 - 82248
81383 - 83659
85677 - 87453
88499 - 88881
88702 - 91271
89236 - 90316
91847 - 92843
92800 - 93239
100142 - 102309
101388 - 105037
106358 - 106815
107466 - 109570
110548 - 112890
111717 - 112385
114638 - 117032
118087 - 120063
121023 - 122463
122008 - 123640
124054 - 125773
-------------------------------------------
-----after push_string(56348 - 57679)---
817 - 5090
6326 - 10153
11956 - 14937
14864 - 16786
20630 - 21210
21439 - 24296
28403 - 30708
31142 - 32767
32676 - 33763
34997 - 37458
44287 - 45428
45508 - 47611
49987 - 51771
52344 - 52874
56348 - 58073
57284 - 59628
61590 - 63520
75028 - 77717
79946 - 82248
81383 - 83659
85677 - 87453
88499 - 88881
88702 - 91271
89236 - 90316
91847 - 92843
92800 - 93239
100142 - 102309
101388 - 105037
106358 - 106815
107466 - 109570
110548 - 112890
111717 - 112385
114638 - 117032
118087 - 120063
121023 - 122463
122008 - 123640
124054 - 125773
-------------------------------------------
Exception: basic_string::substr: __pos (which is 2107) > this->size() (which is 641)

      Start 22: t_strm_reassem_cap
 8/16 Test #22: t_strm_reassem_cap ...............   Passed    2.48 sec
      Start 23: t_byte_stream_construction
 9/16 Test #23: t_byte_stream_construction .......   Passed    0.11 sec
      Start 24: t_byte_stream_one_write
10/16 Test #24: t_byte_stream_one_write ..........   Passed    0.13 sec
      Start 25: t_byte_stream_two_writes
11/16 Test #25: t_byte_stream_two_writes .........   Passed    0.15 sec
      Start 26: t_byte_stream_capacity
12/16 Test #26: t_byte_stream_capacity ...........   Passed    4.77 sec
      Start 27: t_byte_stream_many_writes
13/16 Test #27: t_byte_stream_many_writes ........   Passed    0.20 sec
      Start 50: t_address_dt
14/16 Test #50: t_address_dt .....................   Passed    0.09 sec
      Start 51: t_parser_dt
15/16 Test #51: t_parser_dt ......................   Passed    0.09 sec
      Start 52: t_socket_dt
16/16 Test #52: t_socket_dt ......................   Passed    0.14 sec

88% tests passed, 2 tests failed out of 16

Total Test time (real) =  11.59 sec

The following tests FAILED:
	 20 - t_strm_reassem_overlapping (Failed)
	 21 - t_strm_reassem_win (Failed)
Errors while running CTest
CMakeFiles/check_lab1.dir/build.make:57: recipe for target 'CMakeFiles/check_lab1' failed
make[3]: *** [CMakeFiles/check_lab1] Error 8
CMakeFiles/Makefile2:2759: recipe for target 'CMakeFiles/check_lab1.dir/all' failed
make[2]: *** [CMakeFiles/check_lab1.dir/all] Error 2
CMakeFiles/Makefile2:2766: recipe for target 'CMakeFiles/check_lab1.dir/rule' failed
make[1]: *** [CMakeFiles/check_lab1.dir/rule] Error 2
Makefile:1195: recipe for target 'check_lab1' failed
make: *** [check_lab1] Error 2
