[100%] Testing the stream reassembler...
Test project /mnt/i/DIY/CS144/sponge/build
      Start 15: t_strm_reassem_single
 1/16 Test #15: t_strm_reassem_single ............   Passed    0.19 sec
      Start 16: t_strm_reassem_seq
 2/16 Test #16: t_strm_reassem_seq ...............   Passed    0.18 sec
      Start 17: t_strm_reassem_dup
 3/16 Test #17: t_strm_reassem_dup ...............   Passed    0.27 sec
      Start 18: t_strm_reassem_holes
 4/16 Test #18: t_strm_reassem_holes .............   Passed    0.18 sec
      Start 19: t_strm_reassem_many
 5/16 Test #19: t_strm_reassem_many ..............   Passed    1.29 sec
      Start 20: t_strm_reassem_overlapping
 6/16 Test #20: t_strm_reassem_overlapping .......   Passed    0.18 sec
      Start 21: t_strm_reassem_win
 7/16 Test #21: t_strm_reassem_win ...............***Failed    0.19 sec
-----after push_string(16124 - 18080)---
16124 - 18079
-------------------------------------------
-----after push_string(49555 - 51394)---
16124 - 18079
49555 - 51393
-------------------------------------------
-----after push_string(106472 - 106879)---
16124 - 18079
49555 - 51393
106472 - 106878
-------------------------------------------
-----after push_string(401 - 2117)---
401 - 2116
16124 - 18079
49555 - 51393
106472 - 106878
-------------------------------------------
-----after push_string(79915 - 81042)---
401 - 2116
16124 - 18079
49555 - 51393
79915 - 81041
106472 - 106878
-------------------------------------------
-----after push_string(71577 - 72596)---
401 - 2116
16124 - 18079
49555 - 51393
71577 - 72595
79915 - 81041
106472 - 106878
-------------------------------------------
-----after push_string(5676 - 7511)---
401 - 2116
5676 - 7510
16124 - 18079
49555 - 51393
71577 - 72595
79915 - 81041
106472 - 106878
-------------------------------------------
-----after push_string(129007 - 129331)---
401 - 2116
5676 - 7510
16124 - 18079
49555 - 51393
71577 - 72595
79915 - 81041
106472 - 106878
129007 - 129330
-------------------------------------------
-----after push_string(14711 - 16350)---
401 - 2116
5676 - 7510
14711 - 18079
49555 - 51393
71577 - 72595
79915 - 81041
106472 - 106878
129007 - 129330
-------------------------------------------
-----after push_string(30919 - 31314)---
401 - 2116
5676 - 7510
14711 - 18079
30919 - 31313
49555 - 51393
71577 - 72595
79915 - 81041
106472 - 106878
129007 - 129330
-------------------------------------------
-----after push_string(127002 - 128839)---
401 - 2116
5676 - 7510
14711 - 18079
30919 - 31313
49555 - 51393
71577 - 72595
79915 - 81041
106472 - 106878
127002 - 128838
129007 - 129330
-------------------------------------------
-----after push_string(67338 - 68538)---
401 - 2116
5676 - 7510
14711 - 18079
30919 - 31313
49555 - 51393
67338 - 68537
71577 - 72595
79915 - 81041
106472 - 106878
127002 - 128838
129007 - 129330
-------------------------------------------
-----after push_string(5575 - 6231)---
401 - 2116
5575 - 7510
14711 - 18079
30919 - 31313
49555 - 51393
67338 - 68537
71577 - 72595
79915 - 81041
106472 - 106878
127002 - 128838
129007 - 129330
-------------------------------------------
-----after push_string(82116 - 84161)---
401 - 2116
5575 - 7510
14711 - 18079
30919 - 31313
49555 - 51393
67338 - 68537
71577 - 72595
79915 - 81041
82116 - 84160
106472 - 106878
127002 - 128838
129007 - 129330
-------------------------------------------
-----after push_string(106921 - 108447)---
401 - 2116
5575 - 7510
14711 - 18079
30919 - 31313
49555 - 51393
67338 - 68537
71577 - 72595
79915 - 81041
82116 - 84160
106472 - 106878
106921 - 108446
127002 - 128838
129007 - 129330
-------------------------------------------
-----after push_string(104883 - 106540)---
401 - 2116
5575 - 7510
14711 - 18079
30919 - 31313
49555 - 51393
67338 - 68537
71577 - 72595
79915 - 81041
82116 - 84160
104883 - 106878
106921 - 108446
127002 - 128838
129007 - 129330
-------------------------------------------
-----after push_string(57416 - 58390)---
401 - 2116
5575 - 7510
14711 - 18079
30919 - 31313
49555 - 51393
57416 - 58389
67338 - 68537
71577 - 72595
79915 - 81041
82116 - 84160
104883 - 106878
106921 - 108446
127002 - 128838
129007 - 129330
-------------------------------------------
-----after push_string(36248 - 38091)---
401 - 2116
5575 - 7510
14711 - 18079
30919 - 31313
36248 - 38090
49555 - 51393
57416 - 58389
67338 - 68537
71577 - 72595
79915 - 81041
82116 - 84160
104883 - 106878
106921 - 108446
127002 - 128838
129007 - 129330
-------------------------------------------
-----after push_string(71978 - 73240)---
401 - 2116
5575 - 7510
14711 - 18079
30919 - 31313
36248 - 38090
49555 - 51393
57416 - 58389
67338 - 68537
71577 - 73239
79915 - 81041
82116 - 84160
104883 - 106878
106921 - 108446
127002 - 128838
129007 - 129330
-------------------------------------------
-----after push_string(7890 - 10426)---
401 - 2116
5575 - 7510
7890 - 10425
14711 - 18079
30919 - 31313
36248 - 38090
49555 - 51393
57416 - 58389
67338 - 68537
71577 - 73239
79915 - 81041
82116 - 84160
104883 - 106878
106921 - 108446
127002 - 128838
129007 - 129330
-------------------------------------------
-----after push_string(13953 - 15231)---
401 - 2116
5575 - 7510
7890 - 10425
13953 - 18079
30919 - 31313
36248 - 38090
49555 - 51393
57416 - 58389
67338 - 68537
71577 - 73239
79915 - 81041
82116 - 84160
104883 - 106878
106921 - 108446
127002 - 128838
129007 - 129330
-------------------------------------------
-----after push_string(65988 - 67451)---
401 - 2116
5575 - 7510
7890 - 10425
13953 - 18079
30919 - 31313
36248 - 38090
49555 - 51393
57416 - 58389
65988 - 68537
71577 - 73239
79915 - 81041
82116 - 84160
104883 - 106878
106921 - 108446
127002 - 128838
129007 - 129330
-------------------------------------------
-----after push_string(33601 - 35212)---
401 - 2116
5575 - 7510
7890 - 10425
13953 - 18079
30919 - 31313
33601 - 35211
36248 - 38090
49555 - 51393
57416 - 58389
65988 - 68537
71577 - 73239
79915 - 81041
82116 - 84160
104883 - 106878
106921 - 108446
127002 - 128838
129007 - 129330
-------------------------------------------
-----after push_string(62007 - 63163)---
401 - 2116
5575 - 7510
7890 - 10425
13953 - 18079
30919 - 31313
33601 - 35211
36248 - 38090
49555 - 51393
57416 - 58389
62007 - 63162
65988 - 68537
71577 - 73239
79915 - 81041
82116 - 84160
104883 - 106878
106921 - 108446
127002 - 128838
129007 - 129330
-------------------------------------------
-----after push_string(86285 - 87078)---
401 - 2116
5575 - 7510
7890 - 10425
13953 - 18079
30919 - 31313
33601 - 35211
36248 - 38090
49555 - 51393
57416 - 58389
62007 - 63162
65988 - 68537
71577 - 73239
79915 - 81041
82116 - 84160
86285 - 87077
104883 - 106878
106921 - 108446
127002 - 128838
129007 - 129330
-------------------------------------------
-----after push_string(14469 - 15322)---
401 - 2116
5575 - 7510
7890 - 10425
13953 - 18079
30919 - 31313
33601 - 35211
36248 - 38090
49555 - 51393
57416 - 58389
62007 - 63162
65988 - 68537
71577 - 73239
79915 - 81041
82116 - 84160
86285 - 87077
104883 - 106878
106921 - 108446
127002 - 128838
129007 - 129330
-------------------------------------------
-----after push_string(28471 - 30941)---
401 - 2116
5575 - 7510
7890 - 10425
13953 - 18079
28471 - 31313
33601 - 35211
36248 - 38090
49555 - 51393
57416 - 58389
62007 - 63162
65988 - 68537
71577 - 73239
79915 - 81041
82116 - 84160
86285 - 87077
104883 - 106878
106921 - 108446
127002 - 128838
129007 - 129330
-------------------------------------------
-----after push_string(34754 - 35306)---
401 - 2116
5575 - 7510
7890 - 10425
13953 - 18079
28471 - 31313
33601 - 35305
36248 - 38090
49555 - 51393
57416 - 58389
62007 - 63162
65988 - 68537
71577 - 73239
79915 - 81041
82116 - 84160
86285 - 87077
104883 - 106878
106921 - 108446
127002 - 128838
129007 - 129330
-------------------------------------------
-----after push_string(13333 - 14029)---
401 - 2116
5575 - 7510
7890 - 10425
13333 - 18079
28471 - 31313
33601 - 35305
36248 - 38090
49555 - 51393
57416 - 58389
62007 - 63162
65988 - 68537
71577 - 73239
79915 - 81041
82116 - 84160
86285 - 87077
104883 - 106878
106921 - 108446
127002 - 128838
129007 - 129330
-------------------------------------------
-----after push_string(34901 - 36914)---
401 - 2116
5575 - 7510
7890 - 10425
13333 - 18079
28471 - 31313
33601 - 36913
36914 - 38090
49555 - 51393
57416 - 58389
62007 - 63162
65988 - 68537
71577 - 73239
79915 - 81041
82116 - 84160
86285 - 87077
104883 - 106878
106921 - 108446
127002 - 128838
129007 - 129330
-------------------------------------------
-----after push_string(121036 - 122792)---
401 - 2116
5575 - 7510
7890 - 10425
13333 - 18079
28471 - 31313
33601 - 36913
36914 - 38090
49555 - 51393
57416 - 58389
62007 - 63162
65988 - 68537
71577 - 73239
79915 - 81041
82116 - 84160
86285 - 87077
104883 - 106878
106921 - 108446
121036 - 122791
127002 - 128838
129007 - 129330
-------------------------------------------
-----after push_string(24411 - 26860)---
401 - 2116
5575 - 7510
7890 - 10425
13333 - 18079
24411 - 26859
28471 - 31313
33601 - 36913
36914 - 38090
49555 - 51393
57416 - 58389
62007 - 63162
65988 - 68537
71577 - 73239
79915 - 81041
82116 - 84160
86285 - 87077
104883 - 106878
106921 - 108446
121036 - 122791
127002 - 128838
129007 - 129330
-------------------------------------------
-----after push_string(50984 - 53346)---
401 - 2116
5575 - 7510
7890 - 10425
13333 - 18079
24411 - 26859
28471 - 31313
33601 - 36913
36914 - 38090
49555 - 53345
57416 - 58389
62007 - 63162
65988 - 68537
71577 - 73239
79915 - 81041
82116 - 84160
86285 - 87077
104883 - 106878
106921 - 108446
121036 - 122791
127002 - 128838
129007 - 129330
-------------------------------------------
-----after push_string(64116 - 66282)---
401 - 2116
5575 - 7510
7890 - 10425
13333 - 18079
24411 - 26859
28471 - 31313
33601 - 36913
36914 - 38090
49555 - 53345
57416 - 58389
62007 - 63162
64116 - 68537
71577 - 73239
79915 - 81041
82116 - 84160
86285 - 87077
104883 - 106878
106921 - 108446
121036 - 122791
127002 - 128838
129007 - 129330
-------------------------------------------
-----after push_string(69431 - 69885)---
401 - 2116
5575 - 7510
7890 - 10425
13333 - 18079
24411 - 26859
28471 - 31313
33601 - 36913
36914 - 38090
49555 - 53345
57416 - 58389
62007 - 63162
64116 - 68537
69431 - 69884
71577 - 73239
79915 - 81041
82116 - 84160
86285 - 87077
104883 - 106878
106921 - 108446
121036 - 122791
127002 - 128838
129007 - 129330
-------------------------------------------
-----after push_string(109269 - 111629)---
401 - 2116
5575 - 7510
7890 - 10425
13333 - 18079
24411 - 26859
28471 - 31313
33601 - 36913
36914 - 38090
49555 - 53345
57416 - 58389
62007 - 63162
64116 - 68537
69431 - 69884
71577 - 73239
79915 - 81041
82116 - 84160
86285 - 87077
104883 - 106878
106921 - 108446
109269 - 111628
121036 - 122791
127002 - 128838
129007 - 129330
-------------------------------------------
-----after push_string(31641 - 32883)---
401 - 2116
5575 - 7510
7890 - 10425
13333 - 18079
24411 - 26859
28471 - 31313
31641 - 32882
33601 - 36913
36914 - 38090
49555 - 53345
57416 - 58389
62007 - 63162
64116 - 68537
69431 - 69884
71577 - 73239
79915 - 81041
82116 - 84160
86285 - 87077
104883 - 106878
106921 - 108446
109269 - 111628
121036 - 122791
127002 - 128838
129007 - 129330
-------------------------------------------
-----after push_string(79032 - 80552)---
401 - 2116
5575 - 7510
7890 - 10425
13333 - 18079
24411 - 26859
28471 - 31313
31641 - 32882
33601 - 36913
36914 - 38090
49555 - 53345
57416 - 58389
62007 - 63162
64116 - 68537
69431 - 69884
71577 - 73239
79032 - 81041
82116 - 84160
86285 - 87077
104883 - 106878
106921 - 108446
109269 - 111628
121036 - 122791
127002 - 128838
129007 - 129330
-------------------------------------------
-----after push_string(38920 - 41380)---
401 - 2116
5575 - 7510
7890 - 10425
13333 - 18079
24411 - 26859
28471 - 31313
31641 - 32882
33601 - 36913
36914 - 38090
38920 - 41379
49555 - 53345
57416 - 58389
62007 - 63162
64116 - 68537
69431 - 69884
71577 - 73239
79032 - 81041
82116 - 84160
86285 - 87077
104883 - 106878
106921 - 108446
109269 - 111628
121036 - 122791
127002 - 128838
129007 - 129330
-------------------------------------------
-----after push_string(130287 - 132656)---
401 - 2116
5575 - 7510
7890 - 10425
13333 - 18079
24411 - 26859
28471 - 31313
31641 - 32882
33601 - 36913
36914 - 38090
38920 - 41379
49555 - 53345
57416 - 58389
62007 - 63162
64116 - 68537
69431 - 69884
71577 - 73239
79032 - 81041
82116 - 84160
86285 - 87077
104883 - 106878
106921 - 108446
109269 - 111628
121036 - 122791
127002 - 128838
129007 - 129330
130287 - 132655
-------------------------------------------
-----after push_string(52577 - 55257)---
401 - 2116
5575 - 7510
7890 - 10425
13333 - 18079
24411 - 26859
28471 - 31313
31641 - 32882
33601 - 36913
36914 - 38090
38920 - 41379
49555 - 55256
57416 - 58389
62007 - 63162
64116 - 68537
69431 - 69884
71577 - 73239
79032 - 81041
82116 - 84160
86285 - 87077
104883 - 106878
106921 - 108446
109269 - 111628
121036 - 122791
127002 - 128838
129007 - 129330
130287 - 132655
-------------------------------------------
-----after push_string(26420 - 29046)---
401 - 2116
5575 - 7510
7890 - 10425
13333 - 18079
24411 - 29045
29046 - 31313
31641 - 32882
33601 - 36913
36914 - 38090
38920 - 41379
49555 - 55256
57416 - 58389
62007 - 63162
64116 - 68537
69431 - 69884
71577 - 73239
79032 - 81041
82116 - 84160
86285 - 87077
104883 - 106878
106921 - 108446
109269 - 111628
121036 - 122791
127002 - 128838
129007 - 129330
130287 - 132655
-------------------------------------------
-----after push_string(114163 - 115625)---
401 - 2116
5575 - 7510
7890 - 10425
13333 - 18079
24411 - 29045
29046 - 31313
31641 - 32882
33601 - 36913
36914 - 38090
38920 - 41379
49555 - 55256
57416 - 58389
62007 - 63162
64116 - 68537
69431 - 69884
71577 - 73239
79032 - 81041
82116 - 84160
86285 - 87077
104883 - 106878
106921 - 108446
109269 - 111628
114163 - 115624
121036 - 122791
127002 - 128838
129007 - 129330
130287 - 132655
-------------------------------------------
-----after push_string(3083 - 5799)---
401 - 2116
3083 - 7510
7890 - 10425
13333 - 18079
24411 - 29045
29046 - 31313
31641 - 32882
33601 - 36913
36914 - 38090
38920 - 41379
49555 - 55256
57416 - 58389
62007 - 63162
64116 - 68537
69431 - 69884
71577 - 73239
79032 - 81041
82116 - 84160
86285 - 87077
104883 - 106878
106921 - 108446
109269 - 111628
114163 - 115624
121036 - 122791
127002 - 128838
129007 - 129330
130287 - 132655
-------------------------------------------
-----after push_string(117155 - 117765)---
401 - 2116
3083 - 7510
7890 - 10425
13333 - 18079
24411 - 29045
29046 - 31313
31641 - 32882
33601 - 36913
36914 - 38090
38920 - 41379
49555 - 55256
57416 - 58389
62007 - 63162
64116 - 68537
69431 - 69884
71577 - 73239
79032 - 81041
82116 - 84160
86285 - 87077
104883 - 106878
106921 - 108446
109269 - 111628
114163 - 115624
117155 - 117764
121036 - 122791
127002 - 128838
129007 - 129330
130287 - 132655
-------------------------------------------
-----after push_string(71185 - 72506)---
401 - 2116
3083 - 7510
7890 - 10425
13333 - 18079
24411 - 29045
29046 - 31313
31641 - 32882
33601 - 36913
36914 - 38090
38920 - 41379
49555 - 55256
57416 - 58389
62007 - 63162
64116 - 68537
69431 - 69884
71185 - 73239
79032 - 81041
82116 - 84160
86285 - 87077
104883 - 106878
106921 - 108446
109269 - 111628
114163 - 115624
117155 - 117764
121036 - 122791
127002 - 128838
129007 - 129330
130287 - 132655
-------------------------------------------
-----after push_string(57808 - 59930)---
401 - 2116
3083 - 7510
7890 - 10425
13333 - 18079
24411 - 29045
29046 - 31313
31641 - 32882
33601 - 36913
36914 - 38090
38920 - 41379
49555 - 55256
57416 - 59929
62007 - 63162
64116 - 68537
69431 - 69884
71185 - 73239
79032 - 81041
82116 - 84160
86285 - 87077
104883 - 106878
106921 - 108446
109269 - 111628
114163 - 115624
117155 - 117764
121036 - 122791
127002 - 128838
129007 - 129330
130287 - 132655
-------------------------------------------
-----after push_string(40714 - 42146)---
401 - 2116
3083 - 7510
7890 - 10425
13333 - 18079
24411 - 29045
29046 - 31313
31641 - 32882
33601 - 36913
36914 - 38090
38920 - 42145
49555 - 55256
57416 - 59929
62007 - 63162
64116 - 68537
69431 - 69884
71185 - 73239
79032 - 81041
82116 - 84160
86285 - 87077
104883 - 106878
106921 - 108446
109269 - 111628
114163 - 115624
117155 - 117764
121036 - 122791
127002 - 128838
129007 - 129330
130287 - 132655
-------------------------------------------
-----after push_string(98188 - 100833)---
401 - 2116
3083 - 7510
7890 - 10425
13333 - 18079
24411 - 29045
29046 - 31313
31641 - 32882
33601 - 36913
36914 - 38090
38920 - 42145
49555 - 55256
57416 - 59929
62007 - 63162
64116 - 68537
69431 - 69884
71185 - 73239
79032 - 81041
82116 - 84160
86285 - 87077
98188 - 100832
104883 - 106878
106921 - 108446
109269 - 111628
114163 - 115624
117155 - 117764
121036 - 122791
127002 - 128838
129007 - 129330
130287 - 132655
-------------------------------------------
-----after push_string(75780 - 78384)---
401 - 2116
3083 - 7510
7890 - 10425
13333 - 18079
24411 - 29045
29046 - 31313
31641 - 32882
33601 - 36913
36914 - 38090
38920 - 42145
49555 - 55256
57416 - 59929
62007 - 63162
64116 - 68537
69431 - 69884
71185 - 73239
75780 - 78383
79032 - 81041
82116 - 84160
86285 - 87077
98188 - 100832
104883 - 106878
106921 - 108446
109269 - 111628
114163 - 115624
117155 - 117764
121036 - 122791
127002 - 128838
129007 - 129330
130287 - 132655
-------------------------------------------
-----after push_string(95347 - 97643)---
401 - 2116
3083 - 7510
7890 - 10425
13333 - 18079
24411 - 29045
29046 - 31313
31641 - 32882
33601 - 36913
36914 - 38090
38920 - 42145
49555 - 55256
57416 - 59929
62007 - 63162
64116 - 68537
69431 - 69884
71185 - 73239
75780 - 78383
79032 - 81041
82116 - 84160
86285 - 87077
95347 - 97642
98188 - 100832
104883 - 106878
106921 - 108446
109269 - 111628
114163 - 115624
117155 - 117764
121036 - 122791
127002 - 128838
129007 - 129330
130287 - 132655
-------------------------------------------
-----after push_string(10386 - 11618)---
401 - 2116
3083 - 7510
7890 - 11617
13333 - 18079
24411 - 29045
29046 - 31313
31641 - 32882
33601 - 36913
36914 - 38090
38920 - 42145
49555 - 55256
57416 - 59929
62007 - 63162
64116 - 68537
69431 - 69884
71185 - 73239
75780 - 78383
79032 - 81041
82116 - 84160
86285 - 87077
95347 - 97642
98188 - 100832
104883 - 106878
106921 - 108446
109269 - 111628
114163 - 115624
117155 - 117764
121036 - 122791
127002 - 128838
129007 - 129330
130287 - 132655
-------------------------------------------
-----after push_string(78338 - 79450)---
401 - 2116
3083 - 7510
7890 - 11617
13333 - 18079
24411 - 29045
29046 - 31313
31641 - 32882
33601 - 36913
36914 - 38090
38920 - 42145
49555 - 55256
57416 - 59929
62007 - 63162
64116 - 68537
69431 - 69884
71185 - 73239
75780 - 79449
79450 - 81041
82116 - 84160
86285 - 87077
95347 - 97642
98188 - 100832
104883 - 106878
106921 - 108446
109269 - 111628
114163 - 115624
117155 - 117764
121036 - 122791
127002 - 128838
129007 - 129330
130287 - 132655
-------------------------------------------
-----after push_string(17094 - 19648)---
401 - 2116
3083 - 7510
7890 - 11617
13333 - 19647
24411 - 29045
29046 - 31313
31641 - 32882
33601 - 36913
36914 - 38090
38920 - 42145
49555 - 55256
57416 - 59929
62007 - 63162
64116 - 68537
69431 - 69884
71185 - 73239
75780 - 79449
79450 - 81041
82116 - 84160
86285 - 87077
95347 - 97642
98188 - 100832
104883 - 106878
106921 - 108446
109269 - 111628
114163 - 115624
117155 - 117764
121036 - 122791
127002 - 128838
129007 - 129330
130287 - 132655
-------------------------------------------
-----after push_string(48540 - 49597)---
401 - 2116
3083 - 7510
7890 - 11617
13333 - 19647
24411 - 29045
29046 - 31313
31641 - 32882
33601 - 36913
36914 - 38090
38920 - 42145
48540 - 55256
57416 - 59929
62007 - 63162
64116 - 68537
69431 - 69884
71185 - 73239
75780 - 79449
79450 - 81041
82116 - 84160
86285 - 87077
95347 - 97642
98188 - 100832
104883 - 106878
106921 - 108446
109269 - 111628
114163 - 115624
117155 - 117764
121036 - 122791
127002 - 128838
129007 - 129330
130287 - 132655
-------------------------------------------
-----after push_string(91369 - 93358)---
401 - 2116
3083 - 7510
7890 - 11617
13333 - 19647
24411 - 29045
29046 - 31313
31641 - 32882
33601 - 36913
36914 - 38090
38920 - 42145
48540 - 55256
57416 - 59929
62007 - 63162
64116 - 68537
69431 - 69884
71185 - 73239
75780 - 79449
79450 - 81041
82116 - 84160
86285 - 87077
91369 - 93357
95347 - 97642
98188 - 100832
104883 - 106878
106921 - 108446
109269 - 111628
114163 - 115624
117155 - 117764
121036 - 122791
127002 - 128838
129007 - 129330
130287 - 132655
-------------------------------------------
-----after push_string(117585 - 119116)---
401 - 2116
3083 - 7510
7890 - 11617
13333 - 19647
24411 - 29045
29046 - 31313
31641 - 32882
33601 - 36913
36914 - 38090
38920 - 42145
48540 - 55256
57416 - 59929
62007 - 63162
64116 - 68537
69431 - 69884
71185 - 73239
75780 - 79449
79450 - 81041
82116 - 84160
86285 - 87077
91369 - 93357
95347 - 97642
98188 - 100832
104883 - 106878
106921 - 108446
109269 - 111628
114163 - 115624
117155 - 119115
121036 - 122791
127002 - 128838
129007 - 129330
130287 - 132655
-------------------------------------------
-----after push_string(73046 - 74456)---
401 - 2116
3083 - 7510
7890 - 11617
13333 - 19647
24411 - 29045
29046 - 31313
31641 - 32882
33601 - 36913
36914 - 38090
38920 - 42145
48540 - 55256
57416 - 59929
62007 - 63162
64116 - 68537
69431 - 69884
71185 - 74455
75780 - 79449
79450 - 81041
82116 - 84160
86285 - 87077
91369 - 93357
95347 - 97642
98188 - 100832
104883 - 106878
106921 - 108446
109269 - 111628
114163 - 115624
117155 - 119115
121036 - 122791
127002 - 128838
129007 - 129330
130287 - 132655
-------------------------------------------
-----after push_string(100820 - 102517)---
401 - 2116
3083 - 7510
7890 - 11617
13333 - 19647
24411 - 29045
29046 - 31313
31641 - 32882
33601 - 36913
36914 - 38090
38920 - 42145
48540 - 55256
57416 - 59929
62007 - 63162
64116 - 68537
69431 - 69884
71185 - 74455
75780 - 79449
79450 - 81041
82116 - 84160
86285 - 87077
91369 - 93357
95347 - 97642
98188 - 102516
104883 - 106878
106921 - 108446
109269 - 111628
114163 - 115624
117155 - 119115
121036 - 122791
127002 - 128838
129007 - 129330
130287 - 132655
-------------------------------------------
-----after push_string(108920 - 110161)---
401 - 2116
3083 - 7510
7890 - 11617
13333 - 19647
24411 - 29045
29046 - 31313
31641 - 32882
33601 - 36913
36914 - 38090
38920 - 42145
48540 - 55256
57416 - 59929
62007 - 63162
64116 - 68537
69431 - 69884
71185 - 74455
75780 - 79449
79450 - 81041
82116 - 84160
86285 - 87077
91369 - 93357
95347 - 97642
98188 - 102516
104883 - 106878
106921 - 108446
108920 - 111628
114163 - 115624
117155 - 119115
121036 - 122791
127002 - 128838
129007 - 129330
130287 - 132655
-------------------------------------------
-----after push_string(124833 - 126402)---
401 - 2116
3083 - 7510
7890 - 11617
13333 - 19647
24411 - 29045
29046 - 31313
31641 - 32882
33601 - 36913
36914 - 38090
38920 - 42145
48540 - 55256
57416 - 59929
62007 - 63162
64116 - 68537
69431 - 69884
71185 - 74455
75780 - 79449
79450 - 81041
82116 - 84160
86285 - 87077
91369 - 93357
95347 - 97642
98188 - 102516
104883 - 106878
106921 - 108446
108920 - 111628
114163 - 115624
117155 - 119115
121036 - 122791
124833 - 126401
127002 - 128838
129007 - 129330
130287 - 132655
-------------------------------------------
-----after push_string(20471 - 23151)---
401 - 2116
3083 - 7510
7890 - 11617
13333 - 19647
20471 - 23150
24411 - 29045
29046 - 31313
31641 - 32882
33601 - 36913
36914 - 38090
38920 - 42145
48540 - 55256
57416 - 59929
62007 - 63162
64116 - 68537
69431 - 69884
71185 - 74455
75780 - 79449
79450 - 81041
82116 - 84160
86285 - 87077
91369 - 93357
95347 - 97642
98188 - 102516
104883 - 106878
106921 - 108446
108920 - 111628
114163 - 115624
117155 - 119115
121036 - 122791
124833 - 126401
127002 - 128838
129007 - 129330
130287 - 132655
-------------------------------------------
-----after push_string(75794 - 76649)---
401 - 2116
3083 - 7510
7890 - 11617
13333 - 19647
20471 - 23150
24411 - 29045
29046 - 31313
31641 - 32882
33601 - 36913
36914 - 38090
38920 - 42145
48540 - 55256
57416 - 59929
62007 - 63162
64116 - 68537
69431 - 69884
71185 - 74455
75780 - 79449
79450 - 81041
82116 - 84160
86285 - 87077
91369 - 93357
95347 - 97642
98188 - 102516
104883 - 106878
106921 - 108446
108920 - 111628
114163 - 115624
117155 - 119115
121036 - 122791
124833 - 126401
127002 - 128838
129007 - 129330
130287 - 132655
-------------------------------------------
-----after push_string(41843 - 43920)---
401 - 2116
3083 - 7510
7890 - 11617
13333 - 19647
20471 - 23150
24411 - 29045
29046 - 31313
31641 - 32882
33601 - 36913
36914 - 38090
38920 - 43919
48540 - 55256
57416 - 59929
62007 - 63162
64116 - 68537
69431 - 69884
71185 - 74455
75780 - 79449
79450 - 81041
82116 - 84160
86285 - 87077
91369 - 93357
95347 - 97642
98188 - 102516
104883 - 106878
106921 - 108446
108920 - 111628
114163 - 115624
117155 - 119115
121036 - 122791
124833 - 126401
127002 - 128838
129007 - 129330
130287 - 132655
-------------------------------------------
-----after push_string(129057 - 130798)---
401 - 2116
3083 - 7510
7890 - 11617
13333 - 19647
20471 - 23150
24411 - 29045
29046 - 31313
31641 - 32882
33601 - 36913
36914 - 38090
38920 - 43919
48540 - 55256
57416 - 59929
62007 - 63162
64116 - 68537
69431 - 69884
71185 - 74455
75780 - 79449
79450 - 81041
82116 - 84160
86285 - 87077
91369 - 93357
95347 - 97642
98188 - 102516
104883 - 106878
106921 - 108446
108920 - 111628
114163 - 115624
117155 - 119115
121036 - 122791
124833 - 126401
127002 - 128838
129007 - 130797
130798 - 132655
-------------------------------------------
-----after push_string(115187 - 117466)---
401 - 2116
3083 - 7510
7890 - 11617
13333 - 19647
20471 - 23150
24411 - 29045
29046 - 31313
31641 - 32882
33601 - 36913
36914 - 38090
38920 - 43919
48540 - 55256
57416 - 59929
62007 - 63162
64116 - 68537
69431 - 69884
71185 - 74455
75780 - 79449
79450 - 81041
82116 - 84160
86285 - 87077
91369 - 93357
95347 - 97642
98188 - 102516
104883 - 106878
106921 - 108446
108920 - 111628
114163 - 117465
117466 - 119115
121036 - 122791
124833 - 126401
127002 - 128838
129007 - 130797
130798 - 132655
-------------------------------------------
-----after push_string(93888 - 95007)---
401 - 2116
3083 - 7510
7890 - 11617
13333 - 19647
20471 - 23150
24411 - 29045
29046 - 31313
31641 - 32882
33601 - 36913
36914 - 38090
38920 - 43919
48540 - 55256
57416 - 59929
62007 - 63162
64116 - 68537
69431 - 69884
71185 - 74455
75780 - 79449
79450 - 81041
82116 - 84160
86285 - 87077
91369 - 93357
93888 - 95006
95347 - 97642
98188 - 102516
104883 - 106878
106921 - 108446
108920 - 111628
114163 - 117465
117466 - 119115
121036 - 122791
124833 - 126401
127002 - 128838
129007 - 130797
130798 - 132655
-------------------------------------------
-----after push_string(54961 - 57178)---
401 - 2116
3083 - 7510
7890 - 11617
13333 - 19647
20471 - 23150
24411 - 29045
29046 - 31313
31641 - 32882
33601 - 36913
36914 - 38090
38920 - 43919
48540 - 57177
57416 - 59929
62007 - 63162
64116 - 68537
69431 - 69884
71185 - 74455
75780 - 79449
79450 - 81041
82116 - 84160
86285 - 87077
91369 - 93357
93888 - 95006
95347 - 97642
98188 - 102516
104883 - 106878
106921 - 108446
108920 - 111628
114163 - 117465
117466 - 119115
121036 - 122791
124833 - 126401
127002 - 128838
129007 - 130797
130798 - 132655
-------------------------------------------
-----after push_string(72874 - 73416)---
401 - 2116
3083 - 7510
7890 - 11617
13333 - 19647
20471 - 23150
24411 - 29045
29046 - 31313
31641 - 32882
33601 - 36913
36914 - 38090
38920 - 43919
48540 - 57177
57416 - 59929
62007 - 63162
64116 - 68537
69431 - 69884
71185 - 74455
75780 - 79449
79450 - 81041
82116 - 84160
86285 - 87077
91369 - 93357
93888 - 95006
95347 - 97642
98188 - 102516
104883 - 106878
106921 - 108446
108920 - 111628
114163 - 117465
117466 - 119115
121036 - 122791
124833 - 126401
127002 - 128838
129007 - 130797
130798 - 132655
-------------------------------------------
-----after push_string(97051 - 98473)---
401 - 2116
3083 - 7510
7890 - 11617
13333 - 19647
20471 - 23150
24411 - 29045
29046 - 31313
31641 - 32882
33601 - 36913
36914 - 38090
38920 - 43919
48540 - 57177
57416 - 59929
62007 - 63162
64116 - 68537
69431 - 69884
71185 - 74455
75780 - 79449
79450 - 81041
82116 - 84160
86285 - 87077
91369 - 93357
93888 - 95006
95347 - 98472
98473 - 102516
104883 - 106878
106921 - 108446
108920 - 111628
114163 - 117465
117466 - 119115
121036 - 122791
124833 - 126401
127002 - 128838
129007 - 130797
130798 - 132655
-------------------------------------------
-----after push_string(115286 - 115885)---
401 - 2116
3083 - 7510
7890 - 11617
13333 - 19647
20471 - 23150
24411 - 29045
29046 - 31313
31641 - 32882
33601 - 36913
36914 - 38090
38920 - 43919
48540 - 57177
57416 - 59929
62007 - 63162
64116 - 68537
69431 - 69884
71185 - 74455
75780 - 79449
79450 - 81041
82116 - 84160
86285 - 87077
91369 - 93357
93888 - 95006
95347 - 98472
98473 - 102516
104883 - 106878
106921 - 108446
108920 - 111628
114163 - 117465
117466 - 119115
121036 - 122791
124833 - 126401
127002 - 128838
129007 - 130797
130798 - 132655
-------------------------------------------
-----after push_string(111857 - 112530)---
401 - 2116
3083 - 7510
7890 - 11617
13333 - 19647
20471 - 23150
24411 - 29045
29046 - 31313
31641 - 32882
33601 - 36913
36914 - 38090
38920 - 43919
48540 - 57177
57416 - 59929
62007 - 63162
64116 - 68537
69431 - 69884
71185 - 74455
75780 - 79449
79450 - 81041
82116 - 84160
86285 - 87077
91369 - 93357
93888 - 95006
95347 - 98472
98473 - 102516
104883 - 106878
106921 - 108446
108920 - 111628
111857 - 112529
114163 - 117465
117466 - 119115
121036 - 122791
124833 - 126401
127002 - 128838
129007 - 130797
130798 - 132655
-------------------------------------------
-----after push_string(123715 - 125813)---
401 - 2116
3083 - 7510
7890 - 11617
13333 - 19647
20471 - 23150
24411 - 29045
29046 - 31313
31641 - 32882
33601 - 36913
36914 - 38090
38920 - 43919
48540 - 57177
57416 - 59929
62007 - 63162
64116 - 68537
69431 - 69884
71185 - 74455
75780 - 79449
79450 - 81041
82116 - 84160
86285 - 87077
91369 - 93357
93888 - 95006
95347 - 98472
98473 - 102516
104883 - 106878
106921 - 108446
108920 - 111628
111857 - 112529
114163 - 117465
117466 - 119115
121036 - 122791
123715 - 126401
127002 - 128838
129007 - 130797
130798 - 132655
-------------------------------------------
-----after push_string(5343 - 6638)---
401 - 2116
3083 - 7510
7890 - 11617
13333 - 19647
20471 - 23150
24411 - 29045
29046 - 31313
31641 - 32882
33601 - 36913
36914 - 38090
38920 - 43919
48540 - 57177
57416 - 59929
62007 - 63162
64116 - 68537
69431 - 69884
71185 - 74455
75780 - 79449
79450 - 81041
82116 - 84160
86285 - 87077
91369 - 93357
93888 - 95006
95347 - 98472
98473 - 102516
104883 - 106878
106921 - 108446
108920 - 111628
111857 - 112529
114163 - 117465
117466 - 119115
121036 - 122791
123715 - 126401
127002 - 128838
129007 - 130797
130798 - 132655
-------------------------------------------
-----after push_string(113136 - 114862)---
401 - 2116
3083 - 7510
7890 - 11617
13333 - 19647
20471 - 23150
24411 - 29045
29046 - 31313
31641 - 32882
33601 - 36913
36914 - 38090
38920 - 43919
48540 - 57177
57416 - 59929
62007 - 63162
64116 - 68537
69431 - 69884
71185 - 74455
75780 - 79449
79450 - 81041
82116 - 84160
86285 - 87077
91369 - 93357
93888 - 95006
95347 - 98472
98473 - 102516
104883 - 106878
106921 - 108446
108920 - 111628
111857 - 112529
113136 - 117465
117466 - 119115
121036 - 122791
123715 - 126401
127002 - 128838
129007 - 130797
130798 - 132655
-------------------------------------------
-----after push_string(0 - 445)---
3083 - 7510
7890 - 11617
13333 - 19647
20471 - 23150
24411 - 29045
29046 - 31313
31641 - 32882
33601 - 36913
36914 - 38090
38920 - 43919
48540 - 57177
57416 - 59929
62007 - 63162
64116 - 68537
69431 - 69884
71185 - 74455
75780 - 79449
79450 - 81041
82116 - 84160
86285 - 87077
91369 - 93357
93888 - 95006
95347 - 98472
98473 - 102516
104883 - 106878
106921 - 108446
108920 - 111628
111857 - 112529
113136 - 117465
117466 - 119115
121036 - 122791
123715 - 126401
127002 - 128838
129007 - 130797
130798 - 132655
-------------------------------------------
-----after push_string(89852 - 91903)---
3083 - 7510
7890 - 11617
13333 - 19647
20471 - 23150
24411 - 29045
29046 - 31313
31641 - 32882
33601 - 36913
36914 - 38090
38920 - 43919
48540 - 57177
57416 - 59929
62007 - 63162
64116 - 68537
69431 - 69884
71185 - 74455
75780 - 79449
79450 - 81041
82116 - 84160
86285 - 87077
89852 - 93357
93888 - 95006
95347 - 98472
98473 - 102516
104883 - 106878
106921 - 108446
108920 - 111628
111857 - 112529
113136 - 117465
117466 - 119115
121036 - 122791
123715 - 126401
127002 - 128838
129007 - 130797
130798 - 132655
-------------------------------------------
-----after push_string(34362 - 34479)---
3083 - 7510
7890 - 11617
13333 - 19647
20471 - 23150
24411 - 29045
29046 - 31313
31641 - 32882
33601 - 36913
36914 - 38090
38920 - 43919
48540 - 57177
57416 - 59929
62007 - 63162
64116 - 68537
69431 - 69884
71185 - 74455
75780 - 79449
79450 - 81041
82116 - 84160
86285 - 87077
89852 - 93357
93888 - 95006
95347 - 98472
98473 - 102516
104883 - 106878
106921 - 108446
108920 - 111628
111857 - 112529
113136 - 117465
117466 - 119115
121036 - 122791
123715 - 126401
127002 - 128838
129007 - 130797
130798 - 132655
-------------------------------------------
-----after push_string(76439 - 76741)---
3083 - 7510
7890 - 11617
13333 - 19647
20471 - 23150
24411 - 29045
29046 - 31313
31641 - 32882
33601 - 36913
36914 - 38090
38920 - 43919
48540 - 57177
57416 - 59929
62007 - 63162
64116 - 68537
69431 - 69884
71185 - 74455
75780 - 79449
79450 - 81041
82116 - 84160
86285 - 87077
89852 - 93357
93888 - 95006
95347 - 98472
98473 - 102516
104883 - 106878
106921 - 108446
108920 - 111628
111857 - 112529
113136 - 117465
117466 - 119115
121036 - 122791
123715 - 126401
127002 - 128838
129007 - 130797
130798 - 132655
-------------------------------------------
-----after push_string(111632 - 114122)---
3083 - 7510
7890 - 11617
13333 - 19647
20471 - 23150
24411 - 29045
29046 - 31313
31641 - 32882
33601 - 36913
36914 - 38090
38920 - 43919
48540 - 57177
57416 - 59929
62007 - 63162
64116 - 68537
69431 - 69884
71185 - 74455
75780 - 79449
79450 - 81041
82116 - 84160
86285 - 87077
89852 - 93357
93888 - 95006
95347 - 98472
98473 - 102516
104883 - 106878
106921 - 108446
108920 - 111628
111857 - 114121
114122 - 117465
117466 - 119115
121036 - 122791
123715 - 126401
127002 - 128838
129007 - 130797
130798 - 132655
-------------------------------------------
-----after push_string(64046 - 64970)---
3083 - 7510
7890 - 11617
13333 - 19647
20471 - 23150
24411 - 29045
29046 - 31313
31641 - 32882
33601 - 36913
36914 - 38090
38920 - 43919
48540 - 57177
57416 - 59929
62007 - 63162
64046 - 68537
69431 - 69884
71185 - 74455
75780 - 79449
79450 - 81041
82116 - 84160
86285 - 87077
89852 - 93357
93888 - 95006
95347 - 98472
98473 - 102516
104883 - 106878
106921 - 108446
108920 - 111628
111857 - 114121
114122 - 117465
117466 - 119115
121036 - 122791
123715 - 126401
127002 - 128838
129007 - 130797
130798 - 132655
-------------------------------------------
-----after push_string(121877 - 124354)---
3083 - 7510
7890 - 11617
13333 - 19647
20471 - 23150
24411 - 29045
29046 - 31313
31641 - 32882
33601 - 36913
36914 - 38090
38920 - 43919
48540 - 57177
57416 - 59929
62007 - 63162
64046 - 68537
69431 - 69884
71185 - 74455
75780 - 79449
79450 - 81041
82116 - 84160
86285 - 87077
89852 - 93357
93888 - 95006
95347 - 98472
98473 - 102516
104883 - 106878
106921 - 108446
108920 - 111628
111857 - 114121
114122 - 117465
117466 - 119115
121036 - 124353
124354 - 126401
127002 - 128838
129007 - 130797
130798 - 132655
-------------------------------------------
-----after push_string(102720 - 105142)---
3083 - 7510
7890 - 11617
13333 - 19647
20471 - 23150
24411 - 29045
29046 - 31313
31641 - 32882
33601 - 36913
36914 - 38090
38920 - 43919
48540 - 57177
57416 - 59929
62007 - 63162
64046 - 68537
69431 - 69884
71185 - 74455
75780 - 79449
79450 - 81041
82116 - 84160
86285 - 87077
89852 - 93357
93888 - 95006
95347 - 98472
98473 - 102516
102720 - 106878
106921 - 108446
108920 - 111628
111857 - 114121
114122 - 117465
117466 - 119115
121036 - 124353
124354 - 126401
127002 - 128838
129007 - 130797
130798 - 132655
-------------------------------------------
-----after push_string(94067 - 96079)---
3083 - 7510
7890 - 11617
13333 - 19647
20471 - 23150
24411 - 29045
29046 - 31313
31641 - 32882
33601 - 36913
36914 - 38090
38920 - 43919
48540 - 57177
57416 - 59929
62007 - 63162
64046 - 68537
69431 - 69884
71185 - 74455
75780 - 79449
79450 - 81041
82116 - 84160
86285 - 87077
89852 - 93357
93888 - 96078
96079 - 98472
98473 - 102516
102720 - 106878
106921 - 108446
108920 - 111628
111857 - 114121
114122 - 117465
117466 - 119115
121036 - 124353
124354 - 126401
127002 - 128838
129007 - 130797
130798 - 132655
-------------------------------------------
-----after push_string(107871 - 109859)---
3083 - 7510
7890 - 11617
13333 - 19647
20471 - 23150
24411 - 29045
29046 - 31313
31641 - 32882
33601 - 36913
36914 - 38090
38920 - 43919
48540 - 57177
57416 - 59929
62007 - 63162
64046 - 68537
69431 - 69884
71185 - 74455
75780 - 79449
79450 - 81041
82116 - 84160
86285 - 87077
89852 - 93357
93888 - 96078
96079 - 98472
98473 - 102516
102720 - 106878
106921 - 109858
109859 - 111628
111857 - 114121
114122 - 117465
117466 - 119115
121036 - 124353
124354 - 126401
127002 - 128838
129007 - 130797
130798 - 132655
-------------------------------------------
-----after push_string(18747 - 21386)---
3083 - 7510
7890 - 11617
13333 - 21385
21386 - 23150
24411 - 29045
29046 - 31313
31641 - 32882
33601 - 36913
36914 - 38090
38920 - 43919
48540 - 57177
57416 - 59929
62007 - 63162
64046 - 68537
69431 - 69884
71185 - 74455
75780 - 79449
79450 - 81041
82116 - 84160
86285 - 87077
89852 - 93357
93888 - 96078
96079 - 98472
98473 - 102516
102720 - 106878
106921 - 109858
109859 - 111628
111857 - 114121
114122 - 117465
117466 - 119115
121036 - 124353
124354 - 126401
127002 - 128838
129007 - 130797
130798 - 132655
-------------------------------------------
-----after push_string(45425 - 46450)---
3083 - 7510
7890 - 11617
13333 - 21385
21386 - 23150
24411 - 29045
29046 - 31313
31641 - 32882
33601 - 36913
36914 - 38090
38920 - 43919
45425 - 46449
48540 - 57177
57416 - 59929
62007 - 63162
64046 - 68537
69431 - 69884
71185 - 74455
75780 - 79449
79450 - 81041
82116 - 84160
86285 - 87077
89852 - 93357
93888 - 96078
96079 - 98472
98473 - 102516
102720 - 106878
106921 - 109858
109859 - 111628
111857 - 114121
114122 - 117465
117466 - 119115
121036 - 124353
124354 - 126401
127002 - 128838
129007 - 130797
130798 - 132655
-------------------------------------------
-----after push_string(69303 - 70289)---
3083 - 7510
7890 - 11617
13333 - 21385
21386 - 23150
24411 - 29045
29046 - 31313
31641 - 32882
33601 - 36913
36914 - 38090
38920 - 43919
45425 - 46449
48540 - 57177
57416 - 59929
62007 - 63162
64046 - 68537
69431 - 70288
71185 - 74455
75780 - 79449
79450 - 81041
82116 - 84160
86285 - 87077
89852 - 93357
93888 - 96078
96079 - 98472
98473 - 102516
102720 - 106878
106921 - 109858
109859 - 111628
111857 - 114121
114122 - 117465
117466 - 119115
121036 - 124353
124354 - 126401
127002 - 128838
129007 - 130797
130798 - 132655
-------------------------------------------
-----after push_string(30852 - 32262)---
3083 - 7510
7890 - 11617
13333 - 21385
21386 - 23150
24411 - 29045
29046 - 32261
32262 - 32882
33601 - 36913
36914 - 38090
38920 - 43919
45425 - 46449
48540 - 57177
57416 - 59929
62007 - 63162
64046 - 68537
69431 - 70288
71185 - 74455
75780 - 79449
79450 - 81041
82116 - 84160
86285 - 87077
89852 - 93357
93888 - 96078
96079 - 98472
98473 - 102516
102720 - 106878
106921 - 109858
109859 - 111628
111857 - 114121
114122 - 117465
117466 - 119115
121036 - 124353
124354 - 126401
127002 - 128838
129007 - 130797
130798 - 132655
-------------------------------------------
-----after push_string(11078 - 13309)---
3083 - 7510
7890 - 13308
13333 - 21385
21386 - 23150
24411 - 29045
29046 - 32261
32262 - 32882
33601 - 36913
36914 - 38090
38920 - 43919
45425 - 46449
48540 - 57177
57416 - 59929
62007 - 63162
64046 - 68537
69431 - 70288
71185 - 74455
75780 - 79449
79450 - 81041
82116 - 84160
86285 - 87077
89852 - 93357
93888 - 96078
96079 - 98472
98473 - 102516
102720 - 106878
106921 - 109858
109859 - 111628
111857 - 114121
114122 - 117465
117466 - 119115
121036 - 124353
124354 - 126401
127002 - 128838
129007 - 130797
130798 - 132655
-------------------------------------------
-----after push_string(1829 - 4066)---
7890 - 13308
13333 - 21385
21386 - 23150
24411 - 29045
29046 - 32261
32262 - 32882
33601 - 36913
36914 - 38090
38920 - 43919
45425 - 46449
48540 - 57177
57416 - 59929
62007 - 63162
64046 - 68537
69431 - 70288
71185 - 74455
75780 - 79449
79450 - 81041
82116 - 84160
86285 - 87077
89852 - 93357
93888 - 96078
96079 - 98472
98473 - 102516
102720 - 106878
106921 - 109858
109859 - 111628
111857 - 114121
114122 - 117465
117466 - 119115
121036 - 124353
124354 - 126401
127002 - 128838
129007 - 130797
130798 - 132655
-------------------------------------------
-----after push_string(92713 - 94855)---
7890 - 13308
13333 - 21385
21386 - 23150
24411 - 29045
29046 - 32261
32262 - 32882
33601 - 36913
36914 - 38090
38920 - 43919
45425 - 46449
48540 - 57177
57416 - 59929
62007 - 63162
64046 - 68537
69431 - 70288
71185 - 74455
75780 - 79449
79450 - 81041
82116 - 84160
86285 - 87077
89852 - 94854
94855 - 96078
96079 - 98472
98473 - 102516
102720 - 106878
106921 - 109858
109859 - 111628
111857 - 114121
114122 - 117465
117466 - 119115
121036 - 124353
124354 - 126401
127002 - 128838
129007 - 130797
130798 - 132655
-------------------------------------------
-----after push_string(84759 - 86375)---
7890 - 13308
13333 - 21385
21386 - 23150
24411 - 29045
29046 - 32261
32262 - 32882
33601 - 36913
36914 - 38090
38920 - 43919
45425 - 46449
48540 - 57177
57416 - 59929
62007 - 63162
64046 - 68537
69431 - 70288
71185 - 74455
75780 - 79449
79450 - 81041
82116 - 84160
84759 - 87077
89852 - 94854
94855 - 96078
96079 - 98472
98473 - 102516
102720 - 106878
106921 - 109858
109859 - 111628
111857 - 114121
114122 - 117465
117466 - 119115
121036 - 124353
124354 - 126401
127002 - 128838
129007 - 130797
130798 - 132655
-------------------------------------------
-----after push_string(61842 - 62030)---
7890 - 13308
13333 - 21385
21386 - 23150
24411 - 29045
29046 - 32261
32262 - 32882
33601 - 36913
36914 - 38090
38920 - 43919
45425 - 46449
48540 - 57177
57416 - 59929
61842 - 63162
64046 - 68537
69431 - 70288
71185 - 74455
75780 - 79449
79450 - 81041
82116 - 84160
84759 - 87077
89852 - 94854
94855 - 96078
96079 - 98472
98473 - 102516
102720 - 106878
106921 - 109858
109859 - 111628
111857 - 114121
114122 - 117465
117466 - 119115
121036 - 124353
124354 - 126401
127002 - 128838
129007 - 130797
130798 - 132655
-------------------------------------------
-----after push_string(80355 - 82799)---
7890 - 13308
13333 - 21385
21386 - 23150
24411 - 29045
29046 - 32261
32262 - 32882
33601 - 36913
36914 - 38090
38920 - 43919
45425 - 46449
48540 - 57177
57416 - 59929
61842 - 63162
64046 - 68537
69431 - 70288
71185 - 74455
75780 - 79449
79450 - 82798
82799 - 84160
84759 - 87077
89852 - 94854
94855 - 96078
96079 - 98472
98473 - 102516
102720 - 106878
106921 - 109858
109859 - 111628
111857 - 114121
114122 - 117465
117466 - 119115
121036 - 124353
124354 - 126401
127002 - 128838
129007 - 130797
130798 - 132655
-------------------------------------------
-----after push_string(6656 - 8701)---
13333 - 21385
21386 - 23150
24411 - 29045
29046 - 32261
32262 - 32882
33601 - 36913
36914 - 38090
38920 - 43919
45425 - 46449
48540 - 57177
57416 - 59929
61842 - 63162
64046 - 68537
69431 - 70288
71185 - 74455
75780 - 79449
79450 - 82798
82799 - 84160
84759 - 87077
89852 - 94854
94855 - 96078
96079 - 98472
98473 - 102516
102720 - 106878
106921 - 109858
109859 - 111628
111857 - 114121
114122 - 117465
117466 - 119115
121036 - 124353
124354 - 126401
127002 - 128838
129007 - 130797
130798 - 132655
-------------------------------------------
-----after push_string(83685 - 85312)---
13333 - 21385
21386 - 23150
24411 - 29045
29046 - 32261
32262 - 32882
33601 - 36913
36914 - 38090
38920 - 43919
45425 - 46449
48540 - 57177
57416 - 59929
61842 - 63162
64046 - 68537
69431 - 70288
71185 - 74455
75780 - 79449
79450 - 82798
82799 - 85311
85312 - 87077
89852 - 94854
94855 - 96078
96079 - 98472
98473 - 102516
102720 - 106878
106921 - 109858
109859 - 111628
111857 - 114121
114122 - 117465
117466 - 119115
121036 - 124353
124354 - 126401
127002 - 128838
129007 - 130797
130798 - 132655
-------------------------------------------
-----after push_string(32128 - 34375)---
13333 - 21385
21386 - 23150
24411 - 29045
29046 - 34374
34375 - 36913
36914 - 38090
38920 - 43919
45425 - 46449
48540 - 57177
57416 - 59929
61842 - 63162
64046 - 68537
69431 - 70288
71185 - 74455
75780 - 79449
79450 - 82798
82799 - 85311
85312 - 87077
89852 - 94854
94855 - 96078
96079 - 98472
98473 - 102516
102720 - 106878
106921 - 109858
109859 - 111628
111857 - 114121
114122 - 117465
117466 - 119115
121036 - 124353
124354 - 126401
127002 - 128838
129007 - 130797
130798 - 132655
-------------------------------------------
-----after push_string(30676 - 31336)---
13333 - 21385
21386 - 23150
24411 - 29045
29046 - 34374
34375 - 36913
36914 - 38090
38920 - 43919
45425 - 46449
48540 - 57177
57416 - 59929
61842 - 63162
64046 - 68537
69431 - 70288
71185 - 74455
75780 - 79449
79450 - 82798
82799 - 85311
85312 - 87077
89852 - 94854
94855 - 96078
96079 - 98472
98473 - 102516
102720 - 106878
106921 - 109858
109859 - 111628
111857 - 114121
114122 - 117465
117466 - 119115
121036 - 124353
124354 - 126401
127002 - 128838
129007 - 130797
130798 - 132655
-------------------------------------------
-----after push_string(120613 - 121860)---
13333 - 21385
21386 - 23150
24411 - 29045
29046 - 34374
34375 - 36913
36914 - 38090
38920 - 43919
45425 - 46449
48540 - 57177
57416 - 59929
61842 - 63162
64046 - 68537
69431 - 70288
71185 - 74455
75780 - 79449
79450 - 82798
82799 - 85311
85312 - 87077
89852 - 94854
94855 - 96078
96079 - 98472
98473 - 102516
102720 - 106878
106921 - 109858
109859 - 111628
111857 - 114121
114122 - 117465
117466 - 119115
120613 - 124353
124354 - 126401
127002 - 128838
129007 - 130797
130798 - 132655
-------------------------------------------
-----after push_string(55206 - 55733)---
13333 - 21385
21386 - 23150
24411 - 29045
29046 - 34374
34375 - 36913
36914 - 38090
38920 - 43919
45425 - 46449
48540 - 57177
57416 - 59929
61842 - 63162
64046 - 68537
69431 - 70288
71185 - 74455
75780 - 79449
79450 - 82798
82799 - 85311
85312 - 87077
89852 - 94854
94855 - 96078
96079 - 98472
98473 - 102516
102720 - 106878
106921 - 109858
109859 - 111628
111857 - 114121
114122 - 117465
117466 - 119115
120613 - 124353
124354 - 126401
127002 - 128838
129007 - 130797
130798 - 132655
-------------------------------------------
-----after push_string(97545 - 98994)---
13333 - 21385
21386 - 23150
24411 - 29045
29046 - 34374
34375 - 36913
36914 - 38090
38920 - 43919
45425 - 46449
48540 - 57177
57416 - 59929
61842 - 63162
64046 - 68537
69431 - 70288
71185 - 74455
75780 - 79449
79450 - 82798
82799 - 85311
85312 - 87077
89852 - 94854
94855 - 96078
96079 - 98993
98994 - 102516
102720 - 106878
106921 - 109858
109859 - 111628
111857 - 114121
114122 - 117465
117466 - 119115
120613 - 124353
124354 - 126401
127002 - 128838
129007 - 130797
130798 - 132655
-------------------------------------------
-----after push_string(22749 - 24973)---
13333 - 21385
21386 - 24972
24973 - 29045
29046 - 34374
34375 - 36913
36914 - 38090
38920 - 43919
45425 - 46449
48540 - 57177
57416 - 59929
61842 - 63162
64046 - 68537
69431 - 70288
71185 - 74455
75780 - 79449
79450 - 82798
82799 - 85311
85312 - 87077
89852 - 94854
94855 - 96078
96079 - 98993
98994 - 102516
102720 - 106878
106921 - 109858
109859 - 111628
111857 - 114121
114122 - 117465
117466 - 119115
120613 - 124353
124354 - 126401
127002 - 128838
129007 - 130797
130798 - 132655
-------------------------------------------
-----after push_string(69410 - 71787)---
13333 - 21385
21386 - 24972
24973 - 29045
29046 - 34374
34375 - 36913
36914 - 38090
38920 - 43919
45425 - 46449
48540 - 57177
57416 - 59929
61842 - 63162
64046 - 68537
69431 - 71786
71787 - 74455
75780 - 79449
79450 - 82798
82799 - 85311
85312 - 87077
89852 - 94854
94855 - 96078
96079 - 98993
98994 - 102516
102720 - 106878
106921 - 109858
109859 - 111628
111857 - 114121
114122 - 117465
117466 - 119115
120613 - 124353
124354 - 126401
127002 - 128838
129007 - 130797
130798 - 132655
-------------------------------------------
-----after push_string(125816 - 127593)---
13333 - 21385
21386 - 24972
24973 - 29045
29046 - 34374
34375 - 36913
36914 - 38090
38920 - 43919
45425 - 46449
48540 - 57177
57416 - 59929
61842 - 63162
64046 - 68537
69431 - 71786
71787 - 74455
75780 - 79449
79450 - 82798
82799 - 85311
85312 - 87077
89852 - 94854
94855 - 96078
96079 - 98993
98994 - 102516
102720 - 106878
106921 - 109858
109859 - 111628
111857 - 114121
114122 - 117465
117466 - 119115
120613 - 124353
124354 - 127592
127593 - 128838
129007 - 130797
130798 - 132655
-------------------------------------------
-----after push_string(67562 - 69604)---
13333 - 21385
21386 - 24972
24973 - 29045
29046 - 34374
34375 - 36913
36914 - 38090
38920 - 43919
45425 - 46449
48540 - 57177
57416 - 59929
61842 - 63162
64046 - 69603
69604 - 71786
71787 - 74455
75780 - 79449
79450 - 82798
82799 - 85311
85312 - 87077
89852 - 94854
94855 - 96078
96079 - 98993
98994 - 102516
102720 - 106878
106921 - 109858
109859 - 111628
111857 - 114121
114122 - 117465
117466 - 119115
120613 - 124353
124354 - 127592
127593 - 128838
129007 - 130797
130798 - 132655
-------------------------------------------
-----after push_string(106515 - 107473)---
13333 - 21385
21386 - 24972
24973 - 29045
29046 - 34374
34375 - 36913
36914 - 38090
38920 - 43919
45425 - 46449
48540 - 57177
57416 - 59929
61842 - 63162
64046 - 69603
69604 - 71786
71787 - 74455
75780 - 79449
79450 - 82798
82799 - 85311
85312 - 87077
89852 - 94854
94855 - 96078
96079 - 98993
98994 - 102516
102720 - 107472
107473 - 109858
109859 - 111628
111857 - 114121
114122 - 117465
117466 - 119115
120613 - 124353
124354 - 127592
127593 - 128838
129007 - 130797
130798 - 132655
-------------------------------------------
-----after push_string(12990 - 13629)---
38920 - 43919
45425 - 46449
48540 - 57177
57416 - 59929
61842 - 63162
64046 - 69603
69604 - 71786
71787 - 74455
75780 - 79449
79450 - 82798
82799 - 85311
85312 - 87077
89852 - 94854
94855 - 96078
96079 - 98993
98994 - 102516
102720 - 107472
107473 - 109858
109859 - 111628
111857 - 114121
114122 - 117465
117466 - 119115
120613 - 124353
124354 - 127592
127593 - 128838
129007 - 130797
130798 - 132655
-------------------------------------------
-----after push_string(62725 - 64191)---
38920 - 43919
45425 - 46449
48540 - 57177
57416 - 59929
61842 - 64190
64191 - 69603
69604 - 71786
71787 - 74455
75780 - 79449
79450 - 82798
82799 - 85311
85312 - 87077
89852 - 94854
94855 - 96078
96079 - 98993
98994 - 102516
102720 - 107472
107473 - 109858
109859 - 111628
111857 - 114121
114122 - 117465
117466 - 119115
120613 - 124353
124354 - 127592
127593 - 128838
129007 - 130797
130798 - 132655
-------------------------------------------
-----after push_string(46283 - 47778)---
38920 - 43919
45425 - 47777
48540 - 57177
57416 - 59929
61842 - 64190
64191 - 69603
69604 - 71786
71787 - 74455
75780 - 79449
79450 - 82798
82799 - 85311
85312 - 87077
89852 - 94854
94855 - 96078
96079 - 98993
98994 - 102516
102720 - 107472
107473 - 109858
109859 - 111628
111857 - 114121
114122 - 117465
117466 - 119115
120613 - 124353
124354 - 127592
127593 - 128838
129007 - 130797
130798 - 132655
-------------------------------------------
-----after push_string(101922 - 103393)---
38920 - 43919
45425 - 47777
48540 - 57177
57416 - 59929
61842 - 64190
64191 - 69603
69604 - 71786
71787 - 74455
75780 - 79449
79450 - 82798
82799 - 85311
85312 - 87077
89852 - 94854
94855 - 96078
96079 - 98993
98994 - 103392
103393 - 107472
107473 - 109858
109859 - 111628
111857 - 114121
114122 - 117465
117466 - 119115
120613 - 124353
124354 - 127592
127593 - 128838
129007 - 130797
130798 - 132655
-------------------------------------------
-----after push_string(9440 - 10621)---
9440 - 9439
38920 - 43919
45425 - 47777
48540 - 57177
57416 - 59929
61842 - 64190
64191 - 69603
69604 - 71786
71787 - 74455
75780 - 79449
79450 - 82798
82799 - 85311
85312 - 87077
89852 - 94854
94855 - 96078
96079 - 98993
98994 - 103392
103393 - 107472
107473 - 109858
109859 - 111628
111857 - 114121
114122 - 117465
117466 - 119115
120613 - 124353
124354 - 127592
127593 - 128838
129007 - 130797
130798 - 132655
-------------------------------------------
-----after push_string(22584 - 23166)---
9440 - 9439
22584 - 22583
38920 - 43919
45425 - 47777
48540 - 57177
57416 - 59929
61842 - 64190
64191 - 69603
69604 - 71786
71787 - 74455
75780 - 79449
79450 - 82798
82799 - 85311
85312 - 87077
89852 - 94854
94855 - 96078
96079 - 98993
98994 - 103392
103393 - 107472
107473 - 109858
109859 - 111628
111857 - 114121
114122 - 117465
117466 - 119115
120613 - 124353
124354 - 127592
127593 - 128838
129007 - 130797
130798 - 132655
-------------------------------------------
-----after push_string(47348 - 49120)---
9440 - 9439
22584 - 22583
38920 - 43919
45425 - 49119
49120 - 57177
57416 - 59929
61842 - 64190
64191 - 69603
69604 - 71786
71787 - 74455
75780 - 79449
79450 - 82798
82799 - 85311
85312 - 87077
89852 - 94854
94855 - 96078
96079 - 98993
98994 - 103392
103393 - 107472
107473 - 109858
109859 - 111628
111857 - 114121
114122 - 117465
117466 - 119115
120613 - 124353
124354 - 127592
127593 - 128838
129007 - 130797
130798 - 132655
-------------------------------------------
-----after push_string(88425 - 90081)---
9440 - 9439
22584 - 22583
38920 - 43919
45425 - 49119
49120 - 57177
57416 - 59929
61842 - 64190
64191 - 69603
69604 - 71786
71787 - 74455
75780 - 79449
79450 - 82798
82799 - 85311
85312 - 87077
88425 - 94854
94855 - 96078
96079 - 98993
98994 - 103392
103393 - 107472
107473 - 109858
109859 - 111628
111857 - 114121
114122 - 117465
117466 - 119115
120613 - 124353
124354 - 127592
127593 - 128838
129007 - 130797
130798 - 132655
-------------------------------------------
-----after push_string(56464 - 57839)---
9440 - 9439
22584 - 22583
38920 - 43919
45425 - 49119
49120 - 57838
57839 - 59929
61842 - 64190
64191 - 69603
69604 - 71786
71787 - 74455
75780 - 79449
79450 - 82798
82799 - 85311
85312 - 87077
88425 - 94854
94855 - 96078
96079 - 98993
98994 - 103392
103393 - 107472
107473 - 109858
109859 - 111628
111857 - 114121
114122 - 117465
117466 - 119115
120613 - 124353
124354 - 127592
127593 - 128838
129007 - 130797
130798 - 132655
-------------------------------------------
-----after push_string(74089 - 76437)---
9440 - 9439
22584 - 22583
38920 - 43919
45425 - 49119
49120 - 57838
57839 - 59929
61842 - 64190
64191 - 69603
69604 - 71786
71787 - 76436
76437 - 79449
79450 - 82798
82799 - 85311
85312 - 87077
88425 - 94854
94855 - 96078
96079 - 98993
98994 - 103392
103393 - 107472
107473 - 109858
109859 - 111628
111857 - 114121
114122 - 117465
117466 - 119115
120613 - 124353
124354 - 127592
127593 - 128838
129007 - 130797
130798 - 132655
-------------------------------------------
-----after push_string(110707 - 112486)---
9440 - 9439
22584 - 22583
38920 - 43919
45425 - 49119
49120 - 57838
57839 - 59929
61842 - 64190
64191 - 69603
69604 - 71786
71787 - 76436
76437 - 79449
79450 - 82798
82799 - 85311
85312 - 87077
88425 - 94854
94855 - 96078
96079 - 98993
98994 - 103392
103393 - 107472
107473 - 109858
109859 - 112485
112486 - 114121
114122 - 117465
117466 - 119115
120613 - 124353
124354 - 127592
127593 - 128838
129007 - 130797
130798 - 132655
-------------------------------------------
-----after push_string(86943 - 88526)---
9440 - 9439
22584 - 22583
38920 - 43919
45425 - 49119
49120 - 57838
57839 - 59929
61842 - 64190
64191 - 69603
69604 - 71786
71787 - 76436
76437 - 79449
79450 - 82798
82799 - 85311
85312 - 88525
88526 - 94854
94855 - 96078
96079 - 98993
98994 - 103392
103393 - 107472
107473 - 109858
109859 - 112485
112486 - 114121
114122 - 117465
117466 - 119115
120613 - 124353
124354 - 127592
127593 - 128838
129007 - 130797
130798 - 132655
-------------------------------------------
-----after push_string(13305 - 13538)---
9440 - 9439
13305 - 13304
22584 - 22583
38920 - 43919
45425 - 49119
49120 - 57838
57839 - 59929
61842 - 64190
64191 - 69603
69604 - 71786
71787 - 76436
76437 - 79449
79450 - 82798
82799 - 85311
85312 - 88525
88526 - 94854
94855 - 96078
96079 - 98993
98994 - 103392
103393 - 107472
107473 - 109858
109859 - 112485
112486 - 114121
114122 - 117465
117466 - 119115
120613 - 124353
124354 - 127592
127593 - 128838
129007 - 130797
130798 - 132655
-------------------------------------------
-----after push_string(118694 - 121037)---
9440 - 9439
13305 - 13304
22584 - 22583
38920 - 43919
45425 - 49119
49120 - 57838
57839 - 59929
61842 - 64190
64191 - 69603
69604 - 71786
71787 - 76436
76437 - 79449
79450 - 82798
82799 - 85311
85312 - 88525
88526 - 94854
94855 - 96078
96079 - 98993
98994 - 103392
103393 - 107472
107473 - 109858
109859 - 112485
112486 - 114121
114122 - 117465
117466 - 121036
121037 - 124353
124354 - 127592
127593 - 128838
129007 - 130797
130798 - 132655
-------------------------------------------
-----after push_string(128627 - 129186)---
9440 - 9439
13305 - 13304
22584 - 22583
38920 - 43919
45425 - 49119
49120 - 57838
57839 - 59929
61842 - 64190
64191 - 69603
69604 - 71786
71787 - 76436
76437 - 79449
79450 - 82798
82799 - 85311
85312 - 88525
88526 - 94854
94855 - 96078
96079 - 98993
98994 - 103392
103393 - 107472
107473 - 109858
109859 - 112485
112486 - 114121
114122 - 117465
117466 - 121036
121037 - 124353
124354 - 127592
127593 - 129185
129186 - 130797
130798 - 132655
-------------------------------------------
-----after push_string(26061 - 27103)---
9440 - 9439
13305 - 13304
22584 - 22583
26061 - 26060
38920 - 43919
45425 - 49119
49120 - 57838
57839 - 59929
61842 - 64190
64191 - 69603
69604 - 71786
71787 - 76436
76437 - 79449
79450 - 82798
82799 - 85311
85312 - 88525
88526 - 94854
94855 - 96078
96079 - 98993
98994 - 103392
103393 - 107472
107473 - 109858
109859 - 112485
112486 - 114121
114122 - 117465
117466 - 121036
121037 - 124353
124354 - 127592
127593 - 129185
129186 - 130797
130798 - 132655
-------------------------------------------
-----after push_string(37468 - 39659)---
9440 - 9439
13305 - 13304
22584 - 22583
26061 - 26060
38091 - 43919
45425 - 49119
49120 - 57838
57839 - 59929
61842 - 64190
64191 - 69603
69604 - 71786
71787 - 76436
76437 - 79449
79450 - 82798
82799 - 85311
85312 - 88525
88526 - 94854
94855 - 96078
96079 - 98993
98994 - 103392
103393 - 107472
107473 - 109858
109859 - 112485
112486 - 114121
114122 - 117465
117466 - 121036
121037 - 124353
124354 - 127592
127593 - 129185
129186 - 130797
130798 - 132655
-------------------------------------------
-----after push_string(44660 - 46138)---
9440 - 9439
13305 - 13304
22584 - 22583
26061 - 26060
38091 - 43919
44660 - 49119
49120 - 57838
57839 - 59929
61842 - 64190
64191 - 69603
69604 - 71786
71787 - 76436
76437 - 79449
79450 - 82798
82799 - 85311
85312 - 88525
88526 - 94854
94855 - 96078
96079 - 98993
98994 - 103392
103393 - 107472
107473 - 109858
109859 - 112485
112486 - 114121
114122 - 117465
117466 - 121036
121037 - 124353
124354 - 127592
127593 - 129185
129186 - 130797
130798 - 132655
-------------------------------------------
-----after push_string(43470 - 44744)---
9440 - 9439
13305 - 13304
22584 - 22583
26061 - 26060
38091 - 44743
44744 - 49119
49120 - 57838
57839 - 59929
61842 - 64190
64191 - 69603
69604 - 71786
71787 - 76436
76437 - 79449
79450 - 82798
82799 - 85311
85312 - 88525
88526 - 94854
94855 - 96078
96079 - 98993
98994 - 103392
103393 - 107472
107473 - 109858
109859 - 112485
112486 - 114121
114122 - 117465
117466 - 121036
121037 - 124353
124354 - 127592
127593 - 129185
129186 - 130797
130798 - 132655
-------------------------------------------
-----after push_string(375 - 1198)---
375 - 374
9440 - 9439
13305 - 13304
22584 - 22583
26061 - 26060
38091 - 44743
44744 - 49119
49120 - 57838
57839 - 59929
61842 - 64190
64191 - 69603
69604 - 71786
71787 - 76436
76437 - 79449
79450 - 82798
82799 - 85311
85312 - 88525
88526 - 94854
94855 - 96078
96079 - 98993
98994 - 103392
103393 - 107472
107473 - 109858
109859 - 112485
112486 - 114121
114122 - 117465
117466 - 121036
121037 - 124353
124354 - 127592
127593 - 129185
129186 - 130797
130798 - 132655
-------------------------------------------
-----after push_string(59195 - 61919)---
375 - 374
9440 - 9439
13305 - 13304
22584 - 22583
26061 - 26060
38091 - 44743
44744 - 49119
49120 - 57838
57839 - 61918
61919 - 64190
64191 - 69603
69604 - 71786
71787 - 76436
76437 - 79449
79450 - 82798
82799 - 85311
85312 - 88525
88526 - 94854
94855 - 96078
96079 - 98993
98994 - 103392
103393 - 107472
107473 - 109858
109859 - 112485
112486 - 114121
114122 - 117465
117466 - 121036
121037 - 124353
124354 - 127592
127593 - 129185
129186 - 130797
130798 - 132655
-------------------------------------------
Exception: test 2 - number of RX bytes is incorrect

      Start 22: t_strm_reassem_cap
 8/16 Test #22: t_strm_reassem_cap ...............   Passed    2.18 sec
      Start 23: t_byte_stream_construction
 9/16 Test #23: t_byte_stream_construction .......   Passed    0.14 sec
      Start 24: t_byte_stream_one_write
10/16 Test #24: t_byte_stream_one_write ..........   Passed    0.14 sec
      Start 25: t_byte_stream_two_writes
11/16 Test #25: t_byte_stream_two_writes .........   Passed    0.15 sec
      Start 26: t_byte_stream_capacity
12/16 Test #26: t_byte_stream_capacity ...........   Passed    3.51 sec
      Start 27: t_byte_stream_many_writes
13/16 Test #27: t_byte_stream_many_writes ........   Passed    0.20 sec
      Start 50: t_address_dt
14/16 Test #50: t_address_dt .....................   Passed    0.10 sec
      Start 51: t_parser_dt
15/16 Test #51: t_parser_dt ......................   Passed    0.10 sec
      Start 52: t_socket_dt
16/16 Test #52: t_socket_dt ......................   Passed    0.17 sec

94% tests passed, 1 tests failed out of 16

Total Test time (real) =  10.23 sec

The following tests FAILED:
	 21 - t_strm_reassem_win (Failed)
Errors while running CTest
CMakeFiles/check_lab1.dir/build.make:57: recipe for target 'CMakeFiles/check_lab1' failed
make[3]: *** [CMakeFiles/check_lab1] Error 8
CMakeFiles/Makefile2:2759: recipe for target 'CMakeFiles/check_lab1.dir/all' failed
make[2]: *** [CMakeFiles/check_lab1.dir/all] Error 2
CMakeFiles/Makefile2:2766: recipe for target 'CMakeFiles/check_lab1.dir/rule' failed
make[1]: *** [CMakeFiles/check_lab1.dir/rule] Error 2
Makefile:1195: recipe for target 'check_lab1' failed
make: *** [check_lab1] Error 2
