[100%] Testing the stream reassembler...
Test project /mnt/i/DIY/CS144/sponge/build
      Start 15: t_strm_reassem_single
 1/16 Test #15: t_strm_reassem_single ............   Passed    0.18 sec
      Start 16: t_strm_reassem_seq
 2/16 Test #16: t_strm_reassem_seq ...............   Passed    0.17 sec
      Start 17: t_strm_reassem_dup
 3/16 Test #17: t_strm_reassem_dup ...............   Passed    0.28 sec
      Start 18: t_strm_reassem_holes
 4/16 Test #18: t_strm_reassem_holes .............***Failed    0.34 sec
=================================================================
==32081==ERROR: AddressSanitizer: heap-use-after-free on address 0x6070000002f0 at pc 0x5637ed2ef568 bp 0x7ffd023b39c0 sp 0x7ffd023b39b0
READ of size 8 at 0x6070000002f0 thread T0
    #0 0x5637ed2ef567 in std::__cxx11::basic_string<char, std::char_traits<char>, std::allocator<char> >::length() const /usr/include/c++/8/bits/basic_string.h:937
    #1 0x5637ed2ef567 in StreamReassembler::push_substring(std::__cxx11::basic_string<char, std::char_traits<char>, std::allocator<char> > const&, unsigned long, bool) /mnt/i/DIY/CS144/sponge/libsponge/stream_reassembler.cc:61
    #2 0x5637ed2bc66b in SubmitSegment::execute(StreamReassembler&) const /mnt/i/DIY/CS144/sponge/tests/fsm_stream_reassembler_harness.hh:159
    #3 0x5637ed2cf32d in ReassemblerTestHarness::execute(ReassemblerTestStep const&) (/mnt/i/DIY/CS144/sponge/build/tests/fsm_stream_reassembler_holes+0xcf32d)
    #4 0x5637ed2a2852 in main /mnt/i/DIY/CS144/sponge/tests/fsm_stream_reassembler_holes.cc:54
    #5 0x7f65808c7c86 in __libc_start_main (/lib/x86_64-linux-gnu/libc.so.6+0x21c86)
    #6 0x5637ed29cf89 in _start (/mnt/i/DIY/CS144/sponge/build/tests/fsm_stream_reassembler_holes+0x9cf89)

0x6070000002f0 is located 48 bytes inside of 72-byte region [0x6070000002c0,0x607000000308)
freed by thread T0 here:
    #0 0x7f6582049a50 in operator delete(void*) (/usr/lib/x86_64-linux-gnu/libasan.so.5+0xf0a50)
    #1 0x5637ed2f9971 in __gnu_cxx::new_allocator<std::_Rb_tree_node<std::pair<unsigned long const, std::__cxx11::basic_string<char, std::char_traits<char>, std::allocator<char> > > > >::deallocate(std::_Rb_tree_node<std::pair<unsigned long const, std::__cxx11::basic_string<char, std::char_traits<char>, std::allocator<char> > > >*, unsigned long) /usr/include/c++/8/ext/new_allocator.h:125
    #2 0x5637ed2f9971 in std::allocator_traits<std::allocator<std::_Rb_tree_node<std::pair<unsigned long const, std::__cxx11::basic_string<char, std::char_traits<char>, std::allocator<char> > > > > >::deallocate(std::allocator<std::_Rb_tree_node<std::pair<unsigned long const, std::__cxx11::basic_string<char, std::char_traits<char>, std::allocator<char> > > > >&, std::_Rb_tree_node<std::pair<unsigned long const, std::__cxx11::basic_string<char, std::char_traits<char>, std::allocator<char> > > >*, unsigned long) /usr/include/c++/8/bits/alloc_traits.h:462
    #3 0x5637ed2f9971 in std::_Rb_tree<unsigned long, std::pair<unsigned long const, std::__cxx11::basic_string<char, std::char_traits<char>, std::allocator<char> > >, std::_Select1st<std::pair<unsigned long const, std::__cxx11::basic_string<char, std::char_traits<char>, std::allocator<char> > > >, std::less<unsigned long>, std::allocator<std::pair<unsigned long const, std::__cxx11::basic_string<char, std::char_traits<char>, std::allocator<char> > > > >::_M_put_node(std::_Rb_tree_node<std::pair<unsigned long const, std::__cxx11::basic_string<char, std::char_traits<char>, std::allocator<char> > > >*) /usr/include/c++/8/bits/stl_tree.h:592
    #4 0x5637ed2f9971 in std::_Rb_tree<unsigned long, std::pair<unsigned long const, std::__cxx11::basic_string<char, std::char_traits<char>, std::allocator<char> > >, std::_Select1st<std::pair<unsigned long const, std::__cxx11::basic_string<char, std::char_traits<char>, std::allocator<char> > > >, std::less<unsigned long>, std::allocator<std::pair<unsigned long const, std::__cxx11::basic_string<char, std::char_traits<char>, std::allocator<char> > > > >::_M_drop_node(std::_Rb_tree_node<std::pair<unsigned long const, std::__cxx11::basic_string<char, std::char_traits<char>, std::allocator<char> > > >*) /usr/include/c++/8/bits/stl_tree.h:659
    #5 0x5637ed2f9971 in std::_Rb_tree<unsigned long, std::pair<unsigned long const, std::__cxx11::basic_string<char, std::char_traits<char>, std::allocator<char> > >, std::_Select1st<std::pair<unsigned long const, std::__cxx11::basic_string<char, std::char_traits<char>, std::allocator<char> > > >, std::less<unsigned long>, std::allocator<std::pair<unsigned long const, std::__cxx11::basic_string<char, std::char_traits<char>, std::allocator<char> > > > >::_M_erase_aux(std::_Rb_tree_const_iterator<std::pair<unsigned long const, std::__cxx11::basic_string<char, std::char_traits<char>, std::allocator<char> > > >) /usr/include/c++/8/bits/stl_tree.h:2500

previously allocated by thread T0 here:
    #0 0x7f6582048ba0 in operator new(unsigned long) (/usr/lib/x86_64-linux-gnu/libasan.so.5+0xefba0)
    #1 0x5637ed2f62ef in __gnu_cxx::new_allocator<std::_Rb_tree_node<std::pair<unsigned long const, std::__cxx11::basic_string<char, std::char_traits<char>, std::allocator<char> > > > >::allocate(unsigned long, void const*) /usr/include/c++/8/ext/new_allocator.h:111
    #2 0x5637ed2f62ef in std::allocator_traits<std::allocator<std::_Rb_tree_node<std::pair<unsigned long const, std::__cxx11::basic_string<char, std::char_traits<char>, std::allocator<char> > > > > >::allocate(std::allocator<std::_Rb_tree_node<std::pair<unsigned long const, std::__cxx11::basic_string<char, std::char_traits<char>, std::allocator<char> > > > >&, unsigned long) /usr/include/c++/8/bits/alloc_traits.h:436
    #3 0x5637ed2f62ef in std::_Rb_tree<unsigned long, std::pair<unsigned long const, std::__cxx11::basic_string<char, std::char_traits<char>, std::allocator<char> > >, std::_Select1st<std::pair<unsigned long const, std::__cxx11::basic_string<char, std::char_traits<char>, std::allocator<char> > > >, std::less<unsigned long>, std::allocator<std::pair<unsigned long const, std::__cxx11::basic_string<char, std::char_traits<char>, std::allocator<char> > > > >::_M_get_node() /usr/include/c++/8/bits/stl_tree.h:588
    #4 0x5637ed2f62ef in std::_Rb_tree_node<std::pair<unsigned long const, std::__cxx11::basic_string<char, std::char_traits<char>, std::allocator<char> > > >* std::_Rb_tree<unsigned long, std::pair<unsigned long const, std::__cxx11::basic_string<char, std::char_traits<char>, std::allocator<char> > >, std::_Select1st<std::pair<unsigned long const, std::__cxx11::basic_string<char, std::char_traits<char>, std::allocator<char> > > >, std::less<unsigned long>, std::allocator<std::pair<unsigned long const, std::__cxx11::basic_string<char, std::char_traits<char>, std::allocator<char> > > > >::_M_create_node<std::pair<unsigned long, std::__cxx11::basic_string<char, std::char_traits<char>, std::allocator<char> > > >(std::pair<unsigned long, std::__cxx11::basic_string<char, std::char_traits<char>, std::allocator<char> > >&&) /usr/include/c++/8/bits/stl_tree.h:642
    #5 0x5637ed2f62ef in std::pair<std::_Rb_tree_iterator<std::pair<unsigned long const, std::__cxx11::basic_string<char, std::char_traits<char>, std::allocator<char> > > >, bool> std::_Rb_tree<unsigned long, std::pair<unsigned long const, std::__cxx11::basic_string<char, std::char_traits<char>, std::allocator<char> > >, std::_Select1st<std::pair<unsigned long const, std::__cxx11::basic_string<char, std::char_traits<char>, std::allocator<char> > > >, std::less<unsigned long>, std::allocator<std::pair<unsigned long const, std::__cxx11::basic_string<char, std::char_traits<char>, std::allocator<char> > > > >::_M_emplace_unique<std::pair<unsigned long, std::__cxx11::basic_string<char, std::char_traits<char>, std::allocator<char> > > >(std::pair<unsigned long, std::__cxx11::basic_string<char, std::char_traits<char>, std::allocator<char> > >&&) /usr/include/c++/8/bits/stl_tree.h:2374
    #6 0x7ffd023b7767  ([stack]+0x1e767)
    #7 0x7ffd023b7c9f  ([stack]+0x1ec9f)
    #8 0x5637ed2a2276 in main /mnt/i/DIY/CS144/sponge/tests/fsm_stream_reassembler_holes.cc:53

SUMMARY: AddressSanitizer: heap-use-after-free /usr/include/c++/8/bits/basic_string.h:937 in std::__cxx11::basic_string<char, std::char_traits<char>, std::allocator<char> >::length() const
Shadow bytes around the buggy address:
  0x0c0e7fff8000: fa fa fa fa 00 00 00 00 00 00 00 00 00 fa fa fa
  0x0c0e7fff8010: fa fa fd fd fd fd fd fd fd fd fd fa fa fa fa fa
  0x0c0e7fff8020: fd fd fd fd fd fd fd fd fd fa fa fa fa fa fd fd
  0x0c0e7fff8030: fd fd fd fd fd fd fd fa fa fa fa fa fd fd fd fd
  0x0c0e7fff8040: fd fd fd fd fd fa fa fa fa fa fd fd fd fd fd fd
=>0x0c0e7fff8050: fd fd fd fa fa fa fa fa fd fd fd fd fd fd[fd]fd
  0x0c0e7fff8060: fd fa fa fa fa fa 00 00 00 00 00 00 00 00 00 fa
  0x0c0e7fff8070: fa fa fa fa fa fa fa fa fa fa fa fa fa fa fa fa
  0x0c0e7fff8080: fa fa fa fa fa fa fa fa fa fa fa fa fa fa fa fa
  0x0c0e7fff8090: fa fa fa fa fa fa fa fa fa fa fa fa fa fa fa fa
  0x0c0e7fff80a0: fa fa fa fa fa fa fa fa fa fa fa fa fa fa fa fa
Shadow byte legend (one shadow byte represents 8 application bytes):
  Addressable:           00
  Partially addressable: 01 02 03 04 05 06 07 
  Heap left redzone:       fa
  Freed heap region:       fd
  Stack left redzone:      f1
  Stack mid redzone:       f2
  Stack right redzone:     f3
  Stack after return:      f5
  Stack use after scope:   f8
  Global redzone:          f9
  Global init order:       f6
  Poisoned by user:        f7
  Container overflow:      fc
  Array cookie:            ac
  Intra object redzone:    bb
  ASan internal:           fe
  Left alloca redzone:     ca
  Right alloca redzone:    cb
==32081==ABORTING

      Start 19: t_strm_reassem_many
 5/16 Test #19: t_strm_reassem_many ..............***Failed    0.16 sec
Exception: test 1 - number of bytes RX is incorrect

      Start 20: t_strm_reassem_overlapping
 6/16 Test #20: t_strm_reassem_overlapping .......***Failed    0.34 sec
=================================================================
==32084==ERROR: AddressSanitizer: heap-use-after-free on address 0x607000000280 at pc 0x5582ee0de318 bp 0x7fff378b1f40 sp 0x7fff378b1f30
READ of size 8 at 0x607000000280 thread T0
    #0 0x5582ee0de317 in std::__cxx11::basic_string<char, std::char_traits<char>, std::allocator<char> >::length() const /usr/include/c++/8/bits/basic_string.h:937
    #1 0x5582ee0de317 in StreamReassembler::push_substring(std::__cxx11::basic_string<char, std::char_traits<char>, std::allocator<char> > const&, unsigned long, bool) /mnt/i/DIY/CS144/sponge/libsponge/stream_reassembler.cc:61
    #2 0x5582ee0adfb3 in SubmitSegment::execute(StreamReassembler&) const /mnt/i/DIY/CS144/sponge/tests/fsm_stream_reassembler_harness.hh:159
    #3 0x5582ee0c1539 in ReassemblerTestHarness::execute(ReassemblerTestStep const&) (/mnt/i/DIY/CS144/sponge/build/tests/fsm_stream_reassembler_overlapping+0xc1539)
    #4 0x5582ee0987c5 in main /mnt/i/DIY/CS144/sponge/tests/fsm_stream_reassembler_overlapping.cc:46
    #5 0x7f19ec279c86 in __libc_start_main (/lib/x86_64-linux-gnu/libc.so.6+0x21c86)
    #6 0x5582ee0947c9 in _start (/mnt/i/DIY/CS144/sponge/build/tests/fsm_stream_reassembler_overlapping+0x947c9)

0x607000000280 is located 48 bytes inside of 72-byte region [0x607000000250,0x607000000298)
freed by thread T0 here:
    #0 0x7f19ed9fba50 in operator delete(void*) (/usr/lib/x86_64-linux-gnu/libasan.so.5+0xf0a50)
    #1 0x5582ee0e8721 in __gnu_cxx::new_allocator<std::_Rb_tree_node<std::pair<unsigned long const, std::__cxx11::basic_string<char, std::char_traits<char>, std::allocator<char> > > > >::deallocate(std::_Rb_tree_node<std::pair<unsigned long const, std::__cxx11::basic_string<char, std::char_traits<char>, std::allocator<char> > > >*, unsigned long) /usr/include/c++/8/ext/new_allocator.h:125
    #2 0x5582ee0e8721 in std::allocator_traits<std::allocator<std::_Rb_tree_node<std::pair<unsigned long const, std::__cxx11::basic_string<char, std::char_traits<char>, std::allocator<char> > > > > >::deallocate(std::allocator<std::_Rb_tree_node<std::pair<unsigned long const, std::__cxx11::basic_string<char, std::char_traits<char>, std::allocator<char> > > > >&, std::_Rb_tree_node<std::pair<unsigned long const, std::__cxx11::basic_string<char, std::char_traits<char>, std::allocator<char> > > >*, unsigned long) /usr/include/c++/8/bits/alloc_traits.h:462
    #3 0x5582ee0e8721 in std::_Rb_tree<unsigned long, std::pair<unsigned long const, std::__cxx11::basic_string<char, std::char_traits<char>, std::allocator<char> > >, std::_Select1st<std::pair<unsigned long const, std::__cxx11::basic_string<char, std::char_traits<char>, std::allocator<char> > > >, std::less<unsigned long>, std::allocator<std::pair<unsigned long const, std::__cxx11::basic_string<char, std::char_traits<char>, std::allocator<char> > > > >::_M_put_node(std::_Rb_tree_node<std::pair<unsigned long const, std::__cxx11::basic_string<char, std::char_traits<char>, std::allocator<char> > > >*) /usr/include/c++/8/bits/stl_tree.h:592
    #4 0x5582ee0e8721 in std::_Rb_tree<unsigned long, std::pair<unsigned long const, std::__cxx11::basic_string<char, std::char_traits<char>, std::allocator<char> > >, std::_Select1st<std::pair<unsigned long const, std::__cxx11::basic_string<char, std::char_traits<char>, std::allocator<char> > > >, std::less<unsigned long>, std::allocator<std::pair<unsigned long const, std::__cxx11::basic_string<char, std::char_traits<char>, std::allocator<char> > > > >::_M_drop_node(std::_Rb_tree_node<std::pair<unsigned long const, std::__cxx11::basic_string<char, std::char_traits<char>, std::allocator<char> > > >*) /usr/include/c++/8/bits/stl_tree.h:659
    #5 0x5582ee0e8721 in std::_Rb_tree<unsigned long, std::pair<unsigned long const, std::__cxx11::basic_string<char, std::char_traits<char>, std::allocator<char> > >, std::_Select1st<std::pair<unsigned long const, std::__cxx11::basic_string<char, std::char_traits<char>, std::allocator<char> > > >, std::less<unsigned long>, std::allocator<std::pair<unsigned long const, std::__cxx11::basic_string<char, std::char_traits<char>, std::allocator<char> > > > >::_M_erase_aux(std::_Rb_tree_const_iterator<std::pair<unsigned long const, std::__cxx11::basic_string<char, std::char_traits<char>, std::allocator<char> > > >) /usr/include/c++/8/bits/stl_tree.h:2500

previously allocated by thread T0 here:
    #0 0x7f19ed9faba0 in operator new(unsigned long) (/usr/lib/x86_64-linux-gnu/libasan.so.5+0xefba0)
    #1 0x5582ee0e509f in __gnu_cxx::new_allocator<std::_Rb_tree_node<std::pair<unsigned long const, std::__cxx11::basic_string<char, std::char_traits<char>, std::allocator<char> > > > >::allocate(unsigned long, void const*) /usr/include/c++/8/ext/new_allocator.h:111
    #2 0x5582ee0e509f in std::allocator_traits<std::allocator<std::_Rb_tree_node<std::pair<unsigned long const, std::__cxx11::basic_string<char, std::char_traits<char>, std::allocator<char> > > > > >::allocate(std::allocator<std::_Rb_tree_node<std::pair<unsigned long const, std::__cxx11::basic_string<char, std::char_traits<char>, std::allocator<char> > > > >&, unsigned long) /usr/include/c++/8/bits/alloc_traits.h:436
    #3 0x5582ee0e509f in std::_Rb_tree<unsigned long, std::pair<unsigned long const, std::__cxx11::basic_string<char, std::char_traits<char>, std::allocator<char> > >, std::_Select1st<std::pair<unsigned long const, std::__cxx11::basic_string<char, std::char_traits<char>, std::allocator<char> > > >, std::less<unsigned long>, std::allocator<std::pair<unsigned long const, std::__cxx11::basic_string<char, std::char_traits<char>, std::allocator<char> > > > >::_M_get_node() /usr/include/c++/8/bits/stl_tree.h:588
    #4 0x5582ee0e509f in std::_Rb_tree_node<std::pair<unsigned long const, std::__cxx11::basic_string<char, std::char_traits<char>, std::allocator<char> > > >* std::_Rb_tree<unsigned long, std::pair<unsigned long const, std::__cxx11::basic_string<char, std::char_traits<char>, std::allocator<char> > >, std::_Select1st<std::pair<unsigned long const, std::__cxx11::basic_string<char, std::char_traits<char>, std::allocator<char> > > >, std::less<unsigned long>, std::allocator<std::pair<unsigned long const, std::__cxx11::basic_string<char, std::char_traits<char>, std::allocator<char> > > > >::_M_create_node<std::pair<unsigned long, std::__cxx11::basic_string<char, std::char_traits<char>, std::allocator<char> > > >(std::pair<unsigned long, std::__cxx11::basic_string<char, std::char_traits<char>, std::allocator<char> > >&&) /usr/include/c++/8/bits/stl_tree.h:642
    #5 0x5582ee0e509f in std::pair<std::_Rb_tree_iterator<std::pair<unsigned long const, std::__cxx11::basic_string<char, std::char_traits<char>, std::allocator<char> > > >, bool> std::_Rb_tree<unsigned long, std::pair<unsigned long const, std::__cxx11::basic_string<char, std::char_traits<char>, std::allocator<char> > >, std::_Select1st<std::pair<unsigned long const, std::__cxx11::basic_string<char, std::char_traits<char>, std::allocator<char> > > >, std::less<unsigned long>, std::allocator<std::pair<unsigned long const, std::__cxx11::basic_string<char, std::char_traits<char>, std::allocator<char> > > > >::_M_emplace_unique<std::pair<unsigned long, std::__cxx11::basic_string<char, std::char_traits<char>, std::allocator<char> > > >(std::pair<unsigned long, std::__cxx11::basic_string<char, std::char_traits<char>, std::allocator<char> > >&&) /usr/include/c++/8/bits/stl_tree.h:2374
    #6 0x7fff378b57c7  ([stack]+0x1f7c7)
    #7 0x7fff378b5d5f  ([stack]+0x1fd5f)
    #8 0x5582ee097e44 in main /mnt/i/DIY/CS144/sponge/tests/fsm_stream_reassembler_overlapping.cc:43

SUMMARY: AddressSanitizer: heap-use-after-free /usr/include/c++/8/bits/basic_string.h:937 in std::__cxx11::basic_string<char, std::char_traits<char>, std::allocator<char> >::length() const
Shadow bytes around the buggy address:
  0x0c0e7fff8000: fa fa fa fa 00 00 00 00 00 00 00 00 00 fa fa fa
  0x0c0e7fff8010: fa fa fd fd fd fd fd fd fd fd fd fa fa fa fa fa
  0x0c0e7fff8020: fd fd fd fd fd fd fd fd fd fa fa fa fa fa fd fd
  0x0c0e7fff8030: fd fd fd fd fd fd fd fa fa fa fa fa fd fd fd fd
  0x0c0e7fff8040: fd fd fd fd fd fa fa fa fa fa fd fd fd fd fd fd
=>0x0c0e7fff8050:[fd]fd fd fa fa fa fa fa 00 00 00 00 00 00 00 00
  0x0c0e7fff8060: 00 fa fa fa fa fa fa fa fa fa fa fa fa fa fa fa
  0x0c0e7fff8070: fa fa fa fa fa fa fa fa fa fa fa fa fa fa fa fa
  0x0c0e7fff8080: fa fa fa fa fa fa fa fa fa fa fa fa fa fa fa fa
  0x0c0e7fff8090: fa fa fa fa fa fa fa fa fa fa fa fa fa fa fa fa
  0x0c0e7fff80a0: fa fa fa fa fa fa fa fa fa fa fa fa fa fa fa fa
Shadow byte legend (one shadow byte represents 8 application bytes):
  Addressable:           00
  Partially addressable: 01 02 03 04 05 06 07 
  Heap left redzone:       fa
  Freed heap region:       fd
  Stack left redzone:      f1
  Stack mid redzone:       f2
  Stack right redzone:     f3
  Stack after return:      f5
  Stack use after scope:   f8
  Global redzone:          f9
  Global init order:       f6
  Poisoned by user:        f7
  Container overflow:      fc
  Array cookie:            ac
  Intra object redzone:    bb
  ASan internal:           fe
  Left alloca redzone:     ca
  Right alloca redzone:    cb
==32084==ABORTING

      Start 21: t_strm_reassem_win
 7/16 Test #21: t_strm_reassem_win ...............***Failed    0.14 sec
Exception: basic_string::substr: __pos (which is 123134) > this->size() (which is 1831)

      Start 22: t_strm_reassem_cap
 8/16 Test #22: t_strm_reassem_cap ...............   Passed    1.05 sec
      Start 23: t_byte_stream_construction
 9/16 Test #23: t_byte_stream_construction .......   Passed    0.15 sec
      Start 24: t_byte_stream_one_write
10/16 Test #24: t_byte_stream_one_write ..........   Passed    0.16 sec
      Start 25: t_byte_stream_two_writes
11/16 Test #25: t_byte_stream_two_writes .........   Passed    0.15 sec
      Start 26: t_byte_stream_capacity
12/16 Test #26: t_byte_stream_capacity ...........   Passed    4.64 sec
      Start 27: t_byte_stream_many_writes
13/16 Test #27: t_byte_stream_many_writes ........   Passed    0.21 sec
      Start 50: t_address_dt
14/16 Test #50: t_address_dt .....................   Passed    0.07 sec
      Start 51: t_parser_dt
15/16 Test #51: t_parser_dt ......................   Passed    0.10 sec
      Start 52: t_socket_dt
16/16 Test #52: t_socket_dt ......................   Passed    0.17 sec

75% tests passed, 4 tests failed out of 16

Total Test time (real) =   9.06 sec

The following tests FAILED:
	 18 - t_strm_reassem_holes (Failed)
	 19 - t_strm_reassem_many (Failed)
	 20 - t_strm_reassem_overlapping (Failed)
	 21 - t_strm_reassem_win (Failed)
Errors while running CTest
CMakeFiles/check_lab1.dir/build.make:57: recipe for target 'CMakeFiles/check_lab1' failed
make[3]: *** [CMakeFiles/check_lab1] Error 8
CMakeFiles/Makefile2:2759: recipe for target 'CMakeFiles/check_lab1.dir/all' failed
make[2]: *** [CMakeFiles/check_lab1.dir/all] Error 2
CMakeFiles/Makefile2:2766: recipe for target 'CMakeFiles/check_lab1.dir/rule' failed
make[1]: *** [CMakeFiles/check_lab1.dir/rule] Error 2
Makefile:1195: recipe for target 'check_lab1' failed
make: *** [check_lab1] Error 2
