[100%] Testing the stream reassembler...
Test project /mnt/i/DIY/CS144/sponge/build
      Start 15: t_strm_reassem_single
 1/16 Test #15: t_strm_reassem_single ............***Failed    0.02 sec
Test Failure on expectation:
	Expectation: net bytes assembled = 1

Failure message:
	The reassembler was expected to have `1` total bytes assembled, but there were `0`

List of steps that executed successfully:
	Initialized (capacity = 65000)
	Action:      substring submitted with data "a", index `0`, eof `0`

Exception: The reassembler was expected to have `1` total bytes assembled, but there were `0`

      Start 16: t_strm_reassem_seq
 2/16 Test #16: t_strm_reassem_seq ...............***Failed    0.02 sec
Test Failure on expectation:
	Expectation: net bytes assembled = 4

Failure message:
	The reassembler was expected to have `4` total bytes assembled, but there were `0`

List of steps that executed successfully:
	Initialized (capacity = 65000)
	Action:      substring submitted with data "abcd", index `0`, eof `0`

Exception: The reassembler was expected to have `4` total bytes assembled, but there were `0`

      Start 17: t_strm_reassem_dup
 3/16 Test #17: t_strm_reassem_dup ...............***Failed    0.02 sec
Test Failure on expectation:
	Expectation: net bytes assembled = 4

Failure message:
	The reassembler was expected to have `4` total bytes assembled, but there were `0`

List of steps that executed successfully:
	Initialized (capacity = 65000)
	Action:      substring submitted with data "abcd", index `0`, eof `0`

Exception: The reassembler was expected to have `4` total bytes assembled, but there were `0`

      Start 18: t_strm_reassem_holes
 4/16 Test #18: t_strm_reassem_holes .............***Failed    0.02 sec
Test Failure on expectation:
	Expectation: net bytes assembled = 2

Failure message:
	The reassembler was expected to have `2` total bytes assembled, but there were `0`

List of steps that executed successfully:
	Initialized (capacity = 65000)
	Action:      substring submitted with data "b", index `1`, eof `0`
	Action:      substring submitted with data "a", index `0`, eof `0`

Exception: The reassembler was expected to have `2` total bytes assembled, but there were `0`

      Start 19: t_strm_reassem_many
 5/16 Test #19: t_strm_reassem_many ..............***Failed    0.02 sec
Exception: test 1 - number of bytes RX is incorrect

      Start 20: t_strm_reassem_overlapping
 6/16 Test #20: t_strm_reassem_overlapping .......***Failed    0.02 sec
Test Failure on expectation:
	Expectation: net bytes assembled = 2

Failure message:
	The reassembler was expected to have `2` total bytes assembled, but there were `0`

List of steps that executed successfully:
	Initialized (capacity = 1000)
	Action:      substring submitted with data "a", index `0`, eof `0`
	Action:      substring submitted with data "ab", index `0`, eof `0`

Exception: The reassembler was expected to have `2` total bytes assembled, but there were `0`

      Start 21: t_strm_reassem_win
 7/16 Test #21: t_strm_reassem_win ...............***Failed    0.02 sec
Exception: test 2 - number of RX bytes is incorrect

      Start 22: t_strm_reassem_cap
 8/16 Test #22: t_strm_reassem_cap ...............***Failed    0.02 sec
Test Failure on expectation:
	Expectation: net bytes assembled = 2

Failure message:
	The reassembler was expected to have `2` total bytes assembled, but there were `0`

List of steps that executed successfully:
	Initialized (capacity = 2)
	Action:      substring submitted with data "ab", index `0`, eof `0`

Exception: The reassembler was expected to have `2` total bytes assembled, but there were `0`

      Start 23: t_byte_stream_construction
 9/16 Test #23: t_byte_stream_construction .......   Passed    0.02 sec
      Start 24: t_byte_stream_one_write
10/16 Test #24: t_byte_stream_one_write ..........   Passed    0.02 sec
      Start 25: t_byte_stream_two_writes
11/16 Test #25: t_byte_stream_two_writes .........   Passed    0.02 sec
      Start 26: t_byte_stream_capacity
12/16 Test #26: t_byte_stream_capacity ...........   Passed    0.62 sec
      Start 27: t_byte_stream_many_writes
13/16 Test #27: t_byte_stream_many_writes ........   Passed    0.04 sec
      Start 50: t_address_dt
14/16 Test #50: t_address_dt .....................   Passed    0.04 sec
      Start 51: t_parser_dt
15/16 Test #51: t_parser_dt ......................   Passed    0.02 sec
      Start 52: t_socket_dt
16/16 Test #52: t_socket_dt ......................   Passed    0.02 sec

50% tests passed, 8 tests failed out of 16

Total Test time (real) =   1.69 sec

The following tests FAILED:
	 15 - t_strm_reassem_single (Failed)
	 16 - t_strm_reassem_seq (Failed)
	 17 - t_strm_reassem_dup (Failed)
	 18 - t_strm_reassem_holes (Failed)
	 19 - t_strm_reassem_many (Failed)
	 20 - t_strm_reassem_overlapping (Failed)
	 21 - t_strm_reassem_win (Failed)
	 22 - t_strm_reassem_cap (Failed)
Errors while running CTest
CMakeFiles/check_lab1.dir/build.make:57: recipe for target 'CMakeFiles/check_lab1' failed
make[3]: *** [CMakeFiles/check_lab1] Error 8
CMakeFiles/Makefile2:2759: recipe for target 'CMakeFiles/check_lab1.dir/all' failed
make[2]: *** [CMakeFiles/check_lab1.dir/all] Error 2
CMakeFiles/Makefile2:2766: recipe for target 'CMakeFiles/check_lab1.dir/rule' failed
make[1]: *** [CMakeFiles/check_lab1.dir/rule] Error 2
Makefile:1195: recipe for target 'check_lab1' failed
make: *** [check_lab1] Error 2
