[100%] Testing the stream reassembler...
Test project /mnt/i/DIY/CS144/sponge/build
      Start 15: t_strm_reassem_single
 1/16 Test #15: t_strm_reassem_single ............   Passed    0.18 sec
      Start 16: t_strm_reassem_seq
 2/16 Test #16: t_strm_reassem_seq ...............   Passed    0.18 sec
      Start 17: t_strm_reassem_dup
 3/16 Test #17: t_strm_reassem_dup ...............   Passed    0.31 sec
      Start 18: t_strm_reassem_holes
 4/16 Test #18: t_strm_reassem_holes .............   Passed    0.14 sec
      Start 19: t_strm_reassem_many
 5/16 Test #19: t_strm_reassem_many ..............   Passed    1.14 sec
      Start 20: t_strm_reassem_overlapping
 6/16 Test #20: t_strm_reassem_overlapping .......   Passed    0.28 sec
      Start 21: t_strm_reassem_win
 7/16 Test #21: t_strm_reassem_win ...............***Failed    0.13 sec
-----after push_string(67311 - 68336)---
67311 - 68335
-------------------------------------------
-----after push_string(49658 - 51087)---
49658 - 51086
67311 - 68335
-------------------------------------------
-----after push_string(30364 - 32427)---
30364 - 32426
49658 - 51086
67311 - 68335
-------------------------------------------
-----after push_string(22906 - 23820)---
22906 - 23819
30364 - 32426
49658 - 51086
67311 - 68335
-------------------------------------------
-----after push_string(64605 - 66662)---
22906 - 23819
30364 - 32426
49658 - 51086
64605 - 66661
67311 - 68335
-------------------------------------------
-----after push_string(38435 - 40462)---
22906 - 23819
30364 - 32426
38435 - 40461
49658 - 51086
64605 - 66661
67311 - 68335
-------------------------------------------
-----after push_string(48586 - 49957)---
22906 - 23819
30364 - 32426
38435 - 40461
48586 - 50255
49658 - 51086
64605 - 66661
67311 - 68335
-------------------------------------------
-----after push_string(28341 - 28810)---
22906 - 23819
28341 - 28809
30364 - 32426
38435 - 40461
48586 - 50255
49658 - 51086
64605 - 66661
67311 - 68335
-------------------------------------------
-----after push_string(85128 - 86545)---
22906 - 23819
28341 - 28809
30364 - 32426
38435 - 40461
48586 - 50255
49658 - 51086
64605 - 66661
67311 - 68335
85128 - 86544
-------------------------------------------
-----after push_string(103287 - 103902)---
22906 - 23819
28341 - 28809
30364 - 32426
38435 - 40461
48586 - 50255
49658 - 51086
64605 - 66661
67311 - 68335
85128 - 86544
103287 - 103901
-------------------------------------------
-----after push_string(41075 - 43584)---
22906 - 23819
28341 - 28809
30364 - 32426
38435 - 40461
41075 - 43583
48586 - 50255
49658 - 51086
64605 - 66661
67311 - 68335
85128 - 86544
103287 - 103901
-------------------------------------------
-----after push_string(104473 - 104787)---
22906 - 23819
28341 - 28809
30364 - 32426
38435 - 40461
41075 - 43583
48586 - 50255
49658 - 51086
64605 - 66661
67311 - 68335
85128 - 86544
103287 - 103901
104473 - 104786
-------------------------------------------
-----after push_string(63882 - 64841)---
22906 - 23819
28341 - 28809
30364 - 32426
38435 - 40461
41075 - 43583
48586 - 50255
49658 - 51086
63882 - 65076
64605 - 66661
67311 - 68335
85128 - 86544
103287 - 103901
104473 - 104786
-------------------------------------------
-----after push_string(53782 - 55809)---
22906 - 23819
28341 - 28809
30364 - 32426
38435 - 40461
41075 - 43583
48586 - 50255
49658 - 51086
53782 - 55808
63882 - 65076
64605 - 66661
67311 - 68335
85128 - 86544
103287 - 103901
104473 - 104786
-------------------------------------------
-----after push_string(16192 - 16632)---
16192 - 16631
22906 - 23819
28341 - 28809
30364 - 32426
38435 - 40461
41075 - 43583
48586 - 50255
49658 - 51086
53782 - 55808
63882 - 65076
64605 - 66661
67311 - 68335
85128 - 86544
103287 - 103901
104473 - 104786
-------------------------------------------
-----after push_string(48229 - 49064)---
16192 - 16631
22906 - 23819
28341 - 28809
30364 - 32426
38435 - 40461
41075 - 43583
48229 - 49541
48586 - 50255
49658 - 51086
53782 - 55808
63882 - 65076
64605 - 66661
67311 - 68335
85128 - 86544
103287 - 103901
104473 - 104786
-------------------------------------------
-----after push_string(64714 - 64919)---
16192 - 16631
22906 - 23819
28341 - 28809
30364 - 32426
38435 - 40461
41075 - 43583
48229 - 49541
48586 - 50255
49658 - 51086
53782 - 55808
63882 - 65076
64605 - 66661
67311 - 68335
85128 - 86544
103287 - 103901
104473 - 104786
-------------------------------------------
-----after push_string(86447 - 86547)---
16192 - 16631
22906 - 23819
28341 - 28809
30364 - 32426
38435 - 40461
41075 - 43583
48229 - 49541
48586 - 50255
49658 - 51086
53782 - 55808
63882 - 65076
64605 - 66661
67311 - 68335
85128 - 86546
103287 - 103901
104473 - 104786
-------------------------------------------
-----after push_string(47927 - 48546)---
16192 - 16631
22906 - 23819
28341 - 28809
30364 - 32426
38435 - 40461
41075 - 43583
47927 - 48862
48229 - 49541
48586 - 50255
49658 - 51086
53782 - 55808
63882 - 65076
64605 - 66661
67311 - 68335
85128 - 86546
103287 - 103901
104473 - 104786
-------------------------------------------
-----after push_string(17425 - 18832)---
16192 - 16631
17425 - 18831
22906 - 23819
28341 - 28809
30364 - 32426
38435 - 40461
41075 - 43583
47927 - 48862
48229 - 49541
48586 - 50255
49658 - 51086
53782 - 55808
63882 - 65076
64605 - 66661
67311 - 68335
85128 - 86546
103287 - 103901
104473 - 104786
-------------------------------------------
-----after push_string(19682 - 20836)---
16192 - 16631
17425 - 18831
19682 - 20835
22906 - 23819
28341 - 28809
30364 - 32426
38435 - 40461
41075 - 43583
47927 - 48862
48229 - 49541
48586 - 50255
49658 - 51086
53782 - 55808
63882 - 65076
64605 - 66661
67311 - 68335
85128 - 86546
103287 - 103901
104473 - 104786
-------------------------------------------
-----after push_string(49749 - 50426)---
16192 - 16631
17425 - 18831
19682 - 20835
22906 - 23819
28341 - 28809
30364 - 32426
38435 - 40461
41075 - 43583
47927 - 48862
48229 - 49541
48586 - 50425
49749 - 50409
53782 - 55808
63882 - 65076
64605 - 66661
67311 - 68335
85128 - 86546
103287 - 103901
104473 - 104786
-------------------------------------------
-----after push_string(55267 - 56857)---
16192 - 16631
17425 - 18831
19682 - 20835
22906 - 23819
28341 - 28809
30364 - 32426
38435 - 40461
41075 - 43583
47927 - 48862
48229 - 49541
48586 - 50425
49749 - 50409
53782 - 56856
63882 - 65076
64605 - 66661
67311 - 68335
85128 - 86546
103287 - 103901
104473 - 104786
-------------------------------------------
-----after push_string(32140 - 33885)---
16192 - 16631
17425 - 18831
19682 - 20835
22906 - 23819
28341 - 28809
30364 - 33884
38435 - 40461
41075 - 43583
47927 - 48862
48229 - 49541
48586 - 50425
49749 - 50409
53782 - 56856
63882 - 65076
64605 - 66661
67311 - 68335
85128 - 86546
103287 - 103901
104473 - 104786
-------------------------------------------
-----after push_string(34905 - 35121)---
16192 - 16631
17425 - 18831
19682 - 20835
22906 - 23819
28341 - 28809
30364 - 33884
34905 - 35120
38435 - 40461
41075 - 43583
47927 - 48862
48229 - 49541
48586 - 50425
49749 - 50409
53782 - 56856
63882 - 65076
64605 - 66661
67311 - 68335
85128 - 86546
103287 - 103901
104473 - 104786
-------------------------------------------
-----after push_string(74288 - 77244)---
16192 - 16631
17425 - 18831
19682 - 20835
22906 - 23819
28341 - 28809
30364 - 33884
34905 - 35120
38435 - 40461
41075 - 43583
47927 - 48862
48229 - 49541
48586 - 50425
49749 - 50409
53782 - 56856
63882 - 65076
64605 - 66661
67311 - 68335
74288 - 77243
85128 - 86546
103287 - 103901
104473 - 104786
-------------------------------------------
-----after push_string(90478 - 92597)---
16192 - 16631
17425 - 18831
19682 - 20835
22906 - 23819
28341 - 28809
30364 - 33884
34905 - 35120
38435 - 40461
41075 - 43583
47927 - 48862
48229 - 49541
48586 - 50425
49749 - 50409
53782 - 56856
63882 - 65076
64605 - 66661
67311 - 68335
74288 - 77243
85128 - 86546
90478 - 92596
103287 - 103901
104473 - 104786
-------------------------------------------
-----after push_string(108663 - 110284)---
16192 - 16631
17425 - 18831
19682 - 20835
22906 - 23819
28341 - 28809
30364 - 33884
34905 - 35120
38435 - 40461
41075 - 43583
47927 - 48862
48229 - 49541
48586 - 50425
49749 - 50409
53782 - 56856
63882 - 65076
64605 - 66661
67311 - 68335
74288 - 77243
85128 - 86546
90478 - 92596
103287 - 103901
104473 - 104786
108663 - 110283
-------------------------------------------
-----after push_string(104533 - 106923)---
16192 - 16631
17425 - 18831
19682 - 20835
22906 - 23819
28341 - 28809
30364 - 33884
34905 - 35120
38435 - 40461
41075 - 43583
47927 - 48862
48229 - 49541
48586 - 50425
49749 - 50409
53782 - 56856
63882 - 65076
64605 - 66661
67311 - 68335
74288 - 77243
85128 - 86546
90478 - 92596
103287 - 103901
104473 - 106922
108663 - 110283
-------------------------------------------
-----after push_string(109497 - 110442)---
16192 - 16631
17425 - 18831
19682 - 20835
22906 - 23819
28341 - 28809
30364 - 33884
34905 - 35120
38435 - 40461
41075 - 43583
47927 - 48862
48229 - 49541
48586 - 50425
49749 - 50409
53782 - 56856
63882 - 65076
64605 - 66661
67311 - 68335
74288 - 77243
85128 - 86546
90478 - 92596
103287 - 103901
104473 - 106922
108663 - 110441
-------------------------------------------
-----after push_string(70229 - 72442)---
16192 - 16631
17425 - 18831
19682 - 20835
22906 - 23819
28341 - 28809
30364 - 33884
34905 - 35120
38435 - 40461
41075 - 43583
47927 - 48862
48229 - 49541
48586 - 50425
49749 - 50409
53782 - 56856
63882 - 65076
64605 - 66661
67311 - 68335
70229 - 72441
74288 - 77243
85128 - 86546
90478 - 92596
103287 - 103901
104473 - 106922
108663 - 110441
-------------------------------------------
-----after push_string(73666 - 75253)---
16192 - 16631
17425 - 18831
19682 - 20835
22906 - 23819
28341 - 28809
30364 - 33884
34905 - 35120
38435 - 40461
41075 - 43583
47927 - 48862
48229 - 49541
48586 - 50425
49749 - 50409
53782 - 56856
63882 - 65076
64605 - 66661
67311 - 68335
70229 - 72441
73666 - 76217
74288 - 77243
85128 - 86546
90478 - 92596
103287 - 103901
104473 - 106922
108663 - 110441
-------------------------------------------
-----after push_string(11283 - 12537)---
11283 - 12536
16192 - 16631
17425 - 18831
19682 - 20835
22906 - 23819
28341 - 28809
30364 - 33884
34905 - 35120
38435 - 40461
41075 - 43583
47927 - 48862
48229 - 49541
48586 - 50425
49749 - 50409
53782 - 56856
63882 - 65076
64605 - 66661
67311 - 68335
70229 - 72441
73666 - 76217
74288 - 77243
85128 - 86546
90478 - 92596
103287 - 103901
104473 - 106922
108663 - 110441
-------------------------------------------
-----after push_string(58090 - 58944)---
11283 - 12536
16192 - 16631
17425 - 18831
19682 - 20835
22906 - 23819
28341 - 28809
30364 - 33884
34905 - 35120
38435 - 40461
41075 - 43583
47927 - 48862
48229 - 49541
48586 - 50425
49749 - 50409
53782 - 56856
58090 - 58943
63882 - 65076
64605 - 66661
67311 - 68335
70229 - 72441
73666 - 76217
74288 - 77243
85128 - 86546
90478 - 92596
103287 - 103901
104473 - 106922
108663 - 110441
-------------------------------------------
-----after push_string(67140 - 68240)---
11283 - 12536
16192 - 16631
17425 - 18831
19682 - 20835
22906 - 23819
28341 - 28809
30364 - 33884
34905 - 35120
38435 - 40461
41075 - 43583
47927 - 48862
48229 - 49541
48586 - 50425
49749 - 50409
53782 - 56856
58090 - 58943
63882 - 65076
64605 - 66661
67140 - 69168
67311 - 68335
70229 - 72441
73666 - 76217
74288 - 77243
85128 - 86546
90478 - 92596
103287 - 103901
104473 - 106922
108663 - 110441
-------------------------------------------
-----after push_string(107409 - 108800)---
11283 - 12536
16192 - 16631
17425 - 18831
19682 - 20835
22906 - 23819
28341 - 28809
30364 - 33884
34905 - 35120
38435 - 40461
41075 - 43583
47927 - 48862
48229 - 49541
48586 - 50425
49749 - 50409
53782 - 56856
58090 - 58943
63882 - 65076
64605 - 66661
67140 - 69168
67311 - 68335
70229 - 72441
73666 - 76217
74288 - 77243
85128 - 86546
90478 - 92596
103287 - 103901
104473 - 106922
107409 - 108936
108663 - 110441
-------------------------------------------
-----after push_string(42575 - 44316)---
11283 - 12536
16192 - 16631
17425 - 18831
19682 - 20835
22906 - 23819
28341 - 28809
30364 - 33884
34905 - 35120
38435 - 40461
41075 - 44315
47927 - 48862
48229 - 49541
48586 - 50425
49749 - 50409
53782 - 56856
58090 - 58943
63882 - 65076
64605 - 66661
67140 - 69168
67311 - 68335
70229 - 72441
73666 - 76217
74288 - 77243
85128 - 86546
90478 - 92596
103287 - 103901
104473 - 106922
107409 - 108936
108663 - 110441
-------------------------------------------
-----after push_string(95773 - 98161)---
11283 - 12536
16192 - 16631
17425 - 18831
19682 - 20835
22906 - 23819
28341 - 28809
30364 - 33884
34905 - 35120
38435 - 40461
41075 - 44315
47927 - 48862
48229 - 49541
48586 - 50425
49749 - 50409
53782 - 56856
58090 - 58943
63882 - 65076
64605 - 66661
67140 - 69168
67311 - 68335
70229 - 72441
73666 - 76217
74288 - 77243
85128 - 86546
90478 - 92596
95773 - 98160
103287 - 103901
104473 - 106922
107409 - 108936
108663 - 110441
-------------------------------------------
-----after push_string(116283 - 118014)---
11283 - 12536
16192 - 16631
17425 - 18831
19682 - 20835
22906 - 23819
28341 - 28809
30364 - 33884
34905 - 35120
38435 - 40461
41075 - 44315
47927 - 48862
48229 - 49541
48586 - 50425
49749 - 50409
53782 - 56856
58090 - 58943
63882 - 65076
64605 - 66661
67140 - 69168
67311 - 68335
70229 - 72441
73666 - 76217
74288 - 77243
85128 - 86546
90478 - 92596
95773 - 98160
103287 - 103901
104473 - 106922
107409 - 108936
108663 - 110441
116283 - 118013
-------------------------------------------
-----after push_string(36891 - 37964)---
11283 - 12536
16192 - 16631
17425 - 18831
19682 - 20835
22906 - 23819
28341 - 28809
30364 - 33884
34905 - 35120
36891 - 37963
38435 - 40461
41075 - 44315
47927 - 48862
48229 - 49541
48586 - 50425
49749 - 50409
53782 - 56856
58090 - 58943
63882 - 65076
64605 - 66661
67140 - 69168
67311 - 68335
70229 - 72441
73666 - 76217
74288 - 77243
85128 - 86546
90478 - 92596
95773 - 98160
103287 - 103901
104473 - 106922
107409 - 108936
108663 - 110441
116283 - 118013
-------------------------------------------
-----after push_string(56981 - 58716)---
11283 - 12536
16192 - 16631
17425 - 18831
19682 - 20835
22906 - 23819
28341 - 28809
30364 - 33884
34905 - 35120
36891 - 37963
38435 - 40461
41075 - 44315
47927 - 48862
48229 - 49541
48586 - 50425
49749 - 50409
53782 - 56856
56981 - 59341
58090 - 58943
63882 - 65076
64605 - 66661
67140 - 69168
67311 - 68335
70229 - 72441
73666 - 76217
74288 - 77243
85128 - 86546
90478 - 92596
95773 - 98160
103287 - 103901
104473 - 106922
107409 - 108936
108663 - 110441
116283 - 118013
-------------------------------------------
-----after push_string(20108 - 21557)---
11283 - 12536
16192 - 16631
17425 - 18831
19682 - 21556
22906 - 23819
28341 - 28809
30364 - 33884
34905 - 35120
36891 - 37963
38435 - 40461
41075 - 44315
47927 - 48862
48229 - 49541
48586 - 50425
49749 - 50409
53782 - 56856
56981 - 59341
58090 - 58943
63882 - 65076
64605 - 66661
67140 - 69168
67311 - 68335
70229 - 72441
73666 - 76217
74288 - 77243
85128 - 86546
90478 - 92596
95773 - 98160
103287 - 103901
104473 - 106922
107409 - 108936
108663 - 110441
116283 - 118013
-------------------------------------------
-----after push_string(81893 - 83692)---
11283 - 12536
16192 - 16631
17425 - 18831
19682 - 21556
22906 - 23819
28341 - 28809
30364 - 33884
34905 - 35120
36891 - 37963
38435 - 40461
41075 - 44315
47927 - 48862
48229 - 49541
48586 - 50425
49749 - 50409
53782 - 56856
56981 - 59341
58090 - 58943
63882 - 65076
64605 - 66661
67140 - 69168
67311 - 68335
70229 - 72441
73666 - 76217
74288 - 77243
81893 - 83691
85128 - 86546
90478 - 92596
95773 - 98160
103287 - 103901
104473 - 106922
107409 - 108936
108663 - 110441
116283 - 118013
-------------------------------------------
-----after push_string(24692 - 25751)---
11283 - 12536
16192 - 16631
17425 - 18831
19682 - 21556
22906 - 23819
24692 - 25750
28341 - 28809
30364 - 33884
34905 - 35120
36891 - 37963
38435 - 40461
41075 - 44315
47927 - 48862
48229 - 49541
48586 - 50425
49749 - 50409
53782 - 56856
56981 - 59341
58090 - 58943
63882 - 65076
64605 - 66661
67140 - 69168
67311 - 68335
70229 - 72441
73666 - 76217
74288 - 77243
81893 - 83691
85128 - 86546
90478 - 92596
95773 - 98160
103287 - 103901
104473 - 106922
107409 - 108936
108663 - 110441
116283 - 118013
-------------------------------------------
-----after push_string(50681 - 51171)---
11283 - 12536
16192 - 16631
17425 - 18831
19682 - 21556
22906 - 23819
24692 - 25750
28341 - 28809
30364 - 33884
34905 - 35120
36891 - 37963
38435 - 40461
41075 - 44315
47927 - 48862
48229 - 49541
48586 - 50425
49749 - 50409
50681 - 51170
53782 - 56856
56981 - 59341
58090 - 58943
63882 - 65076
64605 - 66661
67140 - 69168
67311 - 68335
70229 - 72441
73666 - 76217
74288 - 77243
81893 - 83691
85128 - 86546
90478 - 92596
95773 - 98160
103287 - 103901
104473 - 106922
107409 - 108936
108663 - 110441
116283 - 118013
-------------------------------------------
-----after push_string(84206 - 86010)---
11283 - 12536
16192 - 16631
17425 - 18831
19682 - 21556
22906 - 23819
24692 - 25750
28341 - 28809
30364 - 33884
34905 - 35120
36891 - 37963
38435 - 40461
41075 - 44315
47927 - 48862
48229 - 49541
48586 - 50425
49749 - 50409
50681 - 51170
53782 - 56856
56981 - 59341
58090 - 58943
63882 - 65076
64605 - 66661
67140 - 69168
67311 - 68335
70229 - 72441
73666 - 76217
74288 - 77243
81893 - 83691
84206 - 86891
85128 - 86546
90478 - 92596
95773 - 98160
103287 - 103901
104473 - 106922
107409 - 108936
108663 - 110441
116283 - 118013
-------------------------------------------
-----after push_string(106377 - 107387)---
11283 - 12536
16192 - 16631
17425 - 18831
19682 - 21556
22906 - 23819
24692 - 25750
28341 - 28809
30364 - 33884
34905 - 35120
36891 - 37963
38435 - 40461
41075 - 44315
47927 - 48862
48229 - 49541
48586 - 50425
49749 - 50409
50681 - 51170
53782 - 56856
56981 - 59341
58090 - 58943
63882 - 65076
64605 - 66661
67140 - 69168
67311 - 68335
70229 - 72441
73666 - 76217
74288 - 77243
81893 - 83691
84206 - 86891
85128 - 86546
90478 - 92596
95773 - 98160
103287 - 103901
104473 - 107386
107409 - 108936
108663 - 110441
116283 - 118013
-------------------------------------------
-----after push_string(114488 - 116283)---
11283 - 12536
16192 - 16631
17425 - 18831
19682 - 21556
22906 - 23819
24692 - 25750
28341 - 28809
30364 - 33884
34905 - 35120
36891 - 37963
38435 - 40461
41075 - 44315
47927 - 48862
48229 - 49541
48586 - 50425
49749 - 50409
50681 - 51170
53782 - 56856
56981 - 59341
58090 - 58943
63882 - 65076
64605 - 66661
67140 - 69168
67311 - 68335
70229 - 72441
73666 - 76217
74288 - 77243
81893 - 83691
84206 - 86891
85128 - 86546
90478 - 92596
95773 - 98160
103287 - 103901
104473 - 107386
107409 - 108936
108663 - 110441
114488 - 116282
116283 - 118013
-------------------------------------------
-----after push_string(2657 - 3607)---
2657 - 3606
11283 - 12536
16192 - 16631
17425 - 18831
19682 - 21556
22906 - 23819
24692 - 25750
28341 - 28809
30364 - 33884
34905 - 35120
36891 - 37963
38435 - 40461
41075 - 44315
47927 - 48862
48229 - 49541
48586 - 50425
49749 - 50409
50681 - 51170
53782 - 56856
56981 - 59341
58090 - 58943
63882 - 65076
64605 - 66661
67140 - 69168
67311 - 68335
70229 - 72441
73666 - 76217
74288 - 77243
81893 - 83691
84206 - 86891
85128 - 86546
90478 - 92596
95773 - 98160
103287 - 103901
104473 - 107386
107409 - 108936
108663 - 110441
114488 - 116282
116283 - 118013
-------------------------------------------
-----after push_string(88596 - 90085)---
2657 - 3606
11283 - 12536
16192 - 16631
17425 - 18831
19682 - 21556
22906 - 23819
24692 - 25750
28341 - 28809
30364 - 33884
34905 - 35120
36891 - 37963
38435 - 40461
41075 - 44315
47927 - 48862
48229 - 49541
48586 - 50425
49749 - 50409
50681 - 51170
53782 - 56856
56981 - 59341
58090 - 58943
63882 - 65076
64605 - 66661
67140 - 69168
67311 - 68335
70229 - 72441
73666 - 76217
74288 - 77243
81893 - 83691
84206 - 86891
85128 - 86546
88596 - 90084
90478 - 92596
95773 - 98160
103287 - 103901
104473 - 107386
107409 - 108936
108663 - 110441
114488 - 116282
116283 - 118013
-------------------------------------------
-----after push_string(27090 - 28431)---
2657 - 3606
11283 - 12536
16192 - 16631
17425 - 18831
19682 - 21556
22906 - 23819
24692 - 25750
27090 - 28520
28341 - 28809
30364 - 33884
34905 - 35120
36891 - 37963
38435 - 40461
41075 - 44315
47927 - 48862
48229 - 49541
48586 - 50425
49749 - 50409
50681 - 51170
53782 - 56856
56981 - 59341
58090 - 58943
63882 - 65076
64605 - 66661
67140 - 69168
67311 - 68335
70229 - 72441
73666 - 76217
74288 - 77243
81893 - 83691
84206 - 86891
85128 - 86546
88596 - 90084
90478 - 92596
95773 - 98160
103287 - 103901
104473 - 107386
107409 - 108936
108663 - 110441
114488 - 116282
116283 - 118013
-------------------------------------------
-----after push_string(83061 - 84963)---
2657 - 3606
11283 - 12536
16192 - 16631
17425 - 18831
19682 - 21556
22906 - 23819
24692 - 25750
27090 - 28520
28341 - 28809
30364 - 33884
34905 - 35120
36891 - 37963
38435 - 40461
41075 - 44315
47927 - 48862
48229 - 49541
48586 - 50425
49749 - 50409
50681 - 51170
53782 - 56856
56981 - 59341
58090 - 58943
63882 - 65076
64605 - 66661
67140 - 69168
67311 - 68335
70229 - 72441
73666 - 76217
74288 - 77243
81893 - 84962
83061 - 84989
85128 - 86546
88596 - 90084
90478 - 92596
95773 - 98160
103287 - 103901
104473 - 107386
107409 - 108936
108663 - 110441
114488 - 116282
116283 - 118013
-------------------------------------------
-----after push_string(93747 - 95370)---
2657 - 3606
11283 - 12536
16192 - 16631
17425 - 18831
19682 - 21556
22906 - 23819
24692 - 25750
27090 - 28520
28341 - 28809
30364 - 33884
34905 - 35120
36891 - 37963
38435 - 40461
41075 - 44315
47927 - 48862
48229 - 49541
48586 - 50425
49749 - 50409
50681 - 51170
53782 - 56856
56981 - 59341
58090 - 58943
63882 - 65076
64605 - 66661
67140 - 69168
67311 - 68335
70229 - 72441
73666 - 76217
74288 - 77243
81893 - 84962
83061 - 84989
85128 - 86546
88596 - 90084
90478 - 92596
93747 - 95369
95773 - 98160
103287 - 103901
104473 - 107386
107409 - 108936
108663 - 110441
114488 - 116282
116283 - 118013
-------------------------------------------
-----after push_string(101707 - 103484)---
2657 - 3606
11283 - 12536
16192 - 16631
17425 - 18831
19682 - 21556
22906 - 23819
24692 - 25750
27090 - 28520
28341 - 28809
30364 - 33884
34905 - 35120
36891 - 37963
38435 - 40461
41075 - 44315
47927 - 48862
48229 - 49541
48586 - 50425
49749 - 50409
50681 - 51170
53782 - 56856
56981 - 59341
58090 - 58943
63882 - 65076
64605 - 66661
67140 - 69168
67311 - 68335
70229 - 72441
73666 - 76217
74288 - 77243
81893 - 84962
83061 - 84989
85128 - 86546
88596 - 90084
90478 - 92596
93747 - 95369
95773 - 98160
101707 - 103680
103287 - 103901
104473 - 107386
107409 - 108936
108663 - 110441
114488 - 116282
116283 - 118013
-------------------------------------------
-----after push_string(15514 - 16272)---
2657 - 3606
11283 - 12536
15514 - 16351
16192 - 16631
17425 - 18831
19682 - 21556
22906 - 23819
24692 - 25750
27090 - 28520
28341 - 28809
30364 - 33884
34905 - 35120
36891 - 37963
38435 - 40461
41075 - 44315
47927 - 48862
48229 - 49541
48586 - 50425
49749 - 50409
50681 - 51170
53782 - 56856
56981 - 59341
58090 - 58943
63882 - 65076
64605 - 66661
67140 - 69168
67311 - 68335
70229 - 72441
73666 - 76217
74288 - 77243
81893 - 84962
83061 - 84989
85128 - 86546
88596 - 90084
90478 - 92596
93747 - 95369
95773 - 98160
101707 - 103680
103287 - 103901
104473 - 107386
107409 - 108936
108663 - 110441
114488 - 116282
116283 - 118013
-------------------------------------------
-----after push_string(0 - 396)---
2657 - 3606
11283 - 12536
15514 - 16351
16192 - 16631
17425 - 18831
19682 - 21556
22906 - 23819
24692 - 25750
27090 - 28520
28341 - 28809
30364 - 33884
34905 - 35120
36891 - 37963
38435 - 40461
41075 - 44315
47927 - 48862
48229 - 49541
48586 - 50425
49749 - 50409
50681 - 51170
53782 - 56856
56981 - 59341
58090 - 58943
63882 - 65076
64605 - 66661
67140 - 69168
67311 - 68335
70229 - 72441
73666 - 76217
74288 - 77243
81893 - 84962
83061 - 84989
85128 - 86546
88596 - 90084
90478 - 92596
93747 - 95369
95773 - 98160
101707 - 103680
103287 - 103901
104473 - 107386
107409 - 108936
108663 - 110441
114488 - 116282
116283 - 118013
-------------------------------------------
-----after push_string(33812 - 35088)---
2657 - 3606
11283 - 12536
15514 - 16351
16192 - 16631
17425 - 18831
19682 - 21556
22906 - 23819
24692 - 25750
27090 - 28520
28341 - 28809
30364 - 35087
33812 - 33844
36891 - 37963
38435 - 40461
41075 - 44315
47927 - 48862
48229 - 49541
48586 - 50425
49749 - 50409
50681 - 51170
53782 - 56856
56981 - 59341
58090 - 58943
63882 - 65076
64605 - 66661
67140 - 69168
67311 - 68335
70229 - 72441
73666 - 76217
74288 - 77243
81893 - 84962
83061 - 84989
85128 - 86546
88596 - 90084
90478 - 92596
93747 - 95369
95773 - 98160
101707 - 103680
103287 - 103901
104473 - 107386
107409 - 108936
108663 - 110441
114488 - 116282
116283 - 118013
-------------------------------------------
-----after push_string(66649 - 67468)---
2657 - 3606
11283 - 12536
15514 - 16351
16192 - 16631
17425 - 18831
19682 - 21556
22906 - 23819
24692 - 25750
27090 - 28520
28341 - 28809
30364 - 35087
33812 - 33844
36891 - 37963
38435 - 40461
41075 - 44315
47927 - 48862
48229 - 49541
48586 - 50425
49749 - 50409
50681 - 51170
53782 - 56856
56981 - 59341
58090 - 58943
63882 - 65076
64605 - 67467
66649 - 68349
70229 - 72441
73666 - 76217
74288 - 77243
81893 - 84962
83061 - 84989
85128 - 86546
88596 - 90084
90478 - 92596
93747 - 95369
95773 - 98160
101707 - 103680
103287 - 103901
104473 - 107386
107409 - 108936
108663 - 110441
114488 - 116282
116283 - 118013
-------------------------------------------
-----after push_string(21380 - 21667)---
2657 - 3606
11283 - 12536
15514 - 16351
16192 - 16631
17425 - 18831
19682 - 21666
22906 - 23819
24692 - 25750
27090 - 28520
28341 - 28809
30364 - 35087
33812 - 33844
36891 - 37963
38435 - 40461
41075 - 44315
47927 - 48862
48229 - 49541
48586 - 50425
49749 - 50409
50681 - 51170
53782 - 56856
56981 - 59341
58090 - 58943
63882 - 65076
64605 - 67467
66649 - 68349
70229 - 72441
73666 - 76217
74288 - 77243
81893 - 84962
83061 - 84989
85128 - 86546
88596 - 90084
90478 - 92596
93747 - 95369
95773 - 98160
101707 - 103680
103287 - 103901
104473 - 107386
107409 - 108936
108663 - 110441
114488 - 116282
116283 - 118013
-------------------------------------------
-----after push_string(99503 - 100352)---
2657 - 3606
11283 - 12536
15514 - 16351
16192 - 16631
17425 - 18831
19682 - 21666
22906 - 23819
24692 - 25750
27090 - 28520
28341 - 28809
30364 - 35087
33812 - 33844
36891 - 37963
38435 - 40461
41075 - 44315
47927 - 48862
48229 - 49541
48586 - 50425
49749 - 50409
50681 - 51170
53782 - 56856
56981 - 59341
58090 - 58943
63882 - 65076
64605 - 67467
66649 - 68349
70229 - 72441
73666 - 76217
74288 - 77243
81893 - 84962
83061 - 84989
85128 - 86546
88596 - 90084
90478 - 92596
93747 - 95369
95773 - 98160
99503 - 100351
101707 - 103680
103287 - 103901
104473 - 107386
107409 - 108936
108663 - 110441
114488 - 116282
116283 - 118013
-------------------------------------------
-----after push_string(62542 - 63403)---
2657 - 3606
11283 - 12536
15514 - 16351
16192 - 16631
17425 - 18831
19682 - 21666
22906 - 23819
24692 - 25750
27090 - 28520
28341 - 28809
30364 - 35087
33812 - 33844
36891 - 37963
38435 - 40461
41075 - 44315
47927 - 48862
48229 - 49541
48586 - 50425
49749 - 50409
50681 - 51170
53782 - 56856
56981 - 59341
58090 - 58943
62542 - 63402
63882 - 65076
64605 - 67467
66649 - 68349
70229 - 72441
73666 - 76217
74288 - 77243
81893 - 84962
83061 - 84989
85128 - 86546
88596 - 90084
90478 - 92596
93747 - 95369
95773 - 98160
99503 - 100351
101707 - 103680
103287 - 103901
104473 - 107386
107409 - 108936
108663 - 110441
114488 - 116282
116283 - 118013
-------------------------------------------
-----after push_string(7303 - 9912)---
2657 - 3606
7303 - 9911
11283 - 12536
15514 - 16351
16192 - 16631
17425 - 18831
19682 - 21666
22906 - 23819
24692 - 25750
27090 - 28520
28341 - 28809
30364 - 35087
33812 - 33844
36891 - 37963
38435 - 40461
41075 - 44315
47927 - 48862
48229 - 49541
48586 - 50425
49749 - 50409
50681 - 51170
53782 - 56856
56981 - 59341
58090 - 58943
62542 - 63402
63882 - 65076
64605 - 67467
66649 - 68349
70229 - 72441
73666 - 76217
74288 - 77243
81893 - 84962
83061 - 84989
85128 - 86546
88596 - 90084
90478 - 92596
93747 - 95369
95773 - 98160
99503 - 100351
101707 - 103680
103287 - 103901
104473 - 107386
107409 - 108936
108663 - 110441
114488 - 116282
116283 - 118013
-------------------------------------------
-----after push_string(16414 - 18382)---
2657 - 3606
7303 - 9911
11283 - 12536
15514 - 16351
16192 - 18381
16414 - 16863
19682 - 21666
22906 - 23819
24692 - 25750
27090 - 28520
28341 - 28809
30364 - 35087
33812 - 33844
36891 - 37963
38435 - 40461
41075 - 44315
47927 - 48862
48229 - 49541
48586 - 50425
49749 - 50409
50681 - 51170
53782 - 56856
56981 - 59341
58090 - 58943
62542 - 63402
63882 - 65076
64605 - 67467
66649 - 68349
70229 - 72441
73666 - 76217
74288 - 77243
81893 - 84962
83061 - 84989
85128 - 86546
88596 - 90084
90478 - 92596
93747 - 95369
95773 - 98160
99503 - 100351
101707 - 103680
103287 - 103901
104473 - 107386
107409 - 108936
108663 - 110441
114488 - 116282
116283 - 118013
-------------------------------------------
-----after push_string(37610 - 39390)---
2657 - 3606
7303 - 9911
11283 - 12536
15514 - 16351
16192 - 18381
16414 - 16863
19682 - 21666
22906 - 23819
24692 - 25750
27090 - 28520
28341 - 28809
30364 - 35087
33812 - 33844
36891 - 39389
37610 - 38681
41075 - 44315
47927 - 48862
48229 - 49541
48586 - 50425
49749 - 50409
50681 - 51170
53782 - 56856
56981 - 59341
58090 - 58943
62542 - 63402
63882 - 65076
64605 - 67467
66649 - 68349
70229 - 72441
73666 - 76217
74288 - 77243
81893 - 84962
83061 - 84989
85128 - 86546
88596 - 90084
90478 - 92596
93747 - 95369
95773 - 98160
99503 - 100351
101707 - 103680
103287 - 103901
104473 - 107386
107409 - 108936
108663 - 110441
114488 - 116282
116283 - 118013
-------------------------------------------
Exception: basic_string::substr: __pos (which is 2571) > this->size() (which is 33)

      Start 22: t_strm_reassem_cap
 8/16 Test #22: t_strm_reassem_cap ...............   Passed    2.26 sec
      Start 23: t_byte_stream_construction
 9/16 Test #23: t_byte_stream_construction .......   Passed    0.19 sec
      Start 24: t_byte_stream_one_write
10/16 Test #24: t_byte_stream_one_write ..........   Passed    0.20 sec
      Start 25: t_byte_stream_two_writes
11/16 Test #25: t_byte_stream_two_writes .........   Passed    0.14 sec
      Start 26: t_byte_stream_capacity
12/16 Test #26: t_byte_stream_capacity ...........   Passed    5.80 sec
      Start 27: t_byte_stream_many_writes
13/16 Test #27: t_byte_stream_many_writes ........   Passed    0.20 sec
      Start 50: t_address_dt
14/16 Test #50: t_address_dt .....................   Passed    0.05 sec
      Start 51: t_parser_dt
15/16 Test #51: t_parser_dt ......................   Passed    0.10 sec
      Start 52: t_socket_dt
16/16 Test #52: t_socket_dt ......................   Passed    0.13 sec

94% tests passed, 1 tests failed out of 16

Total Test time (real) =  12.70 sec

The following tests FAILED:
	 21 - t_strm_reassem_win (Failed)
Errors while running CTest
CMakeFiles/check_lab1.dir/build.make:57: recipe for target 'CMakeFiles/check_lab1' failed
make[3]: *** [CMakeFiles/check_lab1] Error 8
CMakeFiles/Makefile2:2759: recipe for target 'CMakeFiles/check_lab1.dir/all' failed
make[2]: *** [CMakeFiles/check_lab1.dir/all] Error 2
CMakeFiles/Makefile2:2766: recipe for target 'CMakeFiles/check_lab1.dir/rule' failed
make[1]: *** [CMakeFiles/check_lab1.dir/rule] Error 2
Makefile:1195: recipe for target 'check_lab1' failed
make: *** [check_lab1] Error 2
