[100%] Testing the stream reassembler...
Test project /root/cs144/sponge/build
      Start 18: t_strm_reassem_single
 1/16 Test #18: t_strm_reassem_single ............***Failed    0.00 sec
Test Failure on expectation:
	Expectation: net bytes assembled = 5

Failure message:
	The reassembler was expected to have `5` total bytes assembled, but there were `4`

List of steps that executed successfully:
	Initialized (capacity = 8)
	Action:      substring submitted with data "abc", index `0`, eof `0`
	Expectation: net bytes assembled = 3
	Expectation: not at EOF
	Action:      substring submitted with data "", index `6`, eof `0`
	Expectation: net bytes assembled = 3
	Expectation: not at EOF
	Action:      substring submitted with data "de", index `3`, eof `1`

Exception: The reassembler was expected to have `5` total bytes assembled, but there were `4`

      Start 19: t_strm_reassem_seq
 2/16 Test #19: t_strm_reassem_seq ...............   Passed    0.00 sec
      Start 20: t_strm_reassem_dup
 3/16 Test #20: t_strm_reassem_dup ...............   Passed    0.01 sec
      Start 21: t_strm_reassem_holes
 4/16 Test #21: t_strm_reassem_holes .............   Passed    0.00 sec
      Start 22: t_strm_reassem_many
 5/16 Test #22: t_strm_reassem_many ..............   Passed    0.64 sec
      Start 23: t_strm_reassem_overlapping
 6/16 Test #23: t_strm_reassem_overlapping .......   Passed    0.00 sec
      Start 24: t_strm_reassem_win
 7/16 Test #24: t_strm_reassem_win ...............   Passed    0.69 sec
      Start 25: t_strm_reassem_cap
 8/16 Test #25: t_strm_reassem_cap ...............   Passed    0.23 sec
      Start 26: t_byte_stream_construction
 9/16 Test #26: t_byte_stream_construction .......   Passed    0.00 sec
      Start 27: t_byte_stream_one_write
10/16 Test #27: t_byte_stream_one_write ..........   Passed    0.00 sec
      Start 28: t_byte_stream_two_writes
11/16 Test #28: t_byte_stream_two_writes .........   Passed    0.00 sec
      Start 29: t_byte_stream_capacity
12/16 Test #29: t_byte_stream_capacity ...........   Passed    1.50 sec
      Start 30: t_byte_stream_many_writes
13/16 Test #30: t_byte_stream_many_writes ........   Passed    0.02 sec
      Start 48: t_address_dt
14/16 Test #48: t_address_dt .....................   Passed    0.01 sec
      Start 49: t_parser_dt
15/16 Test #49: t_parser_dt ......................   Passed    0.00 sec
      Start 50: t_socket_dt
16/16 Test #50: t_socket_dt ......................   Passed    0.01 sec

94% tests passed, 1 tests failed out of 16

Total Test time (real) =   3.15 sec

The following tests FAILED:
	 18 - t_strm_reassem_single (Failed)
Errors while running CTest
CMakeFiles/check_lab1.dir/build.make:57: recipe for target 'CMakeFiles/check_lab1' failed
make[3]: *** [CMakeFiles/check_lab1] Error 8
CMakeFiles/Makefile2:259: recipe for target 'CMakeFiles/check_lab1.dir/all' failed
make[2]: *** [CMakeFiles/check_lab1.dir/all] Error 2
CMakeFiles/Makefile2:266: recipe for target 'CMakeFiles/check_lab1.dir/rule' failed
make[1]: *** [CMakeFiles/check_lab1.dir/rule] Error 2
Makefile:207: recipe for target 'check_lab1' failed
make: *** [check_lab1] Error 2
