[100%] Testing the stream reassembler...
Test project /root/cs144/sponge/build
      Start 15: t_strm_reassem_single
 1/16 Test #15: t_strm_reassem_single ............***Failed    0.00 sec
Test Failure on expectation:
	Expectation: not at EOF

Failure message:
	The reassembler was expected to **not** be at EOF, but was

List of steps that executed successfully:
	Initialized (capacity = 8)
	Action:      substring submitted with data "abc", index `0`, eof `0`
	Expectation: net bytes assembled = 3
	Expectation: not at EOF
	Action:      substring submitted with data "ghX", index `6`, eof `1`
	Expectation: net bytes assembled = 3
	Expectation: not at EOF
	Action:      substring submitted with data "cdefg", index `2`, eof `0`
	Expectation: net bytes assembled = 8
	Expectation: stream_out().buffer_size() returned 8, and stream_out().read(8) returned the string "abcdefgh"

Exception: The reassembler was expected to **not** be at EOF, but was

      Start 16: t_strm_reassem_seq
 2/16 Test #16: t_strm_reassem_seq ...............   Passed    0.01 sec
      Start 17: t_strm_reassem_dup
 3/16 Test #17: t_strm_reassem_dup ...............***Failed    0.01 sec
Test Failure on expectation:
	Action:      substring submitted with data "", index `0`, eof `0`

Failure message:
	basic_string::substr: __pos (which is 8) > this->size() (which is 0)

List of steps that executed successfully:
	Initialized (capacity = 65000)
	Action:      substring submitted with data "abcdefgh", index `0`, eof `0`
	Expectation: net bytes assembled = 8
	Expectation: stream_out().buffer_size() returned 8, and stream_out().read(8) returned the string "abcdefgh"
	Expectation: not at EOF
	Action:      substring submitted with data "h", index `7`, eof `0`
	Expectation: net bytes assembled = 8
	Expectation: stream_out().buffer_size() returned 0, and stream_out().read(0) returned the string ""
	Expectation: not at EOF
	Action:      substring submitted with data "h", index `7`, eof `0`
	Expectation: net bytes assembled = 8
	Expectation: stream_out().buffer_size() returned 0, and stream_out().read(0) returned the string ""
	Expectation: not at EOF
	Action:      substring submitted with data "cdefg", index `2`, eof `0`
	Expectation: net bytes assembled = 8
	Expectation: stream_out().buffer_size() returned 0, and stream_out().read(0) returned the string ""
	Expectation: not at EOF
	Action:      substring submitted with data "abcd", index `0`, eof `0`
	Expectation: net bytes assembled = 8
	Expectation: stream_out().buffer_size() returned 0, and stream_out().read(0) returned the string ""
	Expectation: not at EOF
	Action:      substring submitted with data "g", index `6`, eof `0`
	Expectation: net bytes assembled = 8
	Expectation: stream_out().buffer_size() returned 0, and stream_out().read(0) returned the string ""
	Expectation: not at EOF
	Action:      substring submitted with data "a", index `0`, eof `0`
	Expectation: net bytes assembled = 8
	Expectation: stream_out().buffer_size() returned 0, and stream_out().read(0) returned the string ""
	Expectation: not at EOF
	Action:      substring submitted with data "h", index `7`, eof `0`
	Expectation: net bytes assembled = 8
	Expectation: stream_out().buffer_size() returned 0, and stream_out().read(0) returned the string ""
	Expectation: not at EOF
	Action:      substring submitted with data "f", index `5`, eof `0`
	Expectation: net bytes assembled = 8
	Expectation: stream_out().buffer_size() returned 0, and stream_out().read(0) returned the string ""
	Expectation: not at EOF
	Action:      substring submitted with data "", index `4`, eof `0`
	Expectation: net bytes assembled = 8
	Expectation: stream_out().buffer_size() returned 0, and stream_out().read(0) returned the string ""
	Expectation: not at EOF
	Action:      substring submitted with data "d", index `3`, eof `0`
	Expectation: net bytes assembled = 8
	Expectation: stream_out().buffer_size() returned 0, and stream_out().read(0) returned the string ""
	Expectation: not at EOF
	Action:      substring submitted with data "efgh", index `4`, eof `0`
	Expectation: net bytes assembled = 8
	Expectation: stream_out().buffer_size() returned 0, and stream_out().read(0) returned the string ""
	Expectation: not at EOF
	Action:      substring submitted with data "bcde", index `1`, eof `0`
	Expectation: net bytes assembled = 8
	Expectation: stream_out().buffer_size() returned 0, and stream_out().read(0) returned the string ""
	Expectation: not at EOF
	Action:      substring submitted with data "h", index `7`, eof `0`
	Expectation: net bytes assembled = 8
	Expectation: stream_out().buffer_size() returned 0, and stream_out().read(0) returned the string ""
	Expectation: not at EOF
	Action:      substring submitted with data "h", index `7`, eof `0`
	Expectation: net bytes assembled = 8
	Expectation: stream_out().buffer_size() returned 0, and stream_out().read(0) returned the string ""
	Expectation: not at EOF
	Action:      substring submitted with data "efgh", index `4`, eof `0`
	Expectation: net bytes assembled = 8
	Expectation: stream_out().buffer_size() returned 0, and stream_out().read(0) returned the string ""
	Expectation: not at EOF
	Action:      substring submitted with data "", index `8`, eof `0`
	Expectation: net bytes assembled = 8
	Expectation: stream_out().buffer_size() returned 0, and stream_out().read(0) returned the string ""
	Expectation: not at EOF
	Action:      substring submitted with data "fgh", index `5`, eof `0`
	Expectation: net bytes assembled = 8
	Expectation: stream_out().buffer_size() returned 0, and stream_out().read(0) returned the string ""
	Expectation: not at EOF
	Action:      substring submitted with data "", index `8`, eof `0`
	Expectation: net bytes assembled = 8
	Expectation: stream_out().buffer_size() returned 0, and stream_out().read(0) returned the string ""
	Expectation: not at EOF
	Action:      substring submitted with data "efgh", index `4`, eof `0`
	Expectation: net bytes assembled = 8
	Expectation: stream_out().buffer_size() returned 0, and stream_out().read(0) returned the string ""
	Expectation: not at EOF
	Action:      substring submitted with data "", index `8`, eof `0`
	Expectation: net bytes assembled = 8
	Expectation: stream_out().buffer_size() returned 0, and stream_out().read(0) returned the string ""
	Expectation: not at EOF
	Action:      substring submitted with data "", index `6`, eof `0`
	Expectation: net bytes assembled = 8
	Expectation: stream_out().buffer_size() returned 0, and stream_out().read(0) returned the string ""
	Expectation: not at EOF
	Action:      substring submitted with data "e", index `4`, eof `0`
	Expectation: net bytes assembled = 8
	Expectation: stream_out().buffer_size() returned 0, and stream_out().read(0) returned the string ""
	Expectation: not at EOF
	Action:      substring submitted with data "efg", index `4`, eof `0`
	Expectation: net bytes assembled = 8
	Expectation: stream_out().buffer_size() returned 0, and stream_out().read(0) returned the string ""
	Expectation: not at EOF
	Action:      substring submitted with data "", index `6`, eof `0`
	Expectation: net bytes assembled = 8
	Expectation: stream_out().buffer_size() returned 0, and stream_out().read(0) returned the string ""
	Expectation: not at EOF
	Action:      substring submitted with data "h", index `7`, eof `0`
	Expectation: net bytes assembled = 8
	Expectation: stream_out().buffer_size() returned 0, and stream_out().read(0) returned the string ""
	Expectation: not at EOF
	Action:      substring submitted with data "abc", index `0`, eof `0`
	Expectation: net bytes assembled = 8
	Expectation: stream_out().buffer_size() returned 0, and stream_out().read(0) returned the string ""
	Expectation: not at EOF
	Action:      substring submitted with data "g", index `6`, eof `0`
	Expectation: net bytes assembled = 8
	Expectation: stream_out().buffer_size() returned 0, and stream_out().read(0) returned the string ""
	Expectation: not at EOF
	Action:      substring submitted with data "h", index `7`, eof `0`
	Expectation: net bytes assembled = 8
	Expectation: stream_out().buffer_size() returned 0, and stream_out().read(0) returned the string ""
	Expectation: not at EOF
	Action:      substring submitted with data "cdef", index `2`, eof `0`
	Expectation: net bytes assembled = 8
	Expectation: stream_out().buffer_size() returned 0, and stream_out().read(0) returned the string ""
	Expectation: not at EOF
	Action:      substring submitted with data "b", index `1`, eof `0`
	Expectation: net bytes assembled = 8
	Expectation: stream_out().buffer_size() returned 0, and stream_out().read(0) returned the string ""
	Expectation: not at EOF
	Action:      substring submitted with data "", index `8`, eof `0`
	Expectation: net bytes assembled = 8
	Expectation: stream_out().buffer_size() returned 0, and stream_out().read(0) returned the string ""
	Expectation: not at EOF
	Action:      substring submitted with data "", index `5`, eof `0`
	Expectation: net bytes assembled = 8
	Expectation: stream_out().buffer_size() returned 0, and stream_out().read(0) returned the string ""
	Expectation: not at EOF
	Action:      substring submitted with data "de", index `3`, eof `0`
	Expectation: net bytes assembled = 8
	Expectation: stream_out().buffer_size() returned 0, and stream_out().read(0) returned the string ""
	Expectation: not at EOF
	Action:      substring submitted with data "e", index `4`, eof `0`
	Expectation: net bytes assembled = 8
	Expectation: stream_out().buffer_size() returned 0, and stream_out().read(0) returned the string ""
	Expectation: not at EOF
	Action:      substring submitted with data "a", index `0`, eof `0`
	Expectation: net bytes assembled = 8
	Expectation: stream_out().buffer_size() returned 0, and stream_out().read(0) returned the string ""
	Expectation: not at EOF
	Action:      substring submitted with data "a", index `0`, eof `0`
	Expectation: net bytes assembled = 8
	Expectation: stream_out().buffer_size() returned 0, and stream_out().read(0) returned the string ""
	Expectation: not at EOF
	Action:      substring submitted with data "g", index `6`, eof `0`
	Expectation: net bytes assembled = 8
	Expectation: stream_out().buffer_size() returned 0, and stream_out().read(0) returned the string ""
	Expectation: not at EOF
	Action:      substring submitted with data "", index `7`, eof `0`
	Expectation: net bytes assembled = 8
	Expectation: stream_out().buffer_size() returned 0, and stream_out().read(0) returned the string ""
	Expectation: not at EOF
	Action:      substring submitted with data "", index `5`, eof `0`
	Expectation: net bytes assembled = 8
	Expectation: stream_out().buffer_size() returned 0, and stream_out().read(0) returned the string ""
	Expectation: not at EOF
	Action:      substring submitted with data "", index `7`, eof `0`
	Expectation: net bytes assembled = 8
	Expectation: stream_out().buffer_size() returned 0, and stream_out().read(0) returned the string ""
	Expectation: not at EOF
	Action:      substring submitted with data "", index `4`, eof `0`
	Expectation: net bytes assembled = 8
	Expectation: stream_out().buffer_size() returned 0, and stream_out().read(0) returned the string ""
	Expectation: not at EOF
	Action:      substring submitted with data "gh", index `6`, eof `0`
	Expectation: net bytes assembled = 8
	Expectation: stream_out().buffer_size() returned 0, and stream_out().read(0) returned the string ""
	Expectation: not at EOF
	Action:      substring submitted with data "bcd", index `1`, eof `0`
	Expectation: net bytes assembled = 8
	Expectation: stream_out().buffer_size() returned 0, and stream_out().read(0) returned the string ""
	Expectation: not at EOF
	Action:      substring submitted with data "b", index `1`, eof `0`
	Expectation: net bytes assembled = 8
	Expectation: stream_out().buffer_size() returned 0, and stream_out().read(0) returned the string ""
	Expectation: not at EOF
	Action:      substring submitted with data "h", index `7`, eof `0`
	Expectation: net bytes assembled = 8
	Expectation: stream_out().buffer_size() returned 0, and stream_out().read(0) returned the string ""
	Expectation: not at EOF
	Action:      substring submitted with data "cdefg", index `2`, eof `0`
	Expectation: net bytes assembled = 8
	Expectation: stream_out().buffer_size() returned 0, and stream_out().read(0) returned the string ""
	Expectation: not at EOF
	Action:      substring submitted with data "abcde", index `0`, eof `0`
	Expectation: net bytes assembled = 8
	Expectation: stream_out().buffer_size() returned 0, and stream_out().read(0) returned the string ""
	Expectation: not at EOF
	Action:      substring submitted with data "h", index `7`, eof `0`
	Expectation: net bytes assembled = 8
	Expectation: stream_out().buffer_size() returned 0, and stream_out().read(0) returned the string ""
	Expectation: not at EOF
	Action:      substring submitted with data "gh", index `6`, eof `0`
	Expectation: net bytes assembled = 8
	Expectation: stream_out().buffer_size() returned 0, and stream_out().read(0) returned the string ""
	Expectation: not at EOF
	Action:      substring submitted with data "ef", index `4`, eof `0`
	Expectation: net bytes assembled = 8
	Expectation: stream_out().buffer_size() returned 0, and stream_out().read(0) returned the string ""
	Expectation: not at EOF
	Action:      substring submitted with data "", index `3`, eof `0`
	Expectation: net bytes assembled = 8
	Expectation: stream_out().buffer_size() returned 0, and stream_out().read(0) returned the string ""
	Expectation: not at EOF
	Action:      substring submitted with data "h", index `7`, eof `0`
	Expectation: net bytes assembled = 8
	Expectation: stream_out().buffer_size() returned 0, and stream_out().read(0) returned the string ""
	Expectation: not at EOF
	Action:      substring submitted with data "fgh", index `5`, eof `0`
	Expectation: net bytes assembled = 8
	Expectation: stream_out().buffer_size() returned 0, and stream_out().read(0) returned the string ""
	Expectation: not at EOF
	Action:      substring submitted with data "", index `8`, eof `0`
	Expectation: net bytes assembled = 8
	Expectation: stream_out().buffer_size() returned 0, and stream_out().read(0) returned the string ""
	Expectation: not at EOF
	Action:      substring submitted with data "efgh", index `4`, eof `0`
	Expectation: net bytes assembled = 8
	Expectation: stream_out().buffer_size() returned 0, and stream_out().read(0) returned the string ""
	Expectation: not at EOF
	Action:      substring submitted with data "b", index `1`, eof `0`
	Expectation: net bytes assembled = 8
	Expectation: stream_out().buffer_size() returned 0, and stream_out().read(0) returned the string ""
	Expectation: not at EOF
	Action:      substring submitted with data "cdefgh", index `2`, eof `0`
	Expectation: net bytes assembled = 8
	Expectation: stream_out().buffer_size() returned 0, and stream_out().read(0) returned the string ""
	Expectation: not at EOF
	Action:      substring submitted with data "ef", index `4`, eof `0`
	Expectation: net bytes assembled = 8
	Expectation: stream_out().buffer_size() returned 0, and stream_out().read(0) returned the string ""
	Expectation: not at EOF
	Action:      substring submitted with data "", index `2`, eof `0`
	Expectation: net bytes assembled = 8
	Expectation: stream_out().buffer_size() returned 0, and stream_out().read(0) returned the string ""
	Expectation: not at EOF
	Action:      substring submitted with data "efg", index `4`, eof `0`
	Expectation: net bytes assembled = 8
	Expectation: stream_out().buffer_size() returned 0, and stream_out().read(0) returned the string ""
	Expectation: not at EOF
	Action:      substring submitted with data "", index `7`, eof `0`
	Expectation: net bytes assembled = 8
	Expectation: stream_out().buffer_size() returned 0, and stream_out().read(0) returned the string ""
	Expectation: not at EOF
	Action:      substring submitted with data "cdef", index `2`, eof `0`
	Expectation: net bytes assembled = 8
	Expectation: stream_out().buffer_size() returned 0, and stream_out().read(0) returned the string ""
	Expectation: not at EOF
	Action:      substring submitted with data "d", index `3`, eof `0`
	Expectation: net bytes assembled = 8
	Expectation: stream_out().buffer_size() returned 0, and stream_out().read(0) returned the string ""
	Expectation: not at EOF
	Action:      substring submitted with data "abcdefgh", index `0`, eof `0`
	Expectation: net bytes assembled = 8
	Expectation: stream_out().buffer_size() returned 0, and stream_out().read(0) returned the string ""
	Expectation: not at EOF
	Action:      substring submitted with data "", index `6`, eof `0`
	Expectation: net bytes assembled = 8
	Expectation: stream_out().buffer_size() returned 0, and stream_out().read(0) returned the string ""
	Expectation: not at EOF
	Action:      substring submitted with data "", index `3`, eof `0`
	Expectation: net bytes assembled = 8
	Expectation: stream_out().buffer_size() returned 0, and stream_out().read(0) returned the string ""
	Expectation: not at EOF
	Action:      substring submitted with data "", index `7`, eof `0`
	Expectation: net bytes assembled = 8
	Expectation: stream_out().buffer_size() returned 0, and stream_out().read(0) returned the string ""
	Expectation: not at EOF
	Action:      substring submitted with data "", index `8`, eof `0`
	Expectation: net bytes assembled = 8
	Expectation: stream_out().buffer_size() returned 0, and stream_out().read(0) returned the string ""
	Expectation: not at EOF
	Action:      substring submitted with data "", index `5`, eof `0`
	Expectation: net bytes assembled = 8
	Expectation: stream_out().buffer_size() returned 0, and stream_out().read(0) returned the string ""
	Expectation: not at EOF
	Action:      substring submitted with data "def", index `3`, eof `0`
	Expectation: net bytes assembled = 8
	Expectation: stream_out().buffer_size() returned 0, and stream_out().read(0) returned the string ""
	Expectation: not at EOF
	Action:      substring submitted with data "", index `5`, eof `0`
	Expectation: net bytes assembled = 8
	Expectation: stream_out().buffer_size() returned 0, and stream_out().read(0) returned the string ""
	Expectation: not at EOF
	Action:      substring submitted with data "abcdefgh", index `0`, eof `0`
	Expectation: net bytes assembled = 8
	Expectation: stream_out().buffer_size() returned 0, and stream_out().read(0) returned the string ""
	Expectation: not at EOF
	Action:      substring submitted with data "", index `2`, eof `0`
	Expectation: net bytes assembled = 8
	Expectation: stream_out().buffer_size() returned 0, and stream_out().read(0) returned the string ""
	Expectation: not at EOF
	Action:      substring submitted with data "bc", index `1`, eof `0`
	Expectation: net bytes assembled = 8
	Expectation: stream_out().buffer_size() returned 0, and stream_out().read(0) returned the string ""
	Expectation: not at EOF
	Action:      substring submitted with data "d", index `3`, eof `0`
	Expectation: net bytes assembled = 8
	Expectation: stream_out().buffer_size() returned 0, and stream_out().read(0) returned the string ""
	Expectation: not at EOF
	Action:      substring submitted with data "fgh", index `5`, eof `0`
	Expectation: net bytes assembled = 8
	Expectation: stream_out().buffer_size() returned 0, and stream_out().read(0) returned the string ""
	Expectation: not at EOF
	Action:      substring submitted with data "d", index `3`, eof `0`
	Expectation: net bytes assembled = 8
	Expectation: stream_out().buffer_size() returned 0, and stream_out().read(0) returned the string ""
	Expectation: not at EOF
	Action:      substring submitted with data "fgh", index `5`, eof `0`
	Expectation: net bytes assembled = 8
	Expectation: stream_out().buffer_size() returned 0, and stream_out().read(0) returned the string ""
	Expectation: not at EOF
	Action:      substring submitted with data "def", index `3`, eof `0`
	Expectation: net bytes assembled = 8
	Expectation: stream_out().buffer_size() returned 0, and stream_out().read(0) returned the string ""
	Expectation: not at EOF
	Action:      substring submitted with data "e", index `4`, eof `0`
	Expectation: net bytes assembled = 8
	Expectation: stream_out().buffer_size() returned 0, and stream_out().read(0) returned the string ""
	Expectation: not at EOF
	Action:      substring submitted with data "", index `8`, eof `0`
	Expectation: net bytes assembled = 8
	Expectation: stream_out().buffer_size() returned 0, and stream_out().read(0) returned the string ""
	Expectation: not at EOF
	Action:      substring submitted with data "a", index `0`, eof `0`
	Expectation: net bytes assembled = 8
	Expectation: stream_out().buffer_size() returned 0, and stream_out().read(0) returned the string ""
	Expectation: not at EOF
	Action:      substring submitted with data "a", index `0`, eof `0`
	Expectation: net bytes assembled = 8
	Expectation: stream_out().buffer_size() returned 0, and stream_out().read(0) returned the string ""
	Expectation: not at EOF
	Action:      substring submitted with data "bcdef", index `1`, eof `0`
	Expectation: net bytes assembled = 8
	Expectation: stream_out().buffer_size() returned 0, and stream_out().read(0) returned the string ""
	Expectation: not at EOF
	Action:      substring submitted with data "g", index `6`, eof `0`
	Expectation: net bytes assembled = 8
	Expectation: stream_out().buffer_size() returned 0, and stream_out().read(0) returned the string ""
	Expectation: not at EOF
	Action:      substring submitted with data "efgh", index `4`, eof `0`
	Expectation: net bytes assembled = 8
	Expectation: stream_out().buffer_size() returned 0, and stream_out().read(0) returned the string ""
	Expectation: not at EOF
	Action:      substring submitted with data "", index `8`, eof `0`
	Expectation: net bytes assembled = 8
	Expectation: stream_out().buffer_size() returned 0, and stream_out().read(0) returned the string ""
	Expectation: not at EOF
	Action:      substring submitted with data "b", index `1`, eof `0`
	Expectation: net bytes assembled = 8
	Expectation: stream_out().buffer_size() returned 0, and stream_out().read(0) returned the string ""
	Expectation: not at EOF
	Action:      substring submitted with data "defg", index `3`, eof `0`
	Expectation: net bytes assembled = 8
	Expectation: stream_out().buffer_size() returned 0, and stream_out().read(0) returned the string ""
	Expectation: not at EOF
	Action:      substring submitted with data "bcd", index `1`, eof `0`
	Expectation: net bytes assembled = 8
	Expectation: stream_out().buffer_size() returned 0, and stream_out().read(0) returned the string ""
	Expectation: not at EOF
	Action:      substring submitted with data "cdefg", index `2`, eof `0`
	Expectation: net bytes assembled = 8
	Expectation: stream_out().buffer_size() returned 0, and stream_out().read(0) returned the string ""
	Expectation: not at EOF
	Action:      substring submitted with data "d", index `3`, eof `0`
	Expectation: net bytes assembled = 8
	Expectation: stream_out().buffer_size() returned 0, and stream_out().read(0) returned the string ""
	Expectation: not at EOF
	Action:      substring submitted with data "efgh", index `4`, eof `0`
	Expectation: net bytes assembled = 8
	Expectation: stream_out().buffer_size() returned 0, and stream_out().read(0) returned the string ""
	Expectation: not at EOF
	Action:      substring submitted with data "defgh", index `3`, eof `0`
	Expectation: net bytes assembled = 8
	Expectation: stream_out().buffer_size() returned 0, and stream_out().read(0) returned the string ""
	Expectation: not at EOF
	Action:      substring submitted with data "e", index `4`, eof `0`
	Expectation: net bytes assembled = 8
	Expectation: stream_out().buffer_size() returned 0, and stream_out().read(0) returned the string ""
	Expectation: not at EOF
	Action:      substring submitted with data "de", index `3`, eof `0`
	Expectation: net bytes assembled = 8
	Expectation: stream_out().buffer_size() returned 0, and stream_out().read(0) returned the string ""
	Expectation: not at EOF
	Action:      substring submitted with data "fgh", index `5`, eof `0`
	Expectation: net bytes assembled = 8
	Expectation: stream_out().buffer_size() returned 0, and stream_out().read(0) returned the string ""
	Expectation: not at EOF
	Action:      substring submitted with data "abcde", index `0`, eof `0`
	Expectation: net bytes assembled = 8
	Expectation: stream_out().buffer_size() returned 0, and stream_out().read(0) returned the string ""
	Expectation: not at EOF
	Action:      substring submitted with data "h", index `7`, eof `0`
	Expectation: net bytes assembled = 8
	Expectation: stream_out().buffer_size() returned 0, and stream_out().read(0) returned the string ""
	Expectation: not at EOF
	Action:      substring submitted with data "bcdefg", index `1`, eof `0`
	Expectation: net bytes assembled = 8
	Expectation: stream_out().buffer_size() returned 0, and stream_out().read(0) returned the string ""
	Expectation: not at EOF
	Action:      substring submitted with data "", index `7`, eof `0`
	Expectation: net bytes assembled = 8
	Expectation: stream_out().buffer_size() returned 0, and stream_out().read(0) returned the string ""
	Expectation: not at EOF
	Action:      substring submitted with data "", index `8`, eof `0`
	Expectation: net bytes assembled = 8
	Expectation: stream_out().buffer_size() returned 0, and stream_out().read(0) returned the string ""
	Expectation: not at EOF
	Action:      substring submitted with data "a", index `0`, eof `0`
	Expectation: net bytes assembled = 8
	Expectation: stream_out().buffer_size() returned 0, and stream_out().read(0) returned the string ""
	Expectation: not at EOF
	Action:      substring submitted with data "h", index `7`, eof `0`
	Expectation: net bytes assembled = 8
	Expectation: stream_out().buffer_size() returned 0, and stream_out().read(0) returned the string ""
	Expectation: not at EOF
	Action:      substring submitted with data "c", index `2`, eof `0`
	Expectation: net bytes assembled = 8
	Expectation: stream_out().buffer_size() returned 0, and stream_out().read(0) returned the string ""
	Expectation: not at EOF
	Action:      substring submitted with data "", index `6`, eof `0`
	Expectation: net bytes assembled = 8
	Expectation: stream_out().buffer_size() returned 0, and stream_out().read(0) returned the string ""
	Expectation: not at EOF
	Action:      substring submitted with data "g", index `6`, eof `0`
	Expectation: net bytes assembled = 8
	Expectation: stream_out().buffer_size() returned 0, and stream_out().read(0) returned the string ""
	Expectation: not at EOF
	Action:      substring submitted with data "cdefg", index `2`, eof `0`
	Expectation: net bytes assembled = 8
	Expectation: stream_out().buffer_size() returned 0, and stream_out().read(0) returned the string ""
	Expectation: not at EOF
	Action:      substring submitted with data "c", index `2`, eof `0`
	Expectation: net bytes assembled = 8
	Expectation: stream_out().buffer_size() returned 0, and stream_out().read(0) returned the string ""
	Expectation: not at EOF
	Action:      substring submitted with data "", index `6`, eof `0`
	Expectation: net bytes assembled = 8
	Expectation: stream_out().buffer_size() returned 0, and stream_out().read(0) returned the string ""
	Expectation: not at EOF

Exception: The test caused your implementation to throw an exception!

      Start 18: t_strm_reassem_holes
 4/16 Test #18: t_strm_reassem_holes .............***Failed    0.01 sec
Test Failure on expectation:
	Expectation: at EOF

Failure message:
	The reassembler was expected to be at EOF, but was not

List of steps that executed successfully:
	Initialized (capacity = 65000)
	Action:      substring submitted with data "b", index `1`, eof `0`
	Expectation: net bytes assembled = 0
	Expectation: stream_out().buffer_size() returned 0, and stream_out().read(0) returned the string ""
	Expectation: not at EOF
	Action:      substring submitted with data "d", index `3`, eof `0`
	Expectation: net bytes assembled = 0
	Expectation: stream_out().buffer_size() returned 0, and stream_out().read(0) returned the string ""
	Expectation: not at EOF
	Action:      substring submitted with data "a", index `0`, eof `0`
	Expectation: net bytes assembled = 2
	Expectation: stream_out().buffer_size() returned 2, and stream_out().read(2) returned the string "ab"
	Expectation: not at EOF
	Action:      substring submitted with data "c", index `2`, eof `0`
	Expectation: net bytes assembled = 4
	Expectation: stream_out().buffer_size() returned 2, and stream_out().read(2) returned the string "cd"
	Expectation: not at EOF
	Action:      substring submitted with data "", index `4`, eof `1`
	Expectation: net bytes assembled = 4
	Expectation: stream_out().buffer_size() returned 0, and stream_out().read(0) returned the string ""

Exception: The reassembler was expected to be at EOF, but was not

      Start 19: t_strm_reassem_many
 5/16 Test #19: t_strm_reassem_many ..............***Failed    0.01 sec
Exception: basic_string::substr: __pos (which is 18446744073709464485) > this->size() (which is 287)

      Start 20: t_strm_reassem_overlapping
 6/16 Test #20: t_strm_reassem_overlapping .......   Passed    0.00 sec
      Start 21: t_strm_reassem_win
 7/16 Test #21: t_strm_reassem_win ...............***Failed    0.01 sec
Exception: basic_string::substr: __pos (which is 18446744073709483836) > this->size() (which is 1672)

      Start 22: t_strm_reassem_cap
 8/16 Test #22: t_strm_reassem_cap ...............   Passed    0.10 sec
      Start 23: t_byte_stream_construction
 9/16 Test #23: t_byte_stream_construction .......   Passed    0.00 sec
      Start 24: t_byte_stream_one_write
10/16 Test #24: t_byte_stream_one_write ..........   Passed    0.00 sec
      Start 25: t_byte_stream_two_writes
11/16 Test #25: t_byte_stream_two_writes .........   Passed    0.00 sec
      Start 26: t_byte_stream_capacity
12/16 Test #26: t_byte_stream_capacity ...........   Passed    0.52 sec
      Start 27: t_byte_stream_many_writes
13/16 Test #27: t_byte_stream_many_writes ........   Passed    0.01 sec
      Start 50: t_address_dt
14/16 Test #50: t_address_dt .....................   Passed    0.01 sec
      Start 51: t_parser_dt
15/16 Test #51: t_parser_dt ......................   Passed    0.00 sec
      Start 52: t_socket_dt
16/16 Test #52: t_socket_dt ......................   Passed    0.01 sec

69% tests passed, 5 tests failed out of 16

Total Test time (real) =   0.71 sec

The following tests FAILED:
	 15 - t_strm_reassem_single (Failed)
	 17 - t_strm_reassem_dup (Failed)
	 18 - t_strm_reassem_holes (Failed)
	 19 - t_strm_reassem_many (Failed)
	 21 - t_strm_reassem_win (Failed)
Errors while running CTest
make[3]: *** [CMakeFiles/check_lab1.dir/build.make:77: CMakeFiles/check_lab1] Error 8
make[2]: *** [CMakeFiles/Makefile2:2601: CMakeFiles/check_lab1.dir/all] Error 2
make[1]: *** [CMakeFiles/Makefile2:2608: CMakeFiles/check_lab1.dir/rule] Error 2
make: *** [Makefile:1227: check_lab1] Error 2
