[100%] Testing the stream reassembler...
Test project /root/cs144/sponge/build
      Start 15: t_strm_reassem_single
 1/16 Test #15: t_strm_reassem_single ............***Failed    0.00 sec
Test Failure on expectation:
	Action:      substring submitted with data "a", index `0`, eof `0`

Failure message:
	basic_string::substr: __pos (which is 2) > this->size() (which is 1)

List of steps that executed successfully:
	Initialized (capacity = 65000)

Exception: The test caused your implementation to throw an exception!

      Start 16: t_strm_reassem_seq
 2/16 Test #16: t_strm_reassem_seq ...............***Failed    0.00 sec
Test Failure on expectation:
	Action:      substring submitted with data "abcd", index `0`, eof `0`

Failure message:
	basic_string::substr: __pos (which is 8) > this->size() (which is 4)

List of steps that executed successfully:
	Initialized (capacity = 65000)

Exception: The test caused your implementation to throw an exception!

      Start 17: t_strm_reassem_dup
 3/16 Test #17: t_strm_reassem_dup ...............***Failed    0.01 sec
Test Failure on expectation:
	Action:      substring submitted with data "abcd", index `0`, eof `0`

Failure message:
	basic_string::substr: __pos (which is 8) > this->size() (which is 4)

List of steps that executed successfully:
	Initialized (capacity = 65000)

Exception: The test caused your implementation to throw an exception!

      Start 18: t_strm_reassem_holes
 4/16 Test #18: t_strm_reassem_holes .............***Failed    0.01 sec
Test Failure on expectation:
	Action:      substring submitted with data "a", index `0`, eof `0`

Failure message:
	basic_string::substr: __pos (which is 2) > this->size() (which is 1)

List of steps that executed successfully:
	Initialized (capacity = 65000)
	Action:      substring submitted with data "b", index `1`, eof `0`

Exception: The test caused your implementation to throw an exception!

      Start 19: t_strm_reassem_many
 5/16 Test #19: t_strm_reassem_many ..............***Failed    0.01 sec
Exception: basic_string::substr: __pos (which is 18446744073709500675) > this->size() (which is 333)

      Start 20: t_strm_reassem_overlapping
 6/16 Test #20: t_strm_reassem_overlapping .......***Failed    0.00 sec
Test Failure on expectation:
	Action:      substring submitted with data "a", index `0`, eof `0`

Failure message:
	basic_string::substr: __pos (which is 2) > this->size() (which is 1)

List of steps that executed successfully:
	Initialized (capacity = 1000)

Exception: The test caused your implementation to throw an exception!

      Start 21: t_strm_reassem_win
 7/16 Test #21: t_strm_reassem_win ...............***Failed    0.01 sec
Exception: basic_string::substr: __pos (which is 18446744073709492113) > this->size() (which is 1132)

      Start 22: t_strm_reassem_cap
 8/16 Test #22: t_strm_reassem_cap ...............***Failed    0.00 sec
Test Failure on expectation:
	Action:      substring submitted with data "ab", index `0`, eof `0`

Failure message:
	basic_string::substr: __pos (which is 4) > this->size() (which is 2)

List of steps that executed successfully:
	Initialized (capacity = 2)

Exception: The test caused your implementation to throw an exception!

      Start 23: t_byte_stream_construction
 9/16 Test #23: t_byte_stream_construction .......   Passed    0.00 sec
      Start 24: t_byte_stream_one_write
10/16 Test #24: t_byte_stream_one_write ..........   Passed    0.00 sec
      Start 25: t_byte_stream_two_writes
11/16 Test #25: t_byte_stream_two_writes .........   Passed    0.00 sec
      Start 26: t_byte_stream_capacity
12/16 Test #26: t_byte_stream_capacity ...........   Passed    0.53 sec
      Start 27: t_byte_stream_many_writes
13/16 Test #27: t_byte_stream_many_writes ........   Passed    0.01 sec
      Start 50: t_address_dt
14/16 Test #50: t_address_dt .....................   Passed    0.09 sec
      Start 51: t_parser_dt
15/16 Test #51: t_parser_dt ......................   Passed    0.01 sec
      Start 52: t_socket_dt
16/16 Test #52: t_socket_dt ......................   Passed    0.01 sec

50% tests passed, 8 tests failed out of 16

Total Test time (real) =   0.72 sec

The following tests FAILED:
	 15 - t_strm_reassem_single (Failed)
	 16 - t_strm_reassem_seq (Failed)
	 17 - t_strm_reassem_dup (Failed)
	 18 - t_strm_reassem_holes (Failed)
	 19 - t_strm_reassem_many (Failed)
	 20 - t_strm_reassem_overlapping (Failed)
	 21 - t_strm_reassem_win (Failed)
	 22 - t_strm_reassem_cap (Failed)
Errors while running CTest
make[3]: *** [CMakeFiles/check_lab1.dir/build.make:77: CMakeFiles/check_lab1] Error 8
make[2]: *** [CMakeFiles/Makefile2:2601: CMakeFiles/check_lab1.dir/all] Error 2
make[1]: *** [CMakeFiles/Makefile2:2608: CMakeFiles/check_lab1.dir/rule] Error 2
make: *** [Makefile:1227: check_lab1] Error 2
