[100%] Testing the stream reassembler...
Test project /root/cs144/sponge/build
      Start 15: t_strm_reassem_single
 1/16 Test #15: t_strm_reassem_single ............***Failed    0.01 sec
001bcdefghTest Failure on expectation:
	Expectation: net bytes assembled = 8

Failure message:
	The reassembler was expected to have `8` total bytes assembled, but there were `3`

List of steps that executed successfully:
	Initialized (capacity = 8)
	Action:      substring submitted with data "abc", index `0`, eof `0`
	Expectation: net bytes assembled = 3
	Action:      substring submitted with data "bcdefgh", index `1`, eof `1`

Exception: The reassembler was expected to have `8` total bytes assembled, but there were `3`

      Start 16: t_strm_reassem_seq
 2/16 Test #16: t_strm_reassem_seq ...............   Passed    0.00 sec
      Start 17: t_strm_reassem_dup
 3/16 Test #17: t_strm_reassem_dup ...............***Failed    0.00 sec
001abcd001abcd1abcd001cdefgh1gTest Failure on expectation:
	Action:      substring submitted with data "g", index `6`, eof `0`

Failure message:
	basic_string::substr: __pos (which is 2) > this->size() (which is 1)

List of steps that executed successfully:
	Initialized (capacity = 65000)
	Action:      substring submitted with data "abcdefgh", index `0`, eof `0`
	Expectation: net bytes assembled = 8
	Expectation: stream_out().buffer_size() returned 8, and stream_out().read(8) returned the string "abcdefgh"
	Expectation: not at EOF
	Action:      substring submitted with data "cdefgh", index `2`, eof `0`
	Expectation: net bytes assembled = 8
	Expectation: stream_out().buffer_size() returned 0, and stream_out().read(0) returned the string ""
	Expectation: not at EOF

Exception: The test caused your implementation to throw an exception!

      Start 18: t_strm_reassem_holes
 4/16 Test #18: t_strm_reassem_holes .............***Exception: SegFault  0.08 sec

      Start 19: t_strm_reassem_many
 5/16 Test #19: t_strm_reassem_many ..............***Failed    0.01 sec
001DÉıX$¶¹À-‚Kê¦$1NØ%œ+EÎh‰E’;¾-ˆöù“Í˜…}^Qí[Pi?>É)İêÕ¬8VlÛß`G“pO^ó?¦ìé«:à€$úw=<”@ç»?—Ë­Õñ">GCŠ^¹É3*^ôèÎ¨pñlöB¼£q1	}æóGa#çíd½±äóé‰ˆaéí°€ê…ÅÅüŒÒ±mîj²~+t°q¨àN™agÁ…ëzÖb5¶~•›h;I*<{*è$áƒåIk;lË‹{TBÁ÷€üİÆŸ°R¶àJóŞyÌv%² ÆM}êw›}dé4Œld‹=±säŸF|÷Ë­¢ÛŒÃ2ßi8¦[~TÙW 81òŠ¶%fwgıã„ÜÇ¨€JÄröY¤ºÌœ¬6Òš)Tñ.mÏÈì'/,$:zøô7¦Exception: basic_string::substr: __pos (which is 18446744073709508334) > this->size() (which is 329)

      Start 20: t_strm_reassem_overlapping
 6/16 Test #20: t_strm_reassem_overlapping .......***Failed    0.01 sec
001abTest Failure on expectation:
	Expectation: net bytes assembled = 2

Failure message:
	The reassembler was expected to have `2` total bytes assembled, but there were `1`

List of steps that executed successfully:
	Initialized (capacity = 1000)
	Action:      substring submitted with data "a", index `0`, eof `0`
	Action:      substring submitted with data "ab", index `0`, eof `0`

Exception: The reassembler was expected to have `2` total bytes assembled, but there were `1`

      Start 21: t_strm_reassem_win
 7/16 Test #21: t_strm_reassem_win ...............***Failed    0.01 sec
001˜^*¤…s>FìÑ]jÏt¯ÑƒÍ¤$èà½ö––ÈíD<îhñ=ëüH4=ÀßhŒ8Sáò>Zs±A•6à]n&³k#Ÿóı±Åëçƒ™ÀE­®»W!¹xP£`Ç¯¶óq)ñíè—ò¥[
[É>TßÆ_vaª,«	‰Hğß¡ùD4"faMÂÑ?İ­B?
Ş©‰Œ»ÔòD’Ås¡Û-8r†Ã äìÆ×7·ÃŞe’Œó$ıX÷Mğ9Pò\ÚHò-İ®ş	p¢d!Åp·•¹W÷Ck¢^Y¨ç#±OcåúÁÃ	Æ¾kÜ»Ğw§é6h¤Ä€—ÌNßy¯æ¡şñAë¡¼hÔ-$ôØ–úˆX¥ùb²RÄ6ÂD­Û1°ìøMBFeÇ^òÃIGoÆYx
—ñS'Îº3ï3İºZ#!á7˜Ô*òGÂ6n£¡í™ÊÉ¡ı©°)]	5,7uµ/—}|›Œƒ;î2Û‘œBEpxCÿ°Ô2%Â]×”$ºú@Öíù¥MìZß»#„4«ĞDÂ«ñÃç|:2 ŒÄe1“kdí'{2[wœDu—àªêÆO³¦>H´×Yùƒú~-­‡ËìFá¸
y¾ëeG1ÊtylB<áw*VIçWyõĞ.¢tT'‡MA ²Isı!ŞGûº:]À-?eÎÅÉãÔœ$q5Åø([öŠÉ¥/ùp\¾/DÔX“.]Hß²?´q«9NZÚu…OÅşuŞíñxğŞpd"¡]«£4?İpÍ:®ÈTÜ>8ÚóceÓ
RG/I¾’RÈ÷Å¤òbåêñ³æ˜²™şcw)£‚|Ä¢ÏVaÁ=ó¶«f:ëF(Égœö½Í¾³êÍe¶EÀNuŞdün.»5•ûBj¬Xí›%ƒ62ÓÌ-®fìP]¨4PÃc¾ç *]v 9£gî7W¥X¨bƒmÓ/ÖúÆ$*fV'Í¸©İ¶o8àƒŸÉ
«§O6';ï’ª.ÁÁkÓä<WI#–ªŞ ÕIj ˜ó
Ö&,|¢ÈàÖÑ]qCã‰h†ƒÚÀÍ¾6¬<í ”“fá_…e£mü†ñJYk$ÅŞ¶_gÄùë É²yÄI±èNÙóA*õ¶V‡ĞuQ2½·‹9áVOĞ„ßÔ45ºA¦–-£ÂoúôdöËÇ²ÚÃ¨øå$&ğ$
¦A¥+N‡Óëc^µôé-t}|øvÿÿY`”dãK]?Í¢ÂíœU•ytİúâ'‹:fIïµUVfØt2ş0¾	cÇÇo¿‡ÿ]Ò´(NOLşæ÷ØÅø&êì$ŞW¸	q·ĞÈw­º©z.»0ËÓNİ ¥¶H<–—şÀsŒh)1[Ò
²YmBHœÙYRˆ™g‘¯¬Ï¾`a€K½Fx³G<IzK &e—‹µQ–^ò:Zàà¸§^-y|Ğ`¬1°œ‹õê¢-X¢æDC<,¬ì?“ÌÒöƒ?ÌÆ’fíŞátó¢
šºİW8Î·Ú{ÇÒ~
>â!ĞÎ”
(?Ş¡w9úïÖÿôÜeP‚DxÈ²>1fÍkaæâÓ^ØäÈÜtdGj|4·â¿ùúöA…VÕöÙŞÿRŒU£ü¸uÛ»Ë›¦*W•a4¸‘„'ßó!†«·kˆ"Uär´XõêÍ{¶.Éd^¤•ö5+‡ê¥Ñ•ïóµ-Õ'
—ø”Õ§­"Ğ`
îºâ”‘œ«ÿ^¡)bÔ¨Ö %m°ÔJ_ÍŠjÛm8Ë¼këV<Èî]zÖû§ÏºTêŒİŒŒ|Êß>Âµ¸©Ó9_éÄkarrLwß,1Íg–QÂå¬øQ“µLİ´×Ÿ¡>‚=›ek¯ßˆ?ÒkxğjÂÀ8*á5g™úá‡¶ØÁdr¡ÌŒ€	Uø<=ØZZ¨?G˜ù™B–hk/WÇà·z¿fõûBó¬Ì©
£EQqÓn~ë#ŠãnÿJNm¬)´k4 ¦Zw.]0nß9¸¼æ§ŸÛ’’`ĞêpâWp¦ãá{‰tGû¥ğÆ`&ëñv5UZ7òÃ ê*g¾:¯‡š\œr'³;ù·W”u°#¯J³
Ã5îŸ8”='œÖ o/o÷Cc
^Êó2¿Ôüì’¬41Ø+‰ön?„¿;œ¤KQ€zw?«Á›LNqc»M
m^èÃàTŒu]m¯JWâ>ìeáöJÖ-ò)sv2”çp¬»M@Ÿ!åDÁ':qé ÔtÜóş™f*T]J'3¦Ÿ)š~ÙÎM5?•Ê
9„(†+ıcm…f—Fâœüb¥Ç¼ßüj)³(ğ‰Œói–a<½R£×ÛæfG#D¿Hİ³§ù­ïê5õ.cÛL™øÆ‡'ëIÛİÉ»§aH4A•^÷ğs5y(ß9zOIÔG­g7P»V
¥UÛÿçƒ9ÜÏÚk³´ãŞÁJ¢“½ñ(0ºrÜä/lmœ»¿ƒõ.Öğ—>ø„ü|[qqSL	ô÷á¿‘òıY±
weŸ„À/'+¹Õ9§N’„ªË¥È"2#†ºó?Ó°ĞÄ¸Ÿÿ¦Ø¶*FÁkOåãÅ\4úñ—GŸ/ÆŸä@>¦eµ/È@¨îU©á–sİ¶k¿z–…+J¾Ñ=b8ÀR‰¢°hRFÀ}q¸šQ=ƒJÎz~Dq1ùæıŠqKà=‚÷ä±ém}õÇa²}qƒRôp[&³FÉâ«€Ã€M‘†wöËîÆd‰;
eb>+ 	Î°ú^jŠ«ã›r¬|b;¯í*ØÜ^`˜xãò.JÙ‘}ÂT>Î%†ÌœöW)p6<èwVt(ÎƒÇ¬rZbbà8hÔ.ÌEWMÀÅw$ÓÇVÑJıñ¹ó-#nP±vÆ)ET%å´ë6A)†~L(­ÃÊxcÁºÓyæ¢¶¥ZÃ…ô®Ç¤Ú7
ŠP÷	·Ğ´ â$yÃÀß
¹;ûF{2ˆ½Ôav£Ÿı´ˆ+óQU…}SõÇ±ˆ]çµU–ì^¹Á¤:» |Ü	ƒ‡)Š\™3Œ×¾_kƒ‡7L[Î|3ó™íÔz„™‹×ÆfË†ú…
ã"»YÍ,ú±Úâå¶Ò@x
hÕ½1ÓöæŒ_ÔñÚ‡”¾A_p£0QÕE€¥äg—‚ªª‡šı(•Â¿‚±Ç×|¨q€|5\Šß¹Ç#J
i1Ü]VğŞÃJÈTpÊ.×om¹oÿÕãuìB:±$Is¡ÀÈ‘cf<ı
»`ğ˜ /ÀìîgJ‰El¹B!àÊTúØ„ÌfÍCA1Ë¿)ï£i¦ó(P€²¯ÀãùPÙ–g±qö+Í6ApèŒfLz0%H>ÿ>ô:Æ´M™	xZŒ›‘@”)[ŠBÖ6tğ:#&÷Â2V`õ/e
›%,ı(a¯ö²áş~T•_3ue¢>möèÌØÌZ¶®âMm…ˆ»Ğíş14‰DZ#Ø.=ßfs}hsQdEUKFâRşÉ¬m?:;¶Xì‰mxZ$Ã£Y´qˆÃ´Î9ŞcU†´nıÓ“©,Ö% œ>õĞF*²´Q€?d2õ*Æ®ÜÕÃ0i2‘I•Ë+e1‡\¿aMd§Eï«i®<D‹úÓ1ÀîAäJÓÍ(ÈEcn„©&³¸Ò7ùØÃ;R©(ÊÇ	±…Öó³bP¯@€õwÈÿ‚ÊÒ(HùåÉ-¸!=ÄÂ¸ÃDh>lqÁXƒ<Ì´İÏ6fo¢›Îvİœ¢”."ÉÓaÙ©ƒÅÇ£Ş¾&¨)!JÃß?HĞÄ^ó†UŞ¹À:‹<Oñ†«ö®1”
KO>Î^¢{0	JÑƒùµ]PBUûE}^Ò-~.i<Œ<˜Û’
ágÖüDïˆéğÌËÂ§®~%œfÂµE–i–$ G%yª³}Í2‚Ã 2g²E©^–úpÅ›AŠ—Ïm/{,øŞ¼àå6ñ®¦'œê;ü”$İ>pm«öAZb˜5U¿s"Hú
!k	]nS7ukwÁÚØÍ!éƒI5•D§¤Í«™ß
ŠDm©_pFeœÀñ;®¿’kĞÉÎšZ™ÜÎ"0,B÷f¨	Áƒ¤³5¨¾÷«?¤‡–F“á†œ°
¿\¥¯({ô€CÌpVSšÓÔ‘sù„°ÉT·n|´A(&KJ>9tƒMbDæ@ËU6ë²Á àNNş"Fö®Îæº&ÒãssÇ\×j”è(|À®N¾ü3¸‚X£9|	„‚£ŸWß
4öÀzDÍåè{—³Õuè\ªL™Á¼Œ6enz„—y¤dK}î…œ%CÙDÚO¾ïHƒD2üéÊ„-ğ²ùúû){òÁÀüÁ c¨
¨dé&×äë8%,Æ‹SKg»Ğ"XljèI¯×Exception: basic_string::substr: __pos (which is 39498) > this->size() (which is 1946)

      Start 22: t_strm_reassem_cap
 8/16 Test #22: t_strm_reassem_cap ...............***Failed    0.01 sec
001abcTest Failure on expectation:
	Expectation: net bytes assembled = 2

Failure message:
	The reassembler was expected to have `2` total bytes assembled, but there were `1`

List of steps that executed successfully:
	Initialized (capacity = 1)
	Action:      substring submitted with data "ab", index `0`, eof `0`
	Expectation: net bytes assembled = 1
	Action:      substring submitted with data "ab", index `0`, eof `0`
	Expectation: net bytes assembled = 1
	Expectation: stream_out().buffer_size() returned 1, and stream_out().read(1) returned the string "a"
	Expectation: net bytes assembled = 1
	Action:      substring submitted with data "abc", index `0`, eof `0`

Exception: The reassembler was expected to have `2` total bytes assembled, but there were `1`

      Start 23: t_byte_stream_construction
 9/16 Test #23: t_byte_stream_construction .......   Passed    0.01 sec
      Start 24: t_byte_stream_one_write
10/16 Test #24: t_byte_stream_one_write ..........   Passed    0.01 sec
      Start 25: t_byte_stream_two_writes
11/16 Test #25: t_byte_stream_two_writes .........   Passed    0.00 sec
      Start 26: t_byte_stream_capacity
12/16 Test #26: t_byte_stream_capacity ...........   Passed    0.59 sec
      Start 27: t_byte_stream_many_writes
13/16 Test #27: t_byte_stream_many_writes ........   Passed    0.01 sec
      Start 50: t_address_dt
14/16 Test #50: t_address_dt .....................   Passed    0.02 sec
      Start 51: t_parser_dt
15/16 Test #51: t_parser_dt ......................   Passed    0.00 sec
      Start 52: t_socket_dt
16/16 Test #52: t_socket_dt ......................   Passed    0.01 sec

56% tests passed, 7 tests failed out of 16

Total Test time (real) =   0.78 sec

The following tests FAILED:
	 15 - t_strm_reassem_single (Failed)
	 17 - t_strm_reassem_dup (Failed)
	 18 - t_strm_reassem_holes (SEGFAULT)
	 19 - t_strm_reassem_many (Failed)
	 20 - t_strm_reassem_overlapping (Failed)
	 21 - t_strm_reassem_win (Failed)
	 22 - t_strm_reassem_cap (Failed)
Errors while running CTest
make[3]: *** [CMakeFiles/check_lab1.dir/build.make:77: CMakeFiles/check_lab1] Error 8
make[2]: *** [CMakeFiles/Makefile2:2543: CMakeFiles/check_lab1.dir/all] Error 2
make[1]: *** [CMakeFiles/Makefile2:2550: CMakeFiles/check_lab1.dir/rule] Error 2
make: *** [Makefile:1201: check_lab1] Error 2
